=== Run Tests ===
FFFFFF.....FFFFF...                                                      [100%]
=================================== FAILURES ===================================
_ TestLoggingOps.test_print_v2_basic_functionality[test_input0-[1 2 3 ... 4 5]] _

self = <test_tensorflow_python_ops_logging_ops.TestLoggingOps object at 0x1450f0640>
mock_stdout = <_io.StringIO object at 0x1450bfc70>
test_input = <tf.Tensor: shape=(5,), dtype=int32, numpy=array([1, 2, 3, 4, 5], dtype=int32)>
expected_output = '[1 2 3 ... 4 5]'

    @pytest.mark.parametrize("test_input,expected_output", [
        # Basic tensor printing
        (tf.constant([1, 2, 3, 4, 5]), "[1 2 3 ... 4 5]"),
        # Multiple inputs with separator
        (["test", tf.constant([1.0, 2.0])], "test [1. 2.]"),
        # Python objects
        ({"key": "value", "tensor": tf.constant(42)}, "{'key': 'value', 'tensor': 42}"),
    ])
    def test_print_v2_basic_functionality(self, mock_stdout, test_input, expected_output):
        """TC-01: print_v2基础打印功能验证"""
        # Arrange
        if isinstance(test_input, list):
            # Unpack list for multiple inputs
            logging_ops.print_v2(*test_input, output_stream="stdout", summarize=3)
        else:
>           logging_ops.print_v2(test_input, output_stream="stdout", summarize=3)

tests/test_tensorflow_python_ops_logging_ops.py:109: 
_ _ _ _ _ _ _ _ _ _ _ _ _ _ _ _ _ _ _ _ _ _ _ _ _ _ _ _ _ _ _ _ _ _ _ _ _ _ _ _ 
/opt/anaconda3/envs/testagent-experiment/lib/python3.10/site-packages/tensorflow/python/util/traceback_utils.py:153: in error_handler
    raise e.with_traceback(filtered_tb) from None
_ _ _ _ _ _ _ _ _ _ _ _ _ _ _ _ _ _ _ _ _ _ _ _ _ _ _ _ _ _ _ _ _ _ _ _ _ _ _ _ 

inputs = (<tf.Tensor: shape=(5,), dtype=int32, numpy=array([1, 2, 3, 4, 5], dtype=int32)>,)
kwargs = {}, output_stream = 'stdout', name = None, summarize = 3, sep = ' '
end = '\n', format_name = None
output_stream_to_constant = {<_io.TextIOWrapper name="<_io.FileIO name=6 mode='rb+' closefd=True>" mode='r+' encoding='utf-8'>: 'stdout', <_io.Tex...losefd=True>" mode='r+' encoding='utf-8'>: 'stderr', 20: 'log(info)', <function info at 0x11278d360>: 'log(info)', ...}
output_stream_string = None

    @tf_export("print")
    @dispatch.add_dispatch_support
    def print_v2(*inputs, **kwargs):
      """Print the specified inputs.
    
      A TensorFlow operator that prints the specified inputs to a desired
      output stream or logging level. The inputs may be dense or sparse Tensors,
      primitive python objects, data structures that contain tensors, and printable
      Python objects. Printed tensors will recursively show the first and last
      elements of each dimension to summarize.
    
      Example:
        Single-input usage:
    
        ```python
        tensor = tf.range(10)
        tf.print(tensor, output_stream=sys.stderr)
        ```
    
        (This prints "[0 1 2 ... 7 8 9]" to sys.stderr)
    
        Multi-input usage:
    
        ```python
        tensor = tf.range(10)
        tf.print("tensors:", tensor, {2: tensor * 2}, output_stream=sys.stdout)
        ```
    
        (This prints "tensors: [0 1 2 ... 7 8 9] {2: [0 2 4 ... 14 16 18]}" to
        sys.stdout)
    
        Changing the input separator:
        ```python
        tensor_a = tf.range(2)
        tensor_b = tensor_a * 2
        tf.print(tensor_a, tensor_b, output_stream=sys.stderr, sep=',')
        ```
    
        (This prints "[0 1],[0 2]" to sys.stderr)
    
        Usage in a `tf.function`:
    
        ```python
        @tf.function
        def f():
            tensor = tf.range(10)
            tf.print(tensor, output_stream=sys.stderr)
            return tensor
    
        range_tensor = f()
        ```
    
        (This prints "[0 1 2 ... 7 8 9]" to sys.stderr)
    
      *Compatibility usage in TF 1.x graphs*:
    
        In graphs manually created outside of `tf.function`, this method returns
        the created TF operator that prints the data. To make sure the
        operator runs, users need to pass the produced op to
        `tf.compat.v1.Session`'s run method, or to use the op as a control
        dependency for executed ops by specifying
        `with tf.compat.v1.control_dependencies([print_op])`.
    
        ```python
        tf.compat.v1.disable_v2_behavior()  # for TF1 compatibility only
    
        sess = tf.compat.v1.Session()
        with sess.as_default():
          tensor = tf.range(10)
          print_op = tf.print("tensors:", tensor, {2: tensor * 2},
                              output_stream=sys.stdout)
          with tf.control_dependencies([print_op]):
            tripled_tensor = tensor * 3
    
          sess.run(tripled_tensor)
        ```
    
        (This prints "tensors: [0 1 2 ... 7 8 9] {2: [0 2 4 ... 14 16 18]}" to
        sys.stdout)
    
      Note: In Jupyter notebooks and colabs, `tf.print` prints to the notebook
        cell outputs. It will not write to the notebook kernel's console logs.
    
      Args:
        *inputs: Positional arguments that are the inputs to print. Inputs in the
          printed output will be separated by spaces. Inputs may be python
          primitives, tensors, data structures such as dicts and lists that may
          contain tensors (with the data structures possibly nested in arbitrary
          ways), and printable python objects.
        output_stream: The output stream, logging level, or file to print to.
          Defaults to sys.stderr, but sys.stdout, tf.compat.v1.logging.info,
          tf.compat.v1.logging.warning, tf.compat.v1.logging.error,
          absl.logging.info, absl.logging.warning and absl.logging.error are also
          supported. To print to a file, pass a string started with "file://"
          followed by the file path, e.g., "file:///tmp/foo.out".
        summarize: The first and last `summarize` elements within each dimension are
          recursively printed per Tensor. If None, then the first 3 and last 3
          elements of each dimension are printed for each tensor. If set to -1, it
          will print all elements of every tensor.
        sep: The string to use to separate the inputs. Defaults to " ".
        end: End character that is appended at the end the printed string. Defaults
          to the newline character.
        name: A name for the operation (optional).
    
      Returns:
        None when executing eagerly. During graph tracing this returns
        a TF operator that prints the specified inputs in the specified output
        stream or logging level. This operator will be automatically executed
        except inside of `tf.compat.v1` graphs and sessions.
    
      Raises:
        ValueError: If an unsupported output stream is specified.
      """
      # Because we are using arbitrary-length positional arguments, python 2
      # does not support explicitly specifying the keyword arguments in the
      # function definition. So, we manually get the keyword arguments w/ default
      # values here.
      output_stream = kwargs.pop("output_stream", sys.stderr)
      name = kwargs.pop("name", None)
      summarize = kwargs.pop("summarize", 3)
      sep = kwargs.pop("sep", " ")
      end = kwargs.pop("end", os.linesep)
      if kwargs:
        raise ValueError("Unrecognized keyword arguments for tf.print: %s" % kwargs)
      format_name = None
      if name:
        format_name = name + "_format"
    
      # Match the C++ string constants representing the different output streams.
      # Keep this updated!
      output_stream_to_constant = {
          sys.stdout: "stdout",
          sys.stderr: "stderr",
          tf_logging.INFO: "log(info)",
          tf_logging.info: "log(info)",
          tf_logging.WARN: "log(warning)",
          tf_logging.warning: "log(warning)",
          tf_logging.warn: "log(warning)",
          tf_logging.ERROR: "log(error)",
          tf_logging.error: "log(error)",
          logging.INFO: "log(info)",
          logging.info: "log(info)",
          logging.INFO: "log(info)",
          logging.WARNING: "log(warning)",
          logging.WARN: "log(warning)",
          logging.warning: "log(warning)",
          logging.warn: "log(warning)",
          logging.ERROR: "log(error)",
          logging.error: "log(error)",
      }
    
      if _is_filepath(output_stream):
        output_stream_string = output_stream
      else:
        output_stream_string = output_stream_to_constant.get(output_stream)
        if not output_stream_string:
>         raise ValueError("Unsupported output stream, logging level, or file." +
                           str(output_stream) +
                           ". Supported streams are sys.stdout, "
                           "sys.stderr, tf.logging.info, "
                           "tf.logging.warning, tf.logging.error. " +
                           "File needs to be in the form of 'file://<filepath>'.")
E         ValueError: Unsupported output stream, logging level, or file.stdout. Supported streams are sys.stdout, sys.stderr, tf.logging.info, tf.logging.warning, tf.logging.error. File needs to be in the form of 'file://<filepath>'.

/opt/anaconda3/envs/testagent-experiment/lib/python3.10/site-packages/tensorflow/python/ops/logging_ops.py:300: ValueError
__ TestLoggingOps.test_print_v2_basic_functionality[test_input1-test [1. 2.]] __

self = <test_tensorflow_python_ops_logging_ops.TestLoggingOps object at 0x1450f0670>
mock_stdout = <_io.StringIO object at 0x1451d7250>
test_input = ['test', <tf.Tensor: shape=(2,), dtype=float32, numpy=array([1., 2.], dtype=float32)>]
expected_output = 'test [1. 2.]'

    @pytest.mark.parametrize("test_input,expected_output", [
        # Basic tensor printing
        (tf.constant([1, 2, 3, 4, 5]), "[1 2 3 ... 4 5]"),
        # Multiple inputs with separator
        (["test", tf.constant([1.0, 2.0])], "test [1. 2.]"),
        # Python objects
        ({"key": "value", "tensor": tf.constant(42)}, "{'key': 'value', 'tensor': 42}"),
    ])
    def test_print_v2_basic_functionality(self, mock_stdout, test_input, expected_output):
        """TC-01: print_v2基础打印功能验证"""
        # Arrange
        if isinstance(test_input, list):
            # Unpack list for multiple inputs
>           logging_ops.print_v2(*test_input, output_stream="stdout", summarize=3)

tests/test_tensorflow_python_ops_logging_ops.py:107: 
_ _ _ _ _ _ _ _ _ _ _ _ _ _ _ _ _ _ _ _ _ _ _ _ _ _ _ _ _ _ _ _ _ _ _ _ _ _ _ _ 
/opt/anaconda3/envs/testagent-experiment/lib/python3.10/site-packages/tensorflow/python/util/traceback_utils.py:153: in error_handler
    raise e.with_traceback(filtered_tb) from None
_ _ _ _ _ _ _ _ _ _ _ _ _ _ _ _ _ _ _ _ _ _ _ _ _ _ _ _ _ _ _ _ _ _ _ _ _ _ _ _ 

inputs = ('test', <tf.Tensor: shape=(2,), dtype=float32, numpy=array([1., 2.], dtype=float32)>)
kwargs = {}, output_stream = 'stdout', name = None, summarize = 3, sep = ' '
end = '\n', format_name = None
output_stream_to_constant = {<_io.TextIOWrapper name="<_io.FileIO name=6 mode='rb+' closefd=True>" mode='r+' encoding='utf-8'>: 'stdout', <_io.Tex...losefd=True>" mode='r+' encoding='utf-8'>: 'stderr', 20: 'log(info)', <function info at 0x11278d360>: 'log(info)', ...}
output_stream_string = None

    @tf_export("print")
    @dispatch.add_dispatch_support
    def print_v2(*inputs, **kwargs):
      """Print the specified inputs.
    
      A TensorFlow operator that prints the specified inputs to a desired
      output stream or logging level. The inputs may be dense or sparse Tensors,
      primitive python objects, data structures that contain tensors, and printable
      Python objects. Printed tensors will recursively show the first and last
      elements of each dimension to summarize.
    
      Example:
        Single-input usage:
    
        ```python
        tensor = tf.range(10)
        tf.print(tensor, output_stream=sys.stderr)
        ```
    
        (This prints "[0 1 2 ... 7 8 9]" to sys.stderr)
    
        Multi-input usage:
    
        ```python
        tensor = tf.range(10)
        tf.print("tensors:", tensor, {2: tensor * 2}, output_stream=sys.stdout)
        ```
    
        (This prints "tensors: [0 1 2 ... 7 8 9] {2: [0 2 4 ... 14 16 18]}" to
        sys.stdout)
    
        Changing the input separator:
        ```python
        tensor_a = tf.range(2)
        tensor_b = tensor_a * 2
        tf.print(tensor_a, tensor_b, output_stream=sys.stderr, sep=',')
        ```
    
        (This prints "[0 1],[0 2]" to sys.stderr)
    
        Usage in a `tf.function`:
    
        ```python
        @tf.function
        def f():
            tensor = tf.range(10)
            tf.print(tensor, output_stream=sys.stderr)
            return tensor
    
        range_tensor = f()
        ```
    
        (This prints "[0 1 2 ... 7 8 9]" to sys.stderr)
    
      *Compatibility usage in TF 1.x graphs*:
    
        In graphs manually created outside of `tf.function`, this method returns
        the created TF operator that prints the data. To make sure the
        operator runs, users need to pass the produced op to
        `tf.compat.v1.Session`'s run method, or to use the op as a control
        dependency for executed ops by specifying
        `with tf.compat.v1.control_dependencies([print_op])`.
    
        ```python
        tf.compat.v1.disable_v2_behavior()  # for TF1 compatibility only
    
        sess = tf.compat.v1.Session()
        with sess.as_default():
          tensor = tf.range(10)
          print_op = tf.print("tensors:", tensor, {2: tensor * 2},
                              output_stream=sys.stdout)
          with tf.control_dependencies([print_op]):
            tripled_tensor = tensor * 3
    
          sess.run(tripled_tensor)
        ```
    
        (This prints "tensors: [0 1 2 ... 7 8 9] {2: [0 2 4 ... 14 16 18]}" to
        sys.stdout)
    
      Note: In Jupyter notebooks and colabs, `tf.print` prints to the notebook
        cell outputs. It will not write to the notebook kernel's console logs.
    
      Args:
        *inputs: Positional arguments that are the inputs to print. Inputs in the
          printed output will be separated by spaces. Inputs may be python
          primitives, tensors, data structures such as dicts and lists that may
          contain tensors (with the data structures possibly nested in arbitrary
          ways), and printable python objects.
        output_stream: The output stream, logging level, or file to print to.
          Defaults to sys.stderr, but sys.stdout, tf.compat.v1.logging.info,
          tf.compat.v1.logging.warning, tf.compat.v1.logging.error,
          absl.logging.info, absl.logging.warning and absl.logging.error are also
          supported. To print to a file, pass a string started with "file://"
          followed by the file path, e.g., "file:///tmp/foo.out".
        summarize: The first and last `summarize` elements within each dimension are
          recursively printed per Tensor. If None, then the first 3 and last 3
          elements of each dimension are printed for each tensor. If set to -1, it
          will print all elements of every tensor.
        sep: The string to use to separate the inputs. Defaults to " ".
        end: End character that is appended at the end the printed string. Defaults
          to the newline character.
        name: A name for the operation (optional).
    
      Returns:
        None when executing eagerly. During graph tracing this returns
        a TF operator that prints the specified inputs in the specified output
        stream or logging level. This operator will be automatically executed
        except inside of `tf.compat.v1` graphs and sessions.
    
      Raises:
        ValueError: If an unsupported output stream is specified.
      """
      # Because we are using arbitrary-length positional arguments, python 2
      # does not support explicitly specifying the keyword arguments in the
      # function definition. So, we manually get the keyword arguments w/ default
      # values here.
      output_stream = kwargs.pop("output_stream", sys.stderr)
      name = kwargs.pop("name", None)
      summarize = kwargs.pop("summarize", 3)
      sep = kwargs.pop("sep", " ")
      end = kwargs.pop("end", os.linesep)
      if kwargs:
        raise ValueError("Unrecognized keyword arguments for tf.print: %s" % kwargs)
      format_name = None
      if name:
        format_name = name + "_format"
    
      # Match the C++ string constants representing the different output streams.
      # Keep this updated!
      output_stream_to_constant = {
          sys.stdout: "stdout",
          sys.stderr: "stderr",
          tf_logging.INFO: "log(info)",
          tf_logging.info: "log(info)",
          tf_logging.WARN: "log(warning)",
          tf_logging.warning: "log(warning)",
          tf_logging.warn: "log(warning)",
          tf_logging.ERROR: "log(error)",
          tf_logging.error: "log(error)",
          logging.INFO: "log(info)",
          logging.info: "log(info)",
          logging.INFO: "log(info)",
          logging.WARNING: "log(warning)",
          logging.WARN: "log(warning)",
          logging.warning: "log(warning)",
          logging.warn: "log(warning)",
          logging.ERROR: "log(error)",
          logging.error: "log(error)",
      }
    
      if _is_filepath(output_stream):
        output_stream_string = output_stream
      else:
        output_stream_string = output_stream_to_constant.get(output_stream)
        if not output_stream_string:
>         raise ValueError("Unsupported output stream, logging level, or file." +
                           str(output_stream) +
                           ". Supported streams are sys.stdout, "
                           "sys.stderr, tf.logging.info, "
                           "tf.logging.warning, tf.logging.error. " +
                           "File needs to be in the form of 'file://<filepath>'.")
E         ValueError: Unsupported output stream, logging level, or file.stdout. Supported streams are sys.stdout, sys.stderr, tf.logging.info, tf.logging.warning, tf.logging.error. File needs to be in the form of 'file://<filepath>'.

/opt/anaconda3/envs/testagent-experiment/lib/python3.10/site-packages/tensorflow/python/ops/logging_ops.py:300: ValueError
_ TestLoggingOps.test_print_v2_basic_functionality[test_input2-{'key': 'value', 'tensor': 42}] _

self = <test_tensorflow_python_ops_logging_ops.TestLoggingOps object at 0x1450f07f0>
mock_stdout = <_io.StringIO object at 0x1451d7d90>
test_input = {'key': 'value', 'tensor': <tf.Tensor: shape=(), dtype=int32, numpy=42>}
expected_output = "{'key': 'value', 'tensor': 42}"

    @pytest.mark.parametrize("test_input,expected_output", [
        # Basic tensor printing
        (tf.constant([1, 2, 3, 4, 5]), "[1 2 3 ... 4 5]"),
        # Multiple inputs with separator
        (["test", tf.constant([1.0, 2.0])], "test [1. 2.]"),
        # Python objects
        ({"key": "value", "tensor": tf.constant(42)}, "{'key': 'value', 'tensor': 42}"),
    ])
    def test_print_v2_basic_functionality(self, mock_stdout, test_input, expected_output):
        """TC-01: print_v2基础打印功能验证"""
        # Arrange
        if isinstance(test_input, list):
            # Unpack list for multiple inputs
            logging_ops.print_v2(*test_input, output_stream="stdout", summarize=3)
        else:
>           logging_ops.print_v2(test_input, output_stream="stdout", summarize=3)

tests/test_tensorflow_python_ops_logging_ops.py:109: 
_ _ _ _ _ _ _ _ _ _ _ _ _ _ _ _ _ _ _ _ _ _ _ _ _ _ _ _ _ _ _ _ _ _ _ _ _ _ _ _ 
/opt/anaconda3/envs/testagent-experiment/lib/python3.10/site-packages/tensorflow/python/util/traceback_utils.py:153: in error_handler
    raise e.with_traceback(filtered_tb) from None
_ _ _ _ _ _ _ _ _ _ _ _ _ _ _ _ _ _ _ _ _ _ _ _ _ _ _ _ _ _ _ _ _ _ _ _ _ _ _ _ 

inputs = ({'key': 'value', 'tensor': <tf.Tensor: shape=(), dtype=int32, numpy=42>},)
kwargs = {}, output_stream = 'stdout', name = None, summarize = 3, sep = ' '
end = '\n', format_name = None
output_stream_to_constant = {<_io.TextIOWrapper name="<_io.FileIO name=6 mode='rb+' closefd=True>" mode='r+' encoding='utf-8'>: 'stdout', <_io.Tex...losefd=True>" mode='r+' encoding='utf-8'>: 'stderr', 20: 'log(info)', <function info at 0x11278d360>: 'log(info)', ...}
output_stream_string = None

    @tf_export("print")
    @dispatch.add_dispatch_support
    def print_v2(*inputs, **kwargs):
      """Print the specified inputs.
    
      A TensorFlow operator that prints the specified inputs to a desired
      output stream or logging level. The inputs may be dense or sparse Tensors,
      primitive python objects, data structures that contain tensors, and printable
      Python objects. Printed tensors will recursively show the first and last
      elements of each dimension to summarize.
    
      Example:
        Single-input usage:
    
        ```python
        tensor = tf.range(10)
        tf.print(tensor, output_stream=sys.stderr)
        ```
    
        (This prints "[0 1 2 ... 7 8 9]" to sys.stderr)
    
        Multi-input usage:
    
        ```python
        tensor = tf.range(10)
        tf.print("tensors:", tensor, {2: tensor * 2}, output_stream=sys.stdout)
        ```
    
        (This prints "tensors: [0 1 2 ... 7 8 9] {2: [0 2 4 ... 14 16 18]}" to
        sys.stdout)
    
        Changing the input separator:
        ```python
        tensor_a = tf.range(2)
        tensor_b = tensor_a * 2
        tf.print(tensor_a, tensor_b, output_stream=sys.stderr, sep=',')
        ```
    
        (This prints "[0 1],[0 2]" to sys.stderr)
    
        Usage in a `tf.function`:
    
        ```python
        @tf.function
        def f():
            tensor = tf.range(10)
            tf.print(tensor, output_stream=sys.stderr)
            return tensor
    
        range_tensor = f()
        ```
    
        (This prints "[0 1 2 ... 7 8 9]" to sys.stderr)
    
      *Compatibility usage in TF 1.x graphs*:
    
        In graphs manually created outside of `tf.function`, this method returns
        the created TF operator that prints the data. To make sure the
        operator runs, users need to pass the produced op to
        `tf.compat.v1.Session`'s run method, or to use the op as a control
        dependency for executed ops by specifying
        `with tf.compat.v1.control_dependencies([print_op])`.
    
        ```python
        tf.compat.v1.disable_v2_behavior()  # for TF1 compatibility only
    
        sess = tf.compat.v1.Session()
        with sess.as_default():
          tensor = tf.range(10)
          print_op = tf.print("tensors:", tensor, {2: tensor * 2},
                              output_stream=sys.stdout)
          with tf.control_dependencies([print_op]):
            tripled_tensor = tensor * 3
    
          sess.run(tripled_tensor)
        ```
    
        (This prints "tensors: [0 1 2 ... 7 8 9] {2: [0 2 4 ... 14 16 18]}" to
        sys.stdout)
    
      Note: In Jupyter notebooks and colabs, `tf.print` prints to the notebook
        cell outputs. It will not write to the notebook kernel's console logs.
    
      Args:
        *inputs: Positional arguments that are the inputs to print. Inputs in the
          printed output will be separated by spaces. Inputs may be python
          primitives, tensors, data structures such as dicts and lists that may
          contain tensors (with the data structures possibly nested in arbitrary
          ways), and printable python objects.
        output_stream: The output stream, logging level, or file to print to.
          Defaults to sys.stderr, but sys.stdout, tf.compat.v1.logging.info,
          tf.compat.v1.logging.warning, tf.compat.v1.logging.error,
          absl.logging.info, absl.logging.warning and absl.logging.error are also
          supported. To print to a file, pass a string started with "file://"
          followed by the file path, e.g., "file:///tmp/foo.out".
        summarize: The first and last `summarize` elements within each dimension are
          recursively printed per Tensor. If None, then the first 3 and last 3
          elements of each dimension are printed for each tensor. If set to -1, it
          will print all elements of every tensor.
        sep: The string to use to separate the inputs. Defaults to " ".
        end: End character that is appended at the end the printed string. Defaults
          to the newline character.
        name: A name for the operation (optional).
    
      Returns:
        None when executing eagerly. During graph tracing this returns
        a TF operator that prints the specified inputs in the specified output
        stream or logging level. This operator will be automatically executed
        except inside of `tf.compat.v1` graphs and sessions.
    
      Raises:
        ValueError: If an unsupported output stream is specified.
      """
      # Because we are using arbitrary-length positional arguments, python 2
      # does not support explicitly specifying the keyword arguments in the
      # function definition. So, we manually get the keyword arguments w/ default
      # values here.
      output_stream = kwargs.pop("output_stream", sys.stderr)
      name = kwargs.pop("name", None)
      summarize = kwargs.pop("summarize", 3)
      sep = kwargs.pop("sep", " ")
      end = kwargs.pop("end", os.linesep)
      if kwargs:
        raise ValueError("Unrecognized keyword arguments for tf.print: %s" % kwargs)
      format_name = None
      if name:
        format_name = name + "_format"
    
      # Match the C++ string constants representing the different output streams.
      # Keep this updated!
      output_stream_to_constant = {
          sys.stdout: "stdout",
          sys.stderr: "stderr",
          tf_logging.INFO: "log(info)",
          tf_logging.info: "log(info)",
          tf_logging.WARN: "log(warning)",
          tf_logging.warning: "log(warning)",
          tf_logging.warn: "log(warning)",
          tf_logging.ERROR: "log(error)",
          tf_logging.error: "log(error)",
          logging.INFO: "log(info)",
          logging.info: "log(info)",
          logging.INFO: "log(info)",
          logging.WARNING: "log(warning)",
          logging.WARN: "log(warning)",
          logging.warning: "log(warning)",
          logging.warn: "log(warning)",
          logging.ERROR: "log(error)",
          logging.error: "log(error)",
      }
    
      if _is_filepath(output_stream):
        output_stream_string = output_stream
      else:
        output_stream_string = output_stream_to_constant.get(output_stream)
        if not output_stream_string:
>         raise ValueError("Unsupported output stream, logging level, or file." +
                           str(output_stream) +
                           ". Supported streams are sys.stdout, "
                           "sys.stderr, tf.logging.info, "
                           "tf.logging.warning, tf.logging.error. " +
                           "File needs to be in the form of 'file://<filepath>'.")
E         ValueError: Unsupported output stream, logging level, or file.stdout. Supported streams are sys.stdout, sys.stderr, tf.logging.info, tf.logging.warning, tf.logging.error. File needs to be in the form of 'file://<filepath>'.

/opt/anaconda3/envs/testagent-experiment/lib/python3.10/site-packages/tensorflow/python/ops/logging_ops.py:300: ValueError
_ TestLoggingOps.test_image_summary_4d_tensor_processing[shape0-3-value_range0] _

self = <test_tensorflow_python_ops_logging_ops.TestLoggingOps object at 0x1450f0af0>
shape = [2, 32, 32, 3], channels = 3, value_range = [0, 255]

    @pytest.mark.parametrize("shape,channels,value_range", [
        # RGB image (3 channels)
        ([2, 32, 32, 3], 3, [0, 255]),
        # Grayscale image (1 channel)
        ([1, 64, 64, 1], 1, [0.0, 1.0]),
        # Small batch with 4 channels
        ([3, 16, 16, 4], 4, [0, 255]),
    ])
    def test_image_summary_4d_tensor_processing(self, shape, channels, value_range):
        """TC-02: 图像摘要4-D张量处理"""
        # Arrange
        batch_size, height, width, _ = shape
        tag = f"test_image_{batch_size}x{height}x{width}x{channels}"
    
        # Create 4-D tensor with appropriate value range
        if value_range[0] == 0 and value_range[1] == 255:
            # Integer range for typical image values
            tensor = self.create_test_tensor(shape, dtype=tf.uint8, value_range=value_range)
        else:
            # Float range for normalized values
            tensor = self.create_test_tensor(shape, dtype=tf.float32, value_range=value_range)
    
        # Act
>       result = logging_ops.image_summary(
            tag=tag,
            tensor=tensor,
            max_images=3
        )

tests/test_tensorflow_python_ops_logging_ops.py:164: 
_ _ _ _ _ _ _ _ _ _ _ _ _ _ _ _ _ _ _ _ _ _ _ _ _ _ _ _ _ _ _ _ _ _ _ _ _ _ _ _ 
/opt/anaconda3/envs/testagent-experiment/lib/python3.10/site-packages/tensorflow/python/util/deprecation.py:357: in new_func
    return func(*args, **kwargs)
/opt/anaconda3/envs/testagent-experiment/lib/python3.10/site-packages/tensorflow/python/ops/logging_ops.py:505: in image_summary
    val = gen_logging_ops.image_summary(
/opt/anaconda3/envs/testagent-experiment/lib/python3.10/site-packages/tensorflow/python/ops/gen_logging_ops.py:378: in image_summary
    return image_summary_eager_fallback(
/opt/anaconda3/envs/testagent-experiment/lib/python3.10/site-packages/tensorflow/python/ops/gen_logging_ops.py:417: in image_summary_eager_fallback
    _result = _execute.execute(b"ImageSummary", 1, inputs=_inputs_flat,
_ _ _ _ _ _ _ _ _ _ _ _ _ _ _ _ _ _ _ _ _ _ _ _ _ _ _ _ _ _ _ _ _ _ _ _ _ _ _ _ 

op_name = b'ImageSummary', num_outputs = 1
inputs = [<tf.Tensor: shape=(), dtype=string, numpy=b'test_image_2x32x32x3'>, <tf.Tensor: shape=(2, 32, 32, 3), dtype=uint8, nu...25, 120],
         ...,
         [ 26, 104, 237],
         [162, 204, 118],
         [ 92,  27, 223]]]], dtype=uint8)>]
attrs = ('max_images', 3, 'T', 4, 'bad_color', dtype: DT_UINT8
tensor_shape {
  dim {
    size: 4
  }
}
int_val: 255
int_val: 0
int_val: 0
int_val: 255
)
ctx = <tensorflow.python.eager.context.Context object at 0x1418b79a0>
name = None

    def quick_execute(op_name, num_outputs, inputs, attrs, ctx, name=None):
      """Execute a TensorFlow operation.
    
      Args:
        op_name: Name of the TensorFlow operation (see REGISTER_OP in C++ code) to
          execute.
        num_outputs: The number of outputs of the operation to fetch. (Explicitly
          provided instead of being inferred for performance reasons).
        inputs: A list of inputs to the operation. Each entry should be a Tensor, or
          a value which can be passed to the Tensor constructor to create one.
        attrs: A tuple with alternating string attr names and attr values for this
          operation.
        ctx: The value of context.context().
        name: Customized name for the operation.
    
      Returns:
        List of output Tensor objects. The list is empty if there are no outputs
    
      Raises:
        An exception on error.
      """
      device_name = ctx.device_name
      # pylint: disable=protected-access
      try:
        ctx.ensure_initialized()
>       tensors = pywrap_tfe.TFE_Py_Execute(ctx._handle, device_name, op_name,
                                            inputs, attrs, num_outputs)
E                                           tensorflow.python.framework.errors_impl.UnimplementedError: Attr bad_color has unhandled type 6 [Op:ImageSummary]

/opt/anaconda3/envs/testagent-experiment/lib/python3.10/site-packages/tensorflow/python/eager/execute.py:54: UnimplementedError
------------------------------ Captured log call -------------------------------
WARNING  tensorflow:deprecation.py:350 From /Users/zzf1sh/Documents/Project/TestAgent-CLI-main/exam/tensorflow/python.ops.logging_ops/tests/test_tensorflow_python_ops_logging_ops.py:164: image_summary (from tensorflow.python.ops.logging_ops) is deprecated and will be removed after 2016-11-30.
Instructions for updating:
Please switch to tf.summary.image. Note that tf.summary.image uses the node name instead of the tag. This means that TensorFlow will automatically de-duplicate summary names based on the scope they are created in. Also, the max_images argument was renamed to max_outputs.
_ TestLoggingOps.test_image_summary_4d_tensor_processing[shape1-1-value_range1] _

self = <test_tensorflow_python_ops_logging_ops.TestLoggingOps object at 0x1450f0c70>
shape = [1, 64, 64, 1], channels = 1, value_range = [0.0, 1.0]

    @pytest.mark.parametrize("shape,channels,value_range", [
        # RGB image (3 channels)
        ([2, 32, 32, 3], 3, [0, 255]),
        # Grayscale image (1 channel)
        ([1, 64, 64, 1], 1, [0.0, 1.0]),
        # Small batch with 4 channels
        ([3, 16, 16, 4], 4, [0, 255]),
    ])
    def test_image_summary_4d_tensor_processing(self, shape, channels, value_range):
        """TC-02: 图像摘要4-D张量处理"""
        # Arrange
        batch_size, height, width, _ = shape
        tag = f"test_image_{batch_size}x{height}x{width}x{channels}"
    
        # Create 4-D tensor with appropriate value range
        if value_range[0] == 0 and value_range[1] == 255:
            # Integer range for typical image values
            tensor = self.create_test_tensor(shape, dtype=tf.uint8, value_range=value_range)
        else:
            # Float range for normalized values
            tensor = self.create_test_tensor(shape, dtype=tf.float32, value_range=value_range)
    
        # Act
>       result = logging_ops.image_summary(
            tag=tag,
            tensor=tensor,
            max_images=3
        )

tests/test_tensorflow_python_ops_logging_ops.py:164: 
_ _ _ _ _ _ _ _ _ _ _ _ _ _ _ _ _ _ _ _ _ _ _ _ _ _ _ _ _ _ _ _ _ _ _ _ _ _ _ _ 
/opt/anaconda3/envs/testagent-experiment/lib/python3.10/site-packages/tensorflow/python/util/deprecation.py:357: in new_func
    return func(*args, **kwargs)
/opt/anaconda3/envs/testagent-experiment/lib/python3.10/site-packages/tensorflow/python/ops/logging_ops.py:505: in image_summary
    val = gen_logging_ops.image_summary(
/opt/anaconda3/envs/testagent-experiment/lib/python3.10/site-packages/tensorflow/python/ops/gen_logging_ops.py:378: in image_summary
    return image_summary_eager_fallback(
/opt/anaconda3/envs/testagent-experiment/lib/python3.10/site-packages/tensorflow/python/ops/gen_logging_ops.py:417: in image_summary_eager_fallback
    _result = _execute.execute(b"ImageSummary", 1, inputs=_inputs_flat,
_ _ _ _ _ _ _ _ _ _ _ _ _ _ _ _ _ _ _ _ _ _ _ _ _ _ _ _ _ _ _ _ _ _ _ _ _ _ _ _ 

op_name = b'ImageSummary', num_outputs = 1
inputs = [<tf.Tensor: shape=(), dtype=string, numpy=b'test_image_1x64x64x1'>, <tf.Tensor: shape=(1, 64, 64, 1), dtype=float32, ...   [0.62664366],
         ...,
         [0.33267298],
         [0.8314166 ],
         [0.2745723 ]]]], dtype=float32)>]
attrs = ('max_images', 3, 'T', 1, 'bad_color', dtype: DT_UINT8
tensor_shape {
  dim {
    size: 4
  }
}
int_val: 255
int_val: 0
int_val: 0
int_val: 255
)
ctx = <tensorflow.python.eager.context.Context object at 0x1418b79a0>
name = None

    def quick_execute(op_name, num_outputs, inputs, attrs, ctx, name=None):
      """Execute a TensorFlow operation.
    
      Args:
        op_name: Name of the TensorFlow operation (see REGISTER_OP in C++ code) to
          execute.
        num_outputs: The number of outputs of the operation to fetch. (Explicitly
          provided instead of being inferred for performance reasons).
        inputs: A list of inputs to the operation. Each entry should be a Tensor, or
          a value which can be passed to the Tensor constructor to create one.
        attrs: A tuple with alternating string attr names and attr values for this
          operation.
        ctx: The value of context.context().
        name: Customized name for the operation.
    
      Returns:
        List of output Tensor objects. The list is empty if there are no outputs
    
      Raises:
        An exception on error.
      """
      device_name = ctx.device_name
      # pylint: disable=protected-access
      try:
        ctx.ensure_initialized()
>       tensors = pywrap_tfe.TFE_Py_Execute(ctx._handle, device_name, op_name,
                                            inputs, attrs, num_outputs)
E                                           tensorflow.python.framework.errors_impl.UnimplementedError: Attr bad_color has unhandled type 6 [Op:ImageSummary]

/opt/anaconda3/envs/testagent-experiment/lib/python3.10/site-packages/tensorflow/python/eager/execute.py:54: UnimplementedError
_ TestLoggingOps.test_image_summary_4d_tensor_processing[shape2-4-value_range2] _

self = <test_tensorflow_python_ops_logging_ops.TestLoggingOps object at 0x1450f0e50>
shape = [3, 16, 16, 4], channels = 4, value_range = [0, 255]

    @pytest.mark.parametrize("shape,channels,value_range", [
        # RGB image (3 channels)
        ([2, 32, 32, 3], 3, [0, 255]),
        # Grayscale image (1 channel)
        ([1, 64, 64, 1], 1, [0.0, 1.0]),
        # Small batch with 4 channels
        ([3, 16, 16, 4], 4, [0, 255]),
    ])
    def test_image_summary_4d_tensor_processing(self, shape, channels, value_range):
        """TC-02: 图像摘要4-D张量处理"""
        # Arrange
        batch_size, height, width, _ = shape
        tag = f"test_image_{batch_size}x{height}x{width}x{channels}"
    
        # Create 4-D tensor with appropriate value range
        if value_range[0] == 0 and value_range[1] == 255:
            # Integer range for typical image values
            tensor = self.create_test_tensor(shape, dtype=tf.uint8, value_range=value_range)
        else:
            # Float range for normalized values
            tensor = self.create_test_tensor(shape, dtype=tf.float32, value_range=value_range)
    
        # Act
>       result = logging_ops.image_summary(
            tag=tag,
            tensor=tensor,
            max_images=3
        )

tests/test_tensorflow_python_ops_logging_ops.py:164: 
_ _ _ _ _ _ _ _ _ _ _ _ _ _ _ _ _ _ _ _ _ _ _ _ _ _ _ _ _ _ _ _ _ _ _ _ _ _ _ _ 
/opt/anaconda3/envs/testagent-experiment/lib/python3.10/site-packages/tensorflow/python/util/deprecation.py:357: in new_func
    return func(*args, **kwargs)
/opt/anaconda3/envs/testagent-experiment/lib/python3.10/site-packages/tensorflow/python/ops/logging_ops.py:505: in image_summary
    val = gen_logging_ops.image_summary(
/opt/anaconda3/envs/testagent-experiment/lib/python3.10/site-packages/tensorflow/python/ops/gen_logging_ops.py:378: in image_summary
    return image_summary_eager_fallback(
/opt/anaconda3/envs/testagent-experiment/lib/python3.10/site-packages/tensorflow/python/ops/gen_logging_ops.py:417: in image_summary_eager_fallback
    _result = _execute.execute(b"ImageSummary", 1, inputs=_inputs_flat,
_ _ _ _ _ _ _ _ _ _ _ _ _ _ _ _ _ _ _ _ _ _ _ _ _ _ _ _ _ _ _ _ _ _ _ _ _ _ _ _ 

op_name = b'ImageSummary', num_outputs = 1
inputs = [<tf.Tensor: shape=(), dtype=string, numpy=b'test_image_3x16x16x4'>, <tf.Tensor: shape=(3, 16, 16, 4), dtype=uint8, nu...    ...,
         [131,  54, 136, 213],
         [157, 161, 137, 236],
         [237, 130,  77, 117]]]], dtype=uint8)>]
attrs = ('max_images', 3, 'T', 4, 'bad_color', dtype: DT_UINT8
tensor_shape {
  dim {
    size: 4
  }
}
int_val: 255
int_val: 0
int_val: 0
int_val: 255
)
ctx = <tensorflow.python.eager.context.Context object at 0x1418b79a0>
name = None

    def quick_execute(op_name, num_outputs, inputs, attrs, ctx, name=None):
      """Execute a TensorFlow operation.
    
      Args:
        op_name: Name of the TensorFlow operation (see REGISTER_OP in C++ code) to
          execute.
        num_outputs: The number of outputs of the operation to fetch. (Explicitly
          provided instead of being inferred for performance reasons).
        inputs: A list of inputs to the operation. Each entry should be a Tensor, or
          a value which can be passed to the Tensor constructor to create one.
        attrs: A tuple with alternating string attr names and attr values for this
          operation.
        ctx: The value of context.context().
        name: Customized name for the operation.
    
      Returns:
        List of output Tensor objects. The list is empty if there are no outputs
    
      Raises:
        An exception on error.
      """
      device_name = ctx.device_name
      # pylint: disable=protected-access
      try:
        ctx.ensure_initialized()
>       tensors = pywrap_tfe.TFE_Py_Execute(ctx._handle, device_name, op_name,
                                            inputs, attrs, num_outputs)
E                                           tensorflow.python.framework.errors_impl.UnimplementedError: Attr bad_color has unhandled type 6 [Op:ImageSummary]

/opt/anaconda3/envs/testagent-experiment/lib/python3.10/site-packages/tensorflow/python/eager/execute.py:54: UnimplementedError
_ TestLoggingOps.test_scalar_summary_single_and_multiple_tags[tags2-values2-mixed_types] _

self = <test_tensorflow_python_ops_logging_ops.TestLoggingOps object at 0x1450f1600>
tags = ['mixed', 'types']
values = [<tf.Tensor: shape=(), dtype=float32, numpy=1.0>, <tf.Tensor: shape=(), dtype=int32, numpy=2>, <tf.Tensor: shape=(), dtype=float32, numpy=3.5>]
test_type = 'mixed_types'

    @pytest.mark.parametrize("tags,values,test_type", [
        # Single tag with scalar tensor
        ("single_tag", tf.constant(3.14), "single"),
        # Multiple tags with list of scalar tensors
        (["tag1", "tag2", "tag3"],
         [tf.constant(1.0), tf.constant(2.0), tf.constant(3.0)],
         "multiple"),
        # Mixed numeric types
        (["mixed", "types"],
         [tf.constant(1.0), tf.constant(2), tf.constant(3.5)],
         "mixed_types"),
    ])
    def test_scalar_summary_single_and_multiple_tags(self, tags, values, test_type):
        """TC-04: 标量摘要单/多标签支持"""
        # Arrange
        if isinstance(tags, str):
            # Single tag case
            tag_list = [tags]
        else:
            tag_list = tags
    
        if isinstance(values, tf.Tensor):
            # Single value case
            value_list = [values]
        else:
            value_list = values
    
        # Act
        if isinstance(tags, str) and isinstance(values, tf.Tensor):
            # Single tag, single value
            result = logging_ops.scalar_summary(tags=tags, values=values)
        else:
            # Multiple tags/values
>           result = logging_ops.scalar_summary(tags=tags, values=values)

tests/test_tensorflow_python_ops_logging_ops.py:300: 
_ _ _ _ _ _ _ _ _ _ _ _ _ _ _ _ _ _ _ _ _ _ _ _ _ _ _ _ _ _ _ _ _ _ _ _ _ _ _ _ 
/opt/anaconda3/envs/testagent-experiment/lib/python3.10/site-packages/tensorflow/python/util/deprecation.py:357: in new_func
    return func(*args, **kwargs)
/opt/anaconda3/envs/testagent-experiment/lib/python3.10/site-packages/tensorflow/python/ops/logging_ops.py:685: in scalar_summary
    val = gen_logging_ops.scalar_summary(tags=tags, values=values, name=scope)
/opt/anaconda3/envs/testagent-experiment/lib/python3.10/site-packages/tensorflow/python/ops/gen_logging_ops.py:679: in scalar_summary
    return scalar_summary_eager_fallback(
/opt/anaconda3/envs/testagent-experiment/lib/python3.10/site-packages/tensorflow/python/ops/gen_logging_ops.py:699: in scalar_summary_eager_fallback
    _attr_T, (values,) = _execute.args_to_matching_eager([values], ctx, [_dtypes.float32, _dtypes.float64, _dtypes.int32, _dtypes.uint8, _dtypes.int16, _dtypes.int8, _dtypes.int64, _dtypes.bfloat16, _dtypes.uint16, _dtypes.half, _dtypes.uint32, _dtypes.uint64, ])
/opt/anaconda3/envs/testagent-experiment/lib/python3.10/site-packages/tensorflow/python/eager/execute.py:256: in args_to_matching_eager
    tensor = ops.convert_to_tensor(t, ctx=ctx)
/opt/anaconda3/envs/testagent-experiment/lib/python3.10/site-packages/tensorflow/python/profiler/trace.py:183: in wrapped
    return func(*args, **kwargs)
/opt/anaconda3/envs/testagent-experiment/lib/python3.10/site-packages/tensorflow/python/framework/ops.py:1640: in convert_to_tensor
    ret = conversion_func(value, dtype=dtype, name=name, as_ref=as_ref)
/opt/anaconda3/envs/testagent-experiment/lib/python3.10/site-packages/tensorflow/python/ops/array_ops.py:1592: in _autopacking_conversion_function
    return _autopacking_helper(v, dtype, name or "packed")
/opt/anaconda3/envs/testagent-experiment/lib/python3.10/site-packages/tensorflow/python/ops/array_ops.py:1499: in _autopacking_helper
    return gen_array_ops.pack(list_or_tuple, name=name)
/opt/anaconda3/envs/testagent-experiment/lib/python3.10/site-packages/tensorflow/python/ops/gen_array_ops.py:6548: in pack
    _ops.raise_from_not_ok_status(e, name)
_ _ _ _ _ _ _ _ _ _ _ _ _ _ _ _ _ _ _ _ _ _ _ _ _ _ _ _ _ _ _ _ _ _ _ _ _ _ _ _ 

e = _NotOkStatusException(), name = 'packed'

    def raise_from_not_ok_status(e, name):
      e.message += (" name: " + name if name is not None else "")
>     raise core._status_to_exception(e) from None  # pylint: disable=protected-access
E     tensorflow.python.framework.errors_impl.InvalidArgumentError: cannot compute Pack as input #1(zero-based) was expected to be a float tensor but is a int32 tensor [Op:Pack] name: packed

/opt/anaconda3/envs/testagent-experiment/lib/python3.10/site-packages/tensorflow/python/framework/ops.py:7164: InvalidArgumentError
_ TestLoggingOps.test_print_v2_output_stream_switching[stderr-stderr-sys.stderr] _

self = <test_tensorflow_python_ops_logging_ops.TestLoggingOps object at 0x1450f19c0>
mock_stdout = <_io.StringIO object at 0x1454fef80>
mock_stderr = <_io.StringIO object at 0x1454ff130>
mock_logger = <MagicMock name='getLogger()' id='5471590176'>
output_stream = 'stderr', test_stream = 'stderr', expected_stream = 'sys.stderr'

    @pytest.mark.parametrize("output_stream,test_stream,expected_stream", [
        # stderr output
        ("stderr", "stderr", "sys.stderr"),
        # stdout output
        ("stdout", "stdout", "sys.stdout"),
        # logging output (info level)
        ("log:info", "log_info", "logging.info"),
    ])
    def test_print_v2_output_stream_switching(self, mock_stdout, mock_stderr, mock_logger,
                                            output_stream, test_stream, expected_stream):
        """TC-05: 输出流切换功能测试"""
        # Arrange
        test_message = f"stream_test_{test_stream}"
    
        # Act based on output stream
        if output_stream == "stderr":
>           logging_ops.print_v2(test_message, output_stream=output_stream)

tests/test_tensorflow_python_ops_logging_ops.py:365: 
_ _ _ _ _ _ _ _ _ _ _ _ _ _ _ _ _ _ _ _ _ _ _ _ _ _ _ _ _ _ _ _ _ _ _ _ _ _ _ _ 
/opt/anaconda3/envs/testagent-experiment/lib/python3.10/site-packages/tensorflow/python/util/traceback_utils.py:153: in error_handler
    raise e.with_traceback(filtered_tb) from None
_ _ _ _ _ _ _ _ _ _ _ _ _ _ _ _ _ _ _ _ _ _ _ _ _ _ _ _ _ _ _ _ _ _ _ _ _ _ _ _ 

inputs = ('stream_test_stderr',), kwargs = {}, output_stream = 'stderr'
name = None, summarize = 3, sep = ' ', end = '\n', format_name = None
output_stream_to_constant = {<_io.TextIOWrapper name="<_io.FileIO name=6 mode='rb+' closefd=True>" mode='r+' encoding='utf-8'>: 'stdout', <_io.Tex...losefd=True>" mode='r+' encoding='utf-8'>: 'stderr', 20: 'log(info)', <function info at 0x11278d360>: 'log(info)', ...}
output_stream_string = None

    @tf_export("print")
    @dispatch.add_dispatch_support
    def print_v2(*inputs, **kwargs):
      """Print the specified inputs.
    
      A TensorFlow operator that prints the specified inputs to a desired
      output stream or logging level. The inputs may be dense or sparse Tensors,
      primitive python objects, data structures that contain tensors, and printable
      Python objects. Printed tensors will recursively show the first and last
      elements of each dimension to summarize.
    
      Example:
        Single-input usage:
    
        ```python
        tensor = tf.range(10)
        tf.print(tensor, output_stream=sys.stderr)
        ```
    
        (This prints "[0 1 2 ... 7 8 9]" to sys.stderr)
    
        Multi-input usage:
    
        ```python
        tensor = tf.range(10)
        tf.print("tensors:", tensor, {2: tensor * 2}, output_stream=sys.stdout)
        ```
    
        (This prints "tensors: [0 1 2 ... 7 8 9] {2: [0 2 4 ... 14 16 18]}" to
        sys.stdout)
    
        Changing the input separator:
        ```python
        tensor_a = tf.range(2)
        tensor_b = tensor_a * 2
        tf.print(tensor_a, tensor_b, output_stream=sys.stderr, sep=',')
        ```
    
        (This prints "[0 1],[0 2]" to sys.stderr)
    
        Usage in a `tf.function`:
    
        ```python
        @tf.function
        def f():
            tensor = tf.range(10)
            tf.print(tensor, output_stream=sys.stderr)
            return tensor
    
        range_tensor = f()
        ```
    
        (This prints "[0 1 2 ... 7 8 9]" to sys.stderr)
    
      *Compatibility usage in TF 1.x graphs*:
    
        In graphs manually created outside of `tf.function`, this method returns
        the created TF operator that prints the data. To make sure the
        operator runs, users need to pass the produced op to
        `tf.compat.v1.Session`'s run method, or to use the op as a control
        dependency for executed ops by specifying
        `with tf.compat.v1.control_dependencies([print_op])`.
    
        ```python
        tf.compat.v1.disable_v2_behavior()  # for TF1 compatibility only
    
        sess = tf.compat.v1.Session()
        with sess.as_default():
          tensor = tf.range(10)
          print_op = tf.print("tensors:", tensor, {2: tensor * 2},
                              output_stream=sys.stdout)
          with tf.control_dependencies([print_op]):
            tripled_tensor = tensor * 3
    
          sess.run(tripled_tensor)
        ```
    
        (This prints "tensors: [0 1 2 ... 7 8 9] {2: [0 2 4 ... 14 16 18]}" to
        sys.stdout)
    
      Note: In Jupyter notebooks and colabs, `tf.print` prints to the notebook
        cell outputs. It will not write to the notebook kernel's console logs.
    
      Args:
        *inputs: Positional arguments that are the inputs to print. Inputs in the
          printed output will be separated by spaces. Inputs may be python
          primitives, tensors, data structures such as dicts and lists that may
          contain tensors (with the data structures possibly nested in arbitrary
          ways), and printable python objects.
        output_stream: The output stream, logging level, or file to print to.
          Defaults to sys.stderr, but sys.stdout, tf.compat.v1.logging.info,
          tf.compat.v1.logging.warning, tf.compat.v1.logging.error,
          absl.logging.info, absl.logging.warning and absl.logging.error are also
          supported. To print to a file, pass a string started with "file://"
          followed by the file path, e.g., "file:///tmp/foo.out".
        summarize: The first and last `summarize` elements within each dimension are
          recursively printed per Tensor. If None, then the first 3 and last 3
          elements of each dimension are printed for each tensor. If set to -1, it
          will print all elements of every tensor.
        sep: The string to use to separate the inputs. Defaults to " ".
        end: End character that is appended at the end the printed string. Defaults
          to the newline character.
        name: A name for the operation (optional).
    
      Returns:
        None when executing eagerly. During graph tracing this returns
        a TF operator that prints the specified inputs in the specified output
        stream or logging level. This operator will be automatically executed
        except inside of `tf.compat.v1` graphs and sessions.
    
      Raises:
        ValueError: If an unsupported output stream is specified.
      """
      # Because we are using arbitrary-length positional arguments, python 2
      # does not support explicitly specifying the keyword arguments in the
      # function definition. So, we manually get the keyword arguments w/ default
      # values here.
      output_stream = kwargs.pop("output_stream", sys.stderr)
      name = kwargs.pop("name", None)
      summarize = kwargs.pop("summarize", 3)
      sep = kwargs.pop("sep", " ")
      end = kwargs.pop("end", os.linesep)
      if kwargs:
        raise ValueError("Unrecognized keyword arguments for tf.print: %s" % kwargs)
      format_name = None
      if name:
        format_name = name + "_format"
    
      # Match the C++ string constants representing the different output streams.
      # Keep this updated!
      output_stream_to_constant = {
          sys.stdout: "stdout",
          sys.stderr: "stderr",
          tf_logging.INFO: "log(info)",
          tf_logging.info: "log(info)",
          tf_logging.WARN: "log(warning)",
          tf_logging.warning: "log(warning)",
          tf_logging.warn: "log(warning)",
          tf_logging.ERROR: "log(error)",
          tf_logging.error: "log(error)",
          logging.INFO: "log(info)",
          logging.info: "log(info)",
          logging.INFO: "log(info)",
          logging.WARNING: "log(warning)",
          logging.WARN: "log(warning)",
          logging.warning: "log(warning)",
          logging.warn: "log(warning)",
          logging.ERROR: "log(error)",
          logging.error: "log(error)",
      }
    
      if _is_filepath(output_stream):
        output_stream_string = output_stream
      else:
        output_stream_string = output_stream_to_constant.get(output_stream)
        if not output_stream_string:
>         raise ValueError("Unsupported output stream, logging level, or file." +
                           str(output_stream) +
                           ". Supported streams are sys.stdout, "
                           "sys.stderr, tf.logging.info, "
                           "tf.logging.warning, tf.logging.error. " +
                           "File needs to be in the form of 'file://<filepath>'.")
E         ValueError: Unsupported output stream, logging level, or file.stderr. Supported streams are sys.stdout, sys.stderr, tf.logging.info, tf.logging.warning, tf.logging.error. File needs to be in the form of 'file://<filepath>'.

/opt/anaconda3/envs/testagent-experiment/lib/python3.10/site-packages/tensorflow/python/ops/logging_ops.py:300: ValueError
_ TestLoggingOps.test_print_v2_output_stream_switching[stdout-stdout-sys.stdout] _

self = <test_tensorflow_python_ops_logging_ops.TestLoggingOps object at 0x1450f1b40>
mock_stdout = <_io.StringIO object at 0x1454ff2e0>
mock_stderr = <_io.StringIO object at 0x1454ff400>
mock_logger = <MagicMock name='getLogger()' id='5456782784'>
output_stream = 'stdout', test_stream = 'stdout', expected_stream = 'sys.stdout'

    @pytest.mark.parametrize("output_stream,test_stream,expected_stream", [
        # stderr output
        ("stderr", "stderr", "sys.stderr"),
        # stdout output
        ("stdout", "stdout", "sys.stdout"),
        # logging output (info level)
        ("log:info", "log_info", "logging.info"),
    ])
    def test_print_v2_output_stream_switching(self, mock_stdout, mock_stderr, mock_logger,
                                            output_stream, test_stream, expected_stream):
        """TC-05: 输出流切换功能测试"""
        # Arrange
        test_message = f"stream_test_{test_stream}"
    
        # Act based on output stream
        if output_stream == "stderr":
            logging_ops.print_v2(test_message, output_stream=output_stream)
            captured_output = mock_stderr.getvalue().strip()
            stream_used = "sys.stderr"
        elif output_stream == "stdout":
>           logging_ops.print_v2(test_message, output_stream=output_stream)

tests/test_tensorflow_python_ops_logging_ops.py:369: 
_ _ _ _ _ _ _ _ _ _ _ _ _ _ _ _ _ _ _ _ _ _ _ _ _ _ _ _ _ _ _ _ _ _ _ _ _ _ _ _ 
/opt/anaconda3/envs/testagent-experiment/lib/python3.10/site-packages/tensorflow/python/util/traceback_utils.py:153: in error_handler
    raise e.with_traceback(filtered_tb) from None
_ _ _ _ _ _ _ _ _ _ _ _ _ _ _ _ _ _ _ _ _ _ _ _ _ _ _ _ _ _ _ _ _ _ _ _ _ _ _ _ 

inputs = ('stream_test_stdout',), kwargs = {}, output_stream = 'stdout'
name = None, summarize = 3, sep = ' ', end = '\n', format_name = None
output_stream_to_constant = {<_io.TextIOWrapper name="<_io.FileIO name=6 mode='rb+' closefd=True>" mode='r+' encoding='utf-8'>: 'stdout', <_io.Tex...losefd=True>" mode='r+' encoding='utf-8'>: 'stderr', 20: 'log(info)', <function info at 0x11278d360>: 'log(info)', ...}
output_stream_string = None

    @tf_export("print")
    @dispatch.add_dispatch_support
    def print_v2(*inputs, **kwargs):
      """Print the specified inputs.
    
      A TensorFlow operator that prints the specified inputs to a desired
      output stream or logging level. The inputs may be dense or sparse Tensors,
      primitive python objects, data structures that contain tensors, and printable
      Python objects. Printed tensors will recursively show the first and last
      elements of each dimension to summarize.
    
      Example:
        Single-input usage:
    
        ```python
        tensor = tf.range(10)
        tf.print(tensor, output_stream=sys.stderr)
        ```
    
        (This prints "[0 1 2 ... 7 8 9]" to sys.stderr)
    
        Multi-input usage:
    
        ```python
        tensor = tf.range(10)
        tf.print("tensors:", tensor, {2: tensor * 2}, output_stream=sys.stdout)
        ```
    
        (This prints "tensors: [0 1 2 ... 7 8 9] {2: [0 2 4 ... 14 16 18]}" to
        sys.stdout)
    
        Changing the input separator:
        ```python
        tensor_a = tf.range(2)
        tensor_b = tensor_a * 2
        tf.print(tensor_a, tensor_b, output_stream=sys.stderr, sep=',')
        ```
    
        (This prints "[0 1],[0 2]" to sys.stderr)
    
        Usage in a `tf.function`:
    
        ```python
        @tf.function
        def f():
            tensor = tf.range(10)
            tf.print(tensor, output_stream=sys.stderr)
            return tensor
    
        range_tensor = f()
        ```
    
        (This prints "[0 1 2 ... 7 8 9]" to sys.stderr)
    
      *Compatibility usage in TF 1.x graphs*:
    
        In graphs manually created outside of `tf.function`, this method returns
        the created TF operator that prints the data. To make sure the
        operator runs, users need to pass the produced op to
        `tf.compat.v1.Session`'s run method, or to use the op as a control
        dependency for executed ops by specifying
        `with tf.compat.v1.control_dependencies([print_op])`.
    
        ```python
        tf.compat.v1.disable_v2_behavior()  # for TF1 compatibility only
    
        sess = tf.compat.v1.Session()
        with sess.as_default():
          tensor = tf.range(10)
          print_op = tf.print("tensors:", tensor, {2: tensor * 2},
                              output_stream=sys.stdout)
          with tf.control_dependencies([print_op]):
            tripled_tensor = tensor * 3
    
          sess.run(tripled_tensor)
        ```
    
        (This prints "tensors: [0 1 2 ... 7 8 9] {2: [0 2 4 ... 14 16 18]}" to
        sys.stdout)
    
      Note: In Jupyter notebooks and colabs, `tf.print` prints to the notebook
        cell outputs. It will not write to the notebook kernel's console logs.
    
      Args:
        *inputs: Positional arguments that are the inputs to print. Inputs in the
          printed output will be separated by spaces. Inputs may be python
          primitives, tensors, data structures such as dicts and lists that may
          contain tensors (with the data structures possibly nested in arbitrary
          ways), and printable python objects.
        output_stream: The output stream, logging level, or file to print to.
          Defaults to sys.stderr, but sys.stdout, tf.compat.v1.logging.info,
          tf.compat.v1.logging.warning, tf.compat.v1.logging.error,
          absl.logging.info, absl.logging.warning and absl.logging.error are also
          supported. To print to a file, pass a string started with "file://"
          followed by the file path, e.g., "file:///tmp/foo.out".
        summarize: The first and last `summarize` elements within each dimension are
          recursively printed per Tensor. If None, then the first 3 and last 3
          elements of each dimension are printed for each tensor. If set to -1, it
          will print all elements of every tensor.
        sep: The string to use to separate the inputs. Defaults to " ".
        end: End character that is appended at the end the printed string. Defaults
          to the newline character.
        name: A name for the operation (optional).
    
      Returns:
        None when executing eagerly. During graph tracing this returns
        a TF operator that prints the specified inputs in the specified output
        stream or logging level. This operator will be automatically executed
        except inside of `tf.compat.v1` graphs and sessions.
    
      Raises:
        ValueError: If an unsupported output stream is specified.
      """
      # Because we are using arbitrary-length positional arguments, python 2
      # does not support explicitly specifying the keyword arguments in the
      # function definition. So, we manually get the keyword arguments w/ default
      # values here.
      output_stream = kwargs.pop("output_stream", sys.stderr)
      name = kwargs.pop("name", None)
      summarize = kwargs.pop("summarize", 3)
      sep = kwargs.pop("sep", " ")
      end = kwargs.pop("end", os.linesep)
      if kwargs:
        raise ValueError("Unrecognized keyword arguments for tf.print: %s" % kwargs)
      format_name = None
      if name:
        format_name = name + "_format"
    
      # Match the C++ string constants representing the different output streams.
      # Keep this updated!
      output_stream_to_constant = {
          sys.stdout: "stdout",
          sys.stderr: "stderr",
          tf_logging.INFO: "log(info)",
          tf_logging.info: "log(info)",
          tf_logging.WARN: "log(warning)",
          tf_logging.warning: "log(warning)",
          tf_logging.warn: "log(warning)",
          tf_logging.ERROR: "log(error)",
          tf_logging.error: "log(error)",
          logging.INFO: "log(info)",
          logging.info: "log(info)",
          logging.INFO: "log(info)",
          logging.WARNING: "log(warning)",
          logging.WARN: "log(warning)",
          logging.warning: "log(warning)",
          logging.warn: "log(warning)",
          logging.ERROR: "log(error)",
          logging.error: "log(error)",
      }
    
      if _is_filepath(output_stream):
        output_stream_string = output_stream
      else:
        output_stream_string = output_stream_to_constant.get(output_stream)
        if not output_stream_string:
>         raise ValueError("Unsupported output stream, logging level, or file." +
                           str(output_stream) +
                           ". Supported streams are sys.stdout, "
                           "sys.stderr, tf.logging.info, "
                           "tf.logging.warning, tf.logging.error. " +
                           "File needs to be in the form of 'file://<filepath>'.")
E         ValueError: Unsupported output stream, logging level, or file.stdout. Supported streams are sys.stdout, sys.stderr, tf.logging.info, tf.logging.warning, tf.logging.error. File needs to be in the form of 'file://<filepath>'.

/opt/anaconda3/envs/testagent-experiment/lib/python3.10/site-packages/tensorflow/python/ops/logging_ops.py:300: ValueError
_ TestLoggingOps.test_print_v2_output_stream_switching[log:info-log_info-logging.info] _

self = <test_tensorflow_python_ops_logging_ops.TestLoggingOps object at 0x1450f1d20>
mock_stdout = <_io.StringIO object at 0x1454feef0>
mock_stderr = <_io.StringIO object at 0x146484d30>
mock_logger = <MagicMock name='getLogger()' id='5455909344'>
output_stream = 'log:info', test_stream = 'log_info'
expected_stream = 'logging.info'

    @pytest.mark.parametrize("output_stream,test_stream,expected_stream", [
        # stderr output
        ("stderr", "stderr", "sys.stderr"),
        # stdout output
        ("stdout", "stdout", "sys.stdout"),
        # logging output (info level)
        ("log:info", "log_info", "logging.info"),
    ])
    def test_print_v2_output_stream_switching(self, mock_stdout, mock_stderr, mock_logger,
                                            output_stream, test_stream, expected_stream):
        """TC-05: 输出流切换功能测试"""
        # Arrange
        test_message = f"stream_test_{test_stream}"
    
        # Act based on output stream
        if output_stream == "stderr":
            logging_ops.print_v2(test_message, output_stream=output_stream)
            captured_output = mock_stderr.getvalue().strip()
            stream_used = "sys.stderr"
        elif output_stream == "stdout":
            logging_ops.print_v2(test_message, output_stream=output_stream)
            captured_output = mock_stdout.getvalue().strip()
            stream_used = "sys.stdout"
        elif output_stream == "log:info":
            # For logging output, we need to mock the logger
>           logging_ops.print_v2(test_message, output_stream=output_stream)

tests/test_tensorflow_python_ops_logging_ops.py:374: 
_ _ _ _ _ _ _ _ _ _ _ _ _ _ _ _ _ _ _ _ _ _ _ _ _ _ _ _ _ _ _ _ _ _ _ _ _ _ _ _ 
/opt/anaconda3/envs/testagent-experiment/lib/python3.10/site-packages/tensorflow/python/util/traceback_utils.py:153: in error_handler
    raise e.with_traceback(filtered_tb) from None
_ _ _ _ _ _ _ _ _ _ _ _ _ _ _ _ _ _ _ _ _ _ _ _ _ _ _ _ _ _ _ _ _ _ _ _ _ _ _ _ 

inputs = ('stream_test_log_info',), kwargs = {}, output_stream = 'log:info'
name = None, summarize = 3, sep = ' ', end = '\n', format_name = None
output_stream_to_constant = {<_io.TextIOWrapper name="<_io.FileIO name=6 mode='rb+' closefd=True>" mode='r+' encoding='utf-8'>: 'stdout', <_io.Tex...losefd=True>" mode='r+' encoding='utf-8'>: 'stderr', 20: 'log(info)', <function info at 0x11278d360>: 'log(info)', ...}
output_stream_string = None

    @tf_export("print")
    @dispatch.add_dispatch_support
    def print_v2(*inputs, **kwargs):
      """Print the specified inputs.
    
      A TensorFlow operator that prints the specified inputs to a desired
      output stream or logging level. The inputs may be dense or sparse Tensors,
      primitive python objects, data structures that contain tensors, and printable
      Python objects. Printed tensors will recursively show the first and last
      elements of each dimension to summarize.
    
      Example:
        Single-input usage:
    
        ```python
        tensor = tf.range(10)
        tf.print(tensor, output_stream=sys.stderr)
        ```
    
        (This prints "[0 1 2 ... 7 8 9]" to sys.stderr)
    
        Multi-input usage:
    
        ```python
        tensor = tf.range(10)
        tf.print("tensors:", tensor, {2: tensor * 2}, output_stream=sys.stdout)
        ```
    
        (This prints "tensors: [0 1 2 ... 7 8 9] {2: [0 2 4 ... 14 16 18]}" to
        sys.stdout)
    
        Changing the input separator:
        ```python
        tensor_a = tf.range(2)
        tensor_b = tensor_a * 2
        tf.print(tensor_a, tensor_b, output_stream=sys.stderr, sep=',')
        ```
    
        (This prints "[0 1],[0 2]" to sys.stderr)
    
        Usage in a `tf.function`:
    
        ```python
        @tf.function
        def f():
            tensor = tf.range(10)
            tf.print(tensor, output_stream=sys.stderr)
            return tensor
    
        range_tensor = f()
        ```
    
        (This prints "[0 1 2 ... 7 8 9]" to sys.stderr)
    
      *Compatibility usage in TF 1.x graphs*:
    
        In graphs manually created outside of `tf.function`, this method returns
        the created TF operator that prints the data. To make sure the
        operator runs, users need to pass the produced op to
        `tf.compat.v1.Session`'s run method, or to use the op as a control
        dependency for executed ops by specifying
        `with tf.compat.v1.control_dependencies([print_op])`.
    
        ```python
        tf.compat.v1.disable_v2_behavior()  # for TF1 compatibility only
    
        sess = tf.compat.v1.Session()
        with sess.as_default():
          tensor = tf.range(10)
          print_op = tf.print("tensors:", tensor, {2: tensor * 2},
                              output_stream=sys.stdout)
          with tf.control_dependencies([print_op]):
            tripled_tensor = tensor * 3
    
          sess.run(tripled_tensor)
        ```
    
        (This prints "tensors: [0 1 2 ... 7 8 9] {2: [0 2 4 ... 14 16 18]}" to
        sys.stdout)
    
      Note: In Jupyter notebooks and colabs, `tf.print` prints to the notebook
        cell outputs. It will not write to the notebook kernel's console logs.
    
      Args:
        *inputs: Positional arguments that are the inputs to print. Inputs in the
          printed output will be separated by spaces. Inputs may be python
          primitives, tensors, data structures such as dicts and lists that may
          contain tensors (with the data structures possibly nested in arbitrary
          ways), and printable python objects.
        output_stream: The output stream, logging level, or file to print to.
          Defaults to sys.stderr, but sys.stdout, tf.compat.v1.logging.info,
          tf.compat.v1.logging.warning, tf.compat.v1.logging.error,
          absl.logging.info, absl.logging.warning and absl.logging.error are also
          supported. To print to a file, pass a string started with "file://"
          followed by the file path, e.g., "file:///tmp/foo.out".
        summarize: The first and last `summarize` elements within each dimension are
          recursively printed per Tensor. If None, then the first 3 and last 3
          elements of each dimension are printed for each tensor. If set to -1, it
          will print all elements of every tensor.
        sep: The string to use to separate the inputs. Defaults to " ".
        end: End character that is appended at the end the printed string. Defaults
          to the newline character.
        name: A name for the operation (optional).
    
      Returns:
        None when executing eagerly. During graph tracing this returns
        a TF operator that prints the specified inputs in the specified output
        stream or logging level. This operator will be automatically executed
        except inside of `tf.compat.v1` graphs and sessions.
    
      Raises:
        ValueError: If an unsupported output stream is specified.
      """
      # Because we are using arbitrary-length positional arguments, python 2
      # does not support explicitly specifying the keyword arguments in the
      # function definition. So, we manually get the keyword arguments w/ default
      # values here.
      output_stream = kwargs.pop("output_stream", sys.stderr)
      name = kwargs.pop("name", None)
      summarize = kwargs.pop("summarize", 3)
      sep = kwargs.pop("sep", " ")
      end = kwargs.pop("end", os.linesep)
      if kwargs:
        raise ValueError("Unrecognized keyword arguments for tf.print: %s" % kwargs)
      format_name = None
      if name:
        format_name = name + "_format"
    
      # Match the C++ string constants representing the different output streams.
      # Keep this updated!
      output_stream_to_constant = {
          sys.stdout: "stdout",
          sys.stderr: "stderr",
          tf_logging.INFO: "log(info)",
          tf_logging.info: "log(info)",
          tf_logging.WARN: "log(warning)",
          tf_logging.warning: "log(warning)",
          tf_logging.warn: "log(warning)",
          tf_logging.ERROR: "log(error)",
          tf_logging.error: "log(error)",
          logging.INFO: "log(info)",
          logging.info: "log(info)",
          logging.INFO: "log(info)",
          logging.WARNING: "log(warning)",
          logging.WARN: "log(warning)",
          logging.warning: "log(warning)",
          logging.warn: "log(warning)",
          logging.ERROR: "log(error)",
          logging.error: "log(error)",
      }
    
      if _is_filepath(output_stream):
        output_stream_string = output_stream
      else:
        output_stream_string = output_stream_to_constant.get(output_stream)
        if not output_stream_string:
>         raise ValueError("Unsupported output stream, logging level, or file." +
                           str(output_stream) +
                           ". Supported streams are sys.stdout, "
                           "sys.stderr, tf.logging.info, "
                           "tf.logging.warning, tf.logging.error. " +
                           "File needs to be in the form of 'file://<filepath>'.")
E         ValueError: Unsupported output stream, logging level, or file.log:info. Supported streams are sys.stdout, sys.stderr, tf.logging.info, tf.logging.warning, tf.logging.error. File needs to be in the form of 'file://<filepath>'.

/opt/anaconda3/envs/testagent-experiment/lib/python3.10/site-packages/tensorflow/python/ops/logging_ops.py:300: ValueError
______________ TestLoggingOps.test_print_v2_invalid_output_stream ______________

self = <test_tensorflow_python_ops_logging_ops.TestLoggingOps object at 0x1450f1fc0>

    def test_print_v2_invalid_output_stream(self):
        """Test that invalid output stream raises ValueError."""
        with pytest.raises(ValueError, match="unsupported output stream"):
>           logging_ops.print_v2("test", output_stream="invalid_stream")

tests/test_tensorflow_python_ops_logging_ops.py:460: 
_ _ _ _ _ _ _ _ _ _ _ _ _ _ _ _ _ _ _ _ _ _ _ _ _ _ _ _ _ _ _ _ _ _ _ _ _ _ _ _ 
/opt/anaconda3/envs/testagent-experiment/lib/python3.10/site-packages/tensorflow/python/util/traceback_utils.py:153: in error_handler
    raise e.with_traceback(filtered_tb) from None
_ _ _ _ _ _ _ _ _ _ _ _ _ _ _ _ _ _ _ _ _ _ _ _ _ _ _ _ _ _ _ _ _ _ _ _ _ _ _ _ 

inputs = ('test',), kwargs = {}, output_stream = 'invalid_stream', name = None
summarize = 3, sep = ' ', end = '\n', format_name = None
output_stream_to_constant = {<_io.TextIOWrapper name="<_io.FileIO name=6 mode='rb+' closefd=True>" mode='r+' encoding='utf-8'>: 'stdout', <_io.Tex...losefd=True>" mode='r+' encoding='utf-8'>: 'stderr', 20: 'log(info)', <function info at 0x11278d360>: 'log(info)', ...}
output_stream_string = None

    @tf_export("print")
    @dispatch.add_dispatch_support
    def print_v2(*inputs, **kwargs):
      """Print the specified inputs.
    
      A TensorFlow operator that prints the specified inputs to a desired
      output stream or logging level. The inputs may be dense or sparse Tensors,
      primitive python objects, data structures that contain tensors, and printable
      Python objects. Printed tensors will recursively show the first and last
      elements of each dimension to summarize.
    
      Example:
        Single-input usage:
    
        ```python
        tensor = tf.range(10)
        tf.print(tensor, output_stream=sys.stderr)
        ```
    
        (This prints "[0 1 2 ... 7 8 9]" to sys.stderr)
    
        Multi-input usage:
    
        ```python
        tensor = tf.range(10)
        tf.print("tensors:", tensor, {2: tensor * 2}, output_stream=sys.stdout)
        ```
    
        (This prints "tensors: [0 1 2 ... 7 8 9] {2: [0 2 4 ... 14 16 18]}" to
        sys.stdout)
    
        Changing the input separator:
        ```python
        tensor_a = tf.range(2)
        tensor_b = tensor_a * 2
        tf.print(tensor_a, tensor_b, output_stream=sys.stderr, sep=',')
        ```
    
        (This prints "[0 1],[0 2]" to sys.stderr)
    
        Usage in a `tf.function`:
    
        ```python
        @tf.function
        def f():
            tensor = tf.range(10)
            tf.print(tensor, output_stream=sys.stderr)
            return tensor
    
        range_tensor = f()
        ```
    
        (This prints "[0 1 2 ... 7 8 9]" to sys.stderr)
    
      *Compatibility usage in TF 1.x graphs*:
    
        In graphs manually created outside of `tf.function`, this method returns
        the created TF operator that prints the data. To make sure the
        operator runs, users need to pass the produced op to
        `tf.compat.v1.Session`'s run method, or to use the op as a control
        dependency for executed ops by specifying
        `with tf.compat.v1.control_dependencies([print_op])`.
    
        ```python
        tf.compat.v1.disable_v2_behavior()  # for TF1 compatibility only
    
        sess = tf.compat.v1.Session()
        with sess.as_default():
          tensor = tf.range(10)
          print_op = tf.print("tensors:", tensor, {2: tensor * 2},
                              output_stream=sys.stdout)
          with tf.control_dependencies([print_op]):
            tripled_tensor = tensor * 3
    
          sess.run(tripled_tensor)
        ```
    
        (This prints "tensors: [0 1 2 ... 7 8 9] {2: [0 2 4 ... 14 16 18]}" to
        sys.stdout)
    
      Note: In Jupyter notebooks and colabs, `tf.print` prints to the notebook
        cell outputs. It will not write to the notebook kernel's console logs.
    
      Args:
        *inputs: Positional arguments that are the inputs to print. Inputs in the
          printed output will be separated by spaces. Inputs may be python
          primitives, tensors, data structures such as dicts and lists that may
          contain tensors (with the data structures possibly nested in arbitrary
          ways), and printable python objects.
        output_stream: The output stream, logging level, or file to print to.
          Defaults to sys.stderr, but sys.stdout, tf.compat.v1.logging.info,
          tf.compat.v1.logging.warning, tf.compat.v1.logging.error,
          absl.logging.info, absl.logging.warning and absl.logging.error are also
          supported. To print to a file, pass a string started with "file://"
          followed by the file path, e.g., "file:///tmp/foo.out".
        summarize: The first and last `summarize` elements within each dimension are
          recursively printed per Tensor. If None, then the first 3 and last 3
          elements of each dimension are printed for each tensor. If set to -1, it
          will print all elements of every tensor.
        sep: The string to use to separate the inputs. Defaults to " ".
        end: End character that is appended at the end the printed string. Defaults
          to the newline character.
        name: A name for the operation (optional).
    
      Returns:
        None when executing eagerly. During graph tracing this returns
        a TF operator that prints the specified inputs in the specified output
        stream or logging level. This operator will be automatically executed
        except inside of `tf.compat.v1` graphs and sessions.
    
      Raises:
        ValueError: If an unsupported output stream is specified.
      """
      # Because we are using arbitrary-length positional arguments, python 2
      # does not support explicitly specifying the keyword arguments in the
      # function definition. So, we manually get the keyword arguments w/ default
      # values here.
      output_stream = kwargs.pop("output_stream", sys.stderr)
      name = kwargs.pop("name", None)
      summarize = kwargs.pop("summarize", 3)
      sep = kwargs.pop("sep", " ")
      end = kwargs.pop("end", os.linesep)
      if kwargs:
        raise ValueError("Unrecognized keyword arguments for tf.print: %s" % kwargs)
      format_name = None
      if name:
        format_name = name + "_format"
    
      # Match the C++ string constants representing the different output streams.
      # Keep this updated!
      output_stream_to_constant = {
          sys.stdout: "stdout",
          sys.stderr: "stderr",
          tf_logging.INFO: "log(info)",
          tf_logging.info: "log(info)",
          tf_logging.WARN: "log(warning)",
          tf_logging.warning: "log(warning)",
          tf_logging.warn: "log(warning)",
          tf_logging.ERROR: "log(error)",
          tf_logging.error: "log(error)",
          logging.INFO: "log(info)",
          logging.info: "log(info)",
          logging.INFO: "log(info)",
          logging.WARNING: "log(warning)",
          logging.WARN: "log(warning)",
          logging.warning: "log(warning)",
          logging.warn: "log(warning)",
          logging.ERROR: "log(error)",
          logging.error: "log(error)",
      }
    
      if _is_filepath(output_stream):
        output_stream_string = output_stream
      else:
        output_stream_string = output_stream_to_constant.get(output_stream)
        if not output_stream_string:
>         raise ValueError("Unsupported output stream, logging level, or file." +
                           str(output_stream) +
                           ". Supported streams are sys.stdout, "
                           "sys.stderr, tf.logging.info, "
                           "tf.logging.warning, tf.logging.error. " +
                           "File needs to be in the form of 'file://<filepath>'.")
E         ValueError: Unsupported output stream, logging level, or file.invalid_stream. Supported streams are sys.stdout, sys.stderr, tf.logging.info, tf.logging.warning, tf.logging.error. File needs to be in the form of 'file://<filepath>'.

/opt/anaconda3/envs/testagent-experiment/lib/python3.10/site-packages/tensorflow/python/ops/logging_ops.py:300: ValueError

During handling of the above exception, another exception occurred:

self = <test_tensorflow_python_ops_logging_ops.TestLoggingOps object at 0x1450f1fc0>

    def test_print_v2_invalid_output_stream(self):
        """Test that invalid output stream raises ValueError."""
>       with pytest.raises(ValueError, match="unsupported output stream"):
E       AssertionError: Regex pattern did not match.
E         Expected regex: 'unsupported output stream'
E         Actual message: "Unsupported output stream, logging level, or file.invalid_stream. Supported streams are sys.stdout, sys.stderr, tf.logging.info, tf.logging.warning, tf.logging.error. File needs to be in the form of 'file://<filepath>'."

tests/test_tensorflow_python_ops_logging_ops.py:459: AssertionError
=============================== warnings summary ===============================
../../../../../../../../opt/anaconda3/envs/testagent-experiment/lib/python3.10/site-packages/tensorflow/core/framework/tensor_shape_pb2.py:18
  /opt/anaconda3/envs/testagent-experiment/lib/python3.10/site-packages/tensorflow/core/framework/tensor_shape_pb2.py:18: DeprecationWarning: Call to deprecated create function FileDescriptor(). Note: Create unlinked descriptors is going to go away. Please use get/find descriptors from generated code or query the descriptor_pool.
    DESCRIPTOR = _descriptor.FileDescriptor(

../../../../../../../../opt/anaconda3/envs/testagent-experiment/lib/python3.10/site-packages/tensorflow/core/framework/tensor_shape_pb2.py:36
  /opt/anaconda3/envs/testagent-experiment/lib/python3.10/site-packages/tensorflow/core/framework/tensor_shape_pb2.py:36: DeprecationWarning: Call to deprecated create function FieldDescriptor(). Note: Create unlinked descriptors is going to go away. Please use get/find descriptors from generated code or query the descriptor_pool.
    _descriptor.FieldDescriptor(

../../../../../../../../opt/anaconda3/envs/testagent-experiment/lib/python3.10/site-packages/tensorflow/core/framework/tensor_shape_pb2.py:43
  /opt/anaconda3/envs/testagent-experiment/lib/python3.10/site-packages/tensorflow/core/framework/tensor_shape_pb2.py:43: DeprecationWarning: Call to deprecated create function FieldDescriptor(). Note: Create unlinked descriptors is going to go away. Please use get/find descriptors from generated code or query the descriptor_pool.
    _descriptor.FieldDescriptor(

../../../../../../../../opt/anaconda3/envs/testagent-experiment/lib/python3.10/site-packages/tensorflow/core/framework/tensor_shape_pb2.py:29
  /opt/anaconda3/envs/testagent-experiment/lib/python3.10/site-packages/tensorflow/core/framework/tensor_shape_pb2.py:29: DeprecationWarning: Call to deprecated create function Descriptor(). Note: Create unlinked descriptors is going to go away. Please use get/find descriptors from generated code or query the descriptor_pool.
    _TENSORSHAPEPROTO_DIM = _descriptor.Descriptor(

../../../../../../../../opt/anaconda3/envs/testagent-experiment/lib/python3.10/site-packages/tensorflow/core/framework/tensor_shape_pb2.py:73
  /opt/anaconda3/envs/testagent-experiment/lib/python3.10/site-packages/tensorflow/core/framework/tensor_shape_pb2.py:73: DeprecationWarning: Call to deprecated create function FieldDescriptor(). Note: Create unlinked descriptors is going to go away. Please use get/find descriptors from generated code or query the descriptor_pool.
    _descriptor.FieldDescriptor(

../../../../../../../../opt/anaconda3/envs/testagent-experiment/lib/python3.10/site-packages/tensorflow/core/framework/tensor_shape_pb2.py:80
  /opt/anaconda3/envs/testagent-experiment/lib/python3.10/site-packages/tensorflow/core/framework/tensor_shape_pb2.py:80: DeprecationWarning: Call to deprecated create function FieldDescriptor(). Note: Create unlinked descriptors is going to go away. Please use get/find descriptors from generated code or query the descriptor_pool.
    _descriptor.FieldDescriptor(

../../../../../../../../opt/anaconda3/envs/testagent-experiment/lib/python3.10/site-packages/tensorflow/core/framework/tensor_shape_pb2.py:66
  /opt/anaconda3/envs/testagent-experiment/lib/python3.10/site-packages/tensorflow/core/framework/tensor_shape_pb2.py:66: DeprecationWarning: Call to deprecated create function Descriptor(). Note: Create unlinked descriptors is going to go away. Please use get/find descriptors from generated code or query the descriptor_pool.
    _TENSORSHAPEPROTO = _descriptor.Descriptor(

../../../../../../../../opt/anaconda3/envs/testagent-experiment/lib/python3.10/site-packages/tensorflow/core/framework/types_pb2.py:19
  /opt/anaconda3/envs/testagent-experiment/lib/python3.10/site-packages/tensorflow/core/framework/types_pb2.py:19: DeprecationWarning: Call to deprecated create function FileDescriptor(). Note: Create unlinked descriptors is going to go away. Please use get/find descriptors from generated code or query the descriptor_pool.
    DESCRIPTOR = _descriptor.FileDescriptor(

../../../../../../../../opt/anaconda3/envs/testagent-experiment/lib/python3.10/site-packages/tensorflow/core/framework/types_pb2.py:33
  /opt/anaconda3/envs/testagent-experiment/lib/python3.10/site-packages/tensorflow/core/framework/types_pb2.py:33: DeprecationWarning: Call to deprecated create function EnumValueDescriptor(). Note: Create unlinked descriptors is going to go away. Please use get/find descriptors from generated code or query the descriptor_pool.
    _descriptor.EnumValueDescriptor(

../../../../../../../../opt/anaconda3/envs/testagent-experiment/lib/python3.10/site-packages/tensorflow/core/framework/types_pb2.py:37
  /opt/anaconda3/envs/testagent-experiment/lib/python3.10/site-packages/tensorflow/core/framework/types_pb2.py:37: DeprecationWarning: Call to deprecated create function EnumValueDescriptor(). Note: Create unlinked descriptors is going to go away. Please use get/find descriptors from generated code or query the descriptor_pool.
    _descriptor.EnumValueDescriptor(

../../../../../../../../opt/anaconda3/envs/testagent-experiment/lib/python3.10/site-packages/tensorflow/core/framework/types_pb2.py:41
  /opt/anaconda3/envs/testagent-experiment/lib/python3.10/site-packages/tensorflow/core/framework/types_pb2.py:41: DeprecationWarning: Call to deprecated create function EnumValueDescriptor(). Note: Create unlinked descriptors is going to go away. Please use get/find descriptors from generated code or query the descriptor_pool.
    _descriptor.EnumValueDescriptor(

../../../../../../../../opt/anaconda3/envs/testagent-experiment/lib/python3.10/site-packages/tensorflow/core/framework/types_pb2.py:45
  /opt/anaconda3/envs/testagent-experiment/lib/python3.10/site-packages/tensorflow/core/framework/types_pb2.py:45: DeprecationWarning: Call to deprecated create function EnumValueDescriptor(). Note: Create unlinked descriptors is going to go away. Please use get/find descriptors from generated code or query the descriptor_pool.
    _descriptor.EnumValueDescriptor(

../../../../../../../../opt/anaconda3/envs/testagent-experiment/lib/python3.10/site-packages/tensorflow/core/framework/types_pb2.py:49
  /opt/anaconda3/envs/testagent-experiment/lib/python3.10/site-packages/tensorflow/core/framework/types_pb2.py:49: DeprecationWarning: Call to deprecated create function EnumValueDescriptor(). Note: Create unlinked descriptors is going to go away. Please use get/find descriptors from generated code or query the descriptor_pool.
    _descriptor.EnumValueDescriptor(

../../../../../../../../opt/anaconda3/envs/testagent-experiment/lib/python3.10/site-packages/tensorflow/core/framework/types_pb2.py:53
  /opt/anaconda3/envs/testagent-experiment/lib/python3.10/site-packages/tensorflow/core/framework/types_pb2.py:53: DeprecationWarning: Call to deprecated create function EnumValueDescriptor(). Note: Create unlinked descriptors is going to go away. Please use get/find descriptors from generated code or query the descriptor_pool.
    _descriptor.EnumValueDescriptor(

../../../../../../../../opt/anaconda3/envs/testagent-experiment/lib/python3.10/site-packages/tensorflow/core/framework/types_pb2.py:57
  /opt/anaconda3/envs/testagent-experiment/lib/python3.10/site-packages/tensorflow/core/framework/types_pb2.py:57: DeprecationWarning: Call to deprecated create function EnumValueDescriptor(). Note: Create unlinked descriptors is going to go away. Please use get/find descriptors from generated code or query the descriptor_pool.
    _descriptor.EnumValueDescriptor(

../../../../../../../../opt/anaconda3/envs/testagent-experiment/lib/python3.10/site-packages/tensorflow/core/framework/types_pb2.py:61
  /opt/anaconda3/envs/testagent-experiment/lib/python3.10/site-packages/tensorflow/core/framework/types_pb2.py:61: DeprecationWarning: Call to deprecated create function EnumValueDescriptor(). Note: Create unlinked descriptors is going to go away. Please use get/find descriptors from generated code or query the descriptor_pool.
    _descriptor.EnumValueDescriptor(

../../../../../../../../opt/anaconda3/envs/testagent-experiment/lib/python3.10/site-packages/tensorflow/core/framework/types_pb2.py:65
  /opt/anaconda3/envs/testagent-experiment/lib/python3.10/site-packages/tensorflow/core/framework/types_pb2.py:65: DeprecationWarning: Call to deprecated create function EnumValueDescriptor(). Note: Create unlinked descriptors is going to go away. Please use get/find descriptors from generated code or query the descriptor_pool.
    _descriptor.EnumValueDescriptor(

../../../../../../../../opt/anaconda3/envs/testagent-experiment/lib/python3.10/site-packages/tensorflow/core/framework/types_pb2.py:69
  /opt/anaconda3/envs/testagent-experiment/lib/python3.10/site-packages/tensorflow/core/framework/types_pb2.py:69: DeprecationWarning: Call to deprecated create function EnumValueDescriptor(). Note: Create unlinked descriptors is going to go away. Please use get/find descriptors from generated code or query the descriptor_pool.
    _descriptor.EnumValueDescriptor(

../../../../../../../../opt/anaconda3/envs/testagent-experiment/lib/python3.10/site-packages/tensorflow/core/framework/types_pb2.py:73
  /opt/anaconda3/envs/testagent-experiment/lib/python3.10/site-packages/tensorflow/core/framework/types_pb2.py:73: DeprecationWarning: Call to deprecated create function EnumValueDescriptor(). Note: Create unlinked descriptors is going to go away. Please use get/find descriptors from generated code or query the descriptor_pool.
    _descriptor.EnumValueDescriptor(

../../../../../../../../opt/anaconda3/envs/testagent-experiment/lib/python3.10/site-packages/tensorflow/core/framework/types_pb2.py:77
  /opt/anaconda3/envs/testagent-experiment/lib/python3.10/site-packages/tensorflow/core/framework/types_pb2.py:77: DeprecationWarning: Call to deprecated create function EnumValueDescriptor(). Note: Create unlinked descriptors is going to go away. Please use get/find descriptors from generated code or query the descriptor_pool.
    _descriptor.EnumValueDescriptor(

../../../../../../../../opt/anaconda3/envs/testagent-experiment/lib/python3.10/site-packages/tensorflow/core/framework/types_pb2.py:81
  /opt/anaconda3/envs/testagent-experiment/lib/python3.10/site-packages/tensorflow/core/framework/types_pb2.py:81: DeprecationWarning: Call to deprecated create function EnumValueDescriptor(). Note: Create unlinked descriptors is going to go away. Please use get/find descriptors from generated code or query the descriptor_pool.
    _descriptor.EnumValueDescriptor(

../../../../../../../../opt/anaconda3/envs/testagent-experiment/lib/python3.10/site-packages/tensorflow/core/framework/types_pb2.py:85
  /opt/anaconda3/envs/testagent-experiment/lib/python3.10/site-packages/tensorflow/core/framework/types_pb2.py:85: DeprecationWarning: Call to deprecated create function EnumValueDescriptor(). Note: Create unlinked descriptors is going to go away. Please use get/find descriptors from generated code or query the descriptor_pool.
    _descriptor.EnumValueDescriptor(

../../../../../../../../opt/anaconda3/envs/testagent-experiment/lib/python3.10/site-packages/tensorflow/core/framework/types_pb2.py:89
  /opt/anaconda3/envs/testagent-experiment/lib/python3.10/site-packages/tensorflow/core/framework/types_pb2.py:89: DeprecationWarning: Call to deprecated create function EnumValueDescriptor(). Note: Create unlinked descriptors is going to go away. Please use get/find descriptors from generated code or query the descriptor_pool.
    _descriptor.EnumValueDescriptor(

../../../../../../../../opt/anaconda3/envs/testagent-experiment/lib/python3.10/site-packages/tensorflow/core/framework/types_pb2.py:93
  /opt/anaconda3/envs/testagent-experiment/lib/python3.10/site-packages/tensorflow/core/framework/types_pb2.py:93: DeprecationWarning: Call to deprecated create function EnumValueDescriptor(). Note: Create unlinked descriptors is going to go away. Please use get/find descriptors from generated code or query the descriptor_pool.
    _descriptor.EnumValueDescriptor(

../../../../../../../../opt/anaconda3/envs/testagent-experiment/lib/python3.10/site-packages/tensorflow/core/framework/types_pb2.py:97
  /opt/anaconda3/envs/testagent-experiment/lib/python3.10/site-packages/tensorflow/core/framework/types_pb2.py:97: DeprecationWarning: Call to deprecated create function EnumValueDescriptor(). Note: Create unlinked descriptors is going to go away. Please use get/find descriptors from generated code or query the descriptor_pool.
    _descriptor.EnumValueDescriptor(

../../../../../../../../opt/anaconda3/envs/testagent-experiment/lib/python3.10/site-packages/tensorflow/core/framework/types_pb2.py:101
  /opt/anaconda3/envs/testagent-experiment/lib/python3.10/site-packages/tensorflow/core/framework/types_pb2.py:101: DeprecationWarning: Call to deprecated create function EnumValueDescriptor(). Note: Create unlinked descriptors is going to go away. Please use get/find descriptors from generated code or query the descriptor_pool.
    _descriptor.EnumValueDescriptor(

../../../../../../../../opt/anaconda3/envs/testagent-experiment/lib/python3.10/site-packages/tensorflow/core/framework/types_pb2.py:105
  /opt/anaconda3/envs/testagent-experiment/lib/python3.10/site-packages/tensorflow/core/framework/types_pb2.py:105: DeprecationWarning: Call to deprecated create function EnumValueDescriptor(). Note: Create unlinked descriptors is going to go away. Please use get/find descriptors from generated code or query the descriptor_pool.
    _descriptor.EnumValueDescriptor(

../../../../../../../../opt/anaconda3/envs/testagent-experiment/lib/python3.10/site-packages/tensorflow/core/framework/types_pb2.py:109
  /opt/anaconda3/envs/testagent-experiment/lib/python3.10/site-packages/tensorflow/core/framework/types_pb2.py:109: DeprecationWarning: Call to deprecated create function EnumValueDescriptor(). Note: Create unlinked descriptors is going to go away. Please use get/find descriptors from generated code or query the descriptor_pool.
    _descriptor.EnumValueDescriptor(

../../../../../../../../opt/anaconda3/envs/testagent-experiment/lib/python3.10/site-packages/tensorflow/core/framework/types_pb2.py:113
  /opt/anaconda3/envs/testagent-experiment/lib/python3.10/site-packages/tensorflow/core/framework/types_pb2.py:113: DeprecationWarning: Call to deprecated create function EnumValueDescriptor(). Note: Create unlinked descriptors is going to go away. Please use get/find descriptors from generated code or query the descriptor_pool.
    _descriptor.EnumValueDescriptor(

../../../../../../../../opt/anaconda3/envs/testagent-experiment/lib/python3.10/site-packages/tensorflow/core/framework/types_pb2.py:117
  /opt/anaconda3/envs/testagent-experiment/lib/python3.10/site-packages/tensorflow/core/framework/types_pb2.py:117: DeprecationWarning: Call to deprecated create function EnumValueDescriptor(). Note: Create unlinked descriptors is going to go away. Please use get/find descriptors from generated code or query the descriptor_pool.
    _descriptor.EnumValueDescriptor(

../../../../../../../../opt/anaconda3/envs/testagent-experiment/lib/python3.10/site-packages/tensorflow/core/framework/types_pb2.py:121
  /opt/anaconda3/envs/testagent-experiment/lib/python3.10/site-packages/tensorflow/core/framework/types_pb2.py:121: DeprecationWarning: Call to deprecated create function EnumValueDescriptor(). Note: Create unlinked descriptors is going to go away. Please use get/find descriptors from generated code or query the descriptor_pool.
    _descriptor.EnumValueDescriptor(

../../../../../../../../opt/anaconda3/envs/testagent-experiment/lib/python3.10/site-packages/tensorflow/core/framework/types_pb2.py:125
  /opt/anaconda3/envs/testagent-experiment/lib/python3.10/site-packages/tensorflow/core/framework/types_pb2.py:125: DeprecationWarning: Call to deprecated create function EnumValueDescriptor(). Note: Create unlinked descriptors is going to go away. Please use get/find descriptors from generated code or query the descriptor_pool.
    _descriptor.EnumValueDescriptor(

../../../../../../../../opt/anaconda3/envs/testagent-experiment/lib/python3.10/site-packages/tensorflow/core/framework/types_pb2.py:129
  /opt/anaconda3/envs/testagent-experiment/lib/python3.10/site-packages/tensorflow/core/framework/types_pb2.py:129: DeprecationWarning: Call to deprecated create function EnumValueDescriptor(). Note: Create unlinked descriptors is going to go away. Please use get/find descriptors from generated code or query the descriptor_pool.
    _descriptor.EnumValueDescriptor(

../../../../../../../../opt/anaconda3/envs/testagent-experiment/lib/python3.10/site-packages/tensorflow/core/framework/types_pb2.py:133
  /opt/anaconda3/envs/testagent-experiment/lib/python3.10/site-packages/tensorflow/core/framework/types_pb2.py:133: DeprecationWarning: Call to deprecated create function EnumValueDescriptor(). Note: Create unlinked descriptors is going to go away. Please use get/find descriptors from generated code or query the descriptor_pool.
    _descriptor.EnumValueDescriptor(

../../../../../../../../opt/anaconda3/envs/testagent-experiment/lib/python3.10/site-packages/tensorflow/core/framework/types_pb2.py:137
  /opt/anaconda3/envs/testagent-experiment/lib/python3.10/site-packages/tensorflow/core/framework/types_pb2.py:137: DeprecationWarning: Call to deprecated create function EnumValueDescriptor(). Note: Create unlinked descriptors is going to go away. Please use get/find descriptors from generated code or query the descriptor_pool.
    _descriptor.EnumValueDescriptor(

../../../../../../../../opt/anaconda3/envs/testagent-experiment/lib/python3.10/site-packages/tensorflow/core/framework/types_pb2.py:141
  /opt/anaconda3/envs/testagent-experiment/lib/python3.10/site-packages/tensorflow/core/framework/types_pb2.py:141: DeprecationWarning: Call to deprecated create function EnumValueDescriptor(). Note: Create unlinked descriptors is going to go away. Please use get/find descriptors from generated code or query the descriptor_pool.
    _descriptor.EnumValueDescriptor(

../../../../../../../../opt/anaconda3/envs/testagent-experiment/lib/python3.10/site-packages/tensorflow/core/framework/types_pb2.py:145
  /opt/anaconda3/envs/testagent-experiment/lib/python3.10/site-packages/tensorflow/core/framework/types_pb2.py:145: DeprecationWarning: Call to deprecated create function EnumValueDescriptor(). Note: Create unlinked descriptors is going to go away. Please use get/find descriptors from generated code or query the descriptor_pool.
    _descriptor.EnumValueDescriptor(

../../../../../../../../opt/anaconda3/envs/testagent-experiment/lib/python3.10/site-packages/tensorflow/core/framework/types_pb2.py:149
  /opt/anaconda3/envs/testagent-experiment/lib/python3.10/site-packages/tensorflow/core/framework/types_pb2.py:149: DeprecationWarning: Call to deprecated create function EnumValueDescriptor(). Note: Create unlinked descriptors is going to go away. Please use get/find descriptors from generated code or query the descriptor_pool.
    _descriptor.EnumValueDescriptor(

../../../../../../../../opt/anaconda3/envs/testagent-experiment/lib/python3.10/site-packages/tensorflow/core/framework/types_pb2.py:153
  /opt/anaconda3/envs/testagent-experiment/lib/python3.10/site-packages/tensorflow/core/framework/types_pb2.py:153: DeprecationWarning: Call to deprecated create function EnumValueDescriptor(). Note: Create unlinked descriptors is going to go away. Please use get/find descriptors from generated code or query the descriptor_pool.
    _descriptor.EnumValueDescriptor(

../../../../../../../../opt/anaconda3/envs/testagent-experiment/lib/python3.10/site-packages/tensorflow/core/framework/types_pb2.py:157
  /opt/anaconda3/envs/testagent-experiment/lib/python3.10/site-packages/tensorflow/core/framework/types_pb2.py:157: DeprecationWarning: Call to deprecated create function EnumValueDescriptor(). Note: Create unlinked descriptors is going to go away. Please use get/find descriptors from generated code or query the descriptor_pool.
    _descriptor.EnumValueDescriptor(

../../../../../../../../opt/anaconda3/envs/testagent-experiment/lib/python3.10/site-packages/tensorflow/core/framework/types_pb2.py:161
  /opt/anaconda3/envs/testagent-experiment/lib/python3.10/site-packages/tensorflow/core/framework/types_pb2.py:161: DeprecationWarning: Call to deprecated create function EnumValueDescriptor(). Note: Create unlinked descriptors is going to go away. Please use get/find descriptors from generated code or query the descriptor_pool.
    _descriptor.EnumValueDescriptor(

../../../../../../../../opt/anaconda3/envs/testagent-experiment/lib/python3.10/site-packages/tensorflow/core/framework/types_pb2.py:165
  /opt/anaconda3/envs/testagent-experiment/lib/python3.10/site-packages/tensorflow/core/framework/types_pb2.py:165: DeprecationWarning: Call to deprecated create function EnumValueDescriptor(). Note: Create unlinked descriptors is going to go away. Please use get/find descriptors from generated code or query the descriptor_pool.
    _descriptor.EnumValueDescriptor(

../../../../../../../../opt/anaconda3/envs/testagent-experiment/lib/python3.10/site-packages/tensorflow/core/framework/types_pb2.py:169
  /opt/anaconda3/envs/testagent-experiment/lib/python3.10/site-packages/tensorflow/core/framework/types_pb2.py:169: DeprecationWarning: Call to deprecated create function EnumValueDescriptor(). Note: Create unlinked descriptors is going to go away. Please use get/find descriptors from generated code or query the descriptor_pool.
    _descriptor.EnumValueDescriptor(

../../../../../../../../opt/anaconda3/envs/testagent-experiment/lib/python3.10/site-packages/tensorflow/core/framework/types_pb2.py:173
  /opt/anaconda3/envs/testagent-experiment/lib/python3.10/site-packages/tensorflow/core/framework/types_pb2.py:173: DeprecationWarning: Call to deprecated create function EnumValueDescriptor(). Note: Create unlinked descriptors is going to go away. Please use get/find descriptors from generated code or query the descriptor_pool.
    _descriptor.EnumValueDescriptor(

../../../../../../../../opt/anaconda3/envs/testagent-experiment/lib/python3.10/site-packages/tensorflow/core/framework/types_pb2.py:177
  /opt/anaconda3/envs/testagent-experiment/lib/python3.10/site-packages/tensorflow/core/framework/types_pb2.py:177: DeprecationWarning: Call to deprecated create function EnumValueDescriptor(). Note: Create unlinked descriptors is going to go away. Please use get/find descriptors from generated code or query the descriptor_pool.
    _descriptor.EnumValueDescriptor(

../../../../../../../../opt/anaconda3/envs/testagent-experiment/lib/python3.10/site-packages/tensorflow/core/framework/types_pb2.py:181
  /opt/anaconda3/envs/testagent-experiment/lib/python3.10/site-packages/tensorflow/core/framework/types_pb2.py:181: DeprecationWarning: Call to deprecated create function EnumValueDescriptor(). Note: Create unlinked descriptors is going to go away. Please use get/find descriptors from generated code or query the descriptor_pool.
    _descriptor.EnumValueDescriptor(

../../../../../../../../opt/anaconda3/envs/testagent-experiment/lib/python3.10/site-packages/tensorflow/core/framework/types_pb2.py:185
  /opt/anaconda3/envs/testagent-experiment/lib/python3.10/site-packages/tensorflow/core/framework/types_pb2.py:185: DeprecationWarning: Call to deprecated create function EnumValueDescriptor(). Note: Create unlinked descriptors is going to go away. Please use get/find descriptors from generated code or query the descriptor_pool.
    _descriptor.EnumValueDescriptor(

../../../../../../../../opt/anaconda3/envs/testagent-experiment/lib/python3.10/site-packages/tensorflow/core/framework/types_pb2.py:189
  /opt/anaconda3/envs/testagent-experiment/lib/python3.10/site-packages/tensorflow/core/framework/types_pb2.py:189: DeprecationWarning: Call to deprecated create function EnumValueDescriptor(). Note: Create unlinked descriptors is going to go away. Please use get/find descriptors from generated code or query the descriptor_pool.
    _descriptor.EnumValueDescriptor(

../../../../../../../../opt/anaconda3/envs/testagent-experiment/lib/python3.10/site-packages/tensorflow/core/framework/types_pb2.py:193
  /opt/anaconda3/envs/testagent-experiment/lib/python3.10/site-packages/tensorflow/core/framework/types_pb2.py:193: DeprecationWarning: Call to deprecated create function EnumValueDescriptor(). Note: Create unlinked descriptors is going to go away. Please use get/find descriptors from generated code or query the descriptor_pool.
    _descriptor.EnumValueDescriptor(

../../../../../../../../opt/anaconda3/envs/testagent-experiment/lib/python3.10/site-packages/tensorflow/core/framework/types_pb2.py:197
  /opt/anaconda3/envs/testagent-experiment/lib/python3.10/site-packages/tensorflow/core/framework/types_pb2.py:197: DeprecationWarning: Call to deprecated create function EnumValueDescriptor(). Note: Create unlinked descriptors is going to go away. Please use get/find descriptors from generated code or query the descriptor_pool.
    _descriptor.EnumValueDescriptor(

../../../../../../../../opt/anaconda3/envs/testagent-experiment/lib/python3.10/site-packages/tensorflow/core/framework/types_pb2.py:201
  /opt/anaconda3/envs/testagent-experiment/lib/python3.10/site-packages/tensorflow/core/framework/types_pb2.py:201: DeprecationWarning: Call to deprecated create function EnumValueDescriptor(). Note: Create unlinked descriptors is going to go away. Please use get/find descriptors from generated code or query the descriptor_pool.
    _descriptor.EnumValueDescriptor(

../../../../../../../../opt/anaconda3/envs/testagent-experiment/lib/python3.10/site-packages/tensorflow/core/framework/types_pb2.py:205
  /opt/anaconda3/envs/testagent-experiment/lib/python3.10/site-packages/tensorflow/core/framework/types_pb2.py:205: DeprecationWarning: Call to deprecated create function EnumValueDescriptor(). Note: Create unlinked descriptors is going to go away. Please use get/find descriptors from generated code or query the descriptor_pool.
    _descriptor.EnumValueDescriptor(

../../../../../../../../opt/anaconda3/envs/testagent-experiment/lib/python3.10/site-packages/tensorflow/core/framework/types_pb2.py:209
  /opt/anaconda3/envs/testagent-experiment/lib/python3.10/site-packages/tensorflow/core/framework/types_pb2.py:209: DeprecationWarning: Call to deprecated create function EnumValueDescriptor(). Note: Create unlinked descriptors is going to go away. Please use get/find descriptors from generated code or query the descriptor_pool.
    _descriptor.EnumValueDescriptor(

../../../../../../../../opt/anaconda3/envs/testagent-experiment/lib/python3.10/site-packages/tensorflow/core/framework/types_pb2.py:213
  /opt/anaconda3/envs/testagent-experiment/lib/python3.10/site-packages/tensorflow/core/framework/types_pb2.py:213: DeprecationWarning: Call to deprecated create function EnumValueDescriptor(). Note: Create unlinked descriptors is going to go away. Please use get/find descriptors from generated code or query the descriptor_pool.
    _descriptor.EnumValueDescriptor(

../../../../../../../../opt/anaconda3/envs/testagent-experiment/lib/python3.10/site-packages/tensorflow/core/framework/types_pb2.py:217
  /opt/anaconda3/envs/testagent-experiment/lib/python3.10/site-packages/tensorflow/core/framework/types_pb2.py:217: DeprecationWarning: Call to deprecated create function EnumValueDescriptor(). Note: Create unlinked descriptors is going to go away. Please use get/find descriptors from generated code or query the descriptor_pool.
    _descriptor.EnumValueDescriptor(

../../../../../../../../opt/anaconda3/envs/testagent-experiment/lib/python3.10/site-packages/tensorflow/core/framework/types_pb2.py:27
  /opt/anaconda3/envs/testagent-experiment/lib/python3.10/site-packages/tensorflow/core/framework/types_pb2.py:27: DeprecationWarning: Call to deprecated create function EnumDescriptor(). Note: Create unlinked descriptors is going to go away. Please use get/find descriptors from generated code or query the descriptor_pool.
    _DATATYPE = _descriptor.EnumDescriptor(

../../../../../../../../opt/anaconda3/envs/testagent-experiment/lib/python3.10/site-packages/tensorflow/core/framework/resource_handle_pb2.py:20
  /opt/anaconda3/envs/testagent-experiment/lib/python3.10/site-packages/tensorflow/core/framework/resource_handle_pb2.py:20: DeprecationWarning: Call to deprecated create function FileDescriptor(). Note: Create unlinked descriptors is going to go away. Please use get/find descriptors from generated code or query the descriptor_pool.
    DESCRIPTOR = _descriptor.FileDescriptor(

../../../../../../../../opt/anaconda3/envs/testagent-experiment/lib/python3.10/site-packages/tensorflow/core/framework/resource_handle_pb2.py:39
  /opt/anaconda3/envs/testagent-experiment/lib/python3.10/site-packages/tensorflow/core/framework/resource_handle_pb2.py:39: DeprecationWarning: Call to deprecated create function FieldDescriptor(). Note: Create unlinked descriptors is going to go away. Please use get/find descriptors from generated code or query the descriptor_pool.
    _descriptor.FieldDescriptor(

../../../../../../../../opt/anaconda3/envs/testagent-experiment/lib/python3.10/site-packages/tensorflow/core/framework/resource_handle_pb2.py:46
  /opt/anaconda3/envs/testagent-experiment/lib/python3.10/site-packages/tensorflow/core/framework/resource_handle_pb2.py:46: DeprecationWarning: Call to deprecated create function FieldDescriptor(). Note: Create unlinked descriptors is going to go away. Please use get/find descriptors from generated code or query the descriptor_pool.
    _descriptor.FieldDescriptor(

../../../../../../../../opt/anaconda3/envs/testagent-experiment/lib/python3.10/site-packages/tensorflow/core/framework/resource_handle_pb2.py:32
  /opt/anaconda3/envs/testagent-experiment/lib/python3.10/site-packages/tensorflow/core/framework/resource_handle_pb2.py:32: DeprecationWarning: Call to deprecated create function Descriptor(). Note: Create unlinked descriptors is going to go away. Please use get/find descriptors from generated code or query the descriptor_pool.
    _RESOURCEHANDLEPROTO_DTYPEANDSHAPE = _descriptor.Descriptor(

../../../../../../../../opt/anaconda3/envs/testagent-experiment/lib/python3.10/site-packages/tensorflow/core/framework/resource_handle_pb2.py:76
  /opt/anaconda3/envs/testagent-experiment/lib/python3.10/site-packages/tensorflow/core/framework/resource_handle_pb2.py:76: DeprecationWarning: Call to deprecated create function FieldDescriptor(). Note: Create unlinked descriptors is going to go away. Please use get/find descriptors from generated code or query the descriptor_pool.
    _descriptor.FieldDescriptor(

../../../../../../../../opt/anaconda3/envs/testagent-experiment/lib/python3.10/site-packages/tensorflow/core/framework/resource_handle_pb2.py:83
  /opt/anaconda3/envs/testagent-experiment/lib/python3.10/site-packages/tensorflow/core/framework/resource_handle_pb2.py:83: DeprecationWarning: Call to deprecated create function FieldDescriptor(). Note: Create unlinked descriptors is going to go away. Please use get/find descriptors from generated code or query the descriptor_pool.
    _descriptor.FieldDescriptor(

../../../../../../../../opt/anaconda3/envs/testagent-experiment/lib/python3.10/site-packages/tensorflow/core/framework/resource_handle_pb2.py:90
  /opt/anaconda3/envs/testagent-experiment/lib/python3.10/site-packages/tensorflow/core/framework/resource_handle_pb2.py:90: DeprecationWarning: Call to deprecated create function FieldDescriptor(). Note: Create unlinked descriptors is going to go away. Please use get/find descriptors from generated code or query the descriptor_pool.
    _descriptor.FieldDescriptor(

../../../../../../../../opt/anaconda3/envs/testagent-experiment/lib/python3.10/site-packages/tensorflow/core/framework/resource_handle_pb2.py:97
  /opt/anaconda3/envs/testagent-experiment/lib/python3.10/site-packages/tensorflow/core/framework/resource_handle_pb2.py:97: DeprecationWarning: Call to deprecated create function FieldDescriptor(). Note: Create unlinked descriptors is going to go away. Please use get/find descriptors from generated code or query the descriptor_pool.
    _descriptor.FieldDescriptor(

../../../../../../../../opt/anaconda3/envs/testagent-experiment/lib/python3.10/site-packages/tensorflow/core/framework/resource_handle_pb2.py:104
  /opt/anaconda3/envs/testagent-experiment/lib/python3.10/site-packages/tensorflow/core/framework/resource_handle_pb2.py:104: DeprecationWarning: Call to deprecated create function FieldDescriptor(). Note: Create unlinked descriptors is going to go away. Please use get/find descriptors from generated code or query the descriptor_pool.
    _descriptor.FieldDescriptor(

../../../../../../../../opt/anaconda3/envs/testagent-experiment/lib/python3.10/site-packages/tensorflow/core/framework/resource_handle_pb2.py:111
  /opt/anaconda3/envs/testagent-experiment/lib/python3.10/site-packages/tensorflow/core/framework/resource_handle_pb2.py:111: DeprecationWarning: Call to deprecated create function FieldDescriptor(). Note: Create unlinked descriptors is going to go away. Please use get/find descriptors from generated code or query the descriptor_pool.
    _descriptor.FieldDescriptor(

../../../../../../../../opt/anaconda3/envs/testagent-experiment/lib/python3.10/site-packages/tensorflow/core/framework/resource_handle_pb2.py:69
  /opt/anaconda3/envs/testagent-experiment/lib/python3.10/site-packages/tensorflow/core/framework/resource_handle_pb2.py:69: DeprecationWarning: Call to deprecated create function Descriptor(). Note: Create unlinked descriptors is going to go away. Please use get/find descriptors from generated code or query the descriptor_pool.
    _RESOURCEHANDLEPROTO = _descriptor.Descriptor(

../../../../../../../../opt/anaconda3/envs/testagent-experiment/lib/python3.10/site-packages/tensorflow/core/framework/tensor_pb2.py:21
  /opt/anaconda3/envs/testagent-experiment/lib/python3.10/site-packages/tensorflow/core/framework/tensor_pb2.py:21: DeprecationWarning: Call to deprecated create function FileDescriptor(). Note: Create unlinked descriptors is going to go away. Please use get/find descriptors from generated code or query the descriptor_pool.
    DESCRIPTOR = _descriptor.FileDescriptor(

../../../../../../../../opt/anaconda3/envs/testagent-experiment/lib/python3.10/site-packages/tensorflow/core/framework/tensor_pb2.py:40
  /opt/anaconda3/envs/testagent-experiment/lib/python3.10/site-packages/tensorflow/core/framework/tensor_pb2.py:40: DeprecationWarning: Call to deprecated create function FieldDescriptor(). Note: Create unlinked descriptors is going to go away. Please use get/find descriptors from generated code or query the descriptor_pool.
    _descriptor.FieldDescriptor(

../../../../../../../../opt/anaconda3/envs/testagent-experiment/lib/python3.10/site-packages/tensorflow/core/framework/tensor_pb2.py:47
  /opt/anaconda3/envs/testagent-experiment/lib/python3.10/site-packages/tensorflow/core/framework/tensor_pb2.py:47: DeprecationWarning: Call to deprecated create function FieldDescriptor(). Note: Create unlinked descriptors is going to go away. Please use get/find descriptors from generated code or query the descriptor_pool.
    _descriptor.FieldDescriptor(

../../../../../../../../opt/anaconda3/envs/testagent-experiment/lib/python3.10/site-packages/tensorflow/core/framework/tensor_pb2.py:54
  /opt/anaconda3/envs/testagent-experiment/lib/python3.10/site-packages/tensorflow/core/framework/tensor_pb2.py:54: DeprecationWarning: Call to deprecated create function FieldDescriptor(). Note: Create unlinked descriptors is going to go away. Please use get/find descriptors from generated code or query the descriptor_pool.
    _descriptor.FieldDescriptor(

../../../../../../../../opt/anaconda3/envs/testagent-experiment/lib/python3.10/site-packages/tensorflow/core/framework/tensor_pb2.py:61
  /opt/anaconda3/envs/testagent-experiment/lib/python3.10/site-packages/tensorflow/core/framework/tensor_pb2.py:61: DeprecationWarning: Call to deprecated create function FieldDescriptor(). Note: Create unlinked descriptors is going to go away. Please use get/find descriptors from generated code or query the descriptor_pool.
    _descriptor.FieldDescriptor(

../../../../../../../../opt/anaconda3/envs/testagent-experiment/lib/python3.10/site-packages/tensorflow/core/framework/tensor_pb2.py:68
  /opt/anaconda3/envs/testagent-experiment/lib/python3.10/site-packages/tensorflow/core/framework/tensor_pb2.py:68: DeprecationWarning: Call to deprecated create function FieldDescriptor(). Note: Create unlinked descriptors is going to go away. Please use get/find descriptors from generated code or query the descriptor_pool.
    _descriptor.FieldDescriptor(

../../../../../../../../opt/anaconda3/envs/testagent-experiment/lib/python3.10/site-packages/tensorflow/core/framework/tensor_pb2.py:75
  /opt/anaconda3/envs/testagent-experiment/lib/python3.10/site-packages/tensorflow/core/framework/tensor_pb2.py:75: DeprecationWarning: Call to deprecated create function FieldDescriptor(). Note: Create unlinked descriptors is going to go away. Please use get/find descriptors from generated code or query the descriptor_pool.
    _descriptor.FieldDescriptor(

../../../../../../../../opt/anaconda3/envs/testagent-experiment/lib/python3.10/site-packages/tensorflow/core/framework/tensor_pb2.py:82
  /opt/anaconda3/envs/testagent-experiment/lib/python3.10/site-packages/tensorflow/core/framework/tensor_pb2.py:82: DeprecationWarning: Call to deprecated create function FieldDescriptor(). Note: Create unlinked descriptors is going to go away. Please use get/find descriptors from generated code or query the descriptor_pool.
    _descriptor.FieldDescriptor(

../../../../../../../../opt/anaconda3/envs/testagent-experiment/lib/python3.10/site-packages/tensorflow/core/framework/tensor_pb2.py:89
  /opt/anaconda3/envs/testagent-experiment/lib/python3.10/site-packages/tensorflow/core/framework/tensor_pb2.py:89: DeprecationWarning: Call to deprecated create function FieldDescriptor(). Note: Create unlinked descriptors is going to go away. Please use get/find descriptors from generated code or query the descriptor_pool.
    _descriptor.FieldDescriptor(

../../../../../../../../opt/anaconda3/envs/testagent-experiment/lib/python3.10/site-packages/tensorflow/core/framework/tensor_pb2.py:96
  /opt/anaconda3/envs/testagent-experiment/lib/python3.10/site-packages/tensorflow/core/framework/tensor_pb2.py:96: DeprecationWarning: Call to deprecated create function FieldDescriptor(). Note: Create unlinked descriptors is going to go away. Please use get/find descriptors from generated code or query the descriptor_pool.
    _descriptor.FieldDescriptor(

../../../../../../../../opt/anaconda3/envs/testagent-experiment/lib/python3.10/site-packages/tensorflow/core/framework/tensor_pb2.py:103
  /opt/anaconda3/envs/testagent-experiment/lib/python3.10/site-packages/tensorflow/core/framework/tensor_pb2.py:103: DeprecationWarning: Call to deprecated create function FieldDescriptor(). Note: Create unlinked descriptors is going to go away. Please use get/find descriptors from generated code or query the descriptor_pool.
    _descriptor.FieldDescriptor(

../../../../../../../../opt/anaconda3/envs/testagent-experiment/lib/python3.10/site-packages/tensorflow/core/framework/tensor_pb2.py:110
  /opt/anaconda3/envs/testagent-experiment/lib/python3.10/site-packages/tensorflow/core/framework/tensor_pb2.py:110: DeprecationWarning: Call to deprecated create function FieldDescriptor(). Note: Create unlinked descriptors is going to go away. Please use get/find descriptors from generated code or query the descriptor_pool.
    _descriptor.FieldDescriptor(

../../../../../../../../opt/anaconda3/envs/testagent-experiment/lib/python3.10/site-packages/tensorflow/core/framework/tensor_pb2.py:117
  /opt/anaconda3/envs/testagent-experiment/lib/python3.10/site-packages/tensorflow/core/framework/tensor_pb2.py:117: DeprecationWarning: Call to deprecated create function FieldDescriptor(). Note: Create unlinked descriptors is going to go away. Please use get/find descriptors from generated code or query the descriptor_pool.
    _descriptor.FieldDescriptor(

../../../../../../../../opt/anaconda3/envs/testagent-experiment/lib/python3.10/site-packages/tensorflow/core/framework/tensor_pb2.py:124
  /opt/anaconda3/envs/testagent-experiment/lib/python3.10/site-packages/tensorflow/core/framework/tensor_pb2.py:124: DeprecationWarning: Call to deprecated create function FieldDescriptor(). Note: Create unlinked descriptors is going to go away. Please use get/find descriptors from generated code or query the descriptor_pool.
    _descriptor.FieldDescriptor(

../../../../../../../../opt/anaconda3/envs/testagent-experiment/lib/python3.10/site-packages/tensorflow/core/framework/tensor_pb2.py:131
  /opt/anaconda3/envs/testagent-experiment/lib/python3.10/site-packages/tensorflow/core/framework/tensor_pb2.py:131: DeprecationWarning: Call to deprecated create function FieldDescriptor(). Note: Create unlinked descriptors is going to go away. Please use get/find descriptors from generated code or query the descriptor_pool.
    _descriptor.FieldDescriptor(

../../../../../../../../opt/anaconda3/envs/testagent-experiment/lib/python3.10/site-packages/tensorflow/core/framework/tensor_pb2.py:138
  /opt/anaconda3/envs/testagent-experiment/lib/python3.10/site-packages/tensorflow/core/framework/tensor_pb2.py:138: DeprecationWarning: Call to deprecated create function FieldDescriptor(). Note: Create unlinked descriptors is going to go away. Please use get/find descriptors from generated code or query the descriptor_pool.
    _descriptor.FieldDescriptor(

../../../../../../../../opt/anaconda3/envs/testagent-experiment/lib/python3.10/site-packages/tensorflow/core/framework/tensor_pb2.py:145
  /opt/anaconda3/envs/testagent-experiment/lib/python3.10/site-packages/tensorflow/core/framework/tensor_pb2.py:145: DeprecationWarning: Call to deprecated create function FieldDescriptor(). Note: Create unlinked descriptors is going to go away. Please use get/find descriptors from generated code or query the descriptor_pool.
    _descriptor.FieldDescriptor(

../../../../../../../../opt/anaconda3/envs/testagent-experiment/lib/python3.10/site-packages/tensorflow/core/framework/tensor_pb2.py:152
  /opt/anaconda3/envs/testagent-experiment/lib/python3.10/site-packages/tensorflow/core/framework/tensor_pb2.py:152: DeprecationWarning: Call to deprecated create function FieldDescriptor(). Note: Create unlinked descriptors is going to go away. Please use get/find descriptors from generated code or query the descriptor_pool.
    _descriptor.FieldDescriptor(

../../../../../../../../opt/anaconda3/envs/testagent-experiment/lib/python3.10/site-packages/tensorflow/core/framework/tensor_pb2.py:33
  /opt/anaconda3/envs/testagent-experiment/lib/python3.10/site-packages/tensorflow/core/framework/tensor_pb2.py:33: DeprecationWarning: Call to deprecated create function Descriptor(). Note: Create unlinked descriptors is going to go away. Please use get/find descriptors from generated code or query the descriptor_pool.
    _TENSORPROTO = _descriptor.Descriptor(

../../../../../../../../opt/anaconda3/envs/testagent-experiment/lib/python3.10/site-packages/tensorflow/core/framework/tensor_pb2.py:183
  /opt/anaconda3/envs/testagent-experiment/lib/python3.10/site-packages/tensorflow/core/framework/tensor_pb2.py:183: DeprecationWarning: Call to deprecated create function FieldDescriptor(). Note: Create unlinked descriptors is going to go away. Please use get/find descriptors from generated code or query the descriptor_pool.
    _descriptor.FieldDescriptor(

../../../../../../../../opt/anaconda3/envs/testagent-experiment/lib/python3.10/site-packages/tensorflow/core/framework/tensor_pb2.py:190
  /opt/anaconda3/envs/testagent-experiment/lib/python3.10/site-packages/tensorflow/core/framework/tensor_pb2.py:190: DeprecationWarning: Call to deprecated create function FieldDescriptor(). Note: Create unlinked descriptors is going to go away. Please use get/find descriptors from generated code or query the descriptor_pool.
    _descriptor.FieldDescriptor(

../../../../../../../../opt/anaconda3/envs/testagent-experiment/lib/python3.10/site-packages/tensorflow/core/framework/tensor_pb2.py:197
  /opt/anaconda3/envs/testagent-experiment/lib/python3.10/site-packages/tensorflow/core/framework/tensor_pb2.py:197: DeprecationWarning: Call to deprecated create function FieldDescriptor(). Note: Create unlinked descriptors is going to go away. Please use get/find descriptors from generated code or query the descriptor_pool.
    _descriptor.FieldDescriptor(

../../../../../../../../opt/anaconda3/envs/testagent-experiment/lib/python3.10/site-packages/tensorflow/core/framework/tensor_pb2.py:176
  /opt/anaconda3/envs/testagent-experiment/lib/python3.10/site-packages/tensorflow/core/framework/tensor_pb2.py:176: DeprecationWarning: Call to deprecated create function Descriptor(). Note: Create unlinked descriptors is going to go away. Please use get/find descriptors from generated code or query the descriptor_pool.
    _VARIANTTENSORDATAPROTO = _descriptor.Descriptor(

../../../../../../../../opt/anaconda3/envs/testagent-experiment/lib/python3.10/site-packages/tensorflow/core/framework/attr_value_pb2.py:21
  /opt/anaconda3/envs/testagent-experiment/lib/python3.10/site-packages/tensorflow/core/framework/attr_value_pb2.py:21: DeprecationWarning: Call to deprecated create function FileDescriptor(). Note: Create unlinked descriptors is going to go away. Please use get/find descriptors from generated code or query the descriptor_pool.
    DESCRIPTOR = _descriptor.FileDescriptor(

../../../../../../../../opt/anaconda3/envs/testagent-experiment/lib/python3.10/site-packages/tensorflow/core/framework/attr_value_pb2.py:40
  /opt/anaconda3/envs/testagent-experiment/lib/python3.10/site-packages/tensorflow/core/framework/attr_value_pb2.py:40: DeprecationWarning: Call to deprecated create function FieldDescriptor(). Note: Create unlinked descriptors is going to go away. Please use get/find descriptors from generated code or query the descriptor_pool.
    _descriptor.FieldDescriptor(

../../../../../../../../opt/anaconda3/envs/testagent-experiment/lib/python3.10/site-packages/tensorflow/core/framework/attr_value_pb2.py:47
  /opt/anaconda3/envs/testagent-experiment/lib/python3.10/site-packages/tensorflow/core/framework/attr_value_pb2.py:47: DeprecationWarning: Call to deprecated create function FieldDescriptor(). Note: Create unlinked descriptors is going to go away. Please use get/find descriptors from generated code or query the descriptor_pool.
    _descriptor.FieldDescriptor(

../../../../../../../../opt/anaconda3/envs/testagent-experiment/lib/python3.10/site-packages/tensorflow/core/framework/attr_value_pb2.py:54
  /opt/anaconda3/envs/testagent-experiment/lib/python3.10/site-packages/tensorflow/core/framework/attr_value_pb2.py:54: DeprecationWarning: Call to deprecated create function FieldDescriptor(). Note: Create unlinked descriptors is going to go away. Please use get/find descriptors from generated code or query the descriptor_pool.
    _descriptor.FieldDescriptor(

../../../../../../../../opt/anaconda3/envs/testagent-experiment/lib/python3.10/site-packages/tensorflow/core/framework/attr_value_pb2.py:61
  /opt/anaconda3/envs/testagent-experiment/lib/python3.10/site-packages/tensorflow/core/framework/attr_value_pb2.py:61: DeprecationWarning: Call to deprecated create function FieldDescriptor(). Note: Create unlinked descriptors is going to go away. Please use get/find descriptors from generated code or query the descriptor_pool.
    _descriptor.FieldDescriptor(

../../../../../../../../opt/anaconda3/envs/testagent-experiment/lib/python3.10/site-packages/tensorflow/core/framework/attr_value_pb2.py:68
  /opt/anaconda3/envs/testagent-experiment/lib/python3.10/site-packages/tensorflow/core/framework/attr_value_pb2.py:68: DeprecationWarning: Call to deprecated create function FieldDescriptor(). Note: Create unlinked descriptors is going to go away. Please use get/find descriptors from generated code or query the descriptor_pool.
    _descriptor.FieldDescriptor(

../../../../../../../../opt/anaconda3/envs/testagent-experiment/lib/python3.10/site-packages/tensorflow/core/framework/attr_value_pb2.py:75
  /opt/anaconda3/envs/testagent-experiment/lib/python3.10/site-packages/tensorflow/core/framework/attr_value_pb2.py:75: DeprecationWarning: Call to deprecated create function FieldDescriptor(). Note: Create unlinked descriptors is going to go away. Please use get/find descriptors from generated code or query the descriptor_pool.
    _descriptor.FieldDescriptor(

../../../../../../../../opt/anaconda3/envs/testagent-experiment/lib/python3.10/site-packages/tensorflow/core/framework/attr_value_pb2.py:82
  /opt/anaconda3/envs/testagent-experiment/lib/python3.10/site-packages/tensorflow/core/framework/attr_value_pb2.py:82: DeprecationWarning: Call to deprecated create function FieldDescriptor(). Note: Create unlinked descriptors is going to go away. Please use get/find descriptors from generated code or query the descriptor_pool.
    _descriptor.FieldDescriptor(

../../../../../../../../opt/anaconda3/envs/testagent-experiment/lib/python3.10/site-packages/tensorflow/core/framework/attr_value_pb2.py:89
  /opt/anaconda3/envs/testagent-experiment/lib/python3.10/site-packages/tensorflow/core/framework/attr_value_pb2.py:89: DeprecationWarning: Call to deprecated create function FieldDescriptor(). Note: Create unlinked descriptors is going to go away. Please use get/find descriptors from generated code or query the descriptor_pool.
    _descriptor.FieldDescriptor(

../../../../../../../../opt/anaconda3/envs/testagent-experiment/lib/python3.10/site-packages/tensorflow/core/framework/attr_value_pb2.py:33
  /opt/anaconda3/envs/testagent-experiment/lib/python3.10/site-packages/tensorflow/core/framework/attr_value_pb2.py:33: DeprecationWarning: Call to deprecated create function Descriptor(). Note: Create unlinked descriptors is going to go away. Please use get/find descriptors from generated code or query the descriptor_pool.
    _ATTRVALUE_LISTVALUE = _descriptor.Descriptor(

../../../../../../../../opt/anaconda3/envs/testagent-experiment/lib/python3.10/site-packages/tensorflow/python/framework/dtypes.py:205
  /opt/anaconda3/envs/testagent-experiment/lib/python3.10/site-packages/tensorflow/python/framework/dtypes.py:205: DeprecationWarning: `np.bool8` is a deprecated alias for `np.bool_`.  (Deprecated NumPy 1.24)
    np.bool8: (False, True),

../../../../../../../../opt/anaconda3/envs/testagent-experiment/lib/python3.10/site-packages/flatbuffers/compat.py:19
  /opt/anaconda3/envs/testagent-experiment/lib/python3.10/site-packages/flatbuffers/compat.py:19: DeprecationWarning: the imp module is deprecated in favour of importlib and slated for removal in Python 3.12; see the module's documentation for alternative uses
    import imp

../../../../../../../../opt/anaconda3/envs/testagent-experiment/lib/python3.10/site-packages/tensorboard/compat/tensorflow_stub/dtypes.py:326
  /opt/anaconda3/envs/testagent-experiment/lib/python3.10/site-packages/tensorboard/compat/tensorflow_stub/dtypes.py:326: DeprecationWarning: `np.bool8` is a deprecated alias for `np.bool_`.  (Deprecated NumPy 1.24)
    np.bool8: (False, True),

-- Docs: https://docs.pytest.org/en/stable/how-to/capture-warnings.html
================================ tests coverage ================================
______________ coverage: platform darwin, python 3.10.19-final-0 _______________

Name                                              Stmts   Miss Branch BrPart  Cover   Missing
---------------------------------------------------------------------------------------------
tests/test_tensorflow_python_ops_logging_ops.py     197     57     50      4    67%   74, 81-85, 112-137, 172-198, 261-263, 332->exit, 343-345, 366-367, 370-371, 376-416, 493-494
---------------------------------------------------------------------------------------------
TOTAL                                               197     57     50      4    67%
Coverage XML written to file coverage.xml
=========================== short test summary info ============================
FAILED tests/test_tensorflow_python_ops_logging_ops.py::TestLoggingOps::test_print_v2_basic_functionality[test_input0-[1 2 3 ... 4 5]]
FAILED tests/test_tensorflow_python_ops_logging_ops.py::TestLoggingOps::test_print_v2_basic_functionality[test_input1-test [1. 2.]]
FAILED tests/test_tensorflow_python_ops_logging_ops.py::TestLoggingOps::test_print_v2_basic_functionality[test_input2-{'key': 'value', 'tensor': 42}]
FAILED tests/test_tensorflow_python_ops_logging_ops.py::TestLoggingOps::test_image_summary_4d_tensor_processing[shape0-3-value_range0]
FAILED tests/test_tensorflow_python_ops_logging_ops.py::TestLoggingOps::test_image_summary_4d_tensor_processing[shape1-1-value_range1]
FAILED tests/test_tensorflow_python_ops_logging_ops.py::TestLoggingOps::test_image_summary_4d_tensor_processing[shape2-4-value_range2]
FAILED tests/test_tensorflow_python_ops_logging_ops.py::TestLoggingOps::test_scalar_summary_single_and_multiple_tags[tags2-values2-mixed_types]
FAILED tests/test_tensorflow_python_ops_logging_ops.py::TestLoggingOps::test_print_v2_output_stream_switching[stderr-stderr-sys.stderr]
FAILED tests/test_tensorflow_python_ops_logging_ops.py::TestLoggingOps::test_print_v2_output_stream_switching[stdout-stdout-sys.stdout]
FAILED tests/test_tensorflow_python_ops_logging_ops.py::TestLoggingOps::test_print_v2_output_stream_switching[log:info-log_info-logging.info]
FAILED tests/test_tensorflow_python_ops_logging_ops.py::TestLoggingOps::test_print_v2_invalid_output_stream
11 failed, 8 passed, 103 warnings in 2.26s

Error: exit 1