=== Run Tests ===
F...FFFFsssss                                                            [100%]
=================================== FAILURES ===================================
____ test_assert_basic_functionality[condition_shape0-data_shapes0-3-True] _____

condition_shape = [], data_shapes = [[3, 3], [4, 1]], summarize = 3
condition_value = True

    @pytest.mark.parametrize("condition_shape,data_shapes,summarize,condition_value", [
        # Base case from test_plan.json
        ([], [[3, 3], [4, 1]], 3, True),  # Changed condition_shape from [2,2] to [] (scalar)
        # Parameter extension: condition=False to trigger error
        ([], [[1, 1]], 1, False),  # Changed condition_shape from [1,1] to [] (scalar)
    ])
    def test_assert_basic_functionality(condition_shape, data_shapes, summarize, condition_value):
        """
        Test basic functionality of Assert operation.
    
        Weak assertions:
        1. operation_created: Assert operation is created
        2. no_exception: No exception when condition is True
        3. output_type: Returns Operation object
    
        Strong assertions (not enabled in round 1):
        1. data_content_preserved: Data content is preserved
        2. summarize_limit: Summarize parameter limits output
        3. error_message_format: Error message format when condition is False
        """
        # In TensorFlow 2.x eager mode, we test Assert directly
    
        # Create data tensors
        data = []
        for i, shape in enumerate(data_shapes):
            data_tensor = create_random_tensor(shape, dtype=tf.float32)
            data.append(data_tensor)
    
        # Create condition tensor
        condition = tf.constant(condition_value, dtype=tf.bool)
    
        if condition_value:
            # When condition is True, Assert should succeed and return the input data
            # In eager mode, Assert returns the first data tensor (or a list of them)
            try:
                # Call Assert operation
                result = gen_logging_ops.Assert(
                    condition=condition,
                    data=data,
                    summarize=summarize
                )
    
                # Weak assertion: no_exception
>               assert result is not None, "Assert should return something when condition is True"
E               AssertionError: Assert should return something when condition is True
E               assert None is not None

tests/test_tensorflow_python_ops_gen_logging_ops.py:117: AssertionError

During handling of the above exception, another exception occurred:

condition_shape = [], data_shapes = [[3, 3], [4, 1]], summarize = 3
condition_value = True

    @pytest.mark.parametrize("condition_shape,data_shapes,summarize,condition_value", [
        # Base case from test_plan.json
        ([], [[3, 3], [4, 1]], 3, True),  # Changed condition_shape from [2,2] to [] (scalar)
        # Parameter extension: condition=False to trigger error
        ([], [[1, 1]], 1, False),  # Changed condition_shape from [1,1] to [] (scalar)
    ])
    def test_assert_basic_functionality(condition_shape, data_shapes, summarize, condition_value):
        """
        Test basic functionality of Assert operation.
    
        Weak assertions:
        1. operation_created: Assert operation is created
        2. no_exception: No exception when condition is True
        3. output_type: Returns Operation object
    
        Strong assertions (not enabled in round 1):
        1. data_content_preserved: Data content is preserved
        2. summarize_limit: Summarize parameter limits output
        3. error_message_format: Error message format when condition is False
        """
        # In TensorFlow 2.x eager mode, we test Assert directly
    
        # Create data tensors
        data = []
        for i, shape in enumerate(data_shapes):
            data_tensor = create_random_tensor(shape, dtype=tf.float32)
            data.append(data_tensor)
    
        # Create condition tensor
        condition = tf.constant(condition_value, dtype=tf.bool)
    
        if condition_value:
            # When condition is True, Assert should succeed and return the input data
            # In eager mode, Assert returns the first data tensor (or a list of them)
            try:
                # Call Assert operation
                result = gen_logging_ops.Assert(
                    condition=condition,
                    data=data,
                    summarize=summarize
                )
    
                # Weak assertion: no_exception
                assert result is not None, "Assert should return something when condition is True"
    
                # In eager mode, Assert returns the first data tensor
                # Check that it's a tensor
                assert isinstance(result, tf.Tensor), f"Expected tf.Tensor, got {type(result)}"
    
                # Check it matches the first data tensor
                assert result is data[0], "Assert should return the first data tensor when condition is True"
    
            except Exception as e:
>               pytest.fail(f"Assert should not raise exception when condition is True: {e}")
E               Failed: Assert should not raise exception when condition is True: Assert should return something when condition is True
E               assert None is not None

tests/test_tensorflow_python_ops_gen_logging_ops.py:127: Failed
_ test_image_summary_basic_functionality[tensor_shape0-3-3-test_image-dtype0] __

tensor_shape = [2, 32, 32, 3], channels = 3, max_images = 3, tag = 'test_image'
dtype = tf.float32

    @pytest.mark.parametrize("tensor_shape,channels,max_images,tag,dtype", [
        # Base case from test_plan.json: RGB image
        ([2, 32, 32, 3], 3, 3, "test_image", tf.float32),
        # Parameter extension: Grayscale image
        ([1, 64, 64, 1], 1, 1, "grayscale", tf.uint8),
    ])
    def test_image_summary_basic_functionality(tensor_shape, channels, max_images, tag, dtype):
        """
        Test basic functionality of ImageSummary operation.
    
        Weak assertions:
        1. summary_created: ImageSummary returns a tensor
        2. string_tensor: Output is a string tensor
        3. no_exception: No exception for valid inputs
        4. shape_4d: Input tensor has 4-D shape
        5. channels_valid: Channels value is valid (1, 3, or 4)
    
        Strong assertions (not enabled in round 1):
        1. protocol_buffer_valid: Output contains valid protocol buffer
        2. max_images_limit: Max_images parameter limits entries
        3. bad_color_default: Bad_color parameter has correct default
        """
        # Validate channels parameter
        assert channels in [1, 3, 4], f"Invalid channels value: {channels}"
    
        # Create image tensor with appropriate dtype
        if dtype == tf.uint8:
            # For uint8, values should be in [0, 255]
            image_data = np.random.randint(0, 256, tensor_shape, dtype=np.uint8)
            image_tensor = tf.constant(image_data, dtype=tf.uint8)
        else:
            # For float32, values should be in [0, 1] or [-1, 1]
            image_data = np.random.randn(*tensor_shape).astype(np.float32)
            # Normalize to [-1, 1] range
            image_data = np.tanh(image_data)
            image_tensor = tf.constant(image_data, dtype=tf.float32)
    
        # Weak assertion: shape validation - input should be 4-D
        assert len(image_tensor.shape) == 4, f"Expected 4-D tensor, got shape {image_tensor.shape}"
        assert image_tensor.shape[-1] == channels, f"Expected {channels} channels, got {image_tensor.shape[-1]}"
    
        # Weak assertion: channels_valid
        assert image_tensor.shape[-1] in [1, 3, 4], \
            f"Invalid number of channels: {image_tensor.shape[-1]}"
    
        # Create tag tensor
        tag_tensor = tf.constant(tag, dtype=tf.string)
    
        try:
            # Call ImageSummary directly in eager mode
>           result = gen_logging_ops.ImageSummary(
                tag=tag_tensor,
                tensor=image_tensor,
                max_images=max_images
            )

tests/test_tensorflow_python_ops_gen_logging_ops.py:295: 
_ _ _ _ _ _ _ _ _ _ _ _ _ _ _ _ _ _ _ _ _ _ _ _ _ _ _ _ _ _ _ _ _ _ _ _ _ _ _ _ 
/opt/anaconda3/envs/testagent-experiment/lib/python3.10/site-packages/tensorflow/python/util/tf_export.py:400: in wrapper
    return f(**kwargs)
/opt/anaconda3/envs/testagent-experiment/lib/python3.10/site-packages/tensorflow/python/ops/gen_logging_ops.py:378: in image_summary
    return image_summary_eager_fallback(
/opt/anaconda3/envs/testagent-experiment/lib/python3.10/site-packages/tensorflow/python/ops/gen_logging_ops.py:417: in image_summary_eager_fallback
    _result = _execute.execute(b"ImageSummary", 1, inputs=_inputs_flat,
_ _ _ _ _ _ _ _ _ _ _ _ _ _ _ _ _ _ _ _ _ _ _ _ _ _ _ _ _ _ _ _ _ _ _ _ _ _ _ _ 

op_name = b'ImageSummary', num_outputs = 1
inputs = [<tf.Tensor: shape=(), dtype=string, numpy=b'test_image'>, <tf.Tensor: shape=(2, 32, 32, 3), dtype=float32, numpy=
arr...         [-0.2585425 ,  0.35027748, -0.9596581 ],
         [-0.9831787 ,  0.3329277 ,  0.45581368]]]], dtype=float32)>]
attrs = ('max_images', 3, 'T', 1, 'bad_color', dtype: DT_UINT8
tensor_shape {
  dim {
    size: 4
  }
}
int_val: 255
int_val: 0
int_val: 0
int_val: 255
)
ctx = <tensorflow.python.eager.context.Context object at 0x1085c5d20>
name = None

    def quick_execute(op_name, num_outputs, inputs, attrs, ctx, name=None):
      """Execute a TensorFlow operation.
    
      Args:
        op_name: Name of the TensorFlow operation (see REGISTER_OP in C++ code) to
          execute.
        num_outputs: The number of outputs of the operation to fetch. (Explicitly
          provided instead of being inferred for performance reasons).
        inputs: A list of inputs to the operation. Each entry should be a Tensor, or
          a value which can be passed to the Tensor constructor to create one.
        attrs: A tuple with alternating string attr names and attr values for this
          operation.
        ctx: The value of context.context().
        name: Customized name for the operation.
    
      Returns:
        List of output Tensor objects. The list is empty if there are no outputs
    
      Raises:
        An exception on error.
      """
      device_name = ctx.device_name
      # pylint: disable=protected-access
      try:
        ctx.ensure_initialized()
>       tensors = pywrap_tfe.TFE_Py_Execute(ctx._handle, device_name, op_name,
                                            inputs, attrs, num_outputs)
E                                           tensorflow.python.framework.errors_impl.UnimplementedError: Attr bad_color has unhandled type 6 [Op:ImageSummary]

/opt/anaconda3/envs/testagent-experiment/lib/python3.10/site-packages/tensorflow/python/eager/execute.py:54: UnimplementedError

During handling of the above exception, another exception occurred:

tensor_shape = [2, 32, 32, 3], channels = 3, max_images = 3, tag = 'test_image'
dtype = tf.float32

    @pytest.mark.parametrize("tensor_shape,channels,max_images,tag,dtype", [
        # Base case from test_plan.json: RGB image
        ([2, 32, 32, 3], 3, 3, "test_image", tf.float32),
        # Parameter extension: Grayscale image
        ([1, 64, 64, 1], 1, 1, "grayscale", tf.uint8),
    ])
    def test_image_summary_basic_functionality(tensor_shape, channels, max_images, tag, dtype):
        """
        Test basic functionality of ImageSummary operation.
    
        Weak assertions:
        1. summary_created: ImageSummary returns a tensor
        2. string_tensor: Output is a string tensor
        3. no_exception: No exception for valid inputs
        4. shape_4d: Input tensor has 4-D shape
        5. channels_valid: Channels value is valid (1, 3, or 4)
    
        Strong assertions (not enabled in round 1):
        1. protocol_buffer_valid: Output contains valid protocol buffer
        2. max_images_limit: Max_images parameter limits entries
        3. bad_color_default: Bad_color parameter has correct default
        """
        # Validate channels parameter
        assert channels in [1, 3, 4], f"Invalid channels value: {channels}"
    
        # Create image tensor with appropriate dtype
        if dtype == tf.uint8:
            # For uint8, values should be in [0, 255]
            image_data = np.random.randint(0, 256, tensor_shape, dtype=np.uint8)
            image_tensor = tf.constant(image_data, dtype=tf.uint8)
        else:
            # For float32, values should be in [0, 1] or [-1, 1]
            image_data = np.random.randn(*tensor_shape).astype(np.float32)
            # Normalize to [-1, 1] range
            image_data = np.tanh(image_data)
            image_tensor = tf.constant(image_data, dtype=tf.float32)
    
        # Weak assertion: shape validation - input should be 4-D
        assert len(image_tensor.shape) == 4, f"Expected 4-D tensor, got shape {image_tensor.shape}"
        assert image_tensor.shape[-1] == channels, f"Expected {channels} channels, got {image_tensor.shape[-1]}"
    
        # Weak assertion: channels_valid
        assert image_tensor.shape[-1] in [1, 3, 4], \
            f"Invalid number of channels: {image_tensor.shape[-1]}"
    
        # Create tag tensor
        tag_tensor = tf.constant(tag, dtype=tf.string)
    
        try:
            # Call ImageSummary directly in eager mode
            result = gen_logging_ops.ImageSummary(
                tag=tag_tensor,
                tensor=image_tensor,
                max_images=max_images
            )
    
            # Weak assertion: summary_created
            assert result is not None, "ImageSummary should return a tensor"
    
            # Weak assertion: string_tensor
            assert_tensor_dtype(result, tf.string)
    
            # Get the value
            summary_value = result.numpy()
    
            # Check it's a string (bytes in TensorFlow)
            assert isinstance(summary_value, bytes), f"Expected bytes, got {type(summary_value)}"
    
            # Check it's not empty
            assert len(summary_value) > 0, "Summary should not be empty"
    
        except Exception as e:
>           pytest.fail(f"ImageSummary failed: {e}")
E           Failed: ImageSummary failed: Attr bad_color has unhandled type 6 [Op:ImageSummary]

tests/test_tensorflow_python_ops_gen_logging_ops.py:317: Failed
__ test_image_summary_basic_functionality[tensor_shape1-1-1-grayscale-dtype1] __

tensor_shape = [1, 64, 64, 1], channels = 1, max_images = 1, tag = 'grayscale'
dtype = tf.uint8

    @pytest.mark.parametrize("tensor_shape,channels,max_images,tag,dtype", [
        # Base case from test_plan.json: RGB image
        ([2, 32, 32, 3], 3, 3, "test_image", tf.float32),
        # Parameter extension: Grayscale image
        ([1, 64, 64, 1], 1, 1, "grayscale", tf.uint8),
    ])
    def test_image_summary_basic_functionality(tensor_shape, channels, max_images, tag, dtype):
        """
        Test basic functionality of ImageSummary operation.
    
        Weak assertions:
        1. summary_created: ImageSummary returns a tensor
        2. string_tensor: Output is a string tensor
        3. no_exception: No exception for valid inputs
        4. shape_4d: Input tensor has 4-D shape
        5. channels_valid: Channels value is valid (1, 3, or 4)
    
        Strong assertions (not enabled in round 1):
        1. protocol_buffer_valid: Output contains valid protocol buffer
        2. max_images_limit: Max_images parameter limits entries
        3. bad_color_default: Bad_color parameter has correct default
        """
        # Validate channels parameter
        assert channels in [1, 3, 4], f"Invalid channels value: {channels}"
    
        # Create image tensor with appropriate dtype
        if dtype == tf.uint8:
            # For uint8, values should be in [0, 255]
            image_data = np.random.randint(0, 256, tensor_shape, dtype=np.uint8)
            image_tensor = tf.constant(image_data, dtype=tf.uint8)
        else:
            # For float32, values should be in [0, 1] or [-1, 1]
            image_data = np.random.randn(*tensor_shape).astype(np.float32)
            # Normalize to [-1, 1] range
            image_data = np.tanh(image_data)
            image_tensor = tf.constant(image_data, dtype=tf.float32)
    
        # Weak assertion: shape validation - input should be 4-D
        assert len(image_tensor.shape) == 4, f"Expected 4-D tensor, got shape {image_tensor.shape}"
        assert image_tensor.shape[-1] == channels, f"Expected {channels} channels, got {image_tensor.shape[-1]}"
    
        # Weak assertion: channels_valid
        assert image_tensor.shape[-1] in [1, 3, 4], \
            f"Invalid number of channels: {image_tensor.shape[-1]}"
    
        # Create tag tensor
        tag_tensor = tf.constant(tag, dtype=tf.string)
    
        try:
            # Call ImageSummary directly in eager mode
>           result = gen_logging_ops.ImageSummary(
                tag=tag_tensor,
                tensor=image_tensor,
                max_images=max_images
            )

tests/test_tensorflow_python_ops_gen_logging_ops.py:295: 
_ _ _ _ _ _ _ _ _ _ _ _ _ _ _ _ _ _ _ _ _ _ _ _ _ _ _ _ _ _ _ _ _ _ _ _ _ _ _ _ 
/opt/anaconda3/envs/testagent-experiment/lib/python3.10/site-packages/tensorflow/python/util/tf_export.py:400: in wrapper
    return f(**kwargs)
/opt/anaconda3/envs/testagent-experiment/lib/python3.10/site-packages/tensorflow/python/ops/gen_logging_ops.py:378: in image_summary
    return image_summary_eager_fallback(
/opt/anaconda3/envs/testagent-experiment/lib/python3.10/site-packages/tensorflow/python/ops/gen_logging_ops.py:417: in image_summary_eager_fallback
    _result = _execute.execute(b"ImageSummary", 1, inputs=_inputs_flat,
_ _ _ _ _ _ _ _ _ _ _ _ _ _ _ _ _ _ _ _ _ _ _ _ _ _ _ _ _ _ _ _ _ _ _ _ _ _ _ _ 

op_name = b'ImageSummary', num_outputs = 1
inputs = [<tf.Tensor: shape=(), dtype=string, numpy=b'grayscale'>, <tf.Tensor: shape=(1, 64, 64, 1), dtype=uint8, numpy=
array(...[[ 53],
         [123],
         [229],
         ...,
         [180],
         [133],
         [197]]]], dtype=uint8)>]
attrs = ('max_images', 1, 'T', 4, 'bad_color', dtype: DT_UINT8
tensor_shape {
  dim {
    size: 4
  }
}
int_val: 255
int_val: 0
int_val: 0
int_val: 255
)
ctx = <tensorflow.python.eager.context.Context object at 0x1085c5d20>
name = None

    def quick_execute(op_name, num_outputs, inputs, attrs, ctx, name=None):
      """Execute a TensorFlow operation.
    
      Args:
        op_name: Name of the TensorFlow operation (see REGISTER_OP in C++ code) to
          execute.
        num_outputs: The number of outputs of the operation to fetch. (Explicitly
          provided instead of being inferred for performance reasons).
        inputs: A list of inputs to the operation. Each entry should be a Tensor, or
          a value which can be passed to the Tensor constructor to create one.
        attrs: A tuple with alternating string attr names and attr values for this
          operation.
        ctx: The value of context.context().
        name: Customized name for the operation.
    
      Returns:
        List of output Tensor objects. The list is empty if there are no outputs
    
      Raises:
        An exception on error.
      """
      device_name = ctx.device_name
      # pylint: disable=protected-access
      try:
        ctx.ensure_initialized()
>       tensors = pywrap_tfe.TFE_Py_Execute(ctx._handle, device_name, op_name,
                                            inputs, attrs, num_outputs)
E                                           tensorflow.python.framework.errors_impl.UnimplementedError: Attr bad_color has unhandled type 6 [Op:ImageSummary]

/opt/anaconda3/envs/testagent-experiment/lib/python3.10/site-packages/tensorflow/python/eager/execute.py:54: UnimplementedError

During handling of the above exception, another exception occurred:

tensor_shape = [1, 64, 64, 1], channels = 1, max_images = 1, tag = 'grayscale'
dtype = tf.uint8

    @pytest.mark.parametrize("tensor_shape,channels,max_images,tag,dtype", [
        # Base case from test_plan.json: RGB image
        ([2, 32, 32, 3], 3, 3, "test_image", tf.float32),
        # Parameter extension: Grayscale image
        ([1, 64, 64, 1], 1, 1, "grayscale", tf.uint8),
    ])
    def test_image_summary_basic_functionality(tensor_shape, channels, max_images, tag, dtype):
        """
        Test basic functionality of ImageSummary operation.
    
        Weak assertions:
        1. summary_created: ImageSummary returns a tensor
        2. string_tensor: Output is a string tensor
        3. no_exception: No exception for valid inputs
        4. shape_4d: Input tensor has 4-D shape
        5. channels_valid: Channels value is valid (1, 3, or 4)
    
        Strong assertions (not enabled in round 1):
        1. protocol_buffer_valid: Output contains valid protocol buffer
        2. max_images_limit: Max_images parameter limits entries
        3. bad_color_default: Bad_color parameter has correct default
        """
        # Validate channels parameter
        assert channels in [1, 3, 4], f"Invalid channels value: {channels}"
    
        # Create image tensor with appropriate dtype
        if dtype == tf.uint8:
            # For uint8, values should be in [0, 255]
            image_data = np.random.randint(0, 256, tensor_shape, dtype=np.uint8)
            image_tensor = tf.constant(image_data, dtype=tf.uint8)
        else:
            # For float32, values should be in [0, 1] or [-1, 1]
            image_data = np.random.randn(*tensor_shape).astype(np.float32)
            # Normalize to [-1, 1] range
            image_data = np.tanh(image_data)
            image_tensor = tf.constant(image_data, dtype=tf.float32)
    
        # Weak assertion: shape validation - input should be 4-D
        assert len(image_tensor.shape) == 4, f"Expected 4-D tensor, got shape {image_tensor.shape}"
        assert image_tensor.shape[-1] == channels, f"Expected {channels} channels, got {image_tensor.shape[-1]}"
    
        # Weak assertion: channels_valid
        assert image_tensor.shape[-1] in [1, 3, 4], \
            f"Invalid number of channels: {image_tensor.shape[-1]}"
    
        # Create tag tensor
        tag_tensor = tf.constant(tag, dtype=tf.string)
    
        try:
            # Call ImageSummary directly in eager mode
            result = gen_logging_ops.ImageSummary(
                tag=tag_tensor,
                tensor=image_tensor,
                max_images=max_images
            )
    
            # Weak assertion: summary_created
            assert result is not None, "ImageSummary should return a tensor"
    
            # Weak assertion: string_tensor
            assert_tensor_dtype(result, tf.string)
    
            # Get the value
            summary_value = result.numpy()
    
            # Check it's a string (bytes in TensorFlow)
            assert isinstance(summary_value, bytes), f"Expected bytes, got {type(summary_value)}"
    
            # Check it's not empty
            assert len(summary_value) > 0, "Summary should not be empty"
    
        except Exception as e:
>           pytest.fail(f"ImageSummary failed: {e}")
E           Failed: ImageSummary failed: Attr bad_color has unhandled type 6 [Op:ImageSummary]

tests/test_tensorflow_python_ops_gen_logging_ops.py:317: Failed
_ test_print_basic_functionality[input_shape0-data_shapes0-Test message-10-3-dtype0] _

input_shape = [2, 3], data_shapes = [[2, 2], [3, 1]], message = 'Test message'
first_n = 10, summarize = 3, dtype = tf.float32

    @pytest.mark.parametrize("input_shape,data_shapes,message,first_n,summarize,dtype", [
        # Base case from test_plan.json
        ([2, 3], [[2, 2], [3, 1]], "Test message", 10, 3, tf.float32),
    ])
    def test_print_basic_functionality(input_shape, data_shapes, message, first_n, summarize, dtype):
        """
        Test basic functionality of Print operation.
    
        Weak assertions:
        1. output_returned: Print returns a tensor
        2. input_preserved: Output tensor matches input type and shape
        3. no_exception: No exception for valid inputs
        4. type_match: Output type matches input type
    
        Strong assertions (not enabled in round 1):
        1. stderr_captured: Output is captured to stderr
        2. message_included: Message appears in output
        3. summarize_applied: Summarize parameter limits output
        4. first_n_limit: First_n parameter limits number of prints
        """
        # Test Print operation in eager mode
    
        # Create input tensor
        input_tensor = create_random_tensor(input_shape, dtype=dtype)
    
        # Create data tensors
        data = []
        for i, shape in enumerate(data_shapes):
            data_tensor = create_random_tensor(shape, dtype=tf.float32)
            data.append(data_tensor)
    
        # Mock sys.stderr to capture output
        mock_stderr = io.StringIO()
    
        with mock.patch('sys.stderr', mock_stderr):
            try:
                # Call Print operation directly in eager mode
                # Note: message should be a string, not a tensor
                result = gen_logging_ops.Print(
                    input=input_tensor,
                    data=data,
                    message=message,  # String, not tensor
                    first_n=first_n,
                    summarize=summarize
                )
    
                # Weak assertion: output_returned
                assert result is not None, "Print should return a tensor"
    
                # Weak assertion: input_preserved - output should have same shape and dtype as input
                assert_tensor_shape(result, input_shape)
                assert_tensor_dtype(result, dtype)
    
                # Weak assertion: type_match
                assert result.dtype == input_tensor.dtype, \
                    f"Output dtype {result.dtype} should match input dtype {input_tensor.dtype}"
    
                # Get the values
                output_value = result.numpy()
                input_value = input_tensor.numpy()
    
                # Check that output values match input values (Print should pass through input)
                np.testing.assert_array_equal(output_value, input_value)
    
                # Check that something was written to stderr
                stderr_content = mock_stderr.getvalue()
    
                # Print should write to stderr
                # This is a weak assertion - we just verify something was written
>               assert len(stderr_content) > 0, "Print should write to stderr"
E               AssertionError: Print should write to stderr
E               assert 0 > 0
E                +  where 0 = len('')

tests/test_tensorflow_python_ops_gen_logging_ops.py:390: AssertionError

During handling of the above exception, another exception occurred:

input_shape = [2, 3], data_shapes = [[2, 2], [3, 1]], message = 'Test message'
first_n = 10, summarize = 3, dtype = tf.float32

    @pytest.mark.parametrize("input_shape,data_shapes,message,first_n,summarize,dtype", [
        # Base case from test_plan.json
        ([2, 3], [[2, 2], [3, 1]], "Test message", 10, 3, tf.float32),
    ])
    def test_print_basic_functionality(input_shape, data_shapes, message, first_n, summarize, dtype):
        """
        Test basic functionality of Print operation.
    
        Weak assertions:
        1. output_returned: Print returns a tensor
        2. input_preserved: Output tensor matches input type and shape
        3. no_exception: No exception for valid inputs
        4. type_match: Output type matches input type
    
        Strong assertions (not enabled in round 1):
        1. stderr_captured: Output is captured to stderr
        2. message_included: Message appears in output
        3. summarize_applied: Summarize parameter limits output
        4. first_n_limit: First_n parameter limits number of prints
        """
        # Test Print operation in eager mode
    
        # Create input tensor
        input_tensor = create_random_tensor(input_shape, dtype=dtype)
    
        # Create data tensors
        data = []
        for i, shape in enumerate(data_shapes):
            data_tensor = create_random_tensor(shape, dtype=tf.float32)
            data.append(data_tensor)
    
        # Mock sys.stderr to capture output
        mock_stderr = io.StringIO()
    
        with mock.patch('sys.stderr', mock_stderr):
            try:
                # Call Print operation directly in eager mode
                # Note: message should be a string, not a tensor
                result = gen_logging_ops.Print(
                    input=input_tensor,
                    data=data,
                    message=message,  # String, not tensor
                    first_n=first_n,
                    summarize=summarize
                )
    
                # Weak assertion: output_returned
                assert result is not None, "Print should return a tensor"
    
                # Weak assertion: input_preserved - output should have same shape and dtype as input
                assert_tensor_shape(result, input_shape)
                assert_tensor_dtype(result, dtype)
    
                # Weak assertion: type_match
                assert result.dtype == input_tensor.dtype, \
                    f"Output dtype {result.dtype} should match input dtype {input_tensor.dtype}"
    
                # Get the values
                output_value = result.numpy()
                input_value = input_tensor.numpy()
    
                # Check that output values match input values (Print should pass through input)
                np.testing.assert_array_equal(output_value, input_value)
    
                # Check that something was written to stderr
                stderr_content = mock_stderr.getvalue()
    
                # Print should write to stderr
                # This is a weak assertion - we just verify something was written
                assert len(stderr_content) > 0, "Print should write to stderr"
    
                # Check that the message appears in stderr
                assert message in stderr_content, f"Message '{message}' should appear in stderr output"
    
            except Exception as e:
                # If the above fails, try with message as a tensor (for older TF versions)
                try:
                    # Create message tensor
                    message_tensor = tf.constant(message, dtype=tf.string)
    
>                   result = gen_logging_ops.Print(
                        input=input_tensor,
                        data=data,
                        message=message_tensor,  # Tensor version
                        first_n=first_n,
                        summarize=summarize
                    )

tests/test_tensorflow_python_ops_gen_logging_ops.py:401: 
_ _ _ _ _ _ _ _ _ _ _ _ _ _ _ _ _ _ _ _ _ _ _ _ _ _ _ _ _ _ _ _ _ _ _ _ _ _ _ _ 
/opt/anaconda3/envs/testagent-experiment/lib/python3.10/site-packages/tensorflow/python/util/tf_export.py:400: in wrapper
    return f(**kwargs)
/opt/anaconda3/envs/testagent-experiment/lib/python3.10/site-packages/tensorflow/python/ops/gen_logging_ops.py:533: in _print
    return _print_eager_fallback(
/opt/anaconda3/envs/testagent-experiment/lib/python3.10/site-packages/tensorflow/python/ops/gen_logging_ops.py:569: in _print_eager_fallback
    message = _execute.make_str(message, "message")
_ _ _ _ _ _ _ _ _ _ _ _ _ _ _ _ _ _ _ _ _ _ _ _ _ _ _ _ _ _ _ _ _ _ _ _ _ _ _ _ 

v = <tf.Tensor: shape=(), dtype=string, numpy=b'Test message'>
arg_name = 'message'

    def make_str(v, arg_name):
      if not isinstance(v, compat.bytes_or_text_types):
>       raise TypeError("Expected string for argument '%s' not %s." %
                        (arg_name, repr(v)))
E       TypeError: Expected string for argument 'message' not <tf.Tensor: shape=(), dtype=string, numpy=b'Test message'>.

/opt/anaconda3/envs/testagent-experiment/lib/python3.10/site-packages/tensorflow/python/eager/execute.py:170: TypeError

During handling of the above exception, another exception occurred:

input_shape = [2, 3], data_shapes = [[2, 2], [3, 1]], message = 'Test message'
first_n = 10, summarize = 3, dtype = tf.float32

    @pytest.mark.parametrize("input_shape,data_shapes,message,first_n,summarize,dtype", [
        # Base case from test_plan.json
        ([2, 3], [[2, 2], [3, 1]], "Test message", 10, 3, tf.float32),
    ])
    def test_print_basic_functionality(input_shape, data_shapes, message, first_n, summarize, dtype):
        """
        Test basic functionality of Print operation.
    
        Weak assertions:
        1. output_returned: Print returns a tensor
        2. input_preserved: Output tensor matches input type and shape
        3. no_exception: No exception for valid inputs
        4. type_match: Output type matches input type
    
        Strong assertions (not enabled in round 1):
        1. stderr_captured: Output is captured to stderr
        2. message_included: Message appears in output
        3. summarize_applied: Summarize parameter limits output
        4. first_n_limit: First_n parameter limits number of prints
        """
        # Test Print operation in eager mode
    
        # Create input tensor
        input_tensor = create_random_tensor(input_shape, dtype=dtype)
    
        # Create data tensors
        data = []
        for i, shape in enumerate(data_shapes):
            data_tensor = create_random_tensor(shape, dtype=tf.float32)
            data.append(data_tensor)
    
        # Mock sys.stderr to capture output
        mock_stderr = io.StringIO()
    
        with mock.patch('sys.stderr', mock_stderr):
            try:
                # Call Print operation directly in eager mode
                # Note: message should be a string, not a tensor
                result = gen_logging_ops.Print(
                    input=input_tensor,
                    data=data,
                    message=message,  # String, not tensor
                    first_n=first_n,
                    summarize=summarize
                )
    
                # Weak assertion: output_returned
                assert result is not None, "Print should return a tensor"
    
                # Weak assertion: input_preserved - output should have same shape and dtype as input
                assert_tensor_shape(result, input_shape)
                assert_tensor_dtype(result, dtype)
    
                # Weak assertion: type_match
                assert result.dtype == input_tensor.dtype, \
                    f"Output dtype {result.dtype} should match input dtype {input_tensor.dtype}"
    
                # Get the values
                output_value = result.numpy()
                input_value = input_tensor.numpy()
    
                # Check that output values match input values (Print should pass through input)
                np.testing.assert_array_equal(output_value, input_value)
    
                # Check that something was written to stderr
                stderr_content = mock_stderr.getvalue()
    
                # Print should write to stderr
                # This is a weak assertion - we just verify something was written
                assert len(stderr_content) > 0, "Print should write to stderr"
    
                # Check that the message appears in stderr
                assert message in stderr_content, f"Message '{message}' should appear in stderr output"
    
            except Exception as e:
                # If the above fails, try with message as a tensor (for older TF versions)
                try:
                    # Create message tensor
                    message_tensor = tf.constant(message, dtype=tf.string)
    
                    result = gen_logging_ops.Print(
                        input=input_tensor,
                        data=data,
                        message=message_tensor,  # Tensor version
                        first_n=first_n,
                        summarize=summarize
                    )
    
                    # Weak assertion: output_returned
                    assert result is not None, "Print should return a tensor"
    
                    # Weak assertion: input_preserved
                    assert_tensor_shape(result, input_shape)
                    assert_tensor_dtype(result, dtype)
    
                    # Get the values
                    output_value = result.numpy()
                    input_value = input_tensor.numpy()
    
                    # Check that output values match input values
                    np.testing.assert_array_equal(output_value, input_value)
    
                    # Check stderr
                    stderr_content = mock_stderr.getvalue()
                    assert len(stderr_content) > 0, "Print should write to stderr"
    
                except Exception as e2:
>                   pytest.fail(f"Print operation failed with both string and tensor message: {e}, {e2}")
E                   Failed: Print operation failed with both string and tensor message: Print should write to stderr
E                   assert 0 > 0
E                    +  where 0 = len(''), Expected string for argument 'message' not <tf.Tensor: shape=(), dtype=string, numpy=b'Test message'>.

tests/test_tensorflow_python_ops_gen_logging_ops.py:428: Failed
----------------------------- Captured stderr call -----------------------------
Test message[[0.314444602 -0.358958393][0.729772925...]...][[0.0430309735][0.686857939][-2.06530285]]
______________________ test_timestamp_basic_functionality ______________________

    def test_timestamp_basic_functionality():
        """
        Test basic functionality of Timestamp operation.
    
        Weak assertions:
        1. tensor_created: Timestamp returns a tensor
        2. float64_type: Output is float64 tensor
        3. no_exception: No exception
        4. scalar_shape: Output is a scalar tensor
    
        Strong assertions (not enabled in round 1):
        1. time_monotonic: Time values are monotonic
        2. time_accuracy: Time values are reasonably accurate
        3. device_independent: Works on different devices
        """
        # Mock time.time to control the returned timestamp
        mock_time_value = 1234567890.123456
    
        with mock.patch('time.time', return_value=mock_time_value):
            try:
                # Call Timestamp directly in eager mode
                timestamp_tensor = gen_logging_ops.Timestamp()
    
                # Weak assertion: tensor_created
                assert timestamp_tensor is not None, "Timestamp should return a tensor"
    
                # Weak assertion: float64_type
                assert_tensor_dtype(timestamp_tensor, tf.float64)
    
                # Weak assertion: scalar_shape
                assert len(timestamp_tensor.shape) == 0, f"Expected scalar tensor, got shape {timestamp_tensor.shape}"
    
                # Get the value
                timestamp_value = timestamp_tensor.numpy()
    
                # Check it's a float
                assert isinstance(timestamp_value, (float, np.float64)), \
                    f"Expected float, got {type(timestamp_value)}"
    
                # Check it's positive (time should be positive)
                assert timestamp_value > 0, f"Timestamp should be positive, got {timestamp_value}"
    
                # With mock, it should be exactly our mock value
                # Allow small floating point differences
>               assert abs(timestamp_value - mock_time_value) < 1e-6, \
                    f"Timestamp {timestamp_value} should be close to mock value {mock_time_value}"
E                   AssertionError: Timestamp 1769239615.894943 should be close to mock value 1234567890.123456
E                   assert 534671725.771487 < 1e-06
E                    +  where 534671725.771487 = abs((1769239615.894943 - 1234567890.123456))

tests/test_tensorflow_python_ops_gen_logging_ops.py:476: AssertionError

During handling of the above exception, another exception occurred:

    def test_timestamp_basic_functionality():
        """
        Test basic functionality of Timestamp operation.
    
        Weak assertions:
        1. tensor_created: Timestamp returns a tensor
        2. float64_type: Output is float64 tensor
        3. no_exception: No exception
        4. scalar_shape: Output is a scalar tensor
    
        Strong assertions (not enabled in round 1):
        1. time_monotonic: Time values are monotonic
        2. time_accuracy: Time values are reasonably accurate
        3. device_independent: Works on different devices
        """
        # Mock time.time to control the returned timestamp
        mock_time_value = 1234567890.123456
    
        with mock.patch('time.time', return_value=mock_time_value):
            try:
                # Call Timestamp directly in eager mode
                timestamp_tensor = gen_logging_ops.Timestamp()
    
                # Weak assertion: tensor_created
                assert timestamp_tensor is not None, "Timestamp should return a tensor"
    
                # Weak assertion: float64_type
                assert_tensor_dtype(timestamp_tensor, tf.float64)
    
                # Weak assertion: scalar_shape
                assert len(timestamp_tensor.shape) == 0, f"Expected scalar tensor, got shape {timestamp_tensor.shape}"
    
                # Get the value
                timestamp_value = timestamp_tensor.numpy()
    
                # Check it's a float
                assert isinstance(timestamp_value, (float, np.float64)), \
                    f"Expected float, got {type(timestamp_value)}"
    
                # Check it's positive (time should be positive)
                assert timestamp_value > 0, f"Timestamp should be positive, got {timestamp_value}"
    
                # With mock, it should be exactly our mock value
                # Allow small floating point differences
                assert abs(timestamp_value - mock_time_value) < 1e-6, \
                    f"Timestamp {timestamp_value} should be close to mock value {mock_time_value}"
    
            except Exception as e:
>               pytest.fail(f"Timestamp failed: {e}")
E               Failed: Timestamp failed: Timestamp 1769239615.894943 should be close to mock value 1234567890.123456
E               assert 534671725.771487 < 1e-06
E                +  where 534671725.771487 = abs((1769239615.894943 - 1234567890.123456))

tests/test_tensorflow_python_ops_gen_logging_ops.py:480: Failed
=============================== warnings summary ===============================
../../../../../../../../opt/anaconda3/envs/testagent-experiment/lib/python3.10/site-packages/tensorflow/core/framework/tensor_shape_pb2.py:18
  /opt/anaconda3/envs/testagent-experiment/lib/python3.10/site-packages/tensorflow/core/framework/tensor_shape_pb2.py:18: DeprecationWarning: Call to deprecated create function FileDescriptor(). Note: Create unlinked descriptors is going to go away. Please use get/find descriptors from generated code or query the descriptor_pool.
    DESCRIPTOR = _descriptor.FileDescriptor(

../../../../../../../../opt/anaconda3/envs/testagent-experiment/lib/python3.10/site-packages/tensorflow/core/framework/tensor_shape_pb2.py:36
  /opt/anaconda3/envs/testagent-experiment/lib/python3.10/site-packages/tensorflow/core/framework/tensor_shape_pb2.py:36: DeprecationWarning: Call to deprecated create function FieldDescriptor(). Note: Create unlinked descriptors is going to go away. Please use get/find descriptors from generated code or query the descriptor_pool.
    _descriptor.FieldDescriptor(

../../../../../../../../opt/anaconda3/envs/testagent-experiment/lib/python3.10/site-packages/tensorflow/core/framework/tensor_shape_pb2.py:43
  /opt/anaconda3/envs/testagent-experiment/lib/python3.10/site-packages/tensorflow/core/framework/tensor_shape_pb2.py:43: DeprecationWarning: Call to deprecated create function FieldDescriptor(). Note: Create unlinked descriptors is going to go away. Please use get/find descriptors from generated code or query the descriptor_pool.
    _descriptor.FieldDescriptor(

../../../../../../../../opt/anaconda3/envs/testagent-experiment/lib/python3.10/site-packages/tensorflow/core/framework/tensor_shape_pb2.py:29
  /opt/anaconda3/envs/testagent-experiment/lib/python3.10/site-packages/tensorflow/core/framework/tensor_shape_pb2.py:29: DeprecationWarning: Call to deprecated create function Descriptor(). Note: Create unlinked descriptors is going to go away. Please use get/find descriptors from generated code or query the descriptor_pool.
    _TENSORSHAPEPROTO_DIM = _descriptor.Descriptor(

../../../../../../../../opt/anaconda3/envs/testagent-experiment/lib/python3.10/site-packages/tensorflow/core/framework/tensor_shape_pb2.py:73
  /opt/anaconda3/envs/testagent-experiment/lib/python3.10/site-packages/tensorflow/core/framework/tensor_shape_pb2.py:73: DeprecationWarning: Call to deprecated create function FieldDescriptor(). Note: Create unlinked descriptors is going to go away. Please use get/find descriptors from generated code or query the descriptor_pool.
    _descriptor.FieldDescriptor(

../../../../../../../../opt/anaconda3/envs/testagent-experiment/lib/python3.10/site-packages/tensorflow/core/framework/tensor_shape_pb2.py:80
  /opt/anaconda3/envs/testagent-experiment/lib/python3.10/site-packages/tensorflow/core/framework/tensor_shape_pb2.py:80: DeprecationWarning: Call to deprecated create function FieldDescriptor(). Note: Create unlinked descriptors is going to go away. Please use get/find descriptors from generated code or query the descriptor_pool.
    _descriptor.FieldDescriptor(

../../../../../../../../opt/anaconda3/envs/testagent-experiment/lib/python3.10/site-packages/tensorflow/core/framework/tensor_shape_pb2.py:66
  /opt/anaconda3/envs/testagent-experiment/lib/python3.10/site-packages/tensorflow/core/framework/tensor_shape_pb2.py:66: DeprecationWarning: Call to deprecated create function Descriptor(). Note: Create unlinked descriptors is going to go away. Please use get/find descriptors from generated code or query the descriptor_pool.
    _TENSORSHAPEPROTO = _descriptor.Descriptor(

../../../../../../../../opt/anaconda3/envs/testagent-experiment/lib/python3.10/site-packages/tensorflow/core/framework/types_pb2.py:19
  /opt/anaconda3/envs/testagent-experiment/lib/python3.10/site-packages/tensorflow/core/framework/types_pb2.py:19: DeprecationWarning: Call to deprecated create function FileDescriptor(). Note: Create unlinked descriptors is going to go away. Please use get/find descriptors from generated code or query the descriptor_pool.
    DESCRIPTOR = _descriptor.FileDescriptor(

../../../../../../../../opt/anaconda3/envs/testagent-experiment/lib/python3.10/site-packages/tensorflow/core/framework/types_pb2.py:33
  /opt/anaconda3/envs/testagent-experiment/lib/python3.10/site-packages/tensorflow/core/framework/types_pb2.py:33: DeprecationWarning: Call to deprecated create function EnumValueDescriptor(). Note: Create unlinked descriptors is going to go away. Please use get/find descriptors from generated code or query the descriptor_pool.
    _descriptor.EnumValueDescriptor(

../../../../../../../../opt/anaconda3/envs/testagent-experiment/lib/python3.10/site-packages/tensorflow/core/framework/types_pb2.py:37
  /opt/anaconda3/envs/testagent-experiment/lib/python3.10/site-packages/tensorflow/core/framework/types_pb2.py:37: DeprecationWarning: Call to deprecated create function EnumValueDescriptor(). Note: Create unlinked descriptors is going to go away. Please use get/find descriptors from generated code or query the descriptor_pool.
    _descriptor.EnumValueDescriptor(

../../../../../../../../opt/anaconda3/envs/testagent-experiment/lib/python3.10/site-packages/tensorflow/core/framework/types_pb2.py:41
  /opt/anaconda3/envs/testagent-experiment/lib/python3.10/site-packages/tensorflow/core/framework/types_pb2.py:41: DeprecationWarning: Call to deprecated create function EnumValueDescriptor(). Note: Create unlinked descriptors is going to go away. Please use get/find descriptors from generated code or query the descriptor_pool.
    _descriptor.EnumValueDescriptor(

../../../../../../../../opt/anaconda3/envs/testagent-experiment/lib/python3.10/site-packages/tensorflow/core/framework/types_pb2.py:45
  /opt/anaconda3/envs/testagent-experiment/lib/python3.10/site-packages/tensorflow/core/framework/types_pb2.py:45: DeprecationWarning: Call to deprecated create function EnumValueDescriptor(). Note: Create unlinked descriptors is going to go away. Please use get/find descriptors from generated code or query the descriptor_pool.
    _descriptor.EnumValueDescriptor(

../../../../../../../../opt/anaconda3/envs/testagent-experiment/lib/python3.10/site-packages/tensorflow/core/framework/types_pb2.py:49
  /opt/anaconda3/envs/testagent-experiment/lib/python3.10/site-packages/tensorflow/core/framework/types_pb2.py:49: DeprecationWarning: Call to deprecated create function EnumValueDescriptor(). Note: Create unlinked descriptors is going to go away. Please use get/find descriptors from generated code or query the descriptor_pool.
    _descriptor.EnumValueDescriptor(

../../../../../../../../opt/anaconda3/envs/testagent-experiment/lib/python3.10/site-packages/tensorflow/core/framework/types_pb2.py:53
  /opt/anaconda3/envs/testagent-experiment/lib/python3.10/site-packages/tensorflow/core/framework/types_pb2.py:53: DeprecationWarning: Call to deprecated create function EnumValueDescriptor(). Note: Create unlinked descriptors is going to go away. Please use get/find descriptors from generated code or query the descriptor_pool.
    _descriptor.EnumValueDescriptor(

../../../../../../../../opt/anaconda3/envs/testagent-experiment/lib/python3.10/site-packages/tensorflow/core/framework/types_pb2.py:57
  /opt/anaconda3/envs/testagent-experiment/lib/python3.10/site-packages/tensorflow/core/framework/types_pb2.py:57: DeprecationWarning: Call to deprecated create function EnumValueDescriptor(). Note: Create unlinked descriptors is going to go away. Please use get/find descriptors from generated code or query the descriptor_pool.
    _descriptor.EnumValueDescriptor(

../../../../../../../../opt/anaconda3/envs/testagent-experiment/lib/python3.10/site-packages/tensorflow/core/framework/types_pb2.py:61
  /opt/anaconda3/envs/testagent-experiment/lib/python3.10/site-packages/tensorflow/core/framework/types_pb2.py:61: DeprecationWarning: Call to deprecated create function EnumValueDescriptor(). Note: Create unlinked descriptors is going to go away. Please use get/find descriptors from generated code or query the descriptor_pool.
    _descriptor.EnumValueDescriptor(

../../../../../../../../opt/anaconda3/envs/testagent-experiment/lib/python3.10/site-packages/tensorflow/core/framework/types_pb2.py:65
  /opt/anaconda3/envs/testagent-experiment/lib/python3.10/site-packages/tensorflow/core/framework/types_pb2.py:65: DeprecationWarning: Call to deprecated create function EnumValueDescriptor(). Note: Create unlinked descriptors is going to go away. Please use get/find descriptors from generated code or query the descriptor_pool.
    _descriptor.EnumValueDescriptor(

../../../../../../../../opt/anaconda3/envs/testagent-experiment/lib/python3.10/site-packages/tensorflow/core/framework/types_pb2.py:69
  /opt/anaconda3/envs/testagent-experiment/lib/python3.10/site-packages/tensorflow/core/framework/types_pb2.py:69: DeprecationWarning: Call to deprecated create function EnumValueDescriptor(). Note: Create unlinked descriptors is going to go away. Please use get/find descriptors from generated code or query the descriptor_pool.
    _descriptor.EnumValueDescriptor(

../../../../../../../../opt/anaconda3/envs/testagent-experiment/lib/python3.10/site-packages/tensorflow/core/framework/types_pb2.py:73
  /opt/anaconda3/envs/testagent-experiment/lib/python3.10/site-packages/tensorflow/core/framework/types_pb2.py:73: DeprecationWarning: Call to deprecated create function EnumValueDescriptor(). Note: Create unlinked descriptors is going to go away. Please use get/find descriptors from generated code or query the descriptor_pool.
    _descriptor.EnumValueDescriptor(

../../../../../../../../opt/anaconda3/envs/testagent-experiment/lib/python3.10/site-packages/tensorflow/core/framework/types_pb2.py:77
  /opt/anaconda3/envs/testagent-experiment/lib/python3.10/site-packages/tensorflow/core/framework/types_pb2.py:77: DeprecationWarning: Call to deprecated create function EnumValueDescriptor(). Note: Create unlinked descriptors is going to go away. Please use get/find descriptors from generated code or query the descriptor_pool.
    _descriptor.EnumValueDescriptor(

../../../../../../../../opt/anaconda3/envs/testagent-experiment/lib/python3.10/site-packages/tensorflow/core/framework/types_pb2.py:81
  /opt/anaconda3/envs/testagent-experiment/lib/python3.10/site-packages/tensorflow/core/framework/types_pb2.py:81: DeprecationWarning: Call to deprecated create function EnumValueDescriptor(). Note: Create unlinked descriptors is going to go away. Please use get/find descriptors from generated code or query the descriptor_pool.
    _descriptor.EnumValueDescriptor(

../../../../../../../../opt/anaconda3/envs/testagent-experiment/lib/python3.10/site-packages/tensorflow/core/framework/types_pb2.py:85
  /opt/anaconda3/envs/testagent-experiment/lib/python3.10/site-packages/tensorflow/core/framework/types_pb2.py:85: DeprecationWarning: Call to deprecated create function EnumValueDescriptor(). Note: Create unlinked descriptors is going to go away. Please use get/find descriptors from generated code or query the descriptor_pool.
    _descriptor.EnumValueDescriptor(

../../../../../../../../opt/anaconda3/envs/testagent-experiment/lib/python3.10/site-packages/tensorflow/core/framework/types_pb2.py:89
  /opt/anaconda3/envs/testagent-experiment/lib/python3.10/site-packages/tensorflow/core/framework/types_pb2.py:89: DeprecationWarning: Call to deprecated create function EnumValueDescriptor(). Note: Create unlinked descriptors is going to go away. Please use get/find descriptors from generated code or query the descriptor_pool.
    _descriptor.EnumValueDescriptor(

../../../../../../../../opt/anaconda3/envs/testagent-experiment/lib/python3.10/site-packages/tensorflow/core/framework/types_pb2.py:93
  /opt/anaconda3/envs/testagent-experiment/lib/python3.10/site-packages/tensorflow/core/framework/types_pb2.py:93: DeprecationWarning: Call to deprecated create function EnumValueDescriptor(). Note: Create unlinked descriptors is going to go away. Please use get/find descriptors from generated code or query the descriptor_pool.
    _descriptor.EnumValueDescriptor(

../../../../../../../../opt/anaconda3/envs/testagent-experiment/lib/python3.10/site-packages/tensorflow/core/framework/types_pb2.py:97
  /opt/anaconda3/envs/testagent-experiment/lib/python3.10/site-packages/tensorflow/core/framework/types_pb2.py:97: DeprecationWarning: Call to deprecated create function EnumValueDescriptor(). Note: Create unlinked descriptors is going to go away. Please use get/find descriptors from generated code or query the descriptor_pool.
    _descriptor.EnumValueDescriptor(

../../../../../../../../opt/anaconda3/envs/testagent-experiment/lib/python3.10/site-packages/tensorflow/core/framework/types_pb2.py:101
  /opt/anaconda3/envs/testagent-experiment/lib/python3.10/site-packages/tensorflow/core/framework/types_pb2.py:101: DeprecationWarning: Call to deprecated create function EnumValueDescriptor(). Note: Create unlinked descriptors is going to go away. Please use get/find descriptors from generated code or query the descriptor_pool.
    _descriptor.EnumValueDescriptor(

../../../../../../../../opt/anaconda3/envs/testagent-experiment/lib/python3.10/site-packages/tensorflow/core/framework/types_pb2.py:105
  /opt/anaconda3/envs/testagent-experiment/lib/python3.10/site-packages/tensorflow/core/framework/types_pb2.py:105: DeprecationWarning: Call to deprecated create function EnumValueDescriptor(). Note: Create unlinked descriptors is going to go away. Please use get/find descriptors from generated code or query the descriptor_pool.
    _descriptor.EnumValueDescriptor(

../../../../../../../../opt/anaconda3/envs/testagent-experiment/lib/python3.10/site-packages/tensorflow/core/framework/types_pb2.py:109
  /opt/anaconda3/envs/testagent-experiment/lib/python3.10/site-packages/tensorflow/core/framework/types_pb2.py:109: DeprecationWarning: Call to deprecated create function EnumValueDescriptor(). Note: Create unlinked descriptors is going to go away. Please use get/find descriptors from generated code or query the descriptor_pool.
    _descriptor.EnumValueDescriptor(

../../../../../../../../opt/anaconda3/envs/testagent-experiment/lib/python3.10/site-packages/tensorflow/core/framework/types_pb2.py:113
  /opt/anaconda3/envs/testagent-experiment/lib/python3.10/site-packages/tensorflow/core/framework/types_pb2.py:113: DeprecationWarning: Call to deprecated create function EnumValueDescriptor(). Note: Create unlinked descriptors is going to go away. Please use get/find descriptors from generated code or query the descriptor_pool.
    _descriptor.EnumValueDescriptor(

../../../../../../../../opt/anaconda3/envs/testagent-experiment/lib/python3.10/site-packages/tensorflow/core/framework/types_pb2.py:117
  /opt/anaconda3/envs/testagent-experiment/lib/python3.10/site-packages/tensorflow/core/framework/types_pb2.py:117: DeprecationWarning: Call to deprecated create function EnumValueDescriptor(). Note: Create unlinked descriptors is going to go away. Please use get/find descriptors from generated code or query the descriptor_pool.
    _descriptor.EnumValueDescriptor(

../../../../../../../../opt/anaconda3/envs/testagent-experiment/lib/python3.10/site-packages/tensorflow/core/framework/types_pb2.py:121
  /opt/anaconda3/envs/testagent-experiment/lib/python3.10/site-packages/tensorflow/core/framework/types_pb2.py:121: DeprecationWarning: Call to deprecated create function EnumValueDescriptor(). Note: Create unlinked descriptors is going to go away. Please use get/find descriptors from generated code or query the descriptor_pool.
    _descriptor.EnumValueDescriptor(

../../../../../../../../opt/anaconda3/envs/testagent-experiment/lib/python3.10/site-packages/tensorflow/core/framework/types_pb2.py:125
  /opt/anaconda3/envs/testagent-experiment/lib/python3.10/site-packages/tensorflow/core/framework/types_pb2.py:125: DeprecationWarning: Call to deprecated create function EnumValueDescriptor(). Note: Create unlinked descriptors is going to go away. Please use get/find descriptors from generated code or query the descriptor_pool.
    _descriptor.EnumValueDescriptor(

../../../../../../../../opt/anaconda3/envs/testagent-experiment/lib/python3.10/site-packages/tensorflow/core/framework/types_pb2.py:129
  /opt/anaconda3/envs/testagent-experiment/lib/python3.10/site-packages/tensorflow/core/framework/types_pb2.py:129: DeprecationWarning: Call to deprecated create function EnumValueDescriptor(). Note: Create unlinked descriptors is going to go away. Please use get/find descriptors from generated code or query the descriptor_pool.
    _descriptor.EnumValueDescriptor(

../../../../../../../../opt/anaconda3/envs/testagent-experiment/lib/python3.10/site-packages/tensorflow/core/framework/types_pb2.py:133
  /opt/anaconda3/envs/testagent-experiment/lib/python3.10/site-packages/tensorflow/core/framework/types_pb2.py:133: DeprecationWarning: Call to deprecated create function EnumValueDescriptor(). Note: Create unlinked descriptors is going to go away. Please use get/find descriptors from generated code or query the descriptor_pool.
    _descriptor.EnumValueDescriptor(

../../../../../../../../opt/anaconda3/envs/testagent-experiment/lib/python3.10/site-packages/tensorflow/core/framework/types_pb2.py:137
  /opt/anaconda3/envs/testagent-experiment/lib/python3.10/site-packages/tensorflow/core/framework/types_pb2.py:137: DeprecationWarning: Call to deprecated create function EnumValueDescriptor(). Note: Create unlinked descriptors is going to go away. Please use get/find descriptors from generated code or query the descriptor_pool.
    _descriptor.EnumValueDescriptor(

../../../../../../../../opt/anaconda3/envs/testagent-experiment/lib/python3.10/site-packages/tensorflow/core/framework/types_pb2.py:141
  /opt/anaconda3/envs/testagent-experiment/lib/python3.10/site-packages/tensorflow/core/framework/types_pb2.py:141: DeprecationWarning: Call to deprecated create function EnumValueDescriptor(). Note: Create unlinked descriptors is going to go away. Please use get/find descriptors from generated code or query the descriptor_pool.
    _descriptor.EnumValueDescriptor(

../../../../../../../../opt/anaconda3/envs/testagent-experiment/lib/python3.10/site-packages/tensorflow/core/framework/types_pb2.py:145
  /opt/anaconda3/envs/testagent-experiment/lib/python3.10/site-packages/tensorflow/core/framework/types_pb2.py:145: DeprecationWarning: Call to deprecated create function EnumValueDescriptor(). Note: Create unlinked descriptors is going to go away. Please use get/find descriptors from generated code or query the descriptor_pool.
    _descriptor.EnumValueDescriptor(

../../../../../../../../opt/anaconda3/envs/testagent-experiment/lib/python3.10/site-packages/tensorflow/core/framework/types_pb2.py:149
  /opt/anaconda3/envs/testagent-experiment/lib/python3.10/site-packages/tensorflow/core/framework/types_pb2.py:149: DeprecationWarning: Call to deprecated create function EnumValueDescriptor(). Note: Create unlinked descriptors is going to go away. Please use get/find descriptors from generated code or query the descriptor_pool.
    _descriptor.EnumValueDescriptor(

../../../../../../../../opt/anaconda3/envs/testagent-experiment/lib/python3.10/site-packages/tensorflow/core/framework/types_pb2.py:153
  /opt/anaconda3/envs/testagent-experiment/lib/python3.10/site-packages/tensorflow/core/framework/types_pb2.py:153: DeprecationWarning: Call to deprecated create function EnumValueDescriptor(). Note: Create unlinked descriptors is going to go away. Please use get/find descriptors from generated code or query the descriptor_pool.
    _descriptor.EnumValueDescriptor(

../../../../../../../../opt/anaconda3/envs/testagent-experiment/lib/python3.10/site-packages/tensorflow/core/framework/types_pb2.py:157
  /opt/anaconda3/envs/testagent-experiment/lib/python3.10/site-packages/tensorflow/core/framework/types_pb2.py:157: DeprecationWarning: Call to deprecated create function EnumValueDescriptor(). Note: Create unlinked descriptors is going to go away. Please use get/find descriptors from generated code or query the descriptor_pool.
    _descriptor.EnumValueDescriptor(

../../../../../../../../opt/anaconda3/envs/testagent-experiment/lib/python3.10/site-packages/tensorflow/core/framework/types_pb2.py:161
  /opt/anaconda3/envs/testagent-experiment/lib/python3.10/site-packages/tensorflow/core/framework/types_pb2.py:161: DeprecationWarning: Call to deprecated create function EnumValueDescriptor(). Note: Create unlinked descriptors is going to go away. Please use get/find descriptors from generated code or query the descriptor_pool.
    _descriptor.EnumValueDescriptor(

../../../../../../../../opt/anaconda3/envs/testagent-experiment/lib/python3.10/site-packages/tensorflow/core/framework/types_pb2.py:165
  /opt/anaconda3/envs/testagent-experiment/lib/python3.10/site-packages/tensorflow/core/framework/types_pb2.py:165: DeprecationWarning: Call to deprecated create function EnumValueDescriptor(). Note: Create unlinked descriptors is going to go away. Please use get/find descriptors from generated code or query the descriptor_pool.
    _descriptor.EnumValueDescriptor(

../../../../../../../../opt/anaconda3/envs/testagent-experiment/lib/python3.10/site-packages/tensorflow/core/framework/types_pb2.py:169
  /opt/anaconda3/envs/testagent-experiment/lib/python3.10/site-packages/tensorflow/core/framework/types_pb2.py:169: DeprecationWarning: Call to deprecated create function EnumValueDescriptor(). Note: Create unlinked descriptors is going to go away. Please use get/find descriptors from generated code or query the descriptor_pool.
    _descriptor.EnumValueDescriptor(

../../../../../../../../opt/anaconda3/envs/testagent-experiment/lib/python3.10/site-packages/tensorflow/core/framework/types_pb2.py:173
  /opt/anaconda3/envs/testagent-experiment/lib/python3.10/site-packages/tensorflow/core/framework/types_pb2.py:173: DeprecationWarning: Call to deprecated create function EnumValueDescriptor(). Note: Create unlinked descriptors is going to go away. Please use get/find descriptors from generated code or query the descriptor_pool.
    _descriptor.EnumValueDescriptor(

../../../../../../../../opt/anaconda3/envs/testagent-experiment/lib/python3.10/site-packages/tensorflow/core/framework/types_pb2.py:177
  /opt/anaconda3/envs/testagent-experiment/lib/python3.10/site-packages/tensorflow/core/framework/types_pb2.py:177: DeprecationWarning: Call to deprecated create function EnumValueDescriptor(). Note: Create unlinked descriptors is going to go away. Please use get/find descriptors from generated code or query the descriptor_pool.
    _descriptor.EnumValueDescriptor(

../../../../../../../../opt/anaconda3/envs/testagent-experiment/lib/python3.10/site-packages/tensorflow/core/framework/types_pb2.py:181
  /opt/anaconda3/envs/testagent-experiment/lib/python3.10/site-packages/tensorflow/core/framework/types_pb2.py:181: DeprecationWarning: Call to deprecated create function EnumValueDescriptor(). Note: Create unlinked descriptors is going to go away. Please use get/find descriptors from generated code or query the descriptor_pool.
    _descriptor.EnumValueDescriptor(

../../../../../../../../opt/anaconda3/envs/testagent-experiment/lib/python3.10/site-packages/tensorflow/core/framework/types_pb2.py:185
  /opt/anaconda3/envs/testagent-experiment/lib/python3.10/site-packages/tensorflow/core/framework/types_pb2.py:185: DeprecationWarning: Call to deprecated create function EnumValueDescriptor(). Note: Create unlinked descriptors is going to go away. Please use get/find descriptors from generated code or query the descriptor_pool.
    _descriptor.EnumValueDescriptor(

../../../../../../../../opt/anaconda3/envs/testagent-experiment/lib/python3.10/site-packages/tensorflow/core/framework/types_pb2.py:189
  /opt/anaconda3/envs/testagent-experiment/lib/python3.10/site-packages/tensorflow/core/framework/types_pb2.py:189: DeprecationWarning: Call to deprecated create function EnumValueDescriptor(). Note: Create unlinked descriptors is going to go away. Please use get/find descriptors from generated code or query the descriptor_pool.
    _descriptor.EnumValueDescriptor(

../../../../../../../../opt/anaconda3/envs/testagent-experiment/lib/python3.10/site-packages/tensorflow/core/framework/types_pb2.py:193
  /opt/anaconda3/envs/testagent-experiment/lib/python3.10/site-packages/tensorflow/core/framework/types_pb2.py:193: DeprecationWarning: Call to deprecated create function EnumValueDescriptor(). Note: Create unlinked descriptors is going to go away. Please use get/find descriptors from generated code or query the descriptor_pool.
    _descriptor.EnumValueDescriptor(

../../../../../../../../opt/anaconda3/envs/testagent-experiment/lib/python3.10/site-packages/tensorflow/core/framework/types_pb2.py:197
  /opt/anaconda3/envs/testagent-experiment/lib/python3.10/site-packages/tensorflow/core/framework/types_pb2.py:197: DeprecationWarning: Call to deprecated create function EnumValueDescriptor(). Note: Create unlinked descriptors is going to go away. Please use get/find descriptors from generated code or query the descriptor_pool.
    _descriptor.EnumValueDescriptor(

../../../../../../../../opt/anaconda3/envs/testagent-experiment/lib/python3.10/site-packages/tensorflow/core/framework/types_pb2.py:201
  /opt/anaconda3/envs/testagent-experiment/lib/python3.10/site-packages/tensorflow/core/framework/types_pb2.py:201: DeprecationWarning: Call to deprecated create function EnumValueDescriptor(). Note: Create unlinked descriptors is going to go away. Please use get/find descriptors from generated code or query the descriptor_pool.
    _descriptor.EnumValueDescriptor(

../../../../../../../../opt/anaconda3/envs/testagent-experiment/lib/python3.10/site-packages/tensorflow/core/framework/types_pb2.py:205
  /opt/anaconda3/envs/testagent-experiment/lib/python3.10/site-packages/tensorflow/core/framework/types_pb2.py:205: DeprecationWarning: Call to deprecated create function EnumValueDescriptor(). Note: Create unlinked descriptors is going to go away. Please use get/find descriptors from generated code or query the descriptor_pool.
    _descriptor.EnumValueDescriptor(

../../../../../../../../opt/anaconda3/envs/testagent-experiment/lib/python3.10/site-packages/tensorflow/core/framework/types_pb2.py:209
  /opt/anaconda3/envs/testagent-experiment/lib/python3.10/site-packages/tensorflow/core/framework/types_pb2.py:209: DeprecationWarning: Call to deprecated create function EnumValueDescriptor(). Note: Create unlinked descriptors is going to go away. Please use get/find descriptors from generated code or query the descriptor_pool.
    _descriptor.EnumValueDescriptor(

../../../../../../../../opt/anaconda3/envs/testagent-experiment/lib/python3.10/site-packages/tensorflow/core/framework/types_pb2.py:213
  /opt/anaconda3/envs/testagent-experiment/lib/python3.10/site-packages/tensorflow/core/framework/types_pb2.py:213: DeprecationWarning: Call to deprecated create function EnumValueDescriptor(). Note: Create unlinked descriptors is going to go away. Please use get/find descriptors from generated code or query the descriptor_pool.
    _descriptor.EnumValueDescriptor(

../../../../../../../../opt/anaconda3/envs/testagent-experiment/lib/python3.10/site-packages/tensorflow/core/framework/types_pb2.py:217
  /opt/anaconda3/envs/testagent-experiment/lib/python3.10/site-packages/tensorflow/core/framework/types_pb2.py:217: DeprecationWarning: Call to deprecated create function EnumValueDescriptor(). Note: Create unlinked descriptors is going to go away. Please use get/find descriptors from generated code or query the descriptor_pool.
    _descriptor.EnumValueDescriptor(

../../../../../../../../opt/anaconda3/envs/testagent-experiment/lib/python3.10/site-packages/tensorflow/core/framework/types_pb2.py:27
  /opt/anaconda3/envs/testagent-experiment/lib/python3.10/site-packages/tensorflow/core/framework/types_pb2.py:27: DeprecationWarning: Call to deprecated create function EnumDescriptor(). Note: Create unlinked descriptors is going to go away. Please use get/find descriptors from generated code or query the descriptor_pool.
    _DATATYPE = _descriptor.EnumDescriptor(

../../../../../../../../opt/anaconda3/envs/testagent-experiment/lib/python3.10/site-packages/tensorflow/core/framework/resource_handle_pb2.py:20
  /opt/anaconda3/envs/testagent-experiment/lib/python3.10/site-packages/tensorflow/core/framework/resource_handle_pb2.py:20: DeprecationWarning: Call to deprecated create function FileDescriptor(). Note: Create unlinked descriptors is going to go away. Please use get/find descriptors from generated code or query the descriptor_pool.
    DESCRIPTOR = _descriptor.FileDescriptor(

../../../../../../../../opt/anaconda3/envs/testagent-experiment/lib/python3.10/site-packages/tensorflow/core/framework/resource_handle_pb2.py:39
  /opt/anaconda3/envs/testagent-experiment/lib/python3.10/site-packages/tensorflow/core/framework/resource_handle_pb2.py:39: DeprecationWarning: Call to deprecated create function FieldDescriptor(). Note: Create unlinked descriptors is going to go away. Please use get/find descriptors from generated code or query the descriptor_pool.
    _descriptor.FieldDescriptor(

../../../../../../../../opt/anaconda3/envs/testagent-experiment/lib/python3.10/site-packages/tensorflow/core/framework/resource_handle_pb2.py:46
  /opt/anaconda3/envs/testagent-experiment/lib/python3.10/site-packages/tensorflow/core/framework/resource_handle_pb2.py:46: DeprecationWarning: Call to deprecated create function FieldDescriptor(). Note: Create unlinked descriptors is going to go away. Please use get/find descriptors from generated code or query the descriptor_pool.
    _descriptor.FieldDescriptor(

../../../../../../../../opt/anaconda3/envs/testagent-experiment/lib/python3.10/site-packages/tensorflow/core/framework/resource_handle_pb2.py:32
  /opt/anaconda3/envs/testagent-experiment/lib/python3.10/site-packages/tensorflow/core/framework/resource_handle_pb2.py:32: DeprecationWarning: Call to deprecated create function Descriptor(). Note: Create unlinked descriptors is going to go away. Please use get/find descriptors from generated code or query the descriptor_pool.
    _RESOURCEHANDLEPROTO_DTYPEANDSHAPE = _descriptor.Descriptor(

../../../../../../../../opt/anaconda3/envs/testagent-experiment/lib/python3.10/site-packages/tensorflow/core/framework/resource_handle_pb2.py:76
  /opt/anaconda3/envs/testagent-experiment/lib/python3.10/site-packages/tensorflow/core/framework/resource_handle_pb2.py:76: DeprecationWarning: Call to deprecated create function FieldDescriptor(). Note: Create unlinked descriptors is going to go away. Please use get/find descriptors from generated code or query the descriptor_pool.
    _descriptor.FieldDescriptor(

../../../../../../../../opt/anaconda3/envs/testagent-experiment/lib/python3.10/site-packages/tensorflow/core/framework/resource_handle_pb2.py:83
  /opt/anaconda3/envs/testagent-experiment/lib/python3.10/site-packages/tensorflow/core/framework/resource_handle_pb2.py:83: DeprecationWarning: Call to deprecated create function FieldDescriptor(). Note: Create unlinked descriptors is going to go away. Please use get/find descriptors from generated code or query the descriptor_pool.
    _descriptor.FieldDescriptor(

../../../../../../../../opt/anaconda3/envs/testagent-experiment/lib/python3.10/site-packages/tensorflow/core/framework/resource_handle_pb2.py:90
  /opt/anaconda3/envs/testagent-experiment/lib/python3.10/site-packages/tensorflow/core/framework/resource_handle_pb2.py:90: DeprecationWarning: Call to deprecated create function FieldDescriptor(). Note: Create unlinked descriptors is going to go away. Please use get/find descriptors from generated code or query the descriptor_pool.
    _descriptor.FieldDescriptor(

../../../../../../../../opt/anaconda3/envs/testagent-experiment/lib/python3.10/site-packages/tensorflow/core/framework/resource_handle_pb2.py:97
  /opt/anaconda3/envs/testagent-experiment/lib/python3.10/site-packages/tensorflow/core/framework/resource_handle_pb2.py:97: DeprecationWarning: Call to deprecated create function FieldDescriptor(). Note: Create unlinked descriptors is going to go away. Please use get/find descriptors from generated code or query the descriptor_pool.
    _descriptor.FieldDescriptor(

../../../../../../../../opt/anaconda3/envs/testagent-experiment/lib/python3.10/site-packages/tensorflow/core/framework/resource_handle_pb2.py:104
  /opt/anaconda3/envs/testagent-experiment/lib/python3.10/site-packages/tensorflow/core/framework/resource_handle_pb2.py:104: DeprecationWarning: Call to deprecated create function FieldDescriptor(). Note: Create unlinked descriptors is going to go away. Please use get/find descriptors from generated code or query the descriptor_pool.
    _descriptor.FieldDescriptor(

../../../../../../../../opt/anaconda3/envs/testagent-experiment/lib/python3.10/site-packages/tensorflow/core/framework/resource_handle_pb2.py:111
  /opt/anaconda3/envs/testagent-experiment/lib/python3.10/site-packages/tensorflow/core/framework/resource_handle_pb2.py:111: DeprecationWarning: Call to deprecated create function FieldDescriptor(). Note: Create unlinked descriptors is going to go away. Please use get/find descriptors from generated code or query the descriptor_pool.
    _descriptor.FieldDescriptor(

../../../../../../../../opt/anaconda3/envs/testagent-experiment/lib/python3.10/site-packages/tensorflow/core/framework/resource_handle_pb2.py:69
  /opt/anaconda3/envs/testagent-experiment/lib/python3.10/site-packages/tensorflow/core/framework/resource_handle_pb2.py:69: DeprecationWarning: Call to deprecated create function Descriptor(). Note: Create unlinked descriptors is going to go away. Please use get/find descriptors from generated code or query the descriptor_pool.
    _RESOURCEHANDLEPROTO = _descriptor.Descriptor(

../../../../../../../../opt/anaconda3/envs/testagent-experiment/lib/python3.10/site-packages/tensorflow/core/framework/tensor_pb2.py:21
  /opt/anaconda3/envs/testagent-experiment/lib/python3.10/site-packages/tensorflow/core/framework/tensor_pb2.py:21: DeprecationWarning: Call to deprecated create function FileDescriptor(). Note: Create unlinked descriptors is going to go away. Please use get/find descriptors from generated code or query the descriptor_pool.
    DESCRIPTOR = _descriptor.FileDescriptor(

../../../../../../../../opt/anaconda3/envs/testagent-experiment/lib/python3.10/site-packages/tensorflow/core/framework/tensor_pb2.py:40
  /opt/anaconda3/envs/testagent-experiment/lib/python3.10/site-packages/tensorflow/core/framework/tensor_pb2.py:40: DeprecationWarning: Call to deprecated create function FieldDescriptor(). Note: Create unlinked descriptors is going to go away. Please use get/find descriptors from generated code or query the descriptor_pool.
    _descriptor.FieldDescriptor(

../../../../../../../../opt/anaconda3/envs/testagent-experiment/lib/python3.10/site-packages/tensorflow/core/framework/tensor_pb2.py:47
  /opt/anaconda3/envs/testagent-experiment/lib/python3.10/site-packages/tensorflow/core/framework/tensor_pb2.py:47: DeprecationWarning: Call to deprecated create function FieldDescriptor(). Note: Create unlinked descriptors is going to go away. Please use get/find descriptors from generated code or query the descriptor_pool.
    _descriptor.FieldDescriptor(

../../../../../../../../opt/anaconda3/envs/testagent-experiment/lib/python3.10/site-packages/tensorflow/core/framework/tensor_pb2.py:54
  /opt/anaconda3/envs/testagent-experiment/lib/python3.10/site-packages/tensorflow/core/framework/tensor_pb2.py:54: DeprecationWarning: Call to deprecated create function FieldDescriptor(). Note: Create unlinked descriptors is going to go away. Please use get/find descriptors from generated code or query the descriptor_pool.
    _descriptor.FieldDescriptor(

../../../../../../../../opt/anaconda3/envs/testagent-experiment/lib/python3.10/site-packages/tensorflow/core/framework/tensor_pb2.py:61
  /opt/anaconda3/envs/testagent-experiment/lib/python3.10/site-packages/tensorflow/core/framework/tensor_pb2.py:61: DeprecationWarning: Call to deprecated create function FieldDescriptor(). Note: Create unlinked descriptors is going to go away. Please use get/find descriptors from generated code or query the descriptor_pool.
    _descriptor.FieldDescriptor(

../../../../../../../../opt/anaconda3/envs/testagent-experiment/lib/python3.10/site-packages/tensorflow/core/framework/tensor_pb2.py:68
  /opt/anaconda3/envs/testagent-experiment/lib/python3.10/site-packages/tensorflow/core/framework/tensor_pb2.py:68: DeprecationWarning: Call to deprecated create function FieldDescriptor(). Note: Create unlinked descriptors is going to go away. Please use get/find descriptors from generated code or query the descriptor_pool.
    _descriptor.FieldDescriptor(

../../../../../../../../opt/anaconda3/envs/testagent-experiment/lib/python3.10/site-packages/tensorflow/core/framework/tensor_pb2.py:75
  /opt/anaconda3/envs/testagent-experiment/lib/python3.10/site-packages/tensorflow/core/framework/tensor_pb2.py:75: DeprecationWarning: Call to deprecated create function FieldDescriptor(). Note: Create unlinked descriptors is going to go away. Please use get/find descriptors from generated code or query the descriptor_pool.
    _descriptor.FieldDescriptor(

../../../../../../../../opt/anaconda3/envs/testagent-experiment/lib/python3.10/site-packages/tensorflow/core/framework/tensor_pb2.py:82
  /opt/anaconda3/envs/testagent-experiment/lib/python3.10/site-packages/tensorflow/core/framework/tensor_pb2.py:82: DeprecationWarning: Call to deprecated create function FieldDescriptor(). Note: Create unlinked descriptors is going to go away. Please use get/find descriptors from generated code or query the descriptor_pool.
    _descriptor.FieldDescriptor(

../../../../../../../../opt/anaconda3/envs/testagent-experiment/lib/python3.10/site-packages/tensorflow/core/framework/tensor_pb2.py:89
  /opt/anaconda3/envs/testagent-experiment/lib/python3.10/site-packages/tensorflow/core/framework/tensor_pb2.py:89: DeprecationWarning: Call to deprecated create function FieldDescriptor(). Note: Create unlinked descriptors is going to go away. Please use get/find descriptors from generated code or query the descriptor_pool.
    _descriptor.FieldDescriptor(

../../../../../../../../opt/anaconda3/envs/testagent-experiment/lib/python3.10/site-packages/tensorflow/core/framework/tensor_pb2.py:96
  /opt/anaconda3/envs/testagent-experiment/lib/python3.10/site-packages/tensorflow/core/framework/tensor_pb2.py:96: DeprecationWarning: Call to deprecated create function FieldDescriptor(). Note: Create unlinked descriptors is going to go away. Please use get/find descriptors from generated code or query the descriptor_pool.
    _descriptor.FieldDescriptor(

../../../../../../../../opt/anaconda3/envs/testagent-experiment/lib/python3.10/site-packages/tensorflow/core/framework/tensor_pb2.py:103
  /opt/anaconda3/envs/testagent-experiment/lib/python3.10/site-packages/tensorflow/core/framework/tensor_pb2.py:103: DeprecationWarning: Call to deprecated create function FieldDescriptor(). Note: Create unlinked descriptors is going to go away. Please use get/find descriptors from generated code or query the descriptor_pool.
    _descriptor.FieldDescriptor(

../../../../../../../../opt/anaconda3/envs/testagent-experiment/lib/python3.10/site-packages/tensorflow/core/framework/tensor_pb2.py:110
  /opt/anaconda3/envs/testagent-experiment/lib/python3.10/site-packages/tensorflow/core/framework/tensor_pb2.py:110: DeprecationWarning: Call to deprecated create function FieldDescriptor(). Note: Create unlinked descriptors is going to go away. Please use get/find descriptors from generated code or query the descriptor_pool.
    _descriptor.FieldDescriptor(

../../../../../../../../opt/anaconda3/envs/testagent-experiment/lib/python3.10/site-packages/tensorflow/core/framework/tensor_pb2.py:117
  /opt/anaconda3/envs/testagent-experiment/lib/python3.10/site-packages/tensorflow/core/framework/tensor_pb2.py:117: DeprecationWarning: Call to deprecated create function FieldDescriptor(). Note: Create unlinked descriptors is going to go away. Please use get/find descriptors from generated code or query the descriptor_pool.
    _descriptor.FieldDescriptor(

../../../../../../../../opt/anaconda3/envs/testagent-experiment/lib/python3.10/site-packages/tensorflow/core/framework/tensor_pb2.py:124
  /opt/anaconda3/envs/testagent-experiment/lib/python3.10/site-packages/tensorflow/core/framework/tensor_pb2.py:124: DeprecationWarning: Call to deprecated create function FieldDescriptor(). Note: Create unlinked descriptors is going to go away. Please use get/find descriptors from generated code or query the descriptor_pool.
    _descriptor.FieldDescriptor(

../../../../../../../../opt/anaconda3/envs/testagent-experiment/lib/python3.10/site-packages/tensorflow/core/framework/tensor_pb2.py:131
  /opt/anaconda3/envs/testagent-experiment/lib/python3.10/site-packages/tensorflow/core/framework/tensor_pb2.py:131: DeprecationWarning: Call to deprecated create function FieldDescriptor(). Note: Create unlinked descriptors is going to go away. Please use get/find descriptors from generated code or query the descriptor_pool.
    _descriptor.FieldDescriptor(

../../../../../../../../opt/anaconda3/envs/testagent-experiment/lib/python3.10/site-packages/tensorflow/core/framework/tensor_pb2.py:138
  /opt/anaconda3/envs/testagent-experiment/lib/python3.10/site-packages/tensorflow/core/framework/tensor_pb2.py:138: DeprecationWarning: Call to deprecated create function FieldDescriptor(). Note: Create unlinked descriptors is going to go away. Please use get/find descriptors from generated code or query the descriptor_pool.
    _descriptor.FieldDescriptor(

../../../../../../../../opt/anaconda3/envs/testagent-experiment/lib/python3.10/site-packages/tensorflow/core/framework/tensor_pb2.py:145
  /opt/anaconda3/envs/testagent-experiment/lib/python3.10/site-packages/tensorflow/core/framework/tensor_pb2.py:145: DeprecationWarning: Call to deprecated create function FieldDescriptor(). Note: Create unlinked descriptors is going to go away. Please use get/find descriptors from generated code or query the descriptor_pool.
    _descriptor.FieldDescriptor(

../../../../../../../../opt/anaconda3/envs/testagent-experiment/lib/python3.10/site-packages/tensorflow/core/framework/tensor_pb2.py:152
  /opt/anaconda3/envs/testagent-experiment/lib/python3.10/site-packages/tensorflow/core/framework/tensor_pb2.py:152: DeprecationWarning: Call to deprecated create function FieldDescriptor(). Note: Create unlinked descriptors is going to go away. Please use get/find descriptors from generated code or query the descriptor_pool.
    _descriptor.FieldDescriptor(

../../../../../../../../opt/anaconda3/envs/testagent-experiment/lib/python3.10/site-packages/tensorflow/core/framework/tensor_pb2.py:33
  /opt/anaconda3/envs/testagent-experiment/lib/python3.10/site-packages/tensorflow/core/framework/tensor_pb2.py:33: DeprecationWarning: Call to deprecated create function Descriptor(). Note: Create unlinked descriptors is going to go away. Please use get/find descriptors from generated code or query the descriptor_pool.
    _TENSORPROTO = _descriptor.Descriptor(

../../../../../../../../opt/anaconda3/envs/testagent-experiment/lib/python3.10/site-packages/tensorflow/core/framework/tensor_pb2.py:183
  /opt/anaconda3/envs/testagent-experiment/lib/python3.10/site-packages/tensorflow/core/framework/tensor_pb2.py:183: DeprecationWarning: Call to deprecated create function FieldDescriptor(). Note: Create unlinked descriptors is going to go away. Please use get/find descriptors from generated code or query the descriptor_pool.
    _descriptor.FieldDescriptor(

../../../../../../../../opt/anaconda3/envs/testagent-experiment/lib/python3.10/site-packages/tensorflow/core/framework/tensor_pb2.py:190
  /opt/anaconda3/envs/testagent-experiment/lib/python3.10/site-packages/tensorflow/core/framework/tensor_pb2.py:190: DeprecationWarning: Call to deprecated create function FieldDescriptor(). Note: Create unlinked descriptors is going to go away. Please use get/find descriptors from generated code or query the descriptor_pool.
    _descriptor.FieldDescriptor(

../../../../../../../../opt/anaconda3/envs/testagent-experiment/lib/python3.10/site-packages/tensorflow/core/framework/tensor_pb2.py:197
  /opt/anaconda3/envs/testagent-experiment/lib/python3.10/site-packages/tensorflow/core/framework/tensor_pb2.py:197: DeprecationWarning: Call to deprecated create function FieldDescriptor(). Note: Create unlinked descriptors is going to go away. Please use get/find descriptors from generated code or query the descriptor_pool.
    _descriptor.FieldDescriptor(

../../../../../../../../opt/anaconda3/envs/testagent-experiment/lib/python3.10/site-packages/tensorflow/core/framework/tensor_pb2.py:176
  /opt/anaconda3/envs/testagent-experiment/lib/python3.10/site-packages/tensorflow/core/framework/tensor_pb2.py:176: DeprecationWarning: Call to deprecated create function Descriptor(). Note: Create unlinked descriptors is going to go away. Please use get/find descriptors from generated code or query the descriptor_pool.
    _VARIANTTENSORDATAPROTO = _descriptor.Descriptor(

../../../../../../../../opt/anaconda3/envs/testagent-experiment/lib/python3.10/site-packages/tensorflow/core/framework/attr_value_pb2.py:21
  /opt/anaconda3/envs/testagent-experiment/lib/python3.10/site-packages/tensorflow/core/framework/attr_value_pb2.py:21: DeprecationWarning: Call to deprecated create function FileDescriptor(). Note: Create unlinked descriptors is going to go away. Please use get/find descriptors from generated code or query the descriptor_pool.
    DESCRIPTOR = _descriptor.FileDescriptor(

../../../../../../../../opt/anaconda3/envs/testagent-experiment/lib/python3.10/site-packages/tensorflow/core/framework/attr_value_pb2.py:40
  /opt/anaconda3/envs/testagent-experiment/lib/python3.10/site-packages/tensorflow/core/framework/attr_value_pb2.py:40: DeprecationWarning: Call to deprecated create function FieldDescriptor(). Note: Create unlinked descriptors is going to go away. Please use get/find descriptors from generated code or query the descriptor_pool.
    _descriptor.FieldDescriptor(

../../../../../../../../opt/anaconda3/envs/testagent-experiment/lib/python3.10/site-packages/tensorflow/core/framework/attr_value_pb2.py:47
  /opt/anaconda3/envs/testagent-experiment/lib/python3.10/site-packages/tensorflow/core/framework/attr_value_pb2.py:47: DeprecationWarning: Call to deprecated create function FieldDescriptor(). Note: Create unlinked descriptors is going to go away. Please use get/find descriptors from generated code or query the descriptor_pool.
    _descriptor.FieldDescriptor(

../../../../../../../../opt/anaconda3/envs/testagent-experiment/lib/python3.10/site-packages/tensorflow/core/framework/attr_value_pb2.py:54
  /opt/anaconda3/envs/testagent-experiment/lib/python3.10/site-packages/tensorflow/core/framework/attr_value_pb2.py:54: DeprecationWarning: Call to deprecated create function FieldDescriptor(). Note: Create unlinked descriptors is going to go away. Please use get/find descriptors from generated code or query the descriptor_pool.
    _descriptor.FieldDescriptor(

../../../../../../../../opt/anaconda3/envs/testagent-experiment/lib/python3.10/site-packages/tensorflow/core/framework/attr_value_pb2.py:61
  /opt/anaconda3/envs/testagent-experiment/lib/python3.10/site-packages/tensorflow/core/framework/attr_value_pb2.py:61: DeprecationWarning: Call to deprecated create function FieldDescriptor(). Note: Create unlinked descriptors is going to go away. Please use get/find descriptors from generated code or query the descriptor_pool.
    _descriptor.FieldDescriptor(

../../../../../../../../opt/anaconda3/envs/testagent-experiment/lib/python3.10/site-packages/tensorflow/core/framework/attr_value_pb2.py:68
  /opt/anaconda3/envs/testagent-experiment/lib/python3.10/site-packages/tensorflow/core/framework/attr_value_pb2.py:68: DeprecationWarning: Call to deprecated create function FieldDescriptor(). Note: Create unlinked descriptors is going to go away. Please use get/find descriptors from generated code or query the descriptor_pool.
    _descriptor.FieldDescriptor(

../../../../../../../../opt/anaconda3/envs/testagent-experiment/lib/python3.10/site-packages/tensorflow/core/framework/attr_value_pb2.py:75
  /opt/anaconda3/envs/testagent-experiment/lib/python3.10/site-packages/tensorflow/core/framework/attr_value_pb2.py:75: DeprecationWarning: Call to deprecated create function FieldDescriptor(). Note: Create unlinked descriptors is going to go away. Please use get/find descriptors from generated code or query the descriptor_pool.
    _descriptor.FieldDescriptor(

../../../../../../../../opt/anaconda3/envs/testagent-experiment/lib/python3.10/site-packages/tensorflow/core/framework/attr_value_pb2.py:82
  /opt/anaconda3/envs/testagent-experiment/lib/python3.10/site-packages/tensorflow/core/framework/attr_value_pb2.py:82: DeprecationWarning: Call to deprecated create function FieldDescriptor(). Note: Create unlinked descriptors is going to go away. Please use get/find descriptors from generated code or query the descriptor_pool.
    _descriptor.FieldDescriptor(

../../../../../../../../opt/anaconda3/envs/testagent-experiment/lib/python3.10/site-packages/tensorflow/core/framework/attr_value_pb2.py:89
  /opt/anaconda3/envs/testagent-experiment/lib/python3.10/site-packages/tensorflow/core/framework/attr_value_pb2.py:89: DeprecationWarning: Call to deprecated create function FieldDescriptor(). Note: Create unlinked descriptors is going to go away. Please use get/find descriptors from generated code or query the descriptor_pool.
    _descriptor.FieldDescriptor(

../../../../../../../../opt/anaconda3/envs/testagent-experiment/lib/python3.10/site-packages/tensorflow/core/framework/attr_value_pb2.py:33
  /opt/anaconda3/envs/testagent-experiment/lib/python3.10/site-packages/tensorflow/core/framework/attr_value_pb2.py:33: DeprecationWarning: Call to deprecated create function Descriptor(). Note: Create unlinked descriptors is going to go away. Please use get/find descriptors from generated code or query the descriptor_pool.
    _ATTRVALUE_LISTVALUE = _descriptor.Descriptor(

../../../../../../../../opt/anaconda3/envs/testagent-experiment/lib/python3.10/site-packages/tensorflow/python/framework/dtypes.py:205
  /opt/anaconda3/envs/testagent-experiment/lib/python3.10/site-packages/tensorflow/python/framework/dtypes.py:205: DeprecationWarning: `np.bool8` is a deprecated alias for `np.bool_`.  (Deprecated NumPy 1.24)
    np.bool8: (False, True),

../../../../../../../../opt/anaconda3/envs/testagent-experiment/lib/python3.10/site-packages/flatbuffers/compat.py:19
  /opt/anaconda3/envs/testagent-experiment/lib/python3.10/site-packages/flatbuffers/compat.py:19: DeprecationWarning: the imp module is deprecated in favour of importlib and slated for removal in Python 3.12; see the module's documentation for alternative uses
    import imp

../../../../../../../../opt/anaconda3/envs/testagent-experiment/lib/python3.10/site-packages/tensorboard/compat/tensorflow_stub/dtypes.py:326
  /opt/anaconda3/envs/testagent-experiment/lib/python3.10/site-packages/tensorboard/compat/tensorflow_stub/dtypes.py:326: DeprecationWarning: `np.bool8` is a deprecated alias for `np.bool_`.  (Deprecated NumPy 1.24)
    np.bool8: (False, True),

-- Docs: https://docs.pytest.org/en/stable/how-to/capture-warnings.html
================================ tests coverage ================================
______________ coverage: platform darwin, python 3.10.19-final-0 _______________

Name                                                  Stmts   Miss Branch BrPart  Cover   Missing
-------------------------------------------------------------------------------------------------
tests/test_tensorflow_python_ops_gen_logging_ops.py     177     45     22      3    73%   47-54, 66-70, 121-124, 178, 214-241, 302-314, 393, 410-425, 484-490, 552-553
-------------------------------------------------------------------------------------------------
TOTAL                                                   177     45     22      3    73%
Coverage XML written to file coverage.xml
=========================== short test summary info ============================
FAILED tests/test_tensorflow_python_ops_gen_logging_ops.py::test_assert_basic_functionality[condition_shape0-data_shapes0-3-True]
FAILED tests/test_tensorflow_python_ops_gen_logging_ops.py::test_image_summary_basic_functionality[tensor_shape0-3-3-test_image-dtype0]
FAILED tests/test_tensorflow_python_ops_gen_logging_ops.py::test_image_summary_basic_functionality[tensor_shape1-1-1-grayscale-dtype1]
FAILED tests/test_tensorflow_python_ops_gen_logging_ops.py::test_print_basic_functionality[input_shape0-data_shapes0-Test message-10-3-dtype0]
FAILED tests/test_tensorflow_python_ops_gen_logging_ops.py::test_timestamp_basic_functionality
5 failed, 3 passed, 5 skipped, 103 warnings in 1.96s

Error: exit 1