{
  "workflow_id": "d4459c76",
  "created_at": "2026-01-24T22:15:06.327514",
  "op": "tensorflow_python_ops_logging_ops",
  "arch": "python",
  "soc": "python",
  "vendor": "python",
  "project_root": "/Users/zzf1sh/Documents/Project/TestAgent-CLI-main/exam/tensorflow/python.ops.logging_ops",
  "target": "tensorflow.python.ops.logging_ops",
  "target_slug": "tensorflow_python_ops_logging_ops",
  "current_stage": "complete",
  "stage_index": 6,
  "mode": "full-auto",
  "epoch_total": 5,
  "epoch_current": 5,
  "last_failure_signature": "",
  "last_error_signature": "",
  "last_block_errors": {},
  "auto_stop_reason": "",
  "artifacts": {
    "function_doc.md": "# tensorflow.python.ops.logging_ops - 函数说明\n\n## 1. 基本信息\n- **FQN**: tensorflow.python.ops.logging_ops\n- **模块文件**: `/opt/anaconda3/envs/testagent-experiment/lib/python3.10/site-packages/tensorflow/python/ops/logging_ops.py`\n- **签名**: 模块（包含多个函数）\n- **对象类型**: module\n\n## 2. 功能概述\nTensorFlow 日志和摘要操作模块。提供打印张量、生成摘要（直方图、图像、音频、标量）的功能。包含新旧版本 API，部分函数已标记为弃用。\n\n## 3. 参数说明\n模块包含多个函数，主要函数参数：\n- `Print(input_, data, message=None, first_n=None, summarize=None, name=None)`: 打印张量列表\n- `print_v2(*inputs, **kwargs)`: 新版打印函数，支持多种输出流\n- `histogram_summary(tag, values, collections=None, name=None)`: 生成直方图摘要\n- `image_summary(tag, tensor, max_images=3, collections=None, name=None)`: 生成图像摘要\n- `audio_summary(tag, tensor, sample_rate, max_outputs=3, collections=None, name=None)`: 生成音频摘要\n- `scalar_summary(tags, values, collections=None, name=None)`: 生成标量摘要\n\n## 4. 返回值\n各函数返回类型：\n- `Print`: 返回与 `input_` 相同类型和内容的张量\n- `print_v2`: 急切执行时返回 None，图追踪时返回 TF 操作符\n- 摘要函数：返回包含序列化 Summary 协议缓冲区的标量字符串张量\n\n## 5. 文档要点\n- `Print` 已弃用，推荐使用 `tf.print`\n- `print_v2` 支持多种输出流：sys.stdout、sys.stderr、日志级别、文件\n- 摘要函数已弃用，推荐使用 `tf.summary` 对应函数\n- 图像摘要要求 4-D 张量形状 `[batch_size, height, width, channels]`\n- 音频摘要要求 3-D 或 2-D 张量，值范围 `[-1.0, 1.0]`\n\n## 6. 源码摘要\n- 关键函数：`Print`、`print_v2`、`histogram_summary`、`image_summary`、`audio_summary`、`scalar_summary`\n- 依赖：`gen_logging_ops`、`string_ops`、`nest`、`pprint`、`tensor_util`\n- 副作用：`Print` 和 `print_v2` 有 I/O 副作用（打印到输出流）\n- 摘要函数将结果添加到图集合中\n\n## 7. 示例与用法\n- `Print`: 身份操作，打印 `data` 张量列表\n- `print_v2`: 支持多种输入类型（张量、Python 对象、数据结构）\n- 图像摘要：处理 4-D 张量，支持灰度、RGB、RGBA\n- 音频摘要：处理音频数据，需要采样率参数\n\n## 8. 风险与空白\n- 多个函数已标记为弃用，但仍在模块中\n- `print_v2` 的 `output_stream` 参数支持有限输出流集合\n- 缺少详细的错误处理文档\n- 摘要函数的集合参数行为不明确\n- 需要测试新旧 API 的兼容性\n- 文件路径输出格式为 \"file://\" 前缀，但文档不完整\n- 缺少性能约束和内存使用说明",
    "requirements.md": "# tensorflow.python.ops.logging_ops 测试需求\n\n## 1. 目标与范围\n- 主要功能与期望行为：验证日志打印和摘要生成操作的正确性，包括张量打印、直方图/图像/音频/标量摘要生成\n- 不在范围内的内容：不测试已弃用函数的向后兼容性保证，不验证第三方输出流实现\n\n## 2. 输入与约束\n- 参数列表（名称、类型/shape、默认值）：\n  - `Print`: input_(Tensor), data(List[Tensor]), message(str|None), first_n(int|None), summarize(int|None), name(str|None)\n  - `print_v2`: *inputs(Any), output_stream(str=\"stderr\"), summarize(int=3), sep(str=\" \"), end(str=\"\\n\"), name(str|None)\n  - `histogram_summary`: tag(str), values(Tensor), collections(List[str]|None), name(str|None)\n  - `image_summary`: tag(str), tensor(4-D Tensor[batch,height,width,channels]), max_images(int=3), collections(List[str]|None), name(str|None)\n  - `audio_summary`: tag(str), tensor(2-D/3-D Tensor), sample_rate(float|int), max_outputs(int=3), collections(List[str]|None), name(str|None)\n  - `scalar_summary`: tags(str|List[str]), values(Tensor|List[Tensor]), collections(List[str]|None), name(str|None)\n\n- 有效取值范围/维度/设备要求：\n  - 图像张量：4-D形状，channels∈{1,3,4}，值范围[0,255]或[0.0,1.0]\n  - 音频张量：2-D(mono)或3-D(stereo)，值范围[-1.0,1.0]\n  - sample_rate>0，max_images>0，max_outputs>0\n  - output_stream∈{\"stdout\",\"stderr\",\"log:info\",\"log:warning\",\"log:error\",\"file://...\"}\n\n- 必需与可选组合：\n  - `Print`: input_必需，data必需\n  - `audio_summary`: sample_rate必需\n  - 其他：tag必需，tensor/values必需\n\n- 随机性/全局状态要求：\n  - 无随机性要求\n  - 摘要函数可能修改图集合状态\n\n## 3. 输出与判定\n- 期望返回结构及关键字段：\n  - `Print`: 返回与input_相同类型和内容的张量\n  - `print_v2`: 急切执行返回None，图追踪返回TF操作符\n  - 摘要函数：返回包含序列化Summary协议缓冲区的标量字符串张量\n\n- 容差/误差界（如浮点）：\n  - 浮点比较容差：1e-6\n  - 音频值范围检查：绝对值≤1.0+1e-6\n\n- 状态变化或副作用检查点：\n  - `Print`/`print_v2`: 验证输出流内容匹配预期\n  - 摘要函数：验证结果添加到指定集合（默认\"summaries\"）\n\n## 4. 错误与异常场景\n- 非法输入/维度/类型触发的异常或警告：\n  - 非数值张量传递给摘要函数\n  - 图像张量维度≠4\n  - 音频张量维度∉{2,3}\n  - sample_rate≤0\n  - 无效output_stream值\n  - 已弃用函数调用产生弃用警告\n\n- 边界值（空、None、0长度、极端形状/数值）：\n  - 空张量列表传递给`Print`\n  - batch_size=0的图像张量\n  - 全零/全一/NaN/Inf数值\n  - 超范围音频值（<-1.0或>1.0）\n  - 超大形状导致内存溢出\n\n## 5. 依赖与环境\n- 外部资源/设备/网络/文件依赖：\n  - 文件输出需要可写文件系统路径\n  - 无网络/GPU特殊依赖\n\n- 需要mock/monkeypatch的部分：\n  - `sys.stdout`/`sys.stderr`用于验证`print_v2`输出\n  - `logging.getLogger().log`用于验证日志级别输出\n  - `tensorflow.python.ops.gen_logging_ops`底层操作\n  - `tensorflow.python.framework.ops.get_collection`验证集合添加\n\n## 6. 覆盖与优先级\n- 必测路径（高优先级，最多5条，短句）：\n  1. `print_v2`基础打印功能验证\n  2. 图像摘要4-D张量处理\n  3. 音频摘要值范围检查和采样率验证\n  4. 标量摘要单/多标签支持\n  5. 输出流切换功能测试\n\n- 可选路径（中/低优先级合并为一组列表）：\n  - 已弃用`Print`函数兼容性\n  - 直方图摘要统计正确性\n  - 文件路径输出格式验证\n  - 集合参数行为测试\n  - 极端形状和大数据量性能\n  - 混合数据类型输入处理\n\n- 已知风险/缺失信息（仅列条目，不展开）：\n  - 多个函数已标记弃用但实现仍存在\n  - `print_v2`的output_stream参数支持集合不完整\n  - 摘要函数集合参数默认行为文档缺失\n  - 文件路径\"file://\"前缀格式要求不明确\n  - 缺少内存使用和性能约束说明",
    "test_plan.json": "{\n  \"plan_version\": 2,\n  \"target\": \"tensorflow.python.ops.logging_ops\",\n  \"block_rules\": {\n    \"header_block\": \"HEADER\",\n    \"footer_block\": \"FOOTER\",\n    \"case_prefix\": \"CASE_\",\n    \"case_format\": \"CASE_01\"\n  },\n  \"iteration_strategy\": {\n    \"round1\": {\"include\": \"SMOKE_SET\", \"assert_level\": \"weak\", \"max_blocks\": 5},\n    \"roundN\": {\"only_fix_failed_blocks\": true, \"block_limit\": 3, \"promote_deferred\": true},\n    \"final\": {\"enable_strong_asserts\": true, \"coverage_optional\": true}\n  },\n  \"test_files\": {\n    \"default\": \"tests/test_tensorflow_python_ops_logging_ops.py\",\n    \"all_pattern\": \"tests/test_tensorflow_python_ops_logging_ops.py\"\n  },\n  \"cases\": [\n    {\n      \"tc_id\": \"TC-01\",\n      \"block_id\": \"CASE_01\",\n      \"name\": \"print_v2基础打印功能验证\",\n      \"priority\": \"High\",\n      \"param_matrix\": [\n        {\n          \"function\": \"print_v2\",\n          \"inputs\": [\"test_tensor\"],\n          \"output_stream\": \"stdout\",\n          \"summarize\": 3,\n          \"sep\": \" \",\n          \"end\": \"\\\\n\"\n        }\n      ],\n      \"asserts\": {\n        \"weak\": [\"output_captured\", \"no_exception\", \"function_executed\"],\n        \"strong\": [\"exact_output_match\", \"performance_bounds\", \"memory_usage\"]\n      },\n      \"oracle\": \"sys.stdout内容验证\",\n      \"assertion_level\": \"weak\",\n      \"size\": \"S\",\n      \"max_lines\": 70,\n      \"max_params\": 5,\n      \"is_parametrized\": true,\n      \"requires_mock\": true,\n      \"mock_targets\": [\"sys.stdout\", \"sys.stderr\"]\n    },\n    {\n      \"tc_id\": \"TC-02\",\n      \"block_id\": \"CASE_02\",\n      \"name\": \"图像摘要4-D张量处理\",\n      \"priority\": \"High\",\n      \"param_matrix\": [\n        {\n          \"function\": \"image_summary\",\n          \"tag\": \"test_image\",\n          \"tensor_shape\": [2, 32, 32, 3],\n          \"max_images\": 3,\n          \"channels\": 3,\n          \"value_range\": [0, 255]\n        }\n      ],\n      \"asserts\": {\n        \"weak\": [\"returns_tensor\", \"tensor_type_string\", \"no_exception\", \"shape_correct\"],\n        \"strong\": [\"summary_proto_valid\", \"image_count_correct\", \"value_range_check\"]\n      },\n      \"oracle\": \"返回字符串张量验证\",\n      \"assertion_level\": \"weak\",\n      \"size\": \"S\",\n      \"max_lines\": 75,\n      \"max_params\": 6,\n      \"is_parametrized\": true,\n      \"requires_mock\": false,\n      \"mock_targets\": []\n    },\n    {\n      \"tc_id\": \"TC-03\",\n      \"block_id\": \"CASE_03\",\n      \"name\": \"音频摘要值范围检查和采样率验证\",\n      \"priority\": \"High\",\n      \"param_matrix\": [\n        {\n          \"function\": \"audio_summary\",\n          \"tag\": \"test_audio\",\n          \"tensor_shape\": [2, 16000],\n          \"sample_rate\": 16000.0,\n          \"max_outputs\": 3,\n          \"value_range\": [-0.5, 0.5]\n        }\n      ],\n      \"asserts\": {\n        \"weak\": [\"returns_tensor\", \"no_exception\", \"sample_rate_accepted\", \"tensor_type_string\"],\n        \"strong\": [\"audio_proto_valid\", \"value_range_enforced\", \"max_outputs_respected\"]\n      },\n      \"oracle\": \"音频摘要协议缓冲区验证\",\n      \"assertion_level\": \"weak\",\n      \"size\": \"S\",\n      \"max_lines\": 75,\n      \"max_params\": 6,\n      \"is_parametrized\": true,\n      \"requires_mock\": false,\n      \"mock_targets\": []\n    },\n    {\n      \"tc_id\": \"TC-04\",\n      \"block_id\": \"CASE_04\",\n      \"name\": \"标量摘要单/多标签支持\",\n      \"priority\": \"High\",\n      \"param_matrix\": [\n        {\n          \"function\": \"scalar_summary\",\n          \"tags\": \"single_tag\",\n          \"values\": \"scalar_tensor\",\n          \"test_type\": \"single\"\n        },\n        {\n          \"function\": \"scalar_summary\",\n          \"tags\": [\"tag1\", \"tag2\", \"tag3\"],\n          \"values\": [\"val1\", \"val2\", \"val3\"],\n          \"test_type\": \"multiple\"\n        }\n      ],\n      \"asserts\": {\n        \"weak\": [\"returns_tensor\", \"no_exception\", \"tensor_type_string\", \"list_length_match\"],\n        \"strong\": [\"scalar_values_correct\", \"tag_mapping_accurate\", \"collection_added\"]\n      },\n      \"oracle\": \"标量摘要标签值映射验证\",\n      \"assertion_level\": \"weak\",\n      \"size\": \"S\",\n      \"max_lines\": 80,\n      \"max_params\": 4,\n      \"is_parametrized\": true,\n      \"requires_mock\": false,\n      \"mock_targets\": []\n    },\n    {\n      \"tc_id\": \"TC-05\",\n      \"block_id\": \"CASE_05\",\n      \"name\": \"输出流切换功能测试\",\n      \"priority\": \"High\",\n      \"param_matrix\": [\n        {\n          \"function\": \"print_v2\",\n          \"inputs\": [\"stream_test\"],\n          \"output_stream\": \"stderr\",\n          \"test_stream\": \"stderr\"\n        },\n        {\n          \"function\": \"print_v2\",\n          \"inputs\": [\"log_test\"],\n          \"output_stream\": \"log:info\",\n          \"test_stream\": \"log_info\"\n        }\n      ],\n      \"asserts\": {\n        \"weak\": [\"output_captured\", \"stream_correct\", \"no_exception\", \"function_executed\"],\n        \"strong\": [\"log_level_correct\", \"exact_message_match\", \"no_cross_stream_leak\"]\n      },\n      \"oracle\": \"不同输出流内容验证\",\n      \"assertion_level\": \"weak\",\n      \"size\": \"S\",\n      \"max_lines\": 70,\n      \"max_params\": 4,\n      \"is_parametrized\": true,\n      \"requires_mock\": true,\n      \"mock_targets\": [\"sys.stderr\", \"logging.getLogger\"]\n    }\n  ],\n  \"param_extensions\": [\n    {\n      \"base_block_id\": \"CASE_01\",\n      \"priority\": \"Medium\",\n      \"params\": {\n        \"function\": \"print_v2\",\n        \"inputs\": [\"tensor1\", \"tensor2\", \"python_obj\"],\n        \"output_stream\": \"stdout\",\n        \"summarize\": 5,\n        \"sep\": \", \",\n        \"end\": \"\\\\n---\\\\n\"\n      },\n      \"note\": \"多输入和自定义分隔符扩展\"\n    },\n    {\n      \"base_block_id\": \"CASE_02\",\n      \"priority\": \"Medium\",\n      \"params\": {\n        \"function\": \"image_summary\",\n        \"tag\": \"grayscale_image\",\n        \"tensor_shape\": [1, 64, 64, 1],\n        \"max_images\": 1,\n        \"channels\": 1,\n        \"value_range\": [0.0, 1.0]\n      },\n      \"note\": \"灰度图像和浮点值范围测试\"\n    },\n    {\n      \"base_block_id\": \"CASE_03\",\n      \"priority\": \"Medium\",\n      \"params\": {\n        \"function\": \"audio_summary\",\n        \"tag\": \"stereo_audio\",\n        \"tensor_shape\": [2, 2, 8000],\n        \"sample_rate\": 44100,\n        \"max_outputs\": 2,\n        \"value_range\": [-1.0, 1.0]\n      },\n      \"note\": \"立体声音频和边界值测试\"\n    },\n    {\n      \"base_block_id\": \"CASE_04\",\n      \"priority\": \"Medium\",\n      \"params\": {\n        \"function\": \"scalar_summary\",\n        \"tags\": [\"mixed\", \"types\"],\n        \"values\": [1.0, 2, 3.5],\n        \"test_type\": \"mixed_types\"\n      },\n      \"note\": \"混合数值类型标量测试\"\n    },\n    {\n      \"base_block_id\": \"CASE_05\",\n      \"priority\": \"Medium\",\n      \"params\": {\n        \"function\": \"print_v2\",\n        \"inputs\": [\"file_output_test\"],\n        \"output_stream\": \"file:///tmp/test.log\",\n        \"test_stream\": \"file\"\n      },\n      \"note\": \"文件输出流测试\"\n    }\n  ],\n  \"smoke_set\": [\"CASE_01\", \"CASE_02\", \"CASE_03\", \"CASE_04\", \"CASE_05\"],\n  \"deferred_set\": [\"CASE_06\", \"CASE_07\", \"CASE_08\", \"CASE_09\", \"CASE_10\"]\n}",
    "test_plan.md": "# tensorflow.python.ops.logging_ops 测试计划\n\n## 1. 测试策略\n- 单元测试框架：pytest\n- 隔离策略：mock/monkeypatch/fixtures（sys.stdout/stderr, logging）\n- 随机性处理：固定随机种子生成测试张量\n- 执行模式：支持急切执行和图模式测试\n\n## 2. 生成规格摘要（来自 test_plan.json）\n- SMOKE_SET: CASE_01, CASE_02, CASE_03, CASE_04, CASE_05\n- DEFERRED_SET: CASE_06, CASE_07, CASE_08, CASE_09, CASE_10\n- 测试文件路径：tests/test_tensorflow_python_ops_logging_ops.py（单文件）\n- 断言分级策略：首轮使用weak断言，最终轮启用strong断言\n- 预算策略：size=S, max_lines=70-80, max_params=4-6\n\n## 3. 数据与边界\n- 正常数据集：随机生成符合规范的张量（形状、值范围、数据类型）\n- 边界值：空batch(0)、单元素、极端形状(1x1x1x1)、超大形状\n- 极端数值：全零、全一、NaN、Inf、边界音频值(±1.0)\n- 负例场景：无效维度、错误值范围、非法output_stream、已弃用函数警告\n\n## 4. 覆盖映射\n| TC ID | 对应需求 | 关键约束 | 风险点 |\n|-------|----------|----------|--------|\n| TC-01 | print_v2基础功能 | 输出流捕获验证 | mock稳定性 |\n| TC-02 | 图像摘要处理 | 4-D张量形状验证 | 值范围转换 |\n| TC-03 | 音频摘要验证 | 值范围[-1,1]检查 | 采样率精度 |\n| TC-04 | 标量摘要标签 | 单/多标签支持 | 列表长度匹配 |\n| TC-05 | 输出流切换 | 多种输出流测试 | 文件系统依赖 |\n\n**尚未覆盖的关键风险点：**\n1. 已弃用函数兼容性保证\n2. 集合参数默认行为不明确\n3. 文件路径\"file://\"前缀格式要求\n4. 大内存使用和性能约束缺失\n5. 混合执行模式（急切/图）差异",
    "tests/test_tensorflow_python_ops_logging_ops.py": "\"\"\"\nUnit tests for tensorflow.python.ops.logging_ops module.\nGenerated by TestAgent-CLI.\n\"\"\"\nimport sys\nimport os\nimport tempfile\nimport io\nimport logging\nfrom unittest import mock\n\nimport pytest\nimport numpy as np\nimport tensorflow as tf\n\nfrom tensorflow.python.ops import logging_ops\n\n# Set random seed for reproducibility\nnp.random.seed(42)\ntf.random.set_seed(42)\n\n# ==== BLOCK:HEADER START ====\n# ==== BLOCK:HEADER END ====\n\n# ==== BLOCK:CASE_01 START ====\n# ==== BLOCK:CASE_01 END ====\n\n# ==== BLOCK:CASE_02 START ====\n# ==== BLOCK:CASE_02 END ====\n\n# ==== BLOCK:CASE_03 START ====\n# ==== BLOCK:CASE_03 END ====\n\n# ==== BLOCK:CASE_04 START ====\n# ==== BLOCK:CASE_04 END ====\n\n# ==== BLOCK:CASE_05 START ====\n# ==== BLOCK:CASE_05 END ====\n\n# ==== BLOCK:CASE_06 START ====\n# ==== BLOCK:CASE_06 END ====\n\n# ==== BLOCK:CASE_07 START ====\n# ==== BLOCK:CASE_07 END ====\n\n# ==== BLOCK:CASE_08 START ====\n# ==== BLOCK:CASE_08 END ====\n\n# ==== BLOCK:CASE_09 START ====\n# ==== BLOCK:CASE_09 END ====\n\n# ==== BLOCK:CASE_10 START ====\n# ==== BLOCK:CASE_10 END ====\n\n# ==== BLOCK:FOOTER START ====\n# ==== BLOCK:FOOTER END ====",
    "execution_log.txt": "=== Run Tests ===\n...FFF........F....                                                      [100%]\n=================================== FAILURES ===================================\n_ TestLoggingOps.test_image_summary_4d_tensor_processing[shape0-3-value_range0] _\n\nself = <test_tensorflow_python_ops_logging_ops.TestLoggingOps object at 0x14c0f8c70>\nshape = [2, 32, 32, 3], channels = 3, value_range = [0, 255]\n\n    @pytest.mark.parametrize(\"shape,channels,value_range\", [\n        # RGB image (3 channels)\n        ([2, 32, 32, 3], 3, [0, 255]),\n        # Grayscale image (1 channel)\n        ([1, 64, 64, 1], 1, [0.0, 1.0]),\n        # Small batch with 4 channels (RGBA)\n        ([3, 16, 16, 4], 4, [0, 255]),\n    ])\n    def test_image_summary_4d_tensor_processing(self, shape, channels, value_range):\n        \"\"\"TC-02: 图像摘要4-D张量处理\"\"\"\n        # Arrange\n        batch_size, height, width, _ = shape\n        tag = f\"test_image_{batch_size}x{height}x{width}x{channels}\"\n    \n        # Create 4-D tensor with appropriate value range\n        # Note: image_summary accepts uint8 or float32 tensors\n        # According to the signature, it only accepts tag, tensor, max_images, collections, name\n        if value_range[0] == 0 and value_range[1] == 255:\n            # Integer range for typical image values - use uint8\n            tensor = self.create_test_tensor(shape, dtype=tf.uint8, value_range=value_range)\n        else:\n            # Float range for normalized values - use float32\n            tensor = self.create_test_tensor(shape, dtype=tf.float32, value_range=value_range)\n    \n        # Act\n        # Note: image_summary is deprecated but should still work\n        # Signature: image_summary(tag, tensor, max_images=3, collections=None, name=None)\n        # The underlying implementation has a bad_color parameter, but the wrapper doesn't expose it\n        # We'll use the deprecated function as-is and handle any warnings\n    \n        import warnings\n        with warnings.catch_warnings():\n            warnings.filterwarnings(\"ignore\", category=DeprecationWarning)\n>           result = logging_ops.image_summary(\n                tag=tag,\n                tensor=tensor,\n                max_images=3\n            )\n\ntests/test_tensorflow_python_ops_logging_ops.py:177: \n_ _ _ _ _ _ _ _ _ _ _ _ _ _ _ _ _ _ _ _ _ _ _ _ _ _ _ _ _ _ _ _ _ _ _ _ _ _ _ _ \n/opt/anaconda3/envs/testagent-experiment/lib/python3.10/site-packages/tensorflow/python/util/deprecation.py:357: in new_func\n    return func(*args, **kwargs)\n/opt/anaconda3/envs/testagent-experiment/lib/python3.10/site-packages/tensorflow/python/ops/logging_ops.py:505: in image_summary\n    val = gen_logging_ops.image_summary(\n/opt/anaconda3/envs/testagent-experiment/lib/python3.10/site-packages/tensorflow/python/ops/gen_logging_ops.py:378: in image_summary\n    return image_summary_eager_fallback(\n/opt/anaconda3/envs/testagent-experiment/lib/python3.10/site-packages/tensorflow/python/ops/gen_logging_ops.py:417: in image_summary_eager_fallback\n    _result = _execute.execute(b\"ImageSummary\", 1, inputs=_inputs_flat,\n_ _ _ _ _ _ _ _ _ _ _ _ _ _ _ _ _ _ _ _ _ _ _ _ _ _ _ _ _ _ _ _ _ _ _ _ _ _ _ _ \n\nop_name = b'ImageSummary', num_outputs = 1\ninputs = [<tf.Tensor: shape=(), dtype=string, numpy=b'test_image_2x32x32x3'>, <tf.Tensor: shape=(2, 32, 32, 3), dtype=uint8, nu...25, 120],\n         ...,\n         [ 26, 104, 237],\n         [162, 204, 118],\n         [ 92,  27, 223]]]], dtype=uint8)>]\nattrs = ('max_images', 3, 'T', 4, 'bad_color', dtype: DT_UINT8\ntensor_shape {\n  dim {\n    size: 4\n  }\n}\nint_val: 255\nint_val: 0\nint_val: 0\nint_val: 255\n)\nctx = <tensorflow.python.eager.context.Context object at 0x1492bfb50>\nname = None\n\n    def quick_execute(op_name, num_outputs, inputs, attrs, ctx, name=None):\n      \"\"\"Execute a TensorFlow operation.\n    \n      Args:\n        op_name: Name of the TensorFlow operation (see REGISTER_OP in C++ code) to\n          execute.\n        num_outputs: The number of outputs of the operation to fetch. (Explicitly\n          provided instead of being inferred for performance reasons).\n        inputs: A list of inputs to the operation. Each entry should be a Tensor, or\n          a value which can be passed to the Tensor constructor to create one.\n        attrs: A tuple with alternating string attr names and attr values for this\n          operation.\n        ctx: The value of context.context().\n        name: Customized name for the operation.\n    \n      Returns:\n        List of output Tensor objects. The list is empty if there are no outputs\n    \n      Raises:\n        An exception on error.\n      \"\"\"\n      device_name = ctx.device_name\n      # pylint: disable=protected-access\n      try:\n        ctx.ensure_initialized()\n>       tensors = pywrap_tfe.TFE_Py_Execute(ctx._handle, device_name, op_name,\n                                            inputs, attrs, num_outputs)\nE                                           tensorflow.python.framework.errors_impl.UnimplementedError: Attr bad_color has unhandled type 6 [Op:ImageSummary]\n\n/opt/anaconda3/envs/testagent-experiment/lib/python3.10/site-packages/tensorflow/python/eager/execute.py:54: UnimplementedError\n------------------------------ Captured log call -------------------------------\nWARNING  tensorflow:deprecation.py:350 From /Users/zzf1sh/Documents/Project/TestAgent-CLI-main/exam/tensorflow/python.ops.logging_ops/tests/test_tensorflow_python_ops_logging_ops.py:177: image_summary (from tensorflow.python.ops.logging_ops) is deprecated and will be removed after 2016-11-30.\nInstructions for updating:\nPlease switch to tf.summary.image. Note that tf.summary.image uses the node name instead of the tag. This means that TensorFlow will automatically de-duplicate summary names based on the scope they are created in. Also, the max_images argument was renamed to max_outputs.\n_ TestLoggingOps.test_image_summary_4d_tensor_processing[shape1-1-value_range1] _\n\nself = <test_tensorflow_python_ops_logging_ops.TestLoggingOps object at 0x14c0f8df0>\nshape = [1, 64, 64, 1], channels = 1, value_range = [0.0, 1.0]\n\n    @pytest.mark.parametrize(\"shape,channels,value_range\", [\n        # RGB image (3 channels)\n        ([2, 32, 32, 3], 3, [0, 255]),\n        # Grayscale image (1 channel)\n        ([1, 64, 64, 1], 1, [0.0, 1.0]),\n        # Small batch with 4 channels (RGBA)\n        ([3, 16, 16, 4], 4, [0, 255]),\n    ])\n    def test_image_summary_4d_tensor_processing(self, shape, channels, value_range):\n        \"\"\"TC-02: 图像摘要4-D张量处理\"\"\"\n        # Arrange\n        batch_size, height, width, _ = shape\n        tag = f\"test_image_{batch_size}x{height}x{width}x{channels}\"\n    \n        # Create 4-D tensor with appropriate value range\n        # Note: image_summary accepts uint8 or float32 tensors\n        # According to the signature, it only accepts tag, tensor, max_images, collections, name\n        if value_range[0] == 0 and value_range[1] == 255:\n            # Integer range for typical image values - use uint8\n            tensor = self.create_test_tensor(shape, dtype=tf.uint8, value_range=value_range)\n        else:\n            # Float range for normalized values - use float32\n            tensor = self.create_test_tensor(shape, dtype=tf.float32, value_range=value_range)\n    \n        # Act\n        # Note: image_summary is deprecated but should still work\n        # Signature: image_summary(tag, tensor, max_images=3, collections=None, name=None)\n        # The underlying implementation has a bad_color parameter, but the wrapper doesn't expose it\n        # We'll use the deprecated function as-is and handle any warnings\n    \n        import warnings\n        with warnings.catch_warnings():\n            warnings.filterwarnings(\"ignore\", category=DeprecationWarning)\n>           result = logging_ops.image_summary(\n                tag=tag,\n                tensor=tensor,\n                max_images=3\n            )\n\ntests/test_tensorflow_python_ops_logging_ops.py:177: \n_ _ _ _ _ _ _ _ _ _ _ _ _ _ _ _ _ _ _ _ _ _ _ _ _ _ _ _ _ _ _ _ _ _ _ _ _ _ _ _ \n/opt/anaconda3/envs/testagent-experiment/lib/python3.10/site-packages/tensorflow/python/util/deprecation.py:357: in new_func\n    return func(*args, **kwargs)\n/opt/anaconda3/envs/testagent-experiment/lib/python3.10/site-packages/tensorflow/python/ops/logging_ops.py:505: in image_summary\n    val = gen_logging_ops.image_summary(\n/opt/anaconda3/envs/testagent-experiment/lib/python3.10/site-packages/tensorflow/python/ops/gen_logging_ops.py:378: in image_summary\n    return image_summary_eager_fallback(\n/opt/anaconda3/envs/testagent-experiment/lib/python3.10/site-packages/tensorflow/python/ops/gen_logging_ops.py:417: in image_summary_eager_fallback\n    _result = _execute.execute(b\"ImageSummary\", 1, inputs=_inputs_flat,\n_ _ _ _ _ _ _ _ _ _ _ _ _ _ _ _ _ _ _ _ _ _ _ _ _ _ _ _ _ _ _ _ _ _ _ _ _ _ _ _ \n\nop_name = b'ImageSummary', num_outputs = 1\ninputs = [<tf.Tensor: shape=(), dtype=string, numpy=b'test_image_1x64x64x1'>, <tf.Tensor: shape=(1, 64, 64, 1), dtype=float32, ...   [0.62664366],\n         ...,\n         [0.33267298],\n         [0.8314166 ],\n         [0.2745723 ]]]], dtype=float32)>]\nattrs = ('max_images', 3, 'T', 1, 'bad_color', dtype: DT_UINT8\ntensor_shape {\n  dim {\n    size: 4\n  }\n}\nint_val: 255\nint_val: 0\nint_val: 0\nint_val: 255\n)\nctx = <tensorflow.python.eager.context.Context object at 0x1492bfb50>\nname = None\n\n    def quick_execute(op_name, num_outputs, inputs, attrs, ctx, name=None):\n      \"\"\"Execute a TensorFlow operation.\n    \n      Args:\n        op_name: Name of the TensorFlow operation (see REGISTER_OP in C++ code) to\n          execute.\n        num_outputs: The number of outputs of the operation to fetch. (Explicitly\n          provided instead of being inferred for performance reasons).\n        inputs: A list of inputs to the operation. Each entry should be a Tensor, or\n          a value which can be passed to the Tensor constructor to create one.\n        attrs: A tuple with alternating string attr names and attr values for this\n          operation.\n        ctx: The value of context.context().\n        name: Customized name for the operation.\n    \n      Returns:\n        List of output Tensor objects. The list is empty if there are no outputs\n    \n      Raises:\n        An exception on error.\n      \"\"\"\n      device_name = ctx.device_name\n      # pylint: disable=protected-access\n      try:\n        ctx.ensure_initialized()\n>       tensors = pywrap_tfe.TFE_Py_Execute(ctx._handle, device_name, op_name,\n                                            inputs, attrs, num_outputs)\nE                                           tensorflow.python.framework.errors_impl.UnimplementedError: Attr bad_color has unhandled type 6 [Op:ImageSummary]\n\n/opt/anaconda3/envs/testagent-experiment/lib/python3.10/site-packages/tensorflow/python/eager/execute.py:54: UnimplementedError\n_ TestLoggingOps.test_image_summary_4d_tensor_processing[shape2-4-value_range2] _\n\nself = <test_tensorflow_python_ops_logging_ops.TestLoggingOps object at 0x14c0f8fd0>\nshape = [3, 16, 16, 4], channels = 4, value_range = [0, 255]\n\n    @pytest.mark.parametrize(\"shape,channels,value_range\", [\n        # RGB image (3 channels)\n        ([2, 32, 32, 3], 3, [0, 255]),\n        # Grayscale image (1 channel)\n        ([1, 64, 64, 1], 1, [0.0, 1.0]),\n        # Small batch with 4 channels (RGBA)\n        ([3, 16, 16, 4], 4, [0, 255]),\n    ])\n    def test_image_summary_4d_tensor_processing(self, shape, channels, value_range):\n        \"\"\"TC-02: 图像摘要4-D张量处理\"\"\"\n        # Arrange\n        batch_size, height, width, _ = shape\n        tag = f\"test_image_{batch_size}x{height}x{width}x{channels}\"\n    \n        # Create 4-D tensor with appropriate value range\n        # Note: image_summary accepts uint8 or float32 tensors\n        # According to the signature, it only accepts tag, tensor, max_images, collections, name\n        if value_range[0] == 0 and value_range[1] == 255:\n            # Integer range for typical image values - use uint8\n            tensor = self.create_test_tensor(shape, dtype=tf.uint8, value_range=value_range)\n        else:\n            # Float range for normalized values - use float32\n            tensor = self.create_test_tensor(shape, dtype=tf.float32, value_range=value_range)\n    \n        # Act\n        # Note: image_summary is deprecated but should still work\n        # Signature: image_summary(tag, tensor, max_images=3, collections=None, name=None)\n        # The underlying implementation has a bad_color parameter, but the wrapper doesn't expose it\n        # We'll use the deprecated function as-is and handle any warnings\n    \n        import warnings\n        with warnings.catch_warnings():\n            warnings.filterwarnings(\"ignore\", category=DeprecationWarning)\n>           result = logging_ops.image_summary(\n                tag=tag,\n                tensor=tensor,\n                max_images=3\n            )\n\ntests/test_tensorflow_python_ops_logging_ops.py:177: \n_ _ _ _ _ _ _ _ _ _ _ _ _ _ _ _ _ _ _ _ _ _ _ _ _ _ _ _ _ _ _ _ _ _ _ _ _ _ _ _ \n/opt/anaconda3/envs/testagent-experiment/lib/python3.10/site-packages/tensorflow/python/util/deprecation.py:357: in new_func\n    return func(*args, **kwargs)\n/opt/anaconda3/envs/testagent-experiment/lib/python3.10/site-packages/tensorflow/python/ops/logging_ops.py:505: in image_summary\n    val = gen_logging_ops.image_summary(\n/opt/anaconda3/envs/testagent-experiment/lib/python3.10/site-packages/tensorflow/python/ops/gen_logging_ops.py:378: in image_summary\n    return image_summary_eager_fallback(\n/opt/anaconda3/envs/testagent-experiment/lib/python3.10/site-packages/tensorflow/python/ops/gen_logging_ops.py:417: in image_summary_eager_fallback\n    _result = _execute.execute(b\"ImageSummary\", 1, inputs=_inputs_flat,\n_ _ _ _ _ _ _ _ _ _ _ _ _ _ _ _ _ _ _ _ _ _ _ _ _ _ _ _ _ _ _ _ _ _ _ _ _ _ _ _ \n\nop_name = b'ImageSummary', num_outputs = 1\ninputs = [<tf.Tensor: shape=(), dtype=string, numpy=b'test_image_3x16x16x4'>, <tf.Tensor: shape=(3, 16, 16, 4), dtype=uint8, nu...    ...,\n         [131,  54, 136, 213],\n         [157, 161, 137, 236],\n         [237, 130,  77, 117]]]], dtype=uint8)>]\nattrs = ('max_images', 3, 'T', 4, 'bad_color', dtype: DT_UINT8\ntensor_shape {\n  dim {\n    size: 4\n  }\n}\nint_val: 255\nint_val: 0\nint_val: 0\nint_val: 255\n)\nctx = <tensorflow.python.eager.context.Context object at 0x1492bfb50>\nname = None\n\n    def quick_execute(op_name, num_outputs, inputs, attrs, ctx, name=None):\n      \"\"\"Execute a TensorFlow operation.\n    \n      Args:\n        op_name: Name of the TensorFlow operation (see REGISTER_OP in C++ code) to\n          execute.\n        num_outputs: The number of outputs of the operation to fetch. (Explicitly\n          provided instead of being inferred for performance reasons).\n        inputs: A list of inputs to the operation. Each entry should be a Tensor, or\n          a value which can be passed to the Tensor constructor to create one.\n        attrs: A tuple with alternating string attr names and attr values for this\n          operation.\n        ctx: The value of context.context().\n        name: Customized name for the operation.\n    \n      Returns:\n        List of output Tensor objects. The list is empty if there are no outputs\n    \n      Raises:\n        An exception on error.\n      \"\"\"\n      device_name = ctx.device_name\n      # pylint: disable=protected-access\n      try:\n        ctx.ensure_initialized()\n>       tensors = pywrap_tfe.TFE_Py_Execute(ctx._handle, device_name, op_name,\n                                            inputs, attrs, num_outputs)\nE                                           tensorflow.python.framework.errors_impl.UnimplementedError: Attr bad_color has unhandled type 6 [Op:ImageSummary]\n\n/opt/anaconda3/envs/testagent-experiment/lib/python3.10/site-packages/tensorflow/python/eager/execute.py:54: UnimplementedError\n_ TestLoggingOps.test_print_v2_output_stream_switching[info-log_info-tf.compat.v1.logging.info] _\n\nself = <test_tensorflow_python_ops_logging_ops.TestLoggingOps object at 0x14c0f9de0>\noutput_stream = <function info at 0x106245480>, test_stream = 'log_info'\nexpected_stream = 'tf.compat.v1.logging.info'\n\n    @pytest.mark.parametrize(\"output_stream,test_stream,expected_stream\", [\n        # stderr output\n        (sys.stderr, \"stderr\", \"sys.stderr\"),\n        # stdout output\n        (sys.stdout, \"stdout\", \"sys.stdout\"),\n        # logging output (info level) - use tf.compat.v1.logging.info function\n        (tf.compat.v1.logging.info, \"log_info\", \"tf.compat.v1.logging.info\"),\n    ])\n    def test_print_v2_output_stream_switching(self, output_stream, test_stream, expected_stream):\n        \"\"\"TC-05: 输出流切换功能测试\"\"\"\n        # Arrange\n        test_message = f\"stream_test_{test_stream}\"\n    \n        # Act based on output stream\n        # Since print_v2 in eager mode returns None and prints directly,\n        # we'll verify that the function can be called with different output streams\n        # without raising exceptions\n    \n        if output_stream in [sys.stderr, sys.stdout]:\n            # For stdout/stderr, just verify the function executes\n            result = logging_ops.print_v2(test_message, output_stream=output_stream)\n            assert result is None, f\"print_v2 should return None for {output_stream}, got {type(result)}\"\n            stream_used = \"sys.stdout\" if output_stream == sys.stdout else \"sys.stderr\"\n    \n        elif output_stream == tf.compat.v1.logging.info:\n            # For logging output, print_v2 accepts tf.compat.v1.logging.info function\n            # We need to mock it to verify it was called\n            import tensorflow.compat.v1 as tf_v1\n            with mock.patch.object(tf_v1.logging, 'info') as mock_tf_logging_info:\n                result = logging_ops.print_v2(test_message, output_stream=output_stream)\n                # Check that logger was called\n>               mock_tf_logging_info.assert_called_once()\n\ntests/test_tensorflow_python_ops_logging_ops.py:449: \n_ _ _ _ _ _ _ _ _ _ _ _ _ _ _ _ _ _ _ _ _ _ _ _ _ _ _ _ _ _ _ _ _ _ _ _ _ _ _ _ \n\nself = <MagicMock name='info' id='5573084880'>\n\n    def assert_called_once(self):\n        \"\"\"assert that the mock was called only once.\n        \"\"\"\n        if not self.call_count == 1:\n            msg = (\"Expected '%s' to have been called once. Called %s times.%s\"\n                   % (self._mock_name or 'mock',\n                      self.call_count,\n                      self._calls_repr()))\n>           raise AssertionError(msg)\nE           AssertionError: Expected 'info' to have been called once. Called 0 times.\n\n/opt/anaconda3/envs/testagent-experiment/lib/python3.10/unittest/mock.py:908: AssertionError\n----------------------------- Captured stderr call -----------------------------\n2026-01-24 22:47:11.883814: I tensorflow/core/kernels/logging_ops.cc:171] stream_test_log_info\n\n=============================== warnings summary ===============================\n../../../../../../../../opt/anaconda3/envs/testagent-experiment/lib/python3.10/site-packages/tensorflow/core/framework/tensor_shape_pb2.py:18\n  /opt/anaconda3/envs/testagent-experiment/lib/python3.10/site-packages/tensorflow/core/framework/tensor_shape_pb2.py:18: DeprecationWarning: Call to deprecated create function FileDescriptor(). Note: Create unlinked descriptors is going to go away. Please use get/find descriptors from generated code or query the descriptor_pool.\n    DESCRIPTOR = _descriptor.FileDescriptor(\n\n../../../../../../../../opt/anaconda3/envs/testagent-experiment/lib/python3.10/site-packages/tensorflow/core/framework/tensor_shape_pb2.py:36\n  /opt/anaconda3/envs/testagent-experiment/lib/python3.10/site-packages/tensorflow/core/framework/tensor_shape_pb2.py:36: DeprecationWarning: Call to deprecated create function FieldDescriptor(). Note: Create unlinked descriptors is going to go away. Please use get/find descriptors from generated code or query the descriptor_pool.\n    _descriptor.FieldDescriptor(\n\n../../../../../../../../opt/anaconda3/envs/testagent-experiment/lib/python3.10/site-packages/tensorflow/core/framework/tensor_shape_pb2.py:43\n  /opt/anaconda3/envs/testagent-experiment/lib/python3.10/site-packages/tensorflow/core/framework/tensor_shape_pb2.py:43: DeprecationWarning: Call to deprecated create function FieldDescriptor(). Note: Create unlinked descriptors is going to go away. Please use get/find descriptors from generated code or query the descriptor_pool.\n    _descriptor.FieldDescriptor(\n\n../../../../../../../../opt/anaconda3/envs/testagent-experiment/lib/python3.10/site-packages/tensorflow/core/framework/tensor_shape_pb2.py:29\n  /opt/anaconda3/envs/testagent-experiment/lib/python3.10/site-packages/tensorflow/core/framework/tensor_shape_pb2.py:29: DeprecationWarning: Call to deprecated create function Descriptor(). Note: Create unlinked descriptors is going to go away. Please use get/find descriptors from generated code or query the descriptor_pool.\n    _TENSORSHAPEPROTO_DIM = _descriptor.Descriptor(\n\n../../../../../../../../opt/anaconda3/envs/testagent-experiment/lib/python3.10/site-packages/tensorflow/core/framework/tensor_shape_pb2.py:73\n  /opt/anaconda3/envs/testagent-experiment/lib/python3.10/site-packages/tensorflow/core/framework/tensor_shape_pb2.py:73: DeprecationWarning: Call to deprecated create function FieldDescriptor(). Note: Create unlinked descriptors is going to go away. Please use get/find descriptors from generated code or query the descriptor_pool.\n    _descriptor.FieldDescriptor(\n\n../../../../../../../../opt/anaconda3/envs/testagent-experiment/lib/python3.10/site-packages/tensorflow/core/framework/tensor_shape_pb2.py:80\n  /opt/anaconda3/envs/testagent-experiment/lib/python3.10/site-packages/tensorflow/core/framework/tensor_shape_pb2.py:80: DeprecationWarning: Call to deprecated create function FieldDescriptor(). Note: Create unlinked descriptors is going to go away. Please use get/find descriptors from generated code or query the descriptor_pool.\n    _descriptor.FieldDescriptor(\n\n../../../../../../../../opt/anaconda3/envs/testagent-experiment/lib/python3.10/site-packages/tensorflow/core/framework/tensor_shape_pb2.py:66\n  /opt/anaconda3/envs/testagent-experiment/lib/python3.10/site-packages/tensorflow/core/framework/tensor_shape_pb2.py:66: DeprecationWarning: Call to deprecated create function Descriptor(). Note: Create unlinked descriptors is going to go away. Please use get/find descriptors from generated code or query the descriptor_pool.\n    _TENSORSHAPEPROTO = _descriptor.Descriptor(\n\n../../../../../../../../opt/anaconda3/envs/testagent-experiment/lib/python3.10/site-packages/tensorflow/core/framework/types_pb2.py:19\n  /opt/anaconda3/envs/testagent-experiment/lib/python3.10/site-packages/tensorflow/core/framework/types_pb2.py:19: DeprecationWarning: Call to deprecated create function FileDescriptor(). Note: Create unlinked descriptors is going to go away. Please use get/find descriptors from generated code or query the descriptor_pool.\n    DESCRIPTOR = _descriptor.FileDescriptor(\n\n../../../../../../../../opt/anaconda3/envs/testagent-experiment/lib/python3.10/site-packages/tensorflow/core/framework/types_pb2.py:33\n  /opt/anaconda3/envs/testagent-experiment/lib/python3.10/site-packages/tensorflow/core/framework/types_pb2.py:33: DeprecationWarning: Call to deprecated create function EnumValueDescriptor(). Note: Create unlinked descriptors is going to go away. Please use get/find descriptors from generated code or query the descriptor_pool.\n    _descriptor.EnumValueDescriptor(\n\n../../../../../../../../opt/anaconda3/envs/testagent-experiment/lib/python3.10/site-packages/tensorflow/core/framework/types_pb2.py:37\n  /opt/anaconda3/envs/testagent-experiment/lib/python3.10/site-packages/tensorflow/core/framework/types_pb2.py:37: DeprecationWarning: Call to deprecated create function EnumValueDescriptor(). Note: Create unlinked descriptors is going to go away. Please use get/find descriptors from generated code or query the descriptor_pool.\n    _descriptor.EnumValueDescriptor(\n\n../../../../../../../../opt/anaconda3/envs/testagent-experiment/lib/python3.10/site-packages/tensorflow/core/framework/types_pb2.py:41\n  /opt/anaconda3/envs/testagent-experiment/lib/python3.10/site-packages/tensorflow/core/framework/types_pb2.py:41: DeprecationWarning: Call to deprecated create function EnumValueDescriptor(). Note: Create unlinked descriptors is going to go away. Please use get/find descriptors from generated code or query the descriptor_pool.\n    _descriptor.EnumValueDescriptor(\n\n../../../../../../../../opt/anaconda3/envs/testagent-experiment/lib/python3.10/site-packages/tensorflow/core/framework/types_pb2.py:45\n  /opt/anaconda3/envs/testagent-experiment/lib/python3.10/site-packages/tensorflow/core/framework/types_pb2.py:45: DeprecationWarning: Call to deprecated create function EnumValueDescriptor(). Note: Create unlinked descriptors is going to go away. Please use get/find descriptors from generated code or query the descriptor_pool.\n    _descriptor.EnumValueDescriptor(\n\n../../../../../../../../opt/anaconda3/envs/testagent-experiment/lib/python3.10/site-packages/tensorflow/core/framework/types_pb2.py:49\n  /opt/anaconda3/envs/testagent-experiment/lib/python3.10/site-packages/tensorflow/core/framework/types_pb2.py:49: DeprecationWarning: Call to deprecated create function EnumValueDescriptor(). Note: Create unlinked descriptors is going to go away. Please use get/find descriptors from generated code or query the descriptor_pool.\n    _descriptor.EnumValueDescriptor(\n\n../../../../../../../../opt/anaconda3/envs/testagent-experiment/lib/python3.10/site-packages/tensorflow/core/framework/types_pb2.py:53\n  /opt/anaconda3/envs/testagent-experiment/lib/python3.10/site-packages/tensorflow/core/framework/types_pb2.py:53: DeprecationWarning: Call to deprecated create function EnumValueDescriptor(). Note: Create unlinked descriptors is going to go away. Please use get/find descriptors from generated code or query the descriptor_pool.\n    _descriptor.EnumValueDescriptor(\n\n../../../../../../../../opt/anaconda3/envs/testagent-experiment/lib/python3.10/site-packages/tensorflow/core/framework/types_pb2.py:57\n  /opt/anaconda3/envs/testagent-experiment/lib/python3.10/site-packages/tensorflow/core/framework/types_pb2.py:57: DeprecationWarning: Call to deprecated create function EnumValueDescriptor(). Note: Create unlinked descriptors is going to go away. Please use get/find descriptors from generated code or query the descriptor_pool.\n    _descriptor.EnumValueDescriptor(\n\n../../../../../../../../opt/anaconda3/envs/testagent-experiment/lib/python3.10/site-packages/tensorflow/core/framework/types_pb2.py:61\n  /opt/anaconda3/envs/testagent-experiment/lib/python3.10/site-packages/tensorflow/core/framework/types_pb2.py:61: DeprecationWarning: Call to deprecated create function EnumValueDescriptor(). Note: Create unlinked descriptors is going to go away. Please use get/find descriptors from generated code or query the descriptor_pool.\n    _descriptor.EnumValueDescriptor(\n\n../../../../../../../../opt/anaconda3/envs/testagent-experiment/lib/python3.10/site-packages/tensorflow/core/framework/types_pb2.py:65\n  /opt/anaconda3/envs/testagent-experiment/lib/python3.10/site-packages/tensorflow/core/framework/types_pb2.py:65: DeprecationWarning: Call to deprecated create function EnumValueDescriptor(). Note: Create unlinked descriptors is going to go away. Please use get/find descriptors from generated code or query the descriptor_pool.\n    _descriptor.EnumValueDescriptor(\n\n../../../../../../../../opt/anaconda3/envs/testagent-experiment/lib/python3.10/site-packages/tensorflow/core/framework/types_pb2.py:69\n  /opt/anaconda3/envs/testagent-experiment/lib/python3.10/site-packages/tensorflow/core/framework/types_pb2.py:69: DeprecationWarning: Call to deprecated create function EnumValueDescriptor(). Note: Create unlinked descriptors is going to go away. Please use get/find descriptors from generated code or query the descriptor_pool.\n    _descriptor.EnumValueDescriptor(\n\n../../../../../../../../opt/anaconda3/envs/testagent-experiment/lib/python3.10/site-packages/tensorflow/core/framework/types_pb2.py:73\n  /opt/anaconda3/envs/testagent-experiment/lib/python3.10/site-packages/tensorflow/core/framework/types_pb2.py:73: DeprecationWarning: Call to deprecated create function EnumValueDescriptor(). Note: Create unlinked descriptors is going to go away. Please use get/find descriptors from generated code or query the descriptor_pool.\n    _descriptor.EnumValueDescriptor(\n\n../../../../../../../../opt/anaconda3/envs/testagent-experiment/lib/python3.10/site-packages/tensorflow/core/framework/types_pb2.py:77\n  /opt/anaconda3/envs/testagent-experiment/lib/python3.10/site-packages/tensorflow/core/framework/types_pb2.py:77: DeprecationWarning: Call to deprecated create function EnumValueDescriptor(). Note: Create unlinked descriptors is going to go away. Please use get/find descriptors from generated code or query the descriptor_pool.\n    _descriptor.EnumValueDescriptor(\n\n../../../../../../../../opt/anaconda3/envs/testagent-experiment/lib/python3.10/site-packages/tensorflow/core/framework/types_pb2.py:81\n  /opt/anaconda3/envs/testagent-experiment/lib/python3.10/site-packages/tensorflow/core/framework/types_pb2.py:81: DeprecationWarning: Call to deprecated create function EnumValueDescriptor(). Note: Create unlinked descriptors is going to go away. Please use get/find descriptors from generated code or query the descriptor_pool.\n    _descriptor.EnumValueDescriptor(\n\n../../../../../../../../opt/anaconda3/envs/testagent-experiment/lib/python3.10/site-packages/tensorflow/core/framework/types_pb2.py:85\n  /opt/anaconda3/envs/testagent-experiment/lib/python3.10/site-packages/tensorflow/core/framework/types_pb2.py:85: DeprecationWarning: Call to deprecated create function EnumValueDescriptor(). Note: Create unlinked descriptors is going to go away. Please use get/find descriptors from generated code or query the descriptor_pool.\n    _descriptor.EnumValueDescriptor(\n\n../../../../../../../../opt/anaconda3/envs/testagent-experiment/lib/python3.10/site-packages/tensorflow/core/framework/types_pb2.py:89\n  /opt/anaconda3/envs/testagent-experiment/lib/python3.10/site-packages/tensorflow/core/framework/types_pb2.py:89: DeprecationWarning: Call to deprecated create function EnumValueDescriptor(). Note: Create unlinked descriptors is going to go away. Please use get/find descriptors from generated code or query the descriptor_pool.\n    _descriptor.EnumValueDescriptor(\n\n../../../../../../../../opt/anaconda3/envs/testagent-experiment/lib/python3.10/site-packages/tensorflow/core/framework/types_pb2.py:93\n  /opt/anaconda3/envs/testagent-experiment/lib/python3.10/site-packages/tensorflow/core/framework/types_pb2.py:93: DeprecationWarning: Call to deprecated create function EnumValueDescriptor(). Note: Create unlinked descriptors is going to go away. Please use get/find descriptors from generated code or query the descriptor_pool.\n    _descriptor.EnumValueDescriptor(\n\n../../../../../../../../opt/anaconda3/envs/testagent-experiment/lib/python3.10/site-packages/tensorflow/core/framework/types_pb2.py:97\n  /opt/anaconda3/envs/testagent-experiment/lib/python3.10/site-packages/tensorflow/core/framework/types_pb2.py:97: DeprecationWarning: Call to deprecated create function EnumValueDescriptor(). Note: Create unlinked descriptors is going to go away. Please use get/find descriptors from generated code or query the descriptor_pool.\n    _descriptor.EnumValueDescriptor(\n\n../../../../../../../../opt/anaconda3/envs/testagent-experiment/lib/python3.10/site-packages/tensorflow/core/framework/types_pb2.py:101\n  /opt/anaconda3/envs/testagent-experiment/lib/python3.10/site-packages/tensorflow/core/framework/types_pb2.py:101: DeprecationWarning: Call to deprecated create function EnumValueDescriptor(). Note: Create unlinked descriptors is going to go away. Please use get/find descriptors from generated code or query the descriptor_pool.\n    _descriptor.EnumValueDescriptor(\n\n../../../../../../../../opt/anaconda3/envs/testagent-experiment/lib/python3.10/site-packages/tensorflow/core/framework/types_pb2.py:105\n  /opt/anaconda3/envs/testagent-experiment/lib/python3.10/site-packages/tensorflow/core/framework/types_pb2.py:105: DeprecationWarning: Call to deprecated create function EnumValueDescriptor(). Note: Create unlinked descriptors is going to go away. Please use get/find descriptors from generated code or query the descriptor_pool.\n    _descriptor.EnumValueDescriptor(\n\n../../../../../../../../opt/anaconda3/envs/testagent-experiment/lib/python3.10/site-packages/tensorflow/core/framework/types_pb2.py:109\n  /opt/anaconda3/envs/testagent-experiment/lib/python3.10/site-packages/tensorflow/core/framework/types_pb2.py:109: DeprecationWarning: Call to deprecated create function EnumValueDescriptor(). Note: Create unlinked descriptors is going to go away. Please use get/find descriptors from generated code or query the descriptor_pool.\n    _descriptor.EnumValueDescriptor(\n\n../../../../../../../../opt/anaconda3/envs/testagent-experiment/lib/python3.10/site-packages/tensorflow/core/framework/types_pb2.py:113\n  /opt/anaconda3/envs/testagent-experiment/lib/python3.10/site-packages/tensorflow/core/framework/types_pb2.py:113: DeprecationWarning: Call to deprecated create function EnumValueDescriptor(). Note: Create unlinked descriptors is going to go away. Please use get/find descriptors from generated code or query the descriptor_pool.\n    _descriptor.EnumValueDescriptor(\n\n../../../../../../../../opt/anaconda3/envs/testagent-experiment/lib/python3.10/site-packages/tensorflow/core/framework/types_pb2.py:117\n  /opt/anaconda3/envs/testagent-experiment/lib/python3.10/site-packages/tensorflow/core/framework/types_pb2.py:117: DeprecationWarning: Call to deprecated create function EnumValueDescriptor(). Note: Create unlinked descriptors is going to go away. Please use get/find descriptors from generated code or query the descriptor_pool.\n    _descriptor.EnumValueDescriptor(\n\n../../../../../../../../opt/anaconda3/envs/testagent-experiment/lib/python3.10/site-packages/tensorflow/core/framework/types_pb2.py:121\n  /opt/anaconda3/envs/testagent-experiment/lib/python3.10/site-packages/tensorflow/core/framework/types_pb2.py:121: DeprecationWarning: Call to deprecated create function EnumValueDescriptor(). Note: Create unlinked descriptors is going to go away. Please use get/find descriptors from generated code or query the descriptor_pool.\n    _descriptor.EnumValueDescriptor(\n\n../../../../../../../../opt/anaconda3/envs/testagent-experiment/lib/python3.10/site-packages/tensorflow/core/framework/types_pb2.py:125\n  /opt/anaconda3/envs/testagent-experiment/lib/python3.10/site-packages/tensorflow/core/framework/types_pb2.py:125: DeprecationWarning: Call to deprecated create function EnumValueDescriptor(). Note: Create unlinked descriptors is going to go away. Please use get/find descriptors from generated code or query the descriptor_pool.\n    _descriptor.EnumValueDescriptor(\n\n../../../../../../../../opt/anaconda3/envs/testagent-experiment/lib/python3.10/site-packages/tensorflow/core/framework/types_pb2.py:129\n  /opt/anaconda3/envs/testagent-experiment/lib/python3.10/site-packages/tensorflow/core/framework/types_pb2.py:129: DeprecationWarning: Call to deprecated create function EnumValueDescriptor(). Note: Create unlinked descriptors is going to go away. Please use get/find descriptors from generated code or query the descriptor_pool.\n    _descriptor.EnumValueDescriptor(\n\n../../../../../../../../opt/anaconda3/envs/testagent-experiment/lib/python3.10/site-packages/tensorflow/core/framework/types_pb2.py:133\n  /opt/anaconda3/envs/testagent-experiment/lib/python3.10/site-packages/tensorflow/core/framework/types_pb2.py:133: DeprecationWarning: Call to deprecated create function EnumValueDescriptor(). Note: Create unlinked descriptors is going to go away. Please use get/find descriptors from generated code or query the descriptor_pool.\n    _descriptor.EnumValueDescriptor(\n\n../../../../../../../../opt/anaconda3/envs/testagent-experiment/lib/python3.10/site-packages/tensorflow/core/framework/types_pb2.py:137\n  /opt/anaconda3/envs/testagent-experiment/lib/python3.10/site-packages/tensorflow/core/framework/types_pb2.py:137: DeprecationWarning: Call to deprecated create function EnumValueDescriptor(). Note: Create unlinked descriptors is going to go away. Please use get/find descriptors from generated code or query the descriptor_pool.\n    _descriptor.EnumValueDescriptor(\n\n../../../../../../../../opt/anaconda3/envs/testagent-experiment/lib/python3.10/site-packages/tensorflow/core/framework/types_pb2.py:141\n  /opt/anaconda3/envs/testagent-experiment/lib/python3.10/site-packages/tensorflow/core/framework/types_pb2.py:141: DeprecationWarning: Call to deprecated create function EnumValueDescriptor(). Note: Create unlinked descriptors is going to go away. Please use get/find descriptors from generated code or query the descriptor_pool.\n    _descriptor.EnumValueDescriptor(\n\n../../../../../../../../opt/anaconda3/envs/testagent-experiment/lib/python3.10/site-packages/tensorflow/core/framework/types_pb2.py:145\n  /opt/anaconda3/envs/testagent-experiment/lib/python3.10/site-packages/tensorflow/core/framework/types_pb2.py:145: DeprecationWarning: Call to deprecated create function EnumValueDescriptor(). Note: Create unlinked descriptors is going to go away. Please use get/find descriptors from generated code or query the descriptor_pool.\n    _descriptor.EnumValueDescriptor(\n\n../../../../../../../../opt/anaconda3/envs/testagent-experiment/lib/python3.10/site-packages/tensorflow/core/framework/types_pb2.py:149\n  /opt/anaconda3/envs/testagent-experiment/lib/python3.10/site-packages/tensorflow/core/framework/types_pb2.py:149: DeprecationWarning: Call to deprecated create function EnumValueDescriptor(). Note: Create unlinked descriptors is going to go away. Please use get/find descriptors from generated code or query the descriptor_pool.\n    _descriptor.EnumValueDescriptor(\n\n../../../../../../../../opt/anaconda3/envs/testagent-experiment/lib/python3.10/site-packages/tensorflow/core/framework/types_pb2.py:153\n  /opt/anaconda3/envs/testagent-experiment/lib/python3.10/site-packages/tensorflow/core/framework/types_pb2.py:153: DeprecationWarning: Call to deprecated create function EnumValueDescriptor(). Note: Create unlinked descriptors is going to go away. Please use get/find descriptors from generated code or query the descriptor_pool.\n    _descriptor.EnumValueDescriptor(\n\n../../../../../../../../opt/anaconda3/envs/testagent-experiment/lib/python3.10/site-packages/tensorflow/core/framework/types_pb2.py:157\n  /opt/anaconda3/envs/testagent-experiment/lib/python3.10/site-packages/tensorflow/core/framework/types_pb2.py:157: DeprecationWarning: Call to deprecated create function EnumValueDescriptor(). Note: Create unlinked descriptors is going to go away. Please use get/find descriptors from generated code or query the descriptor_pool.\n    _descriptor.EnumValueDescriptor(\n\n../../../../../../../../opt/anaconda3/envs/testagent-experiment/lib/python3.10/site-packages/tensorflow/core/framework/types_pb2.py:161\n  /opt/anaconda3/envs/testagent-experiment/lib/python3.10/site-packages/tensorflow/core/framework/types_pb2.py:161: DeprecationWarning: Call to deprecated create function EnumValueDescriptor(). Note: Create unlinked descriptors is going to go away. Please use get/find descriptors from generated code or query the descriptor_pool.\n    _descriptor.EnumValueDescriptor(\n\n../../../../../../../../opt/anaconda3/envs/testagent-experiment/lib/python3.10/site-packages/tensorflow/core/framework/types_pb2.py:165\n  /opt/anaconda3/envs/testagent-experiment/lib/python3.10/site-packages/tensorflow/core/framework/types_pb2.py:165: DeprecationWarning: Call to deprecated create function EnumValueDescriptor(). Note: Create unlinked descriptors is going to go away. Please use get/find descriptors from generated code or query the descriptor_pool.\n    _descriptor.EnumValueDescriptor(\n\n../../../../../../../../opt/anaconda3/envs/testagent-experiment/lib/python3.10/site-packages/tensorflow/core/framework/types_pb2.py:169\n  /opt/anaconda3/envs/testagent-experiment/lib/python3.10/site-packages/tensorflow/core/framework/types_pb2.py:169: DeprecationWarning: Call to deprecated create function EnumValueDescriptor(). Note: Create unlinked descriptors is going to go away. Please use get/find descriptors from generated code or query the descriptor_pool.\n    _descriptor.EnumValueDescriptor(\n\n../../../../../../../../opt/anaconda3/envs/testagent-experiment/lib/python3.10/site-packages/tensorflow/core/framework/types_pb2.py:173\n  /opt/anaconda3/envs/testagent-experiment/lib/python3.10/site-packages/tensorflow/core/framework/types_pb2.py:173: DeprecationWarning: Call to deprecated create function EnumValueDescriptor(). Note: Create unlinked descriptors is going to go away. Please use get/find descriptors from generated code or query the descriptor_pool.\n    _descriptor.EnumValueDescriptor(\n\n../../../../../../../../opt/anaconda3/envs/testagent-experiment/lib/python3.10/site-packages/tensorflow/core/framework/types_pb2.py:177\n  /opt/anaconda3/envs/testagent-experiment/lib/python3.10/site-packages/tensorflow/core/framework/types_pb2.py:177: DeprecationWarning: Call to deprecated create function EnumValueDescriptor(). Note: Create unlinked descriptors is going to go away. Please use get/find descriptors from generated code or query the descriptor_pool.\n    _descriptor.EnumValueDescriptor(\n\n../../../../../../../../opt/anaconda3/envs/testagent-experiment/lib/python3.10/site-packages/tensorflow/core/framework/types_pb2.py:181\n  /opt/anaconda3/envs/testagent-experiment/lib/python3.10/site-packages/tensorflow/core/framework/types_pb2.py:181: DeprecationWarning: Call to deprecated create function EnumValueDescriptor(). Note: Create unlinked descriptors is going to go away. Please use get/find descriptors from generated code or query the descriptor_pool.\n    _descriptor.EnumValueDescriptor(\n\n../../../../../../../../opt/anaconda3/envs/testagent-experiment/lib/python3.10/site-packages/tensorflow/core/framework/types_pb2.py:185\n  /opt/anaconda3/envs/testagent-experiment/lib/python3.10/site-packages/tensorflow/core/framework/types_pb2.py:185: DeprecationWarning: Call to deprecated create function EnumValueDescriptor(). Note: Create unlinked descriptors is going to go away. Please use get/find descriptors from generated code or query the descriptor_pool.\n    _descriptor.EnumValueDescriptor(\n\n../../../../../../../../opt/anaconda3/envs/testagent-experiment/lib/python3.10/site-packages/tensorflow/core/framework/types_pb2.py:189\n  /opt/anaconda3/envs/testagent-experiment/lib/python3.10/site-packages/tensorflow/core/framework/types_pb2.py:189: DeprecationWarning: Call to deprecated create function EnumValueDescriptor(). Note: Create unlinked descriptors is going to go away. Please use get/find descriptors from generated code or query the descriptor_pool.\n    _descriptor.EnumValueDescriptor(\n\n../../../../../../../../opt/anaconda3/envs/testagent-experiment/lib/python3.10/site-packages/tensorflow/core/framework/types_pb2.py:193\n  /opt/anaconda3/envs/testagent-experiment/lib/python3.10/site-packages/tensorflow/core/framework/types_pb2.py:193: DeprecationWarning: Call to deprecated create function EnumValueDescriptor(). Note: Create unlinked descriptors is going to go away. Please use get/find descriptors from generated code or query the descriptor_pool.\n    _descriptor.EnumValueDescriptor(\n\n../../../../../../../../opt/anaconda3/envs/testagent-experiment/lib/python3.10/site-packages/tensorflow/core/framework/types_pb2.py:197\n  /opt/anaconda3/envs/testagent-experiment/lib/python3.10/site-packages/tensorflow/core/framework/types_pb2.py:197: DeprecationWarning: Call to deprecated create function EnumValueDescriptor(). Note: Create unlinked descriptors is going to go away. Please use get/find descriptors from generated code or query the descriptor_pool.\n    _descriptor.EnumValueDescriptor(\n\n../../../../../../../../opt/anaconda3/envs/testagent-experiment/lib/python3.10/site-packages/tensorflow/core/framework/types_pb2.py:201\n  /opt/anaconda3/envs/testagent-experiment/lib/python3.10/site-packages/tensorflow/core/framework/types_pb2.py:201: DeprecationWarning: Call to deprecated create function EnumValueDescriptor(). Note: Create unlinked descriptors is going to go away. Please use get/find descriptors from generated code or query the descriptor_pool.\n    _descriptor.EnumValueDescriptor(\n\n../../../../../../../../opt/anaconda3/envs/testagent-experiment/lib/python3.10/site-packages/tensorflow/core/framework/types_pb2.py:205\n  /opt/anaconda3/envs/testagent-experiment/lib/python3.10/site-packages/tensorflow/core/framework/types_pb2.py:205: DeprecationWarning: Call to deprecated create function EnumValueDescriptor(). Note: Create unlinked descriptors is going to go away. Please use get/find descriptors from generated code or query the descriptor_pool.\n    _descriptor.EnumValueDescriptor(\n\n../../../../../../../../opt/anaconda3/envs/testagent-experiment/lib/python3.10/site-packages/tensorflow/core/framework/types_pb2.py:209\n  /opt/anaconda3/envs/testagent-experiment/lib/python3.10/site-packages/tensorflow/core/framework/types_pb2.py:209: DeprecationWarning: Call to deprecated create function EnumValueDescriptor(). Note: Create unlinked descriptors is going to go away. Please use get/find descriptors from generated code or query the descriptor_pool.\n    _descriptor.EnumValueDescriptor(\n\n../../../../../../../../opt/anaconda3/envs/testagent-experiment/lib/python3.10/site-packages/tensorflow/core/framework/types_pb2.py:213\n  /opt/anaconda3/envs/testagent-experiment/lib/python3.10/site-packages/tensorflow/core/framework/types_pb2.py:213: DeprecationWarning: Call to deprecated create function EnumValueDescriptor(). Note: Create unlinked descriptors is going to go away. Please use get/find descriptors from generated code or query the descriptor_pool.\n    _descriptor.EnumValueDescriptor(\n\n../../../../../../../../opt/anaconda3/envs/testagent-experiment/lib/python3.10/site-packages/tensorflow/core/framework/types_pb2.py:217\n  /opt/anaconda3/envs/testagent-experiment/lib/python3.10/site-packages/tensorflow/core/framework/types_pb2.py:217: DeprecationWarning: Call to deprecated create function EnumValueDescriptor(). Note: Create unlinked descriptors is going to go away. Please use get/find descriptors from generated code or query the descriptor_pool.\n    _descriptor.EnumValueDescriptor(\n\n../../../../../../../../opt/anaconda3/envs/testagent-experiment/lib/python3.10/site-packages/tensorflow/core/framework/types_pb2.py:27\n  /opt/anaconda3/envs/testagent-experiment/lib/python3.10/site-packages/tensorflow/core/framework/types_pb2.py:27: DeprecationWarning: Call to deprecated create function EnumDescriptor(). Note: Create unlinked descriptors is going to go away. Please use get/find descriptors from generated code or query the descriptor_pool.\n    _DATATYPE = _descriptor.EnumDescriptor(\n\n../../../../../../../../opt/anaconda3/envs/testagent-experiment/lib/python3.10/site-packages/tensorflow/core/framework/resource_handle_pb2.py:20\n  /opt/anaconda3/envs/testagent-experiment/lib/python3.10/site-packages/tensorflow/core/framework/resource_handle_pb2.py:20: DeprecationWarning: Call to deprecated create function FileDescriptor(). Note: Create unlinked descriptors is going to go away. Please use get/find descriptors from generated code or query the descriptor_pool.\n    DESCRIPTOR = _descriptor.FileDescriptor(\n\n../../../../../../../../opt/anaconda3/envs/testagent-experiment/lib/python3.10/site-packages/tensorflow/core/framework/resource_handle_pb2.py:39\n  /opt/anaconda3/envs/testagent-experiment/lib/python3.10/site-packages/tensorflow/core/framework/resource_handle_pb2.py:39: DeprecationWarning: Call to deprecated create function FieldDescriptor(). Note: Create unlinked descriptors is going to go away. Please use get/find descriptors from generated code or query the descriptor_pool.\n    _descriptor.FieldDescriptor(\n\n../../../../../../../../opt/anaconda3/envs/testagent-experiment/lib/python3.10/site-packages/tensorflow/core/framework/resource_handle_pb2.py:46\n  /opt/anaconda3/envs/testagent-experiment/lib/python3.10/site-packages/tensorflow/core/framework/resource_handle_pb2.py:46: DeprecationWarning: Call to deprecated create function FieldDescriptor(). Note: Create unlinked descriptors is going to go away. Please use get/find descriptors from generated code or query the descriptor_pool.\n    _descriptor.FieldDescriptor(\n\n../../../../../../../../opt/anaconda3/envs/testagent-experiment/lib/python3.10/site-packages/tensorflow/core/framework/resource_handle_pb2.py:32\n  /opt/anaconda3/envs/testagent-experiment/lib/python3.10/site-packages/tensorflow/core/framework/resource_handle_pb2.py:32: DeprecationWarning: Call to deprecated create function Descriptor(). Note: Create unlinked descriptors is going to go away. Please use get/find descriptors from generated code or query the descriptor_pool.\n    _RESOURCEHANDLEPROTO_DTYPEANDSHAPE = _descriptor.Descriptor(\n\n../../../../../../../../opt/anaconda3/envs/testagent-experiment/lib/python3.10/site-packages/tensorflow/core/framework/resource_handle_pb2.py:76\n  /opt/anaconda3/envs/testagent-experiment/lib/python3.10/site-packages/tensorflow/core/framework/resource_handle_pb2.py:76: DeprecationWarning: Call to deprecated create function FieldDescriptor(). Note: Create unlinked descriptors is going to go away. Please use get/find descriptors from generated code or query the descriptor_pool.\n    _descriptor.FieldDescriptor(\n\n../../../../../../../../opt/anaconda3/envs/testagent-experiment/lib/python3.10/site-packages/tensorflow/core/framework/resource_handle_pb2.py:83\n  /opt/anaconda3/envs/testagent-experiment/lib/python3.10/site-packages/tensorflow/core/framework/resource_handle_pb2.py:83: DeprecationWarning: Call to deprecated create function FieldDescriptor(). Note: Create unlinked descriptors is going to go away. Please use get/find descriptors from generated code or query the descriptor_pool.\n    _descriptor.FieldDescriptor(\n\n../../../../../../../../opt/anaconda3/envs/testagent-experiment/lib/python3.10/site-packages/tensorflow/core/framework/resource_handle_pb2.py:90\n  /opt/anaconda3/envs/testagent-experiment/lib/python3.10/site-packages/tensorflow/core/framework/resource_handle_pb2.py:90: DeprecationWarning: Call to deprecated create function FieldDescriptor(). Note: Create unlinked descriptors is going to go away. Please use get/find descriptors from generated code or query the descriptor_pool.\n    _descriptor.FieldDescriptor(\n\n../../../../../../../../opt/anaconda3/envs/testagent-experiment/lib/python3.10/site-packages/tensorflow/core/framework/resource_handle_pb2.py:97\n  /opt/anaconda3/envs/testagent-experiment/lib/python3.10/site-packages/tensorflow/core/framework/resource_handle_pb2.py:97: DeprecationWarning: Call to deprecated create function FieldDescriptor(). Note: Create unlinked descriptors is going to go away. Please use get/find descriptors from generated code or query the descriptor_pool.\n    _descriptor.FieldDescriptor(\n\n../../../../../../../../opt/anaconda3/envs/testagent-experiment/lib/python3.10/site-packages/tensorflow/core/framework/resource_handle_pb2.py:104\n  /opt/anaconda3/envs/testagent-experiment/lib/python3.10/site-packages/tensorflow/core/framework/resource_handle_pb2.py:104: DeprecationWarning: Call to deprecated create function FieldDescriptor(). Note: Create unlinked descriptors is going to go away. Please use get/find descriptors from generated code or query the descriptor_pool.\n    _descriptor.FieldDescriptor(\n\n../../../../../../../../opt/anaconda3/envs/testagent-experiment/lib/python3.10/site-packages/tensorflow/core/framework/resource_handle_pb2.py:111\n  /opt/anaconda3/envs/testagent-experiment/lib/python3.10/site-packages/tensorflow/core/framework/resource_handle_pb2.py:111: DeprecationWarning: Call to deprecated create function FieldDescriptor(). Note: Create unlinked descriptors is going to go away. Please use get/find descriptors from generated code or query the descriptor_pool.\n    _descriptor.FieldDescriptor(\n\n../../../../../../../../opt/anaconda3/envs/testagent-experiment/lib/python3.10/site-packages/tensorflow/core/framework/resource_handle_pb2.py:69\n  /opt/anaconda3/envs/testagent-experiment/lib/python3.10/site-packages/tensorflow/core/framework/resource_handle_pb2.py:69: DeprecationWarning: Call to deprecated create function Descriptor(). Note: Create unlinked descriptors is going to go away. Please use get/find descriptors from generated code or query the descriptor_pool.\n    _RESOURCEHANDLEPROTO = _descriptor.Descriptor(\n\n../../../../../../../../opt/anaconda3/envs/testagent-experiment/lib/python3.10/site-packages/tensorflow/core/framework/tensor_pb2.py:21\n  /opt/anaconda3/envs/testagent-experiment/lib/python3.10/site-packages/tensorflow/core/framework/tensor_pb2.py:21: DeprecationWarning: Call to deprecated create function FileDescriptor(). Note: Create unlinked descriptors is going to go away. Please use get/find descriptors from generated code or query the descriptor_pool.\n    DESCRIPTOR = _descriptor.FileDescriptor(\n\n../../../../../../../../opt/anaconda3/envs/testagent-experiment/lib/python3.10/site-packages/tensorflow/core/framework/tensor_pb2.py:40\n  /opt/anaconda3/envs/testagent-experiment/lib/python3.10/site-packages/tensorflow/core/framework/tensor_pb2.py:40: DeprecationWarning: Call to deprecated create function FieldDescriptor(). Note: Create unlinked descriptors is going to go away. Please use get/find descriptors from generated code or query the descriptor_pool.\n    _descriptor.FieldDescriptor(\n\n../../../../../../../../opt/anaconda3/envs/testagent-experiment/lib/python3.10/site-packages/tensorflow/core/framework/tensor_pb2.py:47\n  /opt/anaconda3/envs/testagent-experiment/lib/python3.10/site-packages/tensorflow/core/framework/tensor_pb2.py:47: DeprecationWarning: Call to deprecated create function FieldDescriptor(). Note: Create unlinked descriptors is going to go away. Please use get/find descriptors from generated code or query the descriptor_pool.\n    _descriptor.FieldDescriptor(\n\n../../../../../../../../opt/anaconda3/envs/testagent-experiment/lib/python3.10/site-packages/tensorflow/core/framework/tensor_pb2.py:54\n  /opt/anaconda3/envs/testagent-experiment/lib/python3.10/site-packages/tensorflow/core/framework/tensor_pb2.py:54: DeprecationWarning: Call to deprecated create function FieldDescriptor(). Note: Create unlinked descriptors is going to go away. Please use get/find descriptors from generated code or query the descriptor_pool.\n    _descriptor.FieldDescriptor(\n\n../../../../../../../../opt/anaconda3/envs/testagent-experiment/lib/python3.10/site-packages/tensorflow/core/framework/tensor_pb2.py:61\n  /opt/anaconda3/envs/testagent-experiment/lib/python3.10/site-packages/tensorflow/core/framework/tensor_pb2.py:61: DeprecationWarning: Call to deprecated create function FieldDescriptor(). Note: Create unlinked descriptors is going to go away. Please use get/find descriptors from generated code or query the descriptor_pool.\n    _descriptor.FieldDescriptor(\n\n../../../../../../../../opt/anaconda3/envs/testagent-experiment/lib/python3.10/site-packages/tensorflow/core/framework/tensor_pb2.py:68\n  /opt/anaconda3/envs/testagent-experiment/lib/python3.10/site-packages/tensorflow/core/framework/tensor_pb2.py:68: DeprecationWarning: Call to deprecated create function FieldDescriptor(). Note: Create unlinked descriptors is going to go away. Please use get/find descriptors from generated code or query the descriptor_pool.\n    _descriptor.FieldDescriptor(\n\n../../../../../../../../opt/anaconda3/envs/testagent-experiment/lib/python3.10/site-packages/tensorflow/core/framework/tensor_pb2.py:75\n  /opt/anaconda3/envs/testagent-experiment/lib/python3.10/site-packages/tensorflow/core/framework/tensor_pb2.py:75: DeprecationWarning: Call to deprecated create function FieldDescriptor(). Note: Create unlinked descriptors is going to go away. Please use get/find descriptors from generated code or query the descriptor_pool.\n    _descriptor.FieldDescriptor(\n\n../../../../../../../../opt/anaconda3/envs/testagent-experiment/lib/python3.10/site-packages/tensorflow/core/framework/tensor_pb2.py:82\n  /opt/anaconda3/envs/testagent-experiment/lib/python3.10/site-packages/tensorflow/core/framework/tensor_pb2.py:82: DeprecationWarning: Call to deprecated create function FieldDescriptor(). Note: Create unlinked descriptors is going to go away. Please use get/find descriptors from generated code or query the descriptor_pool.\n    _descriptor.FieldDescriptor(\n\n../../../../../../../../opt/anaconda3/envs/testagent-experiment/lib/python3.10/site-packages/tensorflow/core/framework/tensor_pb2.py:89\n  /opt/anaconda3/envs/testagent-experiment/lib/python3.10/site-packages/tensorflow/core/framework/tensor_pb2.py:89: DeprecationWarning: Call to deprecated create function FieldDescriptor(). Note: Create unlinked descriptors is going to go away. Please use get/find descriptors from generated code or query the descriptor_pool.\n    _descriptor.FieldDescriptor(\n\n../../../../../../../../opt/anaconda3/envs/testagent-experiment/lib/python3.10/site-packages/tensorflow/core/framework/tensor_pb2.py:96\n  /opt/anaconda3/envs/testagent-experiment/lib/python3.10/site-packages/tensorflow/core/framework/tensor_pb2.py:96: DeprecationWarning: Call to deprecated create function FieldDescriptor(). Note: Create unlinked descriptors is going to go away. Please use get/find descriptors from generated code or query the descriptor_pool.\n    _descriptor.FieldDescriptor(\n\n../../../../../../../../opt/anaconda3/envs/testagent-experiment/lib/python3.10/site-packages/tensorflow/core/framework/tensor_pb2.py:103\n  /opt/anaconda3/envs/testagent-experiment/lib/python3.10/site-packages/tensorflow/core/framework/tensor_pb2.py:103: DeprecationWarning: Call to deprecated create function FieldDescriptor(). Note: Create unlinked descriptors is going to go away. Please use get/find descriptors from generated code or query the descriptor_pool.\n    _descriptor.FieldDescriptor(\n\n../../../../../../../../opt/anaconda3/envs/testagent-experiment/lib/python3.10/site-packages/tensorflow/core/framework/tensor_pb2.py:110\n  /opt/anaconda3/envs/testagent-experiment/lib/python3.10/site-packages/tensorflow/core/framework/tensor_pb2.py:110: DeprecationWarning: Call to deprecated create function FieldDescriptor(). Note: Create unlinked descriptors is going to go away. Please use get/find descriptors from generated code or query the descriptor_pool.\n    _descriptor.FieldDescriptor(\n\n../../../../../../../../opt/anaconda3/envs/testagent-experiment/lib/python3.10/site-packages/tensorflow/core/framework/tensor_pb2.py:117\n  /opt/anaconda3/envs/testagent-experiment/lib/python3.10/site-packages/tensorflow/core/framework/tensor_pb2.py:117: DeprecationWarning: Call to deprecated create function FieldDescriptor(). Note: Create unlinked descriptors is going to go away. Please use get/find descriptors from generated code or query the descriptor_pool.\n    _descriptor.FieldDescriptor(\n\n../../../../../../../../opt/anaconda3/envs/testagent-experiment/lib/python3.10/site-packages/tensorflow/core/framework/tensor_pb2.py:124\n  /opt/anaconda3/envs/testagent-experiment/lib/python3.10/site-packages/tensorflow/core/framework/tensor_pb2.py:124: DeprecationWarning: Call to deprecated create function FieldDescriptor(). Note: Create unlinked descriptors is going to go away. Please use get/find descriptors from generated code or query the descriptor_pool.\n    _descriptor.FieldDescriptor(\n\n../../../../../../../../opt/anaconda3/envs/testagent-experiment/lib/python3.10/site-packages/tensorflow/core/framework/tensor_pb2.py:131\n  /opt/anaconda3/envs/testagent-experiment/lib/python3.10/site-packages/tensorflow/core/framework/tensor_pb2.py:131: DeprecationWarning: Call to deprecated create function FieldDescriptor(). Note: Create unlinked descriptors is going to go away. Please use get/find descriptors from generated code or query the descriptor_pool.\n    _descriptor.FieldDescriptor(\n\n../../../../../../../../opt/anaconda3/envs/testagent-experiment/lib/python3.10/site-packages/tensorflow/core/framework/tensor_pb2.py:138\n  /opt/anaconda3/envs/testagent-experiment/lib/python3.10/site-packages/tensorflow/core/framework/tensor_pb2.py:138: DeprecationWarning: Call to deprecated create function FieldDescriptor(). Note: Create unlinked descriptors is going to go away. Please use get/find descriptors from generated code or query the descriptor_pool.\n    _descriptor.FieldDescriptor(\n\n../../../../../../../../opt/anaconda3/envs/testagent-experiment/lib/python3.10/site-packages/tensorflow/core/framework/tensor_pb2.py:145\n  /opt/anaconda3/envs/testagent-experiment/lib/python3.10/site-packages/tensorflow/core/framework/tensor_pb2.py:145: DeprecationWarning: Call to deprecated create function FieldDescriptor(). Note: Create unlinked descriptors is going to go away. Please use get/find descriptors from generated code or query the descriptor_pool.\n    _descriptor.FieldDescriptor(\n\n../../../../../../../../opt/anaconda3/envs/testagent-experiment/lib/python3.10/site-packages/tensorflow/core/framework/tensor_pb2.py:152\n  /opt/anaconda3/envs/testagent-experiment/lib/python3.10/site-packages/tensorflow/core/framework/tensor_pb2.py:152: DeprecationWarning: Call to deprecated create function FieldDescriptor(). Note: Create unlinked descriptors is going to go away. Please use get/find descriptors from generated code or query the descriptor_pool.\n    _descriptor.FieldDescriptor(\n\n../../../../../../../../opt/anaconda3/envs/testagent-experiment/lib/python3.10/site-packages/tensorflow/core/framework/tensor_pb2.py:33\n  /opt/anaconda3/envs/testagent-experiment/lib/python3.10/site-packages/tensorflow/core/framework/tensor_pb2.py:33: DeprecationWarning: Call to deprecated create function Descriptor(). Note: Create unlinked descriptors is going to go away. Please use get/find descriptors from generated code or query the descriptor_pool.\n    _TENSORPROTO = _descriptor.Descriptor(\n\n../../../../../../../../opt/anaconda3/envs/testagent-experiment/lib/python3.10/site-packages/tensorflow/core/framework/tensor_pb2.py:183\n  /opt/anaconda3/envs/testagent-experiment/lib/python3.10/site-packages/tensorflow/core/framework/tensor_pb2.py:183: DeprecationWarning: Call to deprecated create function FieldDescriptor(). Note: Create unlinked descriptors is going to go away. Please use get/find descriptors from generated code or query the descriptor_pool.\n    _descriptor.FieldDescriptor(\n\n../../../../../../../../opt/anaconda3/envs/testagent-experiment/lib/python3.10/site-packages/tensorflow/core/framework/tensor_pb2.py:190\n  /opt/anaconda3/envs/testagent-experiment/lib/python3.10/site-packages/tensorflow/core/framework/tensor_pb2.py:190: DeprecationWarning: Call to deprecated create function FieldDescriptor(). Note: Create unlinked descriptors is going to go away. Please use get/find descriptors from generated code or query the descriptor_pool.\n    _descriptor.FieldDescriptor(\n\n../../../../../../../../opt/anaconda3/envs/testagent-experiment/lib/python3.10/site-packages/tensorflow/core/framework/tensor_pb2.py:197\n  /opt/anaconda3/envs/testagent-experiment/lib/python3.10/site-packages/tensorflow/core/framework/tensor_pb2.py:197: DeprecationWarning: Call to deprecated create function FieldDescriptor(). Note: Create unlinked descriptors is going to go away. Please use get/find descriptors from generated code or query the descriptor_pool.\n    _descriptor.FieldDescriptor(\n\n../../../../../../../../opt/anaconda3/envs/testagent-experiment/lib/python3.10/site-packages/tensorflow/core/framework/tensor_pb2.py:176\n  /opt/anaconda3/envs/testagent-experiment/lib/python3.10/site-packages/tensorflow/core/framework/tensor_pb2.py:176: DeprecationWarning: Call to deprecated create function Descriptor(). Note: Create unlinked descriptors is going to go away. Please use get/find descriptors from generated code or query the descriptor_pool.\n    _VARIANTTENSORDATAPROTO = _descriptor.Descriptor(\n\n../../../../../../../../opt/anaconda3/envs/testagent-experiment/lib/python3.10/site-packages/tensorflow/core/framework/attr_value_pb2.py:21\n  /opt/anaconda3/envs/testagent-experiment/lib/python3.10/site-packages/tensorflow/core/framework/attr_value_pb2.py:21: DeprecationWarning: Call to deprecated create function FileDescriptor(). Note: Create unlinked descriptors is going to go away. Please use get/find descriptors from generated code or query the descriptor_pool.\n    DESCRIPTOR = _descriptor.FileDescriptor(\n\n../../../../../../../../opt/anaconda3/envs/testagent-experiment/lib/python3.10/site-packages/tensorflow/core/framework/attr_value_pb2.py:40\n  /opt/anaconda3/envs/testagent-experiment/lib/python3.10/site-packages/tensorflow/core/framework/attr_value_pb2.py:40: DeprecationWarning: Call to deprecated create function FieldDescriptor(). Note: Create unlinked descriptors is going to go away. Please use get/find descriptors from generated code or query the descriptor_pool.\n    _descriptor.FieldDescriptor(\n\n../../../../../../../../opt/anaconda3/envs/testagent-experiment/lib/python3.10/site-packages/tensorflow/core/framework/attr_value_pb2.py:47\n  /opt/anaconda3/envs/testagent-experiment/lib/python3.10/site-packages/tensorflow/core/framework/attr_value_pb2.py:47: DeprecationWarning: Call to deprecated create function FieldDescriptor(). Note: Create unlinked descriptors is going to go away. Please use get/find descriptors from generated code or query the descriptor_pool.\n    _descriptor.FieldDescriptor(\n\n../../../../../../../../opt/anaconda3/envs/testagent-experiment/lib/python3.10/site-packages/tensorflow/core/framework/attr_value_pb2.py:54\n  /opt/anaconda3/envs/testagent-experiment/lib/python3.10/site-packages/tensorflow/core/framework/attr_value_pb2.py:54: DeprecationWarning: Call to deprecated create function FieldDescriptor(). Note: Create unlinked descriptors is going to go away. Please use get/find descriptors from generated code or query the descriptor_pool.\n    _descriptor.FieldDescriptor(\n\n../../../../../../../../opt/anaconda3/envs/testagent-experiment/lib/python3.10/site-packages/tensorflow/core/framework/attr_value_pb2.py:61\n  /opt/anaconda3/envs/testagent-experiment/lib/python3.10/site-packages/tensorflow/core/framework/attr_value_pb2.py:61: DeprecationWarning: Call to deprecated create function FieldDescriptor(). Note: Create unlinked descriptors is going to go away. Please use get/find descriptors from generated code or query the descriptor_pool.\n    _descriptor.FieldDescriptor(\n\n../../../../../../../../opt/anaconda3/envs/testagent-experiment/lib/python3.10/site-packages/tensorflow/core/framework/attr_value_pb2.py:68\n  /opt/anaconda3/envs/testagent-experiment/lib/python3.10/site-packages/tensorflow/core/framework/attr_value_pb2.py:68: DeprecationWarning: Call to deprecated create function FieldDescriptor(). Note: Create unlinked descriptors is going to go away. Please use get/find descriptors from generated code or query the descriptor_pool.\n    _descriptor.FieldDescriptor(\n\n../../../../../../../../opt/anaconda3/envs/testagent-experiment/lib/python3.10/site-packages/tensorflow/core/framework/attr_value_pb2.py:75\n  /opt/anaconda3/envs/testagent-experiment/lib/python3.10/site-packages/tensorflow/core/framework/attr_value_pb2.py:75: DeprecationWarning: Call to deprecated create function FieldDescriptor(). Note: Create unlinked descriptors is going to go away. Please use get/find descriptors from generated code or query the descriptor_pool.\n    _descriptor.FieldDescriptor(\n\n../../../../../../../../opt/anaconda3/envs/testagent-experiment/lib/python3.10/site-packages/tensorflow/core/framework/attr_value_pb2.py:82\n  /opt/anaconda3/envs/testagent-experiment/lib/python3.10/site-packages/tensorflow/core/framework/attr_value_pb2.py:82: DeprecationWarning: Call to deprecated create function FieldDescriptor(). Note: Create unlinked descriptors is going to go away. Please use get/find descriptors from generated code or query the descriptor_pool.\n    _descriptor.FieldDescriptor(\n\n../../../../../../../../opt/anaconda3/envs/testagent-experiment/lib/python3.10/site-packages/tensorflow/core/framework/attr_value_pb2.py:89\n  /opt/anaconda3/envs/testagent-experiment/lib/python3.10/site-packages/tensorflow/core/framework/attr_value_pb2.py:89: DeprecationWarning: Call to deprecated create function FieldDescriptor(). Note: Create unlinked descriptors is going to go away. Please use get/find descriptors from generated code or query the descriptor_pool.\n    _descriptor.FieldDescriptor(\n\n../../../../../../../../opt/anaconda3/envs/testagent-experiment/lib/python3.10/site-packages/tensorflow/core/framework/attr_value_pb2.py:33\n  /opt/anaconda3/envs/testagent-experiment/lib/python3.10/site-packages/tensorflow/core/framework/attr_value_pb2.py:33: DeprecationWarning: Call to deprecated create function Descriptor(). Note: Create unlinked descriptors is going to go away. Please use get/find descriptors from generated code or query the descriptor_pool.\n    _ATTRVALUE_LISTVALUE = _descriptor.Descriptor(\n\n../../../../../../../../opt/anaconda3/envs/testagent-experiment/lib/python3.10/site-packages/tensorflow/python/framework/dtypes.py:205\n  /opt/anaconda3/envs/testagent-experiment/lib/python3.10/site-packages/tensorflow/python/framework/dtypes.py:205: DeprecationWarning: `np.bool8` is a deprecated alias for `np.bool_`.  (Deprecated NumPy 1.24)\n    np.bool8: (False, True),\n\n../../../../../../../../opt/anaconda3/envs/testagent-experiment/lib/python3.10/site-packages/flatbuffers/compat.py:19\n  /opt/anaconda3/envs/testagent-experiment/lib/python3.10/site-packages/flatbuffers/compat.py:19: DeprecationWarning: the imp module is deprecated in favour of importlib and slated for removal in Python 3.12; see the module's documentation for alternative uses\n    import imp\n\n../../../../../../../../opt/anaconda3/envs/testagent-experiment/lib/python3.10/site-packages/tensorboard/compat/tensorflow_stub/dtypes.py:326\n  /opt/anaconda3/envs/testagent-experiment/lib/python3.10/site-packages/tensorboard/compat/tensorflow_stub/dtypes.py:326: DeprecationWarning: `np.bool8` is a deprecated alias for `np.bool_`.  (Deprecated NumPy 1.24)\n    np.bool8: (False, True),\n\n-- Docs: https://docs.pytest.org/en/stable/how-to/capture-warnings.html\n================================ tests coverage ================================\n______________ coverage: platform darwin, python 3.10.19-final-0 _______________\n\nName                                              Stmts   Miss Branch BrPart  Cover   Missing\n---------------------------------------------------------------------------------------------\ntest_fix_verification.py                             31     31      2      0     0%   4-48\ntest_quick_check.py                                   0      0      0      0   100%\ntests/test_tensorflow_python_ops_logging_ops.py     209     50     38      7    74%   51-52, 57-58, 63-66, 74, 81-85, 185-226, 289-291, 327, 341, 345-348, 352, 410-412, 450-458, 484-485, 569-570\n---------------------------------------------------------------------------------------------\nTOTAL                                               240     81     40      7    66%\nCoverage XML written to file coverage.xml\n=========================== short test summary info ============================\nFAILED tests/test_tensorflow_python_ops_logging_ops.py::TestLoggingOps::test_image_summary_4d_tensor_processing[shape0-3-value_range0]\nFAILED tests/test_tensorflow_python_ops_logging_ops.py::TestLoggingOps::test_image_summary_4d_tensor_processing[shape1-1-value_range1]\nFAILED tests/test_tensorflow_python_ops_logging_ops.py::TestLoggingOps::test_image_summary_4d_tensor_processing[shape2-4-value_range2]\nFAILED tests/test_tensorflow_python_ops_logging_ops.py::TestLoggingOps::test_print_v2_output_stream_switching[info-log_info-tf.compat.v1.logging.info]\n4 failed, 15 passed, 103 warnings in 2.36s\n\nError: exit 1",
    "exit_code.txt": "1",
    "analysis_plan.json": "{\n  \"status\": \"未完全通过\",\n  \"passed\": 15,\n  \"failed\": 4,\n  \"errors\": 0,\n  \"collection_errors\": false,\n  \"block_limit\": 3,\n  \"failures\": [\n    {\n      \"test\": \"TestLoggingOps.test_image_summary_4d_tensor_processing[shape0-3-value_range0]\",\n      \"block_id\": \"CASE_02\",\n      \"error_type\": \"UnimplementedError\",\n      \"action\": \"fix_dependency\",\n      \"note\": \"image_summary的bad_color参数类型问题，需要深入研究TensorFlow内部实现\"\n    },\n    {\n      \"test\": \"TestLoggingOps.test_print_v2_output_stream_switching[info-log_info-tf.compat.v1.logging.info]\",\n      \"block_id\": \"CASE_05\",\n      \"error_type\": \"AssertionError\",\n      \"action\": \"adjust_assertion\",\n      \"note\": \"print_v2使用tf.compat.v1.logging.info作为输出流时，mock未正确捕获调用\"\n    }\n  ],\n  \"deferred\": [\n    {\n      \"test\": \"TestLoggingOps.test_image_summary_4d_tensor_processing[shape1-1-value_range1]\",\n      \"reason\": \"错误类型重复，跳过该块\"\n    },\n    {\n      \"test\": \"TestLoggingOps.test_image_summary_4d_tensor_processing[shape2-4-value_range2]\",\n      \"reason\": \"错误类型重复，跳过该块\"\n    }\n  ],\n  \"stop_recommended\": false,\n  \"stop_reason\": \"\"\n}",
    "analysis.md": "# 测试结果分析\n\n## 状态与统计\n- **状态**: 未完全通过\n- **通过**: 15个测试\n- **失败**: 4个测试\n- **错误**: 0个\n- **集合错误**: 无\n\n## 待修复 BLOCK 列表 (≤3)\n\n### 1. CASE_02 - 图像摘要4-D张量处理\n- **错误类型**: UnimplementedError\n- **修复动作**: fix_dependency\n- **问题**: image_summary的bad_color参数类型问题，需要深入研究TensorFlow内部实现\n\n### 2. CASE_05 - 输出流切换功能测试\n- **错误类型**: AssertionError\n- **修复动作**: adjust_assertion\n- **问题**: print_v2使用tf.compat.v1.logging.info作为输出流时，mock未正确捕获调用\n\n## 停止建议\n- **stop_recommended**: false\n- **stop_reason**: 无",
    "test_fix_verification.py": "#!/usr/bin/env python3\n\"\"\"Simple verification of fixes for logging_ops tests.\"\"\"\n\nimport sys\nimport tensorflow as tf\nfrom tensorflow.python.ops import logging_ops\n\ndef test_print_v2_capture():\n    \"\"\"Test that print_v2 output can be captured.\"\"\"\n    import io\n    from unittest import mock\n    \n    # Test with mock stdout\n    with mock.patch('sys.stdout', new_callable=io.StringIO) as mock_stdout:\n        logging_ops.print_v2(\"test message\", output_stream=sys.stdout)\n        output = mock_stdout.getvalue()\n        print(f\"Mock stdout captured: '{output}'\")\n        assert len(output) > 0, \"No output captured\"\n        assert \"test message\" in output\n\ndef test_scalar_summary_shapes():\n    \"\"\"Test that scalar_summary requires matching shapes.\"\"\"\n    # This should work - matching shapes\n    tags = [\"tag1\", \"tag2\"]\n    values = [tf.constant(1.0), tf.constant(2.0)]\n    \n    # Convert to tensors\n    tags_tensor = tf.constant(tags, dtype=tf.string)\n    values_tensor = tf.stack([tf.cast(v, tf.float32) for v in values])\n    \n    print(f\"Tags shape: {tags_tensor.shape}\")\n    print(f\"Values shape: {values_tensor.shape}\")\n    assert tags_tensor.shape == values_tensor.shape, \"Shapes must match\"\n    \n    try:\n        result = logging_ops.scalar_summary(tags=tags_tensor, values=values_tensor)\n        print(f\"Scalar summary created successfully: {result}\")\n    except Exception as e:\n        print(f\"Error creating scalar summary: {e}\")\n\nif __name__ == \"__main__\":\n    print(\"Testing print_v2 capture...\")\n    test_print_v2_capture()\n    \n    print(\"\\nTesting scalar_summary shapes...\")\n    test_scalar_summary_shapes()\n    \n    print(\"\\nAll verification tests completed.\")",
    "test_quick_check.py": "#!/usr/bin/env python3\n\"\"\"Quick test to verify the fixes.\"\"\"\n\nimport sys\nimport os\nsys.path.insert(0, os.path.dirname(os.path.abspath(__file__)))\n\nimport pytest\nimport tensorflow as tf\nimport numpy as np\n\n# Test CASE_01 fix\nprint(\"Testing CASE_01 fix...\")\nfrom tensorflow.python.ops import logging_ops\n\n# Test basic print_v2 functionality\nresult = logging_ops.print_v2(\"test\", tf.constant([1, 2, 3]), output_stream=sys.stdout)\nprint(f\"print_v2 returned: {result} (should be None in eager mode)\")\n\n# Test CASE_02 fix\nprint(\"\\nTesting CASE_02 fix...\")\n# Create a test tensor\nshape = [2, 32, 32, 3]\ntensor = tf.constant(np.random.randint(0, 255, shape).astype(np.uint8))\ntag = \"test_image\"\n\nimport warnings\nwith warnings.catch_warnings():\n    warnings.filterwarnings(\"ignore\", category=DeprecationWarning)\n    result = logging_ops.image_summary(tag=tag, tensor=tensor, max_images=3)\n    print(f\"image_summary returned tensor with dtype: {result.dtype}, shape: {result.shape}\")\n\n# Test CASE_04 fix\nprint(\"\\nTesting CASE_04 fix...\")\ntags = [\"tag1\", \"tag2\", \"tag3\"]\nvalues = [tf.constant(1.0), tf.constant(2.0), tf.constant(3.0)]\ntags_tensor = tf.constant(tags, dtype=tf.string)\nvalues_tensor = tf.stack([tf.cast(v, tf.float32) for v in values])\n\nprint(f\"Tags shape: {tags_tensor.shape}, Values shape: {values_tensor.shape}\")\nassert tags_tensor.shape == values_tensor.shape, \"Shapes must match\"\n\nresult = logging_ops.scalar_summary(tags=tags_tensor, values=values_tensor)\nprint(f\"scalar_summary returned tensor with dtype: {result.dtype}, shape: {result.shape}\")\n\nprint(\"\\nAll quick tests passed!\")",
    "final_report.md": "# tensorflow.python.ops.logging_ops 测试报告\n\n## 1. 执行摘要\n测试完成度79%（15/19通过），核心功能基本可用，但图像摘要和日志输出流测试存在实现依赖问题，需要修复底层依赖和mock策略。\n\n**关键发现/阻塞项：**\n- 图像摘要函数存在底层实现问题（bad_color参数类型不匹配）\n- print_v2的日志级别输出流mock策略需要调整\n- 多个函数已标记弃用但仍在模块中，存在兼容性风险\n\n## 2. 测试范围\n**目标FQN：** tensorflow.python.ops.logging_ops\n\n**测试环境：**\n- 框架：pytest\n- 依赖：TensorFlow Python API\n- 执行模式：急切执行模式为主\n- Mock策略：sys.stdout/stderr、logging模块\n\n**覆盖场景：**\n- print_v2基础打印功能（通过）\n- 音频摘要值范围检查和采样率验证（通过）\n- 标量摘要单/多标签支持（通过）\n- 直方图摘要统计正确性（通过）\n- 边界值处理（空batch、极端数值）\n\n**未覆盖项：**\n- 图像摘要4-D张量处理（CASE_02失败）\n- 输出流切换完整功能（CASE_05部分失败）\n- 文件路径输出格式验证\n- 集合参数默认行为测试\n- 混合执行模式（急切/图）差异\n\n## 3. 结果概览\n- **用例总数：** 19个\n- **通过：** 15个（79%）\n- **失败：** 4个（21%）\n- **错误：** 0个\n- **集合错误：** 无\n\n**主要失败点：**\n1. **CASE_02**：图像摘要处理 - UnimplementedError（底层实现问题）\n2. **CASE_05**：输出流切换 - AssertionError（mock策略问题）\n\n## 4. 详细发现\n\n### 高优先级问题\n**P1：图像摘要底层实现问题**\n- **问题描述：** image_summary函数调用时出现UnimplementedError，bad_color参数类型不匹配\n- **根因：** TensorFlow内部gen_logging_ops实现与Python包装层接口不一致\n- **影响：** 图像摘要功能完全不可用\n- **建议修复：** 深入研究TensorFlow源码，可能需要调整参数传递方式或使用兼容性包装\n\n**P2：日志输出流mock策略问题**\n- **问题描述：** print_v2使用tf.compat.v1.logging.info作为输出流时，mock未正确捕获调用\n- **根因：** mock对象未正确拦截TensorFlow内部logging调用路径\n- **影响：** 日志级别输出流验证失败\n- **建议修复：** 调整mock策略，可能需要mock tf.compat.v1.logging模块而非标准logging\n\n### 中优先级问题\n**P3：已弃用函数兼容性风险**\n- **问题描述：** Print、histogram_summary等函数已标记弃用但仍在模块中\n- **根因：** TensorFlow API演进策略\n- **影响：** 长期维护风险，可能在未来版本中移除\n- **建议修复：** 添加弃用警告测试，确保用户迁移到新API\n\n### 低优先级问题\n**P4：文档缺失风险**\n- **问题描述：** 文件路径\"file://\"前缀格式要求不明确，集合参数默认行为文档缺失\n- **根因：** 官方文档不完整\n- **影响：** 开发者使用困惑\n- **建议修复：** 补充测试用例验证实际行为，更新内部文档\n\n## 5. 覆盖与风险\n\n**需求覆盖情况：**\n- ✅ print_v2基础打印功能验证\n- ❌ 图像摘要4-D张量处理（失败）\n- ✅ 音频摘要值范围检查和采样率验证\n- ✅ 标量摘要单/多标签支持\n- ⚠️ 输出流切换功能测试（部分失败）\n\n**尚未覆盖的边界/缺失信息：**\n1. **文件输出功能：** \"file://\"前缀格式要求未验证\n2. **集合参数行为：** collections参数默认值\"summaries\"行为未测试\n3. **性能边界：** 大内存使用和极端形状性能未评估\n4. **混合执行模式：** 急切执行与图模式差异未对比\n5. **错误恢复：** 异常场景下的资源清理未验证\n\n**剩余风险：**\n- 多个函数已弃用，长期维护风险高\n- 底层实现依赖可能导致版本兼容性问题\n- 缺少内存使用约束，可能在生产环境出现性能问题\n\n## 6. 后续动作\n\n### 高优先级（本周内）\n1. **修复图像摘要依赖问题**\n   - 分析TensorFlow源码中image_summary实现\n   - 调整测试用例参数传递方式\n   - 验证bad_color参数的正确类型\n\n2. **调整日志输出流mock策略**\n   - 修改mock对象以拦截tf.compat.v1.logging调用\n   - 验证所有输出流类型（stdout/stderr/log:info/warning/error）\n   - 更新断言逻辑\n\n### 中优先级（下周）\n3. **补充文件输出测试**\n   - 验证\"file://\"前缀格式要求\n   - 测试文件系统写入权限和路径处理\n   - 添加临时文件清理机制\n\n4. **验证集合参数行为**\n   - 测试collections参数默认值\"summaries\"\n   - 验证摘要结果是否正确添加到指定集合\n   - 测试多集合场景\n\n### 低优先级（下月）\n5. **性能边界测试**\n   - 添加大形状张量内存使用测试\n   - 验证极端数值处理性能\n   - 评估批量处理能力\n\n6. **混合执行模式验证**\n   - 对比急切执行与图模式差异\n   - 测试@tf.function装饰器兼容性\n   - 验证执行上下文切换\n\n7. **弃用函数兼容性测试**\n   - 添加弃用警告验证\n   - 确保向后兼容性\n   - 提供迁移指南测试\n\n**测试环境建议：**\n- 增加TensorFlow版本兼容性矩阵测试\n- 考虑添加GPU环境测试（如可用）\n- 建立持续集成流水线，定期验证API变化"
  },
  "stage_history": [
    {
      "stage": "understand_function",
      "status": "completed",
      "timestamp": "2026-01-24T22:15:56.250517",
      "attempts": 1,
      "error": null
    },
    {
      "stage": "generate_requirements",
      "status": "completed",
      "timestamp": "2026-01-24T22:16:46.646877",
      "attempts": 1,
      "error": null
    },
    {
      "stage": "design_test_plan",
      "status": "completed",
      "timestamp": "2026-01-24T22:18:32.399626",
      "attempts": 1,
      "error": null
    },
    {
      "stage": "generate_code",
      "status": "completed",
      "timestamp": "2026-01-24T22:23:07.423812",
      "attempts": 1,
      "error": null
    },
    {
      "stage": "execute_tests",
      "status": "completed",
      "timestamp": "2026-01-24T22:23:10.246309",
      "attempts": 1,
      "error": null
    },
    {
      "stage": "analyze_results",
      "status": "completed",
      "timestamp": "2026-01-24T22:25:06.076100",
      "attempts": 1,
      "error": null
    },
    {
      "stage": "generate_code",
      "status": "completed",
      "timestamp": "2026-01-24T22:28:55.020763",
      "attempts": 2,
      "error": null
    },
    {
      "stage": "execute_tests",
      "status": "completed",
      "timestamp": "2026-01-24T22:28:57.586612",
      "attempts": 2,
      "error": null
    },
    {
      "stage": "analyze_results",
      "status": "completed",
      "timestamp": "2026-01-24T22:30:28.091014",
      "attempts": 2,
      "error": null
    },
    {
      "stage": "generate_code",
      "status": "completed",
      "timestamp": "2026-01-24T22:36:20.195279",
      "attempts": 3,
      "error": null
    },
    {
      "stage": "execute_tests",
      "status": "completed",
      "timestamp": "2026-01-24T22:36:22.828749",
      "attempts": 3,
      "error": null
    },
    {
      "stage": "analyze_results",
      "status": "completed",
      "timestamp": "2026-01-24T22:37:36.801084",
      "attempts": 3,
      "error": null
    },
    {
      "stage": "generate_code",
      "status": "completed",
      "timestamp": "2026-01-24T22:41:17.768877",
      "attempts": 4,
      "error": null
    },
    {
      "stage": "execute_tests",
      "status": "completed",
      "timestamp": "2026-01-24T22:41:20.595596",
      "attempts": 4,
      "error": null
    },
    {
      "stage": "analyze_results",
      "status": "completed",
      "timestamp": "2026-01-24T22:42:47.061161",
      "attempts": 4,
      "error": null
    },
    {
      "stage": "generate_code",
      "status": "completed",
      "timestamp": "2026-01-24T22:47:09.336902",
      "attempts": 5,
      "error": null
    },
    {
      "stage": "execute_tests",
      "status": "completed",
      "timestamp": "2026-01-24T22:47:12.314537",
      "attempts": 5,
      "error": null
    },
    {
      "stage": "analyze_results",
      "status": "completed",
      "timestamp": "2026-01-24T22:48:20.902465",
      "attempts": 5,
      "error": null
    },
    {
      "stage": "generate_report",
      "status": "completed",
      "timestamp": "2026-01-24T22:49:24.845080",
      "attempts": 1,
      "error": null
    }
  ],
  "user_feedback": []
}