=== Run Tests ===
EEEFFFEEEEFEEEEEFEE......E...                                            [100%]
==================================== ERRORS ====================================
_ ERROR at setup of TestBatchFunction.test_batch_basic_functionality[2-32-False] _

thing = <module 'tensorflow' from '/opt/anaconda3/envs/testagent-experiment/lib/python3.10/site-packages/tensorflow/__init__.py'>
comp = 'python', import_path = 'tensorflow.python'

    def _dot_lookup(thing, comp, import_path):
        try:
>           return getattr(thing, comp)
E           AttributeError: module 'tensorflow' has no attribute 'python'

/opt/anaconda3/envs/testagent-experiment/lib/python3.10/unittest/mock.py:1248: AttributeError

During handling of the above exception, another exception occurred:

    @pytest.fixture
    def mock_queue_runner():
        """Mock QueueRunner to avoid actual thread execution."""
>       with mock.patch('tensorflow.python.training.queue_runner.QueueRunner') as mock_cls:

tests/test_tensorflow_python_training_input.py:23: 
_ _ _ _ _ _ _ _ _ _ _ _ _ _ _ _ _ _ _ _ _ _ _ _ _ _ _ _ _ _ _ _ _ _ _ _ _ _ _ _ 
/opt/anaconda3/envs/testagent-experiment/lib/python3.10/unittest/mock.py:1431: in __enter__
    self.target = self.getter()
/opt/anaconda3/envs/testagent-experiment/lib/python3.10/unittest/mock.py:1618: in <lambda>
    getter = lambda: _importer(target)
/opt/anaconda3/envs/testagent-experiment/lib/python3.10/unittest/mock.py:1261: in _importer
    thing = _dot_lookup(thing, comp, import_path)
_ _ _ _ _ _ _ _ _ _ _ _ _ _ _ _ _ _ _ _ _ _ _ _ _ _ _ _ _ _ _ _ _ _ _ _ _ _ _ _ 

thing = <module 'tensorflow' from '/opt/anaconda3/envs/testagent-experiment/lib/python3.10/site-packages/tensorflow/__init__.py'>
comp = 'python', import_path = 'tensorflow.python'

    def _dot_lookup(thing, comp, import_path):
        try:
            return getattr(thing, comp)
        except AttributeError:
            __import__(import_path)
>           return getattr(thing, comp)
E           AttributeError: module 'tensorflow' has no attribute 'python'

/opt/anaconda3/envs/testagent-experiment/lib/python3.10/unittest/mock.py:1251: AttributeError
_ ERROR at setup of TestBatchFunction.test_batch_basic_functionality[4-64-True] _

thing = <module 'tensorflow' from '/opt/anaconda3/envs/testagent-experiment/lib/python3.10/site-packages/tensorflow/__init__.py'>
comp = 'python', import_path = 'tensorflow.python'

    def _dot_lookup(thing, comp, import_path):
        try:
>           return getattr(thing, comp)
E           AttributeError: module 'tensorflow' has no attribute 'python'

/opt/anaconda3/envs/testagent-experiment/lib/python3.10/unittest/mock.py:1248: AttributeError

During handling of the above exception, another exception occurred:

    @pytest.fixture
    def mock_queue_runner():
        """Mock QueueRunner to avoid actual thread execution."""
>       with mock.patch('tensorflow.python.training.queue_runner.QueueRunner') as mock_cls:

tests/test_tensorflow_python_training_input.py:23: 
_ _ _ _ _ _ _ _ _ _ _ _ _ _ _ _ _ _ _ _ _ _ _ _ _ _ _ _ _ _ _ _ _ _ _ _ _ _ _ _ 
/opt/anaconda3/envs/testagent-experiment/lib/python3.10/unittest/mock.py:1431: in __enter__
    self.target = self.getter()
/opt/anaconda3/envs/testagent-experiment/lib/python3.10/unittest/mock.py:1618: in <lambda>
    getter = lambda: _importer(target)
/opt/anaconda3/envs/testagent-experiment/lib/python3.10/unittest/mock.py:1261: in _importer
    thing = _dot_lookup(thing, comp, import_path)
_ _ _ _ _ _ _ _ _ _ _ _ _ _ _ _ _ _ _ _ _ _ _ _ _ _ _ _ _ _ _ _ _ _ _ _ _ _ _ _ 

thing = <module 'tensorflow' from '/opt/anaconda3/envs/testagent-experiment/lib/python3.10/site-packages/tensorflow/__init__.py'>
comp = 'python', import_path = 'tensorflow.python'

    def _dot_lookup(thing, comp, import_path):
        try:
            return getattr(thing, comp)
        except AttributeError:
            __import__(import_path)
>           return getattr(thing, comp)
E           AttributeError: module 'tensorflow' has no attribute 'python'

/opt/anaconda3/envs/testagent-experiment/lib/python3.10/unittest/mock.py:1251: AttributeError
_ ERROR at setup of TestBatchFunction.test_batch_basic_functionality[1-10-False] _

thing = <module 'tensorflow' from '/opt/anaconda3/envs/testagent-experiment/lib/python3.10/site-packages/tensorflow/__init__.py'>
comp = 'python', import_path = 'tensorflow.python'

    def _dot_lookup(thing, comp, import_path):
        try:
>           return getattr(thing, comp)
E           AttributeError: module 'tensorflow' has no attribute 'python'

/opt/anaconda3/envs/testagent-experiment/lib/python3.10/unittest/mock.py:1248: AttributeError

During handling of the above exception, another exception occurred:

    @pytest.fixture
    def mock_queue_runner():
        """Mock QueueRunner to avoid actual thread execution."""
>       with mock.patch('tensorflow.python.training.queue_runner.QueueRunner') as mock_cls:

tests/test_tensorflow_python_training_input.py:23: 
_ _ _ _ _ _ _ _ _ _ _ _ _ _ _ _ _ _ _ _ _ _ _ _ _ _ _ _ _ _ _ _ _ _ _ _ _ _ _ _ 
/opt/anaconda3/envs/testagent-experiment/lib/python3.10/unittest/mock.py:1431: in __enter__
    self.target = self.getter()
/opt/anaconda3/envs/testagent-experiment/lib/python3.10/unittest/mock.py:1618: in <lambda>
    getter = lambda: _importer(target)
/opt/anaconda3/envs/testagent-experiment/lib/python3.10/unittest/mock.py:1261: in _importer
    thing = _dot_lookup(thing, comp, import_path)
_ _ _ _ _ _ _ _ _ _ _ _ _ _ _ _ _ _ _ _ _ _ _ _ _ _ _ _ _ _ _ _ _ _ _ _ _ _ _ _ 

thing = <module 'tensorflow' from '/opt/anaconda3/envs/testagent-experiment/lib/python3.10/site-packages/tensorflow/__init__.py'>
comp = 'python', import_path = 'tensorflow.python'

    def _dot_lookup(thing, comp, import_path):
        try:
            return getattr(thing, comp)
        except AttributeError:
            __import__(import_path)
>           return getattr(thing, comp)
E           AttributeError: module 'tensorflow' has no attribute 'python'

/opt/anaconda3/envs/testagent-experiment/lib/python3.10/unittest/mock.py:1251: AttributeError
_____ ERROR at setup of TestBatchFunction.test_batch_with_dictionary_input _____

thing = <module 'tensorflow' from '/opt/anaconda3/envs/testagent-experiment/lib/python3.10/site-packages/tensorflow/__init__.py'>
comp = 'python', import_path = 'tensorflow.python'

    def _dot_lookup(thing, comp, import_path):
        try:
>           return getattr(thing, comp)
E           AttributeError: module 'tensorflow' has no attribute 'python'

/opt/anaconda3/envs/testagent-experiment/lib/python3.10/unittest/mock.py:1248: AttributeError

During handling of the above exception, another exception occurred:

    @pytest.fixture
    def mock_fifo_queue():
        """Mock FIFOQueue for batch operations."""
>       with mock.patch('tensorflow.python.ops.data_flow_ops.FIFOQueue') as mock_cls:

tests/test_tensorflow_python_training_input.py:31: 
_ _ _ _ _ _ _ _ _ _ _ _ _ _ _ _ _ _ _ _ _ _ _ _ _ _ _ _ _ _ _ _ _ _ _ _ _ _ _ _ 
/opt/anaconda3/envs/testagent-experiment/lib/python3.10/unittest/mock.py:1431: in __enter__
    self.target = self.getter()
/opt/anaconda3/envs/testagent-experiment/lib/python3.10/unittest/mock.py:1618: in <lambda>
    getter = lambda: _importer(target)
/opt/anaconda3/envs/testagent-experiment/lib/python3.10/unittest/mock.py:1261: in _importer
    thing = _dot_lookup(thing, comp, import_path)
_ _ _ _ _ _ _ _ _ _ _ _ _ _ _ _ _ _ _ _ _ _ _ _ _ _ _ _ _ _ _ _ _ _ _ _ _ _ _ _ 

thing = <module 'tensorflow' from '/opt/anaconda3/envs/testagent-experiment/lib/python3.10/site-packages/tensorflow/__init__.py'>
comp = 'python', import_path = 'tensorflow.python'

    def _dot_lookup(thing, comp, import_path):
        try:
            return getattr(thing, comp)
        except AttributeError:
            __import__(import_path)
>           return getattr(thing, comp)
E           AttributeError: module 'tensorflow' has no attribute 'python'

/opt/anaconda3/envs/testagent-experiment/lib/python3.10/unittest/mock.py:1251: AttributeError
_ ERROR at setup of TestShuffleBatchFunction.test_shuffle_batch_basic_functionality[2-32-8-42] _

thing = <module 'tensorflow' from '/opt/anaconda3/envs/testagent-experiment/lib/python3.10/site-packages/tensorflow/__init__.py'>
comp = 'python', import_path = 'tensorflow.python'

    def _dot_lookup(thing, comp, import_path):
        try:
>           return getattr(thing, comp)
E           AttributeError: module 'tensorflow' has no attribute 'python'

/opt/anaconda3/envs/testagent-experiment/lib/python3.10/unittest/mock.py:1248: AttributeError

During handling of the above exception, another exception occurred:

    @pytest.fixture
    def mock_queue_runner():
        """Mock QueueRunner to avoid actual thread execution."""
>       with mock.patch('tensorflow.python.training.queue_runner.QueueRunner') as mock_cls:

tests/test_tensorflow_python_training_input.py:23: 
_ _ _ _ _ _ _ _ _ _ _ _ _ _ _ _ _ _ _ _ _ _ _ _ _ _ _ _ _ _ _ _ _ _ _ _ _ _ _ _ 
/opt/anaconda3/envs/testagent-experiment/lib/python3.10/unittest/mock.py:1431: in __enter__
    self.target = self.getter()
/opt/anaconda3/envs/testagent-experiment/lib/python3.10/unittest/mock.py:1618: in <lambda>
    getter = lambda: _importer(target)
/opt/anaconda3/envs/testagent-experiment/lib/python3.10/unittest/mock.py:1261: in _importer
    thing = _dot_lookup(thing, comp, import_path)
_ _ _ _ _ _ _ _ _ _ _ _ _ _ _ _ _ _ _ _ _ _ _ _ _ _ _ _ _ _ _ _ _ _ _ _ _ _ _ _ 

thing = <module 'tensorflow' from '/opt/anaconda3/envs/testagent-experiment/lib/python3.10/site-packages/tensorflow/__init__.py'>
comp = 'python', import_path = 'tensorflow.python'

    def _dot_lookup(thing, comp, import_path):
        try:
            return getattr(thing, comp)
        except AttributeError:
            __import__(import_path)
>           return getattr(thing, comp)
E           AttributeError: module 'tensorflow' has no attribute 'python'

/opt/anaconda3/envs/testagent-experiment/lib/python3.10/unittest/mock.py:1251: AttributeError
_ ERROR at setup of TestShuffleBatchFunction.test_shuffle_batch_basic_functionality[2-32-16-123] _

thing = <module 'tensorflow' from '/opt/anaconda3/envs/testagent-experiment/lib/python3.10/site-packages/tensorflow/__init__.py'>
comp = 'python', import_path = 'tensorflow.python'

    def _dot_lookup(thing, comp, import_path):
        try:
>           return getattr(thing, comp)
E           AttributeError: module 'tensorflow' has no attribute 'python'

/opt/anaconda3/envs/testagent-experiment/lib/python3.10/unittest/mock.py:1248: AttributeError

During handling of the above exception, another exception occurred:

    @pytest.fixture
    def mock_queue_runner():
        """Mock QueueRunner to avoid actual thread execution."""
>       with mock.patch('tensorflow.python.training.queue_runner.QueueRunner') as mock_cls:

tests/test_tensorflow_python_training_input.py:23: 
_ _ _ _ _ _ _ _ _ _ _ _ _ _ _ _ _ _ _ _ _ _ _ _ _ _ _ _ _ _ _ _ _ _ _ _ _ _ _ _ 
/opt/anaconda3/envs/testagent-experiment/lib/python3.10/unittest/mock.py:1431: in __enter__
    self.target = self.getter()
/opt/anaconda3/envs/testagent-experiment/lib/python3.10/unittest/mock.py:1618: in <lambda>
    getter = lambda: _importer(target)
/opt/anaconda3/envs/testagent-experiment/lib/python3.10/unittest/mock.py:1261: in _importer
    thing = _dot_lookup(thing, comp, import_path)
_ _ _ _ _ _ _ _ _ _ _ _ _ _ _ _ _ _ _ _ _ _ _ _ _ _ _ _ _ _ _ _ _ _ _ _ _ _ _ _ 

thing = <module 'tensorflow' from '/opt/anaconda3/envs/testagent-experiment/lib/python3.10/site-packages/tensorflow/__init__.py'>
comp = 'python', import_path = 'tensorflow.python'

    def _dot_lookup(thing, comp, import_path):
        try:
            return getattr(thing, comp)
        except AttributeError:
            __import__(import_path)
>           return getattr(thing, comp)
E           AttributeError: module 'tensorflow' has no attribute 'python'

/opt/anaconda3/envs/testagent-experiment/lib/python3.10/unittest/mock.py:1251: AttributeError
_ ERROR at setup of TestShuffleBatchFunction.test_shuffle_batch_with_seed_reproducibility _

thing = <module 'tensorflow' from '/opt/anaconda3/envs/testagent-experiment/lib/python3.10/site-packages/tensorflow/__init__.py'>
comp = 'python', import_path = 'tensorflow.python'

    def _dot_lookup(thing, comp, import_path):
        try:
>           return getattr(thing, comp)
E           AttributeError: module 'tensorflow' has no attribute 'python'

/opt/anaconda3/envs/testagent-experiment/lib/python3.10/unittest/mock.py:1248: AttributeError

During handling of the above exception, another exception occurred:

    @pytest.fixture
    def mock_random_shuffle_queue():
        """Mock RandomShuffleQueue for shuffle batch operations."""
>       with mock.patch('tensorflow.python.ops.data_flow_ops.RandomShuffleQueue') as mock_cls:

tests/test_tensorflow_python_training_input.py:39: 
_ _ _ _ _ _ _ _ _ _ _ _ _ _ _ _ _ _ _ _ _ _ _ _ _ _ _ _ _ _ _ _ _ _ _ _ _ _ _ _ 
/opt/anaconda3/envs/testagent-experiment/lib/python3.10/unittest/mock.py:1431: in __enter__
    self.target = self.getter()
/opt/anaconda3/envs/testagent-experiment/lib/python3.10/unittest/mock.py:1618: in <lambda>
    getter = lambda: _importer(target)
/opt/anaconda3/envs/testagent-experiment/lib/python3.10/unittest/mock.py:1261: in _importer
    thing = _dot_lookup(thing, comp, import_path)
_ _ _ _ _ _ _ _ _ _ _ _ _ _ _ _ _ _ _ _ _ _ _ _ _ _ _ _ _ _ _ _ _ _ _ _ _ _ _ _ 

thing = <module 'tensorflow' from '/opt/anaconda3/envs/testagent-experiment/lib/python3.10/site-packages/tensorflow/__init__.py'>
comp = 'python', import_path = 'tensorflow.python'

    def _dot_lookup(thing, comp, import_path):
        try:
            return getattr(thing, comp)
        except AttributeError:
            __import__(import_path)
>           return getattr(thing, comp)
E           AttributeError: module 'tensorflow' has no attribute 'python'

/opt/anaconda3/envs/testagent-experiment/lib/python3.10/unittest/mock.py:1251: AttributeError
_ ERROR at setup of TestShuffleBatchFunction.test_shuffle_batch_with_enqueue_many _

thing = <module 'tensorflow' from '/opt/anaconda3/envs/testagent-experiment/lib/python3.10/site-packages/tensorflow/__init__.py'>
comp = 'python', import_path = 'tensorflow.python'

    def _dot_lookup(thing, comp, import_path):
        try:
>           return getattr(thing, comp)
E           AttributeError: module 'tensorflow' has no attribute 'python'

/opt/anaconda3/envs/testagent-experiment/lib/python3.10/unittest/mock.py:1248: AttributeError

During handling of the above exception, another exception occurred:

    @pytest.fixture
    def mock_random_shuffle_queue():
        """Mock RandomShuffleQueue for shuffle batch operations."""
>       with mock.patch('tensorflow.python.ops.data_flow_ops.RandomShuffleQueue') as mock_cls:

tests/test_tensorflow_python_training_input.py:39: 
_ _ _ _ _ _ _ _ _ _ _ _ _ _ _ _ _ _ _ _ _ _ _ _ _ _ _ _ _ _ _ _ _ _ _ _ _ _ _ _ 
/opt/anaconda3/envs/testagent-experiment/lib/python3.10/unittest/mock.py:1431: in __enter__
    self.target = self.getter()
/opt/anaconda3/envs/testagent-experiment/lib/python3.10/unittest/mock.py:1618: in <lambda>
    getter = lambda: _importer(target)
/opt/anaconda3/envs/testagent-experiment/lib/python3.10/unittest/mock.py:1261: in _importer
    thing = _dot_lookup(thing, comp, import_path)
_ _ _ _ _ _ _ _ _ _ _ _ _ _ _ _ _ _ _ _ _ _ _ _ _ _ _ _ _ _ _ _ _ _ _ _ _ _ _ _ 

thing = <module 'tensorflow' from '/opt/anaconda3/envs/testagent-experiment/lib/python3.10/site-packages/tensorflow/__init__.py'>
comp = 'python', import_path = 'tensorflow.python'

    def _dot_lookup(thing, comp, import_path):
        try:
            return getattr(thing, comp)
        except AttributeError:
            __import__(import_path)
>           return getattr(thing, comp)
E           AttributeError: module 'tensorflow' has no attribute 'python'

/opt/anaconda3/envs/testagent-experiment/lib/python3.10/unittest/mock.py:1251: AttributeError
_ ERROR at setup of TestShuffleBatchFunction.test_shuffle_batch_allow_smaller_final_batch _

thing = <module 'tensorflow' from '/opt/anaconda3/envs/testagent-experiment/lib/python3.10/site-packages/tensorflow/__init__.py'>
comp = 'python', import_path = 'tensorflow.python'

    def _dot_lookup(thing, comp, import_path):
        try:
>           return getattr(thing, comp)
E           AttributeError: module 'tensorflow' has no attribute 'python'

/opt/anaconda3/envs/testagent-experiment/lib/python3.10/unittest/mock.py:1248: AttributeError

During handling of the above exception, another exception occurred:

    @pytest.fixture
    def mock_random_shuffle_queue():
        """Mock RandomShuffleQueue for shuffle batch operations."""
>       with mock.patch('tensorflow.python.ops.data_flow_ops.RandomShuffleQueue') as mock_cls:

tests/test_tensorflow_python_training_input.py:39: 
_ _ _ _ _ _ _ _ _ _ _ _ _ _ _ _ _ _ _ _ _ _ _ _ _ _ _ _ _ _ _ _ _ _ _ _ _ _ _ _ 
/opt/anaconda3/envs/testagent-experiment/lib/python3.10/unittest/mock.py:1431: in __enter__
    self.target = self.getter()
/opt/anaconda3/envs/testagent-experiment/lib/python3.10/unittest/mock.py:1618: in <lambda>
    getter = lambda: _importer(target)
/opt/anaconda3/envs/testagent-experiment/lib/python3.10/unittest/mock.py:1261: in _importer
    thing = _dot_lookup(thing, comp, import_path)
_ _ _ _ _ _ _ _ _ _ _ _ _ _ _ _ _ _ _ _ _ _ _ _ _ _ _ _ _ _ _ _ _ _ _ _ _ _ _ _ 

thing = <module 'tensorflow' from '/opt/anaconda3/envs/testagent-experiment/lib/python3.10/site-packages/tensorflow/__init__.py'>
comp = 'python', import_path = 'tensorflow.python'

    def _dot_lookup(thing, comp, import_path):
        try:
            return getattr(thing, comp)
        except AttributeError:
            __import__(import_path)
>           return getattr(thing, comp)
E           AttributeError: module 'tensorflow' has no attribute 'python'

/opt/anaconda3/envs/testagent-experiment/lib/python3.10/unittest/mock.py:1251: AttributeError
_ ERROR at setup of TestDynamicPaddingFunction.test_batch_with_dynamic_padding[2-32-True-False] _

thing = <module 'tensorflow' from '/opt/anaconda3/envs/testagent-experiment/lib/python3.10/site-packages/tensorflow/__init__.py'>
comp = 'python', import_path = 'tensorflow.python'

    def _dot_lookup(thing, comp, import_path):
        try:
>           return getattr(thing, comp)
E           AttributeError: module 'tensorflow' has no attribute 'python'

/opt/anaconda3/envs/testagent-experiment/lib/python3.10/unittest/mock.py:1248: AttributeError

During handling of the above exception, another exception occurred:

    @pytest.fixture
    def mock_queue_runner():
        """Mock QueueRunner to avoid actual thread execution."""
>       with mock.patch('tensorflow.python.training.queue_runner.QueueRunner') as mock_cls:

tests/test_tensorflow_python_training_input.py:23: 
_ _ _ _ _ _ _ _ _ _ _ _ _ _ _ _ _ _ _ _ _ _ _ _ _ _ _ _ _ _ _ _ _ _ _ _ _ _ _ _ 
/opt/anaconda3/envs/testagent-experiment/lib/python3.10/unittest/mock.py:1431: in __enter__
    self.target = self.getter()
/opt/anaconda3/envs/testagent-experiment/lib/python3.10/unittest/mock.py:1618: in <lambda>
    getter = lambda: _importer(target)
/opt/anaconda3/envs/testagent-experiment/lib/python3.10/unittest/mock.py:1261: in _importer
    thing = _dot_lookup(thing, comp, import_path)
_ _ _ _ _ _ _ _ _ _ _ _ _ _ _ _ _ _ _ _ _ _ _ _ _ _ _ _ _ _ _ _ _ _ _ _ _ _ _ _ 

thing = <module 'tensorflow' from '/opt/anaconda3/envs/testagent-experiment/lib/python3.10/site-packages/tensorflow/__init__.py'>
comp = 'python', import_path = 'tensorflow.python'

    def _dot_lookup(thing, comp, import_path):
        try:
            return getattr(thing, comp)
        except AttributeError:
            __import__(import_path)
>           return getattr(thing, comp)
E           AttributeError: module 'tensorflow' has no attribute 'python'

/opt/anaconda3/envs/testagent-experiment/lib/python3.10/unittest/mock.py:1251: AttributeError
_ ERROR at setup of TestDynamicPaddingFunction.test_batch_with_dynamic_padding[3-48-True-True] _

thing = <module 'tensorflow' from '/opt/anaconda3/envs/testagent-experiment/lib/python3.10/site-packages/tensorflow/__init__.py'>
comp = 'python', import_path = 'tensorflow.python'

    def _dot_lookup(thing, comp, import_path):
        try:
>           return getattr(thing, comp)
E           AttributeError: module 'tensorflow' has no attribute 'python'

/opt/anaconda3/envs/testagent-experiment/lib/python3.10/unittest/mock.py:1248: AttributeError

During handling of the above exception, another exception occurred:

    @pytest.fixture
    def mock_queue_runner():
        """Mock QueueRunner to avoid actual thread execution."""
>       with mock.patch('tensorflow.python.training.queue_runner.QueueRunner') as mock_cls:

tests/test_tensorflow_python_training_input.py:23: 
_ _ _ _ _ _ _ _ _ _ _ _ _ _ _ _ _ _ _ _ _ _ _ _ _ _ _ _ _ _ _ _ _ _ _ _ _ _ _ _ 
/opt/anaconda3/envs/testagent-experiment/lib/python3.10/unittest/mock.py:1431: in __enter__
    self.target = self.getter()
/opt/anaconda3/envs/testagent-experiment/lib/python3.10/unittest/mock.py:1618: in <lambda>
    getter = lambda: _importer(target)
/opt/anaconda3/envs/testagent-experiment/lib/python3.10/unittest/mock.py:1261: in _importer
    thing = _dot_lookup(thing, comp, import_path)
_ _ _ _ _ _ _ _ _ _ _ _ _ _ _ _ _ _ _ _ _ _ _ _ _ _ _ _ _ _ _ _ _ _ _ _ _ _ _ _ 

thing = <module 'tensorflow' from '/opt/anaconda3/envs/testagent-experiment/lib/python3.10/site-packages/tensorflow/__init__.py'>
comp = 'python', import_path = 'tensorflow.python'

    def _dot_lookup(thing, comp, import_path):
        try:
            return getattr(thing, comp)
        except AttributeError:
            __import__(import_path)
>           return getattr(thing, comp)
E           AttributeError: module 'tensorflow' has no attribute 'python'

/opt/anaconda3/envs/testagent-experiment/lib/python3.10/unittest/mock.py:1251: AttributeError
_ ERROR at setup of TestDynamicPaddingFunction.test_dynamic_padding_with_explicit_shapes _

thing = <module 'tensorflow' from '/opt/anaconda3/envs/testagent-experiment/lib/python3.10/site-packages/tensorflow/__init__.py'>
comp = 'python', import_path = 'tensorflow.python'

    def _dot_lookup(thing, comp, import_path):
        try:
>           return getattr(thing, comp)
E           AttributeError: module 'tensorflow' has no attribute 'python'

/opt/anaconda3/envs/testagent-experiment/lib/python3.10/unittest/mock.py:1248: AttributeError

During handling of the above exception, another exception occurred:

    @pytest.fixture
    def mock_fifo_queue():
        """Mock FIFOQueue for batch operations."""
>       with mock.patch('tensorflow.python.ops.data_flow_ops.FIFOQueue') as mock_cls:

tests/test_tensorflow_python_training_input.py:31: 
_ _ _ _ _ _ _ _ _ _ _ _ _ _ _ _ _ _ _ _ _ _ _ _ _ _ _ _ _ _ _ _ _ _ _ _ _ _ _ _ 
/opt/anaconda3/envs/testagent-experiment/lib/python3.10/unittest/mock.py:1431: in __enter__
    self.target = self.getter()
/opt/anaconda3/envs/testagent-experiment/lib/python3.10/unittest/mock.py:1618: in <lambda>
    getter = lambda: _importer(target)
/opt/anaconda3/envs/testagent-experiment/lib/python3.10/unittest/mock.py:1261: in _importer
    thing = _dot_lookup(thing, comp, import_path)
_ _ _ _ _ _ _ _ _ _ _ _ _ _ _ _ _ _ _ _ _ _ _ _ _ _ _ _ _ _ _ _ _ _ _ _ _ _ _ _ 

thing = <module 'tensorflow' from '/opt/anaconda3/envs/testagent-experiment/lib/python3.10/site-packages/tensorflow/__init__.py'>
comp = 'python', import_path = 'tensorflow.python'

    def _dot_lookup(thing, comp, import_path):
        try:
            return getattr(thing, comp)
        except AttributeError:
            __import__(import_path)
>           return getattr(thing, comp)
E           AttributeError: module 'tensorflow' has no attribute 'python'

/opt/anaconda3/envs/testagent-experiment/lib/python3.10/unittest/mock.py:1251: AttributeError
_ ERROR at setup of TestDynamicPaddingFunction.test_dynamic_padding_preserves_data_types _

thing = <module 'tensorflow' from '/opt/anaconda3/envs/testagent-experiment/lib/python3.10/site-packages/tensorflow/__init__.py'>
comp = 'python', import_path = 'tensorflow.python'

    def _dot_lookup(thing, comp, import_path):
        try:
>           return getattr(thing, comp)
E           AttributeError: module 'tensorflow' has no attribute 'python'

/opt/anaconda3/envs/testagent-experiment/lib/python3.10/unittest/mock.py:1248: AttributeError

During handling of the above exception, another exception occurred:

    @pytest.fixture
    def mock_fifo_queue():
        """Mock FIFOQueue for batch operations."""
>       with mock.patch('tensorflow.python.ops.data_flow_ops.FIFOQueue') as mock_cls:

tests/test_tensorflow_python_training_input.py:31: 
_ _ _ _ _ _ _ _ _ _ _ _ _ _ _ _ _ _ _ _ _ _ _ _ _ _ _ _ _ _ _ _ _ _ _ _ _ _ _ _ 
/opt/anaconda3/envs/testagent-experiment/lib/python3.10/unittest/mock.py:1431: in __enter__
    self.target = self.getter()
/opt/anaconda3/envs/testagent-experiment/lib/python3.10/unittest/mock.py:1618: in <lambda>
    getter = lambda: _importer(target)
/opt/anaconda3/envs/testagent-experiment/lib/python3.10/unittest/mock.py:1261: in _importer
    thing = _dot_lookup(thing, comp, import_path)
_ _ _ _ _ _ _ _ _ _ _ _ _ _ _ _ _ _ _ _ _ _ _ _ _ _ _ _ _ _ _ _ _ _ _ _ _ _ _ _ 

thing = <module 'tensorflow' from '/opt/anaconda3/envs/testagent-experiment/lib/python3.10/site-packages/tensorflow/__init__.py'>
comp = 'python', import_path = 'tensorflow.python'

    def _dot_lookup(thing, comp, import_path):
        try:
            return getattr(thing, comp)
        except AttributeError:
            __import__(import_path)
>           return getattr(thing, comp)
E           AttributeError: module 'tensorflow' has no attribute 'python'

/opt/anaconda3/envs/testagent-experiment/lib/python3.10/unittest/mock.py:1251: AttributeError
_ ERROR at setup of TestDynamicPaddingFunction.test_dynamic_padding_with_zero_dimensions _

thing = <module 'tensorflow' from '/opt/anaconda3/envs/testagent-experiment/lib/python3.10/site-packages/tensorflow/__init__.py'>
comp = 'python', import_path = 'tensorflow.python'

    def _dot_lookup(thing, comp, import_path):
        try:
>           return getattr(thing, comp)
E           AttributeError: module 'tensorflow' has no attribute 'python'

/opt/anaconda3/envs/testagent-experiment/lib/python3.10/unittest/mock.py:1248: AttributeError

During handling of the above exception, another exception occurred:

    @pytest.fixture
    def mock_fifo_queue():
        """Mock FIFOQueue for batch operations."""
>       with mock.patch('tensorflow.python.ops.data_flow_ops.FIFOQueue') as mock_cls:

tests/test_tensorflow_python_training_input.py:31: 
_ _ _ _ _ _ _ _ _ _ _ _ _ _ _ _ _ _ _ _ _ _ _ _ _ _ _ _ _ _ _ _ _ _ _ _ _ _ _ _ 
/opt/anaconda3/envs/testagent-experiment/lib/python3.10/unittest/mock.py:1431: in __enter__
    self.target = self.getter()
/opt/anaconda3/envs/testagent-experiment/lib/python3.10/unittest/mock.py:1618: in <lambda>
    getter = lambda: _importer(target)
/opt/anaconda3/envs/testagent-experiment/lib/python3.10/unittest/mock.py:1261: in _importer
    thing = _dot_lookup(thing, comp, import_path)
_ _ _ _ _ _ _ _ _ _ _ _ _ _ _ _ _ _ _ _ _ _ _ _ _ _ _ _ _ _ _ _ _ _ _ _ _ _ _ _ 

thing = <module 'tensorflow' from '/opt/anaconda3/envs/testagent-experiment/lib/python3.10/site-packages/tensorflow/__init__.py'>
comp = 'python', import_path = 'tensorflow.python'

    def _dot_lookup(thing, comp, import_path):
        try:
            return getattr(thing, comp)
        except AttributeError:
            __import__(import_path)
>           return getattr(thing, comp)
E           AttributeError: module 'tensorflow' has no attribute 'python'

/opt/anaconda3/envs/testagent-experiment/lib/python3.10/unittest/mock.py:1251: AttributeError
___ ERROR at setup of TestAdditionalEdgeCases.test_batch_with_single_tensor ____

thing = <module 'tensorflow' from '/opt/anaconda3/envs/testagent-experiment/lib/python3.10/site-packages/tensorflow/__init__.py'>
comp = 'python', import_path = 'tensorflow.python'

    def _dot_lookup(thing, comp, import_path):
        try:
>           return getattr(thing, comp)
E           AttributeError: module 'tensorflow' has no attribute 'python'

/opt/anaconda3/envs/testagent-experiment/lib/python3.10/unittest/mock.py:1248: AttributeError

During handling of the above exception, another exception occurred:

    @pytest.fixture
    def mock_fifo_queue():
        """Mock FIFOQueue for batch operations."""
>       with mock.patch('tensorflow.python.ops.data_flow_ops.FIFOQueue') as mock_cls:

tests/test_tensorflow_python_training_input.py:31: 
_ _ _ _ _ _ _ _ _ _ _ _ _ _ _ _ _ _ _ _ _ _ _ _ _ _ _ _ _ _ _ _ _ _ _ _ _ _ _ _ 
/opt/anaconda3/envs/testagent-experiment/lib/python3.10/unittest/mock.py:1431: in __enter__
    self.target = self.getter()
/opt/anaconda3/envs/testagent-experiment/lib/python3.10/unittest/mock.py:1618: in <lambda>
    getter = lambda: _importer(target)
/opt/anaconda3/envs/testagent-experiment/lib/python3.10/unittest/mock.py:1261: in _importer
    thing = _dot_lookup(thing, comp, import_path)
_ _ _ _ _ _ _ _ _ _ _ _ _ _ _ _ _ _ _ _ _ _ _ _ _ _ _ _ _ _ _ _ _ _ _ _ _ _ _ _ 

thing = <module 'tensorflow' from '/opt/anaconda3/envs/testagent-experiment/lib/python3.10/site-packages/tensorflow/__init__.py'>
comp = 'python', import_path = 'tensorflow.python'

    def _dot_lookup(thing, comp, import_path):
        try:
            return getattr(thing, comp)
        except AttributeError:
            __import__(import_path)
>           return getattr(thing, comp)
E           AttributeError: module 'tensorflow' has no attribute 'python'

/opt/anaconda3/envs/testagent-experiment/lib/python3.10/unittest/mock.py:1251: AttributeError
=================================== FAILURES ===================================
_______________ TestBatchFunction.test_batch_invalid_batch_size ________________

self = <test_tensorflow_python_training_input.TestBatchFunction object at 0x15c16a410>
mock_warnings = <MagicMock name='warn' id='5841284176'>

    def test_batch_invalid_batch_size(self, mock_warnings):
        """Test that invalid batch size raises ValueError."""
        with tf.Graph().as_default():
            tensor = tf.constant([[1, 2], [3, 4]], dtype=tf.float32)
    
            # Test batch_size = 0 (should raise ValueError)
>           with pytest.raises(ValueError, match="batch_size"):
E           Failed: DID NOT RAISE <class 'ValueError'>

tests/test_tensorflow_python_training_input.py:185: Failed
------------------------------ Captured log call -------------------------------
WARNING  tensorflow:deprecation.py:350 From /Users/zzf1sh/Documents/Project/TestAgent-CLI-main/exam/tensorflow/python.training.input/tests/test_tensorflow_python_training_input.py:186: batch (from tensorflow.python.training.input) is deprecated and will be removed in a future version.
Instructions for updating:
Queue-based input pipelines have been replaced by `tf.data`. Use `tf.data.Dataset.batch(batch_size)` (or `padded_batch(...)` if `dynamic_pad=True`).
WARNING  tensorflow:deprecation.py:350 From /opt/anaconda3/envs/testagent-experiment/lib/python3.10/site-packages/tensorflow/python/training/input.py:749: QueueRunner.__init__ (from tensorflow.python.training.queue_runner_impl) is deprecated and will be removed in a future version.
Instructions for updating:
To construct input pipelines, use the `tf.data` module.
WARNING  tensorflow:deprecation.py:350 From /opt/anaconda3/envs/testagent-experiment/lib/python3.10/site-packages/tensorflow/python/training/input.py:749: add_queue_runner (from tensorflow.python.training.queue_runner_impl) is deprecated and will be removed in a future version.
Instructions for updating:
To construct input pipelines, use the `tf.data` module.
________________ TestBatchFunction.test_batch_invalid_capacity _________________

self = <test_tensorflow_python_training_input.TestBatchFunction object at 0x15c16a710>
mock_warnings = <MagicMock name='warn' id='5841351200'>

    def test_batch_invalid_capacity(self, mock_warnings):
        """Test that capacity < batch_size raises ValueError."""
        with tf.Graph().as_default():
            tensor = tf.constant([[1, 2], [3, 4]], dtype=tf.float32)
            batch_size = 4
    
            # Test capacity < batch_size (should raise ValueError)
>           with pytest.raises(ValueError, match="capacity"):
E           Failed: DID NOT RAISE <class 'ValueError'>

tests/test_tensorflow_python_training_input.py:202: Failed
________________ TestBatchFunction.test_batch_empty_tensor_list ________________

self = <test_tensorflow_python_training_input.TestBatchFunction object at 0x15c16aa10>
mock_warnings = <MagicMock name='warn' id='5840723424'>

    def test_batch_empty_tensor_list(self, mock_warnings):
        """Test that empty tensor list raises ValueError."""
        with tf.Graph().as_default():
            # Test empty list (should raise ValueError)
            with pytest.raises(ValueError):
                batch(tensors=[], batch_size=2, capacity=32)
    
            # Verify deprecation warning was still called
>           assert_deprecation_warning_called(mock_warnings)

tests/test_tensorflow_python_training_input.py:216: 
_ _ _ _ _ _ _ _ _ _ _ _ _ _ _ _ _ _ _ _ _ _ _ _ _ _ _ _ _ _ _ _ _ _ _ _ _ _ _ _ 

mock_warn = <MagicMock name='warn' id='5840723424'>

    def assert_deprecation_warning_called(mock_warn):
        """Assert that a deprecation warning was issued."""
        # Check that warnings.warn was called at least once
>       assert mock_warn.called
E       AssertionError: assert False
E        +  where False = <MagicMock name='warn' id='5840723424'>.called

tests/test_tensorflow_python_training_input.py:77: AssertionError
____ TestShuffleBatchFunction.test_shuffle_batch_invalid_min_after_dequeue _____

self = <test_tensorflow_python_training_input.TestShuffleBatchFunction object at 0x15c16b1c0>
mock_warnings = <MagicMock name='warn' id='5840722512'>

    def test_shuffle_batch_invalid_min_after_dequeue(self, mock_warnings):
        """Test that min_after_dequeue > capacity raises error."""
        with tf.Graph().as_default():
            tensor = tf.constant([[1, 2], [3, 4]], dtype=tf.float32)
            capacity = 32
    
            # Test min_after_dequeue > capacity (should raise error)
            with pytest.raises((ValueError, tf.errors.InvalidArgumentError)):
                shuffle_batch(
                    tensors=[tensor],
                    batch_size=2,
                    capacity=capacity,
                    min_after_dequeue=capacity + 1,
                    seed=None,
                    enqueue_many=False
                )
    
            # Verify deprecation warning was still called
>           assert_deprecation_warning_called(mock_warnings)

tests/test_tensorflow_python_training_input.py:379: 
_ _ _ _ _ _ _ _ _ _ _ _ _ _ _ _ _ _ _ _ _ _ _ _ _ _ _ _ _ _ _ _ _ _ _ _ _ _ _ _ 

mock_warn = <MagicMock name='warn' id='5840722512'>

    def assert_deprecation_warning_called(mock_warn):
        """Assert that a deprecation warning was issued."""
        # Check that warnings.warn was called at least once
>       assert mock_warn.called
E       AssertionError: assert False
E        +  where False = <MagicMock name='warn' id='5840722512'>.called

tests/test_tensorflow_python_training_input.py:77: AssertionError
------------------------------ Captured log call -------------------------------
WARNING  tensorflow:deprecation.py:350 From /Users/zzf1sh/Documents/Project/TestAgent-CLI-main/exam/tensorflow/python.training.input/tests/test_tensorflow_python_training_input.py:369: shuffle_batch (from tensorflow.python.training.input) is deprecated and will be removed in a future version.
Instructions for updating:
Queue-based input pipelines have been replaced by `tf.data`. Use `tf.data.Dataset.shuffle(min_after_dequeue).batch(batch_size)`.
_ TestDynamicPaddingFunction.test_dynamic_padding_without_shapes_raises_error __

self = <test_tensorflow_python_training_input.TestDynamicPaddingFunction object at 0x15c194700>
mock_warnings = <MagicMock name='warn' id='5840726544'>

    def test_dynamic_padding_without_shapes_raises_error(
        self,
        mock_warnings
    ):
        """Test that dynamic padding without shapes raises error for undefined shapes."""
        with tf.Graph().as_default():
            # Create tensor with completely undefined shape
>           tensor = tf.placeholder(tf.float32, shape=None)
E           AttributeError: module 'tensorflow' has no attribute 'placeholder'

tests/test_tensorflow_python_training_input.py:565: AttributeError
=============================== warnings summary ===============================
../../../../../../../../opt/anaconda3/envs/testagent-experiment/lib/python3.10/site-packages/tensorflow/core/framework/tensor_shape_pb2.py:18
  /opt/anaconda3/envs/testagent-experiment/lib/python3.10/site-packages/tensorflow/core/framework/tensor_shape_pb2.py:18: DeprecationWarning: Call to deprecated create function FileDescriptor(). Note: Create unlinked descriptors is going to go away. Please use get/find descriptors from generated code or query the descriptor_pool.
    DESCRIPTOR = _descriptor.FileDescriptor(

../../../../../../../../opt/anaconda3/envs/testagent-experiment/lib/python3.10/site-packages/tensorflow/core/framework/tensor_shape_pb2.py:36
  /opt/anaconda3/envs/testagent-experiment/lib/python3.10/site-packages/tensorflow/core/framework/tensor_shape_pb2.py:36: DeprecationWarning: Call to deprecated create function FieldDescriptor(). Note: Create unlinked descriptors is going to go away. Please use get/find descriptors from generated code or query the descriptor_pool.
    _descriptor.FieldDescriptor(

../../../../../../../../opt/anaconda3/envs/testagent-experiment/lib/python3.10/site-packages/tensorflow/core/framework/tensor_shape_pb2.py:43
  /opt/anaconda3/envs/testagent-experiment/lib/python3.10/site-packages/tensorflow/core/framework/tensor_shape_pb2.py:43: DeprecationWarning: Call to deprecated create function FieldDescriptor(). Note: Create unlinked descriptors is going to go away. Please use get/find descriptors from generated code or query the descriptor_pool.
    _descriptor.FieldDescriptor(

../../../../../../../../opt/anaconda3/envs/testagent-experiment/lib/python3.10/site-packages/tensorflow/core/framework/tensor_shape_pb2.py:29
  /opt/anaconda3/envs/testagent-experiment/lib/python3.10/site-packages/tensorflow/core/framework/tensor_shape_pb2.py:29: DeprecationWarning: Call to deprecated create function Descriptor(). Note: Create unlinked descriptors is going to go away. Please use get/find descriptors from generated code or query the descriptor_pool.
    _TENSORSHAPEPROTO_DIM = _descriptor.Descriptor(

../../../../../../../../opt/anaconda3/envs/testagent-experiment/lib/python3.10/site-packages/tensorflow/core/framework/tensor_shape_pb2.py:73
  /opt/anaconda3/envs/testagent-experiment/lib/python3.10/site-packages/tensorflow/core/framework/tensor_shape_pb2.py:73: DeprecationWarning: Call to deprecated create function FieldDescriptor(). Note: Create unlinked descriptors is going to go away. Please use get/find descriptors from generated code or query the descriptor_pool.
    _descriptor.FieldDescriptor(

../../../../../../../../opt/anaconda3/envs/testagent-experiment/lib/python3.10/site-packages/tensorflow/core/framework/tensor_shape_pb2.py:80
  /opt/anaconda3/envs/testagent-experiment/lib/python3.10/site-packages/tensorflow/core/framework/tensor_shape_pb2.py:80: DeprecationWarning: Call to deprecated create function FieldDescriptor(). Note: Create unlinked descriptors is going to go away. Please use get/find descriptors from generated code or query the descriptor_pool.
    _descriptor.FieldDescriptor(

../../../../../../../../opt/anaconda3/envs/testagent-experiment/lib/python3.10/site-packages/tensorflow/core/framework/tensor_shape_pb2.py:66
  /opt/anaconda3/envs/testagent-experiment/lib/python3.10/site-packages/tensorflow/core/framework/tensor_shape_pb2.py:66: DeprecationWarning: Call to deprecated create function Descriptor(). Note: Create unlinked descriptors is going to go away. Please use get/find descriptors from generated code or query the descriptor_pool.
    _TENSORSHAPEPROTO = _descriptor.Descriptor(

../../../../../../../../opt/anaconda3/envs/testagent-experiment/lib/python3.10/site-packages/tensorflow/core/framework/types_pb2.py:19
  /opt/anaconda3/envs/testagent-experiment/lib/python3.10/site-packages/tensorflow/core/framework/types_pb2.py:19: DeprecationWarning: Call to deprecated create function FileDescriptor(). Note: Create unlinked descriptors is going to go away. Please use get/find descriptors from generated code or query the descriptor_pool.
    DESCRIPTOR = _descriptor.FileDescriptor(

../../../../../../../../opt/anaconda3/envs/testagent-experiment/lib/python3.10/site-packages/tensorflow/core/framework/types_pb2.py:33
  /opt/anaconda3/envs/testagent-experiment/lib/python3.10/site-packages/tensorflow/core/framework/types_pb2.py:33: DeprecationWarning: Call to deprecated create function EnumValueDescriptor(). Note: Create unlinked descriptors is going to go away. Please use get/find descriptors from generated code or query the descriptor_pool.
    _descriptor.EnumValueDescriptor(

../../../../../../../../opt/anaconda3/envs/testagent-experiment/lib/python3.10/site-packages/tensorflow/core/framework/types_pb2.py:37
  /opt/anaconda3/envs/testagent-experiment/lib/python3.10/site-packages/tensorflow/core/framework/types_pb2.py:37: DeprecationWarning: Call to deprecated create function EnumValueDescriptor(). Note: Create unlinked descriptors is going to go away. Please use get/find descriptors from generated code or query the descriptor_pool.
    _descriptor.EnumValueDescriptor(

../../../../../../../../opt/anaconda3/envs/testagent-experiment/lib/python3.10/site-packages/tensorflow/core/framework/types_pb2.py:41
  /opt/anaconda3/envs/testagent-experiment/lib/python3.10/site-packages/tensorflow/core/framework/types_pb2.py:41: DeprecationWarning: Call to deprecated create function EnumValueDescriptor(). Note: Create unlinked descriptors is going to go away. Please use get/find descriptors from generated code or query the descriptor_pool.
    _descriptor.EnumValueDescriptor(

../../../../../../../../opt/anaconda3/envs/testagent-experiment/lib/python3.10/site-packages/tensorflow/core/framework/types_pb2.py:45
  /opt/anaconda3/envs/testagent-experiment/lib/python3.10/site-packages/tensorflow/core/framework/types_pb2.py:45: DeprecationWarning: Call to deprecated create function EnumValueDescriptor(). Note: Create unlinked descriptors is going to go away. Please use get/find descriptors from generated code or query the descriptor_pool.
    _descriptor.EnumValueDescriptor(

../../../../../../../../opt/anaconda3/envs/testagent-experiment/lib/python3.10/site-packages/tensorflow/core/framework/types_pb2.py:49
  /opt/anaconda3/envs/testagent-experiment/lib/python3.10/site-packages/tensorflow/core/framework/types_pb2.py:49: DeprecationWarning: Call to deprecated create function EnumValueDescriptor(). Note: Create unlinked descriptors is going to go away. Please use get/find descriptors from generated code or query the descriptor_pool.
    _descriptor.EnumValueDescriptor(

../../../../../../../../opt/anaconda3/envs/testagent-experiment/lib/python3.10/site-packages/tensorflow/core/framework/types_pb2.py:53
  /opt/anaconda3/envs/testagent-experiment/lib/python3.10/site-packages/tensorflow/core/framework/types_pb2.py:53: DeprecationWarning: Call to deprecated create function EnumValueDescriptor(). Note: Create unlinked descriptors is going to go away. Please use get/find descriptors from generated code or query the descriptor_pool.
    _descriptor.EnumValueDescriptor(

../../../../../../../../opt/anaconda3/envs/testagent-experiment/lib/python3.10/site-packages/tensorflow/core/framework/types_pb2.py:57
  /opt/anaconda3/envs/testagent-experiment/lib/python3.10/site-packages/tensorflow/core/framework/types_pb2.py:57: DeprecationWarning: Call to deprecated create function EnumValueDescriptor(). Note: Create unlinked descriptors is going to go away. Please use get/find descriptors from generated code or query the descriptor_pool.
    _descriptor.EnumValueDescriptor(

../../../../../../../../opt/anaconda3/envs/testagent-experiment/lib/python3.10/site-packages/tensorflow/core/framework/types_pb2.py:61
  /opt/anaconda3/envs/testagent-experiment/lib/python3.10/site-packages/tensorflow/core/framework/types_pb2.py:61: DeprecationWarning: Call to deprecated create function EnumValueDescriptor(). Note: Create unlinked descriptors is going to go away. Please use get/find descriptors from generated code or query the descriptor_pool.
    _descriptor.EnumValueDescriptor(

../../../../../../../../opt/anaconda3/envs/testagent-experiment/lib/python3.10/site-packages/tensorflow/core/framework/types_pb2.py:65
  /opt/anaconda3/envs/testagent-experiment/lib/python3.10/site-packages/tensorflow/core/framework/types_pb2.py:65: DeprecationWarning: Call to deprecated create function EnumValueDescriptor(). Note: Create unlinked descriptors is going to go away. Please use get/find descriptors from generated code or query the descriptor_pool.
    _descriptor.EnumValueDescriptor(

../../../../../../../../opt/anaconda3/envs/testagent-experiment/lib/python3.10/site-packages/tensorflow/core/framework/types_pb2.py:69
  /opt/anaconda3/envs/testagent-experiment/lib/python3.10/site-packages/tensorflow/core/framework/types_pb2.py:69: DeprecationWarning: Call to deprecated create function EnumValueDescriptor(). Note: Create unlinked descriptors is going to go away. Please use get/find descriptors from generated code or query the descriptor_pool.
    _descriptor.EnumValueDescriptor(

../../../../../../../../opt/anaconda3/envs/testagent-experiment/lib/python3.10/site-packages/tensorflow/core/framework/types_pb2.py:73
  /opt/anaconda3/envs/testagent-experiment/lib/python3.10/site-packages/tensorflow/core/framework/types_pb2.py:73: DeprecationWarning: Call to deprecated create function EnumValueDescriptor(). Note: Create unlinked descriptors is going to go away. Please use get/find descriptors from generated code or query the descriptor_pool.
    _descriptor.EnumValueDescriptor(

../../../../../../../../opt/anaconda3/envs/testagent-experiment/lib/python3.10/site-packages/tensorflow/core/framework/types_pb2.py:77
  /opt/anaconda3/envs/testagent-experiment/lib/python3.10/site-packages/tensorflow/core/framework/types_pb2.py:77: DeprecationWarning: Call to deprecated create function EnumValueDescriptor(). Note: Create unlinked descriptors is going to go away. Please use get/find descriptors from generated code or query the descriptor_pool.
    _descriptor.EnumValueDescriptor(

../../../../../../../../opt/anaconda3/envs/testagent-experiment/lib/python3.10/site-packages/tensorflow/core/framework/types_pb2.py:81
  /opt/anaconda3/envs/testagent-experiment/lib/python3.10/site-packages/tensorflow/core/framework/types_pb2.py:81: DeprecationWarning: Call to deprecated create function EnumValueDescriptor(). Note: Create unlinked descriptors is going to go away. Please use get/find descriptors from generated code or query the descriptor_pool.
    _descriptor.EnumValueDescriptor(

../../../../../../../../opt/anaconda3/envs/testagent-experiment/lib/python3.10/site-packages/tensorflow/core/framework/types_pb2.py:85
  /opt/anaconda3/envs/testagent-experiment/lib/python3.10/site-packages/tensorflow/core/framework/types_pb2.py:85: DeprecationWarning: Call to deprecated create function EnumValueDescriptor(). Note: Create unlinked descriptors is going to go away. Please use get/find descriptors from generated code or query the descriptor_pool.
    _descriptor.EnumValueDescriptor(

../../../../../../../../opt/anaconda3/envs/testagent-experiment/lib/python3.10/site-packages/tensorflow/core/framework/types_pb2.py:89
  /opt/anaconda3/envs/testagent-experiment/lib/python3.10/site-packages/tensorflow/core/framework/types_pb2.py:89: DeprecationWarning: Call to deprecated create function EnumValueDescriptor(). Note: Create unlinked descriptors is going to go away. Please use get/find descriptors from generated code or query the descriptor_pool.
    _descriptor.EnumValueDescriptor(

../../../../../../../../opt/anaconda3/envs/testagent-experiment/lib/python3.10/site-packages/tensorflow/core/framework/types_pb2.py:93
  /opt/anaconda3/envs/testagent-experiment/lib/python3.10/site-packages/tensorflow/core/framework/types_pb2.py:93: DeprecationWarning: Call to deprecated create function EnumValueDescriptor(). Note: Create unlinked descriptors is going to go away. Please use get/find descriptors from generated code or query the descriptor_pool.
    _descriptor.EnumValueDescriptor(

../../../../../../../../opt/anaconda3/envs/testagent-experiment/lib/python3.10/site-packages/tensorflow/core/framework/types_pb2.py:97
  /opt/anaconda3/envs/testagent-experiment/lib/python3.10/site-packages/tensorflow/core/framework/types_pb2.py:97: DeprecationWarning: Call to deprecated create function EnumValueDescriptor(). Note: Create unlinked descriptors is going to go away. Please use get/find descriptors from generated code or query the descriptor_pool.
    _descriptor.EnumValueDescriptor(

../../../../../../../../opt/anaconda3/envs/testagent-experiment/lib/python3.10/site-packages/tensorflow/core/framework/types_pb2.py:101
  /opt/anaconda3/envs/testagent-experiment/lib/python3.10/site-packages/tensorflow/core/framework/types_pb2.py:101: DeprecationWarning: Call to deprecated create function EnumValueDescriptor(). Note: Create unlinked descriptors is going to go away. Please use get/find descriptors from generated code or query the descriptor_pool.
    _descriptor.EnumValueDescriptor(

../../../../../../../../opt/anaconda3/envs/testagent-experiment/lib/python3.10/site-packages/tensorflow/core/framework/types_pb2.py:105
  /opt/anaconda3/envs/testagent-experiment/lib/python3.10/site-packages/tensorflow/core/framework/types_pb2.py:105: DeprecationWarning: Call to deprecated create function EnumValueDescriptor(). Note: Create unlinked descriptors is going to go away. Please use get/find descriptors from generated code or query the descriptor_pool.
    _descriptor.EnumValueDescriptor(

../../../../../../../../opt/anaconda3/envs/testagent-experiment/lib/python3.10/site-packages/tensorflow/core/framework/types_pb2.py:109
  /opt/anaconda3/envs/testagent-experiment/lib/python3.10/site-packages/tensorflow/core/framework/types_pb2.py:109: DeprecationWarning: Call to deprecated create function EnumValueDescriptor(). Note: Create unlinked descriptors is going to go away. Please use get/find descriptors from generated code or query the descriptor_pool.
    _descriptor.EnumValueDescriptor(

../../../../../../../../opt/anaconda3/envs/testagent-experiment/lib/python3.10/site-packages/tensorflow/core/framework/types_pb2.py:113
  /opt/anaconda3/envs/testagent-experiment/lib/python3.10/site-packages/tensorflow/core/framework/types_pb2.py:113: DeprecationWarning: Call to deprecated create function EnumValueDescriptor(). Note: Create unlinked descriptors is going to go away. Please use get/find descriptors from generated code or query the descriptor_pool.
    _descriptor.EnumValueDescriptor(

../../../../../../../../opt/anaconda3/envs/testagent-experiment/lib/python3.10/site-packages/tensorflow/core/framework/types_pb2.py:117
  /opt/anaconda3/envs/testagent-experiment/lib/python3.10/site-packages/tensorflow/core/framework/types_pb2.py:117: DeprecationWarning: Call to deprecated create function EnumValueDescriptor(). Note: Create unlinked descriptors is going to go away. Please use get/find descriptors from generated code or query the descriptor_pool.
    _descriptor.EnumValueDescriptor(

../../../../../../../../opt/anaconda3/envs/testagent-experiment/lib/python3.10/site-packages/tensorflow/core/framework/types_pb2.py:121
  /opt/anaconda3/envs/testagent-experiment/lib/python3.10/site-packages/tensorflow/core/framework/types_pb2.py:121: DeprecationWarning: Call to deprecated create function EnumValueDescriptor(). Note: Create unlinked descriptors is going to go away. Please use get/find descriptors from generated code or query the descriptor_pool.
    _descriptor.EnumValueDescriptor(

../../../../../../../../opt/anaconda3/envs/testagent-experiment/lib/python3.10/site-packages/tensorflow/core/framework/types_pb2.py:125
  /opt/anaconda3/envs/testagent-experiment/lib/python3.10/site-packages/tensorflow/core/framework/types_pb2.py:125: DeprecationWarning: Call to deprecated create function EnumValueDescriptor(). Note: Create unlinked descriptors is going to go away. Please use get/find descriptors from generated code or query the descriptor_pool.
    _descriptor.EnumValueDescriptor(

../../../../../../../../opt/anaconda3/envs/testagent-experiment/lib/python3.10/site-packages/tensorflow/core/framework/types_pb2.py:129
  /opt/anaconda3/envs/testagent-experiment/lib/python3.10/site-packages/tensorflow/core/framework/types_pb2.py:129: DeprecationWarning: Call to deprecated create function EnumValueDescriptor(). Note: Create unlinked descriptors is going to go away. Please use get/find descriptors from generated code or query the descriptor_pool.
    _descriptor.EnumValueDescriptor(

../../../../../../../../opt/anaconda3/envs/testagent-experiment/lib/python3.10/site-packages/tensorflow/core/framework/types_pb2.py:133
  /opt/anaconda3/envs/testagent-experiment/lib/python3.10/site-packages/tensorflow/core/framework/types_pb2.py:133: DeprecationWarning: Call to deprecated create function EnumValueDescriptor(). Note: Create unlinked descriptors is going to go away. Please use get/find descriptors from generated code or query the descriptor_pool.
    _descriptor.EnumValueDescriptor(

../../../../../../../../opt/anaconda3/envs/testagent-experiment/lib/python3.10/site-packages/tensorflow/core/framework/types_pb2.py:137
  /opt/anaconda3/envs/testagent-experiment/lib/python3.10/site-packages/tensorflow/core/framework/types_pb2.py:137: DeprecationWarning: Call to deprecated create function EnumValueDescriptor(). Note: Create unlinked descriptors is going to go away. Please use get/find descriptors from generated code or query the descriptor_pool.
    _descriptor.EnumValueDescriptor(

../../../../../../../../opt/anaconda3/envs/testagent-experiment/lib/python3.10/site-packages/tensorflow/core/framework/types_pb2.py:141
  /opt/anaconda3/envs/testagent-experiment/lib/python3.10/site-packages/tensorflow/core/framework/types_pb2.py:141: DeprecationWarning: Call to deprecated create function EnumValueDescriptor(). Note: Create unlinked descriptors is going to go away. Please use get/find descriptors from generated code or query the descriptor_pool.
    _descriptor.EnumValueDescriptor(

../../../../../../../../opt/anaconda3/envs/testagent-experiment/lib/python3.10/site-packages/tensorflow/core/framework/types_pb2.py:145
  /opt/anaconda3/envs/testagent-experiment/lib/python3.10/site-packages/tensorflow/core/framework/types_pb2.py:145: DeprecationWarning: Call to deprecated create function EnumValueDescriptor(). Note: Create unlinked descriptors is going to go away. Please use get/find descriptors from generated code or query the descriptor_pool.
    _descriptor.EnumValueDescriptor(

../../../../../../../../opt/anaconda3/envs/testagent-experiment/lib/python3.10/site-packages/tensorflow/core/framework/types_pb2.py:149
  /opt/anaconda3/envs/testagent-experiment/lib/python3.10/site-packages/tensorflow/core/framework/types_pb2.py:149: DeprecationWarning: Call to deprecated create function EnumValueDescriptor(). Note: Create unlinked descriptors is going to go away. Please use get/find descriptors from generated code or query the descriptor_pool.
    _descriptor.EnumValueDescriptor(

../../../../../../../../opt/anaconda3/envs/testagent-experiment/lib/python3.10/site-packages/tensorflow/core/framework/types_pb2.py:153
  /opt/anaconda3/envs/testagent-experiment/lib/python3.10/site-packages/tensorflow/core/framework/types_pb2.py:153: DeprecationWarning: Call to deprecated create function EnumValueDescriptor(). Note: Create unlinked descriptors is going to go away. Please use get/find descriptors from generated code or query the descriptor_pool.
    _descriptor.EnumValueDescriptor(

../../../../../../../../opt/anaconda3/envs/testagent-experiment/lib/python3.10/site-packages/tensorflow/core/framework/types_pb2.py:157
  /opt/anaconda3/envs/testagent-experiment/lib/python3.10/site-packages/tensorflow/core/framework/types_pb2.py:157: DeprecationWarning: Call to deprecated create function EnumValueDescriptor(). Note: Create unlinked descriptors is going to go away. Please use get/find descriptors from generated code or query the descriptor_pool.
    _descriptor.EnumValueDescriptor(

../../../../../../../../opt/anaconda3/envs/testagent-experiment/lib/python3.10/site-packages/tensorflow/core/framework/types_pb2.py:161
  /opt/anaconda3/envs/testagent-experiment/lib/python3.10/site-packages/tensorflow/core/framework/types_pb2.py:161: DeprecationWarning: Call to deprecated create function EnumValueDescriptor(). Note: Create unlinked descriptors is going to go away. Please use get/find descriptors from generated code or query the descriptor_pool.
    _descriptor.EnumValueDescriptor(

../../../../../../../../opt/anaconda3/envs/testagent-experiment/lib/python3.10/site-packages/tensorflow/core/framework/types_pb2.py:165
  /opt/anaconda3/envs/testagent-experiment/lib/python3.10/site-packages/tensorflow/core/framework/types_pb2.py:165: DeprecationWarning: Call to deprecated create function EnumValueDescriptor(). Note: Create unlinked descriptors is going to go away. Please use get/find descriptors from generated code or query the descriptor_pool.
    _descriptor.EnumValueDescriptor(

../../../../../../../../opt/anaconda3/envs/testagent-experiment/lib/python3.10/site-packages/tensorflow/core/framework/types_pb2.py:169
  /opt/anaconda3/envs/testagent-experiment/lib/python3.10/site-packages/tensorflow/core/framework/types_pb2.py:169: DeprecationWarning: Call to deprecated create function EnumValueDescriptor(). Note: Create unlinked descriptors is going to go away. Please use get/find descriptors from generated code or query the descriptor_pool.
    _descriptor.EnumValueDescriptor(

../../../../../../../../opt/anaconda3/envs/testagent-experiment/lib/python3.10/site-packages/tensorflow/core/framework/types_pb2.py:173
  /opt/anaconda3/envs/testagent-experiment/lib/python3.10/site-packages/tensorflow/core/framework/types_pb2.py:173: DeprecationWarning: Call to deprecated create function EnumValueDescriptor(). Note: Create unlinked descriptors is going to go away. Please use get/find descriptors from generated code or query the descriptor_pool.
    _descriptor.EnumValueDescriptor(

../../../../../../../../opt/anaconda3/envs/testagent-experiment/lib/python3.10/site-packages/tensorflow/core/framework/types_pb2.py:177
  /opt/anaconda3/envs/testagent-experiment/lib/python3.10/site-packages/tensorflow/core/framework/types_pb2.py:177: DeprecationWarning: Call to deprecated create function EnumValueDescriptor(). Note: Create unlinked descriptors is going to go away. Please use get/find descriptors from generated code or query the descriptor_pool.
    _descriptor.EnumValueDescriptor(

../../../../../../../../opt/anaconda3/envs/testagent-experiment/lib/python3.10/site-packages/tensorflow/core/framework/types_pb2.py:181
  /opt/anaconda3/envs/testagent-experiment/lib/python3.10/site-packages/tensorflow/core/framework/types_pb2.py:181: DeprecationWarning: Call to deprecated create function EnumValueDescriptor(). Note: Create unlinked descriptors is going to go away. Please use get/find descriptors from generated code or query the descriptor_pool.
    _descriptor.EnumValueDescriptor(

../../../../../../../../opt/anaconda3/envs/testagent-experiment/lib/python3.10/site-packages/tensorflow/core/framework/types_pb2.py:185
  /opt/anaconda3/envs/testagent-experiment/lib/python3.10/site-packages/tensorflow/core/framework/types_pb2.py:185: DeprecationWarning: Call to deprecated create function EnumValueDescriptor(). Note: Create unlinked descriptors is going to go away. Please use get/find descriptors from generated code or query the descriptor_pool.
    _descriptor.EnumValueDescriptor(

../../../../../../../../opt/anaconda3/envs/testagent-experiment/lib/python3.10/site-packages/tensorflow/core/framework/types_pb2.py:189
  /opt/anaconda3/envs/testagent-experiment/lib/python3.10/site-packages/tensorflow/core/framework/types_pb2.py:189: DeprecationWarning: Call to deprecated create function EnumValueDescriptor(). Note: Create unlinked descriptors is going to go away. Please use get/find descriptors from generated code or query the descriptor_pool.
    _descriptor.EnumValueDescriptor(

../../../../../../../../opt/anaconda3/envs/testagent-experiment/lib/python3.10/site-packages/tensorflow/core/framework/types_pb2.py:193
  /opt/anaconda3/envs/testagent-experiment/lib/python3.10/site-packages/tensorflow/core/framework/types_pb2.py:193: DeprecationWarning: Call to deprecated create function EnumValueDescriptor(). Note: Create unlinked descriptors is going to go away. Please use get/find descriptors from generated code or query the descriptor_pool.
    _descriptor.EnumValueDescriptor(

../../../../../../../../opt/anaconda3/envs/testagent-experiment/lib/python3.10/site-packages/tensorflow/core/framework/types_pb2.py:197
  /opt/anaconda3/envs/testagent-experiment/lib/python3.10/site-packages/tensorflow/core/framework/types_pb2.py:197: DeprecationWarning: Call to deprecated create function EnumValueDescriptor(). Note: Create unlinked descriptors is going to go away. Please use get/find descriptors from generated code or query the descriptor_pool.
    _descriptor.EnumValueDescriptor(

../../../../../../../../opt/anaconda3/envs/testagent-experiment/lib/python3.10/site-packages/tensorflow/core/framework/types_pb2.py:201
  /opt/anaconda3/envs/testagent-experiment/lib/python3.10/site-packages/tensorflow/core/framework/types_pb2.py:201: DeprecationWarning: Call to deprecated create function EnumValueDescriptor(). Note: Create unlinked descriptors is going to go away. Please use get/find descriptors from generated code or query the descriptor_pool.
    _descriptor.EnumValueDescriptor(

../../../../../../../../opt/anaconda3/envs/testagent-experiment/lib/python3.10/site-packages/tensorflow/core/framework/types_pb2.py:205
  /opt/anaconda3/envs/testagent-experiment/lib/python3.10/site-packages/tensorflow/core/framework/types_pb2.py:205: DeprecationWarning: Call to deprecated create function EnumValueDescriptor(). Note: Create unlinked descriptors is going to go away. Please use get/find descriptors from generated code or query the descriptor_pool.
    _descriptor.EnumValueDescriptor(

../../../../../../../../opt/anaconda3/envs/testagent-experiment/lib/python3.10/site-packages/tensorflow/core/framework/types_pb2.py:209
  /opt/anaconda3/envs/testagent-experiment/lib/python3.10/site-packages/tensorflow/core/framework/types_pb2.py:209: DeprecationWarning: Call to deprecated create function EnumValueDescriptor(). Note: Create unlinked descriptors is going to go away. Please use get/find descriptors from generated code or query the descriptor_pool.
    _descriptor.EnumValueDescriptor(

../../../../../../../../opt/anaconda3/envs/testagent-experiment/lib/python3.10/site-packages/tensorflow/core/framework/types_pb2.py:213
  /opt/anaconda3/envs/testagent-experiment/lib/python3.10/site-packages/tensorflow/core/framework/types_pb2.py:213: DeprecationWarning: Call to deprecated create function EnumValueDescriptor(). Note: Create unlinked descriptors is going to go away. Please use get/find descriptors from generated code or query the descriptor_pool.
    _descriptor.EnumValueDescriptor(

../../../../../../../../opt/anaconda3/envs/testagent-experiment/lib/python3.10/site-packages/tensorflow/core/framework/types_pb2.py:217
  /opt/anaconda3/envs/testagent-experiment/lib/python3.10/site-packages/tensorflow/core/framework/types_pb2.py:217: DeprecationWarning: Call to deprecated create function EnumValueDescriptor(). Note: Create unlinked descriptors is going to go away. Please use get/find descriptors from generated code or query the descriptor_pool.
    _descriptor.EnumValueDescriptor(

../../../../../../../../opt/anaconda3/envs/testagent-experiment/lib/python3.10/site-packages/tensorflow/core/framework/types_pb2.py:27
  /opt/anaconda3/envs/testagent-experiment/lib/python3.10/site-packages/tensorflow/core/framework/types_pb2.py:27: DeprecationWarning: Call to deprecated create function EnumDescriptor(). Note: Create unlinked descriptors is going to go away. Please use get/find descriptors from generated code or query the descriptor_pool.
    _DATATYPE = _descriptor.EnumDescriptor(

../../../../../../../../opt/anaconda3/envs/testagent-experiment/lib/python3.10/site-packages/tensorflow/core/framework/resource_handle_pb2.py:20
  /opt/anaconda3/envs/testagent-experiment/lib/python3.10/site-packages/tensorflow/core/framework/resource_handle_pb2.py:20: DeprecationWarning: Call to deprecated create function FileDescriptor(). Note: Create unlinked descriptors is going to go away. Please use get/find descriptors from generated code or query the descriptor_pool.
    DESCRIPTOR = _descriptor.FileDescriptor(

../../../../../../../../opt/anaconda3/envs/testagent-experiment/lib/python3.10/site-packages/tensorflow/core/framework/resource_handle_pb2.py:39
  /opt/anaconda3/envs/testagent-experiment/lib/python3.10/site-packages/tensorflow/core/framework/resource_handle_pb2.py:39: DeprecationWarning: Call to deprecated create function FieldDescriptor(). Note: Create unlinked descriptors is going to go away. Please use get/find descriptors from generated code or query the descriptor_pool.
    _descriptor.FieldDescriptor(

../../../../../../../../opt/anaconda3/envs/testagent-experiment/lib/python3.10/site-packages/tensorflow/core/framework/resource_handle_pb2.py:46
  /opt/anaconda3/envs/testagent-experiment/lib/python3.10/site-packages/tensorflow/core/framework/resource_handle_pb2.py:46: DeprecationWarning: Call to deprecated create function FieldDescriptor(). Note: Create unlinked descriptors is going to go away. Please use get/find descriptors from generated code or query the descriptor_pool.
    _descriptor.FieldDescriptor(

../../../../../../../../opt/anaconda3/envs/testagent-experiment/lib/python3.10/site-packages/tensorflow/core/framework/resource_handle_pb2.py:32
  /opt/anaconda3/envs/testagent-experiment/lib/python3.10/site-packages/tensorflow/core/framework/resource_handle_pb2.py:32: DeprecationWarning: Call to deprecated create function Descriptor(). Note: Create unlinked descriptors is going to go away. Please use get/find descriptors from generated code or query the descriptor_pool.
    _RESOURCEHANDLEPROTO_DTYPEANDSHAPE = _descriptor.Descriptor(

../../../../../../../../opt/anaconda3/envs/testagent-experiment/lib/python3.10/site-packages/tensorflow/core/framework/resource_handle_pb2.py:76
  /opt/anaconda3/envs/testagent-experiment/lib/python3.10/site-packages/tensorflow/core/framework/resource_handle_pb2.py:76: DeprecationWarning: Call to deprecated create function FieldDescriptor(). Note: Create unlinked descriptors is going to go away. Please use get/find descriptors from generated code or query the descriptor_pool.
    _descriptor.FieldDescriptor(

../../../../../../../../opt/anaconda3/envs/testagent-experiment/lib/python3.10/site-packages/tensorflow/core/framework/resource_handle_pb2.py:83
  /opt/anaconda3/envs/testagent-experiment/lib/python3.10/site-packages/tensorflow/core/framework/resource_handle_pb2.py:83: DeprecationWarning: Call to deprecated create function FieldDescriptor(). Note: Create unlinked descriptors is going to go away. Please use get/find descriptors from generated code or query the descriptor_pool.
    _descriptor.FieldDescriptor(

../../../../../../../../opt/anaconda3/envs/testagent-experiment/lib/python3.10/site-packages/tensorflow/core/framework/resource_handle_pb2.py:90
  /opt/anaconda3/envs/testagent-experiment/lib/python3.10/site-packages/tensorflow/core/framework/resource_handle_pb2.py:90: DeprecationWarning: Call to deprecated create function FieldDescriptor(). Note: Create unlinked descriptors is going to go away. Please use get/find descriptors from generated code or query the descriptor_pool.
    _descriptor.FieldDescriptor(

../../../../../../../../opt/anaconda3/envs/testagent-experiment/lib/python3.10/site-packages/tensorflow/core/framework/resource_handle_pb2.py:97
  /opt/anaconda3/envs/testagent-experiment/lib/python3.10/site-packages/tensorflow/core/framework/resource_handle_pb2.py:97: DeprecationWarning: Call to deprecated create function FieldDescriptor(). Note: Create unlinked descriptors is going to go away. Please use get/find descriptors from generated code or query the descriptor_pool.
    _descriptor.FieldDescriptor(

../../../../../../../../opt/anaconda3/envs/testagent-experiment/lib/python3.10/site-packages/tensorflow/core/framework/resource_handle_pb2.py:104
  /opt/anaconda3/envs/testagent-experiment/lib/python3.10/site-packages/tensorflow/core/framework/resource_handle_pb2.py:104: DeprecationWarning: Call to deprecated create function FieldDescriptor(). Note: Create unlinked descriptors is going to go away. Please use get/find descriptors from generated code or query the descriptor_pool.
    _descriptor.FieldDescriptor(

../../../../../../../../opt/anaconda3/envs/testagent-experiment/lib/python3.10/site-packages/tensorflow/core/framework/resource_handle_pb2.py:111
  /opt/anaconda3/envs/testagent-experiment/lib/python3.10/site-packages/tensorflow/core/framework/resource_handle_pb2.py:111: DeprecationWarning: Call to deprecated create function FieldDescriptor(). Note: Create unlinked descriptors is going to go away. Please use get/find descriptors from generated code or query the descriptor_pool.
    _descriptor.FieldDescriptor(

../../../../../../../../opt/anaconda3/envs/testagent-experiment/lib/python3.10/site-packages/tensorflow/core/framework/resource_handle_pb2.py:69
  /opt/anaconda3/envs/testagent-experiment/lib/python3.10/site-packages/tensorflow/core/framework/resource_handle_pb2.py:69: DeprecationWarning: Call to deprecated create function Descriptor(). Note: Create unlinked descriptors is going to go away. Please use get/find descriptors from generated code or query the descriptor_pool.
    _RESOURCEHANDLEPROTO = _descriptor.Descriptor(

../../../../../../../../opt/anaconda3/envs/testagent-experiment/lib/python3.10/site-packages/tensorflow/core/framework/tensor_pb2.py:21
  /opt/anaconda3/envs/testagent-experiment/lib/python3.10/site-packages/tensorflow/core/framework/tensor_pb2.py:21: DeprecationWarning: Call to deprecated create function FileDescriptor(). Note: Create unlinked descriptors is going to go away. Please use get/find descriptors from generated code or query the descriptor_pool.
    DESCRIPTOR = _descriptor.FileDescriptor(

../../../../../../../../opt/anaconda3/envs/testagent-experiment/lib/python3.10/site-packages/tensorflow/core/framework/tensor_pb2.py:40
  /opt/anaconda3/envs/testagent-experiment/lib/python3.10/site-packages/tensorflow/core/framework/tensor_pb2.py:40: DeprecationWarning: Call to deprecated create function FieldDescriptor(). Note: Create unlinked descriptors is going to go away. Please use get/find descriptors from generated code or query the descriptor_pool.
    _descriptor.FieldDescriptor(

../../../../../../../../opt/anaconda3/envs/testagent-experiment/lib/python3.10/site-packages/tensorflow/core/framework/tensor_pb2.py:47
  /opt/anaconda3/envs/testagent-experiment/lib/python3.10/site-packages/tensorflow/core/framework/tensor_pb2.py:47: DeprecationWarning: Call to deprecated create function FieldDescriptor(). Note: Create unlinked descriptors is going to go away. Please use get/find descriptors from generated code or query the descriptor_pool.
    _descriptor.FieldDescriptor(

../../../../../../../../opt/anaconda3/envs/testagent-experiment/lib/python3.10/site-packages/tensorflow/core/framework/tensor_pb2.py:54
  /opt/anaconda3/envs/testagent-experiment/lib/python3.10/site-packages/tensorflow/core/framework/tensor_pb2.py:54: DeprecationWarning: Call to deprecated create function FieldDescriptor(). Note: Create unlinked descriptors is going to go away. Please use get/find descriptors from generated code or query the descriptor_pool.
    _descriptor.FieldDescriptor(

../../../../../../../../opt/anaconda3/envs/testagent-experiment/lib/python3.10/site-packages/tensorflow/core/framework/tensor_pb2.py:61
  /opt/anaconda3/envs/testagent-experiment/lib/python3.10/site-packages/tensorflow/core/framework/tensor_pb2.py:61: DeprecationWarning: Call to deprecated create function FieldDescriptor(). Note: Create unlinked descriptors is going to go away. Please use get/find descriptors from generated code or query the descriptor_pool.
    _descriptor.FieldDescriptor(

../../../../../../../../opt/anaconda3/envs/testagent-experiment/lib/python3.10/site-packages/tensorflow/core/framework/tensor_pb2.py:68
  /opt/anaconda3/envs/testagent-experiment/lib/python3.10/site-packages/tensorflow/core/framework/tensor_pb2.py:68: DeprecationWarning: Call to deprecated create function FieldDescriptor(). Note: Create unlinked descriptors is going to go away. Please use get/find descriptors from generated code or query the descriptor_pool.
    _descriptor.FieldDescriptor(

../../../../../../../../opt/anaconda3/envs/testagent-experiment/lib/python3.10/site-packages/tensorflow/core/framework/tensor_pb2.py:75
  /opt/anaconda3/envs/testagent-experiment/lib/python3.10/site-packages/tensorflow/core/framework/tensor_pb2.py:75: DeprecationWarning: Call to deprecated create function FieldDescriptor(). Note: Create unlinked descriptors is going to go away. Please use get/find descriptors from generated code or query the descriptor_pool.
    _descriptor.FieldDescriptor(

../../../../../../../../opt/anaconda3/envs/testagent-experiment/lib/python3.10/site-packages/tensorflow/core/framework/tensor_pb2.py:82
  /opt/anaconda3/envs/testagent-experiment/lib/python3.10/site-packages/tensorflow/core/framework/tensor_pb2.py:82: DeprecationWarning: Call to deprecated create function FieldDescriptor(). Note: Create unlinked descriptors is going to go away. Please use get/find descriptors from generated code or query the descriptor_pool.
    _descriptor.FieldDescriptor(

../../../../../../../../opt/anaconda3/envs/testagent-experiment/lib/python3.10/site-packages/tensorflow/core/framework/tensor_pb2.py:89
  /opt/anaconda3/envs/testagent-experiment/lib/python3.10/site-packages/tensorflow/core/framework/tensor_pb2.py:89: DeprecationWarning: Call to deprecated create function FieldDescriptor(). Note: Create unlinked descriptors is going to go away. Please use get/find descriptors from generated code or query the descriptor_pool.
    _descriptor.FieldDescriptor(

../../../../../../../../opt/anaconda3/envs/testagent-experiment/lib/python3.10/site-packages/tensorflow/core/framework/tensor_pb2.py:96
  /opt/anaconda3/envs/testagent-experiment/lib/python3.10/site-packages/tensorflow/core/framework/tensor_pb2.py:96: DeprecationWarning: Call to deprecated create function FieldDescriptor(). Note: Create unlinked descriptors is going to go away. Please use get/find descriptors from generated code or query the descriptor_pool.
    _descriptor.FieldDescriptor(

../../../../../../../../opt/anaconda3/envs/testagent-experiment/lib/python3.10/site-packages/tensorflow/core/framework/tensor_pb2.py:103
  /opt/anaconda3/envs/testagent-experiment/lib/python3.10/site-packages/tensorflow/core/framework/tensor_pb2.py:103: DeprecationWarning: Call to deprecated create function FieldDescriptor(). Note: Create unlinked descriptors is going to go away. Please use get/find descriptors from generated code or query the descriptor_pool.
    _descriptor.FieldDescriptor(

../../../../../../../../opt/anaconda3/envs/testagent-experiment/lib/python3.10/site-packages/tensorflow/core/framework/tensor_pb2.py:110
  /opt/anaconda3/envs/testagent-experiment/lib/python3.10/site-packages/tensorflow/core/framework/tensor_pb2.py:110: DeprecationWarning: Call to deprecated create function FieldDescriptor(). Note: Create unlinked descriptors is going to go away. Please use get/find descriptors from generated code or query the descriptor_pool.
    _descriptor.FieldDescriptor(

../../../../../../../../opt/anaconda3/envs/testagent-experiment/lib/python3.10/site-packages/tensorflow/core/framework/tensor_pb2.py:117
  /opt/anaconda3/envs/testagent-experiment/lib/python3.10/site-packages/tensorflow/core/framework/tensor_pb2.py:117: DeprecationWarning: Call to deprecated create function FieldDescriptor(). Note: Create unlinked descriptors is going to go away. Please use get/find descriptors from generated code or query the descriptor_pool.
    _descriptor.FieldDescriptor(

../../../../../../../../opt/anaconda3/envs/testagent-experiment/lib/python3.10/site-packages/tensorflow/core/framework/tensor_pb2.py:124
  /opt/anaconda3/envs/testagent-experiment/lib/python3.10/site-packages/tensorflow/core/framework/tensor_pb2.py:124: DeprecationWarning: Call to deprecated create function FieldDescriptor(). Note: Create unlinked descriptors is going to go away. Please use get/find descriptors from generated code or query the descriptor_pool.
    _descriptor.FieldDescriptor(

../../../../../../../../opt/anaconda3/envs/testagent-experiment/lib/python3.10/site-packages/tensorflow/core/framework/tensor_pb2.py:131
  /opt/anaconda3/envs/testagent-experiment/lib/python3.10/site-packages/tensorflow/core/framework/tensor_pb2.py:131: DeprecationWarning: Call to deprecated create function FieldDescriptor(). Note: Create unlinked descriptors is going to go away. Please use get/find descriptors from generated code or query the descriptor_pool.
    _descriptor.FieldDescriptor(

../../../../../../../../opt/anaconda3/envs/testagent-experiment/lib/python3.10/site-packages/tensorflow/core/framework/tensor_pb2.py:138
  /opt/anaconda3/envs/testagent-experiment/lib/python3.10/site-packages/tensorflow/core/framework/tensor_pb2.py:138: DeprecationWarning: Call to deprecated create function FieldDescriptor(). Note: Create unlinked descriptors is going to go away. Please use get/find descriptors from generated code or query the descriptor_pool.
    _descriptor.FieldDescriptor(

../../../../../../../../opt/anaconda3/envs/testagent-experiment/lib/python3.10/site-packages/tensorflow/core/framework/tensor_pb2.py:145
  /opt/anaconda3/envs/testagent-experiment/lib/python3.10/site-packages/tensorflow/core/framework/tensor_pb2.py:145: DeprecationWarning: Call to deprecated create function FieldDescriptor(). Note: Create unlinked descriptors is going to go away. Please use get/find descriptors from generated code or query the descriptor_pool.
    _descriptor.FieldDescriptor(

../../../../../../../../opt/anaconda3/envs/testagent-experiment/lib/python3.10/site-packages/tensorflow/core/framework/tensor_pb2.py:152
  /opt/anaconda3/envs/testagent-experiment/lib/python3.10/site-packages/tensorflow/core/framework/tensor_pb2.py:152: DeprecationWarning: Call to deprecated create function FieldDescriptor(). Note: Create unlinked descriptors is going to go away. Please use get/find descriptors from generated code or query the descriptor_pool.
    _descriptor.FieldDescriptor(

../../../../../../../../opt/anaconda3/envs/testagent-experiment/lib/python3.10/site-packages/tensorflow/core/framework/tensor_pb2.py:33
  /opt/anaconda3/envs/testagent-experiment/lib/python3.10/site-packages/tensorflow/core/framework/tensor_pb2.py:33: DeprecationWarning: Call to deprecated create function Descriptor(). Note: Create unlinked descriptors is going to go away. Please use get/find descriptors from generated code or query the descriptor_pool.
    _TENSORPROTO = _descriptor.Descriptor(

../../../../../../../../opt/anaconda3/envs/testagent-experiment/lib/python3.10/site-packages/tensorflow/core/framework/tensor_pb2.py:183
  /opt/anaconda3/envs/testagent-experiment/lib/python3.10/site-packages/tensorflow/core/framework/tensor_pb2.py:183: DeprecationWarning: Call to deprecated create function FieldDescriptor(). Note: Create unlinked descriptors is going to go away. Please use get/find descriptors from generated code or query the descriptor_pool.
    _descriptor.FieldDescriptor(

../../../../../../../../opt/anaconda3/envs/testagent-experiment/lib/python3.10/site-packages/tensorflow/core/framework/tensor_pb2.py:190
  /opt/anaconda3/envs/testagent-experiment/lib/python3.10/site-packages/tensorflow/core/framework/tensor_pb2.py:190: DeprecationWarning: Call to deprecated create function FieldDescriptor(). Note: Create unlinked descriptors is going to go away. Please use get/find descriptors from generated code or query the descriptor_pool.
    _descriptor.FieldDescriptor(

../../../../../../../../opt/anaconda3/envs/testagent-experiment/lib/python3.10/site-packages/tensorflow/core/framework/tensor_pb2.py:197
  /opt/anaconda3/envs/testagent-experiment/lib/python3.10/site-packages/tensorflow/core/framework/tensor_pb2.py:197: DeprecationWarning: Call to deprecated create function FieldDescriptor(). Note: Create unlinked descriptors is going to go away. Please use get/find descriptors from generated code or query the descriptor_pool.
    _descriptor.FieldDescriptor(

../../../../../../../../opt/anaconda3/envs/testagent-experiment/lib/python3.10/site-packages/tensorflow/core/framework/tensor_pb2.py:176
  /opt/anaconda3/envs/testagent-experiment/lib/python3.10/site-packages/tensorflow/core/framework/tensor_pb2.py:176: DeprecationWarning: Call to deprecated create function Descriptor(). Note: Create unlinked descriptors is going to go away. Please use get/find descriptors from generated code or query the descriptor_pool.
    _VARIANTTENSORDATAPROTO = _descriptor.Descriptor(

../../../../../../../../opt/anaconda3/envs/testagent-experiment/lib/python3.10/site-packages/tensorflow/core/framework/attr_value_pb2.py:21
  /opt/anaconda3/envs/testagent-experiment/lib/python3.10/site-packages/tensorflow/core/framework/attr_value_pb2.py:21: DeprecationWarning: Call to deprecated create function FileDescriptor(). Note: Create unlinked descriptors is going to go away. Please use get/find descriptors from generated code or query the descriptor_pool.
    DESCRIPTOR = _descriptor.FileDescriptor(

../../../../../../../../opt/anaconda3/envs/testagent-experiment/lib/python3.10/site-packages/tensorflow/core/framework/attr_value_pb2.py:40
  /opt/anaconda3/envs/testagent-experiment/lib/python3.10/site-packages/tensorflow/core/framework/attr_value_pb2.py:40: DeprecationWarning: Call to deprecated create function FieldDescriptor(). Note: Create unlinked descriptors is going to go away. Please use get/find descriptors from generated code or query the descriptor_pool.
    _descriptor.FieldDescriptor(

../../../../../../../../opt/anaconda3/envs/testagent-experiment/lib/python3.10/site-packages/tensorflow/core/framework/attr_value_pb2.py:47
  /opt/anaconda3/envs/testagent-experiment/lib/python3.10/site-packages/tensorflow/core/framework/attr_value_pb2.py:47: DeprecationWarning: Call to deprecated create function FieldDescriptor(). Note: Create unlinked descriptors is going to go away. Please use get/find descriptors from generated code or query the descriptor_pool.
    _descriptor.FieldDescriptor(

../../../../../../../../opt/anaconda3/envs/testagent-experiment/lib/python3.10/site-packages/tensorflow/core/framework/attr_value_pb2.py:54
  /opt/anaconda3/envs/testagent-experiment/lib/python3.10/site-packages/tensorflow/core/framework/attr_value_pb2.py:54: DeprecationWarning: Call to deprecated create function FieldDescriptor(). Note: Create unlinked descriptors is going to go away. Please use get/find descriptors from generated code or query the descriptor_pool.
    _descriptor.FieldDescriptor(

../../../../../../../../opt/anaconda3/envs/testagent-experiment/lib/python3.10/site-packages/tensorflow/core/framework/attr_value_pb2.py:61
  /opt/anaconda3/envs/testagent-experiment/lib/python3.10/site-packages/tensorflow/core/framework/attr_value_pb2.py:61: DeprecationWarning: Call to deprecated create function FieldDescriptor(). Note: Create unlinked descriptors is going to go away. Please use get/find descriptors from generated code or query the descriptor_pool.
    _descriptor.FieldDescriptor(

../../../../../../../../opt/anaconda3/envs/testagent-experiment/lib/python3.10/site-packages/tensorflow/core/framework/attr_value_pb2.py:68
  /opt/anaconda3/envs/testagent-experiment/lib/python3.10/site-packages/tensorflow/core/framework/attr_value_pb2.py:68: DeprecationWarning: Call to deprecated create function FieldDescriptor(). Note: Create unlinked descriptors is going to go away. Please use get/find descriptors from generated code or query the descriptor_pool.
    _descriptor.FieldDescriptor(

../../../../../../../../opt/anaconda3/envs/testagent-experiment/lib/python3.10/site-packages/tensorflow/core/framework/attr_value_pb2.py:75
  /opt/anaconda3/envs/testagent-experiment/lib/python3.10/site-packages/tensorflow/core/framework/attr_value_pb2.py:75: DeprecationWarning: Call to deprecated create function FieldDescriptor(). Note: Create unlinked descriptors is going to go away. Please use get/find descriptors from generated code or query the descriptor_pool.
    _descriptor.FieldDescriptor(

../../../../../../../../opt/anaconda3/envs/testagent-experiment/lib/python3.10/site-packages/tensorflow/core/framework/attr_value_pb2.py:82
  /opt/anaconda3/envs/testagent-experiment/lib/python3.10/site-packages/tensorflow/core/framework/attr_value_pb2.py:82: DeprecationWarning: Call to deprecated create function FieldDescriptor(). Note: Create unlinked descriptors is going to go away. Please use get/find descriptors from generated code or query the descriptor_pool.
    _descriptor.FieldDescriptor(

../../../../../../../../opt/anaconda3/envs/testagent-experiment/lib/python3.10/site-packages/tensorflow/core/framework/attr_value_pb2.py:89
  /opt/anaconda3/envs/testagent-experiment/lib/python3.10/site-packages/tensorflow/core/framework/attr_value_pb2.py:89: DeprecationWarning: Call to deprecated create function FieldDescriptor(). Note: Create unlinked descriptors is going to go away. Please use get/find descriptors from generated code or query the descriptor_pool.
    _descriptor.FieldDescriptor(

../../../../../../../../opt/anaconda3/envs/testagent-experiment/lib/python3.10/site-packages/tensorflow/core/framework/attr_value_pb2.py:33
  /opt/anaconda3/envs/testagent-experiment/lib/python3.10/site-packages/tensorflow/core/framework/attr_value_pb2.py:33: DeprecationWarning: Call to deprecated create function Descriptor(). Note: Create unlinked descriptors is going to go away. Please use get/find descriptors from generated code or query the descriptor_pool.
    _ATTRVALUE_LISTVALUE = _descriptor.Descriptor(

../../../../../../../../opt/anaconda3/envs/testagent-experiment/lib/python3.10/site-packages/tensorflow/python/framework/dtypes.py:205
  /opt/anaconda3/envs/testagent-experiment/lib/python3.10/site-packages/tensorflow/python/framework/dtypes.py:205: DeprecationWarning: `np.bool8` is a deprecated alias for `np.bool_`.  (Deprecated NumPy 1.24)
    np.bool8: (False, True),

../../../../../../../../opt/anaconda3/envs/testagent-experiment/lib/python3.10/site-packages/flatbuffers/compat.py:19
  /opt/anaconda3/envs/testagent-experiment/lib/python3.10/site-packages/flatbuffers/compat.py:19: DeprecationWarning: the imp module is deprecated in favour of importlib and slated for removal in Python 3.12; see the module's documentation for alternative uses
    import imp

../../../../../../../../opt/anaconda3/envs/testagent-experiment/lib/python3.10/site-packages/tensorboard/compat/tensorflow_stub/dtypes.py:326
  /opt/anaconda3/envs/testagent-experiment/lib/python3.10/site-packages/tensorboard/compat/tensorflow_stub/dtypes.py:326: DeprecationWarning: `np.bool8` is a deprecated alias for `np.bool_`.  (Deprecated NumPy 1.24)
    np.bool8: (False, True),

-- Docs: https://docs.pytest.org/en/stable/how-to/capture-warnings.html
================================ tests coverage ================================
______________ coverage: platform darwin, python 3.10.19-final-0 _______________

Name                                             Stmts   Miss Branch BrPart  Cover   Missing
--------------------------------------------------------------------------------------------
tests/test_tensorflow_python_training_input.py     294    184     32      1    34%   24-26, 32-34, 40-42, 47-48, 79-82, 86-90, 94-105, 132-177, 189-193, 206, 220-249, 276-316, 325-359, 389-417, 426-444, 475-518, 527-556, 569-595, 603-645, 653-679, 741-760, 799
--------------------------------------------------------------------------------------------
TOTAL                                              294    184     32      1    34%
Coverage XML written to file coverage.xml
=========================== short test summary info ============================
FAILED tests/test_tensorflow_python_training_input.py::TestBatchFunction::test_batch_invalid_batch_size
FAILED tests/test_tensorflow_python_training_input.py::TestBatchFunction::test_batch_invalid_capacity
FAILED tests/test_tensorflow_python_training_input.py::TestBatchFunction::test_batch_empty_tensor_list
FAILED tests/test_tensorflow_python_training_input.py::TestShuffleBatchFunction::test_shuffle_batch_invalid_min_after_dequeue
FAILED tests/test_tensorflow_python_training_input.py::TestDynamicPaddingFunction::test_dynamic_padding_without_shapes_raises_error
ERROR tests/test_tensorflow_python_training_input.py::TestBatchFunction::test_batch_basic_functionality[2-32-False]
ERROR tests/test_tensorflow_python_training_input.py::TestBatchFunction::test_batch_basic_functionality[4-64-True]
ERROR tests/test_tensorflow_python_training_input.py::TestBatchFunction::test_batch_basic_functionality[1-10-False]
ERROR tests/test_tensorflow_python_training_input.py::TestBatchFunction::test_batch_with_dictionary_input
ERROR tests/test_tensorflow_python_training_input.py::TestShuffleBatchFunction::test_shuffle_batch_basic_functionality[2-32-8-42]
ERROR tests/test_tensorflow_python_training_input.py::TestShuffleBatchFunction::test_shuffle_batch_basic_functionality[2-32-16-123]
ERROR tests/test_tensorflow_python_training_input.py::TestShuffleBatchFunction::test_shuffle_batch_with_seed_reproducibility
ERROR tests/test_tensorflow_python_training_input.py::TestShuffleBatchFunction::test_shuffle_batch_with_enqueue_many
ERROR tests/test_tensorflow_python_training_input.py::TestShuffleBatchFunction::test_shuffle_batch_allow_smaller_final_batch
ERROR tests/test_tensorflow_python_training_input.py::TestDynamicPaddingFunction::test_batch_with_dynamic_padding[2-32-True-False]
ERROR tests/test_tensorflow_python_training_input.py::TestDynamicPaddingFunction::test_batch_with_dynamic_padding[3-48-True-True]
ERROR tests/test_tensorflow_python_training_input.py::TestDynamicPaddingFunction::test_dynamic_padding_with_explicit_shapes
ERROR tests/test_tensorflow_python_training_input.py::TestDynamicPaddingFunction::test_dynamic_padding_preserves_data_types
ERROR tests/test_tensorflow_python_training_input.py::TestDynamicPaddingFunction::test_dynamic_padding_with_zero_dimensions
ERROR tests/test_tensorflow_python_training_input.py::TestAdditionalEdgeCases::test_batch_with_single_tensor
5 failed, 9 passed, 103 warnings, 15 errors in 3.99s

Error: exit 1