=== Run Tests ===
..F...F                                                                  [100%]
=================================== FAILURES ===================================
_______________ test_pixelunshuffle_invalid_downscale_factor_g2 ________________

    def test_pixelunshuffle_invalid_downscale_factor_g2():
        """Test PixelUnshuffle with invalid downscale factor (G2 group)"""
>       with pytest.raises(ValueError):
E       Failed: DID NOT RAISE <class 'ValueError'>

tests/test_torch_nn_modules_pixelshuffle_g2.py:231: Failed
_______________ test_pixelshuffle_unshuffle_different_factors_g2 _______________

    def test_pixelshuffle_unshuffle_different_factors_g2():
        """Test that PixelShuffle and PixelUnshuffle with different factors are not inverse (G2 group)"""
        pixel_shuffle_2 = PixelShuffle(2)
        pixel_unshuffle_3 = PixelUnshuffle(3)
    
        # Create input with shape compatible with both
        input_tensor = torch.randn(1, 36, 6, 6)  # 36 divisible by 4 and 9
    
        # Apply operations with different factors
        shuffled = pixel_shuffle_2(input_tensor)  # (1, 9, 12, 12)
        unshuffled = pixel_unshuffle_3(shuffled)  # (1, 81, 4, 4)
    
        # Should NOT get back original
>       assert not torch.allclose(input_tensor, unshuffled, rtol=1e-6, atol=1e-6)
E       RuntimeError: The size of tensor a (6) must match the size of tensor b (4) at non-singleton dimension 3

tests/test_torch_nn_modules_pixelshuffle_g2.py:305: RuntimeError
================================ tests coverage ================================
______________ coverage: platform darwin, python 3.10.19-final-0 _______________

Name                                             Stmts   Miss Branch BrPart  Cover   Missing
--------------------------------------------------------------------------------------------
tests/test_torch_nn_modules_pixelshuffle_g2.py     119      6     10      4    92%   12-13, 19, 103->exit, 169->194, 194->exit, 234-235, 306
--------------------------------------------------------------------------------------------
TOTAL                                              119      6     10      4    92%
Coverage XML written to file coverage.xml
=========================== short test summary info ============================
FAILED tests/test_torch_nn_modules_pixelshuffle_g2.py::test_pixelunshuffle_invalid_downscale_factor_g2
FAILED tests/test_torch_nn_modules_pixelshuffle_g2.py::test_pixelshuffle_unshuffle_different_factors_g2
2 failed, 5 passed in 0.76s

Error: exit 1