{
  "workflow_id": "b681f306",
  "created_at": "2026-01-23T16:26:19.401668",
  "op": "tensorflow_python_ops_functional_ops",
  "arch": "python",
  "soc": "python",
  "vendor": "python",
  "project_root": "/Users/zzf1sh/Documents/Project/TestAgent-CLI-main/exam/tensorflow/python.ops.functional_ops",
  "target": "tensorflow.python.ops.functional_ops",
  "target_slug": "tensorflow_python_ops_functional_ops",
  "current_stage": "complete",
  "stage_index": 6,
  "mode": "full-auto",
  "epoch_total": 5,
  "epoch_current": 5,
  "last_failure_signature": "",
  "last_error_signature": "",
  "last_block_errors": {},
  "auto_stop_reason": "",
  "artifacts": {
    "function_doc.md": "# tensorflow.python.ops.functional_ops - 函数说明\n\n## 1. 基本信息\n- **FQN**: tensorflow.python.ops.functional_ops\n- **模块文件**: `/opt/anaconda3/envs/testagent-experiment/lib/python3.10/site-packages/tensorflow/python/ops/functional_ops.py`\n- **签名**: 模块（包含多个函数）\n- **对象类型**: Python 模块\n\n## 2. 功能概述\nTensorFlow 函数式操作模块，提供高阶函数式编程原语。包含 foldl/foldr（左/右折叠）、scan（扫描）、If（条件分支）、While/For（循环控制）等函数式操作。支持多参数输入输出、嵌套结构、GPU-CPU 内存交换和自动微分。\n\n## 3. 参数说明\n模块包含多个核心函数，主要参数模式：\n- **foldl/foldr**: fn（可调用函数）、elems（张量序列）、initializer（可选初始值）、parallel_iterations（并行迭代数）、back_prop（反向传播）、swap_memory（内存交换）、name（名称前缀）\n- **scan**: 额外参数 infer_shape（推断形状）、reverse（反向扫描）\n- **If**: cond（条件张量）、inputs（输入列表）、then_branch/else_branch（分支函数）\n- **While/For**: input_/inputs（输入张量）、cond/body（条件和循环体函数）\n\n## 4. 返回值\n- **foldl/foldr**: 与 fn 返回值相同结构的张量或序列\n- **scan**: 累积结果序列，形状为 `[len(values)] + fn(initializer, values[0]).shape`\n- **If**: then_branch 或 else_branch 的输出列表\n- **While/For**: 与输入相同类型的张量列表\n\n## 5. 文档要点\n- elems 张量沿第一维解包，所有张量第一维必须匹配\n- fn 必须为可调用函数，否则抛出 TypeError\n- 无 initializer 时 elems 必须至少包含一个元素\n- 支持嵌套结构（列表/元组）的多参数输入输出\n- back_prop=False 已弃用，建议使用 tf.stop_gradient\n- 支持 GPU-CPU 内存交换（swap_memory=True）\n\n## 6. 源码摘要\n- 使用 TensorArray 存储和操作序列数据\n- 依赖 control_flow_ops.while_loop 实现循环逻辑\n- 支持图模式（graph mode）和 eager 模式\n- 处理变量作用域缓存设备设置\n- 使用 nest 模块处理嵌套结构\n- 调用 gen_functional_ops 底层 C++ 操作\n\n## 7. 示例与用法\n```python\n# foldl 示例：累加求和\nelems = tf.constant([1, 2, 3, 4, 5, 6])\nsum = foldl(lambda a, x: a + x, elems)  # sum == 21\n\n# scan 示例：累积和\nelems = np.array([1, 2, 3, 4, 5, 6])\nsum = scan(lambda a, x: a + x, elems)  # sum == [1, 3, 6, 10, 15, 21]\n\n# 多参数示例\nelems = (t1, [t2, t3, [t4, t5]])\nfn = lambda (t1, [t2, t3, [t4, t5]]): ...\n```\n\n## 8. 风险与空白\n- 模块包含多个函数实体（foldl、foldr、scan、If、While、For、partitioned_call 等）\n- 需要为每个核心函数单独设计测试用例\n- 未明确说明的边界情况：空张量、零维张量、不同 dtype 混合\n- 嵌套结构深度限制未文档化\n- parallel_iterations 参数的具体并行实现细节未说明\n- 内存交换（swap_memory）的具体触发条件未明确\n- 图模式与 eager 模式的行为差异需要测试覆盖\n- 捕获输入（captured_inputs）的处理逻辑较复杂",
    "requirements.md": "# tensorflow.python.ops.functional_ops 测试需求\n\n## 1. 目标与范围\n- 主要功能与期望行为\n  - 测试 foldl/foldr 左/右折叠操作的正确性\n  - 验证 scan 扫描操作的累积行为\n  - 确保 If 条件分支的正确执行\n  - 测试 While/For 循环控制流\n  - 验证多参数输入输出和嵌套结构支持\n  - 确保 GPU-CPU 内存交换功能正常\n  - 测试自动微分和梯度计算\n\n- 不在范围内的内容\n  - 底层 C++ 实现 (gen_functional_ops) 的内部逻辑\n  - TensorFlow 框架本身的安装和配置\n  - 非函数式操作模块的其他 TensorFlow 功能\n\n## 2. 输入与约束\n- 参数列表（名称、类型/shape、默认值）\n  - fn: 可调用函数，接受 2+ 参数，返回张量或序列\n  - elems: 张量或序列，第一维为序列长度，所有张量第一维必须匹配\n  - initializer: 可选张量或序列，与 fn 返回值结构相同\n  - parallel_iterations: 整数，默认 10，控制并行迭代数\n  - back_prop: 布尔值，默认 True（已弃用）\n  - swap_memory: 布尔值，默认 False，启用 GPU-CPU 内存交换\n  - name: 字符串，默认 None，操作名称前缀\n  - infer_shape: 布尔值，默认 True，仅 scan 函数\n  - reverse: 布尔值，默认 False，仅 scan 函数\n  - cond: 布尔张量，仅 If 函数\n  - then_branch/else_branch: 可调用函数，仅 If 函数\n\n- 有效取值范围/维度/设备要求\n  - elems 张量第一维必须相同（序列长度）\n  - 无 initializer 时 elems 必须至少包含一个元素\n  - 支持嵌套结构（列表/元组）深度未明确限制\n  - 支持 CPU 和 GPU 设备\n  - 支持图模式和 eager 模式\n\n- 必需与可选组合\n  - fn 和 elems 为必需参数\n  - initializer 为可选参数\n  - 其他参数均有默认值\n\n- 随机性/全局状态要求\n  - 无随机性要求\n  - 依赖 TensorFlow 全局图状态\n  - 使用变量作用域缓存设备设置\n\n## 3. 输出与判定\n- 期望返回结构及关键字段\n  - foldl/foldr: 返回与 fn 返回值相同结构的张量或序列\n  - scan: 返回累积结果序列，形状为 `[len(values)] + fn(initializer, values[0]).shape`\n  - If: 返回 then_branch 或 else_branch 的输出列表\n  - While/For: 返回与输入相同类型的张量列表\n\n- 容差/误差界（如浮点）\n  - 浮点计算误差在 1e-6 范围内\n  - 整数计算必须精确匹配\n  - 形状推断必须准确\n\n- 状态变化或副作用检查点\n  - 验证变量作用域正确设置\n  - 检查内存交换是否按预期触发\n  - 验证梯度计算正确性\n  - 确保无意外副作用\n\n## 4. 错误与异常场景\n- 非法输入/维度/类型触发的异常或警告\n  - fn 不可调用时抛出 TypeError\n  - elems 为空且无 initializer 时抛出 ValueError\n  - elems 张量第一维不匹配时抛出 ValueError\n  - 不支持的数据类型抛出 TypeError\n  - back_prop=False 时发出弃用警告\n\n- 边界值（空、None、0 长度、极端形状/数值）\n  - 空张量输入（有 initializer）\n  - 零维张量作为 elems\n  - 极大序列长度（内存边界）\n  - 极小/极大数值（浮点边界）\n  - None 作为参数值\n  - 深度嵌套结构（测试嵌套限制）\n\n## 5. 依赖与环境\n- 外部资源/设备/网络/文件依赖\n  - TensorFlow 库安装\n  - GPU 设备（可选，用于 GPU 相关测试）\n  - 足够内存处理大张量\n\n- 需要 mock/monkeypatch 的部分\n  - `tensorflow.python.ops.gen_functional_ops` 底层操作\n  - `tensorflow.python.ops.control_flow_ops.while_loop` 循环实现\n  - `tensorflow.python.framework.ops.get_default_graph` 图状态\n  - `tensorflow.python.ops.variables.Variable` 变量操作\n  - `tensorflow.python.ops.gradients_impl.gradients` 梯度计算\n\n## 6. 覆盖与优先级\n- 必测路径（高优先级，最多 5 条，短句）\n  1. foldl/foldr 基本折叠操作正确性\n  2. scan 累积序列生成验证\n  3. If 条件分支正确执行\n  4. While/For 循环控制流测试\n  5. 嵌套结构和多参数支持\n\n- 可选路径（中/低优先级合并为一组列表）\n  - parallel_iterations 参数效果验证\n  - swap_memory 内存交换功能测试\n  - 图模式与 eager 模式行为一致性\n  - 梯度计算和自动微分验证\n  - 极端形状和大数据量性能测试\n  - 不同设备（CPU/GPU）兼容性\n  - 弃用参数 back_prop 的警告检查\n\n- 已知风险/缺失信息（仅列条目，不展开）\n  - 嵌套结构深度限制未文档化\n  - parallel_iterations 并行实现细节未说明\n  - swap_memory 具体触发条件未明确\n  - 图模式与 eager 模式行为差异\n  - 捕获输入（captured_inputs）处理逻辑复杂\n  - 零维张量边界情况处理\n  - 不同 dtype 混合输入支持程度",
    "test_plan.json": "{\n  \"plan_version\": 2,\n  \"target\": \"tensorflow.python.ops.functional_ops\",\n  \"block_rules\": {\n    \"header_block\": \"HEADER\",\n    \"footer_block\": \"FOOTER\",\n    \"case_prefix\": \"CASE_\",\n    \"case_format\": \"CASE_01\"\n  },\n  \"iteration_strategy\": {\n    \"round1\": {\"include\": \"SMOKE_SET\", \"assert_level\": \"weak\", \"max_blocks\": 5},\n    \"roundN\": {\"only_fix_failed_blocks\": true, \"block_limit\": 3, \"promote_deferred\": true},\n    \"final\": {\"enable_strong_asserts\": true, \"coverage_optional\": true}\n  },\n  \"test_files\": {\n    \"default\": \"tests/test_tensorflow_python_ops_functional_ops.py\",\n    \"all_pattern\": \"tests/test_tensorflow_python_ops_functional_ops.py\"\n  },\n  \"cases\": [\n    {\n      \"tc_id\": \"TC-01\",\n      \"block_id\": \"CASE_01\",\n      \"name\": \"foldl基本折叠操作\",\n      \"priority\": \"High\",\n      \"param_matrix\": [\n        {\n          \"function\": \"foldl\",\n          \"fn_type\": \"lambda_sum\",\n          \"elems_shape\": [6],\n          \"dtype\": \"float32\",\n          \"initializer\": null,\n          \"parallel_iterations\": 10,\n          \"swap_memory\": false,\n          \"mode\": \"eager\"\n        }\n      ],\n      \"asserts\": {\n        \"weak\": [\"shape\", \"dtype\", \"finite\", \"basic_property\"],\n        \"strong\": [\"approx_equal\", \"gradient_check\", \"memory_usage\"]\n      },\n      \"oracle\": \"numpy.cumsum\",\n      \"assertion_level\": \"weak\",\n      \"size\": \"S\",\n      \"max_lines\": 80,\n      \"max_params\": 6,\n      \"is_parametrized\": true,\n      \"requires_mock\": false,\n      \"mock_targets\": []\n    },\n    {\n      \"tc_id\": \"TC-02\",\n      \"block_id\": \"CASE_02\",\n      \"name\": \"scan累积序列生成\",\n      \"priority\": \"High\",\n      \"param_matrix\": [\n        {\n          \"function\": \"scan\",\n          \"fn_type\": \"lambda_sum\",\n          \"elems_shape\": [5],\n          \"dtype\": \"int32\",\n          \"initializer\": 0,\n          \"reverse\": false,\n          \"infer_shape\": true,\n          \"mode\": \"eager\"\n        }\n      ],\n      \"asserts\": {\n        \"weak\": [\"shape\", \"dtype\", \"sequence_correctness\"],\n        \"strong\": [\"approx_equal\", \"gradient_check\", \"shape_inference\"]\n      },\n      \"oracle\": \"numpy.cumsum\",\n      \"assertion_level\": \"weak\",\n      \"size\": \"S\",\n      \"max_lines\": 80,\n      \"max_params\": 6,\n      \"is_parametrized\": true,\n      \"requires_mock\": false,\n      \"mock_targets\": []\n    },\n    {\n      \"tc_id\": \"TC-03\",\n      \"block_id\": \"CASE_03\",\n      \"name\": \"If条件分支执行\",\n      \"priority\": \"High\",\n      \"param_matrix\": [\n        {\n          \"function\": \"If\",\n          \"cond\": true,\n          \"input_shape\": [3, 3],\n          \"dtype\": \"float32\",\n          \"then_branch\": \"add_one\",\n          \"else_branch\": \"subtract_one\",\n          \"mode\": \"eager\"\n        }\n      ],\n      \"asserts\": {\n        \"weak\": [\"shape\", \"dtype\", \"branch_selection\"],\n        \"strong\": [\"approx_equal\", \"gradient_check\", \"branch_consistency\"]\n      },\n      \"oracle\": \"manual_verification\",\n      \"assertion_level\": \"weak\",\n      \"size\": \"S\",\n      \"max_lines\": 80,\n      \"max_params\": 6,\n      \"is_parametrized\": true,\n      \"requires_mock\": true,\n      \"mock_targets\": [\n        \"tensorflow.python.ops.gen_functional_ops\",\n        \"tensorflow.python.ops.control_flow_ops.while_loop\"\n      ]\n    },\n    {\n      \"tc_id\": \"TC-04\",\n      \"block_id\": \"CASE_04\",\n      \"name\": \"While循环控制流\",\n      \"priority\": \"High\",\n      \"param_matrix\": [\n        {\n          \"function\": \"While\",\n          \"input_shape\": [1],\n          \"dtype\": \"int32\",\n          \"cond_fn\": \"less_than_5\",\n          \"body_fn\": \"increment\",\n          \"parallel_iterations\": 10,\n          \"mode\": \"eager\"\n        }\n      ],\n      \"asserts\": {\n        \"weak\": [\"shape\", \"dtype\", \"loop_termination\"],\n        \"strong\": [\"approx_equal\", \"gradient_check\", \"iteration_count\"]\n      },\n      \"oracle\": \"manual_verification\",\n      \"assertion_level\": \"weak\",\n      \"size\": \"S\",\n      \"max_lines\": 80,\n      \"max_params\": 6,\n      \"is_parametrized\": true,\n      \"requires_mock\": true,\n      \"mock_targets\": [\n        \"tensorflow.python.ops.gen_functional_ops\",\n        \"tensorflow.python.ops.control_flow_ops.while_loop\"\n      ]\n    },\n    {\n      \"tc_id\": \"TC-05\",\n      \"block_id\": \"CASE_05\",\n      \"name\": \"嵌套结构多参数支持\",\n      \"priority\": \"High\",\n      \"param_matrix\": [\n        {\n          \"function\": \"foldl\",\n          \"fn_type\": \"nested_lambda\",\n          \"elems_structure\": \"nested_tuple\",\n          \"dtype\": \"float32\",\n          \"initializer\": null,\n          \"mode\": \"eager\"\n        }\n      ],\n      \"asserts\": {\n        \"weak\": [\"shape\", \"dtype\", \"structure_preservation\"],\n        \"strong\": [\"approx_equal\", \"gradient_check\", \"deep_nesting\"]\n      },\n      \"oracle\": \"manual_verification\",\n      \"assertion_level\": \"weak\",\n      \"size\": \"S\",\n      \"max_lines\": 80,\n      \"max_params\": 6,\n      \"is_parametrized\": true,\n      \"requires_mock\": false,\n      \"mock_targets\": []\n    }\n  ],\n  \"param_extensions\": [\n    {\n      \"base_block_id\": \"CASE_01\",\n      \"priority\": \"Medium\",\n      \"params\": {\n        \"function\": \"foldl\",\n        \"fn_type\": \"lambda_sum\",\n        \"elems_shape\": [10],\n        \"dtype\": \"float64\",\n        \"initializer\": 0.0,\n        \"parallel_iterations\": 5,\n        \"swap_memory\": true,\n        \"mode\": \"graph\"\n      },\n      \"note\": \"参数扩展：不同dtype、初始值、并行迭代数、内存交换和图模式\"\n    },\n    {\n      \"base_block_id\": \"CASE_02\",\n      \"priority\": \"Medium\",\n      \"params\": {\n        \"function\": \"scan\",\n        \"fn_type\": \"lambda_sum\",\n        \"elems_shape\": [8],\n        \"dtype\": \"float32\",\n        \"initializer\": null,\n        \"reverse\": true,\n        \"infer_shape\": false,\n        \"mode\": \"graph\"\n      },\n      \"note\": \"参数扩展：反向扫描、形状推断禁用、图模式\"\n    },\n    {\n      \"base_block_id\": \"CASE_03\",\n      \"priority\": \"Medium\",\n      \"params\": {\n        \"function\": \"If\",\n        \"cond\": false,\n        \"input_shape\": [2, 2],\n        \"dtype\": \"int32\",\n        \"then_branch\": \"multiply_two\",\n        \"else_branch\": \"divide_two\",\n        \"mode\": \"graph\"\n      },\n      \"note\": \"参数扩展：false条件、不同dtype和形状、图模式\"\n    }\n  ],\n  \"smoke_set\": [\"CASE_01\", \"CASE_02\", \"CASE_03\"],\n  \"deferred_set\": [\"CASE_04\", \"CASE_05\"]\n}",
    "test_plan.md": "# tensorflow.python.ops.functional_ops 测试计划\n\n## 1. 测试策略\n- 单元测试框架：pytest\n- 隔离策略：mock/monkeypatch/fixtures\n- 随机性处理：固定随机种子/控制 RNG\n- 测试模式：支持 eager 和 graph 模式\n- 设备兼容：CPU 优先，GPU 可选\n\n## 2. 生成规格摘要（来自 test_plan.json）\n- SMOKE_SET: CASE_01 (foldl基本折叠), CASE_02 (scan累积序列), CASE_03 (If条件分支)\n- DEFERRED_SET: CASE_04 (While循环), CASE_05 (嵌套结构)\n- 测试文件路径：tests/test_tensorflow_python_ops_functional_ops.py\n- 断言分级策略：首轮使用 weak 断言，最终轮启用 strong 断言\n- 预算策略：size=S, max_lines=80, max_params=6\n- 迭代策略：首轮5个核心用例，后续修复失败块，最终启用强断言\n\n## 3. 数据与边界\n- 正常数据集：小规模张量（形状[6]、[5]、[3,3]等），float32/int32 dtype\n- 随机生成策略：固定种子生成可重复测试数据\n- 边界值：空张量（有initializer）、零维张量、极大序列长度\n- 极端形状：深度嵌套结构、不同dtype混合\n- 空输入：elems为空且无initializer（应抛异常）\n- 负例场景：fn不可调用、elems第一维不匹配、不支持dtype\n\n## 4. 覆盖映射\n- TC-01 (CASE_01): foldl基本折叠操作正确性（需求1）\n- TC-02 (CASE_02): scan累积序列生成验证（需求2）\n- TC-03 (CASE_03): If条件分支正确执行（需求3）\n- TC-04 (CASE_04): While循环控制流测试（需求4）\n- TC-05 (CASE_05): 嵌套结构和多参数支持（需求5）\n\n## 5. 尚未覆盖的风险点\n- parallel_iterations 参数并行效果\n- swap_memory 内存交换具体触发条件\n- 图模式与 eager 模式行为差异\n- 捕获输入（captured_inputs）处理逻辑\n- 零维张量边界情况处理\n- 不同 dtype 混合输入支持程度\n- 嵌套结构深度限制未文档化\n\n## 6. Mock 目标\n- tensorflow.python.ops.gen_functional_ops（底层C++操作）\n- tensorflow.python.ops.control_flow_ops.while_loop（循环实现）\n- 仅用于需要控制底层行为的测试用例（CASE_03, CASE_04）\n\n## 7. 验证参考\n- foldl/scan: numpy.cumsum 作为参考实现\n- If/While: 手动验证逻辑正确性\n- 梯度计算：TensorFlow 自动微分验证\n- 形状推断：TensorFlow 形状系统验证",
    "tests/test_tensorflow_python_ops_functional_ops.py": "\"\"\"\nTest cases for tensorflow.python.ops.functional_ops module.\nGenerated with pytest framework.\n\"\"\"\n\nimport numpy as np\nimport tensorflow as tf\nimport pytest\nfrom unittest import mock\n\n# Set random seed for reproducibility\nnp.random.seed(42)\ntf.random.set_seed(42)\n\n# ==== BLOCK:HEADER START ====\n# Test class for functional_ops module\nclass TestFunctionalOps:\n    \"\"\"Test class for tensorflow.python.ops.functional_ops module.\"\"\"\n    \n    def setup_method(self):\n        \"\"\"Setup method for each test.\"\"\"\n        tf.compat.v1.reset_default_graph()\n# ==== BLOCK:HEADER END ====\n\n# ==== BLOCK:CASE_01 START ====\n# Placeholder for CASE_01: foldl基本折叠操作\n# ==== BLOCK:CASE_01 END ====\n\n# ==== BLOCK:CASE_02 START ====\n# Placeholder for CASE_02: scan累积序列生成\n# ==== BLOCK:CASE_02 END ====\n\n# ==== BLOCK:CASE_03 START ====\n# Placeholder for CASE_03: If条件分支执行\n# ==== BLOCK:CASE_03 END ====\n\n# ==== BLOCK:CASE_04 START ====\n# Placeholder for CASE_04: While循环控制流 (DEFERRED_SET)\n# ==== BLOCK:CASE_04 END ====\n\n# ==== BLOCK:CASE_05 START ====\n# Placeholder for CASE_05: 嵌套结构多参数支持 (DEFERRED_SET)\n# ==== BLOCK:CASE_05 END ====\n\n# ==== BLOCK:FOOTER START ====\n# Additional helper functions and fixtures\n@pytest.fixture\ndef tf_eager_mode():\n    \"\"\"Fixture to run tests in eager mode.\"\"\"\n    with tf.compat.v1.Session() as sess:\n        yield sess\n\n@pytest.fixture\ndef tf_graph_mode():\n    \"\"\"Fixture to run tests in graph mode.\"\"\"\n    with tf.Graph().as_default():\n        yield\n\ndef assert_tensor_equal(tensor1, tensor2, rtol=1e-6, atol=1e-6):\n    \"\"\"Assert two tensors are equal within tolerance.\"\"\"\n    if isinstance(tensor1, tf.Tensor):\n        tensor1 = tensor1.numpy()\n    if isinstance(tensor2, tf.Tensor):\n        tensor2 = tensor2.numpy()\n    np.testing.assert_allclose(tensor1, tensor2, rtol=rtol, atol=atol)\n\ndef assert_tensor_shape(tensor, expected_shape):\n    \"\"\"Assert tensor has expected shape.\"\"\"\n    if isinstance(tensor, tf.Tensor):\n        assert tensor.shape.as_list() == list(expected_shape)\n    else:\n        assert tensor.shape == tuple(expected_shape)\n\ndef assert_tensor_dtype(tensor, expected_dtype):\n    \"\"\"Assert tensor has expected dtype.\"\"\"\n    if isinstance(tensor, tf.Tensor):\n        assert tensor.dtype == expected_dtype\n    else:\n        assert tensor.dtype == expected_dtype\n# ==== BLOCK:FOOTER END ====",
    "test_validation.py": "#!/usr/bin/env python3\n\"\"\"Validate the generated test file.\"\"\"\n\nimport ast\nimport sys\n\ndef validate_python_syntax(filepath):\n    \"\"\"Validate Python syntax of a file.\"\"\"\n    try:\n        with open(filepath, 'r', encoding='utf-8') as f:\n            content = f.read()\n        \n        # Parse the AST\n        ast.parse(content)\n        print(f\"✓ Syntax validation passed for {filepath}\")\n        return True\n    except SyntaxError as e:\n        print(f\"✗ Syntax error in {filepath}: {e}\")\n        print(f\"  Line {e.lineno}, column {e.offset}: {e.text}\")\n        return False\n    except Exception as e:\n        print(f\"✗ Error reading {filepath}: {e}\")\n        return False\n\ndef check_block_markers(filepath):\n    \"\"\"Check that all BLOCK markers are properly formatted.\"\"\"\n    required_blocks = ['HEADER', 'CASE_01', 'CASE_02', 'CASE_03', 'CASE_04', 'CASE_05', 'FOOTER']\n    \n    try:\n        with open(filepath, 'r', encoding='utf-8') as f:\n            content = f.read()\n        \n        for block in required_blocks:\n            start_marker = f'# ==== BLOCK:{block} START ===='\n            end_marker = f'# ==== BLOCK:{block} END ===='\n            \n            if start_marker not in content:\n                print(f\"✗ Missing START marker for BLOCK:{block}\")\n                return False\n            if end_marker not in content:\n                print(f\"✗ Missing END marker for BLOCK:{block}\")\n                return False\n            \n            # Check that END comes after START\n            start_pos = content.find(start_marker)\n            end_pos = content.find(end_marker)\n            if end_pos <= start_pos:\n                print(f\"✗ END marker before START marker for BLOCK:{block}\")\n                return False\n        \n        print(\"✓ All BLOCK markers are properly formatted\")\n        return True\n    except Exception as e:\n        print(f\"✗ Error checking block markers: {e}\")\n        return False\n\ndef check_imports(filepath):\n    \"\"\"Check that required imports are present.\"\"\"\n    required_imports = [\n        'import numpy',\n        'import tensorflow',\n        'import pytest',\n        'from unittest import mock'\n    ]\n    \n    try:\n        with open(filepath, 'r', encoding='utf-8') as f:\n            content = f.read()\n        \n        for imp in required_imports:\n            if imp not in content:\n                print(f\"✗ Missing import: {imp}\")\n                return False\n        \n        print(\"✓ All required imports are present\")\n        return True\n    except Exception as e:\n        print(f\"✗ Error checking imports: {e}\")\n        return False\n\ndef main():\n    \"\"\"Main validation function.\"\"\"\n    test_file = 'tests/test_tensorflow_python_ops_functional_ops.py'\n    \n    print(f\"Validating {test_file}...\")\n    print(\"-\" * 50)\n    \n    results = []\n    \n    # Run validations\n    results.append(validate_python_syntax(test_file))\n    results.append(check_block_markers(test_file))\n    results.append(check_imports(test_file))\n    \n    print(\"-\" * 50)\n    \n    if all(results):\n        print(\"✓ All validations passed!\")\n        return 0\n    else:\n        print(\"✗ Some validations failed\")\n        return 1\n\nif __name__ == '__main__':\n    sys.exit(main())",
    "run_validation.sh": "#!/bin/bash\necho \"Running validation...\"\npython3 test_validation.py",
    "check_file_size.py": "import os\n\ndef check_file_size(filepath):\n    \"\"\"Check file size and line count.\"\"\"\n    try:\n        # Get file size in bytes\n        size_bytes = os.path.getsize(filepath)\n        size_kb = size_bytes / 1024\n        \n        # Count lines\n        with open(filepath, 'r', encoding='utf-8') as f:\n            lines = f.readlines()\n            line_count = len(lines)\n        \n        print(f\"File: {filepath}\")\n        print(f\"Size: {size_bytes} bytes ({size_kb:.2f} KB)\")\n        print(f\"Lines: {line_count}\")\n        \n        # Check constraints\n        if size_kb > 8:\n            print(\"⚠️  WARNING: File size exceeds 8KB limit\")\n        else:\n            print(\"✓ File size within 8KB limit\")\n        \n        if line_count > 200:\n            print(\"⚠️  WARNING: Line count exceeds 200 lines\")\n        else:\n            print(\"✓ Line count within 200 lines\")\n        \n        return size_kb <= 8, line_count <= 200\n    except Exception as e:\n        print(f\"Error: {e}\")\n        return False, False\n\nif __name__ == '__main__':\n    test_file = 'tests/test_tensorflow_python_ops_functional_ops.py'\n    size_ok, lines_ok = check_file_size(test_file)\n    \n    if size_ok and lines_ok:\n        print(\"\\n✓ All constraints satisfied\")\n    else:\n        print(\"\\n✗ Some constraints violated\")",
    "execution_log.txt": "=== Run Tests ===\n....FFF                                                                  [100%]\n=================================== FAILURES ===================================\n_ TestFunctionalOps.test_if_conditional_branch[True-input_shape0-dtype0-add_one-subtract_one-eager] _\n\nself = <test_tensorflow_python_ops_functional_ops.TestFunctionalOps object at 0x134bd4580>\ncond = True, input_shape = [3, 3], dtype = tf.float32, then_branch = 'add_one'\nelse_branch = 'subtract_one', mode = 'eager'\n\n    @pytest.mark.parametrize(\"cond,input_shape,dtype,then_branch,else_branch,mode\", [\n        (True, [3, 3], tf.float32, \"add_one\", \"subtract_one\", \"eager\"),\n        (False, [2, 2], tf.int32, \"multiply_two\", \"divide_two\", \"graph\"),\n    ])\n    def test_if_conditional_branch(self, cond, input_shape, dtype, then_branch, else_branch, mode):\n        \"\"\"Test If conditional branch execution.\"\"\"\n        from tensorflow.python.ops import functional_ops\n    \n        # Mock the underlying gen_functional_ops._if to control behavior\n        import tensorflow.python.ops.gen_functional_ops as gen_functional_ops\n        with mock.patch.object(gen_functional_ops, '_if') as mock_if:\n            # Create test input\n            if dtype == tf.float32:\n                input_data = tf.ones(input_shape, dtype=dtype)\n            else:  # int32\n                input_data = tf.ones(input_shape, dtype=dtype) * 2\n    \n            # Define branch functions based on test parameters\n            # We need to create tf.function-wrapped functions\n            if then_branch == \"add_one\":\n                @tf.function\n                def then_fn(x):\n                    return [x + 1.0]\n            elif then_branch == \"multiply_two\":\n                @tf.function\n                def then_fn(x):\n                    return [x * 2]\n    \n            if else_branch == \"subtract_one\":\n                @tf.function\n                def else_fn(x):\n                    return [x - 1.0]\n            elif else_branch == \"divide_two\":\n                @tf.function\n                def else_fn(x):\n                    return [x // 2]  # Integer division for int32\n    \n            # Create condition tensor\n            cond_tensor = tf.constant(cond, dtype=tf.bool)\n    \n            # Setup mock to return appropriate value\n            if cond:\n                expected_result = then_fn(input_data)[0]\n                mock_if.return_value = [expected_result]\n            else:\n                expected_result = else_fn(input_data)[0]\n                mock_if.return_value = [expected_result]\n    \n            if mode == \"graph\":\n                with tf.Graph().as_default():\n                    if dtype == tf.float32:\n                        input_g = tf.ones(input_shape, dtype=dtype)\n                    else:\n                        input_g = tf.ones(input_shape, dtype=dtype) * 2\n    \n                    cond_g = tf.constant(cond, dtype=tf.bool)\n    \n                    # Call If function\n                    result = functional_ops.If(\n                        cond=cond_g,\n                        inputs=[input_g],\n                        then_branch=then_fn,\n                        else_branch=else_fn\n                    )\n    \n                    with tf.compat.v1.Session() as sess:\n                        result_val = sess.run(result[0])\n                        # Compute expected value within the same graph\n                        if cond:\n                            expected_g = then_fn(input_g)[0]\n                        else:\n                            expected_g = else_fn(input_g)[0]\n                        expected_val = sess.run(expected_g)\n            else:\n                # Eager mode\n>               result = functional_ops.If(\n                    cond=cond_tensor,\n                    inputs=[input_data],\n                    then_branch=then_fn,\n                    else_branch=else_fn\n                )\n\ntests/test_tensorflow_python_ops_functional_ops.py:284: \n_ _ _ _ _ _ _ _ _ _ _ _ _ _ _ _ _ _ _ _ _ _ _ _ _ _ _ _ _ _ _ _ _ _ _ _ _ _ _ _ \n\ncond = <tf.Tensor: shape=(), dtype=bool, numpy=True>\ninputs = [<tf.Tensor: shape=(3, 3), dtype=float32, numpy=\narray([[1., 1., 1.],\n       [1., 1., 1.],\n       [1., 1., 1.]], dtype=float32)>]\nthen_branch = <tensorflow.python.eager.def_function.Function object at 0x134d78130>\nelse_branch = <tensorflow.python.eager.def_function.Function object at 0x134d78310>\nname = None\n\n    def If(cond, inputs, then_branch, else_branch, name=None):\n      r\"\"\"output = Cond(inputs) ?\n    \n      then_branch(inputs) : else_branch(inputs).\n    \n      Args:\n        cond: A `Tensor`. A scalar. If the scalar is not a boolean, the scalar is\n          converted to a boolean according to the following rule: if the scalar is a\n            numerical value, non-zero means True and zero means False; if the scalar\n            is a string, non-empty means True and empty means False.\n        inputs: A list of input tensors.\n        then_branch: A function takes 'inputs' and returns a list of tensors, whose\n          types are the same as what else_branch returns.\n        else_branch: A function takes 'inputs' and returns a list of tensors. whose\n          types are the same as what then_branch returns.\n        name: A name for the operation (optional).\n    \n      Returns:\n        A list of tensors returned by either then_branch(inputs)\n        or else_branch(inputs).\n      \"\"\"\n      # pylint: disable=protected-access\n      # Handle the Defun case until users have transitioned to tf.function. Note\n      # that composites may need to be re-packed by the caller.\n      if isinstance(then_branch, function._DefinedFunction):\n        tlist = [_.type for _ in then_branch.definition.signature.output_arg]\n        return gen_functional_ops._if(\n            cond, inputs, tlist, then_branch, else_branch, name=name)\n    \n      # We assume that `then_branch` is a ConcreteFunction here.\n>     then_out = then_branch.structured_outputs\nE     AttributeError: 'Function' object has no attribute 'structured_outputs'\n\n/opt/anaconda3/envs/testagent-experiment/lib/python3.10/site-packages/tensorflow/python/ops/functional_ops.py:848: AttributeError\n_ TestFunctionalOps.test_if_conditional_branch[False-input_shape1-dtype1-multiply_two-divide_two-graph] _\n\nself = <test_tensorflow_python_ops_functional_ops.TestFunctionalOps object at 0x134bd4820>\ncond = False, input_shape = [2, 2], dtype = tf.int32\nthen_branch = 'multiply_two', else_branch = 'divide_two', mode = 'graph'\n\n    @pytest.mark.parametrize(\"cond,input_shape,dtype,then_branch,else_branch,mode\", [\n        (True, [3, 3], tf.float32, \"add_one\", \"subtract_one\", \"eager\"),\n        (False, [2, 2], tf.int32, \"multiply_two\", \"divide_two\", \"graph\"),\n    ])\n    def test_if_conditional_branch(self, cond, input_shape, dtype, then_branch, else_branch, mode):\n        \"\"\"Test If conditional branch execution.\"\"\"\n        from tensorflow.python.ops import functional_ops\n    \n        # Mock the underlying gen_functional_ops._if to control behavior\n        import tensorflow.python.ops.gen_functional_ops as gen_functional_ops\n        with mock.patch.object(gen_functional_ops, '_if') as mock_if:\n            # Create test input\n            if dtype == tf.float32:\n                input_data = tf.ones(input_shape, dtype=dtype)\n            else:  # int32\n                input_data = tf.ones(input_shape, dtype=dtype) * 2\n    \n            # Define branch functions based on test parameters\n            # We need to create tf.function-wrapped functions\n            if then_branch == \"add_one\":\n                @tf.function\n                def then_fn(x):\n                    return [x + 1.0]\n            elif then_branch == \"multiply_two\":\n                @tf.function\n                def then_fn(x):\n                    return [x * 2]\n    \n            if else_branch == \"subtract_one\":\n                @tf.function\n                def else_fn(x):\n                    return [x - 1.0]\n            elif else_branch == \"divide_two\":\n                @tf.function\n                def else_fn(x):\n                    return [x // 2]  # Integer division for int32\n    \n            # Create condition tensor\n            cond_tensor = tf.constant(cond, dtype=tf.bool)\n    \n            # Setup mock to return appropriate value\n            if cond:\n                expected_result = then_fn(input_data)[0]\n                mock_if.return_value = [expected_result]\n            else:\n                expected_result = else_fn(input_data)[0]\n                mock_if.return_value = [expected_result]\n    \n            if mode == \"graph\":\n                with tf.Graph().as_default():\n                    if dtype == tf.float32:\n                        input_g = tf.ones(input_shape, dtype=dtype)\n                    else:\n                        input_g = tf.ones(input_shape, dtype=dtype) * 2\n    \n                    cond_g = tf.constant(cond, dtype=tf.bool)\n    \n                    # Call If function\n>                   result = functional_ops.If(\n                        cond=cond_g,\n                        inputs=[input_g],\n                        then_branch=then_fn,\n                        else_branch=else_fn\n                    )\n\ntests/test_tensorflow_python_ops_functional_ops.py:267: \n_ _ _ _ _ _ _ _ _ _ _ _ _ _ _ _ _ _ _ _ _ _ _ _ _ _ _ _ _ _ _ _ _ _ _ _ _ _ _ _ \n\ncond = <tf.Tensor 'Const:0' shape=() dtype=bool>\ninputs = [<tf.Tensor 'mul:0' shape=(2, 2) dtype=int32>]\nthen_branch = <tensorflow.python.eager.def_function.Function object at 0x13513ba90>\nelse_branch = <tensorflow.python.eager.def_function.Function object at 0x13513bdc0>\nname = None\n\n    def If(cond, inputs, then_branch, else_branch, name=None):\n      r\"\"\"output = Cond(inputs) ?\n    \n      then_branch(inputs) : else_branch(inputs).\n    \n      Args:\n        cond: A `Tensor`. A scalar. If the scalar is not a boolean, the scalar is\n          converted to a boolean according to the following rule: if the scalar is a\n            numerical value, non-zero means True and zero means False; if the scalar\n            is a string, non-empty means True and empty means False.\n        inputs: A list of input tensors.\n        then_branch: A function takes 'inputs' and returns a list of tensors, whose\n          types are the same as what else_branch returns.\n        else_branch: A function takes 'inputs' and returns a list of tensors. whose\n          types are the same as what then_branch returns.\n        name: A name for the operation (optional).\n    \n      Returns:\n        A list of tensors returned by either then_branch(inputs)\n        or else_branch(inputs).\n      \"\"\"\n      # pylint: disable=protected-access\n      # Handle the Defun case until users have transitioned to tf.function. Note\n      # that composites may need to be re-packed by the caller.\n      if isinstance(then_branch, function._DefinedFunction):\n        tlist = [_.type for _ in then_branch.definition.signature.output_arg]\n        return gen_functional_ops._if(\n            cond, inputs, tlist, then_branch, else_branch, name=name)\n    \n      # We assume that `then_branch` is a ConcreteFunction here.\n>     then_out = then_branch.structured_outputs\nE     AttributeError: 'Function' object has no attribute 'structured_outputs'\n\n/opt/anaconda3/envs/testagent-experiment/lib/python3.10/site-packages/tensorflow/python/ops/functional_ops.py:848: AttributeError\n________________ TestFunctionalOps.test_while_loop_control_flow ________________\n\nself = <test_tensorflow_python_ops_functional_ops.TestFunctionalOps object at 0x134bd4be0>\n\n    def test_while_loop_control_flow(self):\n        \"\"\"Test While loop control flow.\"\"\"\n        from tensorflow.python.ops import functional_ops\n    \n        # Mock the underlying gen_functional_ops._while and control_flow_ops.while_loop\n        import tensorflow.python.ops.gen_functional_ops as gen_functional_ops\n        import tensorflow.python.ops.control_flow_ops as control_flow_ops\n    \n        with mock.patch.object(gen_functional_ops, '_while') as mock_while, \\\n             mock.patch.object(control_flow_ops, 'while_loop') as mock_while_loop:\n    \n            # Create test input: start from 0\n            input_data = [tf.constant([0], dtype=tf.int32)]\n    \n            # Define condition function: continue while value < 5\n            @tf.function\n            def cond_fn(x):\n                return tf.less(x[0], 5)\n    \n            # Define body function: increment by 1\n            @tf.function\n            def body_fn(x):\n                return [x[0] + 1]\n    \n            # Setup mocks\n            # The While function should increment from 0 to 5\n            expected_result = [tf.constant([5], dtype=tf.int32)]\n            mock_while.return_value = expected_result\n            mock_while_loop.return_value = expected_result\n    \n            # Call While function\n>           result = functional_ops.While(\n                input_=input_data,\n                cond=cond_fn,\n                body=body_fn\n            )\n\ntests/test_tensorflow_python_ops_functional_ops.py:372: \n_ _ _ _ _ _ _ _ _ _ _ _ _ _ _ _ _ _ _ _ _ _ _ _ _ _ _ _ _ _ _ _ _ _ _ _ _ _ _ _ \n\ninput_ = [<tf.Tensor: shape=(1,), dtype=int32, numpy=array([0], dtype=int32)>]\ncond = <tensorflow.python.eager.def_function.Function object at 0x134d7bf40>\nbody = <tensorflow.python.eager.def_function.Function object at 0x134d7a6e0>\nname = None, hostmem = None\n\n    def While(input_, cond, body, name=None, hostmem=None):\n      r\"\"\"output = input; While (Cond(output)) { output = Body(output) }.\n    \n      Args:\n        input_: A list of `Tensor` objects. A list of input tensors whose types are\n          T.\n        cond: . A function takes 'input' and returns a tensor.  If the tensor is a\n          scalar of non-boolean, the scalar is converted to a boolean\n          according to the following rule: if the scalar is a numerical value,\n            non-zero means True and zero means False; if the scalar is a string,\n            non-empty means True and empty means False. If the tensor is not a\n            scalar, non-emptiness means True and False otherwise.\n        body: . A function takes a list of tensors and returns another list tensors.\n          Both lists have the same types as specified by T.\n        name: A name for the operation (optional).\n        hostmem: A list of integer. If i is in the list, input[i] is a host memory\n          tensor.\n    \n      Raises:\n        ValueError: if `cond` has implicitly captured inputs or if `cond` and `body`\n          have different signatures.\n    \n      Returns:\n        A list of `Tensor` objects. Has the same type as `input`.\n        A list of output tensors whose types are T.\n      \"\"\"\n>     if cond.captured_inputs:\nE     AttributeError: 'Function' object has no attribute 'captured_inputs'\n\n/opt/anaconda3/envs/testagent-experiment/lib/python3.10/site-packages/tensorflow/python/ops/functional_ops.py:950: AttributeError\n=============================== warnings summary ===============================\n../../../../../../../../opt/anaconda3/envs/testagent-experiment/lib/python3.10/site-packages/tensorflow/core/framework/tensor_shape_pb2.py:18\n  /opt/anaconda3/envs/testagent-experiment/lib/python3.10/site-packages/tensorflow/core/framework/tensor_shape_pb2.py:18: DeprecationWarning: Call to deprecated create function FileDescriptor(). Note: Create unlinked descriptors is going to go away. Please use get/find descriptors from generated code or query the descriptor_pool.\n    DESCRIPTOR = _descriptor.FileDescriptor(\n\n../../../../../../../../opt/anaconda3/envs/testagent-experiment/lib/python3.10/site-packages/tensorflow/core/framework/tensor_shape_pb2.py:36\n  /opt/anaconda3/envs/testagent-experiment/lib/python3.10/site-packages/tensorflow/core/framework/tensor_shape_pb2.py:36: DeprecationWarning: Call to deprecated create function FieldDescriptor(). Note: Create unlinked descriptors is going to go away. Please use get/find descriptors from generated code or query the descriptor_pool.\n    _descriptor.FieldDescriptor(\n\n../../../../../../../../opt/anaconda3/envs/testagent-experiment/lib/python3.10/site-packages/tensorflow/core/framework/tensor_shape_pb2.py:43\n  /opt/anaconda3/envs/testagent-experiment/lib/python3.10/site-packages/tensorflow/core/framework/tensor_shape_pb2.py:43: DeprecationWarning: Call to deprecated create function FieldDescriptor(). Note: Create unlinked descriptors is going to go away. Please use get/find descriptors from generated code or query the descriptor_pool.\n    _descriptor.FieldDescriptor(\n\n../../../../../../../../opt/anaconda3/envs/testagent-experiment/lib/python3.10/site-packages/tensorflow/core/framework/tensor_shape_pb2.py:29\n  /opt/anaconda3/envs/testagent-experiment/lib/python3.10/site-packages/tensorflow/core/framework/tensor_shape_pb2.py:29: DeprecationWarning: Call to deprecated create function Descriptor(). Note: Create unlinked descriptors is going to go away. Please use get/find descriptors from generated code or query the descriptor_pool.\n    _TENSORSHAPEPROTO_DIM = _descriptor.Descriptor(\n\n../../../../../../../../opt/anaconda3/envs/testagent-experiment/lib/python3.10/site-packages/tensorflow/core/framework/tensor_shape_pb2.py:73\n  /opt/anaconda3/envs/testagent-experiment/lib/python3.10/site-packages/tensorflow/core/framework/tensor_shape_pb2.py:73: DeprecationWarning: Call to deprecated create function FieldDescriptor(). Note: Create unlinked descriptors is going to go away. Please use get/find descriptors from generated code or query the descriptor_pool.\n    _descriptor.FieldDescriptor(\n\n../../../../../../../../opt/anaconda3/envs/testagent-experiment/lib/python3.10/site-packages/tensorflow/core/framework/tensor_shape_pb2.py:80\n  /opt/anaconda3/envs/testagent-experiment/lib/python3.10/site-packages/tensorflow/core/framework/tensor_shape_pb2.py:80: DeprecationWarning: Call to deprecated create function FieldDescriptor(). Note: Create unlinked descriptors is going to go away. Please use get/find descriptors from generated code or query the descriptor_pool.\n    _descriptor.FieldDescriptor(\n\n../../../../../../../../opt/anaconda3/envs/testagent-experiment/lib/python3.10/site-packages/tensorflow/core/framework/tensor_shape_pb2.py:66\n  /opt/anaconda3/envs/testagent-experiment/lib/python3.10/site-packages/tensorflow/core/framework/tensor_shape_pb2.py:66: DeprecationWarning: Call to deprecated create function Descriptor(). Note: Create unlinked descriptors is going to go away. Please use get/find descriptors from generated code or query the descriptor_pool.\n    _TENSORSHAPEPROTO = _descriptor.Descriptor(\n\n../../../../../../../../opt/anaconda3/envs/testagent-experiment/lib/python3.10/site-packages/tensorflow/core/framework/types_pb2.py:19\n  /opt/anaconda3/envs/testagent-experiment/lib/python3.10/site-packages/tensorflow/core/framework/types_pb2.py:19: DeprecationWarning: Call to deprecated create function FileDescriptor(). Note: Create unlinked descriptors is going to go away. Please use get/find descriptors from generated code or query the descriptor_pool.\n    DESCRIPTOR = _descriptor.FileDescriptor(\n\n../../../../../../../../opt/anaconda3/envs/testagent-experiment/lib/python3.10/site-packages/tensorflow/core/framework/types_pb2.py:33\n  /opt/anaconda3/envs/testagent-experiment/lib/python3.10/site-packages/tensorflow/core/framework/types_pb2.py:33: DeprecationWarning: Call to deprecated create function EnumValueDescriptor(). Note: Create unlinked descriptors is going to go away. Please use get/find descriptors from generated code or query the descriptor_pool.\n    _descriptor.EnumValueDescriptor(\n\n../../../../../../../../opt/anaconda3/envs/testagent-experiment/lib/python3.10/site-packages/tensorflow/core/framework/types_pb2.py:37\n  /opt/anaconda3/envs/testagent-experiment/lib/python3.10/site-packages/tensorflow/core/framework/types_pb2.py:37: DeprecationWarning: Call to deprecated create function EnumValueDescriptor(). Note: Create unlinked descriptors is going to go away. Please use get/find descriptors from generated code or query the descriptor_pool.\n    _descriptor.EnumValueDescriptor(\n\n../../../../../../../../opt/anaconda3/envs/testagent-experiment/lib/python3.10/site-packages/tensorflow/core/framework/types_pb2.py:41\n  /opt/anaconda3/envs/testagent-experiment/lib/python3.10/site-packages/tensorflow/core/framework/types_pb2.py:41: DeprecationWarning: Call to deprecated create function EnumValueDescriptor(). Note: Create unlinked descriptors is going to go away. Please use get/find descriptors from generated code or query the descriptor_pool.\n    _descriptor.EnumValueDescriptor(\n\n../../../../../../../../opt/anaconda3/envs/testagent-experiment/lib/python3.10/site-packages/tensorflow/core/framework/types_pb2.py:45\n  /opt/anaconda3/envs/testagent-experiment/lib/python3.10/site-packages/tensorflow/core/framework/types_pb2.py:45: DeprecationWarning: Call to deprecated create function EnumValueDescriptor(). Note: Create unlinked descriptors is going to go away. Please use get/find descriptors from generated code or query the descriptor_pool.\n    _descriptor.EnumValueDescriptor(\n\n../../../../../../../../opt/anaconda3/envs/testagent-experiment/lib/python3.10/site-packages/tensorflow/core/framework/types_pb2.py:49\n  /opt/anaconda3/envs/testagent-experiment/lib/python3.10/site-packages/tensorflow/core/framework/types_pb2.py:49: DeprecationWarning: Call to deprecated create function EnumValueDescriptor(). Note: Create unlinked descriptors is going to go away. Please use get/find descriptors from generated code or query the descriptor_pool.\n    _descriptor.EnumValueDescriptor(\n\n../../../../../../../../opt/anaconda3/envs/testagent-experiment/lib/python3.10/site-packages/tensorflow/core/framework/types_pb2.py:53\n  /opt/anaconda3/envs/testagent-experiment/lib/python3.10/site-packages/tensorflow/core/framework/types_pb2.py:53: DeprecationWarning: Call to deprecated create function EnumValueDescriptor(). Note: Create unlinked descriptors is going to go away. Please use get/find descriptors from generated code or query the descriptor_pool.\n    _descriptor.EnumValueDescriptor(\n\n../../../../../../../../opt/anaconda3/envs/testagent-experiment/lib/python3.10/site-packages/tensorflow/core/framework/types_pb2.py:57\n  /opt/anaconda3/envs/testagent-experiment/lib/python3.10/site-packages/tensorflow/core/framework/types_pb2.py:57: DeprecationWarning: Call to deprecated create function EnumValueDescriptor(). Note: Create unlinked descriptors is going to go away. Please use get/find descriptors from generated code or query the descriptor_pool.\n    _descriptor.EnumValueDescriptor(\n\n../../../../../../../../opt/anaconda3/envs/testagent-experiment/lib/python3.10/site-packages/tensorflow/core/framework/types_pb2.py:61\n  /opt/anaconda3/envs/testagent-experiment/lib/python3.10/site-packages/tensorflow/core/framework/types_pb2.py:61: DeprecationWarning: Call to deprecated create function EnumValueDescriptor(). Note: Create unlinked descriptors is going to go away. Please use get/find descriptors from generated code or query the descriptor_pool.\n    _descriptor.EnumValueDescriptor(\n\n../../../../../../../../opt/anaconda3/envs/testagent-experiment/lib/python3.10/site-packages/tensorflow/core/framework/types_pb2.py:65\n  /opt/anaconda3/envs/testagent-experiment/lib/python3.10/site-packages/tensorflow/core/framework/types_pb2.py:65: DeprecationWarning: Call to deprecated create function EnumValueDescriptor(). Note: Create unlinked descriptors is going to go away. Please use get/find descriptors from generated code or query the descriptor_pool.\n    _descriptor.EnumValueDescriptor(\n\n../../../../../../../../opt/anaconda3/envs/testagent-experiment/lib/python3.10/site-packages/tensorflow/core/framework/types_pb2.py:69\n  /opt/anaconda3/envs/testagent-experiment/lib/python3.10/site-packages/tensorflow/core/framework/types_pb2.py:69: DeprecationWarning: Call to deprecated create function EnumValueDescriptor(). Note: Create unlinked descriptors is going to go away. Please use get/find descriptors from generated code or query the descriptor_pool.\n    _descriptor.EnumValueDescriptor(\n\n../../../../../../../../opt/anaconda3/envs/testagent-experiment/lib/python3.10/site-packages/tensorflow/core/framework/types_pb2.py:73\n  /opt/anaconda3/envs/testagent-experiment/lib/python3.10/site-packages/tensorflow/core/framework/types_pb2.py:73: DeprecationWarning: Call to deprecated create function EnumValueDescriptor(). Note: Create unlinked descriptors is going to go away. Please use get/find descriptors from generated code or query the descriptor_pool.\n    _descriptor.EnumValueDescriptor(\n\n../../../../../../../../opt/anaconda3/envs/testagent-experiment/lib/python3.10/site-packages/tensorflow/core/framework/types_pb2.py:77\n  /opt/anaconda3/envs/testagent-experiment/lib/python3.10/site-packages/tensorflow/core/framework/types_pb2.py:77: DeprecationWarning: Call to deprecated create function EnumValueDescriptor(). Note: Create unlinked descriptors is going to go away. Please use get/find descriptors from generated code or query the descriptor_pool.\n    _descriptor.EnumValueDescriptor(\n\n../../../../../../../../opt/anaconda3/envs/testagent-experiment/lib/python3.10/site-packages/tensorflow/core/framework/types_pb2.py:81\n  /opt/anaconda3/envs/testagent-experiment/lib/python3.10/site-packages/tensorflow/core/framework/types_pb2.py:81: DeprecationWarning: Call to deprecated create function EnumValueDescriptor(). Note: Create unlinked descriptors is going to go away. Please use get/find descriptors from generated code or query the descriptor_pool.\n    _descriptor.EnumValueDescriptor(\n\n../../../../../../../../opt/anaconda3/envs/testagent-experiment/lib/python3.10/site-packages/tensorflow/core/framework/types_pb2.py:85\n  /opt/anaconda3/envs/testagent-experiment/lib/python3.10/site-packages/tensorflow/core/framework/types_pb2.py:85: DeprecationWarning: Call to deprecated create function EnumValueDescriptor(). Note: Create unlinked descriptors is going to go away. Please use get/find descriptors from generated code or query the descriptor_pool.\n    _descriptor.EnumValueDescriptor(\n\n../../../../../../../../opt/anaconda3/envs/testagent-experiment/lib/python3.10/site-packages/tensorflow/core/framework/types_pb2.py:89\n  /opt/anaconda3/envs/testagent-experiment/lib/python3.10/site-packages/tensorflow/core/framework/types_pb2.py:89: DeprecationWarning: Call to deprecated create function EnumValueDescriptor(). Note: Create unlinked descriptors is going to go away. Please use get/find descriptors from generated code or query the descriptor_pool.\n    _descriptor.EnumValueDescriptor(\n\n../../../../../../../../opt/anaconda3/envs/testagent-experiment/lib/python3.10/site-packages/tensorflow/core/framework/types_pb2.py:93\n  /opt/anaconda3/envs/testagent-experiment/lib/python3.10/site-packages/tensorflow/core/framework/types_pb2.py:93: DeprecationWarning: Call to deprecated create function EnumValueDescriptor(). Note: Create unlinked descriptors is going to go away. Please use get/find descriptors from generated code or query the descriptor_pool.\n    _descriptor.EnumValueDescriptor(\n\n../../../../../../../../opt/anaconda3/envs/testagent-experiment/lib/python3.10/site-packages/tensorflow/core/framework/types_pb2.py:97\n  /opt/anaconda3/envs/testagent-experiment/lib/python3.10/site-packages/tensorflow/core/framework/types_pb2.py:97: DeprecationWarning: Call to deprecated create function EnumValueDescriptor(). Note: Create unlinked descriptors is going to go away. Please use get/find descriptors from generated code or query the descriptor_pool.\n    _descriptor.EnumValueDescriptor(\n\n../../../../../../../../opt/anaconda3/envs/testagent-experiment/lib/python3.10/site-packages/tensorflow/core/framework/types_pb2.py:101\n  /opt/anaconda3/envs/testagent-experiment/lib/python3.10/site-packages/tensorflow/core/framework/types_pb2.py:101: DeprecationWarning: Call to deprecated create function EnumValueDescriptor(). Note: Create unlinked descriptors is going to go away. Please use get/find descriptors from generated code or query the descriptor_pool.\n    _descriptor.EnumValueDescriptor(\n\n../../../../../../../../opt/anaconda3/envs/testagent-experiment/lib/python3.10/site-packages/tensorflow/core/framework/types_pb2.py:105\n  /opt/anaconda3/envs/testagent-experiment/lib/python3.10/site-packages/tensorflow/core/framework/types_pb2.py:105: DeprecationWarning: Call to deprecated create function EnumValueDescriptor(). Note: Create unlinked descriptors is going to go away. Please use get/find descriptors from generated code or query the descriptor_pool.\n    _descriptor.EnumValueDescriptor(\n\n../../../../../../../../opt/anaconda3/envs/testagent-experiment/lib/python3.10/site-packages/tensorflow/core/framework/types_pb2.py:109\n  /opt/anaconda3/envs/testagent-experiment/lib/python3.10/site-packages/tensorflow/core/framework/types_pb2.py:109: DeprecationWarning: Call to deprecated create function EnumValueDescriptor(). Note: Create unlinked descriptors is going to go away. Please use get/find descriptors from generated code or query the descriptor_pool.\n    _descriptor.EnumValueDescriptor(\n\n../../../../../../../../opt/anaconda3/envs/testagent-experiment/lib/python3.10/site-packages/tensorflow/core/framework/types_pb2.py:113\n  /opt/anaconda3/envs/testagent-experiment/lib/python3.10/site-packages/tensorflow/core/framework/types_pb2.py:113: DeprecationWarning: Call to deprecated create function EnumValueDescriptor(). Note: Create unlinked descriptors is going to go away. Please use get/find descriptors from generated code or query the descriptor_pool.\n    _descriptor.EnumValueDescriptor(\n\n../../../../../../../../opt/anaconda3/envs/testagent-experiment/lib/python3.10/site-packages/tensorflow/core/framework/types_pb2.py:117\n  /opt/anaconda3/envs/testagent-experiment/lib/python3.10/site-packages/tensorflow/core/framework/types_pb2.py:117: DeprecationWarning: Call to deprecated create function EnumValueDescriptor(). Note: Create unlinked descriptors is going to go away. Please use get/find descriptors from generated code or query the descriptor_pool.\n    _descriptor.EnumValueDescriptor(\n\n../../../../../../../../opt/anaconda3/envs/testagent-experiment/lib/python3.10/site-packages/tensorflow/core/framework/types_pb2.py:121\n  /opt/anaconda3/envs/testagent-experiment/lib/python3.10/site-packages/tensorflow/core/framework/types_pb2.py:121: DeprecationWarning: Call to deprecated create function EnumValueDescriptor(). Note: Create unlinked descriptors is going to go away. Please use get/find descriptors from generated code or query the descriptor_pool.\n    _descriptor.EnumValueDescriptor(\n\n../../../../../../../../opt/anaconda3/envs/testagent-experiment/lib/python3.10/site-packages/tensorflow/core/framework/types_pb2.py:125\n  /opt/anaconda3/envs/testagent-experiment/lib/python3.10/site-packages/tensorflow/core/framework/types_pb2.py:125: DeprecationWarning: Call to deprecated create function EnumValueDescriptor(). Note: Create unlinked descriptors is going to go away. Please use get/find descriptors from generated code or query the descriptor_pool.\n    _descriptor.EnumValueDescriptor(\n\n../../../../../../../../opt/anaconda3/envs/testagent-experiment/lib/python3.10/site-packages/tensorflow/core/framework/types_pb2.py:129\n  /opt/anaconda3/envs/testagent-experiment/lib/python3.10/site-packages/tensorflow/core/framework/types_pb2.py:129: DeprecationWarning: Call to deprecated create function EnumValueDescriptor(). Note: Create unlinked descriptors is going to go away. Please use get/find descriptors from generated code or query the descriptor_pool.\n    _descriptor.EnumValueDescriptor(\n\n../../../../../../../../opt/anaconda3/envs/testagent-experiment/lib/python3.10/site-packages/tensorflow/core/framework/types_pb2.py:133\n  /opt/anaconda3/envs/testagent-experiment/lib/python3.10/site-packages/tensorflow/core/framework/types_pb2.py:133: DeprecationWarning: Call to deprecated create function EnumValueDescriptor(). Note: Create unlinked descriptors is going to go away. Please use get/find descriptors from generated code or query the descriptor_pool.\n    _descriptor.EnumValueDescriptor(\n\n../../../../../../../../opt/anaconda3/envs/testagent-experiment/lib/python3.10/site-packages/tensorflow/core/framework/types_pb2.py:137\n  /opt/anaconda3/envs/testagent-experiment/lib/python3.10/site-packages/tensorflow/core/framework/types_pb2.py:137: DeprecationWarning: Call to deprecated create function EnumValueDescriptor(). Note: Create unlinked descriptors is going to go away. Please use get/find descriptors from generated code or query the descriptor_pool.\n    _descriptor.EnumValueDescriptor(\n\n../../../../../../../../opt/anaconda3/envs/testagent-experiment/lib/python3.10/site-packages/tensorflow/core/framework/types_pb2.py:141\n  /opt/anaconda3/envs/testagent-experiment/lib/python3.10/site-packages/tensorflow/core/framework/types_pb2.py:141: DeprecationWarning: Call to deprecated create function EnumValueDescriptor(). Note: Create unlinked descriptors is going to go away. Please use get/find descriptors from generated code or query the descriptor_pool.\n    _descriptor.EnumValueDescriptor(\n\n../../../../../../../../opt/anaconda3/envs/testagent-experiment/lib/python3.10/site-packages/tensorflow/core/framework/types_pb2.py:145\n  /opt/anaconda3/envs/testagent-experiment/lib/python3.10/site-packages/tensorflow/core/framework/types_pb2.py:145: DeprecationWarning: Call to deprecated create function EnumValueDescriptor(). Note: Create unlinked descriptors is going to go away. Please use get/find descriptors from generated code or query the descriptor_pool.\n    _descriptor.EnumValueDescriptor(\n\n../../../../../../../../opt/anaconda3/envs/testagent-experiment/lib/python3.10/site-packages/tensorflow/core/framework/types_pb2.py:149\n  /opt/anaconda3/envs/testagent-experiment/lib/python3.10/site-packages/tensorflow/core/framework/types_pb2.py:149: DeprecationWarning: Call to deprecated create function EnumValueDescriptor(). Note: Create unlinked descriptors is going to go away. Please use get/find descriptors from generated code or query the descriptor_pool.\n    _descriptor.EnumValueDescriptor(\n\n../../../../../../../../opt/anaconda3/envs/testagent-experiment/lib/python3.10/site-packages/tensorflow/core/framework/types_pb2.py:153\n  /opt/anaconda3/envs/testagent-experiment/lib/python3.10/site-packages/tensorflow/core/framework/types_pb2.py:153: DeprecationWarning: Call to deprecated create function EnumValueDescriptor(). Note: Create unlinked descriptors is going to go away. Please use get/find descriptors from generated code or query the descriptor_pool.\n    _descriptor.EnumValueDescriptor(\n\n../../../../../../../../opt/anaconda3/envs/testagent-experiment/lib/python3.10/site-packages/tensorflow/core/framework/types_pb2.py:157\n  /opt/anaconda3/envs/testagent-experiment/lib/python3.10/site-packages/tensorflow/core/framework/types_pb2.py:157: DeprecationWarning: Call to deprecated create function EnumValueDescriptor(). Note: Create unlinked descriptors is going to go away. Please use get/find descriptors from generated code or query the descriptor_pool.\n    _descriptor.EnumValueDescriptor(\n\n../../../../../../../../opt/anaconda3/envs/testagent-experiment/lib/python3.10/site-packages/tensorflow/core/framework/types_pb2.py:161\n  /opt/anaconda3/envs/testagent-experiment/lib/python3.10/site-packages/tensorflow/core/framework/types_pb2.py:161: DeprecationWarning: Call to deprecated create function EnumValueDescriptor(). Note: Create unlinked descriptors is going to go away. Please use get/find descriptors from generated code or query the descriptor_pool.\n    _descriptor.EnumValueDescriptor(\n\n../../../../../../../../opt/anaconda3/envs/testagent-experiment/lib/python3.10/site-packages/tensorflow/core/framework/types_pb2.py:165\n  /opt/anaconda3/envs/testagent-experiment/lib/python3.10/site-packages/tensorflow/core/framework/types_pb2.py:165: DeprecationWarning: Call to deprecated create function EnumValueDescriptor(). Note: Create unlinked descriptors is going to go away. Please use get/find descriptors from generated code or query the descriptor_pool.\n    _descriptor.EnumValueDescriptor(\n\n../../../../../../../../opt/anaconda3/envs/testagent-experiment/lib/python3.10/site-packages/tensorflow/core/framework/types_pb2.py:169\n  /opt/anaconda3/envs/testagent-experiment/lib/python3.10/site-packages/tensorflow/core/framework/types_pb2.py:169: DeprecationWarning: Call to deprecated create function EnumValueDescriptor(). Note: Create unlinked descriptors is going to go away. Please use get/find descriptors from generated code or query the descriptor_pool.\n    _descriptor.EnumValueDescriptor(\n\n../../../../../../../../opt/anaconda3/envs/testagent-experiment/lib/python3.10/site-packages/tensorflow/core/framework/types_pb2.py:173\n  /opt/anaconda3/envs/testagent-experiment/lib/python3.10/site-packages/tensorflow/core/framework/types_pb2.py:173: DeprecationWarning: Call to deprecated create function EnumValueDescriptor(). Note: Create unlinked descriptors is going to go away. Please use get/find descriptors from generated code or query the descriptor_pool.\n    _descriptor.EnumValueDescriptor(\n\n../../../../../../../../opt/anaconda3/envs/testagent-experiment/lib/python3.10/site-packages/tensorflow/core/framework/types_pb2.py:177\n  /opt/anaconda3/envs/testagent-experiment/lib/python3.10/site-packages/tensorflow/core/framework/types_pb2.py:177: DeprecationWarning: Call to deprecated create function EnumValueDescriptor(). Note: Create unlinked descriptors is going to go away. Please use get/find descriptors from generated code or query the descriptor_pool.\n    _descriptor.EnumValueDescriptor(\n\n../../../../../../../../opt/anaconda3/envs/testagent-experiment/lib/python3.10/site-packages/tensorflow/core/framework/types_pb2.py:181\n  /opt/anaconda3/envs/testagent-experiment/lib/python3.10/site-packages/tensorflow/core/framework/types_pb2.py:181: DeprecationWarning: Call to deprecated create function EnumValueDescriptor(). Note: Create unlinked descriptors is going to go away. Please use get/find descriptors from generated code or query the descriptor_pool.\n    _descriptor.EnumValueDescriptor(\n\n../../../../../../../../opt/anaconda3/envs/testagent-experiment/lib/python3.10/site-packages/tensorflow/core/framework/types_pb2.py:185\n  /opt/anaconda3/envs/testagent-experiment/lib/python3.10/site-packages/tensorflow/core/framework/types_pb2.py:185: DeprecationWarning: Call to deprecated create function EnumValueDescriptor(). Note: Create unlinked descriptors is going to go away. Please use get/find descriptors from generated code or query the descriptor_pool.\n    _descriptor.EnumValueDescriptor(\n\n../../../../../../../../opt/anaconda3/envs/testagent-experiment/lib/python3.10/site-packages/tensorflow/core/framework/types_pb2.py:189\n  /opt/anaconda3/envs/testagent-experiment/lib/python3.10/site-packages/tensorflow/core/framework/types_pb2.py:189: DeprecationWarning: Call to deprecated create function EnumValueDescriptor(). Note: Create unlinked descriptors is going to go away. Please use get/find descriptors from generated code or query the descriptor_pool.\n    _descriptor.EnumValueDescriptor(\n\n../../../../../../../../opt/anaconda3/envs/testagent-experiment/lib/python3.10/site-packages/tensorflow/core/framework/types_pb2.py:193\n  /opt/anaconda3/envs/testagent-experiment/lib/python3.10/site-packages/tensorflow/core/framework/types_pb2.py:193: DeprecationWarning: Call to deprecated create function EnumValueDescriptor(). Note: Create unlinked descriptors is going to go away. Please use get/find descriptors from generated code or query the descriptor_pool.\n    _descriptor.EnumValueDescriptor(\n\n../../../../../../../../opt/anaconda3/envs/testagent-experiment/lib/python3.10/site-packages/tensorflow/core/framework/types_pb2.py:197\n  /opt/anaconda3/envs/testagent-experiment/lib/python3.10/site-packages/tensorflow/core/framework/types_pb2.py:197: DeprecationWarning: Call to deprecated create function EnumValueDescriptor(). Note: Create unlinked descriptors is going to go away. Please use get/find descriptors from generated code or query the descriptor_pool.\n    _descriptor.EnumValueDescriptor(\n\n../../../../../../../../opt/anaconda3/envs/testagent-experiment/lib/python3.10/site-packages/tensorflow/core/framework/types_pb2.py:201\n  /opt/anaconda3/envs/testagent-experiment/lib/python3.10/site-packages/tensorflow/core/framework/types_pb2.py:201: DeprecationWarning: Call to deprecated create function EnumValueDescriptor(). Note: Create unlinked descriptors is going to go away. Please use get/find descriptors from generated code or query the descriptor_pool.\n    _descriptor.EnumValueDescriptor(\n\n../../../../../../../../opt/anaconda3/envs/testagent-experiment/lib/python3.10/site-packages/tensorflow/core/framework/types_pb2.py:205\n  /opt/anaconda3/envs/testagent-experiment/lib/python3.10/site-packages/tensorflow/core/framework/types_pb2.py:205: DeprecationWarning: Call to deprecated create function EnumValueDescriptor(). Note: Create unlinked descriptors is going to go away. Please use get/find descriptors from generated code or query the descriptor_pool.\n    _descriptor.EnumValueDescriptor(\n\n../../../../../../../../opt/anaconda3/envs/testagent-experiment/lib/python3.10/site-packages/tensorflow/core/framework/types_pb2.py:209\n  /opt/anaconda3/envs/testagent-experiment/lib/python3.10/site-packages/tensorflow/core/framework/types_pb2.py:209: DeprecationWarning: Call to deprecated create function EnumValueDescriptor(). Note: Create unlinked descriptors is going to go away. Please use get/find descriptors from generated code or query the descriptor_pool.\n    _descriptor.EnumValueDescriptor(\n\n../../../../../../../../opt/anaconda3/envs/testagent-experiment/lib/python3.10/site-packages/tensorflow/core/framework/types_pb2.py:213\n  /opt/anaconda3/envs/testagent-experiment/lib/python3.10/site-packages/tensorflow/core/framework/types_pb2.py:213: DeprecationWarning: Call to deprecated create function EnumValueDescriptor(). Note: Create unlinked descriptors is going to go away. Please use get/find descriptors from generated code or query the descriptor_pool.\n    _descriptor.EnumValueDescriptor(\n\n../../../../../../../../opt/anaconda3/envs/testagent-experiment/lib/python3.10/site-packages/tensorflow/core/framework/types_pb2.py:217\n  /opt/anaconda3/envs/testagent-experiment/lib/python3.10/site-packages/tensorflow/core/framework/types_pb2.py:217: DeprecationWarning: Call to deprecated create function EnumValueDescriptor(). Note: Create unlinked descriptors is going to go away. Please use get/find descriptors from generated code or query the descriptor_pool.\n    _descriptor.EnumValueDescriptor(\n\n../../../../../../../../opt/anaconda3/envs/testagent-experiment/lib/python3.10/site-packages/tensorflow/core/framework/types_pb2.py:27\n  /opt/anaconda3/envs/testagent-experiment/lib/python3.10/site-packages/tensorflow/core/framework/types_pb2.py:27: DeprecationWarning: Call to deprecated create function EnumDescriptor(). Note: Create unlinked descriptors is going to go away. Please use get/find descriptors from generated code or query the descriptor_pool.\n    _DATATYPE = _descriptor.EnumDescriptor(\n\n../../../../../../../../opt/anaconda3/envs/testagent-experiment/lib/python3.10/site-packages/tensorflow/core/framework/resource_handle_pb2.py:20\n  /opt/anaconda3/envs/testagent-experiment/lib/python3.10/site-packages/tensorflow/core/framework/resource_handle_pb2.py:20: DeprecationWarning: Call to deprecated create function FileDescriptor(). Note: Create unlinked descriptors is going to go away. Please use get/find descriptors from generated code or query the descriptor_pool.\n    DESCRIPTOR = _descriptor.FileDescriptor(\n\n../../../../../../../../opt/anaconda3/envs/testagent-experiment/lib/python3.10/site-packages/tensorflow/core/framework/resource_handle_pb2.py:39\n  /opt/anaconda3/envs/testagent-experiment/lib/python3.10/site-packages/tensorflow/core/framework/resource_handle_pb2.py:39: DeprecationWarning: Call to deprecated create function FieldDescriptor(). Note: Create unlinked descriptors is going to go away. Please use get/find descriptors from generated code or query the descriptor_pool.\n    _descriptor.FieldDescriptor(\n\n../../../../../../../../opt/anaconda3/envs/testagent-experiment/lib/python3.10/site-packages/tensorflow/core/framework/resource_handle_pb2.py:46\n  /opt/anaconda3/envs/testagent-experiment/lib/python3.10/site-packages/tensorflow/core/framework/resource_handle_pb2.py:46: DeprecationWarning: Call to deprecated create function FieldDescriptor(). Note: Create unlinked descriptors is going to go away. Please use get/find descriptors from generated code or query the descriptor_pool.\n    _descriptor.FieldDescriptor(\n\n../../../../../../../../opt/anaconda3/envs/testagent-experiment/lib/python3.10/site-packages/tensorflow/core/framework/resource_handle_pb2.py:32\n  /opt/anaconda3/envs/testagent-experiment/lib/python3.10/site-packages/tensorflow/core/framework/resource_handle_pb2.py:32: DeprecationWarning: Call to deprecated create function Descriptor(). Note: Create unlinked descriptors is going to go away. Please use get/find descriptors from generated code or query the descriptor_pool.\n    _RESOURCEHANDLEPROTO_DTYPEANDSHAPE = _descriptor.Descriptor(\n\n../../../../../../../../opt/anaconda3/envs/testagent-experiment/lib/python3.10/site-packages/tensorflow/core/framework/resource_handle_pb2.py:76\n  /opt/anaconda3/envs/testagent-experiment/lib/python3.10/site-packages/tensorflow/core/framework/resource_handle_pb2.py:76: DeprecationWarning: Call to deprecated create function FieldDescriptor(). Note: Create unlinked descriptors is going to go away. Please use get/find descriptors from generated code or query the descriptor_pool.\n    _descriptor.FieldDescriptor(\n\n../../../../../../../../opt/anaconda3/envs/testagent-experiment/lib/python3.10/site-packages/tensorflow/core/framework/resource_handle_pb2.py:83\n  /opt/anaconda3/envs/testagent-experiment/lib/python3.10/site-packages/tensorflow/core/framework/resource_handle_pb2.py:83: DeprecationWarning: Call to deprecated create function FieldDescriptor(). Note: Create unlinked descriptors is going to go away. Please use get/find descriptors from generated code or query the descriptor_pool.\n    _descriptor.FieldDescriptor(\n\n../../../../../../../../opt/anaconda3/envs/testagent-experiment/lib/python3.10/site-packages/tensorflow/core/framework/resource_handle_pb2.py:90\n  /opt/anaconda3/envs/testagent-experiment/lib/python3.10/site-packages/tensorflow/core/framework/resource_handle_pb2.py:90: DeprecationWarning: Call to deprecated create function FieldDescriptor(). Note: Create unlinked descriptors is going to go away. Please use get/find descriptors from generated code or query the descriptor_pool.\n    _descriptor.FieldDescriptor(\n\n../../../../../../../../opt/anaconda3/envs/testagent-experiment/lib/python3.10/site-packages/tensorflow/core/framework/resource_handle_pb2.py:97\n  /opt/anaconda3/envs/testagent-experiment/lib/python3.10/site-packages/tensorflow/core/framework/resource_handle_pb2.py:97: DeprecationWarning: Call to deprecated create function FieldDescriptor(). Note: Create unlinked descriptors is going to go away. Please use get/find descriptors from generated code or query the descriptor_pool.\n    _descriptor.FieldDescriptor(\n\n../../../../../../../../opt/anaconda3/envs/testagent-experiment/lib/python3.10/site-packages/tensorflow/core/framework/resource_handle_pb2.py:104\n  /opt/anaconda3/envs/testagent-experiment/lib/python3.10/site-packages/tensorflow/core/framework/resource_handle_pb2.py:104: DeprecationWarning: Call to deprecated create function FieldDescriptor(). Note: Create unlinked descriptors is going to go away. Please use get/find descriptors from generated code or query the descriptor_pool.\n    _descriptor.FieldDescriptor(\n\n../../../../../../../../opt/anaconda3/envs/testagent-experiment/lib/python3.10/site-packages/tensorflow/core/framework/resource_handle_pb2.py:111\n  /opt/anaconda3/envs/testagent-experiment/lib/python3.10/site-packages/tensorflow/core/framework/resource_handle_pb2.py:111: DeprecationWarning: Call to deprecated create function FieldDescriptor(). Note: Create unlinked descriptors is going to go away. Please use get/find descriptors from generated code or query the descriptor_pool.\n    _descriptor.FieldDescriptor(\n\n../../../../../../../../opt/anaconda3/envs/testagent-experiment/lib/python3.10/site-packages/tensorflow/core/framework/resource_handle_pb2.py:69\n  /opt/anaconda3/envs/testagent-experiment/lib/python3.10/site-packages/tensorflow/core/framework/resource_handle_pb2.py:69: DeprecationWarning: Call to deprecated create function Descriptor(). Note: Create unlinked descriptors is going to go away. Please use get/find descriptors from generated code or query the descriptor_pool.\n    _RESOURCEHANDLEPROTO = _descriptor.Descriptor(\n\n../../../../../../../../opt/anaconda3/envs/testagent-experiment/lib/python3.10/site-packages/tensorflow/core/framework/tensor_pb2.py:21\n  /opt/anaconda3/envs/testagent-experiment/lib/python3.10/site-packages/tensorflow/core/framework/tensor_pb2.py:21: DeprecationWarning: Call to deprecated create function FileDescriptor(). Note: Create unlinked descriptors is going to go away. Please use get/find descriptors from generated code or query the descriptor_pool.\n    DESCRIPTOR = _descriptor.FileDescriptor(\n\n../../../../../../../../opt/anaconda3/envs/testagent-experiment/lib/python3.10/site-packages/tensorflow/core/framework/tensor_pb2.py:40\n  /opt/anaconda3/envs/testagent-experiment/lib/python3.10/site-packages/tensorflow/core/framework/tensor_pb2.py:40: DeprecationWarning: Call to deprecated create function FieldDescriptor(). Note: Create unlinked descriptors is going to go away. Please use get/find descriptors from generated code or query the descriptor_pool.\n    _descriptor.FieldDescriptor(\n\n../../../../../../../../opt/anaconda3/envs/testagent-experiment/lib/python3.10/site-packages/tensorflow/core/framework/tensor_pb2.py:47\n  /opt/anaconda3/envs/testagent-experiment/lib/python3.10/site-packages/tensorflow/core/framework/tensor_pb2.py:47: DeprecationWarning: Call to deprecated create function FieldDescriptor(). Note: Create unlinked descriptors is going to go away. Please use get/find descriptors from generated code or query the descriptor_pool.\n    _descriptor.FieldDescriptor(\n\n../../../../../../../../opt/anaconda3/envs/testagent-experiment/lib/python3.10/site-packages/tensorflow/core/framework/tensor_pb2.py:54\n  /opt/anaconda3/envs/testagent-experiment/lib/python3.10/site-packages/tensorflow/core/framework/tensor_pb2.py:54: DeprecationWarning: Call to deprecated create function FieldDescriptor(). Note: Create unlinked descriptors is going to go away. Please use get/find descriptors from generated code or query the descriptor_pool.\n    _descriptor.FieldDescriptor(\n\n../../../../../../../../opt/anaconda3/envs/testagent-experiment/lib/python3.10/site-packages/tensorflow/core/framework/tensor_pb2.py:61\n  /opt/anaconda3/envs/testagent-experiment/lib/python3.10/site-packages/tensorflow/core/framework/tensor_pb2.py:61: DeprecationWarning: Call to deprecated create function FieldDescriptor(). Note: Create unlinked descriptors is going to go away. Please use get/find descriptors from generated code or query the descriptor_pool.\n    _descriptor.FieldDescriptor(\n\n../../../../../../../../opt/anaconda3/envs/testagent-experiment/lib/python3.10/site-packages/tensorflow/core/framework/tensor_pb2.py:68\n  /opt/anaconda3/envs/testagent-experiment/lib/python3.10/site-packages/tensorflow/core/framework/tensor_pb2.py:68: DeprecationWarning: Call to deprecated create function FieldDescriptor(). Note: Create unlinked descriptors is going to go away. Please use get/find descriptors from generated code or query the descriptor_pool.\n    _descriptor.FieldDescriptor(\n\n../../../../../../../../opt/anaconda3/envs/testagent-experiment/lib/python3.10/site-packages/tensorflow/core/framework/tensor_pb2.py:75\n  /opt/anaconda3/envs/testagent-experiment/lib/python3.10/site-packages/tensorflow/core/framework/tensor_pb2.py:75: DeprecationWarning: Call to deprecated create function FieldDescriptor(). Note: Create unlinked descriptors is going to go away. Please use get/find descriptors from generated code or query the descriptor_pool.\n    _descriptor.FieldDescriptor(\n\n../../../../../../../../opt/anaconda3/envs/testagent-experiment/lib/python3.10/site-packages/tensorflow/core/framework/tensor_pb2.py:82\n  /opt/anaconda3/envs/testagent-experiment/lib/python3.10/site-packages/tensorflow/core/framework/tensor_pb2.py:82: DeprecationWarning: Call to deprecated create function FieldDescriptor(). Note: Create unlinked descriptors is going to go away. Please use get/find descriptors from generated code or query the descriptor_pool.\n    _descriptor.FieldDescriptor(\n\n../../../../../../../../opt/anaconda3/envs/testagent-experiment/lib/python3.10/site-packages/tensorflow/core/framework/tensor_pb2.py:89\n  /opt/anaconda3/envs/testagent-experiment/lib/python3.10/site-packages/tensorflow/core/framework/tensor_pb2.py:89: DeprecationWarning: Call to deprecated create function FieldDescriptor(). Note: Create unlinked descriptors is going to go away. Please use get/find descriptors from generated code or query the descriptor_pool.\n    _descriptor.FieldDescriptor(\n\n../../../../../../../../opt/anaconda3/envs/testagent-experiment/lib/python3.10/site-packages/tensorflow/core/framework/tensor_pb2.py:96\n  /opt/anaconda3/envs/testagent-experiment/lib/python3.10/site-packages/tensorflow/core/framework/tensor_pb2.py:96: DeprecationWarning: Call to deprecated create function FieldDescriptor(). Note: Create unlinked descriptors is going to go away. Please use get/find descriptors from generated code or query the descriptor_pool.\n    _descriptor.FieldDescriptor(\n\n../../../../../../../../opt/anaconda3/envs/testagent-experiment/lib/python3.10/site-packages/tensorflow/core/framework/tensor_pb2.py:103\n  /opt/anaconda3/envs/testagent-experiment/lib/python3.10/site-packages/tensorflow/core/framework/tensor_pb2.py:103: DeprecationWarning: Call to deprecated create function FieldDescriptor(). Note: Create unlinked descriptors is going to go away. Please use get/find descriptors from generated code or query the descriptor_pool.\n    _descriptor.FieldDescriptor(\n\n../../../../../../../../opt/anaconda3/envs/testagent-experiment/lib/python3.10/site-packages/tensorflow/core/framework/tensor_pb2.py:110\n  /opt/anaconda3/envs/testagent-experiment/lib/python3.10/site-packages/tensorflow/core/framework/tensor_pb2.py:110: DeprecationWarning: Call to deprecated create function FieldDescriptor(). Note: Create unlinked descriptors is going to go away. Please use get/find descriptors from generated code or query the descriptor_pool.\n    _descriptor.FieldDescriptor(\n\n../../../../../../../../opt/anaconda3/envs/testagent-experiment/lib/python3.10/site-packages/tensorflow/core/framework/tensor_pb2.py:117\n  /opt/anaconda3/envs/testagent-experiment/lib/python3.10/site-packages/tensorflow/core/framework/tensor_pb2.py:117: DeprecationWarning: Call to deprecated create function FieldDescriptor(). Note: Create unlinked descriptors is going to go away. Please use get/find descriptors from generated code or query the descriptor_pool.\n    _descriptor.FieldDescriptor(\n\n../../../../../../../../opt/anaconda3/envs/testagent-experiment/lib/python3.10/site-packages/tensorflow/core/framework/tensor_pb2.py:124\n  /opt/anaconda3/envs/testagent-experiment/lib/python3.10/site-packages/tensorflow/core/framework/tensor_pb2.py:124: DeprecationWarning: Call to deprecated create function FieldDescriptor(). Note: Create unlinked descriptors is going to go away. Please use get/find descriptors from generated code or query the descriptor_pool.\n    _descriptor.FieldDescriptor(\n\n../../../../../../../../opt/anaconda3/envs/testagent-experiment/lib/python3.10/site-packages/tensorflow/core/framework/tensor_pb2.py:131\n  /opt/anaconda3/envs/testagent-experiment/lib/python3.10/site-packages/tensorflow/core/framework/tensor_pb2.py:131: DeprecationWarning: Call to deprecated create function FieldDescriptor(). Note: Create unlinked descriptors is going to go away. Please use get/find descriptors from generated code or query the descriptor_pool.\n    _descriptor.FieldDescriptor(\n\n../../../../../../../../opt/anaconda3/envs/testagent-experiment/lib/python3.10/site-packages/tensorflow/core/framework/tensor_pb2.py:138\n  /opt/anaconda3/envs/testagent-experiment/lib/python3.10/site-packages/tensorflow/core/framework/tensor_pb2.py:138: DeprecationWarning: Call to deprecated create function FieldDescriptor(). Note: Create unlinked descriptors is going to go away. Please use get/find descriptors from generated code or query the descriptor_pool.\n    _descriptor.FieldDescriptor(\n\n../../../../../../../../opt/anaconda3/envs/testagent-experiment/lib/python3.10/site-packages/tensorflow/core/framework/tensor_pb2.py:145\n  /opt/anaconda3/envs/testagent-experiment/lib/python3.10/site-packages/tensorflow/core/framework/tensor_pb2.py:145: DeprecationWarning: Call to deprecated create function FieldDescriptor(). Note: Create unlinked descriptors is going to go away. Please use get/find descriptors from generated code or query the descriptor_pool.\n    _descriptor.FieldDescriptor(\n\n../../../../../../../../opt/anaconda3/envs/testagent-experiment/lib/python3.10/site-packages/tensorflow/core/framework/tensor_pb2.py:152\n  /opt/anaconda3/envs/testagent-experiment/lib/python3.10/site-packages/tensorflow/core/framework/tensor_pb2.py:152: DeprecationWarning: Call to deprecated create function FieldDescriptor(). Note: Create unlinked descriptors is going to go away. Please use get/find descriptors from generated code or query the descriptor_pool.\n    _descriptor.FieldDescriptor(\n\n../../../../../../../../opt/anaconda3/envs/testagent-experiment/lib/python3.10/site-packages/tensorflow/core/framework/tensor_pb2.py:33\n  /opt/anaconda3/envs/testagent-experiment/lib/python3.10/site-packages/tensorflow/core/framework/tensor_pb2.py:33: DeprecationWarning: Call to deprecated create function Descriptor(). Note: Create unlinked descriptors is going to go away. Please use get/find descriptors from generated code or query the descriptor_pool.\n    _TENSORPROTO = _descriptor.Descriptor(\n\n../../../../../../../../opt/anaconda3/envs/testagent-experiment/lib/python3.10/site-packages/tensorflow/core/framework/tensor_pb2.py:183\n  /opt/anaconda3/envs/testagent-experiment/lib/python3.10/site-packages/tensorflow/core/framework/tensor_pb2.py:183: DeprecationWarning: Call to deprecated create function FieldDescriptor(). Note: Create unlinked descriptors is going to go away. Please use get/find descriptors from generated code or query the descriptor_pool.\n    _descriptor.FieldDescriptor(\n\n../../../../../../../../opt/anaconda3/envs/testagent-experiment/lib/python3.10/site-packages/tensorflow/core/framework/tensor_pb2.py:190\n  /opt/anaconda3/envs/testagent-experiment/lib/python3.10/site-packages/tensorflow/core/framework/tensor_pb2.py:190: DeprecationWarning: Call to deprecated create function FieldDescriptor(). Note: Create unlinked descriptors is going to go away. Please use get/find descriptors from generated code or query the descriptor_pool.\n    _descriptor.FieldDescriptor(\n\n../../../../../../../../opt/anaconda3/envs/testagent-experiment/lib/python3.10/site-packages/tensorflow/core/framework/tensor_pb2.py:197\n  /opt/anaconda3/envs/testagent-experiment/lib/python3.10/site-packages/tensorflow/core/framework/tensor_pb2.py:197: DeprecationWarning: Call to deprecated create function FieldDescriptor(). Note: Create unlinked descriptors is going to go away. Please use get/find descriptors from generated code or query the descriptor_pool.\n    _descriptor.FieldDescriptor(\n\n../../../../../../../../opt/anaconda3/envs/testagent-experiment/lib/python3.10/site-packages/tensorflow/core/framework/tensor_pb2.py:176\n  /opt/anaconda3/envs/testagent-experiment/lib/python3.10/site-packages/tensorflow/core/framework/tensor_pb2.py:176: DeprecationWarning: Call to deprecated create function Descriptor(). Note: Create unlinked descriptors is going to go away. Please use get/find descriptors from generated code or query the descriptor_pool.\n    _VARIANTTENSORDATAPROTO = _descriptor.Descriptor(\n\n../../../../../../../../opt/anaconda3/envs/testagent-experiment/lib/python3.10/site-packages/tensorflow/core/framework/attr_value_pb2.py:21\n  /opt/anaconda3/envs/testagent-experiment/lib/python3.10/site-packages/tensorflow/core/framework/attr_value_pb2.py:21: DeprecationWarning: Call to deprecated create function FileDescriptor(). Note: Create unlinked descriptors is going to go away. Please use get/find descriptors from generated code or query the descriptor_pool.\n    DESCRIPTOR = _descriptor.FileDescriptor(\n\n../../../../../../../../opt/anaconda3/envs/testagent-experiment/lib/python3.10/site-packages/tensorflow/core/framework/attr_value_pb2.py:40\n  /opt/anaconda3/envs/testagent-experiment/lib/python3.10/site-packages/tensorflow/core/framework/attr_value_pb2.py:40: DeprecationWarning: Call to deprecated create function FieldDescriptor(). Note: Create unlinked descriptors is going to go away. Please use get/find descriptors from generated code or query the descriptor_pool.\n    _descriptor.FieldDescriptor(\n\n../../../../../../../../opt/anaconda3/envs/testagent-experiment/lib/python3.10/site-packages/tensorflow/core/framework/attr_value_pb2.py:47\n  /opt/anaconda3/envs/testagent-experiment/lib/python3.10/site-packages/tensorflow/core/framework/attr_value_pb2.py:47: DeprecationWarning: Call to deprecated create function FieldDescriptor(). Note: Create unlinked descriptors is going to go away. Please use get/find descriptors from generated code or query the descriptor_pool.\n    _descriptor.FieldDescriptor(\n\n../../../../../../../../opt/anaconda3/envs/testagent-experiment/lib/python3.10/site-packages/tensorflow/core/framework/attr_value_pb2.py:54\n  /opt/anaconda3/envs/testagent-experiment/lib/python3.10/site-packages/tensorflow/core/framework/attr_value_pb2.py:54: DeprecationWarning: Call to deprecated create function FieldDescriptor(). Note: Create unlinked descriptors is going to go away. Please use get/find descriptors from generated code or query the descriptor_pool.\n    _descriptor.FieldDescriptor(\n\n../../../../../../../../opt/anaconda3/envs/testagent-experiment/lib/python3.10/site-packages/tensorflow/core/framework/attr_value_pb2.py:61\n  /opt/anaconda3/envs/testagent-experiment/lib/python3.10/site-packages/tensorflow/core/framework/attr_value_pb2.py:61: DeprecationWarning: Call to deprecated create function FieldDescriptor(). Note: Create unlinked descriptors is going to go away. Please use get/find descriptors from generated code or query the descriptor_pool.\n    _descriptor.FieldDescriptor(\n\n../../../../../../../../opt/anaconda3/envs/testagent-experiment/lib/python3.10/site-packages/tensorflow/core/framework/attr_value_pb2.py:68\n  /opt/anaconda3/envs/testagent-experiment/lib/python3.10/site-packages/tensorflow/core/framework/attr_value_pb2.py:68: DeprecationWarning: Call to deprecated create function FieldDescriptor(). Note: Create unlinked descriptors is going to go away. Please use get/find descriptors from generated code or query the descriptor_pool.\n    _descriptor.FieldDescriptor(\n\n../../../../../../../../opt/anaconda3/envs/testagent-experiment/lib/python3.10/site-packages/tensorflow/core/framework/attr_value_pb2.py:75\n  /opt/anaconda3/envs/testagent-experiment/lib/python3.10/site-packages/tensorflow/core/framework/attr_value_pb2.py:75: DeprecationWarning: Call to deprecated create function FieldDescriptor(). Note: Create unlinked descriptors is going to go away. Please use get/find descriptors from generated code or query the descriptor_pool.\n    _descriptor.FieldDescriptor(\n\n../../../../../../../../opt/anaconda3/envs/testagent-experiment/lib/python3.10/site-packages/tensorflow/core/framework/attr_value_pb2.py:82\n  /opt/anaconda3/envs/testagent-experiment/lib/python3.10/site-packages/tensorflow/core/framework/attr_value_pb2.py:82: DeprecationWarning: Call to deprecated create function FieldDescriptor(). Note: Create unlinked descriptors is going to go away. Please use get/find descriptors from generated code or query the descriptor_pool.\n    _descriptor.FieldDescriptor(\n\n../../../../../../../../opt/anaconda3/envs/testagent-experiment/lib/python3.10/site-packages/tensorflow/core/framework/attr_value_pb2.py:89\n  /opt/anaconda3/envs/testagent-experiment/lib/python3.10/site-packages/tensorflow/core/framework/attr_value_pb2.py:89: DeprecationWarning: Call to deprecated create function FieldDescriptor(). Note: Create unlinked descriptors is going to go away. Please use get/find descriptors from generated code or query the descriptor_pool.\n    _descriptor.FieldDescriptor(\n\n../../../../../../../../opt/anaconda3/envs/testagent-experiment/lib/python3.10/site-packages/tensorflow/core/framework/attr_value_pb2.py:33\n  /opt/anaconda3/envs/testagent-experiment/lib/python3.10/site-packages/tensorflow/core/framework/attr_value_pb2.py:33: DeprecationWarning: Call to deprecated create function Descriptor(). Note: Create unlinked descriptors is going to go away. Please use get/find descriptors from generated code or query the descriptor_pool.\n    _ATTRVALUE_LISTVALUE = _descriptor.Descriptor(\n\n../../../../../../../../opt/anaconda3/envs/testagent-experiment/lib/python3.10/site-packages/tensorflow/python/framework/dtypes.py:205\n  /opt/anaconda3/envs/testagent-experiment/lib/python3.10/site-packages/tensorflow/python/framework/dtypes.py:205: DeprecationWarning: `np.bool8` is a deprecated alias for `np.bool_`.  (Deprecated NumPy 1.24)\n    np.bool8: (False, True),\n\n../../../../../../../../opt/anaconda3/envs/testagent-experiment/lib/python3.10/site-packages/flatbuffers/compat.py:19\n  /opt/anaconda3/envs/testagent-experiment/lib/python3.10/site-packages/flatbuffers/compat.py:19: DeprecationWarning: the imp module is deprecated in favour of importlib and slated for removal in Python 3.12; see the module's documentation for alternative uses\n    import imp\n\n../../../../../../../../opt/anaconda3/envs/testagent-experiment/lib/python3.10/site-packages/tensorboard/compat/tensorflow_stub/dtypes.py:326\n  /opt/anaconda3/envs/testagent-experiment/lib/python3.10/site-packages/tensorboard/compat/tensorflow_stub/dtypes.py:326: DeprecationWarning: `np.bool8` is a deprecated alias for `np.bool_`.  (Deprecated NumPy 1.24)\n    np.bool8: (False, True),\n\n-- Docs: https://docs.pytest.org/en/stable/how-to/capture-warnings.html\n================================ tests coverage ================================\n______________ coverage: platform darwin, python 3.10.19-final-0 _______________\n\nName                                                 Stmts   Miss Branch BrPart  Cover   Missing\n------------------------------------------------------------------------------------------------\ncheck_file_size.py                                      27     27      8      0     0%   1-42\ntest_syntax_check.py                                    21     21      2      0     0%   4-27\ntest_validation.py                                      70     70     16      0     0%   4-105\ntests/test_tensorflow_python_ops_functional_ops.py     205     72     86     14    59%   30-31, 59, 91->95, 127, 135, 140, 145, 162, 166-169, 190->194, 204, 231, 232->237, 235, 240, 241->247, 244, 260, 274-281, 290-337, 358, 363, 379-395, 407-408, 413-414, 418-422, 426-429, 433-436\n------------------------------------------------------------------------------------------------\nTOTAL                                                  323    190    112     14    40%\nCoverage XML written to file coverage.xml\n=========================== short test summary info ============================\nFAILED tests/test_tensorflow_python_ops_functional_ops.py::TestFunctionalOps::test_if_conditional_branch[True-input_shape0-dtype0-add_one-subtract_one-eager]\nFAILED tests/test_tensorflow_python_ops_functional_ops.py::TestFunctionalOps::test_if_conditional_branch[False-input_shape1-dtype1-multiply_two-divide_two-graph]\nFAILED tests/test_tensorflow_python_ops_functional_ops.py::TestFunctionalOps::test_while_loop_control_flow\n3 failed, 4 passed, 103 warnings in 1.68s\n\nError: exit 1",
    "exit_code.txt": "1",
    "analysis_plan.json": "{\n  \"status\": \"未完全通过\",\n  \"passed\": 4,\n  \"failed\": 3,\n  \"errors\": 0,\n  \"collection_errors\": false,\n  \"block_limit\": 3,\n  \"failures\": [\n    {\n      \"test\": \"tests/test_tensorflow_python_ops_functional_ops.py::TestFunctionalOps::test_if_conditional_branch[True-input_shape0-dtype0-add_one-subtract_one-eager]\",\n      \"block_id\": \"CASE_03\",\n      \"error_type\": \"AttributeError\",\n      \"action\": \"rewrite_block\",\n      \"note\": \"Function对象缺少structured_outputs属性，需要将tf.function包装的函数转换为ConcreteFunction\"\n    },\n    {\n      \"test\": \"tests/test_tensorflow_python_ops_functional_ops.py::TestFunctionalOps::test_if_conditional_branch[False-input_shape1-dtype1-multiply_two-divide_two-graph]\",\n      \"block_id\": \"CASE_03\",\n      \"error_type\": \"AttributeError\",\n      \"action\": \"rewrite_block\",\n      \"note\": \"Function对象缺少structured_outputs属性，需要将tf.function包装的函数转换为ConcreteFunction\"\n    },\n    {\n      \"test\": \"tests/test_tensorflow_python_ops_functional_ops.py::TestFunctionalOps::test_while_loop_control_flow\",\n      \"block_id\": \"CASE_04\",\n      \"error_type\": \"AttributeError\",\n      \"action\": \"rewrite_block\",\n      \"note\": \"Function对象缺少captured_inputs属性，需要将tf.function包装的函数转换为ConcreteFunction\"\n    }\n  ],\n  \"deferred\": [\n    {\n      \"test\": \"tests/test_tensorflow_python_ops_functional_ops.py::TestFunctionalOps::test_if_conditional_branch[True-input_shape0-dtype0-add_one-subtract_one-eager]\",\n      \"reason\": \"错误类型重复，跳过该块\"\n    },\n    {\n      \"test\": \"tests/test_tensorflow_python_ops_functional_ops.py::TestFunctionalOps::test_if_conditional_branch[False-input_shape1-dtype1-multiply_two-divide_two-graph]\",\n      \"reason\": \"错误类型重复，跳过该块\"\n    }\n  ],\n  \"stop_recommended\": false,\n  \"stop_reason\": \"\"\n}",
    "analysis.md": "# 测试结果分析\n\n## 状态与统计\n- **状态**: 未完全通过\n- **通过**: 4 个测试\n- **失败**: 3 个测试\n- **错误**: 0 个\n- **集合错误**: 无\n\n## 待修复 BLOCK 列表 (≤3)\n\n### 1. CASE_03 - If条件分支执行\n- **Action**: rewrite_block\n- **Error Type**: AttributeError\n- **问题**: Function对象缺少structured_outputs属性，需要将tf.function包装的函数转换为ConcreteFunction\n\n### 2. CASE_04 - While循环控制流  \n- **Action**: rewrite_block\n- **Error Type**: AttributeError\n- **问题**: Function对象缺少captured_inputs属性，需要将tf.function包装的函数转换为ConcreteFunction\n\n## 停止建议\n- **stop_recommended**: false\n- **stop_reason**: 无",
    "test_syntax_check.py": "#!/usr/bin/env python3\n\"\"\"Quick syntax check for the fixed test file.\"\"\"\n\nimport ast\nimport sys\n\ndef check_syntax(filepath):\n    \"\"\"Check if a Python file has valid syntax.\"\"\"\n    try:\n        with open(filepath, 'r', encoding='utf-8') as f:\n            content = f.read()\n        ast.parse(content)\n        print(f\"✓ Syntax check passed for {filepath}\")\n        return True\n    except SyntaxError as e:\n        print(f\"✗ Syntax error in {filepath}:\")\n        print(f\"  Line {e.lineno}, Column {e.offset}: {e.msg}\")\n        print(f\"  Text: {e.text}\")\n        return False\n    except Exception as e:\n        print(f\"✗ Error reading {filepath}: {e}\")\n        return False\n\nif __name__ == \"__main__\":\n    test_file = \"tests/test_tensorflow_python_ops_functional_ops.py\"\n    success = check_syntax(test_file)\n    sys.exit(0 if success else 1)",
    "final_report.md": "# tensorflow.python.ops.functional_ops 测试报告\n\n## 1. 执行摘要\n测试未完全通过，核心功能验证基本完成但存在两个关键阻塞项：If条件分支和While循环控制流测试因Function对象属性缺失而失败，需要修复测试代码以正确处理tf.function包装。\n\n## 2. 测试范围\n- **目标FQN**: tensorflow.python.ops.functional_ops\n- **测试环境**: pytest + TensorFlow，支持eager和graph模式，CPU优先\n- **覆盖场景**: \n  - ✅ foldl基本折叠操作正确性（CASE_01）\n  - ✅ scan累积序列生成验证（CASE_02）\n  - ❌ If条件分支正确执行（CASE_03 - 阻塞）\n  - ❌ While循环控制流测试（CASE_04 - 阻塞）\n  - ✅ 嵌套结构和多参数支持（CASE_05）\n- **未覆盖项**: \n  - parallel_iterations参数并行效果\n  - swap_memory内存交换功能\n  - 图模式与eager模式行为差异\n  - 梯度计算和自动微分\n  - 不同设备（CPU/GPU）兼容性\n\n## 3. 结果概览\n- **用例总数**: 5个核心测试用例\n- **通过**: 3个（CASE_01, CASE_02, CASE_05）\n- **失败**: 2个（CASE_03, CASE_04）\n- **错误**: 0个\n- **主要失败点**: \n  1. CASE_03: If条件分支测试 - AttributeError（Function对象缺少structured_outputs属性）\n  2. CASE_04: While循环测试 - AttributeError（Function对象缺少captured_inputs属性）\n\n## 4. 详细发现\n\n### 高优先级问题\n1. **CASE_03 - If条件分支测试失败**\n   - **严重级别**: 高（阻塞核心功能验证）\n   - **根因**: 测试代码直接使用tf.function包装的函数对象，但functional_ops.If需要ConcreteFunction\n   - **修复动作**: 将tf.function包装的函数转换为ConcreteFunction（调用.get_concrete_function()）\n\n2. **CASE_04 - While循环测试失败**\n   - **严重级别**: 高（阻塞核心功能验证）\n   - **根因**: 测试代码直接使用tf.function包装的函数对象，但functional_ops.While需要ConcreteFunction\n   - **修复动作**: 将tf.function包装的函数转换为ConcreteFunction（调用.get_concrete_function()）\n\n### 中优先级问题\n3. **测试覆盖不完整**\n   - **严重级别**: 中（影响质量评估）\n   - **根因**: 仅执行了5个核心用例，未覆盖可选路径和边界情况\n   - **修复动作**: 补充测试用例覆盖parallel_iterations、swap_memory、梯度计算等场景\n\n## 5. 覆盖与风险\n- **需求覆盖情况**:\n  - ✅ 需求1: foldl/foldr基本折叠操作正确性（CASE_01）\n  - ✅ 需求2: scan累积序列生成验证（CASE_02）\n  - ❌ 需求3: If条件分支正确执行（CASE_03 - 阻塞）\n  - ❌ 需求4: While/For循环控制流测试（CASE_04 - 阻塞）\n  - ✅ 需求5: 嵌套结构和多参数支持（CASE_05）\n\n- **尚未覆盖的边界/缺失信息**:\n  - 嵌套结构深度限制（未文档化）\n  - parallel_iterations并行实现细节（未说明）\n  - swap_memory具体触发条件（未明确）\n  - 捕获输入（captured_inputs）处理逻辑（复杂）\n  - 零维张量边界情况处理\n  - 不同dtype混合输入支持程度\n\n- **风险评估**:\n  - 高: If和While功能未验证，影响控制流可靠性\n  - 中: 内存交换和并行优化功能未测试，可能影响性能\n  - 低: 边界情况和极端形状未覆盖，可能隐藏潜在bug\n\n## 6. 后续动作\n\n### 优先级排序的TODO\n\n#### P0 - 立即修复（阻塞项）\n1. **修复CASE_03测试代码**\n   - 将tf.function包装的函数转换为ConcreteFunction\n   - 验证If条件分支在不同cond值下的正确执行\n   - 确保then_branch和else_branch都能正确调用\n\n2. **修复CASE_04测试代码**\n   - 将tf.function包装的函数转换为ConcreteFunction\n   - 验证While循环的终止条件和循环体执行\n   - 测试循环变量的正确更新\n\n#### P1 - 本周完成（质量提升）\n3. **补充测试用例**\n   - 添加parallel_iterations参数效果验证\n   - 添加swap_memory内存交换功能测试\n   - 添加梯度计算和自动微分验证\n   - 添加图模式与eager模式行为一致性测试\n\n4. **边界情况覆盖**\n   - 空张量输入（有initializer）测试\n   - 零维张量作为elems的边界情况\n   - 深度嵌套结构测试（探索深度限制）\n   - 不同dtype混合输入支持测试\n\n#### P2 - 后续迭代（完善）\n5. **性能与设备测试**\n   - 大序列长度性能测试\n   - CPU/GPU设备兼容性验证\n   - 内存使用情况监控\n\n6. **文档与维护**\n   - 更新测试文档，记录已知限制\n   - 建立回归测试基线\n   - 添加测试数据生成工具\n\n### 建议时间安排\n- **P0**: 1-2天（修复阻塞测试）\n- **P1**: 3-5天（补充核心测试）\n- **P2**: 后续迭代（完善覆盖）\n\n### 验收标准\n- 所有5个核心测试用例通过\n- 关键功能（foldl、scan、If、While、嵌套结构）验证完成\n- 主要边界情况有测试覆盖\n- 测试代码可维护，有清晰的错误处理"
  },
  "stage_history": [
    {
      "stage": "understand_function",
      "status": "completed",
      "timestamp": "2026-01-23T16:27:19.693685",
      "attempts": 1,
      "error": null
    },
    {
      "stage": "generate_requirements",
      "status": "completed",
      "timestamp": "2026-01-23T16:28:19.238653",
      "attempts": 1,
      "error": null
    },
    {
      "stage": "design_test_plan",
      "status": "completed",
      "timestamp": "2026-01-23T16:30:06.811199",
      "attempts": 1,
      "error": null
    },
    {
      "stage": "generate_code",
      "status": "completed",
      "timestamp": "2026-01-23T16:34:50.994423",
      "attempts": 1,
      "error": null
    },
    {
      "stage": "execute_tests",
      "status": "completed",
      "timestamp": "2026-01-23T16:34:54.321288",
      "attempts": 1,
      "error": null
    },
    {
      "stage": "analyze_results",
      "status": "completed",
      "timestamp": "2026-01-23T16:36:06.133214",
      "attempts": 1,
      "error": null
    },
    {
      "stage": "generate_code",
      "status": "completed",
      "timestamp": "2026-01-23T16:40:01.345650",
      "attempts": 2,
      "error": null
    },
    {
      "stage": "execute_tests",
      "status": "completed",
      "timestamp": "2026-01-23T16:40:03.918476",
      "attempts": 2,
      "error": null
    },
    {
      "stage": "analyze_results",
      "status": "completed",
      "timestamp": "2026-01-23T16:41:10.661738",
      "attempts": 2,
      "error": null
    },
    {
      "stage": "generate_code",
      "status": "completed",
      "timestamp": "2026-01-23T16:46:59.174101",
      "attempts": 3,
      "error": null
    },
    {
      "stage": "execute_tests",
      "status": "completed",
      "timestamp": "2026-01-23T16:47:01.864593",
      "attempts": 3,
      "error": null
    },
    {
      "stage": "analyze_results",
      "status": "completed",
      "timestamp": "2026-01-23T16:48:23.038819",
      "attempts": 3,
      "error": null
    },
    {
      "stage": "generate_code",
      "status": "completed",
      "timestamp": "2026-01-23T16:50:58.481689",
      "attempts": 4,
      "error": null
    },
    {
      "stage": "execute_tests",
      "status": "completed",
      "timestamp": "2026-01-23T16:51:00.723876",
      "attempts": 4,
      "error": null
    },
    {
      "stage": "analyze_results",
      "status": "completed",
      "timestamp": "2026-01-23T16:52:24.601532",
      "attempts": 4,
      "error": null
    },
    {
      "stage": "generate_code",
      "status": "completed",
      "timestamp": "2026-01-23T16:55:36.951140",
      "attempts": 5,
      "error": null
    },
    {
      "stage": "execute_tests",
      "status": "completed",
      "timestamp": "2026-01-23T16:55:39.180890",
      "attempts": 5,
      "error": null
    },
    {
      "stage": "analyze_results",
      "status": "completed",
      "timestamp": "2026-01-23T16:57:00.466549",
      "attempts": 5,
      "error": null
    },
    {
      "stage": "generate_report",
      "status": "completed",
      "timestamp": "2026-01-23T16:58:10.815567",
      "attempts": 1,
      "error": null
    }
  ],
  "user_feedback": []
}