=== Run Tests ===
...F..F.                                                                 [100%]
=================================== FAILURES ===================================
________________________ test_conjugate_invalid_inputs _________________________

    def test_conjugate_invalid_inputs():
        """Test conjugate with invalid inputs"""
        # Test with non-tensor input (should raise TypeError)
        A_list = [[1.0, 2.0], [3.0, 4.0]]
    
        with pytest.raises(TypeError):
>           conjugate(A_list)

tests/test_torch_linalg_utils_g3.py:227: 
_ _ _ _ _ _ _ _ _ _ _ _ _ _ _ _ _ _ _ _ _ _ _ _ _ _ _ _ _ _ _ _ _ _ _ _ _ _ _ _ 

A = [[1.0, 2.0], [3.0, 4.0]]

    def conjugate(A):
        """Return conjugate of tensor A.
    
        .. note:: If A's dtype is not complex, A is returned.
        """
>       if A.is_complex():
E       AttributeError: 'list' object has no attribute 'is_complex'

/opt/anaconda3/envs/testagent-experiment/lib/python3.10/site-packages/torch/_linalg_utils.py:51: AttributeError
________________________ test_get_floating_dtype_basic _________________________

    def test_get_floating_dtype_basic():
        """Test basic get_floating_dtype functionality"""
        # Test with float32
        A_float32 = torch.tensor([[1.0, 2.0], [3.0, 4.0]], dtype=torch.float32)
        result_float32 = get_floating_dtype(A_float32)
        assert result_float32 == torch.float32
    
        # Test with float64
        A_float64 = torch.tensor([[1.0, 2.0], [3.0, 4.0]], dtype=torch.float64)
        result_float64 = get_floating_dtype(A_float64)
        assert result_float64 == torch.float64
    
        # Test with int32 (should map to float32)
        A_int32 = torch.tensor([[1, 2], [3, 4]], dtype=torch.int32)
        result_int32 = get_floating_dtype(A_int32)
        assert result_int32 == torch.float32
    
        # Test with int64 (should map to float32)
        A_int64 = torch.tensor([[1, 2], [3, 4]], dtype=torch.int64)
        result_int64 = get_floating_dtype(A_int64)
        assert result_int64 == torch.float32
    
        # Test with complex64 (should return complex64)
        A_complex64 = torch.tensor([[1.0 + 2.0j, 3.0 + 4.0j]], dtype=torch.complex64)
        result_complex64 = get_floating_dtype(A_complex64)
>       assert result_complex64 == torch.complex64
E       assert torch.float32 == torch.complex64
E        +  where torch.complex64 = torch.complex64

tests/test_torch_linalg_utils_g3.py:308: AssertionError
================================ tests coverage ================================
______________ coverage: platform darwin, python 3.10.19-final-0 _______________

Name                                  Stmts   Miss Branch BrPart  Cover   Missing
---------------------------------------------------------------------------------
tests/test_torch_linalg_utils_g3.py     149     14     16      3    90%   17, 30, 48-50, 55, 102, 230-235, 311-313
---------------------------------------------------------------------------------
TOTAL                                   149     14     16      3    90%
Coverage XML written to file coverage.xml
=========================== short test summary info ============================
FAILED tests/test_torch_linalg_utils_g3.py::test_conjugate_invalid_inputs - A...
FAILED tests/test_torch_linalg_utils_g3.py::test_get_floating_dtype_basic - a...
2 failed, 6 passed in 0.59s

Error: exit 1