<?xml version="1.0" ?>
<coverage version="7.13.1" timestamp="1768736933502" lines-valid="367" lines-covered="352" line-rate="0.9591" branches-valid="66" branches-covered="51" branch-rate="0.7727" complexity="0">
	<!-- Generated by coverage.py: https://coverage.readthedocs.io/en/7.13.1 -->
	<!-- Based on https://raw.githubusercontent.com/cobertura/web/master/htdocs/xml/coverage-04.dtd -->
	<sources>
		<source>/Users/zzf1sh/Documents/Project/ATTest-CLI-main/exam/torch_group/nn.modules.fold</source>
	</sources>
	<packages>
		<package name="tests" line-rate="0.9591" branch-rate="0.7727" complexity="0">
			<classes>
				<class name="test_torch_nn_modules_fold_combined.py" filename="tests/test_torch_nn_modules_fold_combined.py" complexity="0" line-rate="0.907" branch-rate="0.5385">
					<methods/>
					<lines>
						<line number="1" hits="1"/>
						<line number="2" hits="1"/>
						<line number="3" hits="1"/>
						<line number="4" hits="1"/>
						<line number="5" hits="1"/>
						<line number="13" hits="1"/>
						<line number="22" hits="1"/>
						<line number="28" hits="1"/>
						<line number="36" hits="1"/>
						<line number="44" hits="1"/>
						<line number="54" hits="1"/>
						<line number="55" hits="1"/>
						<line number="59" hits="1"/>
						<line number="62" hits="1"/>
						<line number="64" hits="1"/>
						<line number="68" hits="1"/>
						<line number="69" hits="1"/>
						<line number="72" hits="1"/>
						<line number="73" hits="1"/>
						<line number="74" hits="1"/>
						<line number="75" hits="1"/>
						<line number="80" hits="1"/>
						<line number="84" hits="1"/>
						<line number="87" hits="1"/>
						<line number="92" hits="1"/>
						<line number="94" hits="1"/>
						<line number="96" hits="1"/>
						<line number="98" hits="1"/>
						<line number="103" hits="1"/>
						<line number="112" hits="1"/>
						<line number="118" hits="1"/>
						<line number="126" hits="1"/>
						<line number="134" hits="1"/>
						<line number="144" hits="1"/>
						<line number="145" hits="1"/>
						<line number="149" hits="1"/>
						<line number="152" hits="1"/>
						<line number="154" hits="1"/>
						<line number="158" hits="1"/>
						<line number="159" hits="1"/>
						<line number="162" hits="1"/>
						<line number="163" hits="1"/>
						<line number="164" hits="1"/>
						<line number="165" hits="1"/>
						<line number="170" hits="1"/>
						<line number="174" hits="1"/>
						<line number="177" hits="1"/>
						<line number="182" hits="1"/>
						<line number="184" hits="1"/>
						<line number="186" hits="1"/>
						<line number="188" hits="1"/>
						<line number="196" hits="1"/>
						<line number="197" hits="1"/>
						<line number="198" hits="1"/>
						<line number="199" hits="1"/>
						<line number="205" hits="1" branch="true" condition-coverage="50% (1/2)" missing-branches="exit"/>
						<line number="208" hits="1"/>
						<line number="213" hits="1"/>
						<line number="222" hits="1"/>
						<line number="228" hits="1"/>
						<line number="236" hits="1"/>
						<line number="244" hits="1"/>
						<line number="254" hits="1"/>
						<line number="255" hits="1"/>
						<line number="259" hits="1"/>
						<line number="262" hits="1"/>
						<line number="264" hits="1"/>
						<line number="268" hits="1"/>
						<line number="269" hits="1"/>
						<line number="272" hits="1"/>
						<line number="273" hits="1"/>
						<line number="274" hits="1"/>
						<line number="275" hits="1"/>
						<line number="280" hits="1"/>
						<line number="284" hits="1"/>
						<line number="287" hits="1"/>
						<line number="292" hits="1"/>
						<line number="294" hits="1"/>
						<line number="296" hits="1"/>
						<line number="298" hits="1"/>
						<line number="303" hits="1"/>
						<line number="304" hits="1"/>
						<line number="307" hits="1"/>
						<line number="308" hits="1"/>
						<line number="309" hits="1"/>
						<line number="310" hits="1"/>
						<line number="315" hits="1"/>
						<line number="316" hits="1"/>
						<line number="317" hits="1"/>
						<line number="318" hits="1"/>
						<line number="324" hits="1" branch="true" condition-coverage="50% (1/2)" missing-branches="exit"/>
						<line number="327" hits="1"/>
						<line number="333" hits="1"/>
						<line number="335" hits="1" branch="true" condition-coverage="50% (1/2)" missing-branches="336"/>
						<line number="336" hits="0"/>
						<line number="337" hits="1" branch="true" condition-coverage="50% (1/2)" missing-branches="338"/>
						<line number="338" hits="0"/>
						<line number="339" hits="1" branch="true" condition-coverage="50% (1/2)" missing-branches="340"/>
						<line number="340" hits="0"/>
						<line number="341" hits="1" branch="true" condition-coverage="50% (1/2)" missing-branches="342"/>
						<line number="342" hits="0"/>
						<line number="343" hits="1" branch="true" condition-coverage="50% (1/2)" missing-branches="344"/>
						<line number="344" hits="0"/>
						<line number="347" hits="1"/>
						<line number="349" hits="1"/>
						<line number="351" hits="1" branch="true" condition-coverage="50% (1/2)" missing-branches="352"/>
						<line number="352" hits="0"/>
						<line number="353" hits="1" branch="true" condition-coverage="50% (1/2)" missing-branches="354"/>
						<line number="354" hits="0"/>
						<line number="355" hits="1" branch="true" condition-coverage="50% (1/2)" missing-branches="356"/>
						<line number="356" hits="0"/>
						<line number="357" hits="1" branch="true" condition-coverage="50% (1/2)" missing-branches="358"/>
						<line number="358" hits="0"/>
						<line number="362" hits="1"/>
						<line number="363" hits="1"/>
						<line number="364" hits="1"/>
						<line number="367" hits="1"/>
						<line number="368" hits="1"/>
						<line number="370" hits="1"/>
						<line number="374" hits="1"/>
						<line number="375" hits="1"/>
						<line number="378" hits="1" branch="true" condition-coverage="100% (2/2)"/>
						<line number="379" hits="1"/>
						<line number="382" hits="1" branch="true" condition-coverage="50% (1/2)" missing-branches="383"/>
						<line number="383" hits="0"/>
						<line number="385" hits="1"/>
						<line number="387" hits="1"/>
						<line number="389" hits="0"/>
						<line number="390" hits="0"/>
					</lines>
				</class>
				<class name="test_torch_nn_modules_fold_fold.py" filename="tests/test_torch_nn_modules_fold_fold.py" complexity="0" line-rate="0.9845" branch-rate="0.9231">
					<methods/>
					<lines>
						<line number="1" hits="1"/>
						<line number="2" hits="1"/>
						<line number="3" hits="1"/>
						<line number="4" hits="1"/>
						<line number="5" hits="1"/>
						<line number="8" hits="1"/>
						<line number="12" hits="1"/>
						<line number="13" hits="1"/>
						<line number="14" hits="1"/>
						<line number="15" hits="1"/>
						<line number="16" hits="1"/>
						<line number="19" hits="1"/>
						<line number="22" hits="1"/>
						<line number="24" hits="1" branch="true" condition-coverage="100% (2/2)"/>
						<line number="25" hits="1"/>
						<line number="26" hits="1" branch="true" condition-coverage="100% (2/2)"/>
						<line number="27" hits="1"/>
						<line number="28" hits="1" branch="true" condition-coverage="100% (2/2)"/>
						<line number="29" hits="1"/>
						<line number="30" hits="1" branch="true" condition-coverage="100% (2/2)"/>
						<line number="31" hits="1"/>
						<line number="32" hits="1" branch="true" condition-coverage="100% (2/2)"/>
						<line number="33" hits="1"/>
						<line number="36" hits="1"/>
						<line number="38" hits="1"/>
						<line number="40" hits="1" branch="true" condition-coverage="100% (2/2)"/>
						<line number="41" hits="1"/>
						<line number="42" hits="1" branch="true" condition-coverage="100% (2/2)"/>
						<line number="43" hits="1"/>
						<line number="44" hits="1" branch="true" condition-coverage="100% (2/2)"/>
						<line number="45" hits="1"/>
						<line number="46" hits="1" branch="true" condition-coverage="100% (2/2)"/>
						<line number="47" hits="1"/>
						<line number="48" hits="1" branch="true" condition-coverage="100% (2/2)"/>
						<line number="49" hits="1"/>
						<line number="53" hits="1"/>
						<line number="54" hits="1"/>
						<line number="55" hits="1"/>
						<line number="58" hits="1"/>
						<line number="59" hits="1"/>
						<line number="60" hits="1"/>
						<line number="64" hits="1"/>
						<line number="73" hits="1"/>
						<line number="79" hits="1"/>
						<line number="88" hits="1"/>
						<line number="101" hits="1"/>
						<line number="105" hits="1"/>
						<line number="108" hits="1"/>
						<line number="111" hits="1"/>
						<line number="114" hits="1"/>
						<line number="117" hits="1"/>
						<line number="118" hits="1"/>
						<line number="121" hits="1"/>
						<line number="124" hits="1" branch="true" condition-coverage="50% (1/2)" missing-branches="128"/>
						<line number="125" hits="1"/>
						<line number="126" hits="1"/>
						<line number="128" hits="0"/>
						<line number="129" hits="0"/>
						<line number="133" hits="1"/>
						<line number="142" hits="1"/>
						<line number="148" hits="1"/>
						<line number="157" hits="1"/>
						<line number="170" hits="1"/>
						<line number="174" hits="1"/>
						<line number="177" hits="1"/>
						<line number="180" hits="1"/>
						<line number="183" hits="1"/>
						<line number="186" hits="1"/>
						<line number="187" hits="1"/>
						<line number="190" hits="1"/>
						<line number="193" hits="1"/>
						<line number="194" hits="1"/>
						<line number="199" hits="1"/>
						<line number="201" hits="1"/>
						<line number="203" hits="1"/>
						<line number="205" hits="1"/>
						<line number="207" hits="1"/>
						<line number="212" hits="1"/>
						<line number="221" hits="1"/>
						<line number="227" hits="1"/>
						<line number="236" hits="1"/>
						<line number="249" hits="1"/>
						<line number="253" hits="1"/>
						<line number="256" hits="1"/>
						<line number="259" hits="1"/>
						<line number="262" hits="1"/>
						<line number="265" hits="1"/>
						<line number="266" hits="1"/>
						<line number="269" hits="1"/>
						<line number="274" hits="1"/>
						<line number="276" hits="1"/>
						<line number="278" hits="1"/>
						<line number="280" hits="1"/>
						<line number="282" hits="1"/>
						<line number="286" hits="1"/>
						<line number="287" hits="1"/>
						<line number="296" hits="1"/>
						<line number="297" hits="1"/>
						<line number="298" hits="1"/>
						<line number="299" hits="1"/>
						<line number="300" hits="1"/>
						<line number="302" hits="1"/>
						<line number="309" hits="1"/>
						<line number="314" hits="1"/>
						<line number="323" hits="1"/>
						<line number="328" hits="1" branch="true" condition-coverage="100% (2/2)"/>
						<line number="330" hits="1"/>
						<line number="332" hits="1"/>
						<line number="343" hits="1"/>
						<line number="344" hits="1"/>
						<line number="357" hits="1"/>
						<line number="358" hits="1"/>
						<line number="360" hits="1"/>
						<line number="363" hits="1"/>
						<line number="366" hits="1"/>
						<line number="372" hits="1"/>
						<line number="373" hits="1"/>
						<line number="375" hits="1" branch="true" condition-coverage="50% (1/2)" missing-branches="exit"/>
						<line number="377" hits="1"/>
						<line number="381" hits="1"/>
						<line number="390" hits="1"/>
						<line number="403" hits="1"/>
						<line number="406" hits="1"/>
						<line number="407" hits="1"/>
						<line number="408" hits="1"/>
						<line number="409" hits="1"/>
						<line number="412" hits="1"/>
						<line number="413" hits="1"/>
						<line number="414" hits="1"/>
					</lines>
				</class>
				<class name="test_torch_nn_modules_fold_unfold.py" filename="tests/test_torch_nn_modules_fold_unfold.py" complexity="0" line-rate="0.9908" branch-rate="0.9286">
					<methods/>
					<lines>
						<line number="1" hits="1"/>
						<line number="2" hits="1"/>
						<line number="3" hits="1"/>
						<line number="4" hits="1"/>
						<line number="5" hits="1"/>
						<line number="8" hits="1"/>
						<line number="12" hits="1"/>
						<line number="13" hits="1"/>
						<line number="14" hits="1"/>
						<line number="15" hits="1"/>
						<line number="16" hits="1"/>
						<line number="19" hits="1"/>
						<line number="23" hits="1"/>
						<line number="32" hits="1"/>
						<line number="38" hits="1"/>
						<line number="46" hits="1"/>
						<line number="56" hits="1"/>
						<line number="60" hits="1"/>
						<line number="63" hits="1"/>
						<line number="66" hits="1"/>
						<line number="69" hits="1"/>
						<line number="72" hits="1"/>
						<line number="73" hits="1"/>
						<line number="76" hits="1"/>
						<line number="79" hits="1" branch="true" condition-coverage="50% (1/2)" missing-branches="82"/>
						<line number="80" hits="1"/>
						<line number="82" hits="0"/>
						<line number="83" hits="1"/>
						<line number="88" hits="1"/>
						<line number="97" hits="1"/>
						<line number="103" hits="1"/>
						<line number="111" hits="1"/>
						<line number="121" hits="1"/>
						<line number="125" hits="1"/>
						<line number="128" hits="1"/>
						<line number="131" hits="1"/>
						<line number="134" hits="1"/>
						<line number="137" hits="1"/>
						<line number="138" hits="1"/>
						<line number="141" hits="1"/>
						<line number="147" hits="1"/>
						<line number="149" hits="1"/>
						<line number="151" hits="1"/>
						<line number="153" hits="1"/>
						<line number="157" hits="1"/>
						<line number="158" hits="1"/>
						<line number="163" hits="1"/>
						<line number="172" hits="1"/>
						<line number="178" hits="1"/>
						<line number="186" hits="1"/>
						<line number="196" hits="1"/>
						<line number="200" hits="1"/>
						<line number="203" hits="1"/>
						<line number="206" hits="1"/>
						<line number="209" hits="1"/>
						<line number="212" hits="1"/>
						<line number="213" hits="1"/>
						<line number="216" hits="1"/>
						<line number="221" hits="1"/>
						<line number="223" hits="1"/>
						<line number="225" hits="1"/>
						<line number="227" hits="1"/>
						<line number="231" hits="1"/>
						<line number="232" hits="1"/>
						<line number="240" hits="1"/>
						<line number="241" hits="1"/>
						<line number="242" hits="1"/>
						<line number="243" hits="1"/>
						<line number="248" hits="1"/>
						<line number="252" hits="1" branch="true" condition-coverage="100% (2/2)"/>
						<line number="255" hits="1"/>
						<line number="256" hits="1"/>
						<line number="261" hits="1"/>
						<line number="270" hits="1"/>
						<line number="275" hits="1" branch="true" condition-coverage="100% (2/2)"/>
						<line number="277" hits="1"/>
						<line number="279" hits="1"/>
						<line number="287" hits="1"/>
						<line number="297" hits="1"/>
						<line number="300" hits="1"/>
						<line number="302" hits="1"/>
						<line number="307" hits="1"/>
						<line number="315" hits="1"/>
						<line number="325" hits="1"/>
						<line number="328" hits="1"/>
						<line number="329" hits="1"/>
						<line number="330" hits="1"/>
						<line number="333" hits="1"/>
						<line number="334" hits="1"/>
						<line number="335" hits="1"/>
						<line number="338" hits="1"/>
						<line number="341" hits="1"/>
						<line number="346" hits="1"/>
						<line number="348" hits="1" branch="true" condition-coverage="100% (2/2)"/>
						<line number="349" hits="1"/>
						<line number="350" hits="1" branch="true" condition-coverage="100% (2/2)"/>
						<line number="351" hits="1"/>
						<line number="352" hits="1" branch="true" condition-coverage="100% (2/2)"/>
						<line number="353" hits="1"/>
						<line number="354" hits="1" branch="true" condition-coverage="100% (2/2)"/>
						<line number="355" hits="1"/>
						<line number="359" hits="1"/>
						<line number="360" hits="1"/>
						<line number="361" hits="1"/>
						<line number="364" hits="1"/>
						<line number="365" hits="1"/>
						<line number="367" hits="1"/>
						<line number="369" hits="1"/>
						<line number="370" hits="1"/>
					</lines>
				</class>
			</classes>
		</package>
	</packages>
</coverage>
