{
  "status": "未完全通过",
  "passed": 18,
  "failed": 1,
  "errors": 0,
  "collection_errors": false,
  "block_limit": 3,
  "failures": [
    {
      "test": "tests/test_torch_ao_quantization_fuse_modules_g1.py::test_unsupported_sequence_unchanged[False]",
      "block_id": "CASE_05",
      "error_type": "AssertionError",
      "action": "adjust_assertion",
      "note": "测试期望NotImplementedError但实际抛出AssertionError，需要调整断言类型"
    }
  ],
  "deferred": [],
  "stop_recommended": false,
  "stop_reason": ""
}