=== Run Tests ===
FFFFFFFssF.                                                              [100%]
=================================== FAILURES ===================================
_________________ test_basic_fft_transform[dtype0-shape0-fft] __________________

dtype = tf.complex64, shape = [8], function_name = 'fft'

    @pytest.mark.parametrize("dtype,shape,function_name", [
        (tf.complex64, [8], "fft"),
        (tf.complex128, [16], "fft"),  # param extension: extended_precision
        (tf.complex64, [8], "ifft"),   # param extension: inverse_transform
    ])
    def test_basic_fft_transform(dtype, shape, function_name):
        """Test basic FFT/IFFT transform correctness."""
        # Create test input
        input_tensor = create_test_tensor(shape, dtype)
    
        # Get the function from gen_spectral_ops
        if function_name == "fft":
            tf_func = gen_spectral_ops.fft
            inverse = False
        elif function_name == "ifft":
            tf_func = gen_spectral_ops.ifft
            inverse = True
        else:
            pytest.fail(f"Unknown function: {function_name}")
    
        # Apply TensorFlow FFT
        tf_result = tf_func(input_tensor)
    
        # Apply numpy FFT for comparison
        numpy_result = numpy_fft_wrapper(input_tensor, inverse=inverse)
    
        # Weak assertions (round 1)
        # 1. Shape assertion
        assert tf_result.shape == input_tensor.shape, \
            f"Shape mismatch: {tf_result.shape} != {input_tensor.shape}"
    
        # 2. Dtype assertion
        assert tf_result.dtype == dtype, \
            f"Dtype mismatch: {tf_result.dtype} != {dtype}"
    
        # 3. Finite check
>       assert tf.reduce_all(tf.math.is_finite(tf_result)), \
            "Result contains non-finite values"

tests/test_tensorflow_python_ops_gen_spectral_ops.py:103: 
_ _ _ _ _ _ _ _ _ _ _ _ _ _ _ _ _ _ _ _ _ _ _ _ _ _ _ _ _ _ _ _ _ _ _ _ _ _ _ _ 
/opt/anaconda3/envs/testagent-experiment/lib/python3.10/site-packages/tensorflow/python/ops/gen_math_ops.py:4827: in is_finite
    _ops.raise_from_not_ok_status(e, name)
_ _ _ _ _ _ _ _ _ _ _ _ _ _ _ _ _ _ _ _ _ _ _ _ _ _ _ _ _ _ _ _ _ _ _ _ _ _ _ _ 

e = _NotOkStatusException(), name = None

    def raise_from_not_ok_status(e, name):
      e.message += (" name: " + name if name is not None else "")
>     raise core._status_to_exception(e) from None  # pylint: disable=protected-access
E     tensorflow.python.framework.errors_impl.InvalidArgumentError: Value for attr 'T' of complex64 is not in the list of allowed values: bfloat16, half, float, double
E     	; NodeDef: {{node IsFinite}}; Op<name=IsFinite; signature=x:T -> y:bool; attr=T:type,allowed=[DT_BFLOAT16, DT_HALF, DT_FLOAT, DT_DOUBLE]> [Op:IsFinite]

/opt/anaconda3/envs/testagent-experiment/lib/python3.10/site-packages/tensorflow/python/framework/ops.py:7164: InvalidArgumentError
_________________ test_basic_fft_transform[dtype1-shape1-fft] __________________

dtype = tf.complex128, shape = [16], function_name = 'fft'

    @pytest.mark.parametrize("dtype,shape,function_name", [
        (tf.complex64, [8], "fft"),
        (tf.complex128, [16], "fft"),  # param extension: extended_precision
        (tf.complex64, [8], "ifft"),   # param extension: inverse_transform
    ])
    def test_basic_fft_transform(dtype, shape, function_name):
        """Test basic FFT/IFFT transform correctness."""
        # Create test input
        input_tensor = create_test_tensor(shape, dtype)
    
        # Get the function from gen_spectral_ops
        if function_name == "fft":
            tf_func = gen_spectral_ops.fft
            inverse = False
        elif function_name == "ifft":
            tf_func = gen_spectral_ops.ifft
            inverse = True
        else:
            pytest.fail(f"Unknown function: {function_name}")
    
        # Apply TensorFlow FFT
        tf_result = tf_func(input_tensor)
    
        # Apply numpy FFT for comparison
        numpy_result = numpy_fft_wrapper(input_tensor, inverse=inverse)
    
        # Weak assertions (round 1)
        # 1. Shape assertion
        assert tf_result.shape == input_tensor.shape, \
            f"Shape mismatch: {tf_result.shape} != {input_tensor.shape}"
    
        # 2. Dtype assertion
        assert tf_result.dtype == dtype, \
            f"Dtype mismatch: {tf_result.dtype} != {dtype}"
    
        # 3. Finite check
>       assert tf.reduce_all(tf.math.is_finite(tf_result)), \
            "Result contains non-finite values"

tests/test_tensorflow_python_ops_gen_spectral_ops.py:103: 
_ _ _ _ _ _ _ _ _ _ _ _ _ _ _ _ _ _ _ _ _ _ _ _ _ _ _ _ _ _ _ _ _ _ _ _ _ _ _ _ 
/opt/anaconda3/envs/testagent-experiment/lib/python3.10/site-packages/tensorflow/python/ops/gen_math_ops.py:4827: in is_finite
    _ops.raise_from_not_ok_status(e, name)
_ _ _ _ _ _ _ _ _ _ _ _ _ _ _ _ _ _ _ _ _ _ _ _ _ _ _ _ _ _ _ _ _ _ _ _ _ _ _ _ 

e = _NotOkStatusException(), name = None

    def raise_from_not_ok_status(e, name):
      e.message += (" name: " + name if name is not None else "")
>     raise core._status_to_exception(e) from None  # pylint: disable=protected-access
E     tensorflow.python.framework.errors_impl.InvalidArgumentError: Value for attr 'T' of complex128 is not in the list of allowed values: bfloat16, half, float, double
E     	; NodeDef: {{node IsFinite}}; Op<name=IsFinite; signature=x:T -> y:bool; attr=T:type,allowed=[DT_BFLOAT16, DT_HALF, DT_FLOAT, DT_DOUBLE]> [Op:IsFinite]

/opt/anaconda3/envs/testagent-experiment/lib/python3.10/site-packages/tensorflow/python/framework/ops.py:7164: InvalidArgumentError
_________________ test_basic_fft_transform[dtype2-shape2-ifft] _________________

dtype = tf.complex64, shape = [8], function_name = 'ifft'

    @pytest.mark.parametrize("dtype,shape,function_name", [
        (tf.complex64, [8], "fft"),
        (tf.complex128, [16], "fft"),  # param extension: extended_precision
        (tf.complex64, [8], "ifft"),   # param extension: inverse_transform
    ])
    def test_basic_fft_transform(dtype, shape, function_name):
        """Test basic FFT/IFFT transform correctness."""
        # Create test input
        input_tensor = create_test_tensor(shape, dtype)
    
        # Get the function from gen_spectral_ops
        if function_name == "fft":
            tf_func = gen_spectral_ops.fft
            inverse = False
        elif function_name == "ifft":
            tf_func = gen_spectral_ops.ifft
            inverse = True
        else:
            pytest.fail(f"Unknown function: {function_name}")
    
        # Apply TensorFlow FFT
        tf_result = tf_func(input_tensor)
    
        # Apply numpy FFT for comparison
        numpy_result = numpy_fft_wrapper(input_tensor, inverse=inverse)
    
        # Weak assertions (round 1)
        # 1. Shape assertion
        assert tf_result.shape == input_tensor.shape, \
            f"Shape mismatch: {tf_result.shape} != {input_tensor.shape}"
    
        # 2. Dtype assertion
        assert tf_result.dtype == dtype, \
            f"Dtype mismatch: {tf_result.dtype} != {dtype}"
    
        # 3. Finite check
>       assert tf.reduce_all(tf.math.is_finite(tf_result)), \
            "Result contains non-finite values"

tests/test_tensorflow_python_ops_gen_spectral_ops.py:103: 
_ _ _ _ _ _ _ _ _ _ _ _ _ _ _ _ _ _ _ _ _ _ _ _ _ _ _ _ _ _ _ _ _ _ _ _ _ _ _ _ 
/opt/anaconda3/envs/testagent-experiment/lib/python3.10/site-packages/tensorflow/python/ops/gen_math_ops.py:4827: in is_finite
    _ops.raise_from_not_ok_status(e, name)
_ _ _ _ _ _ _ _ _ _ _ _ _ _ _ _ _ _ _ _ _ _ _ _ _ _ _ _ _ _ _ _ _ _ _ _ _ _ _ _ 

e = _NotOkStatusException(), name = None

    def raise_from_not_ok_status(e, name):
      e.message += (" name: " + name if name is not None else "")
>     raise core._status_to_exception(e) from None  # pylint: disable=protected-access
E     tensorflow.python.framework.errors_impl.InvalidArgumentError: Value for attr 'T' of complex64 is not in the list of allowed values: bfloat16, half, float, double
E     	; NodeDef: {{node IsFinite}}; Op<name=IsFinite; signature=x:T -> y:bool; attr=T:type,allowed=[DT_BFLOAT16, DT_HALF, DT_FLOAT, DT_DOUBLE]> [Op:IsFinite]

/opt/anaconda3/envs/testagent-experiment/lib/python3.10/site-packages/tensorflow/python/framework/ops.py:7164: InvalidArgumentError
___________ test_real_fft_with_length_control[dtype0-shape0-8-rfft] ____________

dtype = tf.float32, shape = [16], fft_length = 8, function_name = 'rfft'

    @pytest.mark.parametrize("dtype,shape,fft_length,function_name", [
        (tf.float32, [16], 8, "rfft"),
        (tf.complex64, [9], 16, "irfft"),  # param extension: odd_length, inverse_real
    ])
    def test_real_fft_with_length_control(dtype, shape, fft_length, function_name):
        """Test RFFT/IRFFT real transforms with length control."""
        # Create test input
        if function_name == "rfft":
            # RFFT expects real input
            input_tensor = create_test_tensor(shape, dtype, complex_input=False)
            tf_func = gen_spectral_ops.rfft
            inverse = False
            real_transform = True
        elif function_name == "irfft":
            # IRFFT expects complex input
            input_tensor = create_test_tensor(shape, tf.complex64, complex_input=True)
            tf_func = gen_spectral_ops.irfft
            inverse = True
            real_transform = True
        else:
            pytest.fail(f"Unknown function: {function_name}")
    
        # Apply TensorFlow RFFT/IRFFT
>       tf_result = tf_func(input_tensor, fft_length=fft_length)

tests/test_tensorflow_python_ops_gen_spectral_ops.py:152: 
_ _ _ _ _ _ _ _ _ _ _ _ _ _ _ _ _ _ _ _ _ _ _ _ _ _ _ _ _ _ _ _ _ _ _ _ _ _ _ _ 
/opt/anaconda3/envs/testagent-experiment/lib/python3.10/site-packages/tensorflow/python/ops/gen_spectral_ops.py:1145: in rfft
    _ops.raise_from_not_ok_status(e, name)
_ _ _ _ _ _ _ _ _ _ _ _ _ _ _ _ _ _ _ _ _ _ _ _ _ _ _ _ _ _ _ _ _ _ _ _ _ _ _ _ 

e = _NotOkStatusException(), name = None

    def raise_from_not_ok_status(e, name):
      e.message += (" name: " + name if name is not None else "")
>     raise core._status_to_exception(e) from None  # pylint: disable=protected-access
E     tensorflow.python.framework.errors_impl.InvalidArgumentError: fft_length must have shape [1] [Op:RFFT]

/opt/anaconda3/envs/testagent-experiment/lib/python3.10/site-packages/tensorflow/python/framework/ops.py:7164: InvalidArgumentError
__________ test_real_fft_with_length_control[dtype1-shape1-16-irfft] ___________

dtype = tf.complex64, shape = [9], fft_length = 16, function_name = 'irfft'

    @pytest.mark.parametrize("dtype,shape,fft_length,function_name", [
        (tf.float32, [16], 8, "rfft"),
        (tf.complex64, [9], 16, "irfft"),  # param extension: odd_length, inverse_real
    ])
    def test_real_fft_with_length_control(dtype, shape, fft_length, function_name):
        """Test RFFT/IRFFT real transforms with length control."""
        # Create test input
        if function_name == "rfft":
            # RFFT expects real input
            input_tensor = create_test_tensor(shape, dtype, complex_input=False)
            tf_func = gen_spectral_ops.rfft
            inverse = False
            real_transform = True
        elif function_name == "irfft":
            # IRFFT expects complex input
            input_tensor = create_test_tensor(shape, tf.complex64, complex_input=True)
            tf_func = gen_spectral_ops.irfft
            inverse = True
            real_transform = True
        else:
            pytest.fail(f"Unknown function: {function_name}")
    
        # Apply TensorFlow RFFT/IRFFT
>       tf_result = tf_func(input_tensor, fft_length=fft_length)

tests/test_tensorflow_python_ops_gen_spectral_ops.py:152: 
_ _ _ _ _ _ _ _ _ _ _ _ _ _ _ _ _ _ _ _ _ _ _ _ _ _ _ _ _ _ _ _ _ _ _ _ _ _ _ _ 
/opt/anaconda3/envs/testagent-experiment/lib/python3.10/site-packages/tensorflow/python/ops/gen_spectral_ops.py:906: in irfft
    _ops.raise_from_not_ok_status(e, name)
_ _ _ _ _ _ _ _ _ _ _ _ _ _ _ _ _ _ _ _ _ _ _ _ _ _ _ _ _ _ _ _ _ _ _ _ _ _ _ _ 

e = _NotOkStatusException(), name = None

    def raise_from_not_ok_status(e, name):
      e.message += (" name: " + name if name is not None else "")
>     raise core._status_to_exception(e) from None  # pylint: disable=protected-access
E     tensorflow.python.framework.errors_impl.InvalidArgumentError: fft_length must have shape [1] [Op:IRFFT]

/opt/anaconda3/envs/testagent-experiment/lib/python3.10/site-packages/tensorflow/python/framework/ops.py:7164: InvalidArgumentError
________ test_batch_fft_dimension_preservation[dtype0-shape0-batch_fft] ________

dtype = tf.complex64, shape = [4, 8], function_name = 'batch_fft'
monkeypatch = <_pytest.monkeypatch.MonkeyPatch object at 0x15e03fbb0>

    @pytest.mark.parametrize("dtype,shape,function_name", [
        (tf.complex64, [4, 8], "batch_fft"),
        (tf.complex64, [3, 8, 8], "batch_fft2d"),  # param extension: 2d_transform, batch_dimension
    ])
    def test_batch_fft_dimension_preservation(dtype, shape, function_name, monkeypatch):
        """Test batch FFT dimension preservation with mocking."""
        # Create test input
        input_tensor = create_test_tensor(shape, dtype)
    
        # Get the function from gen_spectral_ops
        if function_name == "batch_fft":
            tf_func = gen_spectral_ops.batch_fft
            inverse = False
            dims = 1
        elif function_name == "batch_fft2d":
            tf_func = gen_spectral_ops.batch_fft2d
            inverse = False
            dims = 2
        else:
            pytest.fail(f"Unknown function: {function_name}")
    
        # Mock the internal execution functions to avoid graph mode issues
        mock_execute_calls = []
        mock_op_def_calls = []
    
        def mock_execute(op_name, num_outputs, inputs, attrs, ctx, name):
            mock_execute_calls.append({
                'op_name': op_name,
                'num_outputs': num_outputs,
                'inputs': inputs,
                'attrs': attrs,
                'name': name
            })
            # Simulate FFT operation
            input_tensor = inputs[0]
            # For batch FFT, we apply FFT to the last 'dims' dimensions
            result = input_tensor
            for _ in range(dims):
                result = tf.signal.fft(result)
            return [result]
    
        def mock_apply_op_helper(op_name, **kwargs):
            mock_op_def_calls.append({
                'op_name': op_name,
                'kwargs': kwargs
            })
            # Return mock operation
            class MockOp:
                def __init__(self):
                    self.inputs = [kwargs.get('input')]
    
            class MockOutputs:
                def __init__(self, result):
                    self._result = [result]
    
                def __getitem__(self, idx):
                    return self._result[idx]
    
                def __len__(self):
                    return len(self._result)
    
            # Create a simple FFT result
            input_tensor = kwargs.get('input')
            result = input_tensor
            for _ in range(dims):
                result = tf.signal.fft(result)
    
            return None, None, MockOp(), MockOutputs(result)
    
        # Apply monkeypatch
        monkeypatch.setattr(gen_spectral_ops._execute, 'execute', mock_execute)
        monkeypatch.setattr(gen_spectral_ops._op_def_library, '_apply_op_helper', mock_apply_op_helper)
    
        # Apply TensorFlow batch FFT
>       tf_result = tf_func(input_tensor)

tests/test_tensorflow_python_ops_gen_spectral_ops.py:294: 
_ _ _ _ _ _ _ _ _ _ _ _ _ _ _ _ _ _ _ _ _ _ _ _ _ _ _ _ _ _ _ _ _ _ _ _ _ _ _ _ 
/opt/anaconda3/envs/testagent-experiment/lib/python3.10/site-packages/tensorflow/python/ops/gen_spectral_ops.py:42: in batch_fft
    _ops.raise_from_not_ok_status(e, name)
_ _ _ _ _ _ _ _ _ _ _ _ _ _ _ _ _ _ _ _ _ _ _ _ _ _ _ _ _ _ _ _ _ _ _ _ _ _ _ _ 

e = _NotOkStatusException(), name = None

    def raise_from_not_ok_status(e, name):
      e.message += (" name: " + name if name is not None else "")
>     raise core._status_to_exception(e) from None  # pylint: disable=protected-access
E     tensorflow.python.framework.errors_impl.NotFoundError: Could not find device for node: {{node BatchFFT}} = BatchFFT[]
E     All kernels registered for op BatchFFT:
E       <no registered kernels>
E      [Op:BatchFFT]

/opt/anaconda3/envs/testagent-experiment/lib/python3.10/site-packages/tensorflow/python/framework/ops.py:7164: NotFoundError
_______ test_batch_fft_dimension_preservation[dtype1-shape1-batch_fft2d] _______

dtype = tf.complex64, shape = [3, 8, 8], function_name = 'batch_fft2d'
monkeypatch = <_pytest.monkeypatch.MonkeyPatch object at 0x15dc433a0>

    @pytest.mark.parametrize("dtype,shape,function_name", [
        (tf.complex64, [4, 8], "batch_fft"),
        (tf.complex64, [3, 8, 8], "batch_fft2d"),  # param extension: 2d_transform, batch_dimension
    ])
    def test_batch_fft_dimension_preservation(dtype, shape, function_name, monkeypatch):
        """Test batch FFT dimension preservation with mocking."""
        # Create test input
        input_tensor = create_test_tensor(shape, dtype)
    
        # Get the function from gen_spectral_ops
        if function_name == "batch_fft":
            tf_func = gen_spectral_ops.batch_fft
            inverse = False
            dims = 1
        elif function_name == "batch_fft2d":
            tf_func = gen_spectral_ops.batch_fft2d
            inverse = False
            dims = 2
        else:
            pytest.fail(f"Unknown function: {function_name}")
    
        # Mock the internal execution functions to avoid graph mode issues
        mock_execute_calls = []
        mock_op_def_calls = []
    
        def mock_execute(op_name, num_outputs, inputs, attrs, ctx, name):
            mock_execute_calls.append({
                'op_name': op_name,
                'num_outputs': num_outputs,
                'inputs': inputs,
                'attrs': attrs,
                'name': name
            })
            # Simulate FFT operation
            input_tensor = inputs[0]
            # For batch FFT, we apply FFT to the last 'dims' dimensions
            result = input_tensor
            for _ in range(dims):
                result = tf.signal.fft(result)
            return [result]
    
        def mock_apply_op_helper(op_name, **kwargs):
            mock_op_def_calls.append({
                'op_name': op_name,
                'kwargs': kwargs
            })
            # Return mock operation
            class MockOp:
                def __init__(self):
                    self.inputs = [kwargs.get('input')]
    
            class MockOutputs:
                def __init__(self, result):
                    self._result = [result]
    
                def __getitem__(self, idx):
                    return self._result[idx]
    
                def __len__(self):
                    return len(self._result)
    
            # Create a simple FFT result
            input_tensor = kwargs.get('input')
            result = input_tensor
            for _ in range(dims):
                result = tf.signal.fft(result)
    
            return None, None, MockOp(), MockOutputs(result)
    
        # Apply monkeypatch
        monkeypatch.setattr(gen_spectral_ops._execute, 'execute', mock_execute)
        monkeypatch.setattr(gen_spectral_ops._op_def_library, '_apply_op_helper', mock_apply_op_helper)
    
        # Apply TensorFlow batch FFT
>       tf_result = tf_func(input_tensor)

tests/test_tensorflow_python_ops_gen_spectral_ops.py:294: 
_ _ _ _ _ _ _ _ _ _ _ _ _ _ _ _ _ _ _ _ _ _ _ _ _ _ _ _ _ _ _ _ _ _ _ _ _ _ _ _ 
/opt/anaconda3/envs/testagent-experiment/lib/python3.10/site-packages/tensorflow/python/ops/gen_spectral_ops.py:96: in batch_fft2d
    _ops.raise_from_not_ok_status(e, name)
_ _ _ _ _ _ _ _ _ _ _ _ _ _ _ _ _ _ _ _ _ _ _ _ _ _ _ _ _ _ _ _ _ _ _ _ _ _ _ _ 

e = _NotOkStatusException(), name = None

    def raise_from_not_ok_status(e, name):
      e.message += (" name: " + name if name is not None else "")
>     raise core._status_to_exception(e) from None  # pylint: disable=protected-access
E     tensorflow.python.framework.errors_impl.NotFoundError: Could not find device for node: {{node BatchFFT2D}} = BatchFFT2D[]
E     All kernels registered for op BatchFFT2D:
E       <no registered kernels>
E      [Op:BatchFFT2D]

/opt/anaconda3/envs/testagent-experiment/lib/python3.10/site-packages/tensorflow/python/framework/ops.py:7164: NotFoundError
_____________________________ test_invalid_inputs ______________________________

    def test_invalid_inputs():
        """Test invalid inputs raise appropriate errors."""
        # Test 1: Non-numeric input
        with pytest.raises((TypeError, ValueError)):
>           gen_spectral_ops.fft("not a tensor")

tests/test_tensorflow_python_ops_gen_spectral_ops.py:371: 
_ _ _ _ _ _ _ _ _ _ _ _ _ _ _ _ _ _ _ _ _ _ _ _ _ _ _ _ _ _ _ _ _ _ _ _ _ _ _ _ 
/opt/anaconda3/envs/testagent-experiment/lib/python3.10/site-packages/tensorflow/python/ops/gen_spectral_ops.py:382: in fft
    return fft_eager_fallback(
/opt/anaconda3/envs/testagent-experiment/lib/python3.10/site-packages/tensorflow/python/ops/gen_spectral_ops.py:426: in fft_eager_fallback
    _result = _execute.execute(b"FFT", 1, inputs=_inputs_flat, attrs=_attrs,
_ _ _ _ _ _ _ _ _ _ _ _ _ _ _ _ _ _ _ _ _ _ _ _ _ _ _ _ _ _ _ _ _ _ _ _ _ _ _ _ 

op_name = b'FFT', num_outputs = 1
inputs = [<tf.Tensor: shape=(), dtype=string, numpy=b'not a tensor'>]
attrs = ('Tcomplex', 7)
ctx = <tensorflow.python.eager.context.Context object at 0x15b8f0250>
name = None

    def quick_execute(op_name, num_outputs, inputs, attrs, ctx, name=None):
      """Execute a TensorFlow operation.
    
      Args:
        op_name: Name of the TensorFlow operation (see REGISTER_OP in C++ code) to
          execute.
        num_outputs: The number of outputs of the operation to fetch. (Explicitly
          provided instead of being inferred for performance reasons).
        inputs: A list of inputs to the operation. Each entry should be a Tensor, or
          a value which can be passed to the Tensor constructor to create one.
        attrs: A tuple with alternating string attr names and attr values for this
          operation.
        ctx: The value of context.context().
        name: Customized name for the operation.
    
      Returns:
        List of output Tensor objects. The list is empty if there are no outputs
    
      Raises:
        An exception on error.
      """
      device_name = ctx.device_name
      # pylint: disable=protected-access
      try:
        ctx.ensure_initialized()
>       tensors = pywrap_tfe.TFE_Py_Execute(ctx._handle, device_name, op_name,
                                            inputs, attrs, num_outputs)
E                                           tensorflow.python.framework.errors_impl.InvalidArgumentError: Value for attr 'Tcomplex' of string is not in the list of allowed values: complex64, complex128
E                                           	; NodeDef: {{node FFT}}; Op<name=FFT; signature=input:Tcomplex -> output:Tcomplex; attr=Tcomplex:type,default=DT_COMPLEX64,allowed=[DT_COMPLEX64, DT_COMPLEX128]> [Op:FFT]

/opt/anaconda3/envs/testagent-experiment/lib/python3.10/site-packages/tensorflow/python/eager/execute.py:54: InvalidArgumentError
=============================== warnings summary ===============================
../../../../../../../../opt/anaconda3/envs/testagent-experiment/lib/python3.10/site-packages/tensorflow/core/framework/tensor_shape_pb2.py:18
  /opt/anaconda3/envs/testagent-experiment/lib/python3.10/site-packages/tensorflow/core/framework/tensor_shape_pb2.py:18: DeprecationWarning: Call to deprecated create function FileDescriptor(). Note: Create unlinked descriptors is going to go away. Please use get/find descriptors from generated code or query the descriptor_pool.
    DESCRIPTOR = _descriptor.FileDescriptor(

../../../../../../../../opt/anaconda3/envs/testagent-experiment/lib/python3.10/site-packages/tensorflow/core/framework/tensor_shape_pb2.py:36
  /opt/anaconda3/envs/testagent-experiment/lib/python3.10/site-packages/tensorflow/core/framework/tensor_shape_pb2.py:36: DeprecationWarning: Call to deprecated create function FieldDescriptor(). Note: Create unlinked descriptors is going to go away. Please use get/find descriptors from generated code or query the descriptor_pool.
    _descriptor.FieldDescriptor(

../../../../../../../../opt/anaconda3/envs/testagent-experiment/lib/python3.10/site-packages/tensorflow/core/framework/tensor_shape_pb2.py:43
  /opt/anaconda3/envs/testagent-experiment/lib/python3.10/site-packages/tensorflow/core/framework/tensor_shape_pb2.py:43: DeprecationWarning: Call to deprecated create function FieldDescriptor(). Note: Create unlinked descriptors is going to go away. Please use get/find descriptors from generated code or query the descriptor_pool.
    _descriptor.FieldDescriptor(

../../../../../../../../opt/anaconda3/envs/testagent-experiment/lib/python3.10/site-packages/tensorflow/core/framework/tensor_shape_pb2.py:29
  /opt/anaconda3/envs/testagent-experiment/lib/python3.10/site-packages/tensorflow/core/framework/tensor_shape_pb2.py:29: DeprecationWarning: Call to deprecated create function Descriptor(). Note: Create unlinked descriptors is going to go away. Please use get/find descriptors from generated code or query the descriptor_pool.
    _TENSORSHAPEPROTO_DIM = _descriptor.Descriptor(

../../../../../../../../opt/anaconda3/envs/testagent-experiment/lib/python3.10/site-packages/tensorflow/core/framework/tensor_shape_pb2.py:73
  /opt/anaconda3/envs/testagent-experiment/lib/python3.10/site-packages/tensorflow/core/framework/tensor_shape_pb2.py:73: DeprecationWarning: Call to deprecated create function FieldDescriptor(). Note: Create unlinked descriptors is going to go away. Please use get/find descriptors from generated code or query the descriptor_pool.
    _descriptor.FieldDescriptor(

../../../../../../../../opt/anaconda3/envs/testagent-experiment/lib/python3.10/site-packages/tensorflow/core/framework/tensor_shape_pb2.py:80
  /opt/anaconda3/envs/testagent-experiment/lib/python3.10/site-packages/tensorflow/core/framework/tensor_shape_pb2.py:80: DeprecationWarning: Call to deprecated create function FieldDescriptor(). Note: Create unlinked descriptors is going to go away. Please use get/find descriptors from generated code or query the descriptor_pool.
    _descriptor.FieldDescriptor(

../../../../../../../../opt/anaconda3/envs/testagent-experiment/lib/python3.10/site-packages/tensorflow/core/framework/tensor_shape_pb2.py:66
  /opt/anaconda3/envs/testagent-experiment/lib/python3.10/site-packages/tensorflow/core/framework/tensor_shape_pb2.py:66: DeprecationWarning: Call to deprecated create function Descriptor(). Note: Create unlinked descriptors is going to go away. Please use get/find descriptors from generated code or query the descriptor_pool.
    _TENSORSHAPEPROTO = _descriptor.Descriptor(

../../../../../../../../opt/anaconda3/envs/testagent-experiment/lib/python3.10/site-packages/tensorflow/core/framework/types_pb2.py:19
  /opt/anaconda3/envs/testagent-experiment/lib/python3.10/site-packages/tensorflow/core/framework/types_pb2.py:19: DeprecationWarning: Call to deprecated create function FileDescriptor(). Note: Create unlinked descriptors is going to go away. Please use get/find descriptors from generated code or query the descriptor_pool.
    DESCRIPTOR = _descriptor.FileDescriptor(

../../../../../../../../opt/anaconda3/envs/testagent-experiment/lib/python3.10/site-packages/tensorflow/core/framework/types_pb2.py:33
  /opt/anaconda3/envs/testagent-experiment/lib/python3.10/site-packages/tensorflow/core/framework/types_pb2.py:33: DeprecationWarning: Call to deprecated create function EnumValueDescriptor(). Note: Create unlinked descriptors is going to go away. Please use get/find descriptors from generated code or query the descriptor_pool.
    _descriptor.EnumValueDescriptor(

../../../../../../../../opt/anaconda3/envs/testagent-experiment/lib/python3.10/site-packages/tensorflow/core/framework/types_pb2.py:37
  /opt/anaconda3/envs/testagent-experiment/lib/python3.10/site-packages/tensorflow/core/framework/types_pb2.py:37: DeprecationWarning: Call to deprecated create function EnumValueDescriptor(). Note: Create unlinked descriptors is going to go away. Please use get/find descriptors from generated code or query the descriptor_pool.
    _descriptor.EnumValueDescriptor(

../../../../../../../../opt/anaconda3/envs/testagent-experiment/lib/python3.10/site-packages/tensorflow/core/framework/types_pb2.py:41
  /opt/anaconda3/envs/testagent-experiment/lib/python3.10/site-packages/tensorflow/core/framework/types_pb2.py:41: DeprecationWarning: Call to deprecated create function EnumValueDescriptor(). Note: Create unlinked descriptors is going to go away. Please use get/find descriptors from generated code or query the descriptor_pool.
    _descriptor.EnumValueDescriptor(

../../../../../../../../opt/anaconda3/envs/testagent-experiment/lib/python3.10/site-packages/tensorflow/core/framework/types_pb2.py:45
  /opt/anaconda3/envs/testagent-experiment/lib/python3.10/site-packages/tensorflow/core/framework/types_pb2.py:45: DeprecationWarning: Call to deprecated create function EnumValueDescriptor(). Note: Create unlinked descriptors is going to go away. Please use get/find descriptors from generated code or query the descriptor_pool.
    _descriptor.EnumValueDescriptor(

../../../../../../../../opt/anaconda3/envs/testagent-experiment/lib/python3.10/site-packages/tensorflow/core/framework/types_pb2.py:49
  /opt/anaconda3/envs/testagent-experiment/lib/python3.10/site-packages/tensorflow/core/framework/types_pb2.py:49: DeprecationWarning: Call to deprecated create function EnumValueDescriptor(). Note: Create unlinked descriptors is going to go away. Please use get/find descriptors from generated code or query the descriptor_pool.
    _descriptor.EnumValueDescriptor(

../../../../../../../../opt/anaconda3/envs/testagent-experiment/lib/python3.10/site-packages/tensorflow/core/framework/types_pb2.py:53
  /opt/anaconda3/envs/testagent-experiment/lib/python3.10/site-packages/tensorflow/core/framework/types_pb2.py:53: DeprecationWarning: Call to deprecated create function EnumValueDescriptor(). Note: Create unlinked descriptors is going to go away. Please use get/find descriptors from generated code or query the descriptor_pool.
    _descriptor.EnumValueDescriptor(

../../../../../../../../opt/anaconda3/envs/testagent-experiment/lib/python3.10/site-packages/tensorflow/core/framework/types_pb2.py:57
  /opt/anaconda3/envs/testagent-experiment/lib/python3.10/site-packages/tensorflow/core/framework/types_pb2.py:57: DeprecationWarning: Call to deprecated create function EnumValueDescriptor(). Note: Create unlinked descriptors is going to go away. Please use get/find descriptors from generated code or query the descriptor_pool.
    _descriptor.EnumValueDescriptor(

../../../../../../../../opt/anaconda3/envs/testagent-experiment/lib/python3.10/site-packages/tensorflow/core/framework/types_pb2.py:61
  /opt/anaconda3/envs/testagent-experiment/lib/python3.10/site-packages/tensorflow/core/framework/types_pb2.py:61: DeprecationWarning: Call to deprecated create function EnumValueDescriptor(). Note: Create unlinked descriptors is going to go away. Please use get/find descriptors from generated code or query the descriptor_pool.
    _descriptor.EnumValueDescriptor(

../../../../../../../../opt/anaconda3/envs/testagent-experiment/lib/python3.10/site-packages/tensorflow/core/framework/types_pb2.py:65
  /opt/anaconda3/envs/testagent-experiment/lib/python3.10/site-packages/tensorflow/core/framework/types_pb2.py:65: DeprecationWarning: Call to deprecated create function EnumValueDescriptor(). Note: Create unlinked descriptors is going to go away. Please use get/find descriptors from generated code or query the descriptor_pool.
    _descriptor.EnumValueDescriptor(

../../../../../../../../opt/anaconda3/envs/testagent-experiment/lib/python3.10/site-packages/tensorflow/core/framework/types_pb2.py:69
  /opt/anaconda3/envs/testagent-experiment/lib/python3.10/site-packages/tensorflow/core/framework/types_pb2.py:69: DeprecationWarning: Call to deprecated create function EnumValueDescriptor(). Note: Create unlinked descriptors is going to go away. Please use get/find descriptors from generated code or query the descriptor_pool.
    _descriptor.EnumValueDescriptor(

../../../../../../../../opt/anaconda3/envs/testagent-experiment/lib/python3.10/site-packages/tensorflow/core/framework/types_pb2.py:73
  /opt/anaconda3/envs/testagent-experiment/lib/python3.10/site-packages/tensorflow/core/framework/types_pb2.py:73: DeprecationWarning: Call to deprecated create function EnumValueDescriptor(). Note: Create unlinked descriptors is going to go away. Please use get/find descriptors from generated code or query the descriptor_pool.
    _descriptor.EnumValueDescriptor(

../../../../../../../../opt/anaconda3/envs/testagent-experiment/lib/python3.10/site-packages/tensorflow/core/framework/types_pb2.py:77
  /opt/anaconda3/envs/testagent-experiment/lib/python3.10/site-packages/tensorflow/core/framework/types_pb2.py:77: DeprecationWarning: Call to deprecated create function EnumValueDescriptor(). Note: Create unlinked descriptors is going to go away. Please use get/find descriptors from generated code or query the descriptor_pool.
    _descriptor.EnumValueDescriptor(

../../../../../../../../opt/anaconda3/envs/testagent-experiment/lib/python3.10/site-packages/tensorflow/core/framework/types_pb2.py:81
  /opt/anaconda3/envs/testagent-experiment/lib/python3.10/site-packages/tensorflow/core/framework/types_pb2.py:81: DeprecationWarning: Call to deprecated create function EnumValueDescriptor(). Note: Create unlinked descriptors is going to go away. Please use get/find descriptors from generated code or query the descriptor_pool.
    _descriptor.EnumValueDescriptor(

../../../../../../../../opt/anaconda3/envs/testagent-experiment/lib/python3.10/site-packages/tensorflow/core/framework/types_pb2.py:85
  /opt/anaconda3/envs/testagent-experiment/lib/python3.10/site-packages/tensorflow/core/framework/types_pb2.py:85: DeprecationWarning: Call to deprecated create function EnumValueDescriptor(). Note: Create unlinked descriptors is going to go away. Please use get/find descriptors from generated code or query the descriptor_pool.
    _descriptor.EnumValueDescriptor(

../../../../../../../../opt/anaconda3/envs/testagent-experiment/lib/python3.10/site-packages/tensorflow/core/framework/types_pb2.py:89
  /opt/anaconda3/envs/testagent-experiment/lib/python3.10/site-packages/tensorflow/core/framework/types_pb2.py:89: DeprecationWarning: Call to deprecated create function EnumValueDescriptor(). Note: Create unlinked descriptors is going to go away. Please use get/find descriptors from generated code or query the descriptor_pool.
    _descriptor.EnumValueDescriptor(

../../../../../../../../opt/anaconda3/envs/testagent-experiment/lib/python3.10/site-packages/tensorflow/core/framework/types_pb2.py:93
  /opt/anaconda3/envs/testagent-experiment/lib/python3.10/site-packages/tensorflow/core/framework/types_pb2.py:93: DeprecationWarning: Call to deprecated create function EnumValueDescriptor(). Note: Create unlinked descriptors is going to go away. Please use get/find descriptors from generated code or query the descriptor_pool.
    _descriptor.EnumValueDescriptor(

../../../../../../../../opt/anaconda3/envs/testagent-experiment/lib/python3.10/site-packages/tensorflow/core/framework/types_pb2.py:97
  /opt/anaconda3/envs/testagent-experiment/lib/python3.10/site-packages/tensorflow/core/framework/types_pb2.py:97: DeprecationWarning: Call to deprecated create function EnumValueDescriptor(). Note: Create unlinked descriptors is going to go away. Please use get/find descriptors from generated code or query the descriptor_pool.
    _descriptor.EnumValueDescriptor(

../../../../../../../../opt/anaconda3/envs/testagent-experiment/lib/python3.10/site-packages/tensorflow/core/framework/types_pb2.py:101
  /opt/anaconda3/envs/testagent-experiment/lib/python3.10/site-packages/tensorflow/core/framework/types_pb2.py:101: DeprecationWarning: Call to deprecated create function EnumValueDescriptor(). Note: Create unlinked descriptors is going to go away. Please use get/find descriptors from generated code or query the descriptor_pool.
    _descriptor.EnumValueDescriptor(

../../../../../../../../opt/anaconda3/envs/testagent-experiment/lib/python3.10/site-packages/tensorflow/core/framework/types_pb2.py:105
  /opt/anaconda3/envs/testagent-experiment/lib/python3.10/site-packages/tensorflow/core/framework/types_pb2.py:105: DeprecationWarning: Call to deprecated create function EnumValueDescriptor(). Note: Create unlinked descriptors is going to go away. Please use get/find descriptors from generated code or query the descriptor_pool.
    _descriptor.EnumValueDescriptor(

../../../../../../../../opt/anaconda3/envs/testagent-experiment/lib/python3.10/site-packages/tensorflow/core/framework/types_pb2.py:109
  /opt/anaconda3/envs/testagent-experiment/lib/python3.10/site-packages/tensorflow/core/framework/types_pb2.py:109: DeprecationWarning: Call to deprecated create function EnumValueDescriptor(). Note: Create unlinked descriptors is going to go away. Please use get/find descriptors from generated code or query the descriptor_pool.
    _descriptor.EnumValueDescriptor(

../../../../../../../../opt/anaconda3/envs/testagent-experiment/lib/python3.10/site-packages/tensorflow/core/framework/types_pb2.py:113
  /opt/anaconda3/envs/testagent-experiment/lib/python3.10/site-packages/tensorflow/core/framework/types_pb2.py:113: DeprecationWarning: Call to deprecated create function EnumValueDescriptor(). Note: Create unlinked descriptors is going to go away. Please use get/find descriptors from generated code or query the descriptor_pool.
    _descriptor.EnumValueDescriptor(

../../../../../../../../opt/anaconda3/envs/testagent-experiment/lib/python3.10/site-packages/tensorflow/core/framework/types_pb2.py:117
  /opt/anaconda3/envs/testagent-experiment/lib/python3.10/site-packages/tensorflow/core/framework/types_pb2.py:117: DeprecationWarning: Call to deprecated create function EnumValueDescriptor(). Note: Create unlinked descriptors is going to go away. Please use get/find descriptors from generated code or query the descriptor_pool.
    _descriptor.EnumValueDescriptor(

../../../../../../../../opt/anaconda3/envs/testagent-experiment/lib/python3.10/site-packages/tensorflow/core/framework/types_pb2.py:121
  /opt/anaconda3/envs/testagent-experiment/lib/python3.10/site-packages/tensorflow/core/framework/types_pb2.py:121: DeprecationWarning: Call to deprecated create function EnumValueDescriptor(). Note: Create unlinked descriptors is going to go away. Please use get/find descriptors from generated code or query the descriptor_pool.
    _descriptor.EnumValueDescriptor(

../../../../../../../../opt/anaconda3/envs/testagent-experiment/lib/python3.10/site-packages/tensorflow/core/framework/types_pb2.py:125
  /opt/anaconda3/envs/testagent-experiment/lib/python3.10/site-packages/tensorflow/core/framework/types_pb2.py:125: DeprecationWarning: Call to deprecated create function EnumValueDescriptor(). Note: Create unlinked descriptors is going to go away. Please use get/find descriptors from generated code or query the descriptor_pool.
    _descriptor.EnumValueDescriptor(

../../../../../../../../opt/anaconda3/envs/testagent-experiment/lib/python3.10/site-packages/tensorflow/core/framework/types_pb2.py:129
  /opt/anaconda3/envs/testagent-experiment/lib/python3.10/site-packages/tensorflow/core/framework/types_pb2.py:129: DeprecationWarning: Call to deprecated create function EnumValueDescriptor(). Note: Create unlinked descriptors is going to go away. Please use get/find descriptors from generated code or query the descriptor_pool.
    _descriptor.EnumValueDescriptor(

../../../../../../../../opt/anaconda3/envs/testagent-experiment/lib/python3.10/site-packages/tensorflow/core/framework/types_pb2.py:133
  /opt/anaconda3/envs/testagent-experiment/lib/python3.10/site-packages/tensorflow/core/framework/types_pb2.py:133: DeprecationWarning: Call to deprecated create function EnumValueDescriptor(). Note: Create unlinked descriptors is going to go away. Please use get/find descriptors from generated code or query the descriptor_pool.
    _descriptor.EnumValueDescriptor(

../../../../../../../../opt/anaconda3/envs/testagent-experiment/lib/python3.10/site-packages/tensorflow/core/framework/types_pb2.py:137
  /opt/anaconda3/envs/testagent-experiment/lib/python3.10/site-packages/tensorflow/core/framework/types_pb2.py:137: DeprecationWarning: Call to deprecated create function EnumValueDescriptor(). Note: Create unlinked descriptors is going to go away. Please use get/find descriptors from generated code or query the descriptor_pool.
    _descriptor.EnumValueDescriptor(

../../../../../../../../opt/anaconda3/envs/testagent-experiment/lib/python3.10/site-packages/tensorflow/core/framework/types_pb2.py:141
  /opt/anaconda3/envs/testagent-experiment/lib/python3.10/site-packages/tensorflow/core/framework/types_pb2.py:141: DeprecationWarning: Call to deprecated create function EnumValueDescriptor(). Note: Create unlinked descriptors is going to go away. Please use get/find descriptors from generated code or query the descriptor_pool.
    _descriptor.EnumValueDescriptor(

../../../../../../../../opt/anaconda3/envs/testagent-experiment/lib/python3.10/site-packages/tensorflow/core/framework/types_pb2.py:145
  /opt/anaconda3/envs/testagent-experiment/lib/python3.10/site-packages/tensorflow/core/framework/types_pb2.py:145: DeprecationWarning: Call to deprecated create function EnumValueDescriptor(). Note: Create unlinked descriptors is going to go away. Please use get/find descriptors from generated code or query the descriptor_pool.
    _descriptor.EnumValueDescriptor(

../../../../../../../../opt/anaconda3/envs/testagent-experiment/lib/python3.10/site-packages/tensorflow/core/framework/types_pb2.py:149
  /opt/anaconda3/envs/testagent-experiment/lib/python3.10/site-packages/tensorflow/core/framework/types_pb2.py:149: DeprecationWarning: Call to deprecated create function EnumValueDescriptor(). Note: Create unlinked descriptors is going to go away. Please use get/find descriptors from generated code or query the descriptor_pool.
    _descriptor.EnumValueDescriptor(

../../../../../../../../opt/anaconda3/envs/testagent-experiment/lib/python3.10/site-packages/tensorflow/core/framework/types_pb2.py:153
  /opt/anaconda3/envs/testagent-experiment/lib/python3.10/site-packages/tensorflow/core/framework/types_pb2.py:153: DeprecationWarning: Call to deprecated create function EnumValueDescriptor(). Note: Create unlinked descriptors is going to go away. Please use get/find descriptors from generated code or query the descriptor_pool.
    _descriptor.EnumValueDescriptor(

../../../../../../../../opt/anaconda3/envs/testagent-experiment/lib/python3.10/site-packages/tensorflow/core/framework/types_pb2.py:157
  /opt/anaconda3/envs/testagent-experiment/lib/python3.10/site-packages/tensorflow/core/framework/types_pb2.py:157: DeprecationWarning: Call to deprecated create function EnumValueDescriptor(). Note: Create unlinked descriptors is going to go away. Please use get/find descriptors from generated code or query the descriptor_pool.
    _descriptor.EnumValueDescriptor(

../../../../../../../../opt/anaconda3/envs/testagent-experiment/lib/python3.10/site-packages/tensorflow/core/framework/types_pb2.py:161
  /opt/anaconda3/envs/testagent-experiment/lib/python3.10/site-packages/tensorflow/core/framework/types_pb2.py:161: DeprecationWarning: Call to deprecated create function EnumValueDescriptor(). Note: Create unlinked descriptors is going to go away. Please use get/find descriptors from generated code or query the descriptor_pool.
    _descriptor.EnumValueDescriptor(

../../../../../../../../opt/anaconda3/envs/testagent-experiment/lib/python3.10/site-packages/tensorflow/core/framework/types_pb2.py:165
  /opt/anaconda3/envs/testagent-experiment/lib/python3.10/site-packages/tensorflow/core/framework/types_pb2.py:165: DeprecationWarning: Call to deprecated create function EnumValueDescriptor(). Note: Create unlinked descriptors is going to go away. Please use get/find descriptors from generated code or query the descriptor_pool.
    _descriptor.EnumValueDescriptor(

../../../../../../../../opt/anaconda3/envs/testagent-experiment/lib/python3.10/site-packages/tensorflow/core/framework/types_pb2.py:169
  /opt/anaconda3/envs/testagent-experiment/lib/python3.10/site-packages/tensorflow/core/framework/types_pb2.py:169: DeprecationWarning: Call to deprecated create function EnumValueDescriptor(). Note: Create unlinked descriptors is going to go away. Please use get/find descriptors from generated code or query the descriptor_pool.
    _descriptor.EnumValueDescriptor(

../../../../../../../../opt/anaconda3/envs/testagent-experiment/lib/python3.10/site-packages/tensorflow/core/framework/types_pb2.py:173
  /opt/anaconda3/envs/testagent-experiment/lib/python3.10/site-packages/tensorflow/core/framework/types_pb2.py:173: DeprecationWarning: Call to deprecated create function EnumValueDescriptor(). Note: Create unlinked descriptors is going to go away. Please use get/find descriptors from generated code or query the descriptor_pool.
    _descriptor.EnumValueDescriptor(

../../../../../../../../opt/anaconda3/envs/testagent-experiment/lib/python3.10/site-packages/tensorflow/core/framework/types_pb2.py:177
  /opt/anaconda3/envs/testagent-experiment/lib/python3.10/site-packages/tensorflow/core/framework/types_pb2.py:177: DeprecationWarning: Call to deprecated create function EnumValueDescriptor(). Note: Create unlinked descriptors is going to go away. Please use get/find descriptors from generated code or query the descriptor_pool.
    _descriptor.EnumValueDescriptor(

../../../../../../../../opt/anaconda3/envs/testagent-experiment/lib/python3.10/site-packages/tensorflow/core/framework/types_pb2.py:181
  /opt/anaconda3/envs/testagent-experiment/lib/python3.10/site-packages/tensorflow/core/framework/types_pb2.py:181: DeprecationWarning: Call to deprecated create function EnumValueDescriptor(). Note: Create unlinked descriptors is going to go away. Please use get/find descriptors from generated code or query the descriptor_pool.
    _descriptor.EnumValueDescriptor(

../../../../../../../../opt/anaconda3/envs/testagent-experiment/lib/python3.10/site-packages/tensorflow/core/framework/types_pb2.py:185
  /opt/anaconda3/envs/testagent-experiment/lib/python3.10/site-packages/tensorflow/core/framework/types_pb2.py:185: DeprecationWarning: Call to deprecated create function EnumValueDescriptor(). Note: Create unlinked descriptors is going to go away. Please use get/find descriptors from generated code or query the descriptor_pool.
    _descriptor.EnumValueDescriptor(

../../../../../../../../opt/anaconda3/envs/testagent-experiment/lib/python3.10/site-packages/tensorflow/core/framework/types_pb2.py:189
  /opt/anaconda3/envs/testagent-experiment/lib/python3.10/site-packages/tensorflow/core/framework/types_pb2.py:189: DeprecationWarning: Call to deprecated create function EnumValueDescriptor(). Note: Create unlinked descriptors is going to go away. Please use get/find descriptors from generated code or query the descriptor_pool.
    _descriptor.EnumValueDescriptor(

../../../../../../../../opt/anaconda3/envs/testagent-experiment/lib/python3.10/site-packages/tensorflow/core/framework/types_pb2.py:193
  /opt/anaconda3/envs/testagent-experiment/lib/python3.10/site-packages/tensorflow/core/framework/types_pb2.py:193: DeprecationWarning: Call to deprecated create function EnumValueDescriptor(). Note: Create unlinked descriptors is going to go away. Please use get/find descriptors from generated code or query the descriptor_pool.
    _descriptor.EnumValueDescriptor(

../../../../../../../../opt/anaconda3/envs/testagent-experiment/lib/python3.10/site-packages/tensorflow/core/framework/types_pb2.py:197
  /opt/anaconda3/envs/testagent-experiment/lib/python3.10/site-packages/tensorflow/core/framework/types_pb2.py:197: DeprecationWarning: Call to deprecated create function EnumValueDescriptor(). Note: Create unlinked descriptors is going to go away. Please use get/find descriptors from generated code or query the descriptor_pool.
    _descriptor.EnumValueDescriptor(

../../../../../../../../opt/anaconda3/envs/testagent-experiment/lib/python3.10/site-packages/tensorflow/core/framework/types_pb2.py:201
  /opt/anaconda3/envs/testagent-experiment/lib/python3.10/site-packages/tensorflow/core/framework/types_pb2.py:201: DeprecationWarning: Call to deprecated create function EnumValueDescriptor(). Note: Create unlinked descriptors is going to go away. Please use get/find descriptors from generated code or query the descriptor_pool.
    _descriptor.EnumValueDescriptor(

../../../../../../../../opt/anaconda3/envs/testagent-experiment/lib/python3.10/site-packages/tensorflow/core/framework/types_pb2.py:205
  /opt/anaconda3/envs/testagent-experiment/lib/python3.10/site-packages/tensorflow/core/framework/types_pb2.py:205: DeprecationWarning: Call to deprecated create function EnumValueDescriptor(). Note: Create unlinked descriptors is going to go away. Please use get/find descriptors from generated code or query the descriptor_pool.
    _descriptor.EnumValueDescriptor(

../../../../../../../../opt/anaconda3/envs/testagent-experiment/lib/python3.10/site-packages/tensorflow/core/framework/types_pb2.py:209
  /opt/anaconda3/envs/testagent-experiment/lib/python3.10/site-packages/tensorflow/core/framework/types_pb2.py:209: DeprecationWarning: Call to deprecated create function EnumValueDescriptor(). Note: Create unlinked descriptors is going to go away. Please use get/find descriptors from generated code or query the descriptor_pool.
    _descriptor.EnumValueDescriptor(

../../../../../../../../opt/anaconda3/envs/testagent-experiment/lib/python3.10/site-packages/tensorflow/core/framework/types_pb2.py:213
  /opt/anaconda3/envs/testagent-experiment/lib/python3.10/site-packages/tensorflow/core/framework/types_pb2.py:213: DeprecationWarning: Call to deprecated create function EnumValueDescriptor(). Note: Create unlinked descriptors is going to go away. Please use get/find descriptors from generated code or query the descriptor_pool.
    _descriptor.EnumValueDescriptor(

../../../../../../../../opt/anaconda3/envs/testagent-experiment/lib/python3.10/site-packages/tensorflow/core/framework/types_pb2.py:217
  /opt/anaconda3/envs/testagent-experiment/lib/python3.10/site-packages/tensorflow/core/framework/types_pb2.py:217: DeprecationWarning: Call to deprecated create function EnumValueDescriptor(). Note: Create unlinked descriptors is going to go away. Please use get/find descriptors from generated code or query the descriptor_pool.
    _descriptor.EnumValueDescriptor(

../../../../../../../../opt/anaconda3/envs/testagent-experiment/lib/python3.10/site-packages/tensorflow/core/framework/types_pb2.py:27
  /opt/anaconda3/envs/testagent-experiment/lib/python3.10/site-packages/tensorflow/core/framework/types_pb2.py:27: DeprecationWarning: Call to deprecated create function EnumDescriptor(). Note: Create unlinked descriptors is going to go away. Please use get/find descriptors from generated code or query the descriptor_pool.
    _DATATYPE = _descriptor.EnumDescriptor(

../../../../../../../../opt/anaconda3/envs/testagent-experiment/lib/python3.10/site-packages/tensorflow/core/framework/resource_handle_pb2.py:20
  /opt/anaconda3/envs/testagent-experiment/lib/python3.10/site-packages/tensorflow/core/framework/resource_handle_pb2.py:20: DeprecationWarning: Call to deprecated create function FileDescriptor(). Note: Create unlinked descriptors is going to go away. Please use get/find descriptors from generated code or query the descriptor_pool.
    DESCRIPTOR = _descriptor.FileDescriptor(

../../../../../../../../opt/anaconda3/envs/testagent-experiment/lib/python3.10/site-packages/tensorflow/core/framework/resource_handle_pb2.py:39
  /opt/anaconda3/envs/testagent-experiment/lib/python3.10/site-packages/tensorflow/core/framework/resource_handle_pb2.py:39: DeprecationWarning: Call to deprecated create function FieldDescriptor(). Note: Create unlinked descriptors is going to go away. Please use get/find descriptors from generated code or query the descriptor_pool.
    _descriptor.FieldDescriptor(

../../../../../../../../opt/anaconda3/envs/testagent-experiment/lib/python3.10/site-packages/tensorflow/core/framework/resource_handle_pb2.py:46
  /opt/anaconda3/envs/testagent-experiment/lib/python3.10/site-packages/tensorflow/core/framework/resource_handle_pb2.py:46: DeprecationWarning: Call to deprecated create function FieldDescriptor(). Note: Create unlinked descriptors is going to go away. Please use get/find descriptors from generated code or query the descriptor_pool.
    _descriptor.FieldDescriptor(

../../../../../../../../opt/anaconda3/envs/testagent-experiment/lib/python3.10/site-packages/tensorflow/core/framework/resource_handle_pb2.py:32
  /opt/anaconda3/envs/testagent-experiment/lib/python3.10/site-packages/tensorflow/core/framework/resource_handle_pb2.py:32: DeprecationWarning: Call to deprecated create function Descriptor(). Note: Create unlinked descriptors is going to go away. Please use get/find descriptors from generated code or query the descriptor_pool.
    _RESOURCEHANDLEPROTO_DTYPEANDSHAPE = _descriptor.Descriptor(

../../../../../../../../opt/anaconda3/envs/testagent-experiment/lib/python3.10/site-packages/tensorflow/core/framework/resource_handle_pb2.py:76
  /opt/anaconda3/envs/testagent-experiment/lib/python3.10/site-packages/tensorflow/core/framework/resource_handle_pb2.py:76: DeprecationWarning: Call to deprecated create function FieldDescriptor(). Note: Create unlinked descriptors is going to go away. Please use get/find descriptors from generated code or query the descriptor_pool.
    _descriptor.FieldDescriptor(

../../../../../../../../opt/anaconda3/envs/testagent-experiment/lib/python3.10/site-packages/tensorflow/core/framework/resource_handle_pb2.py:83
  /opt/anaconda3/envs/testagent-experiment/lib/python3.10/site-packages/tensorflow/core/framework/resource_handle_pb2.py:83: DeprecationWarning: Call to deprecated create function FieldDescriptor(). Note: Create unlinked descriptors is going to go away. Please use get/find descriptors from generated code or query the descriptor_pool.
    _descriptor.FieldDescriptor(

../../../../../../../../opt/anaconda3/envs/testagent-experiment/lib/python3.10/site-packages/tensorflow/core/framework/resource_handle_pb2.py:90
  /opt/anaconda3/envs/testagent-experiment/lib/python3.10/site-packages/tensorflow/core/framework/resource_handle_pb2.py:90: DeprecationWarning: Call to deprecated create function FieldDescriptor(). Note: Create unlinked descriptors is going to go away. Please use get/find descriptors from generated code or query the descriptor_pool.
    _descriptor.FieldDescriptor(

../../../../../../../../opt/anaconda3/envs/testagent-experiment/lib/python3.10/site-packages/tensorflow/core/framework/resource_handle_pb2.py:97
  /opt/anaconda3/envs/testagent-experiment/lib/python3.10/site-packages/tensorflow/core/framework/resource_handle_pb2.py:97: DeprecationWarning: Call to deprecated create function FieldDescriptor(). Note: Create unlinked descriptors is going to go away. Please use get/find descriptors from generated code or query the descriptor_pool.
    _descriptor.FieldDescriptor(

../../../../../../../../opt/anaconda3/envs/testagent-experiment/lib/python3.10/site-packages/tensorflow/core/framework/resource_handle_pb2.py:104
  /opt/anaconda3/envs/testagent-experiment/lib/python3.10/site-packages/tensorflow/core/framework/resource_handle_pb2.py:104: DeprecationWarning: Call to deprecated create function FieldDescriptor(). Note: Create unlinked descriptors is going to go away. Please use get/find descriptors from generated code or query the descriptor_pool.
    _descriptor.FieldDescriptor(

../../../../../../../../opt/anaconda3/envs/testagent-experiment/lib/python3.10/site-packages/tensorflow/core/framework/resource_handle_pb2.py:111
  /opt/anaconda3/envs/testagent-experiment/lib/python3.10/site-packages/tensorflow/core/framework/resource_handle_pb2.py:111: DeprecationWarning: Call to deprecated create function FieldDescriptor(). Note: Create unlinked descriptors is going to go away. Please use get/find descriptors from generated code or query the descriptor_pool.
    _descriptor.FieldDescriptor(

../../../../../../../../opt/anaconda3/envs/testagent-experiment/lib/python3.10/site-packages/tensorflow/core/framework/resource_handle_pb2.py:69
  /opt/anaconda3/envs/testagent-experiment/lib/python3.10/site-packages/tensorflow/core/framework/resource_handle_pb2.py:69: DeprecationWarning: Call to deprecated create function Descriptor(). Note: Create unlinked descriptors is going to go away. Please use get/find descriptors from generated code or query the descriptor_pool.
    _RESOURCEHANDLEPROTO = _descriptor.Descriptor(

../../../../../../../../opt/anaconda3/envs/testagent-experiment/lib/python3.10/site-packages/tensorflow/core/framework/tensor_pb2.py:21
  /opt/anaconda3/envs/testagent-experiment/lib/python3.10/site-packages/tensorflow/core/framework/tensor_pb2.py:21: DeprecationWarning: Call to deprecated create function FileDescriptor(). Note: Create unlinked descriptors is going to go away. Please use get/find descriptors from generated code or query the descriptor_pool.
    DESCRIPTOR = _descriptor.FileDescriptor(

../../../../../../../../opt/anaconda3/envs/testagent-experiment/lib/python3.10/site-packages/tensorflow/core/framework/tensor_pb2.py:40
  /opt/anaconda3/envs/testagent-experiment/lib/python3.10/site-packages/tensorflow/core/framework/tensor_pb2.py:40: DeprecationWarning: Call to deprecated create function FieldDescriptor(). Note: Create unlinked descriptors is going to go away. Please use get/find descriptors from generated code or query the descriptor_pool.
    _descriptor.FieldDescriptor(

../../../../../../../../opt/anaconda3/envs/testagent-experiment/lib/python3.10/site-packages/tensorflow/core/framework/tensor_pb2.py:47
  /opt/anaconda3/envs/testagent-experiment/lib/python3.10/site-packages/tensorflow/core/framework/tensor_pb2.py:47: DeprecationWarning: Call to deprecated create function FieldDescriptor(). Note: Create unlinked descriptors is going to go away. Please use get/find descriptors from generated code or query the descriptor_pool.
    _descriptor.FieldDescriptor(

../../../../../../../../opt/anaconda3/envs/testagent-experiment/lib/python3.10/site-packages/tensorflow/core/framework/tensor_pb2.py:54
  /opt/anaconda3/envs/testagent-experiment/lib/python3.10/site-packages/tensorflow/core/framework/tensor_pb2.py:54: DeprecationWarning: Call to deprecated create function FieldDescriptor(). Note: Create unlinked descriptors is going to go away. Please use get/find descriptors from generated code or query the descriptor_pool.
    _descriptor.FieldDescriptor(

../../../../../../../../opt/anaconda3/envs/testagent-experiment/lib/python3.10/site-packages/tensorflow/core/framework/tensor_pb2.py:61
  /opt/anaconda3/envs/testagent-experiment/lib/python3.10/site-packages/tensorflow/core/framework/tensor_pb2.py:61: DeprecationWarning: Call to deprecated create function FieldDescriptor(). Note: Create unlinked descriptors is going to go away. Please use get/find descriptors from generated code or query the descriptor_pool.
    _descriptor.FieldDescriptor(

../../../../../../../../opt/anaconda3/envs/testagent-experiment/lib/python3.10/site-packages/tensorflow/core/framework/tensor_pb2.py:68
  /opt/anaconda3/envs/testagent-experiment/lib/python3.10/site-packages/tensorflow/core/framework/tensor_pb2.py:68: DeprecationWarning: Call to deprecated create function FieldDescriptor(). Note: Create unlinked descriptors is going to go away. Please use get/find descriptors from generated code or query the descriptor_pool.
    _descriptor.FieldDescriptor(

../../../../../../../../opt/anaconda3/envs/testagent-experiment/lib/python3.10/site-packages/tensorflow/core/framework/tensor_pb2.py:75
  /opt/anaconda3/envs/testagent-experiment/lib/python3.10/site-packages/tensorflow/core/framework/tensor_pb2.py:75: DeprecationWarning: Call to deprecated create function FieldDescriptor(). Note: Create unlinked descriptors is going to go away. Please use get/find descriptors from generated code or query the descriptor_pool.
    _descriptor.FieldDescriptor(

../../../../../../../../opt/anaconda3/envs/testagent-experiment/lib/python3.10/site-packages/tensorflow/core/framework/tensor_pb2.py:82
  /opt/anaconda3/envs/testagent-experiment/lib/python3.10/site-packages/tensorflow/core/framework/tensor_pb2.py:82: DeprecationWarning: Call to deprecated create function FieldDescriptor(). Note: Create unlinked descriptors is going to go away. Please use get/find descriptors from generated code or query the descriptor_pool.
    _descriptor.FieldDescriptor(

../../../../../../../../opt/anaconda3/envs/testagent-experiment/lib/python3.10/site-packages/tensorflow/core/framework/tensor_pb2.py:89
  /opt/anaconda3/envs/testagent-experiment/lib/python3.10/site-packages/tensorflow/core/framework/tensor_pb2.py:89: DeprecationWarning: Call to deprecated create function FieldDescriptor(). Note: Create unlinked descriptors is going to go away. Please use get/find descriptors from generated code or query the descriptor_pool.
    _descriptor.FieldDescriptor(

../../../../../../../../opt/anaconda3/envs/testagent-experiment/lib/python3.10/site-packages/tensorflow/core/framework/tensor_pb2.py:96
  /opt/anaconda3/envs/testagent-experiment/lib/python3.10/site-packages/tensorflow/core/framework/tensor_pb2.py:96: DeprecationWarning: Call to deprecated create function FieldDescriptor(). Note: Create unlinked descriptors is going to go away. Please use get/find descriptors from generated code or query the descriptor_pool.
    _descriptor.FieldDescriptor(

../../../../../../../../opt/anaconda3/envs/testagent-experiment/lib/python3.10/site-packages/tensorflow/core/framework/tensor_pb2.py:103
  /opt/anaconda3/envs/testagent-experiment/lib/python3.10/site-packages/tensorflow/core/framework/tensor_pb2.py:103: DeprecationWarning: Call to deprecated create function FieldDescriptor(). Note: Create unlinked descriptors is going to go away. Please use get/find descriptors from generated code or query the descriptor_pool.
    _descriptor.FieldDescriptor(

../../../../../../../../opt/anaconda3/envs/testagent-experiment/lib/python3.10/site-packages/tensorflow/core/framework/tensor_pb2.py:110
  /opt/anaconda3/envs/testagent-experiment/lib/python3.10/site-packages/tensorflow/core/framework/tensor_pb2.py:110: DeprecationWarning: Call to deprecated create function FieldDescriptor(). Note: Create unlinked descriptors is going to go away. Please use get/find descriptors from generated code or query the descriptor_pool.
    _descriptor.FieldDescriptor(

../../../../../../../../opt/anaconda3/envs/testagent-experiment/lib/python3.10/site-packages/tensorflow/core/framework/tensor_pb2.py:117
  /opt/anaconda3/envs/testagent-experiment/lib/python3.10/site-packages/tensorflow/core/framework/tensor_pb2.py:117: DeprecationWarning: Call to deprecated create function FieldDescriptor(). Note: Create unlinked descriptors is going to go away. Please use get/find descriptors from generated code or query the descriptor_pool.
    _descriptor.FieldDescriptor(

../../../../../../../../opt/anaconda3/envs/testagent-experiment/lib/python3.10/site-packages/tensorflow/core/framework/tensor_pb2.py:124
  /opt/anaconda3/envs/testagent-experiment/lib/python3.10/site-packages/tensorflow/core/framework/tensor_pb2.py:124: DeprecationWarning: Call to deprecated create function FieldDescriptor(). Note: Create unlinked descriptors is going to go away. Please use get/find descriptors from generated code or query the descriptor_pool.
    _descriptor.FieldDescriptor(

../../../../../../../../opt/anaconda3/envs/testagent-experiment/lib/python3.10/site-packages/tensorflow/core/framework/tensor_pb2.py:131
  /opt/anaconda3/envs/testagent-experiment/lib/python3.10/site-packages/tensorflow/core/framework/tensor_pb2.py:131: DeprecationWarning: Call to deprecated create function FieldDescriptor(). Note: Create unlinked descriptors is going to go away. Please use get/find descriptors from generated code or query the descriptor_pool.
    _descriptor.FieldDescriptor(

../../../../../../../../opt/anaconda3/envs/testagent-experiment/lib/python3.10/site-packages/tensorflow/core/framework/tensor_pb2.py:138
  /opt/anaconda3/envs/testagent-experiment/lib/python3.10/site-packages/tensorflow/core/framework/tensor_pb2.py:138: DeprecationWarning: Call to deprecated create function FieldDescriptor(). Note: Create unlinked descriptors is going to go away. Please use get/find descriptors from generated code or query the descriptor_pool.
    _descriptor.FieldDescriptor(

../../../../../../../../opt/anaconda3/envs/testagent-experiment/lib/python3.10/site-packages/tensorflow/core/framework/tensor_pb2.py:145
  /opt/anaconda3/envs/testagent-experiment/lib/python3.10/site-packages/tensorflow/core/framework/tensor_pb2.py:145: DeprecationWarning: Call to deprecated create function FieldDescriptor(). Note: Create unlinked descriptors is going to go away. Please use get/find descriptors from generated code or query the descriptor_pool.
    _descriptor.FieldDescriptor(

../../../../../../../../opt/anaconda3/envs/testagent-experiment/lib/python3.10/site-packages/tensorflow/core/framework/tensor_pb2.py:152
  /opt/anaconda3/envs/testagent-experiment/lib/python3.10/site-packages/tensorflow/core/framework/tensor_pb2.py:152: DeprecationWarning: Call to deprecated create function FieldDescriptor(). Note: Create unlinked descriptors is going to go away. Please use get/find descriptors from generated code or query the descriptor_pool.
    _descriptor.FieldDescriptor(

../../../../../../../../opt/anaconda3/envs/testagent-experiment/lib/python3.10/site-packages/tensorflow/core/framework/tensor_pb2.py:33
  /opt/anaconda3/envs/testagent-experiment/lib/python3.10/site-packages/tensorflow/core/framework/tensor_pb2.py:33: DeprecationWarning: Call to deprecated create function Descriptor(). Note: Create unlinked descriptors is going to go away. Please use get/find descriptors from generated code or query the descriptor_pool.
    _TENSORPROTO = _descriptor.Descriptor(

../../../../../../../../opt/anaconda3/envs/testagent-experiment/lib/python3.10/site-packages/tensorflow/core/framework/tensor_pb2.py:183
  /opt/anaconda3/envs/testagent-experiment/lib/python3.10/site-packages/tensorflow/core/framework/tensor_pb2.py:183: DeprecationWarning: Call to deprecated create function FieldDescriptor(). Note: Create unlinked descriptors is going to go away. Please use get/find descriptors from generated code or query the descriptor_pool.
    _descriptor.FieldDescriptor(

../../../../../../../../opt/anaconda3/envs/testagent-experiment/lib/python3.10/site-packages/tensorflow/core/framework/tensor_pb2.py:190
  /opt/anaconda3/envs/testagent-experiment/lib/python3.10/site-packages/tensorflow/core/framework/tensor_pb2.py:190: DeprecationWarning: Call to deprecated create function FieldDescriptor(). Note: Create unlinked descriptors is going to go away. Please use get/find descriptors from generated code or query the descriptor_pool.
    _descriptor.FieldDescriptor(

../../../../../../../../opt/anaconda3/envs/testagent-experiment/lib/python3.10/site-packages/tensorflow/core/framework/tensor_pb2.py:197
  /opt/anaconda3/envs/testagent-experiment/lib/python3.10/site-packages/tensorflow/core/framework/tensor_pb2.py:197: DeprecationWarning: Call to deprecated create function FieldDescriptor(). Note: Create unlinked descriptors is going to go away. Please use get/find descriptors from generated code or query the descriptor_pool.
    _descriptor.FieldDescriptor(

../../../../../../../../opt/anaconda3/envs/testagent-experiment/lib/python3.10/site-packages/tensorflow/core/framework/tensor_pb2.py:176
  /opt/anaconda3/envs/testagent-experiment/lib/python3.10/site-packages/tensorflow/core/framework/tensor_pb2.py:176: DeprecationWarning: Call to deprecated create function Descriptor(). Note: Create unlinked descriptors is going to go away. Please use get/find descriptors from generated code or query the descriptor_pool.
    _VARIANTTENSORDATAPROTO = _descriptor.Descriptor(

../../../../../../../../opt/anaconda3/envs/testagent-experiment/lib/python3.10/site-packages/tensorflow/core/framework/attr_value_pb2.py:21
  /opt/anaconda3/envs/testagent-experiment/lib/python3.10/site-packages/tensorflow/core/framework/attr_value_pb2.py:21: DeprecationWarning: Call to deprecated create function FileDescriptor(). Note: Create unlinked descriptors is going to go away. Please use get/find descriptors from generated code or query the descriptor_pool.
    DESCRIPTOR = _descriptor.FileDescriptor(

../../../../../../../../opt/anaconda3/envs/testagent-experiment/lib/python3.10/site-packages/tensorflow/core/framework/attr_value_pb2.py:40
  /opt/anaconda3/envs/testagent-experiment/lib/python3.10/site-packages/tensorflow/core/framework/attr_value_pb2.py:40: DeprecationWarning: Call to deprecated create function FieldDescriptor(). Note: Create unlinked descriptors is going to go away. Please use get/find descriptors from generated code or query the descriptor_pool.
    _descriptor.FieldDescriptor(

../../../../../../../../opt/anaconda3/envs/testagent-experiment/lib/python3.10/site-packages/tensorflow/core/framework/attr_value_pb2.py:47
  /opt/anaconda3/envs/testagent-experiment/lib/python3.10/site-packages/tensorflow/core/framework/attr_value_pb2.py:47: DeprecationWarning: Call to deprecated create function FieldDescriptor(). Note: Create unlinked descriptors is going to go away. Please use get/find descriptors from generated code or query the descriptor_pool.
    _descriptor.FieldDescriptor(

../../../../../../../../opt/anaconda3/envs/testagent-experiment/lib/python3.10/site-packages/tensorflow/core/framework/attr_value_pb2.py:54
  /opt/anaconda3/envs/testagent-experiment/lib/python3.10/site-packages/tensorflow/core/framework/attr_value_pb2.py:54: DeprecationWarning: Call to deprecated create function FieldDescriptor(). Note: Create unlinked descriptors is going to go away. Please use get/find descriptors from generated code or query the descriptor_pool.
    _descriptor.FieldDescriptor(

../../../../../../../../opt/anaconda3/envs/testagent-experiment/lib/python3.10/site-packages/tensorflow/core/framework/attr_value_pb2.py:61
  /opt/anaconda3/envs/testagent-experiment/lib/python3.10/site-packages/tensorflow/core/framework/attr_value_pb2.py:61: DeprecationWarning: Call to deprecated create function FieldDescriptor(). Note: Create unlinked descriptors is going to go away. Please use get/find descriptors from generated code or query the descriptor_pool.
    _descriptor.FieldDescriptor(

../../../../../../../../opt/anaconda3/envs/testagent-experiment/lib/python3.10/site-packages/tensorflow/core/framework/attr_value_pb2.py:68
  /opt/anaconda3/envs/testagent-experiment/lib/python3.10/site-packages/tensorflow/core/framework/attr_value_pb2.py:68: DeprecationWarning: Call to deprecated create function FieldDescriptor(). Note: Create unlinked descriptors is going to go away. Please use get/find descriptors from generated code or query the descriptor_pool.
    _descriptor.FieldDescriptor(

../../../../../../../../opt/anaconda3/envs/testagent-experiment/lib/python3.10/site-packages/tensorflow/core/framework/attr_value_pb2.py:75
  /opt/anaconda3/envs/testagent-experiment/lib/python3.10/site-packages/tensorflow/core/framework/attr_value_pb2.py:75: DeprecationWarning: Call to deprecated create function FieldDescriptor(). Note: Create unlinked descriptors is going to go away. Please use get/find descriptors from generated code or query the descriptor_pool.
    _descriptor.FieldDescriptor(

../../../../../../../../opt/anaconda3/envs/testagent-experiment/lib/python3.10/site-packages/tensorflow/core/framework/attr_value_pb2.py:82
  /opt/anaconda3/envs/testagent-experiment/lib/python3.10/site-packages/tensorflow/core/framework/attr_value_pb2.py:82: DeprecationWarning: Call to deprecated create function FieldDescriptor(). Note: Create unlinked descriptors is going to go away. Please use get/find descriptors from generated code or query the descriptor_pool.
    _descriptor.FieldDescriptor(

../../../../../../../../opt/anaconda3/envs/testagent-experiment/lib/python3.10/site-packages/tensorflow/core/framework/attr_value_pb2.py:89
  /opt/anaconda3/envs/testagent-experiment/lib/python3.10/site-packages/tensorflow/core/framework/attr_value_pb2.py:89: DeprecationWarning: Call to deprecated create function FieldDescriptor(). Note: Create unlinked descriptors is going to go away. Please use get/find descriptors from generated code or query the descriptor_pool.
    _descriptor.FieldDescriptor(

../../../../../../../../opt/anaconda3/envs/testagent-experiment/lib/python3.10/site-packages/tensorflow/core/framework/attr_value_pb2.py:33
  /opt/anaconda3/envs/testagent-experiment/lib/python3.10/site-packages/tensorflow/core/framework/attr_value_pb2.py:33: DeprecationWarning: Call to deprecated create function Descriptor(). Note: Create unlinked descriptors is going to go away. Please use get/find descriptors from generated code or query the descriptor_pool.
    _ATTRVALUE_LISTVALUE = _descriptor.Descriptor(

../../../../../../../../opt/anaconda3/envs/testagent-experiment/lib/python3.10/site-packages/tensorflow/python/framework/dtypes.py:205
  /opt/anaconda3/envs/testagent-experiment/lib/python3.10/site-packages/tensorflow/python/framework/dtypes.py:205: DeprecationWarning: `np.bool8` is a deprecated alias for `np.bool_`.  (Deprecated NumPy 1.24)
    np.bool8: (False, True),

../../../../../../../../opt/anaconda3/envs/testagent-experiment/lib/python3.10/site-packages/flatbuffers/compat.py:19
  /opt/anaconda3/envs/testagent-experiment/lib/python3.10/site-packages/flatbuffers/compat.py:19: DeprecationWarning: the imp module is deprecated in favour of importlib and slated for removal in Python 3.12; see the module's documentation for alternative uses
    import imp

../../../../../../../../opt/anaconda3/envs/testagent-experiment/lib/python3.10/site-packages/tensorboard/compat/tensorflow_stub/dtypes.py:326
  /opt/anaconda3/envs/testagent-experiment/lib/python3.10/site-packages/tensorboard/compat/tensorflow_stub/dtypes.py:326: DeprecationWarning: `np.bool8` is a deprecated alias for `np.bool_`.  (Deprecated NumPy 1.24)
    np.bool8: (False, True),

-- Docs: https://docs.pytest.org/en/stable/how-to/capture-warnings.html
================================ tests coverage ================================
______________ coverage: platform darwin, python 3.10.19-final-0 _______________

Name                                                   Stmts   Miss Branch BrPart  Cover   Missing
--------------------------------------------------------------------------------------------------
tests/test_tensorflow_python_ops_gen_spectral_ops.py     191    100     62      5    43%   33-38, 50-57, 85, 107-125, 149, 155-216, 239, 246-259, 262-287, 298-331, 346, 361, 374-389, 416-417
--------------------------------------------------------------------------------------------------
TOTAL                                                    191    100     62      5    43%
Coverage XML written to file coverage.xml
=========================== short test summary info ============================
FAILED tests/test_tensorflow_python_ops_gen_spectral_ops.py::test_basic_fft_transform[dtype0-shape0-fft]
FAILED tests/test_tensorflow_python_ops_gen_spectral_ops.py::test_basic_fft_transform[dtype1-shape1-fft]
FAILED tests/test_tensorflow_python_ops_gen_spectral_ops.py::test_basic_fft_transform[dtype2-shape2-ifft]
FAILED tests/test_tensorflow_python_ops_gen_spectral_ops.py::test_real_fft_with_length_control[dtype0-shape0-8-rfft]
FAILED tests/test_tensorflow_python_ops_gen_spectral_ops.py::test_real_fft_with_length_control[dtype1-shape1-16-irfft]
FAILED tests/test_tensorflow_python_ops_gen_spectral_ops.py::test_batch_fft_dimension_preservation[dtype0-shape0-batch_fft]
FAILED tests/test_tensorflow_python_ops_gen_spectral_ops.py::test_batch_fft_dimension_preservation[dtype1-shape1-batch_fft2d]
FAILED tests/test_tensorflow_python_ops_gen_spectral_ops.py::test_invalid_inputs
8 failed, 1 passed, 2 skipped, 103 warnings in 2.72s

Error: exit 1