=== Run Tests ===
.....F.                                                                  [100%]
================================== FAILURES ===================================
_________________________ test_edge_case_all_negative _________________________

    def test_edge_case_all_negative():
        """Test bincount with all negative values."""
        arr = tf.constant([-1, -2, -3], dtype=tf.int32)
>       result = bincount(arr)

tests\test_tensorflow_python_ops_bincount_ops.py:270: 
_ _ _ _ _ _ _ _ _ _ _ _ _ _ _ _ _ _ _ _ _ _ _ _ _ _ _ _ _ _ _ _ _ _ _ _ _ _ _ _
D:\Coding\Anaconda\envs\testagent-experiment\lib\site-packages\tensorflow\python\ops\bincount_ops.py:137: in bincount
    return gen_math_ops.bincount(arr, output_size, weights)
D:\Coding\Anaconda\envs\testagent-experiment\lib\site-packages\tensorflow\python\ops\gen_math_ops.py:1863: in bincount
    _ops.raise_from_not_ok_status(e, name)
_ _ _ _ _ _ _ _ _ _ _ _ _ _ _ _ _ _ _ _ _ _ _ _ _ _ _ _ _ _ _ _ _ _ _ _ _ _ _ _

e = _NotOkStatusException(), name = None

    def raise_from_not_ok_status(e, name):
      e.message += (" name: " + name if name is not None else "")
>     raise core._status_to_exception(e) from None  # pylint: disable=protected-access
E     tensorflow.python.framework.errors_impl.InvalidArgumentError: Input arr must be non-negative! [Op:Bincount]

D:\Coding\Anaconda\envs\testagent-experiment\lib\site-packages\tensorflow\python\framework\ops.py:7186: InvalidArgumentError
---------------------------- Captured stderr call -----------------------------
2026-01-21 14:08:34.031600: W tensorflow/core/framework/op_kernel.cc:1745] OP_REQUIRES failed at bincount_op.cc:229 : INVALID_ARGUMENT: Input arr must be non-negative!

---------- coverage: platform win32, python 3.9.25-final-0 -----------
Name                                               Stmts   Miss Branch BrPart  Cover   Missing
----------------------------------------------------------------------------------------------
tests\test_tensorflow_python_ops_bincount_ops.py     127     14     36     11    85%   24, 29, 34, 39, 44, 62, 88->87, 107, 113, 139->138, 163, 191->190, 210, 233->232, 239, 271-272, 284
----------------------------------------------------------------------------------------------
TOTAL                                                127     14     36     11    85%
Coverage XML written to file coverage.xml

=========================== short test summary info ===========================
FAILED tests\test_tensorflow_python_ops_bincount_ops.py::test_edge_case_all_negative
1 failed, 6 passed in 2.01s

Error: exit 1