=== Run Tests ===
FFFFFFF.E                                                                [100%]
==================================== ERRORS ====================================
___________________ ERROR at teardown of test_module_import ____________________

    @pytest.fixture(scope="session")
    def tf_session():
        """Create and yield a TensorFlow session for testing."""
        with tf.compat.v1.Session() as sess:
            yield sess
            # Clear any remaining tensors
>           tf.compat.v1.reset_default_graph()

tests/test_tensorflow_python_ops_signal_reconstruction_ops.py:16: 
_ _ _ _ _ _ _ _ _ _ _ _ _ _ _ _ _ _ _ _ _ _ _ _ _ _ _ _ _ _ _ _ _ _ _ _ _ _ _ _ 

    @tf_export(v1=["reset_default_graph"])
    def reset_default_graph():
      """Clears the default graph stack and resets the global default graph.
    
      NOTE: The default graph is a property of the current thread. This
      function applies only to the current thread.  Calling this function while
      a `tf.compat.v1.Session` or `tf.compat.v1.InteractiveSession` is active will
      result in undefined
      behavior. Using any previously created `tf.Operation` or `tf.Tensor` objects
      after calling this function will result in undefined behavior.
    
      @compatibility(TF2)
      `reset_default_graph` does not work with either eager execution or
      `tf.function`, and you should not invoke it directly. To migrate code that
      uses Graph-related functions to TF2, rewrite the code without them. See the
      [migration guide](https://www.tensorflow.org/guide/migrate) for more
      description about the behavior and semantic changes between Tensorflow 1 and
      Tensorflow 2.
      @end_compatibility
    
      Raises:
        AssertionError: If this function is called within a nested graph.
      """
      if not _default_graph_stack.is_cleared():
>       raise AssertionError("Do not use tf.reset_default_graph() to clear "
                             "nested graphs. If you need a cleared graph, "
                             "exit the nesting and create a new graph.")
E       AssertionError: Do not use tf.reset_default_graph() to clear nested graphs. If you need a cleared graph, exit the nesting and create a new graph.

/opt/anaconda3/envs/testagent-experiment/lib/python3.10/site-packages/tensorflow/python/framework/ops.py:6257: AssertionError
=================================== FAILURES ===================================
_ TestOverlapAndAdd.test_basic_functionality[signal_shape0-2-dtype0-cpu-flags0] _

self = <test_tensorflow_python_ops_signal_reconstruction_ops.TestOverlapAndAdd object at 0x1610fca30>
reset_random_seed = None
tf_session = <tensorflow.python.client.session.Session object at 0x1610ffb80>
signal_shape = [2, 3, 5], frame_step = 2, dtype = tf.float32, device = 'cpu'
flags = []

    @pytest.mark.parametrize("signal_shape,frame_step,dtype,device,flags", [
        # Base case from test plan
        ([2, 3, 5], 2, tf.float32, "cpu", []),
        # Parameter extension: different shape and step
        ([4, 6, 8], 3, tf.float32, "cpu", []),
        # Parameter extension: integer type
        ([2, 3, 5], 2, tf.int32, "cpu", []),
    ])
    def test_basic_functionality(self, reset_random_seed, tf_session,
                                signal_shape, frame_step, dtype, device, flags):
        """TC-01: Basic functionality verification."""
        # Skip GPU tests if device is GPU and not available
        if device == "gpu" and not tf.test.is_gpu_available():
            pytest.skip("GPU not available")
    
        # Create test signal
        signal = create_test_signal(signal_shape, dtype)
    
        # Compute expected output shape
        frames = signal_shape[-2]
        frame_length = signal_shape[-1]
        expected_output_length = compute_expected_output_length(
            frames, frame_length, frame_step
        )
        expected_shape = tuple(signal_shape[:-2]) + (expected_output_length,)
    
        # Call the function
        result = overlap_and_add(signal, frame_step)
    
        # Weak assertions (shape, dtype, finite, basic_property)
>       assert_tensor_properties(result, expected_shape, dtype)

tests/test_tensorflow_python_ops_signal_reconstruction_ops.py:83: 
_ _ _ _ _ _ _ _ _ _ _ _ _ _ _ _ _ _ _ _ _ _ _ _ _ _ _ _ _ _ _ _ _ _ _ _ _ _ _ _ 
tests/test_tensorflow_python_ops_signal_reconstruction_ops.py:46: in assert_tensor_properties
    assert tf.reduce_all(tf.math.is_finite(tensor)), "Tensor contains non-finite values"
/opt/anaconda3/envs/testagent-experiment/lib/python3.10/site-packages/tensorflow/python/framework/ops.py:959: in __bool__
    self._disallow_bool_casting()
/opt/anaconda3/envs/testagent-experiment/lib/python3.10/site-packages/tensorflow/python/framework/ops.py:560: in _disallow_bool_casting
    self._disallow_in_graph_mode(
_ _ _ _ _ _ _ _ _ _ _ _ _ _ _ _ _ _ _ _ _ _ _ _ _ _ _ _ _ _ _ _ _ _ _ _ _ _ _ _ 

self = <tf.Tensor 'All:0' shape=() dtype=bool>
task = 'Using a symbolic `tf.Tensor` as a Python `bool`'

    def _disallow_in_graph_mode(self, task):
>     raise errors.OperatorNotAllowedInGraphError(
          f"{task} is not allowed in Graph execution. Use Eager execution or"
          " decorate this function with @tf.function.")
E     tensorflow.python.framework.errors_impl.OperatorNotAllowedInGraphError: Using a symbolic `tf.Tensor` as a Python `bool` is not allowed in Graph execution. Use Eager execution or decorate this function with @tf.function.

/opt/anaconda3/envs/testagent-experiment/lib/python3.10/site-packages/tensorflow/python/framework/ops.py:544: OperatorNotAllowedInGraphError
_ TestOverlapAndAdd.test_basic_functionality[signal_shape1-3-dtype1-cpu-flags1] _

self = <test_tensorflow_python_ops_signal_reconstruction_ops.TestOverlapAndAdd object at 0x1610fcc70>
reset_random_seed = None
tf_session = <tensorflow.python.client.session.Session object at 0x1610ffb80>
signal_shape = [4, 6, 8], frame_step = 3, dtype = tf.float32, device = 'cpu'
flags = []

    @pytest.mark.parametrize("signal_shape,frame_step,dtype,device,flags", [
        # Base case from test plan
        ([2, 3, 5], 2, tf.float32, "cpu", []),
        # Parameter extension: different shape and step
        ([4, 6, 8], 3, tf.float32, "cpu", []),
        # Parameter extension: integer type
        ([2, 3, 5], 2, tf.int32, "cpu", []),
    ])
    def test_basic_functionality(self, reset_random_seed, tf_session,
                                signal_shape, frame_step, dtype, device, flags):
        """TC-01: Basic functionality verification."""
        # Skip GPU tests if device is GPU and not available
        if device == "gpu" and not tf.test.is_gpu_available():
            pytest.skip("GPU not available")
    
        # Create test signal
        signal = create_test_signal(signal_shape, dtype)
    
        # Compute expected output shape
        frames = signal_shape[-2]
        frame_length = signal_shape[-1]
        expected_output_length = compute_expected_output_length(
            frames, frame_length, frame_step
        )
        expected_shape = tuple(signal_shape[:-2]) + (expected_output_length,)
    
        # Call the function
        result = overlap_and_add(signal, frame_step)
    
        # Weak assertions (shape, dtype, finite, basic_property)
>       assert_tensor_properties(result, expected_shape, dtype)

tests/test_tensorflow_python_ops_signal_reconstruction_ops.py:83: 
_ _ _ _ _ _ _ _ _ _ _ _ _ _ _ _ _ _ _ _ _ _ _ _ _ _ _ _ _ _ _ _ _ _ _ _ _ _ _ _ 
tests/test_tensorflow_python_ops_signal_reconstruction_ops.py:46: in assert_tensor_properties
    assert tf.reduce_all(tf.math.is_finite(tensor)), "Tensor contains non-finite values"
/opt/anaconda3/envs/testagent-experiment/lib/python3.10/site-packages/tensorflow/python/framework/ops.py:959: in __bool__
    self._disallow_bool_casting()
/opt/anaconda3/envs/testagent-experiment/lib/python3.10/site-packages/tensorflow/python/framework/ops.py:560: in _disallow_bool_casting
    self._disallow_in_graph_mode(
_ _ _ _ _ _ _ _ _ _ _ _ _ _ _ _ _ _ _ _ _ _ _ _ _ _ _ _ _ _ _ _ _ _ _ _ _ _ _ _ 

self = <tf.Tensor 'All_1:0' shape=() dtype=bool>
task = 'Using a symbolic `tf.Tensor` as a Python `bool`'

    def _disallow_in_graph_mode(self, task):
>     raise errors.OperatorNotAllowedInGraphError(
          f"{task} is not allowed in Graph execution. Use Eager execution or"
          " decorate this function with @tf.function.")
E     tensorflow.python.framework.errors_impl.OperatorNotAllowedInGraphError: Using a symbolic `tf.Tensor` as a Python `bool` is not allowed in Graph execution. Use Eager execution or decorate this function with @tf.function.

/opt/anaconda3/envs/testagent-experiment/lib/python3.10/site-packages/tensorflow/python/framework/ops.py:544: OperatorNotAllowedInGraphError
_ TestOverlapAndAdd.test_basic_functionality[signal_shape2-2-dtype2-cpu-flags2] _

self = <test_tensorflow_python_ops_signal_reconstruction_ops.TestOverlapAndAdd object at 0x1610fce50>
reset_random_seed = None
tf_session = <tensorflow.python.client.session.Session object at 0x1610ffb80>
signal_shape = [2, 3, 5], frame_step = 2, dtype = tf.int32, device = 'cpu'
flags = []

    @pytest.mark.parametrize("signal_shape,frame_step,dtype,device,flags", [
        # Base case from test plan
        ([2, 3, 5], 2, tf.float32, "cpu", []),
        # Parameter extension: different shape and step
        ([4, 6, 8], 3, tf.float32, "cpu", []),
        # Parameter extension: integer type
        ([2, 3, 5], 2, tf.int32, "cpu", []),
    ])
    def test_basic_functionality(self, reset_random_seed, tf_session,
                                signal_shape, frame_step, dtype, device, flags):
        """TC-01: Basic functionality verification."""
        # Skip GPU tests if device is GPU and not available
        if device == "gpu" and not tf.test.is_gpu_available():
            pytest.skip("GPU not available")
    
        # Create test signal
        signal = create_test_signal(signal_shape, dtype)
    
        # Compute expected output shape
        frames = signal_shape[-2]
        frame_length = signal_shape[-1]
        expected_output_length = compute_expected_output_length(
            frames, frame_length, frame_step
        )
        expected_shape = tuple(signal_shape[:-2]) + (expected_output_length,)
    
        # Call the function
        result = overlap_and_add(signal, frame_step)
    
        # Weak assertions (shape, dtype, finite, basic_property)
>       assert_tensor_properties(result, expected_shape, dtype)

tests/test_tensorflow_python_ops_signal_reconstruction_ops.py:83: 
_ _ _ _ _ _ _ _ _ _ _ _ _ _ _ _ _ _ _ _ _ _ _ _ _ _ _ _ _ _ _ _ _ _ _ _ _ _ _ _ 
tests/test_tensorflow_python_ops_signal_reconstruction_ops.py:46: in assert_tensor_properties
    assert tf.reduce_all(tf.math.is_finite(tensor)), "Tensor contains non-finite values"
/opt/anaconda3/envs/testagent-experiment/lib/python3.10/site-packages/tensorflow/python/ops/gen_math_ops.py:4853: in is_finite
    _, _, _op, _outputs = _op_def_library._apply_op_helper(
/opt/anaconda3/envs/testagent-experiment/lib/python3.10/site-packages/tensorflow/python/framework/op_def_library.py:779: in _apply_op_helper
    _ExtractInputsAndAttrs(op_type_name, op_def, allowed_list_attr_map,
/opt/anaconda3/envs/testagent-experiment/lib/python3.10/site-packages/tensorflow/python/framework/op_def_library.py:660: in _ExtractInputsAndAttrs
    _SatisfiesTypeConstraint(
_ _ _ _ _ _ _ _ _ _ _ _ _ _ _ _ _ _ _ _ _ _ _ _ _ _ _ _ _ _ _ _ _ _ _ _ _ _ _ _ 

dtype = tf.int32
attr_def = name: "T"
type: "type"
allowed_values {
  list {
    type: DT_BFLOAT16
    type: DT_HALF
    type: DT_FLOAT
    type: DT_DOUBLE
  }
}

param_name = 'x'

    def _SatisfiesTypeConstraint(dtype, attr_def, param_name):
      if attr_def.HasField("allowed_values"):
        allowed_list = attr_def.allowed_values.list.type
        allowed_values = ", ".join(dtypes.as_dtype(x).name for x in allowed_list)
        if dtype not in allowed_list:
>         raise TypeError(
              f"Value passed to parameter '{param_name}' has DataType "
              f"{dtypes.as_dtype(dtype).name} not in list of allowed values: "
              f"{allowed_values}")
E         TypeError: Value passed to parameter 'x' has DataType int32 not in list of allowed values: bfloat16, float16, float32, float64

/opt/anaconda3/envs/testagent-experiment/lib/python3.10/site-packages/tensorflow/python/framework/op_def_library.py:58: TypeError
_ TestOverlapAndAdd.test_no_overlap_boundary_case[signal_shape0-4-dtype0-cpu-flags0] _

self = <test_tensorflow_python_ops_signal_reconstruction_ops.TestOverlapAndAdd object at 0x1610fd1b0>
reset_random_seed = None
tf_session = <tensorflow.python.client.session.Session object at 0x1610ffb80>
signal_shape = [3, 4, 4], frame_step = 4, dtype = tf.float32, device = 'cpu'
flags = ['no_overlap']

    @pytest.mark.parametrize("signal_shape,frame_step,dtype,device,flags", [
        # Base case from test plan
        ([3, 4, 4], 4, tf.float32, "cpu", ["no_overlap"]),
        # Parameter extension: different no-overlap configuration
        ([5, 6, 6], 6, tf.float32, "cpu", ["no_overlap"]),
    ])
    def test_no_overlap_boundary_case(self, reset_random_seed, tf_session,
                                     signal_shape, frame_step, dtype, device, flags):
        """TC-02: No overlap boundary case."""
        # Skip GPU tests if device is GPU and not available
        if device == "gpu" and not tf.test.is_gpu_available():
            pytest.skip("GPU not available")
    
        # Create test signal
        signal = create_test_signal(signal_shape, dtype)
    
        # Compute expected output shape
        frames = signal_shape[-2]
        frame_length = signal_shape[-1]
        expected_output_length = compute_expected_output_length(
            frames, frame_length, frame_step
        )
        expected_shape = tuple(signal_shape[:-2]) + (expected_output_length,)
    
        # Call the function
        result = overlap_and_add(signal, frame_step)
    
        # Weak assertions (shape, dtype, finite, basic_property)
>       assert_tensor_properties(result, expected_shape, dtype)

tests/test_tensorflow_python_ops_signal_reconstruction_ops.py:141: 
_ _ _ _ _ _ _ _ _ _ _ _ _ _ _ _ _ _ _ _ _ _ _ _ _ _ _ _ _ _ _ _ _ _ _ _ _ _ _ _ 
tests/test_tensorflow_python_ops_signal_reconstruction_ops.py:46: in assert_tensor_properties
    assert tf.reduce_all(tf.math.is_finite(tensor)), "Tensor contains non-finite values"
/opt/anaconda3/envs/testagent-experiment/lib/python3.10/site-packages/tensorflow/python/framework/ops.py:959: in __bool__
    self._disallow_bool_casting()
/opt/anaconda3/envs/testagent-experiment/lib/python3.10/site-packages/tensorflow/python/framework/ops.py:560: in _disallow_bool_casting
    self._disallow_in_graph_mode(
_ _ _ _ _ _ _ _ _ _ _ _ _ _ _ _ _ _ _ _ _ _ _ _ _ _ _ _ _ _ _ _ _ _ _ _ _ _ _ _ 

self = <tf.Tensor 'All_2:0' shape=() dtype=bool>
task = 'Using a symbolic `tf.Tensor` as a Python `bool`'

    def _disallow_in_graph_mode(self, task):
>     raise errors.OperatorNotAllowedInGraphError(
          f"{task} is not allowed in Graph execution. Use Eager execution or"
          " decorate this function with @tf.function.")
E     tensorflow.python.framework.errors_impl.OperatorNotAllowedInGraphError: Using a symbolic `tf.Tensor` as a Python `bool` is not allowed in Graph execution. Use Eager execution or decorate this function with @tf.function.

/opt/anaconda3/envs/testagent-experiment/lib/python3.10/site-packages/tensorflow/python/framework/ops.py:544: OperatorNotAllowedInGraphError
_ TestOverlapAndAdd.test_no_overlap_boundary_case[signal_shape1-6-dtype1-cpu-flags1] _

self = <test_tensorflow_python_ops_signal_reconstruction_ops.TestOverlapAndAdd object at 0x1610fd3f0>
reset_random_seed = None
tf_session = <tensorflow.python.client.session.Session object at 0x1610ffb80>
signal_shape = [5, 6, 6], frame_step = 6, dtype = tf.float32, device = 'cpu'
flags = ['no_overlap']

    @pytest.mark.parametrize("signal_shape,frame_step,dtype,device,flags", [
        # Base case from test plan
        ([3, 4, 4], 4, tf.float32, "cpu", ["no_overlap"]),
        # Parameter extension: different no-overlap configuration
        ([5, 6, 6], 6, tf.float32, "cpu", ["no_overlap"]),
    ])
    def test_no_overlap_boundary_case(self, reset_random_seed, tf_session,
                                     signal_shape, frame_step, dtype, device, flags):
        """TC-02: No overlap boundary case."""
        # Skip GPU tests if device is GPU and not available
        if device == "gpu" and not tf.test.is_gpu_available():
            pytest.skip("GPU not available")
    
        # Create test signal
        signal = create_test_signal(signal_shape, dtype)
    
        # Compute expected output shape
        frames = signal_shape[-2]
        frame_length = signal_shape[-1]
        expected_output_length = compute_expected_output_length(
            frames, frame_length, frame_step
        )
        expected_shape = tuple(signal_shape[:-2]) + (expected_output_length,)
    
        # Call the function
        result = overlap_and_add(signal, frame_step)
    
        # Weak assertions (shape, dtype, finite, basic_property)
>       assert_tensor_properties(result, expected_shape, dtype)

tests/test_tensorflow_python_ops_signal_reconstruction_ops.py:141: 
_ _ _ _ _ _ _ _ _ _ _ _ _ _ _ _ _ _ _ _ _ _ _ _ _ _ _ _ _ _ _ _ _ _ _ _ _ _ _ _ 
tests/test_tensorflow_python_ops_signal_reconstruction_ops.py:46: in assert_tensor_properties
    assert tf.reduce_all(tf.math.is_finite(tensor)), "Tensor contains non-finite values"
/opt/anaconda3/envs/testagent-experiment/lib/python3.10/site-packages/tensorflow/python/framework/ops.py:959: in __bool__
    self._disallow_bool_casting()
/opt/anaconda3/envs/testagent-experiment/lib/python3.10/site-packages/tensorflow/python/framework/ops.py:560: in _disallow_bool_casting
    self._disallow_in_graph_mode(
_ _ _ _ _ _ _ _ _ _ _ _ _ _ _ _ _ _ _ _ _ _ _ _ _ _ _ _ _ _ _ _ _ _ _ _ _ _ _ _ 

self = <tf.Tensor 'All_3:0' shape=() dtype=bool>
task = 'Using a symbolic `tf.Tensor` as a Python `bool`'

    def _disallow_in_graph_mode(self, task):
>     raise errors.OperatorNotAllowedInGraphError(
          f"{task} is not allowed in Graph execution. Use Eager execution or"
          " decorate this function with @tf.function.")
E     tensorflow.python.framework.errors_impl.OperatorNotAllowedInGraphError: Using a symbolic `tf.Tensor` as a Python `bool` is not allowed in Graph execution. Use Eager execution or decorate this function with @tf.function.

/opt/anaconda3/envs/testagent-experiment/lib/python3.10/site-packages/tensorflow/python/framework/ops.py:544: OperatorNotAllowedInGraphError
_ TestOverlapAndAdd.test_error_handling[signal_shape0-6-dtype0-cpu-flags0-ValueError] _

self = <test_tensorflow_python_ops_signal_reconstruction_ops.TestOverlapAndAdd object at 0x1610fd7e0>
reset_random_seed = None, signal_shape = [3, 5], frame_step = 6
dtype = tf.float32, device = 'cpu', flags = ['invalid_step']
expected_error = <class 'ValueError'>

    @pytest.mark.parametrize("signal_shape,frame_step,dtype,device,flags,expected_error", [
        # Base case from test plan: invalid step (frame_step > frame_length)
        ([3, 5], 6, tf.float32, "cpu", ["invalid_step"], ValueError),
        # Parameter extension: rank error (rank < 2)
        ([5], 2, tf.float32, "cpu", ["rank_error"], ValueError),
    ])
    def test_error_handling(self, reset_random_seed, signal_shape, frame_step,
                           dtype, device, flags, expected_error):
        """TC-03: Error handling verification."""
        # Skip GPU tests if device is GPU and not available
        if device == "gpu" and not tf.test.is_gpu_available():
            pytest.skip("GPU not available")
    
        # Create test signal
        signal = create_test_signal(signal_shape, dtype)
    
        # Weak assertions (exception_type, exception_message)
>       with pytest.raises(expected_error) as exc_info:
E       Failed: DID NOT RAISE <class 'ValueError'>

tests/test_tensorflow_python_ops_signal_reconstruction_ops.py:199: Failed
_ TestOverlapAndAdd.test_error_handling[signal_shape1-2-dtype1-cpu-flags1-ValueError] _

self = <test_tensorflow_python_ops_signal_reconstruction_ops.TestOverlapAndAdd object at 0x1610fda80>
reset_random_seed = None, signal_shape = [5], frame_step = 2, dtype = tf.float32
device = 'cpu', flags = ['rank_error'], expected_error = <class 'ValueError'>

    @pytest.mark.parametrize("signal_shape,frame_step,dtype,device,flags,expected_error", [
        # Base case from test plan: invalid step (frame_step > frame_length)
        ([3, 5], 6, tf.float32, "cpu", ["invalid_step"], ValueError),
        # Parameter extension: rank error (rank < 2)
        ([5], 2, tf.float32, "cpu", ["rank_error"], ValueError),
    ])
    def test_error_handling(self, reset_random_seed, signal_shape, frame_step,
                           dtype, device, flags, expected_error):
        """TC-03: Error handling verification."""
        # Skip GPU tests if device is GPU and not available
        if device == "gpu" and not tf.test.is_gpu_available():
            pytest.skip("GPU not available")
    
        # Create test signal
        signal = create_test_signal(signal_shape, dtype)
    
        # Weak assertions (exception_type, exception_message)
        with pytest.raises(expected_error) as exc_info:
            overlap_and_add(signal, frame_step)
    
        # Verify exception message contains relevant information
        error_message = str(exc_info.value).lower()
    
        if "invalid_step" in flags:
            # frame_step > frame_length should trigger ValueError
            assert "frame_step" in error_message or "length" in error_message, \
                f"Error message should mention frame_step or length: {error_message}"
    
        if "rank_error" in flags:
            # rank < 2 should trigger ValueError about rank
            assert "rank" in error_message or "dimension" in error_message, \
                f"Error message should mention rank or dimension: {error_message}"
    
        # Additional error condition checks
        if expected_error == ValueError:
            # For ValueError, ensure it's not a different type of error
            assert not isinstance(exc_info.value, TypeError), \
                "Expected ValueError, got TypeError"
    
        # Test with non-scalar frame_step (should also raise error)
        if "invalid_step" in flags:
            non_scalar_step = tf.constant([frame_step, frame_step], dtype=tf.int32)
            with pytest.raises(ValueError) as non_scalar_exc:
                overlap_and_add(signal, non_scalar_step)
            non_scalar_message = str(non_scalar_exc.value).lower()
            assert "scalar" in non_scalar_message or "rank" in non_scalar_message, \
                f"Non-scalar frame_step should mention scalar or rank: {non_scalar_message}"
    
        # Test with non-integer frame_step (should raise TypeError or ValueError)
        if dtype != tf.int32 and dtype != tf.int64:  # Only for float dtypes
            float_step = tf.constant(float(frame_step), dtype=tf.float32)
            with pytest.raises((ValueError, TypeError)) as float_step_exc:
                overlap_and_add(signal, float_step)
            float_step_message = str(float_step_exc.value).lower()
>           assert "integer" in float_step_message or "type" in float_step_message, \
                f"Non-integer frame_step should mention integer or type: {float_step_message}"
E           AssertionError: Non-integer frame_step should mention integer or type: shape (5,) must have rank at least 2
E           assert ('integer' in 'shape (5,) must have rank at least 2' or 'type' in 'shape (5,) must have rank at least 2')

tests/test_tensorflow_python_ops_signal_reconstruction_ops.py:236: AssertionError
=============================== warnings summary ===============================
../../../../../../../../opt/anaconda3/envs/testagent-experiment/lib/python3.10/site-packages/tensorflow/core/framework/tensor_shape_pb2.py:18
  /opt/anaconda3/envs/testagent-experiment/lib/python3.10/site-packages/tensorflow/core/framework/tensor_shape_pb2.py:18: DeprecationWarning: Call to deprecated create function FileDescriptor(). Note: Create unlinked descriptors is going to go away. Please use get/find descriptors from generated code or query the descriptor_pool.
    DESCRIPTOR = _descriptor.FileDescriptor(

../../../../../../../../opt/anaconda3/envs/testagent-experiment/lib/python3.10/site-packages/tensorflow/core/framework/tensor_shape_pb2.py:36
  /opt/anaconda3/envs/testagent-experiment/lib/python3.10/site-packages/tensorflow/core/framework/tensor_shape_pb2.py:36: DeprecationWarning: Call to deprecated create function FieldDescriptor(). Note: Create unlinked descriptors is going to go away. Please use get/find descriptors from generated code or query the descriptor_pool.
    _descriptor.FieldDescriptor(

../../../../../../../../opt/anaconda3/envs/testagent-experiment/lib/python3.10/site-packages/tensorflow/core/framework/tensor_shape_pb2.py:43
  /opt/anaconda3/envs/testagent-experiment/lib/python3.10/site-packages/tensorflow/core/framework/tensor_shape_pb2.py:43: DeprecationWarning: Call to deprecated create function FieldDescriptor(). Note: Create unlinked descriptors is going to go away. Please use get/find descriptors from generated code or query the descriptor_pool.
    _descriptor.FieldDescriptor(

../../../../../../../../opt/anaconda3/envs/testagent-experiment/lib/python3.10/site-packages/tensorflow/core/framework/tensor_shape_pb2.py:29
  /opt/anaconda3/envs/testagent-experiment/lib/python3.10/site-packages/tensorflow/core/framework/tensor_shape_pb2.py:29: DeprecationWarning: Call to deprecated create function Descriptor(). Note: Create unlinked descriptors is going to go away. Please use get/find descriptors from generated code or query the descriptor_pool.
    _TENSORSHAPEPROTO_DIM = _descriptor.Descriptor(

../../../../../../../../opt/anaconda3/envs/testagent-experiment/lib/python3.10/site-packages/tensorflow/core/framework/tensor_shape_pb2.py:73
  /opt/anaconda3/envs/testagent-experiment/lib/python3.10/site-packages/tensorflow/core/framework/tensor_shape_pb2.py:73: DeprecationWarning: Call to deprecated create function FieldDescriptor(). Note: Create unlinked descriptors is going to go away. Please use get/find descriptors from generated code or query the descriptor_pool.
    _descriptor.FieldDescriptor(

../../../../../../../../opt/anaconda3/envs/testagent-experiment/lib/python3.10/site-packages/tensorflow/core/framework/tensor_shape_pb2.py:80
  /opt/anaconda3/envs/testagent-experiment/lib/python3.10/site-packages/tensorflow/core/framework/tensor_shape_pb2.py:80: DeprecationWarning: Call to deprecated create function FieldDescriptor(). Note: Create unlinked descriptors is going to go away. Please use get/find descriptors from generated code or query the descriptor_pool.
    _descriptor.FieldDescriptor(

../../../../../../../../opt/anaconda3/envs/testagent-experiment/lib/python3.10/site-packages/tensorflow/core/framework/tensor_shape_pb2.py:66
  /opt/anaconda3/envs/testagent-experiment/lib/python3.10/site-packages/tensorflow/core/framework/tensor_shape_pb2.py:66: DeprecationWarning: Call to deprecated create function Descriptor(). Note: Create unlinked descriptors is going to go away. Please use get/find descriptors from generated code or query the descriptor_pool.
    _TENSORSHAPEPROTO = _descriptor.Descriptor(

../../../../../../../../opt/anaconda3/envs/testagent-experiment/lib/python3.10/site-packages/tensorflow/core/framework/types_pb2.py:19
  /opt/anaconda3/envs/testagent-experiment/lib/python3.10/site-packages/tensorflow/core/framework/types_pb2.py:19: DeprecationWarning: Call to deprecated create function FileDescriptor(). Note: Create unlinked descriptors is going to go away. Please use get/find descriptors from generated code or query the descriptor_pool.
    DESCRIPTOR = _descriptor.FileDescriptor(

../../../../../../../../opt/anaconda3/envs/testagent-experiment/lib/python3.10/site-packages/tensorflow/core/framework/types_pb2.py:33
  /opt/anaconda3/envs/testagent-experiment/lib/python3.10/site-packages/tensorflow/core/framework/types_pb2.py:33: DeprecationWarning: Call to deprecated create function EnumValueDescriptor(). Note: Create unlinked descriptors is going to go away. Please use get/find descriptors from generated code or query the descriptor_pool.
    _descriptor.EnumValueDescriptor(

../../../../../../../../opt/anaconda3/envs/testagent-experiment/lib/python3.10/site-packages/tensorflow/core/framework/types_pb2.py:37
  /opt/anaconda3/envs/testagent-experiment/lib/python3.10/site-packages/tensorflow/core/framework/types_pb2.py:37: DeprecationWarning: Call to deprecated create function EnumValueDescriptor(). Note: Create unlinked descriptors is going to go away. Please use get/find descriptors from generated code or query the descriptor_pool.
    _descriptor.EnumValueDescriptor(

../../../../../../../../opt/anaconda3/envs/testagent-experiment/lib/python3.10/site-packages/tensorflow/core/framework/types_pb2.py:41
  /opt/anaconda3/envs/testagent-experiment/lib/python3.10/site-packages/tensorflow/core/framework/types_pb2.py:41: DeprecationWarning: Call to deprecated create function EnumValueDescriptor(). Note: Create unlinked descriptors is going to go away. Please use get/find descriptors from generated code or query the descriptor_pool.
    _descriptor.EnumValueDescriptor(

../../../../../../../../opt/anaconda3/envs/testagent-experiment/lib/python3.10/site-packages/tensorflow/core/framework/types_pb2.py:45
  /opt/anaconda3/envs/testagent-experiment/lib/python3.10/site-packages/tensorflow/core/framework/types_pb2.py:45: DeprecationWarning: Call to deprecated create function EnumValueDescriptor(). Note: Create unlinked descriptors is going to go away. Please use get/find descriptors from generated code or query the descriptor_pool.
    _descriptor.EnumValueDescriptor(

../../../../../../../../opt/anaconda3/envs/testagent-experiment/lib/python3.10/site-packages/tensorflow/core/framework/types_pb2.py:49
  /opt/anaconda3/envs/testagent-experiment/lib/python3.10/site-packages/tensorflow/core/framework/types_pb2.py:49: DeprecationWarning: Call to deprecated create function EnumValueDescriptor(). Note: Create unlinked descriptors is going to go away. Please use get/find descriptors from generated code or query the descriptor_pool.
    _descriptor.EnumValueDescriptor(

../../../../../../../../opt/anaconda3/envs/testagent-experiment/lib/python3.10/site-packages/tensorflow/core/framework/types_pb2.py:53
  /opt/anaconda3/envs/testagent-experiment/lib/python3.10/site-packages/tensorflow/core/framework/types_pb2.py:53: DeprecationWarning: Call to deprecated create function EnumValueDescriptor(). Note: Create unlinked descriptors is going to go away. Please use get/find descriptors from generated code or query the descriptor_pool.
    _descriptor.EnumValueDescriptor(

../../../../../../../../opt/anaconda3/envs/testagent-experiment/lib/python3.10/site-packages/tensorflow/core/framework/types_pb2.py:57
  /opt/anaconda3/envs/testagent-experiment/lib/python3.10/site-packages/tensorflow/core/framework/types_pb2.py:57: DeprecationWarning: Call to deprecated create function EnumValueDescriptor(). Note: Create unlinked descriptors is going to go away. Please use get/find descriptors from generated code or query the descriptor_pool.
    _descriptor.EnumValueDescriptor(

../../../../../../../../opt/anaconda3/envs/testagent-experiment/lib/python3.10/site-packages/tensorflow/core/framework/types_pb2.py:61
  /opt/anaconda3/envs/testagent-experiment/lib/python3.10/site-packages/tensorflow/core/framework/types_pb2.py:61: DeprecationWarning: Call to deprecated create function EnumValueDescriptor(). Note: Create unlinked descriptors is going to go away. Please use get/find descriptors from generated code or query the descriptor_pool.
    _descriptor.EnumValueDescriptor(

../../../../../../../../opt/anaconda3/envs/testagent-experiment/lib/python3.10/site-packages/tensorflow/core/framework/types_pb2.py:65
  /opt/anaconda3/envs/testagent-experiment/lib/python3.10/site-packages/tensorflow/core/framework/types_pb2.py:65: DeprecationWarning: Call to deprecated create function EnumValueDescriptor(). Note: Create unlinked descriptors is going to go away. Please use get/find descriptors from generated code or query the descriptor_pool.
    _descriptor.EnumValueDescriptor(

../../../../../../../../opt/anaconda3/envs/testagent-experiment/lib/python3.10/site-packages/tensorflow/core/framework/types_pb2.py:69
  /opt/anaconda3/envs/testagent-experiment/lib/python3.10/site-packages/tensorflow/core/framework/types_pb2.py:69: DeprecationWarning: Call to deprecated create function EnumValueDescriptor(). Note: Create unlinked descriptors is going to go away. Please use get/find descriptors from generated code or query the descriptor_pool.
    _descriptor.EnumValueDescriptor(

../../../../../../../../opt/anaconda3/envs/testagent-experiment/lib/python3.10/site-packages/tensorflow/core/framework/types_pb2.py:73
  /opt/anaconda3/envs/testagent-experiment/lib/python3.10/site-packages/tensorflow/core/framework/types_pb2.py:73: DeprecationWarning: Call to deprecated create function EnumValueDescriptor(). Note: Create unlinked descriptors is going to go away. Please use get/find descriptors from generated code or query the descriptor_pool.
    _descriptor.EnumValueDescriptor(

../../../../../../../../opt/anaconda3/envs/testagent-experiment/lib/python3.10/site-packages/tensorflow/core/framework/types_pb2.py:77
  /opt/anaconda3/envs/testagent-experiment/lib/python3.10/site-packages/tensorflow/core/framework/types_pb2.py:77: DeprecationWarning: Call to deprecated create function EnumValueDescriptor(). Note: Create unlinked descriptors is going to go away. Please use get/find descriptors from generated code or query the descriptor_pool.
    _descriptor.EnumValueDescriptor(

../../../../../../../../opt/anaconda3/envs/testagent-experiment/lib/python3.10/site-packages/tensorflow/core/framework/types_pb2.py:81
  /opt/anaconda3/envs/testagent-experiment/lib/python3.10/site-packages/tensorflow/core/framework/types_pb2.py:81: DeprecationWarning: Call to deprecated create function EnumValueDescriptor(). Note: Create unlinked descriptors is going to go away. Please use get/find descriptors from generated code or query the descriptor_pool.
    _descriptor.EnumValueDescriptor(

../../../../../../../../opt/anaconda3/envs/testagent-experiment/lib/python3.10/site-packages/tensorflow/core/framework/types_pb2.py:85
  /opt/anaconda3/envs/testagent-experiment/lib/python3.10/site-packages/tensorflow/core/framework/types_pb2.py:85: DeprecationWarning: Call to deprecated create function EnumValueDescriptor(). Note: Create unlinked descriptors is going to go away. Please use get/find descriptors from generated code or query the descriptor_pool.
    _descriptor.EnumValueDescriptor(

../../../../../../../../opt/anaconda3/envs/testagent-experiment/lib/python3.10/site-packages/tensorflow/core/framework/types_pb2.py:89
  /opt/anaconda3/envs/testagent-experiment/lib/python3.10/site-packages/tensorflow/core/framework/types_pb2.py:89: DeprecationWarning: Call to deprecated create function EnumValueDescriptor(). Note: Create unlinked descriptors is going to go away. Please use get/find descriptors from generated code or query the descriptor_pool.
    _descriptor.EnumValueDescriptor(

../../../../../../../../opt/anaconda3/envs/testagent-experiment/lib/python3.10/site-packages/tensorflow/core/framework/types_pb2.py:93
  /opt/anaconda3/envs/testagent-experiment/lib/python3.10/site-packages/tensorflow/core/framework/types_pb2.py:93: DeprecationWarning: Call to deprecated create function EnumValueDescriptor(). Note: Create unlinked descriptors is going to go away. Please use get/find descriptors from generated code or query the descriptor_pool.
    _descriptor.EnumValueDescriptor(

../../../../../../../../opt/anaconda3/envs/testagent-experiment/lib/python3.10/site-packages/tensorflow/core/framework/types_pb2.py:97
  /opt/anaconda3/envs/testagent-experiment/lib/python3.10/site-packages/tensorflow/core/framework/types_pb2.py:97: DeprecationWarning: Call to deprecated create function EnumValueDescriptor(). Note: Create unlinked descriptors is going to go away. Please use get/find descriptors from generated code or query the descriptor_pool.
    _descriptor.EnumValueDescriptor(

../../../../../../../../opt/anaconda3/envs/testagent-experiment/lib/python3.10/site-packages/tensorflow/core/framework/types_pb2.py:101
  /opt/anaconda3/envs/testagent-experiment/lib/python3.10/site-packages/tensorflow/core/framework/types_pb2.py:101: DeprecationWarning: Call to deprecated create function EnumValueDescriptor(). Note: Create unlinked descriptors is going to go away. Please use get/find descriptors from generated code or query the descriptor_pool.
    _descriptor.EnumValueDescriptor(

../../../../../../../../opt/anaconda3/envs/testagent-experiment/lib/python3.10/site-packages/tensorflow/core/framework/types_pb2.py:105
  /opt/anaconda3/envs/testagent-experiment/lib/python3.10/site-packages/tensorflow/core/framework/types_pb2.py:105: DeprecationWarning: Call to deprecated create function EnumValueDescriptor(). Note: Create unlinked descriptors is going to go away. Please use get/find descriptors from generated code or query the descriptor_pool.
    _descriptor.EnumValueDescriptor(

../../../../../../../../opt/anaconda3/envs/testagent-experiment/lib/python3.10/site-packages/tensorflow/core/framework/types_pb2.py:109
  /opt/anaconda3/envs/testagent-experiment/lib/python3.10/site-packages/tensorflow/core/framework/types_pb2.py:109: DeprecationWarning: Call to deprecated create function EnumValueDescriptor(). Note: Create unlinked descriptors is going to go away. Please use get/find descriptors from generated code or query the descriptor_pool.
    _descriptor.EnumValueDescriptor(

../../../../../../../../opt/anaconda3/envs/testagent-experiment/lib/python3.10/site-packages/tensorflow/core/framework/types_pb2.py:113
  /opt/anaconda3/envs/testagent-experiment/lib/python3.10/site-packages/tensorflow/core/framework/types_pb2.py:113: DeprecationWarning: Call to deprecated create function EnumValueDescriptor(). Note: Create unlinked descriptors is going to go away. Please use get/find descriptors from generated code or query the descriptor_pool.
    _descriptor.EnumValueDescriptor(

../../../../../../../../opt/anaconda3/envs/testagent-experiment/lib/python3.10/site-packages/tensorflow/core/framework/types_pb2.py:117
  /opt/anaconda3/envs/testagent-experiment/lib/python3.10/site-packages/tensorflow/core/framework/types_pb2.py:117: DeprecationWarning: Call to deprecated create function EnumValueDescriptor(). Note: Create unlinked descriptors is going to go away. Please use get/find descriptors from generated code or query the descriptor_pool.
    _descriptor.EnumValueDescriptor(

../../../../../../../../opt/anaconda3/envs/testagent-experiment/lib/python3.10/site-packages/tensorflow/core/framework/types_pb2.py:121
  /opt/anaconda3/envs/testagent-experiment/lib/python3.10/site-packages/tensorflow/core/framework/types_pb2.py:121: DeprecationWarning: Call to deprecated create function EnumValueDescriptor(). Note: Create unlinked descriptors is going to go away. Please use get/find descriptors from generated code or query the descriptor_pool.
    _descriptor.EnumValueDescriptor(

../../../../../../../../opt/anaconda3/envs/testagent-experiment/lib/python3.10/site-packages/tensorflow/core/framework/types_pb2.py:125
  /opt/anaconda3/envs/testagent-experiment/lib/python3.10/site-packages/tensorflow/core/framework/types_pb2.py:125: DeprecationWarning: Call to deprecated create function EnumValueDescriptor(). Note: Create unlinked descriptors is going to go away. Please use get/find descriptors from generated code or query the descriptor_pool.
    _descriptor.EnumValueDescriptor(

../../../../../../../../opt/anaconda3/envs/testagent-experiment/lib/python3.10/site-packages/tensorflow/core/framework/types_pb2.py:129
  /opt/anaconda3/envs/testagent-experiment/lib/python3.10/site-packages/tensorflow/core/framework/types_pb2.py:129: DeprecationWarning: Call to deprecated create function EnumValueDescriptor(). Note: Create unlinked descriptors is going to go away. Please use get/find descriptors from generated code or query the descriptor_pool.
    _descriptor.EnumValueDescriptor(

../../../../../../../../opt/anaconda3/envs/testagent-experiment/lib/python3.10/site-packages/tensorflow/core/framework/types_pb2.py:133
  /opt/anaconda3/envs/testagent-experiment/lib/python3.10/site-packages/tensorflow/core/framework/types_pb2.py:133: DeprecationWarning: Call to deprecated create function EnumValueDescriptor(). Note: Create unlinked descriptors is going to go away. Please use get/find descriptors from generated code or query the descriptor_pool.
    _descriptor.EnumValueDescriptor(

../../../../../../../../opt/anaconda3/envs/testagent-experiment/lib/python3.10/site-packages/tensorflow/core/framework/types_pb2.py:137
  /opt/anaconda3/envs/testagent-experiment/lib/python3.10/site-packages/tensorflow/core/framework/types_pb2.py:137: DeprecationWarning: Call to deprecated create function EnumValueDescriptor(). Note: Create unlinked descriptors is going to go away. Please use get/find descriptors from generated code or query the descriptor_pool.
    _descriptor.EnumValueDescriptor(

../../../../../../../../opt/anaconda3/envs/testagent-experiment/lib/python3.10/site-packages/tensorflow/core/framework/types_pb2.py:141
  /opt/anaconda3/envs/testagent-experiment/lib/python3.10/site-packages/tensorflow/core/framework/types_pb2.py:141: DeprecationWarning: Call to deprecated create function EnumValueDescriptor(). Note: Create unlinked descriptors is going to go away. Please use get/find descriptors from generated code or query the descriptor_pool.
    _descriptor.EnumValueDescriptor(

../../../../../../../../opt/anaconda3/envs/testagent-experiment/lib/python3.10/site-packages/tensorflow/core/framework/types_pb2.py:145
  /opt/anaconda3/envs/testagent-experiment/lib/python3.10/site-packages/tensorflow/core/framework/types_pb2.py:145: DeprecationWarning: Call to deprecated create function EnumValueDescriptor(). Note: Create unlinked descriptors is going to go away. Please use get/find descriptors from generated code or query the descriptor_pool.
    _descriptor.EnumValueDescriptor(

../../../../../../../../opt/anaconda3/envs/testagent-experiment/lib/python3.10/site-packages/tensorflow/core/framework/types_pb2.py:149
  /opt/anaconda3/envs/testagent-experiment/lib/python3.10/site-packages/tensorflow/core/framework/types_pb2.py:149: DeprecationWarning: Call to deprecated create function EnumValueDescriptor(). Note: Create unlinked descriptors is going to go away. Please use get/find descriptors from generated code or query the descriptor_pool.
    _descriptor.EnumValueDescriptor(

../../../../../../../../opt/anaconda3/envs/testagent-experiment/lib/python3.10/site-packages/tensorflow/core/framework/types_pb2.py:153
  /opt/anaconda3/envs/testagent-experiment/lib/python3.10/site-packages/tensorflow/core/framework/types_pb2.py:153: DeprecationWarning: Call to deprecated create function EnumValueDescriptor(). Note: Create unlinked descriptors is going to go away. Please use get/find descriptors from generated code or query the descriptor_pool.
    _descriptor.EnumValueDescriptor(

../../../../../../../../opt/anaconda3/envs/testagent-experiment/lib/python3.10/site-packages/tensorflow/core/framework/types_pb2.py:157
  /opt/anaconda3/envs/testagent-experiment/lib/python3.10/site-packages/tensorflow/core/framework/types_pb2.py:157: DeprecationWarning: Call to deprecated create function EnumValueDescriptor(). Note: Create unlinked descriptors is going to go away. Please use get/find descriptors from generated code or query the descriptor_pool.
    _descriptor.EnumValueDescriptor(

../../../../../../../../opt/anaconda3/envs/testagent-experiment/lib/python3.10/site-packages/tensorflow/core/framework/types_pb2.py:161
  /opt/anaconda3/envs/testagent-experiment/lib/python3.10/site-packages/tensorflow/core/framework/types_pb2.py:161: DeprecationWarning: Call to deprecated create function EnumValueDescriptor(). Note: Create unlinked descriptors is going to go away. Please use get/find descriptors from generated code or query the descriptor_pool.
    _descriptor.EnumValueDescriptor(

../../../../../../../../opt/anaconda3/envs/testagent-experiment/lib/python3.10/site-packages/tensorflow/core/framework/types_pb2.py:165
  /opt/anaconda3/envs/testagent-experiment/lib/python3.10/site-packages/tensorflow/core/framework/types_pb2.py:165: DeprecationWarning: Call to deprecated create function EnumValueDescriptor(). Note: Create unlinked descriptors is going to go away. Please use get/find descriptors from generated code or query the descriptor_pool.
    _descriptor.EnumValueDescriptor(

../../../../../../../../opt/anaconda3/envs/testagent-experiment/lib/python3.10/site-packages/tensorflow/core/framework/types_pb2.py:169
  /opt/anaconda3/envs/testagent-experiment/lib/python3.10/site-packages/tensorflow/core/framework/types_pb2.py:169: DeprecationWarning: Call to deprecated create function EnumValueDescriptor(). Note: Create unlinked descriptors is going to go away. Please use get/find descriptors from generated code or query the descriptor_pool.
    _descriptor.EnumValueDescriptor(

../../../../../../../../opt/anaconda3/envs/testagent-experiment/lib/python3.10/site-packages/tensorflow/core/framework/types_pb2.py:173
  /opt/anaconda3/envs/testagent-experiment/lib/python3.10/site-packages/tensorflow/core/framework/types_pb2.py:173: DeprecationWarning: Call to deprecated create function EnumValueDescriptor(). Note: Create unlinked descriptors is going to go away. Please use get/find descriptors from generated code or query the descriptor_pool.
    _descriptor.EnumValueDescriptor(

../../../../../../../../opt/anaconda3/envs/testagent-experiment/lib/python3.10/site-packages/tensorflow/core/framework/types_pb2.py:177
  /opt/anaconda3/envs/testagent-experiment/lib/python3.10/site-packages/tensorflow/core/framework/types_pb2.py:177: DeprecationWarning: Call to deprecated create function EnumValueDescriptor(). Note: Create unlinked descriptors is going to go away. Please use get/find descriptors from generated code or query the descriptor_pool.
    _descriptor.EnumValueDescriptor(

../../../../../../../../opt/anaconda3/envs/testagent-experiment/lib/python3.10/site-packages/tensorflow/core/framework/types_pb2.py:181
  /opt/anaconda3/envs/testagent-experiment/lib/python3.10/site-packages/tensorflow/core/framework/types_pb2.py:181: DeprecationWarning: Call to deprecated create function EnumValueDescriptor(). Note: Create unlinked descriptors is going to go away. Please use get/find descriptors from generated code or query the descriptor_pool.
    _descriptor.EnumValueDescriptor(

../../../../../../../../opt/anaconda3/envs/testagent-experiment/lib/python3.10/site-packages/tensorflow/core/framework/types_pb2.py:185
  /opt/anaconda3/envs/testagent-experiment/lib/python3.10/site-packages/tensorflow/core/framework/types_pb2.py:185: DeprecationWarning: Call to deprecated create function EnumValueDescriptor(). Note: Create unlinked descriptors is going to go away. Please use get/find descriptors from generated code or query the descriptor_pool.
    _descriptor.EnumValueDescriptor(

../../../../../../../../opt/anaconda3/envs/testagent-experiment/lib/python3.10/site-packages/tensorflow/core/framework/types_pb2.py:189
  /opt/anaconda3/envs/testagent-experiment/lib/python3.10/site-packages/tensorflow/core/framework/types_pb2.py:189: DeprecationWarning: Call to deprecated create function EnumValueDescriptor(). Note: Create unlinked descriptors is going to go away. Please use get/find descriptors from generated code or query the descriptor_pool.
    _descriptor.EnumValueDescriptor(

../../../../../../../../opt/anaconda3/envs/testagent-experiment/lib/python3.10/site-packages/tensorflow/core/framework/types_pb2.py:193
  /opt/anaconda3/envs/testagent-experiment/lib/python3.10/site-packages/tensorflow/core/framework/types_pb2.py:193: DeprecationWarning: Call to deprecated create function EnumValueDescriptor(). Note: Create unlinked descriptors is going to go away. Please use get/find descriptors from generated code or query the descriptor_pool.
    _descriptor.EnumValueDescriptor(

../../../../../../../../opt/anaconda3/envs/testagent-experiment/lib/python3.10/site-packages/tensorflow/core/framework/types_pb2.py:197
  /opt/anaconda3/envs/testagent-experiment/lib/python3.10/site-packages/tensorflow/core/framework/types_pb2.py:197: DeprecationWarning: Call to deprecated create function EnumValueDescriptor(). Note: Create unlinked descriptors is going to go away. Please use get/find descriptors from generated code or query the descriptor_pool.
    _descriptor.EnumValueDescriptor(

../../../../../../../../opt/anaconda3/envs/testagent-experiment/lib/python3.10/site-packages/tensorflow/core/framework/types_pb2.py:201
  /opt/anaconda3/envs/testagent-experiment/lib/python3.10/site-packages/tensorflow/core/framework/types_pb2.py:201: DeprecationWarning: Call to deprecated create function EnumValueDescriptor(). Note: Create unlinked descriptors is going to go away. Please use get/find descriptors from generated code or query the descriptor_pool.
    _descriptor.EnumValueDescriptor(

../../../../../../../../opt/anaconda3/envs/testagent-experiment/lib/python3.10/site-packages/tensorflow/core/framework/types_pb2.py:205
  /opt/anaconda3/envs/testagent-experiment/lib/python3.10/site-packages/tensorflow/core/framework/types_pb2.py:205: DeprecationWarning: Call to deprecated create function EnumValueDescriptor(). Note: Create unlinked descriptors is going to go away. Please use get/find descriptors from generated code or query the descriptor_pool.
    _descriptor.EnumValueDescriptor(

../../../../../../../../opt/anaconda3/envs/testagent-experiment/lib/python3.10/site-packages/tensorflow/core/framework/types_pb2.py:209
  /opt/anaconda3/envs/testagent-experiment/lib/python3.10/site-packages/tensorflow/core/framework/types_pb2.py:209: DeprecationWarning: Call to deprecated create function EnumValueDescriptor(). Note: Create unlinked descriptors is going to go away. Please use get/find descriptors from generated code or query the descriptor_pool.
    _descriptor.EnumValueDescriptor(

../../../../../../../../opt/anaconda3/envs/testagent-experiment/lib/python3.10/site-packages/tensorflow/core/framework/types_pb2.py:213
  /opt/anaconda3/envs/testagent-experiment/lib/python3.10/site-packages/tensorflow/core/framework/types_pb2.py:213: DeprecationWarning: Call to deprecated create function EnumValueDescriptor(). Note: Create unlinked descriptors is going to go away. Please use get/find descriptors from generated code or query the descriptor_pool.
    _descriptor.EnumValueDescriptor(

../../../../../../../../opt/anaconda3/envs/testagent-experiment/lib/python3.10/site-packages/tensorflow/core/framework/types_pb2.py:217
  /opt/anaconda3/envs/testagent-experiment/lib/python3.10/site-packages/tensorflow/core/framework/types_pb2.py:217: DeprecationWarning: Call to deprecated create function EnumValueDescriptor(). Note: Create unlinked descriptors is going to go away. Please use get/find descriptors from generated code or query the descriptor_pool.
    _descriptor.EnumValueDescriptor(

../../../../../../../../opt/anaconda3/envs/testagent-experiment/lib/python3.10/site-packages/tensorflow/core/framework/types_pb2.py:27
  /opt/anaconda3/envs/testagent-experiment/lib/python3.10/site-packages/tensorflow/core/framework/types_pb2.py:27: DeprecationWarning: Call to deprecated create function EnumDescriptor(). Note: Create unlinked descriptors is going to go away. Please use get/find descriptors from generated code or query the descriptor_pool.
    _DATATYPE = _descriptor.EnumDescriptor(

../../../../../../../../opt/anaconda3/envs/testagent-experiment/lib/python3.10/site-packages/tensorflow/core/framework/resource_handle_pb2.py:20
  /opt/anaconda3/envs/testagent-experiment/lib/python3.10/site-packages/tensorflow/core/framework/resource_handle_pb2.py:20: DeprecationWarning: Call to deprecated create function FileDescriptor(). Note: Create unlinked descriptors is going to go away. Please use get/find descriptors from generated code or query the descriptor_pool.
    DESCRIPTOR = _descriptor.FileDescriptor(

../../../../../../../../opt/anaconda3/envs/testagent-experiment/lib/python3.10/site-packages/tensorflow/core/framework/resource_handle_pb2.py:39
  /opt/anaconda3/envs/testagent-experiment/lib/python3.10/site-packages/tensorflow/core/framework/resource_handle_pb2.py:39: DeprecationWarning: Call to deprecated create function FieldDescriptor(). Note: Create unlinked descriptors is going to go away. Please use get/find descriptors from generated code or query the descriptor_pool.
    _descriptor.FieldDescriptor(

../../../../../../../../opt/anaconda3/envs/testagent-experiment/lib/python3.10/site-packages/tensorflow/core/framework/resource_handle_pb2.py:46
  /opt/anaconda3/envs/testagent-experiment/lib/python3.10/site-packages/tensorflow/core/framework/resource_handle_pb2.py:46: DeprecationWarning: Call to deprecated create function FieldDescriptor(). Note: Create unlinked descriptors is going to go away. Please use get/find descriptors from generated code or query the descriptor_pool.
    _descriptor.FieldDescriptor(

../../../../../../../../opt/anaconda3/envs/testagent-experiment/lib/python3.10/site-packages/tensorflow/core/framework/resource_handle_pb2.py:32
  /opt/anaconda3/envs/testagent-experiment/lib/python3.10/site-packages/tensorflow/core/framework/resource_handle_pb2.py:32: DeprecationWarning: Call to deprecated create function Descriptor(). Note: Create unlinked descriptors is going to go away. Please use get/find descriptors from generated code or query the descriptor_pool.
    _RESOURCEHANDLEPROTO_DTYPEANDSHAPE = _descriptor.Descriptor(

../../../../../../../../opt/anaconda3/envs/testagent-experiment/lib/python3.10/site-packages/tensorflow/core/framework/resource_handle_pb2.py:76
  /opt/anaconda3/envs/testagent-experiment/lib/python3.10/site-packages/tensorflow/core/framework/resource_handle_pb2.py:76: DeprecationWarning: Call to deprecated create function FieldDescriptor(). Note: Create unlinked descriptors is going to go away. Please use get/find descriptors from generated code or query the descriptor_pool.
    _descriptor.FieldDescriptor(

../../../../../../../../opt/anaconda3/envs/testagent-experiment/lib/python3.10/site-packages/tensorflow/core/framework/resource_handle_pb2.py:83
  /opt/anaconda3/envs/testagent-experiment/lib/python3.10/site-packages/tensorflow/core/framework/resource_handle_pb2.py:83: DeprecationWarning: Call to deprecated create function FieldDescriptor(). Note: Create unlinked descriptors is going to go away. Please use get/find descriptors from generated code or query the descriptor_pool.
    _descriptor.FieldDescriptor(

../../../../../../../../opt/anaconda3/envs/testagent-experiment/lib/python3.10/site-packages/tensorflow/core/framework/resource_handle_pb2.py:90
  /opt/anaconda3/envs/testagent-experiment/lib/python3.10/site-packages/tensorflow/core/framework/resource_handle_pb2.py:90: DeprecationWarning: Call to deprecated create function FieldDescriptor(). Note: Create unlinked descriptors is going to go away. Please use get/find descriptors from generated code or query the descriptor_pool.
    _descriptor.FieldDescriptor(

../../../../../../../../opt/anaconda3/envs/testagent-experiment/lib/python3.10/site-packages/tensorflow/core/framework/resource_handle_pb2.py:97
  /opt/anaconda3/envs/testagent-experiment/lib/python3.10/site-packages/tensorflow/core/framework/resource_handle_pb2.py:97: DeprecationWarning: Call to deprecated create function FieldDescriptor(). Note: Create unlinked descriptors is going to go away. Please use get/find descriptors from generated code or query the descriptor_pool.
    _descriptor.FieldDescriptor(

../../../../../../../../opt/anaconda3/envs/testagent-experiment/lib/python3.10/site-packages/tensorflow/core/framework/resource_handle_pb2.py:104
  /opt/anaconda3/envs/testagent-experiment/lib/python3.10/site-packages/tensorflow/core/framework/resource_handle_pb2.py:104: DeprecationWarning: Call to deprecated create function FieldDescriptor(). Note: Create unlinked descriptors is going to go away. Please use get/find descriptors from generated code or query the descriptor_pool.
    _descriptor.FieldDescriptor(

../../../../../../../../opt/anaconda3/envs/testagent-experiment/lib/python3.10/site-packages/tensorflow/core/framework/resource_handle_pb2.py:111
  /opt/anaconda3/envs/testagent-experiment/lib/python3.10/site-packages/tensorflow/core/framework/resource_handle_pb2.py:111: DeprecationWarning: Call to deprecated create function FieldDescriptor(). Note: Create unlinked descriptors is going to go away. Please use get/find descriptors from generated code or query the descriptor_pool.
    _descriptor.FieldDescriptor(

../../../../../../../../opt/anaconda3/envs/testagent-experiment/lib/python3.10/site-packages/tensorflow/core/framework/resource_handle_pb2.py:69
  /opt/anaconda3/envs/testagent-experiment/lib/python3.10/site-packages/tensorflow/core/framework/resource_handle_pb2.py:69: DeprecationWarning: Call to deprecated create function Descriptor(). Note: Create unlinked descriptors is going to go away. Please use get/find descriptors from generated code or query the descriptor_pool.
    _RESOURCEHANDLEPROTO = _descriptor.Descriptor(

../../../../../../../../opt/anaconda3/envs/testagent-experiment/lib/python3.10/site-packages/tensorflow/core/framework/tensor_pb2.py:21
  /opt/anaconda3/envs/testagent-experiment/lib/python3.10/site-packages/tensorflow/core/framework/tensor_pb2.py:21: DeprecationWarning: Call to deprecated create function FileDescriptor(). Note: Create unlinked descriptors is going to go away. Please use get/find descriptors from generated code or query the descriptor_pool.
    DESCRIPTOR = _descriptor.FileDescriptor(

../../../../../../../../opt/anaconda3/envs/testagent-experiment/lib/python3.10/site-packages/tensorflow/core/framework/tensor_pb2.py:40
  /opt/anaconda3/envs/testagent-experiment/lib/python3.10/site-packages/tensorflow/core/framework/tensor_pb2.py:40: DeprecationWarning: Call to deprecated create function FieldDescriptor(). Note: Create unlinked descriptors is going to go away. Please use get/find descriptors from generated code or query the descriptor_pool.
    _descriptor.FieldDescriptor(

../../../../../../../../opt/anaconda3/envs/testagent-experiment/lib/python3.10/site-packages/tensorflow/core/framework/tensor_pb2.py:47
  /opt/anaconda3/envs/testagent-experiment/lib/python3.10/site-packages/tensorflow/core/framework/tensor_pb2.py:47: DeprecationWarning: Call to deprecated create function FieldDescriptor(). Note: Create unlinked descriptors is going to go away. Please use get/find descriptors from generated code or query the descriptor_pool.
    _descriptor.FieldDescriptor(

../../../../../../../../opt/anaconda3/envs/testagent-experiment/lib/python3.10/site-packages/tensorflow/core/framework/tensor_pb2.py:54
  /opt/anaconda3/envs/testagent-experiment/lib/python3.10/site-packages/tensorflow/core/framework/tensor_pb2.py:54: DeprecationWarning: Call to deprecated create function FieldDescriptor(). Note: Create unlinked descriptors is going to go away. Please use get/find descriptors from generated code or query the descriptor_pool.
    _descriptor.FieldDescriptor(

../../../../../../../../opt/anaconda3/envs/testagent-experiment/lib/python3.10/site-packages/tensorflow/core/framework/tensor_pb2.py:61
  /opt/anaconda3/envs/testagent-experiment/lib/python3.10/site-packages/tensorflow/core/framework/tensor_pb2.py:61: DeprecationWarning: Call to deprecated create function FieldDescriptor(). Note: Create unlinked descriptors is going to go away. Please use get/find descriptors from generated code or query the descriptor_pool.
    _descriptor.FieldDescriptor(

../../../../../../../../opt/anaconda3/envs/testagent-experiment/lib/python3.10/site-packages/tensorflow/core/framework/tensor_pb2.py:68
  /opt/anaconda3/envs/testagent-experiment/lib/python3.10/site-packages/tensorflow/core/framework/tensor_pb2.py:68: DeprecationWarning: Call to deprecated create function FieldDescriptor(). Note: Create unlinked descriptors is going to go away. Please use get/find descriptors from generated code or query the descriptor_pool.
    _descriptor.FieldDescriptor(

../../../../../../../../opt/anaconda3/envs/testagent-experiment/lib/python3.10/site-packages/tensorflow/core/framework/tensor_pb2.py:75
  /opt/anaconda3/envs/testagent-experiment/lib/python3.10/site-packages/tensorflow/core/framework/tensor_pb2.py:75: DeprecationWarning: Call to deprecated create function FieldDescriptor(). Note: Create unlinked descriptors is going to go away. Please use get/find descriptors from generated code or query the descriptor_pool.
    _descriptor.FieldDescriptor(

../../../../../../../../opt/anaconda3/envs/testagent-experiment/lib/python3.10/site-packages/tensorflow/core/framework/tensor_pb2.py:82
  /opt/anaconda3/envs/testagent-experiment/lib/python3.10/site-packages/tensorflow/core/framework/tensor_pb2.py:82: DeprecationWarning: Call to deprecated create function FieldDescriptor(). Note: Create unlinked descriptors is going to go away. Please use get/find descriptors from generated code or query the descriptor_pool.
    _descriptor.FieldDescriptor(

../../../../../../../../opt/anaconda3/envs/testagent-experiment/lib/python3.10/site-packages/tensorflow/core/framework/tensor_pb2.py:89
  /opt/anaconda3/envs/testagent-experiment/lib/python3.10/site-packages/tensorflow/core/framework/tensor_pb2.py:89: DeprecationWarning: Call to deprecated create function FieldDescriptor(). Note: Create unlinked descriptors is going to go away. Please use get/find descriptors from generated code or query the descriptor_pool.
    _descriptor.FieldDescriptor(

../../../../../../../../opt/anaconda3/envs/testagent-experiment/lib/python3.10/site-packages/tensorflow/core/framework/tensor_pb2.py:96
  /opt/anaconda3/envs/testagent-experiment/lib/python3.10/site-packages/tensorflow/core/framework/tensor_pb2.py:96: DeprecationWarning: Call to deprecated create function FieldDescriptor(). Note: Create unlinked descriptors is going to go away. Please use get/find descriptors from generated code or query the descriptor_pool.
    _descriptor.FieldDescriptor(

../../../../../../../../opt/anaconda3/envs/testagent-experiment/lib/python3.10/site-packages/tensorflow/core/framework/tensor_pb2.py:103
  /opt/anaconda3/envs/testagent-experiment/lib/python3.10/site-packages/tensorflow/core/framework/tensor_pb2.py:103: DeprecationWarning: Call to deprecated create function FieldDescriptor(). Note: Create unlinked descriptors is going to go away. Please use get/find descriptors from generated code or query the descriptor_pool.
    _descriptor.FieldDescriptor(

../../../../../../../../opt/anaconda3/envs/testagent-experiment/lib/python3.10/site-packages/tensorflow/core/framework/tensor_pb2.py:110
  /opt/anaconda3/envs/testagent-experiment/lib/python3.10/site-packages/tensorflow/core/framework/tensor_pb2.py:110: DeprecationWarning: Call to deprecated create function FieldDescriptor(). Note: Create unlinked descriptors is going to go away. Please use get/find descriptors from generated code or query the descriptor_pool.
    _descriptor.FieldDescriptor(

../../../../../../../../opt/anaconda3/envs/testagent-experiment/lib/python3.10/site-packages/tensorflow/core/framework/tensor_pb2.py:117
  /opt/anaconda3/envs/testagent-experiment/lib/python3.10/site-packages/tensorflow/core/framework/tensor_pb2.py:117: DeprecationWarning: Call to deprecated create function FieldDescriptor(). Note: Create unlinked descriptors is going to go away. Please use get/find descriptors from generated code or query the descriptor_pool.
    _descriptor.FieldDescriptor(

../../../../../../../../opt/anaconda3/envs/testagent-experiment/lib/python3.10/site-packages/tensorflow/core/framework/tensor_pb2.py:124
  /opt/anaconda3/envs/testagent-experiment/lib/python3.10/site-packages/tensorflow/core/framework/tensor_pb2.py:124: DeprecationWarning: Call to deprecated create function FieldDescriptor(). Note: Create unlinked descriptors is going to go away. Please use get/find descriptors from generated code or query the descriptor_pool.
    _descriptor.FieldDescriptor(

../../../../../../../../opt/anaconda3/envs/testagent-experiment/lib/python3.10/site-packages/tensorflow/core/framework/tensor_pb2.py:131
  /opt/anaconda3/envs/testagent-experiment/lib/python3.10/site-packages/tensorflow/core/framework/tensor_pb2.py:131: DeprecationWarning: Call to deprecated create function FieldDescriptor(). Note: Create unlinked descriptors is going to go away. Please use get/find descriptors from generated code or query the descriptor_pool.
    _descriptor.FieldDescriptor(

../../../../../../../../opt/anaconda3/envs/testagent-experiment/lib/python3.10/site-packages/tensorflow/core/framework/tensor_pb2.py:138
  /opt/anaconda3/envs/testagent-experiment/lib/python3.10/site-packages/tensorflow/core/framework/tensor_pb2.py:138: DeprecationWarning: Call to deprecated create function FieldDescriptor(). Note: Create unlinked descriptors is going to go away. Please use get/find descriptors from generated code or query the descriptor_pool.
    _descriptor.FieldDescriptor(

../../../../../../../../opt/anaconda3/envs/testagent-experiment/lib/python3.10/site-packages/tensorflow/core/framework/tensor_pb2.py:145
  /opt/anaconda3/envs/testagent-experiment/lib/python3.10/site-packages/tensorflow/core/framework/tensor_pb2.py:145: DeprecationWarning: Call to deprecated create function FieldDescriptor(). Note: Create unlinked descriptors is going to go away. Please use get/find descriptors from generated code or query the descriptor_pool.
    _descriptor.FieldDescriptor(

../../../../../../../../opt/anaconda3/envs/testagent-experiment/lib/python3.10/site-packages/tensorflow/core/framework/tensor_pb2.py:152
  /opt/anaconda3/envs/testagent-experiment/lib/python3.10/site-packages/tensorflow/core/framework/tensor_pb2.py:152: DeprecationWarning: Call to deprecated create function FieldDescriptor(). Note: Create unlinked descriptors is going to go away. Please use get/find descriptors from generated code or query the descriptor_pool.
    _descriptor.FieldDescriptor(

../../../../../../../../opt/anaconda3/envs/testagent-experiment/lib/python3.10/site-packages/tensorflow/core/framework/tensor_pb2.py:33
  /opt/anaconda3/envs/testagent-experiment/lib/python3.10/site-packages/tensorflow/core/framework/tensor_pb2.py:33: DeprecationWarning: Call to deprecated create function Descriptor(). Note: Create unlinked descriptors is going to go away. Please use get/find descriptors from generated code or query the descriptor_pool.
    _TENSORPROTO = _descriptor.Descriptor(

../../../../../../../../opt/anaconda3/envs/testagent-experiment/lib/python3.10/site-packages/tensorflow/core/framework/tensor_pb2.py:183
  /opt/anaconda3/envs/testagent-experiment/lib/python3.10/site-packages/tensorflow/core/framework/tensor_pb2.py:183: DeprecationWarning: Call to deprecated create function FieldDescriptor(). Note: Create unlinked descriptors is going to go away. Please use get/find descriptors from generated code or query the descriptor_pool.
    _descriptor.FieldDescriptor(

../../../../../../../../opt/anaconda3/envs/testagent-experiment/lib/python3.10/site-packages/tensorflow/core/framework/tensor_pb2.py:190
  /opt/anaconda3/envs/testagent-experiment/lib/python3.10/site-packages/tensorflow/core/framework/tensor_pb2.py:190: DeprecationWarning: Call to deprecated create function FieldDescriptor(). Note: Create unlinked descriptors is going to go away. Please use get/find descriptors from generated code or query the descriptor_pool.
    _descriptor.FieldDescriptor(

../../../../../../../../opt/anaconda3/envs/testagent-experiment/lib/python3.10/site-packages/tensorflow/core/framework/tensor_pb2.py:197
  /opt/anaconda3/envs/testagent-experiment/lib/python3.10/site-packages/tensorflow/core/framework/tensor_pb2.py:197: DeprecationWarning: Call to deprecated create function FieldDescriptor(). Note: Create unlinked descriptors is going to go away. Please use get/find descriptors from generated code or query the descriptor_pool.
    _descriptor.FieldDescriptor(

../../../../../../../../opt/anaconda3/envs/testagent-experiment/lib/python3.10/site-packages/tensorflow/core/framework/tensor_pb2.py:176
  /opt/anaconda3/envs/testagent-experiment/lib/python3.10/site-packages/tensorflow/core/framework/tensor_pb2.py:176: DeprecationWarning: Call to deprecated create function Descriptor(). Note: Create unlinked descriptors is going to go away. Please use get/find descriptors from generated code or query the descriptor_pool.
    _VARIANTTENSORDATAPROTO = _descriptor.Descriptor(

../../../../../../../../opt/anaconda3/envs/testagent-experiment/lib/python3.10/site-packages/tensorflow/core/framework/attr_value_pb2.py:21
  /opt/anaconda3/envs/testagent-experiment/lib/python3.10/site-packages/tensorflow/core/framework/attr_value_pb2.py:21: DeprecationWarning: Call to deprecated create function FileDescriptor(). Note: Create unlinked descriptors is going to go away. Please use get/find descriptors from generated code or query the descriptor_pool.
    DESCRIPTOR = _descriptor.FileDescriptor(

../../../../../../../../opt/anaconda3/envs/testagent-experiment/lib/python3.10/site-packages/tensorflow/core/framework/attr_value_pb2.py:40
  /opt/anaconda3/envs/testagent-experiment/lib/python3.10/site-packages/tensorflow/core/framework/attr_value_pb2.py:40: DeprecationWarning: Call to deprecated create function FieldDescriptor(). Note: Create unlinked descriptors is going to go away. Please use get/find descriptors from generated code or query the descriptor_pool.
    _descriptor.FieldDescriptor(

../../../../../../../../opt/anaconda3/envs/testagent-experiment/lib/python3.10/site-packages/tensorflow/core/framework/attr_value_pb2.py:47
  /opt/anaconda3/envs/testagent-experiment/lib/python3.10/site-packages/tensorflow/core/framework/attr_value_pb2.py:47: DeprecationWarning: Call to deprecated create function FieldDescriptor(). Note: Create unlinked descriptors is going to go away. Please use get/find descriptors from generated code or query the descriptor_pool.
    _descriptor.FieldDescriptor(

../../../../../../../../opt/anaconda3/envs/testagent-experiment/lib/python3.10/site-packages/tensorflow/core/framework/attr_value_pb2.py:54
  /opt/anaconda3/envs/testagent-experiment/lib/python3.10/site-packages/tensorflow/core/framework/attr_value_pb2.py:54: DeprecationWarning: Call to deprecated create function FieldDescriptor(). Note: Create unlinked descriptors is going to go away. Please use get/find descriptors from generated code or query the descriptor_pool.
    _descriptor.FieldDescriptor(

../../../../../../../../opt/anaconda3/envs/testagent-experiment/lib/python3.10/site-packages/tensorflow/core/framework/attr_value_pb2.py:61
  /opt/anaconda3/envs/testagent-experiment/lib/python3.10/site-packages/tensorflow/core/framework/attr_value_pb2.py:61: DeprecationWarning: Call to deprecated create function FieldDescriptor(). Note: Create unlinked descriptors is going to go away. Please use get/find descriptors from generated code or query the descriptor_pool.
    _descriptor.FieldDescriptor(

../../../../../../../../opt/anaconda3/envs/testagent-experiment/lib/python3.10/site-packages/tensorflow/core/framework/attr_value_pb2.py:68
  /opt/anaconda3/envs/testagent-experiment/lib/python3.10/site-packages/tensorflow/core/framework/attr_value_pb2.py:68: DeprecationWarning: Call to deprecated create function FieldDescriptor(). Note: Create unlinked descriptors is going to go away. Please use get/find descriptors from generated code or query the descriptor_pool.
    _descriptor.FieldDescriptor(

../../../../../../../../opt/anaconda3/envs/testagent-experiment/lib/python3.10/site-packages/tensorflow/core/framework/attr_value_pb2.py:75
  /opt/anaconda3/envs/testagent-experiment/lib/python3.10/site-packages/tensorflow/core/framework/attr_value_pb2.py:75: DeprecationWarning: Call to deprecated create function FieldDescriptor(). Note: Create unlinked descriptors is going to go away. Please use get/find descriptors from generated code or query the descriptor_pool.
    _descriptor.FieldDescriptor(

../../../../../../../../opt/anaconda3/envs/testagent-experiment/lib/python3.10/site-packages/tensorflow/core/framework/attr_value_pb2.py:82
  /opt/anaconda3/envs/testagent-experiment/lib/python3.10/site-packages/tensorflow/core/framework/attr_value_pb2.py:82: DeprecationWarning: Call to deprecated create function FieldDescriptor(). Note: Create unlinked descriptors is going to go away. Please use get/find descriptors from generated code or query the descriptor_pool.
    _descriptor.FieldDescriptor(

../../../../../../../../opt/anaconda3/envs/testagent-experiment/lib/python3.10/site-packages/tensorflow/core/framework/attr_value_pb2.py:89
  /opt/anaconda3/envs/testagent-experiment/lib/python3.10/site-packages/tensorflow/core/framework/attr_value_pb2.py:89: DeprecationWarning: Call to deprecated create function FieldDescriptor(). Note: Create unlinked descriptors is going to go away. Please use get/find descriptors from generated code or query the descriptor_pool.
    _descriptor.FieldDescriptor(

../../../../../../../../opt/anaconda3/envs/testagent-experiment/lib/python3.10/site-packages/tensorflow/core/framework/attr_value_pb2.py:33
  /opt/anaconda3/envs/testagent-experiment/lib/python3.10/site-packages/tensorflow/core/framework/attr_value_pb2.py:33: DeprecationWarning: Call to deprecated create function Descriptor(). Note: Create unlinked descriptors is going to go away. Please use get/find descriptors from generated code or query the descriptor_pool.
    _ATTRVALUE_LISTVALUE = _descriptor.Descriptor(

../../../../../../../../opt/anaconda3/envs/testagent-experiment/lib/python3.10/site-packages/tensorflow/python/framework/dtypes.py:205
  /opt/anaconda3/envs/testagent-experiment/lib/python3.10/site-packages/tensorflow/python/framework/dtypes.py:205: DeprecationWarning: `np.bool8` is a deprecated alias for `np.bool_`.  (Deprecated NumPy 1.24)
    np.bool8: (False, True),

../../../../../../../../opt/anaconda3/envs/testagent-experiment/lib/python3.10/site-packages/flatbuffers/compat.py:19
  /opt/anaconda3/envs/testagent-experiment/lib/python3.10/site-packages/flatbuffers/compat.py:19: DeprecationWarning: the imp module is deprecated in favour of importlib and slated for removal in Python 3.12; see the module's documentation for alternative uses
    import imp

../../../../../../../../opt/anaconda3/envs/testagent-experiment/lib/python3.10/site-packages/tensorboard/compat/tensorflow_stub/dtypes.py:326
  /opt/anaconda3/envs/testagent-experiment/lib/python3.10/site-packages/tensorboard/compat/tensorflow_stub/dtypes.py:326: DeprecationWarning: `np.bool8` is a deprecated alias for `np.bool_`.  (Deprecated NumPy 1.24)
    np.bool8: (False, True),

-- Docs: https://docs.pytest.org/en/stable/how-to/capture-warnings.html
================================ tests coverage ================================
______________ coverage: platform darwin, python 3.10.19-final-0 _______________

Name                                                            Stmts   Miss Branch BrPart  Cover   Missing
-----------------------------------------------------------------------------------------------------------
tests/test_tensorflow_python_ops_signal_reconstruction_ops.py     111     38     28     10    61%   39, 66, 86-109, 124, 144-175, 193, 207, 210->216, 216->222, 223-227, 231->exit, 259-260
-----------------------------------------------------------------------------------------------------------
TOTAL                                                             111     38     28     10    61%
Coverage XML written to file coverage.xml
=========================== short test summary info ============================
FAILED tests/test_tensorflow_python_ops_signal_reconstruction_ops.py::TestOverlapAndAdd::test_basic_functionality[signal_shape0-2-dtype0-cpu-flags0]
FAILED tests/test_tensorflow_python_ops_signal_reconstruction_ops.py::TestOverlapAndAdd::test_basic_functionality[signal_shape1-3-dtype1-cpu-flags1]
FAILED tests/test_tensorflow_python_ops_signal_reconstruction_ops.py::TestOverlapAndAdd::test_basic_functionality[signal_shape2-2-dtype2-cpu-flags2]
FAILED tests/test_tensorflow_python_ops_signal_reconstruction_ops.py::TestOverlapAndAdd::test_no_overlap_boundary_case[signal_shape0-4-dtype0-cpu-flags0]
FAILED tests/test_tensorflow_python_ops_signal_reconstruction_ops.py::TestOverlapAndAdd::test_no_overlap_boundary_case[signal_shape1-6-dtype1-cpu-flags1]
FAILED tests/test_tensorflow_python_ops_signal_reconstruction_ops.py::TestOverlapAndAdd::test_error_handling[signal_shape0-6-dtype0-cpu-flags0-ValueError]
FAILED tests/test_tensorflow_python_ops_signal_reconstruction_ops.py::TestOverlapAndAdd::test_error_handling[signal_shape1-2-dtype1-cpu-flags1-ValueError]
ERROR tests/test_tensorflow_python_ops_signal_reconstruction_ops.py::test_module_import
7 failed, 1 passed, 103 warnings, 1 error in 2.97s

Error: exit 1