{
  "status": "未完全通过",
  "passed": 6,
  "failed": 2,
  "errors": 0,
  "collection_errors": false,
  "block_limit": 3,
  "failures": [
    {
      "test": "tests/test_tensorflow_python_data_experimental_ops_take_while_ops.py::test_take_while_predicate_returns_non_boolean[returns_integer-dataset_args0-expected_error0]",
      "block_id": "CASE_06",
      "error_type": "AssertionError",
      "action": "rewrite_block",
      "note": "测试假设错误在迭代时抛出，但实际在transform_func调用时抛出ValueError"
    },
    {
      "test": "tests/test_tensorflow_python_data_experimental_ops_take_while_ops.py::test_take_while_predicate_returns_non_boolean[returns_string-dataset_args1-expected_error1]",
      "block_id": "CASE_06",
      "error_type": "AssertionError",
      "action": "rewrite_block",
      "note": "与第一个失败相同，都是CASE_06的问题"
    }
  ],
  "deferred": [],
  "stop_recommended": false,
  "stop_reason": ""
}