{
  "workflow_id": "feb4e455",
  "created_at": "2026-01-25T21:16:57.469806",
  "op": "tensorflow_python_ops_summary_ops_v2",
  "arch": "python",
  "soc": "python",
  "vendor": "python",
  "project_root": "/Users/zzf1sh/Documents/Project/TestAgent-CLI-main/exam/tensorflow/python.ops.summary_ops_v2",
  "target": "tensorflow.python.ops.summary_ops_v2",
  "target_slug": "tensorflow_python_ops_summary_ops_v2",
  "current_stage": "complete",
  "stage_index": 6,
  "mode": "full-auto",
  "epoch_total": 5,
  "epoch_current": 5,
  "last_failure_signature": "",
  "last_error_signature": "",
  "last_block_errors": {},
  "auto_stop_reason": "",
  "artifacts": {
    "function_doc.md": "# tensorflow.python.ops.summary_ops_v2 - 函数说明\n\n## 1. 基本信息\n- **FQN**: tensorflow.python.ops.summary_ops_v2\n- **模块文件**: `/opt/anaconda3/envs/testagent-experiment/lib/python3.10/site-packages/tensorflow/python/ops/summary_ops_v2.py`\n- **签名**: 模块（包含多个函数和类）\n- **对象类型**: module\n\n## 2. 功能概述\nTensorFlow V2 摘要操作模块，提供生成和写入训练摘要（如标量、图像、直方图等）的功能。主要用于 TensorBoard 可视化，支持 eager execution 和 graph mode。\n\n## 3. 核心 API 概览\n模块包含以下主要函数和类：\n\n**摘要写入器管理**:\n- `create_file_writer_v2()`: 创建文件摘要写入器\n- `create_noop_writer()`: 创建空操作写入器\n- `SummaryWriter`: 摘要写入器抽象基类\n\n**摘要记录控制**:\n- `should_record_summaries()`: 检查是否应记录摘要\n- `record_if()`: 条件性记录摘要\n- `always_record_summaries()`: 总是记录摘要\n- `never_record_summaries()`: 从不记录摘要\n\n**摘要写入函数**:\n- `write()`: 通用摘要写入（核心函数）\n- `scalar()`: 标量摘要\n- `histogram()`: 直方图摘要\n- `image()`: 图像摘要\n- `audio()`: 音频摘要\n- `graph()`: 图结构摘要\n\n**步骤管理**:\n- `get_step()`: 获取当前步骤\n- `set_step()`: 设置当前步骤\n\n## 4. 核心函数 `write()` 详细说明\n\n### 签名\n`write(tag, tensor, step=None, metadata=None, name=None)`\n\n### 参数说明\n- `tag` (string): 摘要标识标签，通常通过 `tf.summary.summary_scope` 生成\n- `tensor` (Tensor/callable): 包含摘要数据的张量或返回张量的可调用对象\n- `step` (int64-castable/None): 单调步骤值，默认为 `tf.summary.experimental.get_step()`\n- `metadata` (SummaryMetadata/proto/bytes/None): 可选的摘要元数据\n- `name` (string/None): 操作名称\n\n### 返回值\n- 成功时返回 `True`，如果没有默认摘要写入器则返回 `False`\n\n### 异常\n- `ValueError`: 如果存在默认写入器但未提供步骤且 `get_step()` 返回 None\n\n## 5. 文档要点\n- 模块文档字符串: \"Operations to emit summaries.\"\n- `write()` 主要用于支持类型特定的摘要操作（如 `scalar()`, `image()`）\n- 当传递可调用对象时，仅在存在默认摘要写入器且满足 `record_if()` 条件时才调用\n- 摘要写入依赖于线程本地状态管理（`_summary_state`）\n- 支持 eager 和 graph 两种执行模式\n\n## 6. 源码摘要\n- 使用线程本地存储 `_SummaryState` 管理写入器状态\n- `write()` 函数内部使用 `smart_cond.smart_cond()` 条件执行\n- 依赖 `gen_summary_ops.write_summary` C++ 操作\n- 通过 `ops.add_to_collection()` 在 graph mode 中收集摘要操作\n- 设备强制设置为 CPU (`ops.device(\"cpu:0\")`)\n\n## 7. 示例与用法\n```python\n# 创建摘要写入器\nwriter = tf.summary.create_file_writer(\"/tmp/logs\")\n\n# 设置默认写入器并记录标量\nwith writer.as_default():\n    tf.summary.scalar(\"loss\", loss, step=step)\n    tf.summary.image(\"input\", images, step=step)\n```\n\n## 8. 风险与空白\n- **多实体情况**: 模块包含 40+ 个公共成员，测试需覆盖核心 API\n- **类型信息缺失**: 部分函数缺少详细的类型注解\n- **边界情况**: \n  - 无默认写入器时的行为\n  - 步骤值为 None 且未设置全局步骤\n  - 不同执行模式（eager/graph）下的差异\n  - 可调用对象 tensor 的延迟执行逻辑\n- **依赖关系**: 强依赖 TensorFlow 内部状态管理和 C++ 操作\n- **测试重点**: \n  - 状态管理（线程本地存储）\n  - 条件记录逻辑\n  - 设备放置（CPU）\n  - 错误处理（ValueError 情况）\n  - 跨执行模式的兼容性",
    "requirements.md": "# tensorflow.python.ops.summary_ops_v2 测试需求\n\n## 1. 目标与范围\n- 主要功能与期望行为：验证摘要操作模块在 eager/graph 模式下正确生成和写入训练摘要（标量、图像、直方图等），支持 TensorBoard 可视化\n- 不在范围内的内容：TensorBoard 服务器端渲染、第三方可视化工具集成、非标准摘要格式解析\n\n## 2. 输入与约束\n- 参数列表（名称、类型/shape、默认值）：\n  - `tag`: string 类型，摘要标识标签\n  - `tensor`: Tensor 或 callable 返回 Tensor，包含摘要数据\n  - `step`: int64-castable 或 None，默认 `tf.summary.experimental.get_step()`\n  - `metadata`: SummaryMetadata/proto/bytes/None，可选元数据\n  - `name`: string/None，操作名称\n- 有效取值范围/维度/设备要求：\n  - tensor 必须可转换为 TensorFlow 张量\n  - step 必须为单调整数值\n  - 设备强制设置为 CPU:0\n- 必需与可选组合：\n  - tag 和 tensor 为必需参数\n  - step 可选，但无默认写入器时需提供\n  - metadata 和 name 为可选参数\n- 随机性/全局状态要求：\n  - 依赖线程本地存储 `_summary_state` 管理写入器状态\n  - 使用 `smart_cond.smart_cond()` 条件执行\n\n## 3. 输出与判定\n- 期望返回结构及关键字段：\n  - 成功时返回 `True`\n  - 无默认摘要写入器时返回 `False`\n- 容差/误差界（如浮点）：\n  - 浮点摘要数据需验证数值精度\n  - 图像摘要验证像素值范围 [0, 255]\n- 状态变化或副作用检查点：\n  - 验证 `ops.add_to_collection()` 正确收集摘要操作\n  - 检查线程本地状态更新\n  - 验证设备放置为 CPU:0\n\n## 4. 错误与异常场景\n- 非法输入/维度/类型触发的异常或警告：\n  - `ValueError`: 存在默认写入器但未提供步骤且 `get_step()` 返回 None\n  - 无效 tensor 类型（非 Tensor/非 callable）\n  - 无效 tag 格式（空字符串、None）\n- 边界值（空、None、0 长度、极端形状/数值）：\n  - step=None 且未设置全局步骤\n  - 空 tensor（零元素）\n  - 极端形状 tensor（超大维度）\n  - 可调用对象返回 None 或无效值\n\n## 5. 依赖与环境\n- 外部资源/设备/网络/文件依赖：\n  - 文件系统（创建摘要写入器）\n  - TensorFlow C++ 操作 `gen_summary_ops.write_summary`\n- 需要 mock/monkeypatch 的部分：\n  - `tensorflow.python.ops.gen_summary_ops.write_summary`\n  - `tensorflow.python.ops.smart_cond.smart_cond`\n  - `tensorflow.python.ops.summary_ops_v2._summary_state`（线程本地存储）\n  - `tensorflow.python.framework.ops.add_to_collection`\n  - `tensorflow.python.framework.ops.device`\n\n## 6. 覆盖与优先级\n- 必测路径（高优先级，最多 5 条，短句）：\n  1. 验证 `write()` 在有/无默认写入器时的返回值\n  2. 测试 step=None 且未设置全局步骤时的 ValueError\n  3. 验证 tensor 为 callable 时的延迟执行逻辑\n  4. 检查设备强制设置为 CPU:0\n  5. 验证 eager 和 graph 模式下的行为一致性\n- 可选路径（中/低优先级合并为一组列表）：\n  - 不同摘要类型（标量、图像、直方图、音频）的格式验证\n  - 多线程环境下的状态管理测试\n  - 超大 tensor 的内存使用和性能\n  - 无效 metadata 格式的处理\n  - 摘要写入器的创建和销毁生命周期\n  - 条件记录函数（`should_record_summaries()`, `record_if()`）的交互\n- 已知风险/缺失信息（仅列条目，不展开）：\n  - 部分函数缺少详细类型注解\n  - C++ 操作 `gen_summary_ops.write_summary` 的内部实现\n  - 线程本地存储 `_summary_state` 的完整状态机\n  - 不同 TensorFlow 版本间的行为差异\n  - 分布式环境下的摘要同步机制",
    "test_plan.json": "{\n  \"plan_version\": 2,\n  \"target\": \"tensorflow.python.ops.summary_ops_v2\",\n  \"block_rules\": {\n    \"header_block\": \"HEADER\",\n    \"footer_block\": \"FOOTER\",\n    \"case_prefix\": \"CASE_\",\n    \"case_format\": \"CASE_01\"\n  },\n  \"iteration_strategy\": {\n    \"round1\": {\"include\": \"SMOKE_SET\", \"assert_level\": \"weak\", \"max_blocks\": 5},\n    \"roundN\": {\"only_fix_failed_blocks\": true, \"block_limit\": 3, \"promote_deferred\": true},\n    \"final\": {\"enable_strong_asserts\": true, \"coverage_optional\": true}\n  },\n  \"test_files\": {\n    \"default\": \"tests/test_tensorflow_python_ops_summary_ops_v2.py\",\n    \"all_pattern\": \"tests/test_tensorflow_python_ops_summary_ops_v2.py\"\n  },\n  \"cases\": [\n    {\n      \"tc_id\": \"TC-01\",\n      \"block_id\": \"CASE_01\",\n      \"name\": \"write函数基础功能验证\",\n      \"priority\": \"High\",\n      \"param_matrix\": [\n        {\n          \"tag\": \"test_scalar\",\n          \"tensor_type\": \"scalar\",\n          \"tensor_value\": 1.5,\n          \"step\": 0,\n          \"has_default_writer\": true,\n          \"execution_mode\": \"eager\"\n        }\n      ],\n      \"asserts\": {\n        \"weak\": [\"返回值类型\", \"无异常抛出\", \"基础属性验证\"],\n        \"strong\": [\"精确返回值\", \"状态更新验证\", \"设备放置验证\"]\n      },\n      \"oracle\": \"tensorflow.python.ops.summary_ops_v2.write\",\n      \"assertion_level\": \"weak\",\n      \"size\": \"S\",\n      \"max_lines\": 80,\n      \"max_params\": 6,\n      \"is_parametrized\": true,\n      \"requires_mock\": true,\n      \"mock_targets\": [\n        \"tensorflow.python.ops.gen_summary_ops.write_summary\",\n        \"tensorflow.python.ops.smart_cond.smart_cond\",\n        \"tensorflow.python.ops.summary_ops_v2._summary_state\",\n        \"tensorflow.python.framework.ops.add_to_collection\",\n        \"tensorflow.python.framework.ops.device\"\n      ]\n    },\n    {\n      \"tc_id\": \"TC-02\",\n      \"block_id\": \"CASE_02\",\n      \"name\": \"无默认写入器时的行为\",\n      \"priority\": \"High\",\n      \"param_matrix\": [\n        {\n          \"tag\": \"test_no_writer\",\n          \"tensor_type\": \"scalar\",\n          \"tensor_value\": 2.0,\n          \"step\": 1,\n          \"has_default_writer\": false,\n          \"execution_mode\": \"eager\"\n        }\n      ],\n      \"asserts\": {\n        \"weak\": [\"返回值类型\", \"无异常抛出\", \"基础属性验证\"],\n        \"strong\": [\"精确返回值False\", \"无状态更新\", \"无副作用\"]\n      },\n      \"oracle\": \"tensorflow.python.ops.summary_ops_v2.write\",\n      \"assertion_level\": \"weak\",\n      \"size\": \"S\",\n      \"max_lines\": 70,\n      \"max_params\": 5,\n      \"is_parametrized\": true,\n      \"requires_mock\": true,\n      \"mock_targets\": [\n        \"tensorflow.python.ops.summary_ops_v2._summary_state\",\n        \"tensorflow.python.ops.smart_cond.smart_cond\"\n      ]\n    },\n    {\n      \"tc_id\": \"TC-03\",\n      \"block_id\": \"CASE_03\",\n      \"name\": \"step为None且未设置全局步骤时的异常\",\n      \"priority\": \"High\",\n      \"param_matrix\": [\n        {\n          \"tag\": \"test_no_step\",\n          \"tensor_type\": \"scalar\",\n          \"tensor_value\": 3.0,\n          \"step\": null,\n          \"has_default_writer\": true,\n          \"global_step_set\": false,\n          \"execution_mode\": \"eager\"\n        }\n      ],\n      \"asserts\": {\n        \"weak\": [\"异常类型\", \"异常消息包含关键词\", \"基础验证\"],\n        \"strong\": [\"精确异常消息\", \"异常触发条件\", \"状态回滚\"]\n      },\n      \"oracle\": \"tensorflow.python.ops.summary_ops_v2.write\",\n      \"assertion_level\": \"weak\",\n      \"size\": \"S\",\n      \"max_lines\": 75,\n      \"max_params\": 6,\n      \"is_parametrized\": true,\n      \"requires_mock\": true,\n      \"mock_targets\": [\n        \"tensorflow.python.ops.summary_ops_v2._summary_state\",\n        \"tensorflow.python.ops.smart_cond.smart_cond\",\n        \"tensorflow.summary.experimental.get_step\"\n      ]\n    },\n    {\n      \"tc_id\": \"TC-04\",\n      \"block_id\": \"CASE_04\",\n      \"name\": \"tensor为可调用对象时的延迟执行\",\n      \"priority\": \"High\",\n      \"param_matrix\": [\n        {\n          \"tag\": \"test_callable\",\n          \"tensor_type\": \"callable\",\n          \"tensor_value\": 4.5,\n          \"step\": 2,\n          \"has_default_writer\": true,\n          \"should_record\": true,\n          \"execution_mode\": \"eager\"\n        }\n      ],\n      \"asserts\": {\n        \"weak\": [\"返回值类型\", \"无异常抛出\", \"基础属性验证\"],\n        \"strong\": [\"可调用对象执行次数\", \"延迟执行验证\", \"条件执行逻辑\"]\n      },\n      \"oracle\": \"tensorflow.python.ops.summary_ops_v2.write\",\n      \"assertion_level\": \"weak\",\n      \"size\": \"S\",\n      \"max_lines\": 85,\n      \"max_params\": 7,\n      \"is_parametrized\": true,\n      \"requires_mock\": true,\n      \"mock_targets\": [\n        \"tensorflow.python.ops.gen_summary_ops.write_summary\",\n        \"tensorflow.python.ops.smart_cond.smart_cond\",\n        \"tensorflow.python.ops.summary_ops_v2._summary_state\",\n        \"tensorflow.python.framework.ops.add_to_collection\"\n      ]\n    },\n    {\n      \"tc_id\": \"TC-05\",\n      \"block_id\": \"CASE_05\",\n      \"name\": \"设备强制设置为CPU验证\",\n      \"priority\": \"High\",\n      \"param_matrix\": [\n        {\n          \"tag\": \"test_device\",\n          \"tensor_type\": \"scalar\",\n          \"tensor_value\": 5.0,\n          \"step\": 3,\n          \"has_default_writer\": true,\n          \"execution_mode\": \"graph\"\n        }\n      ],\n      \"asserts\": {\n        \"weak\": [\"无异常抛出\", \"基础属性验证\", \"设备上下文验证\"],\n        \"strong\": [\"精确设备设置\", \"graph模式验证\", \"操作收集验证\"]\n      },\n      \"oracle\": \"tensorflow.python.ops.summary_ops_v2.write\",\n      \"assertion_level\": \"weak\",\n      \"size\": \"S\",\n      \"max_lines\": 80,\n      \"max_params\": 6,\n      \"is_parametrized\": true,\n      \"requires_mock\": true,\n      \"mock_targets\": [\n        \"tensorflow.python.ops.gen_summary_ops.write_summary\",\n        \"tensorflow.python.ops.smart_cond.smart_cond\",\n        \"tensorflow.python.ops.summary_ops_v2._summary_state\",\n        \"tensorflow.python.framework.ops.add_to_collection\",\n        \"tensorflow.python.framework.ops.device\"\n      ]\n    }\n  ],\n  \"param_extensions\": [\n    {\n      \"base_block_id\": \"CASE_01\",\n      \"priority\": \"Medium\",\n      \"params\": {\n        \"tag\": \"test_image\",\n        \"tensor_type\": \"image\",\n        \"tensor_shape\": [1, 28, 28, 3],\n        \"step\": 10,\n        \"has_default_writer\": true,\n        \"execution_mode\": \"eager\"\n      },\n      \"note\": \"图像摘要类型验证\"\n    },\n    {\n      \"base_block_id\": \"CASE_01\",\n      \"priority\": \"Medium\",\n      \"params\": {\n        \"tag\": \"test_histogram\",\n        \"tensor_type\": \"histogram\",\n        \"tensor_shape\": [100],\n        \"step\": 20,\n        \"has_default_writer\": true,\n        \"execution_mode\": \"graph\"\n      },\n      \"note\": \"直方图摘要类型验证\"\n    },\n    {\n      \"base_block_id\": \"CASE_02\",\n      \"priority\": \"Medium\",\n      \"params\": {\n        \"tag\": \"test_no_writer_callable\",\n        \"tensor_type\": \"callable\",\n        \"tensor_value\": 6.0,\n        \"step\": 30,\n        \"has_default_writer\": false,\n        \"execution_mode\": \"eager\"\n      },\n      \"note\": \"无写入器时callable不执行\"\n    },\n    {\n      \"base_block_id\": \"CASE_03\",\n      \"priority\": \"Medium\",\n      \"params\": {\n        \"tag\": \"test_no_step_graph\",\n        \"tensor_type\": \"scalar\",\n        \"tensor_value\": 7.0,\n        \"step\": null,\n        \"has_default_writer\": true,\n        \"global_step_set\": false,\n        \"execution_mode\": \"graph\"\n      },\n      \"note\": \"graph模式下step异常\"\n    },\n    {\n      \"base_block_id\": \"CASE_04\",\n      \"priority\": \"Medium\",\n      \"params\": {\n        \"tag\": \"test_callable_no_record\",\n        \"tensor_type\": \"callable\",\n        \"tensor_value\": 8.0,\n        \"step\": 40,\n        \"has_default_writer\": true,\n        \"should_record\": false,\n        \"execution_mode\": \"eager\"\n      },\n      \"note\": \"不记录时callable不执行\"\n    }\n  ],\n  \"smoke_set\": [\"CASE_01\", \"CASE_02\", \"CASE_03\"],\n  \"deferred_set\": [\"CASE_04\", \"CASE_05\"]\n}",
    "test_plan.md": "# tensorflow.python.ops.summary_ops_v2 测试计划\n\n## 1. 测试策略\n- 单元测试框架：pytest\n- 隔离策略：mock/monkeypatch/fixtures 隔离线程本地状态和C++操作\n- 随机性处理：固定随机种子，控制tensor生成\n- 执行模式：覆盖eager和graph两种模式\n\n## 2. 生成规格摘要（来自 test_plan.json）\n- SMOKE_SET: CASE_01, CASE_02, CASE_03（首轮生成）\n- DEFERRED_SET: CASE_04, CASE_05（后续迭代）\n- 测试文件路径：tests/test_tensorflow_python_ops_summary_ops_v2.py（单文件）\n- 断言分级策略：首轮使用weak断言，最终轮启用strong断言\n- 预算策略：size=S, max_lines=70-85, max_params=5-7\n\n## 3. 数据与边界\n- 正常数据集：标量值、图像tensor、直方图数据\n- 随机生成策略：固定种子生成可重复tensor\n- 边界值：空tag、None step、零元素tensor\n- 极端形状：超大维度tensor（内存限制内）\n- 空输入：空字符串tag、None tensor\n- 负例场景：无效metadata格式、非Tensor输入\n\n## 4. 覆盖映射\n| TC_ID | 需求覆盖 | 约束覆盖 | 优先级 |\n|-------|----------|----------|--------|\n| TC-01 | write基础功能 | 必需参数验证 | High |\n| TC-02 | 无默认写入器 | 返回值False场景 | High |\n| TC-03 | step异常处理 | ValueError触发条件 | High |\n| TC-04 | callable延迟执行 | 条件执行逻辑 | High |\n| TC-05 | 设备强制设置 | CPU设备放置 | High |\n\n## 5. 尚未覆盖的风险点\n- 多线程环境下的状态竞争\n- 分布式环境摘要同步\n- 超大tensor内存溢出\n- 不同TF版本行为差异\n- C++操作内部实现细节",
    "tests/test_tensorflow_python_ops_summary_ops_v2.py": "\"\"\"\nUnit tests for tensorflow.python.ops.summary_ops_v2 module.\n\"\"\"\nimport math\nimport pytest\nimport tensorflow as tf\nfrom unittest import mock\nfrom tensorflow.python.ops import summary_ops_v2\n\n# ==== BLOCK:HEADER START ====\n# Test fixtures and helper functions\n@pytest.fixture\ndef mock_summary_state():\n    \"\"\"Mock the thread-local summary state.\"\"\"\n    with mock.patch('tensorflow.python.ops.summary_ops_v2._summary_state') as mock_state:\n        # Create a mock state object\n        state_mock = mock.MagicMock()\n        state_mock.writer = None\n        state_mock.step = None\n        mock_state.return_value = state_mock\n        yield state_mock\n\n@pytest.fixture\ndef mock_write_summary():\n    \"\"\"Mock the C++ write_summary operation.\"\"\"\n    with mock.patch('tensorflow.python.ops.gen_summary_ops.write_summary') as mock_op:\n        # Create a mock operation that returns a constant tensor\n        mock_op.return_value = tf.constant(0, dtype=tf.int32)\n        yield mock_op\n\n@pytest.fixture\ndef mock_smart_cond():\n    \"\"\"Mock the smart_cond function.\"\"\"\n    with mock.patch('tensorflow.python.ops.smart_cond.smart_cond') as mock_cond:\n        # Mock smart_cond to execute the true_fn when condition is True\n        def smart_cond_impl(pred, true_fn, false_fn, name=None):\n            if pred:\n                return true_fn()\n            else:\n                return false_fn()\n        mock_cond.side_effect = smart_cond_impl\n        yield mock_cond\n\n@pytest.fixture\ndef mock_add_to_collection():\n    \"\"\"Mock ops.add_to_collection.\"\"\"\n    with mock.patch('tensorflow.python.framework.ops.add_to_collection') as mock_add:\n        yield mock_add\n\n@pytest.fixture\ndef mock_device():\n    \"\"\"Mock ops.device context manager.\"\"\"\n    with mock.patch('tensorflow.python.framework.ops.device') as mock_dev:\n        # Create a simple context manager mock\n        cm_mock = mock.MagicMock()\n        cm_mock.__enter__ = mock.MagicMock(return_value=None)\n        cm_mock.__exit__ = mock.MagicMock(return_value=None)\n        mock_dev.return_value = cm_mock\n        yield mock_dev\n\n@pytest.fixture\ndef mock_get_step():\n    \"\"\"Mock tf.summary.experimental.get_step.\"\"\"\n    with mock.patch('tensorflow.summary.experimental.get_step') as mock_get:\n        mock_get.return_value = None\n        yield mock_get\n\n@pytest.fixture\ndef eager_mode():\n    \"\"\"Ensure eager execution mode.\"\"\"\n    if not tf.executing_eagerly():\n        tf.compat.v1.enable_eager_execution()\n    yield\n    # No cleanup needed\n\n@pytest.fixture\ndef graph_mode():\n    \"\"\"Ensure graph execution mode.\"\"\"\n    if tf.executing_eagerly():\n        tf.compat.v1.disable_eager_execution()\n    yield\n    # Re-enable eager for other tests\n    tf.compat.v1.enable_eager_execution()\n\ndef create_mock_writer():\n    \"\"\"Create a mock summary writer.\"\"\"\n    writer_mock = mock.MagicMock()\n    writer_mock._resource = mock.MagicMock()\n    return writer_mock\n\n# ==== BLOCK:HEADER END ====\n\n# ==== BLOCK:CASE_01 START ====\n# Placeholder for test case: write函数基础功能验证\n# This block will be replaced with actual test code\n# ==== BLOCK:CASE_01 END ====\n\n# ==== BLOCK:CASE_02 START ====\n# Placeholder for test case: 无默认写入器时的行为\n# This block will be replaced with actual test code\n# ==== BLOCK:CASE_02 END ====\n\n# ==== BLOCK:CASE_03 START ====\n# Placeholder for test case: step为None且未设置全局步骤时的异常\n# This block will be replaced with actual test code\n# ==== BLOCK:CASE_03 END ====\n\n# ==== BLOCK:CASE_04 START ====\n# Placeholder for test case: tensor为可调用对象时的延迟执行\n# This block will be replaced with actual test code\n# ==== BLOCK:CASE_04 END ====\n\n# ==== BLOCK:CASE_05 START ====\n# Placeholder for test case: 设备强制设置为CPU验证\n# This block will be replaced with actual test code\n# ==== BLOCK:CASE_05 END ====\n\n# ==== BLOCK:FOOTER START ====\n# Additional test cases and cleanup\nif __name__ == \"__main__\":\n    pytest.main([__file__, \"-v\"])\n# ==== BLOCK:FOOTER END ====",
    "execution_log.txt": "=== Run Tests ===\nFFFFF                                                                    [100%]\n=================================== FAILURES ===================================\n_________ test_write_basic_functionality[test_scalar-1.5-0-True-eager] _________\n\ntag = 'test_scalar', tensor_value = 1.5, step = 0, has_default_writer = True\nexecution_mode = 'eager', mock_summary_state = <MagicMock id='5190749968'>\nmock_write_summary = <MagicMock name='write_summary' id='5190758224'>\nmock_smart_cond = <MagicMock name='smart_cond' id='5191077600'>\nmock_add_to_collection = <MagicMock name='add_to_collection' id='5191086240'>\nmock_device = <MagicMock name='device' id='5191110704'>\nensure_eager_execution = None\n\n    @pytest.mark.parametrize(\n        \"tag,tensor_value,step,has_default_writer,execution_mode\",\n        [\n            (\"test_scalar\", 1.5, 0, True, \"eager\"),\n        ]\n    )\n    def test_write_basic_functionality(\n        tag, tensor_value, step, has_default_writer, execution_mode,\n        mock_summary_state, mock_write_summary, mock_smart_cond,\n        mock_add_to_collection, mock_device, ensure_eager_execution\n    ):\n        \"\"\"\n        TC-01: write函数基础功能验证\n    \n        验证write函数在有默认写入器时的基本功能。\n        使用weak断言：返回值类型、无异常抛出、基础属性验证。\n        \"\"\"\n        # Setup mock writer if needed\n        if has_default_writer:\n            mock_writer = create_mock_writer()\n            mock_summary_state.writer = mock_writer\n        else:\n            mock_summary_state.writer = None\n    \n        # Create tensor\n        tensor = tf.constant(tensor_value, dtype=tf.float32)\n    \n        # Call the function\n        result = summary_ops_v2.write(\n            tag=tag,\n            tensor=tensor,\n            step=step\n        )\n    \n        # Weak assertion 1: 返回值类型验证\n        assert isinstance(result, (bool, tf.Tensor)), \\\n            f\"Expected bool or Tensor, got {type(result)}\"\n    \n        # Weak assertion 2: 无异常抛出\n        # If we reach here, no exception was raised\n    \n        # Weak assertion 3: 基础属性验证\n        # Check that write_summary was called if writer exists\n        if has_default_writer:\n            # Verify write_summary was called with correct parameters\n>           mock_write_summary.assert_called_once()\n\ntests/test_tensorflow_python_ops_summary_ops_v2.py:151: \n_ _ _ _ _ _ _ _ _ _ _ _ _ _ _ _ _ _ _ _ _ _ _ _ _ _ _ _ _ _ _ _ _ _ _ _ _ _ _ _ \n\nself = <MagicMock name='write_summary' id='5190758224'>\n\n    def assert_called_once(self):\n        \"\"\"assert that the mock was called only once.\n        \"\"\"\n        if not self.call_count == 1:\n            msg = (\"Expected '%s' to have been called once. Called %s times.%s\"\n                   % (self._mock_name or 'mock',\n                      self.call_count,\n                      self._calls_repr()))\n>           raise AssertionError(msg)\nE           AssertionError: Expected 'write_summary' to have been called once. Called 0 times.\n\n/opt/anaconda3/envs/testagent-experiment/lib/python3.10/unittest/mock.py:908: AssertionError\n________ test_write_no_default_writer[test_no_writer-2.0-1-False-eager] ________\n\ntag = 'test_no_writer', tensor_value = 2.0, step = 1, has_default_writer = False\nexecution_mode = 'eager', mock_summary_state = <MagicMock id='5191077648'>\nmock_write_summary = <MagicMock name='write_summary' id='5191922688'>\nmock_smart_cond = <MagicMock name='smart_cond' id='5191920480'>\nmock_add_to_collection = <MagicMock name='add_to_collection' id='5193646720'>\nmock_device = <MagicMock name='device' id='5193654688'>\nensure_eager_execution = None\n\n    @pytest.mark.parametrize(\n        \"tag,tensor_value,step,has_default_writer,execution_mode\",\n        [\n            (\"test_no_writer\", 2.0, 1, False, \"eager\"),\n        ]\n    )\n    def test_write_no_default_writer(\n        tag, tensor_value, step, has_default_writer, execution_mode,\n        mock_summary_state, mock_write_summary, mock_smart_cond,\n        mock_add_to_collection, mock_device, ensure_eager_execution\n    ):\n        \"\"\"\n        TC-02: 无默认写入器时的行为\n    \n        验证write函数在没有默认写入器时的行为。\n        使用weak断言：返回值类型、无异常抛出、基础属性验证。\n        \"\"\"\n        # Setup: no writer\n        mock_summary_state.writer = None\n    \n        # Create tensor\n        tensor = tf.constant(tensor_value, dtype=tf.float32)\n    \n        # Call the function\n        result = summary_ops_v2.write(\n            tag=tag,\n            tensor=tensor,\n            step=step\n        )\n    \n        # Weak assertion 1: 返回值类型验证\n        assert isinstance(result, (bool, tf.Tensor)), \\\n            f\"Expected bool or Tensor, got {type(result)}\"\n    \n        # Weak assertion 2: 无异常抛出\n        # If we reach here, no exception was raised\n    \n        # Weak assertion 3: 基础属性验证\n        # When no writer, result should be False\n        if isinstance(result, tf.Tensor):\n            result_value = result.numpy() if hasattr(result, 'numpy') else bool(result)\n        else:\n            result_value = result\n    \n>       assert result_value is False, \\\n            f\"Expected False when no writer, got {result_value}\"\nE       AssertionError: Expected False when no writer, got False\nE       assert False is False\n\ntests/test_tensorflow_python_ops_summary_ops_v2.py:255: AssertionError\n_____ test_write_no_step_exception[test_no_step-3.0-None-True-False-eager] _____\n\ntag = 'test_no_step', tensor_value = 3.0, step = None, has_default_writer = True\nglobal_step_set = False, execution_mode = 'eager'\nmock_summary_state = <MagicMock id='5193646528'>\nmock_write_summary = <MagicMock name='write_summary' id='5191979392'>\nmock_smart_cond = <MagicMock name='smart_cond' id='5191983424'>\nmock_add_to_collection = <MagicMock name='add_to_collection' id='5192018064'>\nmock_device = <MagicMock name='device' id='5191998896'>\nmock_get_step = <MagicMock name='get_step' id='5192046320'>\nensure_eager_execution = None\n\n    @pytest.mark.parametrize(\n        \"tag,tensor_value,step,has_default_writer,global_step_set,execution_mode\",\n        [\n            (\"test_no_step\", 3.0, None, True, False, \"eager\"),\n        ]\n    )\n    def test_write_no_step_exception(\n        tag, tensor_value, step, has_default_writer, global_step_set, execution_mode,\n        mock_summary_state, mock_write_summary, mock_smart_cond,\n        mock_add_to_collection, mock_device, mock_get_step, ensure_eager_execution\n    ):\n        \"\"\"\n        TC-03: step为None且未设置全局步骤时的异常\n    \n        验证write函数在step为None且未设置全局步骤时抛出ValueError。\n        使用weak断言：异常类型、异常消息包含关键词、基础验证。\n        \"\"\"\n        # Setup mock writer\n        mock_writer = create_mock_writer()\n        mock_summary_state.writer = mock_writer\n    \n        # Setup get_step mock\n        if global_step_set:\n            mock_get_step.return_value = 100  # Some default step\n        else:\n            mock_get_step.return_value = None  # No global step set\n    \n        # Create tensor\n        tensor = tf.constant(tensor_value, dtype=tf.float32)\n    \n        # Weak assertion 1: 异常类型验证\n>       with pytest.raises(ValueError) as exc_info:\nE       Failed: DID NOT RAISE <class 'ValueError'>\n\ntests/test_tensorflow_python_ops_summary_ops_v2.py:305: Failed\n_______ test_write_callable_tensor[test_callable-4.5-2-True-True-eager] ________\n\ntag = 'test_callable', tensor_value = 4.5, step = 2, has_default_writer = True\nshould_record = True, execution_mode = 'eager'\nmock_summary_state = <MagicMock id='5191979584'>\nmock_write_summary = <MagicMock name='write_summary' id='5193540288'>\nmock_smart_cond = <MagicMock name='smart_cond' id='5193546672'>\nmock_add_to_collection = <MagicMock name='add_to_collection' id='5193224192'>\nmock_device = <MagicMock name='device' id='5193234944'>\nensure_eager_execution = None\n\n    @pytest.mark.parametrize(\n        \"tag,tensor_value,step,has_default_writer,should_record,execution_mode\",\n        [\n            (\"test_callable\", 4.5, 2, True, True, \"eager\"),\n        ]\n    )\n    def test_write_callable_tensor(\n        tag, tensor_value, step, has_default_writer, should_record, execution_mode,\n        mock_summary_state, mock_write_summary, mock_smart_cond,\n        mock_add_to_collection, mock_device, ensure_eager_execution\n    ):\n        \"\"\"\n        TC-04: tensor为可调用对象时的延迟执行\n    \n        验证write函数在tensor为可调用对象时的延迟执行逻辑。\n        使用weak断言：返回值类型、无异常抛出、基础属性验证。\n        \"\"\"\n        # Setup mock writer if needed\n        if has_default_writer:\n            mock_writer = create_mock_writer()\n            mock_summary_state.writer = mock_writer\n        else:\n            mock_summary_state.writer = None\n    \n        # Create a callable that returns a tensor\n        callable_called = [False]  # Use list to allow modification in nested function\n    \n        def tensor_callable():\n            callable_called[0] = True\n            return tf.constant(tensor_value, dtype=tf.float32)\n    \n        # Call the function with callable tensor\n        result = summary_ops_v2.write(\n            tag=tag,\n            tensor=tensor_callable,\n            step=step\n        )\n    \n        # Weak assertion 1: 返回值类型验证\n        assert isinstance(result, (bool, tf.Tensor)), \\\n            f\"Expected bool or Tensor, got {type(result)}\"\n    \n        # Weak assertion 2: 无异常抛出\n        # If we reach here, no exception was raised\n    \n        # Weak assertion 3: 基础属性验证\n        # Check that callable was called only if should_record\n        if has_default_writer and should_record:\n            # When there's a writer and should_record is True, callable should be executed\n>           assert callable_called[0], \"Callable should have been executed\"\nE           AssertionError: Callable should have been executed\nE           assert False\n\ntests/test_tensorflow_python_ops_summary_ops_v2.py:390: AssertionError\n_________ test_write_device_enforcement[test_device-5.0-3-True-graph] __________\n\ntag = 'test_device', tensor_value = 5.0, step = 3, has_default_writer = True\nexecution_mode = 'graph', mock_summary_state = <MagicMock id='5190489024'>\nmock_write_summary = <MagicMock name='write_summary' id='5192174944'>\nmock_smart_cond = <MagicMock name='smart_cond' id='5192172400'>\nmock_add_to_collection = <MagicMock name='add_to_collection' id='5193647536'>\nmock_device = <MagicMock name='device' id='5193655024'>\n\n    @pytest.mark.parametrize(\n        \"tag,tensor_value,step,has_default_writer,execution_mode\",\n        [\n            (\"test_device\", 5.0, 3, True, \"graph\"),\n        ]\n    )\n    def test_write_device_enforcement(\n        tag, tensor_value, step, has_default_writer, execution_mode,\n        mock_summary_state, mock_write_summary, mock_smart_cond,\n        mock_add_to_collection, mock_device\n    ):\n        \"\"\"\n        TC-05: 设备强制设置为CPU验证\n    \n        验证write函数在graph模式下强制将操作放置在CPU:0设备上。\n        使用weak断言：无异常抛出、基础属性验证、设备上下文验证。\n        \"\"\"\n        # Temporarily disable eager execution for this test\n        original_eager = tf.executing_eagerly()\n        if original_eager:\n            tf.compat.v1.disable_eager_execution()\n    \n        try:\n            # Setup mock writer\n            mock_writer = create_mock_writer()\n            mock_summary_state.writer = mock_writer\n    \n            # Create tensor\n            tensor = tf.constant(tensor_value, dtype=tf.float32)\n    \n            # Call the function\n>           result = summary_ops_v2.write(\n                tag=tag,\n                tensor=tensor,\n                step=step\n            )\n\ntests/test_tensorflow_python_ops_summary_ops_v2.py:448: \n_ _ _ _ _ _ _ _ _ _ _ _ _ _ _ _ _ _ _ _ _ _ _ _ _ _ _ _ _ _ _ _ _ _ _ _ _ _ _ _ \n/opt/anaconda3/envs/testagent-experiment/lib/python3.10/site-packages/tensorflow/python/ops/summary_ops_v2.py:770: in write\n    should_record_summaries(), record, _nothing, name=\"summary_cond\")\n/opt/anaconda3/envs/testagent-experiment/lib/python3.10/site-packages/tensorflow/python/ops/summary_ops_v2.py:139: in should_record_summaries\n    return _should_record_summaries_internal(default_state=True)\n/opt/anaconda3/envs/testagent-experiment/lib/python3.10/site-packages/tensorflow/python/ops/summary_ops_v2.py:126: in _should_record_summaries_internal\n    return math_ops.logical_and(cond_distributed, cond)\n/opt/anaconda3/envs/testagent-experiment/lib/python3.10/site-packages/tensorflow/python/ops/gen_math_ops.py:5724: in logical_and\n    _, _, _op, _outputs = _op_def_library._apply_op_helper(\n/opt/anaconda3/envs/testagent-experiment/lib/python3.10/site-packages/tensorflow/python/framework/op_def_library.py:756: in _apply_op_helper\n    op_def, g, producer = _GetOpDef(op_type_name, keywords)\n/opt/anaconda3/envs/testagent-experiment/lib/python3.10/site-packages/tensorflow/python/framework/op_def_library.py:735: in _GetOpDef\n    g = ops._get_graph_from_inputs(_Flatten(keywords.values()))\n/opt/anaconda3/envs/testagent-experiment/lib/python3.10/site-packages/tensorflow/python/framework/ops.py:6398: in _get_graph_from_inputs\n    _assert_same_graph(original_graph_element, graph_element)\n_ _ _ _ _ _ _ _ _ _ _ _ _ _ _ _ _ _ _ _ _ _ _ _ _ _ _ _ _ _ _ _ _ _ _ _ _ _ _ _ \n\noriginal_item = <MagicMock name='mock.is_recording_distribution_strategy()._as_graph_element()' id='5191999328'>\nitem = <MagicMock name='mock.is_recording()._as_graph_element()' id='5192077504'>\n\n    def _assert_same_graph(original_item, item):\n      \"\"\"Fail if the 2 items are from different graphs.\n    \n      Args:\n        original_item: Original item to check against.\n        item: Item to check.\n    \n      Raises:\n        ValueError: if graphs do not match.\n      \"\"\"\n      original_graph = getattr(original_item, \"graph\", None)\n      graph = getattr(item, \"graph\", None)\n      if original_graph and graph and original_graph is not graph:\n>       raise ValueError(\n            \"%s must be from the same graph as %s (graphs are %s and %s).\" %\n            (item, original_item, graph, original_graph))\nE       ValueError: <MagicMock name='mock.is_recording()._as_graph_element()' id='5192077504'> must be from the same graph as <MagicMock name='mock.is_recording_distribution_strategy()._as_graph_element()' id='5191999328'> (graphs are <MagicMock name='mock.is_recording()._as_graph_element().graph' id='5192639840'> and <MagicMock name='mock.is_recording_distribution_strategy()._as_graph_element().graph' id='5192000912'>).\n\n/opt/anaconda3/envs/testagent-experiment/lib/python3.10/site-packages/tensorflow/python/framework/ops.py:6331: ValueError\n\nDuring handling of the above exception, another exception occurred:\n\ntag = 'test_device', tensor_value = 5.0, step = 3, has_default_writer = True\nexecution_mode = 'graph', mock_summary_state = <MagicMock id='5190489024'>\nmock_write_summary = <MagicMock name='write_summary' id='5192174944'>\nmock_smart_cond = <MagicMock name='smart_cond' id='5192172400'>\nmock_add_to_collection = <MagicMock name='add_to_collection' id='5193647536'>\nmock_device = <MagicMock name='device' id='5193655024'>\n\n    @pytest.mark.parametrize(\n        \"tag,tensor_value,step,has_default_writer,execution_mode\",\n        [\n            (\"test_device\", 5.0, 3, True, \"graph\"),\n        ]\n    )\n    def test_write_device_enforcement(\n        tag, tensor_value, step, has_default_writer, execution_mode,\n        mock_summary_state, mock_write_summary, mock_smart_cond,\n        mock_add_to_collection, mock_device\n    ):\n        \"\"\"\n        TC-05: 设备强制设置为CPU验证\n    \n        验证write函数在graph模式下强制将操作放置在CPU:0设备上。\n        使用weak断言：无异常抛出、基础属性验证、设备上下文验证。\n        \"\"\"\n        # Temporarily disable eager execution for this test\n        original_eager = tf.executing_eagerly()\n        if original_eager:\n            tf.compat.v1.disable_eager_execution()\n    \n        try:\n            # Setup mock writer\n            mock_writer = create_mock_writer()\n            mock_summary_state.writer = mock_writer\n    \n            # Create tensor\n            tensor = tf.constant(tensor_value, dtype=tf.float32)\n    \n            # Call the function\n            result = summary_ops_v2.write(\n                tag=tag,\n                tensor=tensor,\n                step=step\n            )\n    \n            # Weak assertion 1: 无异常抛出\n            # If we reach here, no exception was raised\n    \n            # Weak assertion 2: 基础属性验证\n            # Verify write_summary was called\n            mock_write_summary.assert_called_once()\n    \n            # Verify smart_cond was called\n            mock_smart_cond.assert_called_once()\n    \n            # Weak assertion 3: 设备上下文验证\n            # Verify device context was used with CPU:0\n            mock_device.assert_called_once_with(\"cpu:0\")\n    \n            # In graph mode, verify add_to_collection was called\n            mock_add_to_collection.assert_called_once()\n    \n            # Check that we're in graph mode\n            assert not tf.executing_eagerly(), \"Should be in graph mode\"\n    \n            print(f\"✓ Test passed: {tag} with device enforcement in {execution_mode} mode\")\n    \n        finally:\n            # Restore eager execution for other tests\n            if original_eager:\n>               tf.compat.v1.enable_eager_execution()\n\ntests/test_tensorflow_python_ops_summary_ops_v2.py:479: \n_ _ _ _ _ _ _ _ _ _ _ _ _ _ _ _ _ _ _ _ _ _ _ _ _ _ _ _ _ _ _ _ _ _ _ _ _ _ _ _ \n/opt/anaconda3/envs/testagent-experiment/lib/python3.10/site-packages/tensorflow/python/framework/ops.py:6104: in enable_eager_execution\n    return enable_eager_execution_internal(\n_ _ _ _ _ _ _ _ _ _ _ _ _ _ _ _ _ _ _ _ _ _ _ _ _ _ _ _ _ _ _ _ _ _ _ _ _ _ _ _ \n\nconfig = None, device_policy = None, execution_mode = None, server_def = None\n\n    def enable_eager_execution_internal(config=None,\n                                        device_policy=None,\n                                        execution_mode=None,\n                                        server_def=None):\n      \"\"\"Enables eager execution for the lifetime of this program.\n    \n      Most of the doc string for enable_eager_execution is relevant here as well.\n    \n      Args:\n        config: See enable_eager_execution doc string\n        device_policy: See enable_eager_execution doc string\n        execution_mode: See enable_eager_execution doc string\n        server_def: (Optional.) A tensorflow::ServerDef proto. Enables execution on\n          remote devices. GrpcServers need to be started by creating an identical\n          server_def to this, and setting the appropriate task_indexes, so that the\n          servers can communicate. It will then be possible to execute operations on\n          remote devices.\n    \n      Raises:\n        ValueError\n    \n      \"\"\"\n      if config is not None and not isinstance(config, config_pb2.ConfigProto):\n        raise TypeError(\"config must be a tf.ConfigProto, but got %s\" %\n                        type(config))\n      if device_policy not in (None, context.DEVICE_PLACEMENT_EXPLICIT,\n                               context.DEVICE_PLACEMENT_WARN,\n                               context.DEVICE_PLACEMENT_SILENT,\n                               context.DEVICE_PLACEMENT_SILENT_FOR_INT32):\n        raise ValueError(\n            \"device_policy must be one of None, tf.contrib.eager.DEVICE_PLACEMENT_*\"\n        )\n      if execution_mode not in (None, context.SYNC, context.ASYNC):\n        raise ValueError(\n            \"execution_mode must be one of None, tf.contrib.eager.SYNC, \"\n            \"tf.contrib.eager.ASYNC\")\n      if context.default_execution_mode == context.GRAPH_MODE:\n        graph_mode_has_been_used = (\n            _default_graph_stack._global_default_graph is not None)  # pylint: disable=protected-access\n        if graph_mode_has_been_used:\n>         raise ValueError(\n              \"tf.enable_eager_execution must be called at program startup.\")\nE         ValueError: tf.enable_eager_execution must be called at program startup.\n\n/opt/anaconda3/envs/testagent-experiment/lib/python3.10/site-packages/tensorflow/python/framework/ops.py:6172: ValueError\n=============================== warnings summary ===============================\n../../../../../../../../opt/anaconda3/envs/testagent-experiment/lib/python3.10/site-packages/tensorflow/core/framework/tensor_shape_pb2.py:18\n  /opt/anaconda3/envs/testagent-experiment/lib/python3.10/site-packages/tensorflow/core/framework/tensor_shape_pb2.py:18: DeprecationWarning: Call to deprecated create function FileDescriptor(). Note: Create unlinked descriptors is going to go away. Please use get/find descriptors from generated code or query the descriptor_pool.\n    DESCRIPTOR = _descriptor.FileDescriptor(\n\n../../../../../../../../opt/anaconda3/envs/testagent-experiment/lib/python3.10/site-packages/tensorflow/core/framework/tensor_shape_pb2.py:36\n  /opt/anaconda3/envs/testagent-experiment/lib/python3.10/site-packages/tensorflow/core/framework/tensor_shape_pb2.py:36: DeprecationWarning: Call to deprecated create function FieldDescriptor(). Note: Create unlinked descriptors is going to go away. Please use get/find descriptors from generated code or query the descriptor_pool.\n    _descriptor.FieldDescriptor(\n\n../../../../../../../../opt/anaconda3/envs/testagent-experiment/lib/python3.10/site-packages/tensorflow/core/framework/tensor_shape_pb2.py:43\n  /opt/anaconda3/envs/testagent-experiment/lib/python3.10/site-packages/tensorflow/core/framework/tensor_shape_pb2.py:43: DeprecationWarning: Call to deprecated create function FieldDescriptor(). Note: Create unlinked descriptors is going to go away. Please use get/find descriptors from generated code or query the descriptor_pool.\n    _descriptor.FieldDescriptor(\n\n../../../../../../../../opt/anaconda3/envs/testagent-experiment/lib/python3.10/site-packages/tensorflow/core/framework/tensor_shape_pb2.py:29\n  /opt/anaconda3/envs/testagent-experiment/lib/python3.10/site-packages/tensorflow/core/framework/tensor_shape_pb2.py:29: DeprecationWarning: Call to deprecated create function Descriptor(). Note: Create unlinked descriptors is going to go away. Please use get/find descriptors from generated code or query the descriptor_pool.\n    _TENSORSHAPEPROTO_DIM = _descriptor.Descriptor(\n\n../../../../../../../../opt/anaconda3/envs/testagent-experiment/lib/python3.10/site-packages/tensorflow/core/framework/tensor_shape_pb2.py:73\n  /opt/anaconda3/envs/testagent-experiment/lib/python3.10/site-packages/tensorflow/core/framework/tensor_shape_pb2.py:73: DeprecationWarning: Call to deprecated create function FieldDescriptor(). Note: Create unlinked descriptors is going to go away. Please use get/find descriptors from generated code or query the descriptor_pool.\n    _descriptor.FieldDescriptor(\n\n../../../../../../../../opt/anaconda3/envs/testagent-experiment/lib/python3.10/site-packages/tensorflow/core/framework/tensor_shape_pb2.py:80\n  /opt/anaconda3/envs/testagent-experiment/lib/python3.10/site-packages/tensorflow/core/framework/tensor_shape_pb2.py:80: DeprecationWarning: Call to deprecated create function FieldDescriptor(). Note: Create unlinked descriptors is going to go away. Please use get/find descriptors from generated code or query the descriptor_pool.\n    _descriptor.FieldDescriptor(\n\n../../../../../../../../opt/anaconda3/envs/testagent-experiment/lib/python3.10/site-packages/tensorflow/core/framework/tensor_shape_pb2.py:66\n  /opt/anaconda3/envs/testagent-experiment/lib/python3.10/site-packages/tensorflow/core/framework/tensor_shape_pb2.py:66: DeprecationWarning: Call to deprecated create function Descriptor(). Note: Create unlinked descriptors is going to go away. Please use get/find descriptors from generated code or query the descriptor_pool.\n    _TENSORSHAPEPROTO = _descriptor.Descriptor(\n\n../../../../../../../../opt/anaconda3/envs/testagent-experiment/lib/python3.10/site-packages/tensorflow/core/framework/types_pb2.py:19\n  /opt/anaconda3/envs/testagent-experiment/lib/python3.10/site-packages/tensorflow/core/framework/types_pb2.py:19: DeprecationWarning: Call to deprecated create function FileDescriptor(). Note: Create unlinked descriptors is going to go away. Please use get/find descriptors from generated code or query the descriptor_pool.\n    DESCRIPTOR = _descriptor.FileDescriptor(\n\n../../../../../../../../opt/anaconda3/envs/testagent-experiment/lib/python3.10/site-packages/tensorflow/core/framework/types_pb2.py:33\n  /opt/anaconda3/envs/testagent-experiment/lib/python3.10/site-packages/tensorflow/core/framework/types_pb2.py:33: DeprecationWarning: Call to deprecated create function EnumValueDescriptor(). Note: Create unlinked descriptors is going to go away. Please use get/find descriptors from generated code or query the descriptor_pool.\n    _descriptor.EnumValueDescriptor(\n\n../../../../../../../../opt/anaconda3/envs/testagent-experiment/lib/python3.10/site-packages/tensorflow/core/framework/types_pb2.py:37\n  /opt/anaconda3/envs/testagent-experiment/lib/python3.10/site-packages/tensorflow/core/framework/types_pb2.py:37: DeprecationWarning: Call to deprecated create function EnumValueDescriptor(). Note: Create unlinked descriptors is going to go away. Please use get/find descriptors from generated code or query the descriptor_pool.\n    _descriptor.EnumValueDescriptor(\n\n../../../../../../../../opt/anaconda3/envs/testagent-experiment/lib/python3.10/site-packages/tensorflow/core/framework/types_pb2.py:41\n  /opt/anaconda3/envs/testagent-experiment/lib/python3.10/site-packages/tensorflow/core/framework/types_pb2.py:41: DeprecationWarning: Call to deprecated create function EnumValueDescriptor(). Note: Create unlinked descriptors is going to go away. Please use get/find descriptors from generated code or query the descriptor_pool.\n    _descriptor.EnumValueDescriptor(\n\n../../../../../../../../opt/anaconda3/envs/testagent-experiment/lib/python3.10/site-packages/tensorflow/core/framework/types_pb2.py:45\n  /opt/anaconda3/envs/testagent-experiment/lib/python3.10/site-packages/tensorflow/core/framework/types_pb2.py:45: DeprecationWarning: Call to deprecated create function EnumValueDescriptor(). Note: Create unlinked descriptors is going to go away. Please use get/find descriptors from generated code or query the descriptor_pool.\n    _descriptor.EnumValueDescriptor(\n\n../../../../../../../../opt/anaconda3/envs/testagent-experiment/lib/python3.10/site-packages/tensorflow/core/framework/types_pb2.py:49\n  /opt/anaconda3/envs/testagent-experiment/lib/python3.10/site-packages/tensorflow/core/framework/types_pb2.py:49: DeprecationWarning: Call to deprecated create function EnumValueDescriptor(). Note: Create unlinked descriptors is going to go away. Please use get/find descriptors from generated code or query the descriptor_pool.\n    _descriptor.EnumValueDescriptor(\n\n../../../../../../../../opt/anaconda3/envs/testagent-experiment/lib/python3.10/site-packages/tensorflow/core/framework/types_pb2.py:53\n  /opt/anaconda3/envs/testagent-experiment/lib/python3.10/site-packages/tensorflow/core/framework/types_pb2.py:53: DeprecationWarning: Call to deprecated create function EnumValueDescriptor(). Note: Create unlinked descriptors is going to go away. Please use get/find descriptors from generated code or query the descriptor_pool.\n    _descriptor.EnumValueDescriptor(\n\n../../../../../../../../opt/anaconda3/envs/testagent-experiment/lib/python3.10/site-packages/tensorflow/core/framework/types_pb2.py:57\n  /opt/anaconda3/envs/testagent-experiment/lib/python3.10/site-packages/tensorflow/core/framework/types_pb2.py:57: DeprecationWarning: Call to deprecated create function EnumValueDescriptor(). Note: Create unlinked descriptors is going to go away. Please use get/find descriptors from generated code or query the descriptor_pool.\n    _descriptor.EnumValueDescriptor(\n\n../../../../../../../../opt/anaconda3/envs/testagent-experiment/lib/python3.10/site-packages/tensorflow/core/framework/types_pb2.py:61\n  /opt/anaconda3/envs/testagent-experiment/lib/python3.10/site-packages/tensorflow/core/framework/types_pb2.py:61: DeprecationWarning: Call to deprecated create function EnumValueDescriptor(). Note: Create unlinked descriptors is going to go away. Please use get/find descriptors from generated code or query the descriptor_pool.\n    _descriptor.EnumValueDescriptor(\n\n../../../../../../../../opt/anaconda3/envs/testagent-experiment/lib/python3.10/site-packages/tensorflow/core/framework/types_pb2.py:65\n  /opt/anaconda3/envs/testagent-experiment/lib/python3.10/site-packages/tensorflow/core/framework/types_pb2.py:65: DeprecationWarning: Call to deprecated create function EnumValueDescriptor(). Note: Create unlinked descriptors is going to go away. Please use get/find descriptors from generated code or query the descriptor_pool.\n    _descriptor.EnumValueDescriptor(\n\n../../../../../../../../opt/anaconda3/envs/testagent-experiment/lib/python3.10/site-packages/tensorflow/core/framework/types_pb2.py:69\n  /opt/anaconda3/envs/testagent-experiment/lib/python3.10/site-packages/tensorflow/core/framework/types_pb2.py:69: DeprecationWarning: Call to deprecated create function EnumValueDescriptor(). Note: Create unlinked descriptors is going to go away. Please use get/find descriptors from generated code or query the descriptor_pool.\n    _descriptor.EnumValueDescriptor(\n\n../../../../../../../../opt/anaconda3/envs/testagent-experiment/lib/python3.10/site-packages/tensorflow/core/framework/types_pb2.py:73\n  /opt/anaconda3/envs/testagent-experiment/lib/python3.10/site-packages/tensorflow/core/framework/types_pb2.py:73: DeprecationWarning: Call to deprecated create function EnumValueDescriptor(). Note: Create unlinked descriptors is going to go away. Please use get/find descriptors from generated code or query the descriptor_pool.\n    _descriptor.EnumValueDescriptor(\n\n../../../../../../../../opt/anaconda3/envs/testagent-experiment/lib/python3.10/site-packages/tensorflow/core/framework/types_pb2.py:77\n  /opt/anaconda3/envs/testagent-experiment/lib/python3.10/site-packages/tensorflow/core/framework/types_pb2.py:77: DeprecationWarning: Call to deprecated create function EnumValueDescriptor(). Note: Create unlinked descriptors is going to go away. Please use get/find descriptors from generated code or query the descriptor_pool.\n    _descriptor.EnumValueDescriptor(\n\n../../../../../../../../opt/anaconda3/envs/testagent-experiment/lib/python3.10/site-packages/tensorflow/core/framework/types_pb2.py:81\n  /opt/anaconda3/envs/testagent-experiment/lib/python3.10/site-packages/tensorflow/core/framework/types_pb2.py:81: DeprecationWarning: Call to deprecated create function EnumValueDescriptor(). Note: Create unlinked descriptors is going to go away. Please use get/find descriptors from generated code or query the descriptor_pool.\n    _descriptor.EnumValueDescriptor(\n\n../../../../../../../../opt/anaconda3/envs/testagent-experiment/lib/python3.10/site-packages/tensorflow/core/framework/types_pb2.py:85\n  /opt/anaconda3/envs/testagent-experiment/lib/python3.10/site-packages/tensorflow/core/framework/types_pb2.py:85: DeprecationWarning: Call to deprecated create function EnumValueDescriptor(). Note: Create unlinked descriptors is going to go away. Please use get/find descriptors from generated code or query the descriptor_pool.\n    _descriptor.EnumValueDescriptor(\n\n../../../../../../../../opt/anaconda3/envs/testagent-experiment/lib/python3.10/site-packages/tensorflow/core/framework/types_pb2.py:89\n  /opt/anaconda3/envs/testagent-experiment/lib/python3.10/site-packages/tensorflow/core/framework/types_pb2.py:89: DeprecationWarning: Call to deprecated create function EnumValueDescriptor(). Note: Create unlinked descriptors is going to go away. Please use get/find descriptors from generated code or query the descriptor_pool.\n    _descriptor.EnumValueDescriptor(\n\n../../../../../../../../opt/anaconda3/envs/testagent-experiment/lib/python3.10/site-packages/tensorflow/core/framework/types_pb2.py:93\n  /opt/anaconda3/envs/testagent-experiment/lib/python3.10/site-packages/tensorflow/core/framework/types_pb2.py:93: DeprecationWarning: Call to deprecated create function EnumValueDescriptor(). Note: Create unlinked descriptors is going to go away. Please use get/find descriptors from generated code or query the descriptor_pool.\n    _descriptor.EnumValueDescriptor(\n\n../../../../../../../../opt/anaconda3/envs/testagent-experiment/lib/python3.10/site-packages/tensorflow/core/framework/types_pb2.py:97\n  /opt/anaconda3/envs/testagent-experiment/lib/python3.10/site-packages/tensorflow/core/framework/types_pb2.py:97: DeprecationWarning: Call to deprecated create function EnumValueDescriptor(). Note: Create unlinked descriptors is going to go away. Please use get/find descriptors from generated code or query the descriptor_pool.\n    _descriptor.EnumValueDescriptor(\n\n../../../../../../../../opt/anaconda3/envs/testagent-experiment/lib/python3.10/site-packages/tensorflow/core/framework/types_pb2.py:101\n  /opt/anaconda3/envs/testagent-experiment/lib/python3.10/site-packages/tensorflow/core/framework/types_pb2.py:101: DeprecationWarning: Call to deprecated create function EnumValueDescriptor(). Note: Create unlinked descriptors is going to go away. Please use get/find descriptors from generated code or query the descriptor_pool.\n    _descriptor.EnumValueDescriptor(\n\n../../../../../../../../opt/anaconda3/envs/testagent-experiment/lib/python3.10/site-packages/tensorflow/core/framework/types_pb2.py:105\n  /opt/anaconda3/envs/testagent-experiment/lib/python3.10/site-packages/tensorflow/core/framework/types_pb2.py:105: DeprecationWarning: Call to deprecated create function EnumValueDescriptor(). Note: Create unlinked descriptors is going to go away. Please use get/find descriptors from generated code or query the descriptor_pool.\n    _descriptor.EnumValueDescriptor(\n\n../../../../../../../../opt/anaconda3/envs/testagent-experiment/lib/python3.10/site-packages/tensorflow/core/framework/types_pb2.py:109\n  /opt/anaconda3/envs/testagent-experiment/lib/python3.10/site-packages/tensorflow/core/framework/types_pb2.py:109: DeprecationWarning: Call to deprecated create function EnumValueDescriptor(). Note: Create unlinked descriptors is going to go away. Please use get/find descriptors from generated code or query the descriptor_pool.\n    _descriptor.EnumValueDescriptor(\n\n../../../../../../../../opt/anaconda3/envs/testagent-experiment/lib/python3.10/site-packages/tensorflow/core/framework/types_pb2.py:113\n  /opt/anaconda3/envs/testagent-experiment/lib/python3.10/site-packages/tensorflow/core/framework/types_pb2.py:113: DeprecationWarning: Call to deprecated create function EnumValueDescriptor(). Note: Create unlinked descriptors is going to go away. Please use get/find descriptors from generated code or query the descriptor_pool.\n    _descriptor.EnumValueDescriptor(\n\n../../../../../../../../opt/anaconda3/envs/testagent-experiment/lib/python3.10/site-packages/tensorflow/core/framework/types_pb2.py:117\n  /opt/anaconda3/envs/testagent-experiment/lib/python3.10/site-packages/tensorflow/core/framework/types_pb2.py:117: DeprecationWarning: Call to deprecated create function EnumValueDescriptor(). Note: Create unlinked descriptors is going to go away. Please use get/find descriptors from generated code or query the descriptor_pool.\n    _descriptor.EnumValueDescriptor(\n\n../../../../../../../../opt/anaconda3/envs/testagent-experiment/lib/python3.10/site-packages/tensorflow/core/framework/types_pb2.py:121\n  /opt/anaconda3/envs/testagent-experiment/lib/python3.10/site-packages/tensorflow/core/framework/types_pb2.py:121: DeprecationWarning: Call to deprecated create function EnumValueDescriptor(). Note: Create unlinked descriptors is going to go away. Please use get/find descriptors from generated code or query the descriptor_pool.\n    _descriptor.EnumValueDescriptor(\n\n../../../../../../../../opt/anaconda3/envs/testagent-experiment/lib/python3.10/site-packages/tensorflow/core/framework/types_pb2.py:125\n  /opt/anaconda3/envs/testagent-experiment/lib/python3.10/site-packages/tensorflow/core/framework/types_pb2.py:125: DeprecationWarning: Call to deprecated create function EnumValueDescriptor(). Note: Create unlinked descriptors is going to go away. Please use get/find descriptors from generated code or query the descriptor_pool.\n    _descriptor.EnumValueDescriptor(\n\n../../../../../../../../opt/anaconda3/envs/testagent-experiment/lib/python3.10/site-packages/tensorflow/core/framework/types_pb2.py:129\n  /opt/anaconda3/envs/testagent-experiment/lib/python3.10/site-packages/tensorflow/core/framework/types_pb2.py:129: DeprecationWarning: Call to deprecated create function EnumValueDescriptor(). Note: Create unlinked descriptors is going to go away. Please use get/find descriptors from generated code or query the descriptor_pool.\n    _descriptor.EnumValueDescriptor(\n\n../../../../../../../../opt/anaconda3/envs/testagent-experiment/lib/python3.10/site-packages/tensorflow/core/framework/types_pb2.py:133\n  /opt/anaconda3/envs/testagent-experiment/lib/python3.10/site-packages/tensorflow/core/framework/types_pb2.py:133: DeprecationWarning: Call to deprecated create function EnumValueDescriptor(). Note: Create unlinked descriptors is going to go away. Please use get/find descriptors from generated code or query the descriptor_pool.\n    _descriptor.EnumValueDescriptor(\n\n../../../../../../../../opt/anaconda3/envs/testagent-experiment/lib/python3.10/site-packages/tensorflow/core/framework/types_pb2.py:137\n  /opt/anaconda3/envs/testagent-experiment/lib/python3.10/site-packages/tensorflow/core/framework/types_pb2.py:137: DeprecationWarning: Call to deprecated create function EnumValueDescriptor(). Note: Create unlinked descriptors is going to go away. Please use get/find descriptors from generated code or query the descriptor_pool.\n    _descriptor.EnumValueDescriptor(\n\n../../../../../../../../opt/anaconda3/envs/testagent-experiment/lib/python3.10/site-packages/tensorflow/core/framework/types_pb2.py:141\n  /opt/anaconda3/envs/testagent-experiment/lib/python3.10/site-packages/tensorflow/core/framework/types_pb2.py:141: DeprecationWarning: Call to deprecated create function EnumValueDescriptor(). Note: Create unlinked descriptors is going to go away. Please use get/find descriptors from generated code or query the descriptor_pool.\n    _descriptor.EnumValueDescriptor(\n\n../../../../../../../../opt/anaconda3/envs/testagent-experiment/lib/python3.10/site-packages/tensorflow/core/framework/types_pb2.py:145\n  /opt/anaconda3/envs/testagent-experiment/lib/python3.10/site-packages/tensorflow/core/framework/types_pb2.py:145: DeprecationWarning: Call to deprecated create function EnumValueDescriptor(). Note: Create unlinked descriptors is going to go away. Please use get/find descriptors from generated code or query the descriptor_pool.\n    _descriptor.EnumValueDescriptor(\n\n../../../../../../../../opt/anaconda3/envs/testagent-experiment/lib/python3.10/site-packages/tensorflow/core/framework/types_pb2.py:149\n  /opt/anaconda3/envs/testagent-experiment/lib/python3.10/site-packages/tensorflow/core/framework/types_pb2.py:149: DeprecationWarning: Call to deprecated create function EnumValueDescriptor(). Note: Create unlinked descriptors is going to go away. Please use get/find descriptors from generated code or query the descriptor_pool.\n    _descriptor.EnumValueDescriptor(\n\n../../../../../../../../opt/anaconda3/envs/testagent-experiment/lib/python3.10/site-packages/tensorflow/core/framework/types_pb2.py:153\n  /opt/anaconda3/envs/testagent-experiment/lib/python3.10/site-packages/tensorflow/core/framework/types_pb2.py:153: DeprecationWarning: Call to deprecated create function EnumValueDescriptor(). Note: Create unlinked descriptors is going to go away. Please use get/find descriptors from generated code or query the descriptor_pool.\n    _descriptor.EnumValueDescriptor(\n\n../../../../../../../../opt/anaconda3/envs/testagent-experiment/lib/python3.10/site-packages/tensorflow/core/framework/types_pb2.py:157\n  /opt/anaconda3/envs/testagent-experiment/lib/python3.10/site-packages/tensorflow/core/framework/types_pb2.py:157: DeprecationWarning: Call to deprecated create function EnumValueDescriptor(). Note: Create unlinked descriptors is going to go away. Please use get/find descriptors from generated code or query the descriptor_pool.\n    _descriptor.EnumValueDescriptor(\n\n../../../../../../../../opt/anaconda3/envs/testagent-experiment/lib/python3.10/site-packages/tensorflow/core/framework/types_pb2.py:161\n  /opt/anaconda3/envs/testagent-experiment/lib/python3.10/site-packages/tensorflow/core/framework/types_pb2.py:161: DeprecationWarning: Call to deprecated create function EnumValueDescriptor(). Note: Create unlinked descriptors is going to go away. Please use get/find descriptors from generated code or query the descriptor_pool.\n    _descriptor.EnumValueDescriptor(\n\n../../../../../../../../opt/anaconda3/envs/testagent-experiment/lib/python3.10/site-packages/tensorflow/core/framework/types_pb2.py:165\n  /opt/anaconda3/envs/testagent-experiment/lib/python3.10/site-packages/tensorflow/core/framework/types_pb2.py:165: DeprecationWarning: Call to deprecated create function EnumValueDescriptor(). Note: Create unlinked descriptors is going to go away. Please use get/find descriptors from generated code or query the descriptor_pool.\n    _descriptor.EnumValueDescriptor(\n\n../../../../../../../../opt/anaconda3/envs/testagent-experiment/lib/python3.10/site-packages/tensorflow/core/framework/types_pb2.py:169\n  /opt/anaconda3/envs/testagent-experiment/lib/python3.10/site-packages/tensorflow/core/framework/types_pb2.py:169: DeprecationWarning: Call to deprecated create function EnumValueDescriptor(). Note: Create unlinked descriptors is going to go away. Please use get/find descriptors from generated code or query the descriptor_pool.\n    _descriptor.EnumValueDescriptor(\n\n../../../../../../../../opt/anaconda3/envs/testagent-experiment/lib/python3.10/site-packages/tensorflow/core/framework/types_pb2.py:173\n  /opt/anaconda3/envs/testagent-experiment/lib/python3.10/site-packages/tensorflow/core/framework/types_pb2.py:173: DeprecationWarning: Call to deprecated create function EnumValueDescriptor(). Note: Create unlinked descriptors is going to go away. Please use get/find descriptors from generated code or query the descriptor_pool.\n    _descriptor.EnumValueDescriptor(\n\n../../../../../../../../opt/anaconda3/envs/testagent-experiment/lib/python3.10/site-packages/tensorflow/core/framework/types_pb2.py:177\n  /opt/anaconda3/envs/testagent-experiment/lib/python3.10/site-packages/tensorflow/core/framework/types_pb2.py:177: DeprecationWarning: Call to deprecated create function EnumValueDescriptor(). Note: Create unlinked descriptors is going to go away. Please use get/find descriptors from generated code or query the descriptor_pool.\n    _descriptor.EnumValueDescriptor(\n\n../../../../../../../../opt/anaconda3/envs/testagent-experiment/lib/python3.10/site-packages/tensorflow/core/framework/types_pb2.py:181\n  /opt/anaconda3/envs/testagent-experiment/lib/python3.10/site-packages/tensorflow/core/framework/types_pb2.py:181: DeprecationWarning: Call to deprecated create function EnumValueDescriptor(). Note: Create unlinked descriptors is going to go away. Please use get/find descriptors from generated code or query the descriptor_pool.\n    _descriptor.EnumValueDescriptor(\n\n../../../../../../../../opt/anaconda3/envs/testagent-experiment/lib/python3.10/site-packages/tensorflow/core/framework/types_pb2.py:185\n  /opt/anaconda3/envs/testagent-experiment/lib/python3.10/site-packages/tensorflow/core/framework/types_pb2.py:185: DeprecationWarning: Call to deprecated create function EnumValueDescriptor(). Note: Create unlinked descriptors is going to go away. Please use get/find descriptors from generated code or query the descriptor_pool.\n    _descriptor.EnumValueDescriptor(\n\n../../../../../../../../opt/anaconda3/envs/testagent-experiment/lib/python3.10/site-packages/tensorflow/core/framework/types_pb2.py:189\n  /opt/anaconda3/envs/testagent-experiment/lib/python3.10/site-packages/tensorflow/core/framework/types_pb2.py:189: DeprecationWarning: Call to deprecated create function EnumValueDescriptor(). Note: Create unlinked descriptors is going to go away. Please use get/find descriptors from generated code or query the descriptor_pool.\n    _descriptor.EnumValueDescriptor(\n\n../../../../../../../../opt/anaconda3/envs/testagent-experiment/lib/python3.10/site-packages/tensorflow/core/framework/types_pb2.py:193\n  /opt/anaconda3/envs/testagent-experiment/lib/python3.10/site-packages/tensorflow/core/framework/types_pb2.py:193: DeprecationWarning: Call to deprecated create function EnumValueDescriptor(). Note: Create unlinked descriptors is going to go away. Please use get/find descriptors from generated code or query the descriptor_pool.\n    _descriptor.EnumValueDescriptor(\n\n../../../../../../../../opt/anaconda3/envs/testagent-experiment/lib/python3.10/site-packages/tensorflow/core/framework/types_pb2.py:197\n  /opt/anaconda3/envs/testagent-experiment/lib/python3.10/site-packages/tensorflow/core/framework/types_pb2.py:197: DeprecationWarning: Call to deprecated create function EnumValueDescriptor(). Note: Create unlinked descriptors is going to go away. Please use get/find descriptors from generated code or query the descriptor_pool.\n    _descriptor.EnumValueDescriptor(\n\n../../../../../../../../opt/anaconda3/envs/testagent-experiment/lib/python3.10/site-packages/tensorflow/core/framework/types_pb2.py:201\n  /opt/anaconda3/envs/testagent-experiment/lib/python3.10/site-packages/tensorflow/core/framework/types_pb2.py:201: DeprecationWarning: Call to deprecated create function EnumValueDescriptor(). Note: Create unlinked descriptors is going to go away. Please use get/find descriptors from generated code or query the descriptor_pool.\n    _descriptor.EnumValueDescriptor(\n\n../../../../../../../../opt/anaconda3/envs/testagent-experiment/lib/python3.10/site-packages/tensorflow/core/framework/types_pb2.py:205\n  /opt/anaconda3/envs/testagent-experiment/lib/python3.10/site-packages/tensorflow/core/framework/types_pb2.py:205: DeprecationWarning: Call to deprecated create function EnumValueDescriptor(). Note: Create unlinked descriptors is going to go away. Please use get/find descriptors from generated code or query the descriptor_pool.\n    _descriptor.EnumValueDescriptor(\n\n../../../../../../../../opt/anaconda3/envs/testagent-experiment/lib/python3.10/site-packages/tensorflow/core/framework/types_pb2.py:209\n  /opt/anaconda3/envs/testagent-experiment/lib/python3.10/site-packages/tensorflow/core/framework/types_pb2.py:209: DeprecationWarning: Call to deprecated create function EnumValueDescriptor(). Note: Create unlinked descriptors is going to go away. Please use get/find descriptors from generated code or query the descriptor_pool.\n    _descriptor.EnumValueDescriptor(\n\n../../../../../../../../opt/anaconda3/envs/testagent-experiment/lib/python3.10/site-packages/tensorflow/core/framework/types_pb2.py:213\n  /opt/anaconda3/envs/testagent-experiment/lib/python3.10/site-packages/tensorflow/core/framework/types_pb2.py:213: DeprecationWarning: Call to deprecated create function EnumValueDescriptor(). Note: Create unlinked descriptors is going to go away. Please use get/find descriptors from generated code or query the descriptor_pool.\n    _descriptor.EnumValueDescriptor(\n\n../../../../../../../../opt/anaconda3/envs/testagent-experiment/lib/python3.10/site-packages/tensorflow/core/framework/types_pb2.py:217\n  /opt/anaconda3/envs/testagent-experiment/lib/python3.10/site-packages/tensorflow/core/framework/types_pb2.py:217: DeprecationWarning: Call to deprecated create function EnumValueDescriptor(). Note: Create unlinked descriptors is going to go away. Please use get/find descriptors from generated code or query the descriptor_pool.\n    _descriptor.EnumValueDescriptor(\n\n../../../../../../../../opt/anaconda3/envs/testagent-experiment/lib/python3.10/site-packages/tensorflow/core/framework/types_pb2.py:27\n  /opt/anaconda3/envs/testagent-experiment/lib/python3.10/site-packages/tensorflow/core/framework/types_pb2.py:27: DeprecationWarning: Call to deprecated create function EnumDescriptor(). Note: Create unlinked descriptors is going to go away. Please use get/find descriptors from generated code or query the descriptor_pool.\n    _DATATYPE = _descriptor.EnumDescriptor(\n\n../../../../../../../../opt/anaconda3/envs/testagent-experiment/lib/python3.10/site-packages/tensorflow/core/framework/resource_handle_pb2.py:20\n  /opt/anaconda3/envs/testagent-experiment/lib/python3.10/site-packages/tensorflow/core/framework/resource_handle_pb2.py:20: DeprecationWarning: Call to deprecated create function FileDescriptor(). Note: Create unlinked descriptors is going to go away. Please use get/find descriptors from generated code or query the descriptor_pool.\n    DESCRIPTOR = _descriptor.FileDescriptor(\n\n../../../../../../../../opt/anaconda3/envs/testagent-experiment/lib/python3.10/site-packages/tensorflow/core/framework/resource_handle_pb2.py:39\n  /opt/anaconda3/envs/testagent-experiment/lib/python3.10/site-packages/tensorflow/core/framework/resource_handle_pb2.py:39: DeprecationWarning: Call to deprecated create function FieldDescriptor(). Note: Create unlinked descriptors is going to go away. Please use get/find descriptors from generated code or query the descriptor_pool.\n    _descriptor.FieldDescriptor(\n\n../../../../../../../../opt/anaconda3/envs/testagent-experiment/lib/python3.10/site-packages/tensorflow/core/framework/resource_handle_pb2.py:46\n  /opt/anaconda3/envs/testagent-experiment/lib/python3.10/site-packages/tensorflow/core/framework/resource_handle_pb2.py:46: DeprecationWarning: Call to deprecated create function FieldDescriptor(). Note: Create unlinked descriptors is going to go away. Please use get/find descriptors from generated code or query the descriptor_pool.\n    _descriptor.FieldDescriptor(\n\n../../../../../../../../opt/anaconda3/envs/testagent-experiment/lib/python3.10/site-packages/tensorflow/core/framework/resource_handle_pb2.py:32\n  /opt/anaconda3/envs/testagent-experiment/lib/python3.10/site-packages/tensorflow/core/framework/resource_handle_pb2.py:32: DeprecationWarning: Call to deprecated create function Descriptor(). Note: Create unlinked descriptors is going to go away. Please use get/find descriptors from generated code or query the descriptor_pool.\n    _RESOURCEHANDLEPROTO_DTYPEANDSHAPE = _descriptor.Descriptor(\n\n../../../../../../../../opt/anaconda3/envs/testagent-experiment/lib/python3.10/site-packages/tensorflow/core/framework/resource_handle_pb2.py:76\n  /opt/anaconda3/envs/testagent-experiment/lib/python3.10/site-packages/tensorflow/core/framework/resource_handle_pb2.py:76: DeprecationWarning: Call to deprecated create function FieldDescriptor(). Note: Create unlinked descriptors is going to go away. Please use get/find descriptors from generated code or query the descriptor_pool.\n    _descriptor.FieldDescriptor(\n\n../../../../../../../../opt/anaconda3/envs/testagent-experiment/lib/python3.10/site-packages/tensorflow/core/framework/resource_handle_pb2.py:83\n  /opt/anaconda3/envs/testagent-experiment/lib/python3.10/site-packages/tensorflow/core/framework/resource_handle_pb2.py:83: DeprecationWarning: Call to deprecated create function FieldDescriptor(). Note: Create unlinked descriptors is going to go away. Please use get/find descriptors from generated code or query the descriptor_pool.\n    _descriptor.FieldDescriptor(\n\n../../../../../../../../opt/anaconda3/envs/testagent-experiment/lib/python3.10/site-packages/tensorflow/core/framework/resource_handle_pb2.py:90\n  /opt/anaconda3/envs/testagent-experiment/lib/python3.10/site-packages/tensorflow/core/framework/resource_handle_pb2.py:90: DeprecationWarning: Call to deprecated create function FieldDescriptor(). Note: Create unlinked descriptors is going to go away. Please use get/find descriptors from generated code or query the descriptor_pool.\n    _descriptor.FieldDescriptor(\n\n../../../../../../../../opt/anaconda3/envs/testagent-experiment/lib/python3.10/site-packages/tensorflow/core/framework/resource_handle_pb2.py:97\n  /opt/anaconda3/envs/testagent-experiment/lib/python3.10/site-packages/tensorflow/core/framework/resource_handle_pb2.py:97: DeprecationWarning: Call to deprecated create function FieldDescriptor(). Note: Create unlinked descriptors is going to go away. Please use get/find descriptors from generated code or query the descriptor_pool.\n    _descriptor.FieldDescriptor(\n\n../../../../../../../../opt/anaconda3/envs/testagent-experiment/lib/python3.10/site-packages/tensorflow/core/framework/resource_handle_pb2.py:104\n  /opt/anaconda3/envs/testagent-experiment/lib/python3.10/site-packages/tensorflow/core/framework/resource_handle_pb2.py:104: DeprecationWarning: Call to deprecated create function FieldDescriptor(). Note: Create unlinked descriptors is going to go away. Please use get/find descriptors from generated code or query the descriptor_pool.\n    _descriptor.FieldDescriptor(\n\n../../../../../../../../opt/anaconda3/envs/testagent-experiment/lib/python3.10/site-packages/tensorflow/core/framework/resource_handle_pb2.py:111\n  /opt/anaconda3/envs/testagent-experiment/lib/python3.10/site-packages/tensorflow/core/framework/resource_handle_pb2.py:111: DeprecationWarning: Call to deprecated create function FieldDescriptor(). Note: Create unlinked descriptors is going to go away. Please use get/find descriptors from generated code or query the descriptor_pool.\n    _descriptor.FieldDescriptor(\n\n../../../../../../../../opt/anaconda3/envs/testagent-experiment/lib/python3.10/site-packages/tensorflow/core/framework/resource_handle_pb2.py:69\n  /opt/anaconda3/envs/testagent-experiment/lib/python3.10/site-packages/tensorflow/core/framework/resource_handle_pb2.py:69: DeprecationWarning: Call to deprecated create function Descriptor(). Note: Create unlinked descriptors is going to go away. Please use get/find descriptors from generated code or query the descriptor_pool.\n    _RESOURCEHANDLEPROTO = _descriptor.Descriptor(\n\n../../../../../../../../opt/anaconda3/envs/testagent-experiment/lib/python3.10/site-packages/tensorflow/core/framework/tensor_pb2.py:21\n  /opt/anaconda3/envs/testagent-experiment/lib/python3.10/site-packages/tensorflow/core/framework/tensor_pb2.py:21: DeprecationWarning: Call to deprecated create function FileDescriptor(). Note: Create unlinked descriptors is going to go away. Please use get/find descriptors from generated code or query the descriptor_pool.\n    DESCRIPTOR = _descriptor.FileDescriptor(\n\n../../../../../../../../opt/anaconda3/envs/testagent-experiment/lib/python3.10/site-packages/tensorflow/core/framework/tensor_pb2.py:40\n  /opt/anaconda3/envs/testagent-experiment/lib/python3.10/site-packages/tensorflow/core/framework/tensor_pb2.py:40: DeprecationWarning: Call to deprecated create function FieldDescriptor(). Note: Create unlinked descriptors is going to go away. Please use get/find descriptors from generated code or query the descriptor_pool.\n    _descriptor.FieldDescriptor(\n\n../../../../../../../../opt/anaconda3/envs/testagent-experiment/lib/python3.10/site-packages/tensorflow/core/framework/tensor_pb2.py:47\n  /opt/anaconda3/envs/testagent-experiment/lib/python3.10/site-packages/tensorflow/core/framework/tensor_pb2.py:47: DeprecationWarning: Call to deprecated create function FieldDescriptor(). Note: Create unlinked descriptors is going to go away. Please use get/find descriptors from generated code or query the descriptor_pool.\n    _descriptor.FieldDescriptor(\n\n../../../../../../../../opt/anaconda3/envs/testagent-experiment/lib/python3.10/site-packages/tensorflow/core/framework/tensor_pb2.py:54\n  /opt/anaconda3/envs/testagent-experiment/lib/python3.10/site-packages/tensorflow/core/framework/tensor_pb2.py:54: DeprecationWarning: Call to deprecated create function FieldDescriptor(). Note: Create unlinked descriptors is going to go away. Please use get/find descriptors from generated code or query the descriptor_pool.\n    _descriptor.FieldDescriptor(\n\n../../../../../../../../opt/anaconda3/envs/testagent-experiment/lib/python3.10/site-packages/tensorflow/core/framework/tensor_pb2.py:61\n  /opt/anaconda3/envs/testagent-experiment/lib/python3.10/site-packages/tensorflow/core/framework/tensor_pb2.py:61: DeprecationWarning: Call to deprecated create function FieldDescriptor(). Note: Create unlinked descriptors is going to go away. Please use get/find descriptors from generated code or query the descriptor_pool.\n    _descriptor.FieldDescriptor(\n\n../../../../../../../../opt/anaconda3/envs/testagent-experiment/lib/python3.10/site-packages/tensorflow/core/framework/tensor_pb2.py:68\n  /opt/anaconda3/envs/testagent-experiment/lib/python3.10/site-packages/tensorflow/core/framework/tensor_pb2.py:68: DeprecationWarning: Call to deprecated create function FieldDescriptor(). Note: Create unlinked descriptors is going to go away. Please use get/find descriptors from generated code or query the descriptor_pool.\n    _descriptor.FieldDescriptor(\n\n../../../../../../../../opt/anaconda3/envs/testagent-experiment/lib/python3.10/site-packages/tensorflow/core/framework/tensor_pb2.py:75\n  /opt/anaconda3/envs/testagent-experiment/lib/python3.10/site-packages/tensorflow/core/framework/tensor_pb2.py:75: DeprecationWarning: Call to deprecated create function FieldDescriptor(). Note: Create unlinked descriptors is going to go away. Please use get/find descriptors from generated code or query the descriptor_pool.\n    _descriptor.FieldDescriptor(\n\n../../../../../../../../opt/anaconda3/envs/testagent-experiment/lib/python3.10/site-packages/tensorflow/core/framework/tensor_pb2.py:82\n  /opt/anaconda3/envs/testagent-experiment/lib/python3.10/site-packages/tensorflow/core/framework/tensor_pb2.py:82: DeprecationWarning: Call to deprecated create function FieldDescriptor(). Note: Create unlinked descriptors is going to go away. Please use get/find descriptors from generated code or query the descriptor_pool.\n    _descriptor.FieldDescriptor(\n\n../../../../../../../../opt/anaconda3/envs/testagent-experiment/lib/python3.10/site-packages/tensorflow/core/framework/tensor_pb2.py:89\n  /opt/anaconda3/envs/testagent-experiment/lib/python3.10/site-packages/tensorflow/core/framework/tensor_pb2.py:89: DeprecationWarning: Call to deprecated create function FieldDescriptor(). Note: Create unlinked descriptors is going to go away. Please use get/find descriptors from generated code or query the descriptor_pool.\n    _descriptor.FieldDescriptor(\n\n../../../../../../../../opt/anaconda3/envs/testagent-experiment/lib/python3.10/site-packages/tensorflow/core/framework/tensor_pb2.py:96\n  /opt/anaconda3/envs/testagent-experiment/lib/python3.10/site-packages/tensorflow/core/framework/tensor_pb2.py:96: DeprecationWarning: Call to deprecated create function FieldDescriptor(). Note: Create unlinked descriptors is going to go away. Please use get/find descriptors from generated code or query the descriptor_pool.\n    _descriptor.FieldDescriptor(\n\n../../../../../../../../opt/anaconda3/envs/testagent-experiment/lib/python3.10/site-packages/tensorflow/core/framework/tensor_pb2.py:103\n  /opt/anaconda3/envs/testagent-experiment/lib/python3.10/site-packages/tensorflow/core/framework/tensor_pb2.py:103: DeprecationWarning: Call to deprecated create function FieldDescriptor(). Note: Create unlinked descriptors is going to go away. Please use get/find descriptors from generated code or query the descriptor_pool.\n    _descriptor.FieldDescriptor(\n\n../../../../../../../../opt/anaconda3/envs/testagent-experiment/lib/python3.10/site-packages/tensorflow/core/framework/tensor_pb2.py:110\n  /opt/anaconda3/envs/testagent-experiment/lib/python3.10/site-packages/tensorflow/core/framework/tensor_pb2.py:110: DeprecationWarning: Call to deprecated create function FieldDescriptor(). Note: Create unlinked descriptors is going to go away. Please use get/find descriptors from generated code or query the descriptor_pool.\n    _descriptor.FieldDescriptor(\n\n../../../../../../../../opt/anaconda3/envs/testagent-experiment/lib/python3.10/site-packages/tensorflow/core/framework/tensor_pb2.py:117\n  /opt/anaconda3/envs/testagent-experiment/lib/python3.10/site-packages/tensorflow/core/framework/tensor_pb2.py:117: DeprecationWarning: Call to deprecated create function FieldDescriptor(). Note: Create unlinked descriptors is going to go away. Please use get/find descriptors from generated code or query the descriptor_pool.\n    _descriptor.FieldDescriptor(\n\n../../../../../../../../opt/anaconda3/envs/testagent-experiment/lib/python3.10/site-packages/tensorflow/core/framework/tensor_pb2.py:124\n  /opt/anaconda3/envs/testagent-experiment/lib/python3.10/site-packages/tensorflow/core/framework/tensor_pb2.py:124: DeprecationWarning: Call to deprecated create function FieldDescriptor(). Note: Create unlinked descriptors is going to go away. Please use get/find descriptors from generated code or query the descriptor_pool.\n    _descriptor.FieldDescriptor(\n\n../../../../../../../../opt/anaconda3/envs/testagent-experiment/lib/python3.10/site-packages/tensorflow/core/framework/tensor_pb2.py:131\n  /opt/anaconda3/envs/testagent-experiment/lib/python3.10/site-packages/tensorflow/core/framework/tensor_pb2.py:131: DeprecationWarning: Call to deprecated create function FieldDescriptor(). Note: Create unlinked descriptors is going to go away. Please use get/find descriptors from generated code or query the descriptor_pool.\n    _descriptor.FieldDescriptor(\n\n../../../../../../../../opt/anaconda3/envs/testagent-experiment/lib/python3.10/site-packages/tensorflow/core/framework/tensor_pb2.py:138\n  /opt/anaconda3/envs/testagent-experiment/lib/python3.10/site-packages/tensorflow/core/framework/tensor_pb2.py:138: DeprecationWarning: Call to deprecated create function FieldDescriptor(). Note: Create unlinked descriptors is going to go away. Please use get/find descriptors from generated code or query the descriptor_pool.\n    _descriptor.FieldDescriptor(\n\n../../../../../../../../opt/anaconda3/envs/testagent-experiment/lib/python3.10/site-packages/tensorflow/core/framework/tensor_pb2.py:145\n  /opt/anaconda3/envs/testagent-experiment/lib/python3.10/site-packages/tensorflow/core/framework/tensor_pb2.py:145: DeprecationWarning: Call to deprecated create function FieldDescriptor(). Note: Create unlinked descriptors is going to go away. Please use get/find descriptors from generated code or query the descriptor_pool.\n    _descriptor.FieldDescriptor(\n\n../../../../../../../../opt/anaconda3/envs/testagent-experiment/lib/python3.10/site-packages/tensorflow/core/framework/tensor_pb2.py:152\n  /opt/anaconda3/envs/testagent-experiment/lib/python3.10/site-packages/tensorflow/core/framework/tensor_pb2.py:152: DeprecationWarning: Call to deprecated create function FieldDescriptor(). Note: Create unlinked descriptors is going to go away. Please use get/find descriptors from generated code or query the descriptor_pool.\n    _descriptor.FieldDescriptor(\n\n../../../../../../../../opt/anaconda3/envs/testagent-experiment/lib/python3.10/site-packages/tensorflow/core/framework/tensor_pb2.py:33\n  /opt/anaconda3/envs/testagent-experiment/lib/python3.10/site-packages/tensorflow/core/framework/tensor_pb2.py:33: DeprecationWarning: Call to deprecated create function Descriptor(). Note: Create unlinked descriptors is going to go away. Please use get/find descriptors from generated code or query the descriptor_pool.\n    _TENSORPROTO = _descriptor.Descriptor(\n\n../../../../../../../../opt/anaconda3/envs/testagent-experiment/lib/python3.10/site-packages/tensorflow/core/framework/tensor_pb2.py:183\n  /opt/anaconda3/envs/testagent-experiment/lib/python3.10/site-packages/tensorflow/core/framework/tensor_pb2.py:183: DeprecationWarning: Call to deprecated create function FieldDescriptor(). Note: Create unlinked descriptors is going to go away. Please use get/find descriptors from generated code or query the descriptor_pool.\n    _descriptor.FieldDescriptor(\n\n../../../../../../../../opt/anaconda3/envs/testagent-experiment/lib/python3.10/site-packages/tensorflow/core/framework/tensor_pb2.py:190\n  /opt/anaconda3/envs/testagent-experiment/lib/python3.10/site-packages/tensorflow/core/framework/tensor_pb2.py:190: DeprecationWarning: Call to deprecated create function FieldDescriptor(). Note: Create unlinked descriptors is going to go away. Please use get/find descriptors from generated code or query the descriptor_pool.\n    _descriptor.FieldDescriptor(\n\n../../../../../../../../opt/anaconda3/envs/testagent-experiment/lib/python3.10/site-packages/tensorflow/core/framework/tensor_pb2.py:197\n  /opt/anaconda3/envs/testagent-experiment/lib/python3.10/site-packages/tensorflow/core/framework/tensor_pb2.py:197: DeprecationWarning: Call to deprecated create function FieldDescriptor(). Note: Create unlinked descriptors is going to go away. Please use get/find descriptors from generated code or query the descriptor_pool.\n    _descriptor.FieldDescriptor(\n\n../../../../../../../../opt/anaconda3/envs/testagent-experiment/lib/python3.10/site-packages/tensorflow/core/framework/tensor_pb2.py:176\n  /opt/anaconda3/envs/testagent-experiment/lib/python3.10/site-packages/tensorflow/core/framework/tensor_pb2.py:176: DeprecationWarning: Call to deprecated create function Descriptor(). Note: Create unlinked descriptors is going to go away. Please use get/find descriptors from generated code or query the descriptor_pool.\n    _VARIANTTENSORDATAPROTO = _descriptor.Descriptor(\n\n../../../../../../../../opt/anaconda3/envs/testagent-experiment/lib/python3.10/site-packages/tensorflow/core/framework/attr_value_pb2.py:21\n  /opt/anaconda3/envs/testagent-experiment/lib/python3.10/site-packages/tensorflow/core/framework/attr_value_pb2.py:21: DeprecationWarning: Call to deprecated create function FileDescriptor(). Note: Create unlinked descriptors is going to go away. Please use get/find descriptors from generated code or query the descriptor_pool.\n    DESCRIPTOR = _descriptor.FileDescriptor(\n\n../../../../../../../../opt/anaconda3/envs/testagent-experiment/lib/python3.10/site-packages/tensorflow/core/framework/attr_value_pb2.py:40\n  /opt/anaconda3/envs/testagent-experiment/lib/python3.10/site-packages/tensorflow/core/framework/attr_value_pb2.py:40: DeprecationWarning: Call to deprecated create function FieldDescriptor(). Note: Create unlinked descriptors is going to go away. Please use get/find descriptors from generated code or query the descriptor_pool.\n    _descriptor.FieldDescriptor(\n\n../../../../../../../../opt/anaconda3/envs/testagent-experiment/lib/python3.10/site-packages/tensorflow/core/framework/attr_value_pb2.py:47\n  /opt/anaconda3/envs/testagent-experiment/lib/python3.10/site-packages/tensorflow/core/framework/attr_value_pb2.py:47: DeprecationWarning: Call to deprecated create function FieldDescriptor(). Note: Create unlinked descriptors is going to go away. Please use get/find descriptors from generated code or query the descriptor_pool.\n    _descriptor.FieldDescriptor(\n\n../../../../../../../../opt/anaconda3/envs/testagent-experiment/lib/python3.10/site-packages/tensorflow/core/framework/attr_value_pb2.py:54\n  /opt/anaconda3/envs/testagent-experiment/lib/python3.10/site-packages/tensorflow/core/framework/attr_value_pb2.py:54: DeprecationWarning: Call to deprecated create function FieldDescriptor(). Note: Create unlinked descriptors is going to go away. Please use get/find descriptors from generated code or query the descriptor_pool.\n    _descriptor.FieldDescriptor(\n\n../../../../../../../../opt/anaconda3/envs/testagent-experiment/lib/python3.10/site-packages/tensorflow/core/framework/attr_value_pb2.py:61\n  /opt/anaconda3/envs/testagent-experiment/lib/python3.10/site-packages/tensorflow/core/framework/attr_value_pb2.py:61: DeprecationWarning: Call to deprecated create function FieldDescriptor(). Note: Create unlinked descriptors is going to go away. Please use get/find descriptors from generated code or query the descriptor_pool.\n    _descriptor.FieldDescriptor(\n\n../../../../../../../../opt/anaconda3/envs/testagent-experiment/lib/python3.10/site-packages/tensorflow/core/framework/attr_value_pb2.py:68\n  /opt/anaconda3/envs/testagent-experiment/lib/python3.10/site-packages/tensorflow/core/framework/attr_value_pb2.py:68: DeprecationWarning: Call to deprecated create function FieldDescriptor(). Note: Create unlinked descriptors is going to go away. Please use get/find descriptors from generated code or query the descriptor_pool.\n    _descriptor.FieldDescriptor(\n\n../../../../../../../../opt/anaconda3/envs/testagent-experiment/lib/python3.10/site-packages/tensorflow/core/framework/attr_value_pb2.py:75\n  /opt/anaconda3/envs/testagent-experiment/lib/python3.10/site-packages/tensorflow/core/framework/attr_value_pb2.py:75: DeprecationWarning: Call to deprecated create function FieldDescriptor(). Note: Create unlinked descriptors is going to go away. Please use get/find descriptors from generated code or query the descriptor_pool.\n    _descriptor.FieldDescriptor(\n\n../../../../../../../../opt/anaconda3/envs/testagent-experiment/lib/python3.10/site-packages/tensorflow/core/framework/attr_value_pb2.py:82\n  /opt/anaconda3/envs/testagent-experiment/lib/python3.10/site-packages/tensorflow/core/framework/attr_value_pb2.py:82: DeprecationWarning: Call to deprecated create function FieldDescriptor(). Note: Create unlinked descriptors is going to go away. Please use get/find descriptors from generated code or query the descriptor_pool.\n    _descriptor.FieldDescriptor(\n\n../../../../../../../../opt/anaconda3/envs/testagent-experiment/lib/python3.10/site-packages/tensorflow/core/framework/attr_value_pb2.py:89\n  /opt/anaconda3/envs/testagent-experiment/lib/python3.10/site-packages/tensorflow/core/framework/attr_value_pb2.py:89: DeprecationWarning: Call to deprecated create function FieldDescriptor(). Note: Create unlinked descriptors is going to go away. Please use get/find descriptors from generated code or query the descriptor_pool.\n    _descriptor.FieldDescriptor(\n\n../../../../../../../../opt/anaconda3/envs/testagent-experiment/lib/python3.10/site-packages/tensorflow/core/framework/attr_value_pb2.py:33\n  /opt/anaconda3/envs/testagent-experiment/lib/python3.10/site-packages/tensorflow/core/framework/attr_value_pb2.py:33: DeprecationWarning: Call to deprecated create function Descriptor(). Note: Create unlinked descriptors is going to go away. Please use get/find descriptors from generated code or query the descriptor_pool.\n    _ATTRVALUE_LISTVALUE = _descriptor.Descriptor(\n\n../../../../../../../../opt/anaconda3/envs/testagent-experiment/lib/python3.10/site-packages/tensorflow/python/framework/dtypes.py:205\n  /opt/anaconda3/envs/testagent-experiment/lib/python3.10/site-packages/tensorflow/python/framework/dtypes.py:205: DeprecationWarning: `np.bool8` is a deprecated alias for `np.bool_`.  (Deprecated NumPy 1.24)\n    np.bool8: (False, True),\n\n../../../../../../../../opt/anaconda3/envs/testagent-experiment/lib/python3.10/site-packages/flatbuffers/compat.py:19\n  /opt/anaconda3/envs/testagent-experiment/lib/python3.10/site-packages/flatbuffers/compat.py:19: DeprecationWarning: the imp module is deprecated in favour of importlib and slated for removal in Python 3.12; see the module's documentation for alternative uses\n    import imp\n\n../../../../../../../../opt/anaconda3/envs/testagent-experiment/lib/python3.10/site-packages/tensorboard/compat/tensorflow_stub/dtypes.py:326\n  /opt/anaconda3/envs/testagent-experiment/lib/python3.10/site-packages/tensorboard/compat/tensorflow_stub/dtypes.py:326: DeprecationWarning: `np.bool8` is a deprecated alias for `np.bool_`.  (Deprecated NumPy 1.24)\n    np.bool8: (False, True),\n\nexam/tensorflow/python.ops.summary_ops_v2/tests/test_tensorflow_python_ops_summary_ops_v2.py::test_write_basic_functionality[test_scalar-1.5-0-True-eager]\nexam/tensorflow/python.ops.summary_ops_v2/tests/test_tensorflow_python_ops_summary_ops_v2.py::test_write_no_step_exception[test_no_step-3.0-None-True-False-eager]\nexam/tensorflow/python.ops.summary_ops_v2/tests/test_tensorflow_python_ops_summary_ops_v2.py::test_write_callable_tensor[test_callable-4.5-2-True-True-eager]\n  /opt/anaconda3/envs/testagent-experiment/lib/python3.10/site-packages/tensorflow/python/framework/ops.py:1070: DeprecationWarning: The truth value of an empty array is ambiguous. Returning False, but in future this will result in an error. Use `array.size > 0` to check that an array is not empty.\n    return bool(self._numpy())\n\n-- Docs: https://docs.pytest.org/en/stable/how-to/capture-warnings.html\n================================ tests coverage ================================\n______________ coverage: platform darwin, python 3.10.19-final-0 _______________\n\nName                                                 Stmts   Miss Branch BrPart  Cover   Missing\n------------------------------------------------------------------------------------------------\ntest_import.py                                           0      0      0      0   100%\ntests/test_tensorflow_python_ops_summary_ops_v2.py     179     69     44     12    55%   45, 88, 94, 128, 152-207, 253, 259-270, 297, 314-337, 363, 369-370, 393-413, 436->439, 459-474, 478->exit, 485\n------------------------------------------------------------------------------------------------\nTOTAL                                                  179     69     44     12    55%\nCoverage XML written to file coverage.xml\n=========================== short test summary info ============================\nFAILED tests/test_tensorflow_python_ops_summary_ops_v2.py::test_write_basic_functionality[test_scalar-1.5-0-True-eager]\nFAILED tests/test_tensorflow_python_ops_summary_ops_v2.py::test_write_no_default_writer[test_no_writer-2.0-1-False-eager]\nFAILED tests/test_tensorflow_python_ops_summary_ops_v2.py::test_write_no_step_exception[test_no_step-3.0-None-True-False-eager]\nFAILED tests/test_tensorflow_python_ops_summary_ops_v2.py::test_write_callable_tensor[test_callable-4.5-2-True-True-eager]\nFAILED tests/test_tensorflow_python_ops_summary_ops_v2.py::test_write_device_enforcement[test_device-5.0-3-True-graph]\n5 failed, 106 warnings in 2.42s\n\nError: exit 1",
    "exit_code.txt": "1",
    "analysis_plan.json": "{\n  \"status\": \"未完全通过\",\n  \"passed\": 0,\n  \"failed\": 5,\n  \"errors\": 0,\n  \"collection_errors\": false,\n  \"block_limit\": 3,\n  \"failures\": [\n    {\n      \"test\": \"test_write_basic_functionality[test_scalar-1.5-0-True-eager]\",\n      \"block_id\": \"CASE_01\",\n      \"error_type\": \"AssertionError\",\n      \"action\": \"rewrite_block\",\n      \"note\": \"write_summary mock未被调用，可能条件判断逻辑有问题\"\n    },\n    {\n      \"test\": \"test_write_no_default_writer[test_no_writer-2.0-1-False-eager]\",\n      \"block_id\": \"CASE_02\",\n      \"error_type\": \"AssertionError\",\n      \"action\": \"adjust_assertion\",\n      \"note\": \"断言语法问题：应使用== False而不是is False\"\n    },\n    {\n      \"test\": \"test_write_no_step_exception[test_no_step-3.0-None-True-False-eager]\",\n      \"block_id\": \"CASE_03\",\n      \"error_type\": \"Failed\",\n      \"action\": \"rewrite_block\",\n      \"note\": \"未抛出预期的ValueError异常，step为None时的异常处理逻辑有问题\"\n    }\n  ],\n  \"deferred\": [\n    {\n      \"test\": \"test_write_callable_tensor[test_callable-4.5-2-True-True-eager]\",\n      \"reason\": \"错误类型重复（AssertionError），跳过该块\"\n    },\n    {\n      \"test\": \"test_write_device_enforcement[test_device-5.0-3-True-graph]\",\n      \"reason\": \"TensorFlow执行模式限制，需要特殊处理\"\n    }\n  ],\n  \"stop_recommended\": false,\n  \"stop_reason\": \"\"\n}",
    "analysis.md": "# 测试结果分析\n\n## 状态与统计\n- **状态**: 未完全通过\n- **通过**: 0\n- **失败**: 5\n- **错误**: 0\n- **收集错误**: 否\n\n## 待修复 BLOCK 列表 (≤3)\n\n### 1. BLOCK: CASE_01\n- **测试**: test_write_basic_functionality[test_scalar-1.5-0-True-eager]\n- **错误类型**: AssertionError\n- **修复动作**: rewrite_block\n- **原因**: write_summary mock未被调用，可能条件判断逻辑有问题\n\n### 2. BLOCK: CASE_02\n- **测试**: test_write_no_default_writer[test_no_writer-2.0-1-False-eager]\n- **错误类型**: AssertionError\n- **修复动作**: adjust_assertion\n- **原因**: 断言语法问题：应使用== False而不是is False\n\n### 3. BLOCK: CASE_03\n- **测试**: test_write_no_step_exception[test_no_step-3.0-None-True-False-eager]\n- **错误类型**: Failed\n- **修复动作**: rewrite_block\n- **原因**: 未抛出预期的ValueError异常，step为None时的异常处理逻辑有问题\n\n## 停止建议\n- **stop_recommended**: false\n- **stop_reason**: 无",
    "test_import.py": "#!/usr/bin/env python3\n\"\"\"Test script to verify imports and basic functionality.\"\"\"\n\nimport sys\nimport os\n\n# Add current directory to path\nsys.path.insert(0, os.path.dirname(os.path.abspath(__file__)))\n\ntry:\n    import tensorflow as tf\n    print(\"✓ TensorFlow imported successfully\")\n    \n    from tensorflow.python.ops import summary_ops_v2\n    print(\"✓ summary_ops_v2 imported successfully\")\n    \n    # Test basic functionality\n    print(f\"\\nTensorFlow version: {tf.__version__}\")\n    print(f\"Eager execution: {tf.executing_eagerly()}\")\n    \n    # Test that we can access the module\n    print(f\"\\nModule members: {[m for m in dir(summary_ops_v2) if not m.startswith('_')][:10]}...\")\n    \n    # Check if write function exists\n    if hasattr(summary_ops_v2, 'write'):\n        print(\"✓ write function found in summary_ops_v2\")\n    else:\n        print(\"✗ write function NOT found in summary_ops_v2\")\n        \nexcept ImportError as e:\n    print(f\"✗ Import error: {e}\")\n    sys.exit(1)\nexcept Exception as e:\n    print(f\"✗ Other error: {e}\")\n    sys.exit(1)\n\nprint(\"\\n✓ All imports successful!\")",
    "final_report.md": "# tensorflow.python.ops.summary_ops_v2 测试结果报告\n\n## 1. 执行摘要\n**测试未通过**：5个测试用例全部失败，核心问题集中在状态管理、异常处理和断言逻辑上，需要修复mock配置和条件判断逻辑。\n\n**关键发现/阻塞项**：\n1. `write_summary` mock未被正确调用，条件执行逻辑有问题\n2. 断言语法错误（`is False` vs `== False`）\n3. step=None时的ValueError异常未按预期触发\n\n## 2. 测试范围\n**目标FQN**: `tensorflow.python.ops.summary_ops_v2`\n**测试环境**: pytest + TensorFlow + mock隔离\n**覆盖场景**:\n- `write()`函数基础功能验证\n- 无默认写入器时的返回值行为\n- step=None且未设置全局步骤时的异常处理\n- eager执行模式下的测试\n\n**未覆盖项**:\n- graph执行模式测试\n- callable tensor的延迟执行逻辑\n- 设备强制设置为CPU:0的验证\n- 不同摘要类型（图像、直方图、音频）的格式验证\n- 多线程环境状态管理\n\n## 3. 结果概览\n**用例总数**: 5个\n**通过**: 0个\n**失败**: 5个\n**错误**: 0个\n\n**主要失败点**:\n1. **CASE_01**: `write_summary` mock未被调用，条件判断逻辑问题\n2. **CASE_02**: 断言语法错误，布尔值比较应使用`==`而非`is`\n3. **CASE_03**: step=None时未抛出预期的ValueError异常\n\n## 4. 详细发现\n\n### 严重级别：高\n**问题1**: 状态管理逻辑错误\n- **根因**: `write_summary` mock在条件判断中未被调用，可能由于`should_record_summaries()`或`record_if()`条件不满足\n- **建议修复**: 检查线程本地状态`_summary_state`的mock配置，确保默认写入器状态正确设置\n\n**问题2**: 异常处理逻辑缺陷\n- **根因**: step=None且未设置全局步骤时，未按文档抛出ValueError\n- **建议修复**: 验证`get_step()`返回None时的异常触发条件，检查异常处理逻辑\n\n**问题3**: 断言语法错误\n- **根因**: 使用`is False`进行布尔值比较，应使用`== False`\n- **建议修复**: 修正所有布尔值比较断言语法\n\n### 严重级别：中\n**问题4**: 测试覆盖不完整\n- **根因**: 仅测试了eager模式，未覆盖graph模式\n- **建议修复**: 补充graph模式测试用例\n\n## 5. 覆盖与风险\n\n**需求覆盖情况**:\n- ✅ `write()`基础功能验证（部分）\n- ✅ 无默认写入器返回值场景\n- ✅ step异常处理（逻辑有问题）\n- ❌ callable延迟执行逻辑\n- ❌ 设备强制设置验证\n- ❌ 跨执行模式一致性\n\n**尚未覆盖的边界/缺失信息**:\n1. **线程本地状态管理**: `_summary_state`的完整状态机未充分测试\n2. **条件执行逻辑**: `smart_cond.smart_cond()`的条件判断细节\n3. **设备放置**: CPU:0设备强制设置的验证\n4. **多执行模式**: graph模式下的行为差异\n5. **C++操作依赖**: `gen_summary_ops.write_summary`的内部交互\n\n**风险点**:\n- 线程竞争条件下的状态不一致\n- 不同TensorFlow版本的行为差异\n- 分布式环境下的摘要同步问题\n- 超大tensor的内存管理\n\n## 6. 后续动作\n\n### 优先级：高（立即修复）\n1. **修复mock配置**: 重新配置`_summary_state`和`write_summary`的mock，确保条件判断逻辑正确\n2. **修正断言语法**: 将所有`is False`/`is True`改为`== False`/`== True`\n3. **修复异常测试**: 确保step=None且未设置全局步骤时正确抛出ValueError\n\n### 优先级：中（本轮迭代）\n4. **补充graph模式测试**: 添加graph执行模式的测试用例\n5. **验证设备放置**: 测试设备强制设置为CPU:0的逻辑\n6. **测试callable延迟执行**: 验证tensor为可调用对象时的延迟执行行为\n\n### 优先级：低（后续迭代）\n7. **扩展摘要类型测试**: 补充图像、直方图、音频等摘要类型的格式验证\n8. **边界条件测试**: 测试空tag、None tensor、极端形状等边界情况\n9. **状态管理测试**: 验证多线程环境下的状态一致性\n10. **性能测试**: 测试超大tensor的内存使用和性能表现\n\n### 环境调整建议\n- 确保测试环境正确配置TensorFlow依赖\n- 验证mock对象的完整性和正确性\n- 考虑添加集成测试以验证真实环境行为\n- 建立测试数据生成工具，支持多种tensor类型和形状"
  },
  "stage_history": [
    {
      "stage": "understand_function",
      "status": "completed",
      "timestamp": "2026-01-25T21:18:18.121362",
      "attempts": 1,
      "error": null
    },
    {
      "stage": "generate_requirements",
      "status": "completed",
      "timestamp": "2026-01-25T21:19:01.597789",
      "attempts": 1,
      "error": null
    },
    {
      "stage": "design_test_plan",
      "status": "completed",
      "timestamp": "2026-01-25T21:20:49.163421",
      "attempts": 1,
      "error": null
    },
    {
      "stage": "generate_code",
      "status": "completed",
      "timestamp": "2026-01-25T21:23:37.079452",
      "attempts": 1,
      "error": null
    },
    {
      "stage": "execute_tests",
      "status": "completed",
      "timestamp": "2026-01-25T21:23:39.716707",
      "attempts": 1,
      "error": null
    },
    {
      "stage": "analyze_results",
      "status": "completed",
      "timestamp": "2026-01-25T21:24:54.416065",
      "attempts": 1,
      "error": null
    },
    {
      "stage": "generate_code",
      "status": "completed",
      "timestamp": "2026-01-25T21:27:46.965423",
      "attempts": 2,
      "error": null
    },
    {
      "stage": "execute_tests",
      "status": "completed",
      "timestamp": "2026-01-25T21:27:49.933860",
      "attempts": 2,
      "error": null
    },
    {
      "stage": "analyze_results",
      "status": "completed",
      "timestamp": "2026-01-25T21:29:36.534990",
      "attempts": 2,
      "error": null
    },
    {
      "stage": "generate_code",
      "status": "completed",
      "timestamp": "2026-01-25T21:34:10.356880",
      "attempts": 3,
      "error": null
    },
    {
      "stage": "execute_tests",
      "status": "completed",
      "timestamp": "2026-01-25T21:34:12.699911",
      "attempts": 3,
      "error": null
    },
    {
      "stage": "analyze_results",
      "status": "completed",
      "timestamp": "2026-01-25T21:35:40.778648",
      "attempts": 3,
      "error": null
    },
    {
      "stage": "generate_code",
      "status": "completed",
      "timestamp": "2026-01-25T21:37:53.465586",
      "attempts": 4,
      "error": null
    },
    {
      "stage": "execute_tests",
      "status": "completed",
      "timestamp": "2026-01-25T21:37:57.372655",
      "attempts": 4,
      "error": null
    },
    {
      "stage": "analyze_results",
      "status": "completed",
      "timestamp": "2026-01-25T21:39:35.455881",
      "attempts": 4,
      "error": null
    },
    {
      "stage": "generate_code",
      "status": "completed",
      "timestamp": "2026-01-25T21:42:42.543317",
      "attempts": 5,
      "error": null
    },
    {
      "stage": "execute_tests",
      "status": "completed",
      "timestamp": "2026-01-25T21:42:45.638474",
      "attempts": 5,
      "error": null
    },
    {
      "stage": "analyze_results",
      "status": "completed",
      "timestamp": "2026-01-25T21:44:13.782825",
      "attempts": 5,
      "error": null
    },
    {
      "stage": "generate_report",
      "status": "completed",
      "timestamp": "2026-01-25T21:45:07.487795",
      "attempts": 1,
      "error": null
    }
  ],
  "user_feedback": []
}