{
  "workflow_id": "f777f6a4",
  "created_at": "2026-01-25T12:26:18.588709",
  "op": "tensorflow_python_ops_signal_fft_ops",
  "arch": "python",
  "soc": "python",
  "vendor": "python",
  "project_root": "/Users/zzf1sh/Documents/Project/TestAgent-CLI-main/exam/tensorflow/python.ops.signal.fft_ops",
  "target": "tensorflow.python.ops.signal.fft_ops",
  "target_slug": "tensorflow_python_ops_signal_fft_ops",
  "current_stage": "complete",
  "stage_index": 6,
  "mode": "full-auto",
  "epoch_total": 5,
  "epoch_current": 5,
  "last_failure_signature": "",
  "last_error_signature": "",
  "last_block_errors": {},
  "auto_stop_reason": "",
  "artifacts": {
    "function_doc.md": "# tensorflow.python.ops.signal.fft_ops - 函数说明\n\n## 1. 基本信息\n- **FQN**: tensorflow.python.ops.signal.fft_ops\n- **模块文件**: `/opt/anaconda3/envs/testagent-experiment/lib/python3.10/site-packages/tensorflow/python/ops/signal/fft_ops.py`\n- **签名**: 模块包含多个函数，核心函数示例：fftshift(x, axes=None, name=None)\n- **对象类型**: Python 模块\n\n## 2. 功能概述\n- 提供快速傅里叶变换（FFT）相关操作\n- 包含复数FFT（fft/ifft）、实数FFT（rfft/irfft）和频谱移位（fftshift/ifftshift）\n- 支持1D、2D、3D变换，兼容NumPy API\n\n## 3. 参数说明（以fftshift为例）\n- x (Tensor/无默认值): 输入张量，任意数据类型\n- axes (int/tuple/None): 可选，指定移位轴，None表示所有轴\n- name (str/None): 可选，操作名称\n\n## 4. 返回值\n- Tensor: 移位后的张量，保持输入数据类型\n- 无异常返回值，但可能抛出类型错误\n\n## 5. 文档要点\n- fftshift将零频分量移到频谱中心\n- 支持负轴索引（自动转换为正索引）\n- 与NumPy的fftshift等效\n- 对于偶数长度x，y[0]是Nyquist分量\n\n## 6. 源码摘要\n- 核心路径：调用manip_ops.roll实现循环移位\n- 分支逻辑：处理axes为None/int/tuple三种情况\n- 依赖：tensorflow.python.ops.manip_ops.roll\n- 副作用：无I/O、随机性或全局状态修改\n\n## 7. 示例与用法\n```python\nx = tf.signal.fftshift([0., 1., 2., 3., 4., -5., -4., -3., -2., -1.])\n# 结果：[-5., -4., -3., -2., -1., 0., 1., 2., 3., 4.]\n```\n\n## 8. 风险与空白\n- 模块包含多个函数实体：fft/ifft(1D/2D/3D)、rfft/irfft(1D/2D/3D)、fftshift/ifftshift\n- 部分函数（如fft）通过gen_spectral_ops实现，源码不完整可见\n- 梯度函数实现复杂，涉及Hermitian对称性处理\n- 实数FFT（rfft）仅返回fft_length/2+1个唯一分量\n- 缺少详细的性能约束和内存使用说明\n- 未明确支持的设备类型（CPU/GPU/TPU）限制",
    "requirements.md": "# tensorflow.python.ops.signal.fft_ops 测试需求\n\n## 1. 目标与范围\n- 主要功能与期望行为\n  - 验证复数FFT（fft/ifft）1D/2D/3D变换的正确性\n  - 验证实数FFT（rfft/irfft）1D/2D/3D变换的正确性\n  - 验证频谱移位（fftshift/ifftshift）与NumPy等效性\n  - 确保梯度计算正确性，特别是Hermitian对称性处理\n- 不在范围内的内容\n  - 性能基准测试和内存使用分析\n  - 不同硬件设备（CPU/GPU/TPU）的性能差异\n  - 与其他FFT库（如FFTW）的兼容性比较\n\n## 2. 输入与约束\n- 参数列表（名称、类型/shape、默认值）\n  - x: Tensor，任意数据类型，无默认值\n  - axes: int/tuple/None，默认None表示所有轴\n  - name: str/None，默认None\n  - fft_length: int，仅rfft/irfft使用\n- 有效取值范围/维度/设备要求\n  - 支持1D、2D、3D张量输入\n  - 支持负轴索引（自动转换为正索引）\n  - 实数FFT（rfft）仅返回fft_length/2+1个唯一分量\n  - 无特定设备限制，但需测试CPU环境\n- 必需与可选组合\n  - x为必需参数\n  - axes和name为可选参数\n  - fft_length为rfft/irfft必需参数\n- 随机性/全局状态要求\n  - 无随机性操作\n  - 无全局状态修改\n  - 无I/O操作\n\n## 3. 输出与判定\n- 期望返回结构及关键字段\n  - 返回Tensor，保持输入数据类型\n  - 复数FFT返回复数类型张量\n  - 实数FFT返回实数类型张量\n- 容差/误差界（如浮点）\n  - 与NumPy结果比较，相对误差<1e-6\n  - 梯度计算误差<1e-4\n  - 循环移位精度误差<1e-12\n- 状态变化或副作用检查点\n  - 无副作用\n  - 输入张量不被修改\n  - 无文件系统或网络操作\n\n## 4. 错误与异常场景\n- 非法输入/维度/类型触发的异常或警告\n  - 非Tensor输入触发TypeError\n  - 无效轴索引触发ValueError\n  - 不支持的数据类型触发TypeError\n  - fft_length小于输入长度触发ValueError\n- 边界值（空、None、0长度、极端形状/数值）\n  - 空张量输入\n  - 零长度张量\n  - 单元素张量\n  - 极大形状张量（内存边界）\n  - 极端数值（inf, nan, 极大/极小值）\n\n## 5. 依赖与环境\n- 外部资源/设备/网络/文件依赖\n  - 无外部资源依赖\n  - 无网络连接需求\n  - 无文件系统访问\n- 需要mock/monkeypatch的部分\n  - `tensorflow.python.ops.manip_ops.roll`（fftshift依赖）\n  - `tensorflow.python.ops.gen_spectral_ops`（FFT底层实现）\n  - `tensorflow.python.ops.math_ops`（数学运算）\n  - `tensorflow.python.framework.ops`（张量操作）\n\n## 6. 覆盖与优先级\n- 必测路径（高优先级，最多5条，短句）\n  1. fft/ifft正向和逆向变换的互逆性验证\n  2. rfft/irfft实数变换的正确性和梯度计算\n  3. fftshift/ifftshift与NumPy的等效性验证\n  4. 不同轴参数（None/int/tuple）的处理正确性\n  5. 边界情况：空张量、单元素、极端形状\n\n- 可选路径（中/低优先级合并为一组列表）\n  - 不同数据类型（float32/float64/complex64/complex128）的兼容性\n  - 负轴索引的自动转换验证\n  - 大尺寸张量的内存使用和性能\n  - 与其他TensorFlow信号处理模块的集成\n  - 批处理模式下的正确性\n\n- 已知风险/缺失信息（仅列条目，不展开）\n  - 部分函数通过gen_spectral_ops实现，源码可见性有限\n  - 梯度函数实现复杂，Hermitian对称性处理细节不明确\n  - 未明确支持的设备类型限制\n  - 缺少详细的性能约束说明\n  - 实数FFT返回分量数目的数学依据未详细说明",
    "test_plan.json": "{\n  \"plan_version\": 2,\n  \"target\": \"tensorflow.python.ops.signal.fft_ops\",\n  \"block_rules\": {\n    \"header_block\": \"HEADER\",\n    \"footer_block\": \"FOOTER\",\n    \"case_prefix\": \"CASE_\",\n    \"case_format\": \"CASE_01\"\n  },\n  \"iteration_strategy\": {\n    \"round1\": {\n      \"include\": \"SMOKE_SET\",\n      \"assert_level\": \"weak\",\n      \"max_blocks\": 5\n    },\n    \"roundN\": {\n      \"only_fix_failed_blocks\": true,\n      \"block_limit\": 3,\n      \"promote_deferred\": true\n    },\n    \"final\": {\n      \"enable_strong_asserts\": true,\n      \"coverage_optional\": true\n    }\n  },\n  \"test_files\": {\n    \"default\": \"tests/test_tensorflow_python_ops_signal_fft_ops.py\",\n    \"all_pattern\": \"tests/test_tensorflow_python_ops_signal_fft_ops.py\"\n  },\n  \"cases\": [\n    {\n      \"tc_id\": \"TC-01\",\n      \"block_id\": \"CASE_01\",\n      \"name\": \"fftshift基本功能验证\",\n      \"priority\": \"High\",\n      \"param_matrix\": [\n        {\n          \"dtype\": \"float32\",\n          \"shape\": [10],\n          \"axes\": null,\n          \"name\": null\n        }\n      ],\n      \"asserts\": {\n        \"weak\": [\"shape\", \"dtype\", \"finite\", \"basic_property\"],\n        \"strong\": [\"approx_equal_numpy\", \"inverse_property\"]\n      },\n      \"oracle\": \"numpy.fft.fftshift\",\n      \"assertion_level\": \"weak\",\n      \"size\": \"S\",\n      \"max_lines\": 80,\n      \"max_params\": 6,\n      \"is_parametrized\": true,\n      \"requires_mock\": false,\n      \"mock_targets\": []\n    },\n    {\n      \"tc_id\": \"TC-02\",\n      \"block_id\": \"CASE_02\",\n      \"name\": \"fft/ifft互逆性验证\",\n      \"priority\": \"High\",\n      \"param_matrix\": [\n        {\n          \"dtype\": \"complex64\",\n          \"shape\": [8],\n          \"axes\": null,\n          \"name\": null\n        }\n      ],\n      \"asserts\": {\n        \"weak\": [\"shape\", \"dtype\", \"finite\", \"basic_property\"],\n        \"strong\": [\"approx_equal_original\", \"hermitian_symmetry\"]\n      },\n      \"oracle\": \"numpy.fft.fft\",\n      \"assertion_level\": \"weak\",\n      \"size\": \"S\",\n      \"max_lines\": 80,\n      \"max_params\": 6,\n      \"is_parametrized\": true,\n      \"requires_mock\": false,\n      \"mock_targets\": []\n    },\n    {\n      \"tc_id\": \"TC-03\",\n      \"block_id\": \"CASE_03\",\n      \"name\": \"rfft/irfft实数变换验证\",\n      \"priority\": \"High\",\n      \"param_matrix\": [\n        {\n          \"dtype\": \"float32\",\n          \"shape\": [8],\n          \"fft_length\": 8,\n          \"axes\": null,\n          \"name\": null\n        }\n      ],\n      \"asserts\": {\n        \"weak\": [\"shape\", \"dtype\", \"finite\", \"basic_property\"],\n        \"strong\": [\"approx_equal_numpy\", \"gradient_correctness\"]\n      },\n      \"oracle\": \"numpy.fft.rfft\",\n      \"assertion_level\": \"weak\",\n      \"size\": \"S\",\n      \"max_lines\": 80,\n      \"max_params\": 6,\n      \"is_parametrized\": true,\n      \"requires_mock\": false,\n      \"mock_targets\": []\n    },\n    {\n      \"tc_id\": \"TC-04\",\n      \"block_id\": \"CASE_04\",\n      \"name\": \"不同轴参数处理验证\",\n      \"priority\": \"High\",\n      \"param_matrix\": [\n        {\n          \"dtype\": \"float32\",\n          \"shape\": [4, 4],\n          \"axes\": 0,\n          \"name\": null\n        }\n      ],\n      \"asserts\": {\n        \"weak\": [\"shape\", \"dtype\", \"finite\", \"basic_property\"],\n        \"strong\": [\"approx_equal_numpy\", \"axis_specific\"]\n      },\n      \"oracle\": \"numpy.fft.fftshift\",\n      \"assertion_level\": \"weak\",\n      \"size\": \"S\",\n      \"max_lines\": 80,\n      \"max_params\": 6,\n      \"is_parametrized\": true,\n      \"requires_mock\": false,\n      \"mock_targets\": []\n    },\n    {\n      \"tc_id\": \"TC-05\",\n      \"block_id\": \"CASE_05\",\n      \"name\": \"边界情况处理\",\n      \"priority\": \"High\",\n      \"param_matrix\": [\n        {\n          \"dtype\": \"float32\",\n          \"shape\": [1],\n          \"axes\": null,\n          \"name\": null\n        }\n      ],\n      \"asserts\": {\n        \"weak\": [\"shape\", \"dtype\", \"finite\", \"basic_property\"],\n        \"strong\": [\"approx_equal_numpy\", \"edge_case_handling\"]\n      },\n      \"oracle\": \"numpy.fft.fftshift\",\n      \"assertion_level\": \"weak\",\n      \"size\": \"S\",\n      \"max_lines\": 80,\n      \"max_params\": 6,\n      \"is_parametrized\": true,\n      \"requires_mock\": false,\n      \"mock_targets\": []\n    }\n  ],\n  \"param_extensions\": [\n    {\n      \"base_block_id\": \"CASE_01\",\n      \"priority\": \"Medium\",\n      \"params\": {\n        \"dtype\": \"float64\",\n        \"shape\": [12],\n        \"axes\": null,\n        \"name\": null\n      },\n      \"note\": \"作为参数扩展：不同数据类型\"\n    },\n    {\n      \"base_block_id\": \"CASE_01\",\n      \"priority\": \"Medium\",\n      \"params\": {\n        \"dtype\": \"float32\",\n        \"shape\": [6, 6],\n        \"axes\": [0, 1],\n        \"name\": null\n      },\n      \"note\": \"作为参数扩展：2D张量和多轴\"\n    },\n    {\n      \"base_block_id\": \"CASE_02\",\n      \"priority\": \"Medium\",\n      \"params\": {\n        \"dtype\": \"complex128\",\n        \"shape\": [16],\n        \"axes\": null,\n        \"name\": null\n      },\n      \"note\": \"作为参数扩展：不同复数精度\"\n    },\n    {\n      \"base_block_id\": \"CASE_02\",\n      \"priority\": \"Medium\",\n      \"params\": {\n        \"dtype\": \"complex64\",\n        \"shape\": [4, 4],\n        \"axes\": null,\n        \"name\": null\n      },\n      \"note\": \"作为参数扩展：2D复数FFT\"\n    },\n    {\n      \"base_block_id\": \"CASE_03\",\n      \"priority\": \"Medium\",\n      \"params\": {\n        \"dtype\": \"float64\",\n        \"shape\": [16],\n        \"fft_length\": 16,\n        \"axes\": null,\n        \"name\": null\n      },\n      \"note\": \"作为参数扩展：不同实数精度\"\n    },\n    {\n      \"base_block_id\": \"CASE_04\",\n      \"priority\": \"Medium\",\n      \"params\": {\n        \"dtype\": \"float32\",\n        \"shape\": [3, 3, 3],\n        \"axes\": -1,\n        \"name\": null\n      },\n      \"note\": \"作为参数扩展：3D张量和负轴索引\"\n    },\n    {\n      \"base_block_id\": \"CASE_05\",\n      \"priority\": \"Medium\",\n      \"params\": {\n        \"dtype\": \"float32\",\n        \"shape\": [],\n        \"axes\": null,\n        \"name\": null\n      },\n      \"note\": \"作为参数扩展：空张量\"\n    }\n  ],\n  \"smoke_set\": [\"CASE_01\", \"CASE_02\", \"CASE_03\"],\n  \"deferred_set\": [\"CASE_04\", \"CASE_05\"]\n}",
    "test_plan.md": "# tensorflow.python.ops.signal.fft_ops 测试计划\n\n## 1. 测试策略\n- 单元测试框架：pytest\n- 隔离策略：mock/monkeypatch/fixtures\n- 随机性处理：固定随机种子/控制 RNG\n- 参考实现：NumPy FFT 函数作为 oracle\n- 测试级别：单元测试，验证功能正确性\n\n## 2. 生成规格摘要（来自 test_plan.json）\n- SMOKE_SET: CASE_01, CASE_02, CASE_03\n- DEFERRED_SET: CASE_04, CASE_05\n- 测试文件路径：tests/test_tensorflow_python_ops_signal_fft_ops.py\n- 断言分级策略：首轮使用 weak 断言，最终轮启用 strong 断言\n- 预算策略：每个用例 size=S，max_lines=80，max_params=6\n- 迭代策略：\n  - 首轮：仅生成 SMOKE_SET，使用 weak 断言，最多 5 个用例\n  - 后续轮：仅修复失败用例，限制 3 个用例，提升 deferred 用例\n  - 最终轮：启用 strong 断言，可选覆盖率提升\n\n## 3. 数据与边界\n- 正常数据集：随机生成符合形状和数据类型要求的张量\n- 边界值：\n  - 空张量（零维）\n  - 单元素张量\n  - 偶数/奇数长度张量\n  - 小尺寸张量（1-16 元素）\n  - 2D/3D 张量形状\n- 极端形状：内存边界的大尺寸张量（后续扩展）\n- 负例场景：\n  - 非 Tensor 输入\n  - 无效轴索引\n  - 不支持的数据类型\n  - fft_length 小于输入长度\n\n## 4. 覆盖映射\n| TC ID | 对应需求/约束 | 覆盖函数 |\n|-------|--------------|----------|\n| TC-01 | fftshift/ifftshift 与 NumPy 等效性 | fftshift |\n| TC-02 | fft/ifft 正向和逆向变换互逆性 | fft, ifft |\n| TC-03 | rfft/irfft 实数变换正确性 | rfft, irfft |\n| TC-04 | 不同轴参数处理正确性 | fftshift, ifftshift |\n| TC-05 | 边界情况处理 | 所有函数 |\n\n### 尚未覆盖的风险点\n- 梯度计算正确性（特别是 Hermitian 对称性处理）\n- 大尺寸张量的内存使用和性能\n- 不同设备类型（CPU/GPU/TPU）的兼容性\n- 部分函数通过 gen_spectral_ops 实现，源码可见性有限\n- 实数 FFT 返回分量数目的数学依据验证\n\n## 5. 依赖与 Mock 策略\n- 主要依赖：NumPy（作为 oracle 参考）\n- 需要 mock 的目标（根据 requirements）：\n  - tensorflow.python.ops.manip_ops.roll\n  - tensorflow.python.ops.gen_spectral_ops\n  - tensorflow.python.ops.math_ops\n  - tensorflow.python.framework.ops\n- 首轮用例：无需 mock，直接测试真实实现\n- 后续用例：根据测试需要选择性 mock 底层依赖",
    "tests/test_tensorflow_python_ops_signal_fft_ops.py": "\"\"\"\nTest cases for tensorflow.python.ops.signal.fft_ops module.\nGenerated by TestAgent for target: tensorflow.python.ops.signal.fft_ops\n\"\"\"\n\nimport numpy as np\nimport tensorflow as tf\nimport pytest\nfrom tensorflow.python.ops.signal import fft_ops\n\n# Set random seed for reproducibility\nnp.random.seed(42)\ntf.random.set_seed(42)\n\n# ==== BLOCK:HEADER START ====\n# Test class and helper functions\nclass TestFFTOps:\n    \"\"\"Test class for tensorflow.python.ops.signal.fft_ops module.\"\"\"\n    \n    @staticmethod\n    def create_test_tensor(shape, dtype):\n        \"\"\"Create test tensor with given shape and dtype.\"\"\"\n        if dtype in [tf.float32, tf.float64]:\n            return tf.constant(np.random.randn(*shape).astype(dtype.as_numpy_dtype))\n        elif dtype in [tf.complex64, tf.complex128]:\n            real = np.random.randn(*shape).astype(dtype.real_dtype.as_numpy_dtype)\n            imag = np.random.randn(*shape).astype(dtype.real_dtype.as_numpy_dtype)\n            return tf.constant(real + 1j * imag)\n        else:\n            raise ValueError(f\"Unsupported dtype: {dtype}\")\n    \n    @staticmethod\n    def assert_tensor_properties(tensor, expected_shape, expected_dtype):\n        \"\"\"Assert basic tensor properties.\"\"\"\n        assert tensor.shape == expected_shape, f\"Expected shape {expected_shape}, got {tensor.shape}\"\n        assert tensor.dtype == expected_dtype, f\"Expected dtype {expected_dtype}, got {tensor.dtype}\"\n        assert tf.reduce_all(tf.math.is_finite(tensor)), \"Tensor contains non-finite values\"\n    \n    @staticmethod\n    def assert_allclose(actual, expected, rtol=1e-6, atol=1e-6):\n        \"\"\"Assert that two tensors are close within tolerance.\"\"\"\n        np.testing.assert_allclose(\n            actual.numpy() if hasattr(actual, 'numpy') else actual,\n            expected.numpy() if hasattr(expected, 'numpy') else expected,\n            rtol=rtol,\n            atol=atol\n        )\n# ==== BLOCK:HEADER END ====\n\n# ==== BLOCK:CASE_01 START ====\n# Placeholder for CASE_01: fftshift基本功能验证\n# ==== BLOCK:CASE_01 END ====\n\n# ==== BLOCK:CASE_02 START ====\n# Placeholder for CASE_02: fft/ifft互逆性验证\n# ==== BLOCK:CASE_02 END ====\n\n# ==== BLOCK:CASE_03 START ====\n# Placeholder for CASE_03: rfft/irfft实数变换验证\n# ==== BLOCK:CASE_03 END ====\n\n# ==== BLOCK:CASE_04 START ====\n# Placeholder for CASE_04: 不同轴参数处理验证 (DEFERRED)\n# ==== BLOCK:CASE_04 END ====\n\n# ==== BLOCK:CASE_05 START ====\n# Placeholder for CASE_05: 边界情况处理 (DEFERRED)\n# ==== BLOCK:CASE_05 END ====\n\n# ==== BLOCK:FOOTER START ====\n# Footer block for cleanup and additional assertions\nif __name__ == \"__main__\":\n    pytest.main([__file__, \"-v\"])\n# ==== BLOCK:FOOTER END ====",
    "tests/test_tensorflow_python_ops_signal_fft_ops_corrected.py": "\"\"\"\nTest cases for tensorflow.python.ops.signal.fft_ops module.\nGenerated by TestAgent for target: tensorflow.python.ops.signal.fft_ops\n\"\"\"\n\nimport numpy as np\nimport tensorflow as tf\nimport pytest\nfrom tensorflow.python.ops.signal import fft_ops\n\n# Set random seed for reproducibility\nnp.random.seed(42)\ntf.random.set_seed(42)\n\n# ==== BLOCK:HEADER START ====\n# Test class and helper functions\nclass TestFFTOps:\n    \"\"\"Test class for tensorflow.python.ops.signal.fft_ops module.\"\"\"\n    \n    @staticmethod\n    def create_test_tensor(shape, dtype):\n        \"\"\"Create test tensor with given shape and dtype.\"\"\"\n        if dtype in [tf.float32, tf.float64]:\n            return tf.constant(np.random.randn(*shape).astype(dtype.as_numpy_dtype))\n        elif dtype in [tf.complex64, tf.complex128]:\n            real = np.random.randn(*shape).astype(dtype.real_dtype.as_numpy_dtype)\n            imag = np.random.randn(*shape).astype(dtype.real_dtype.as_numpy_dtype)\n            return tf.constant(real + 1j * imag)\n        else:\n            raise ValueError(f\"Unsupported dtype: {dtype}\")\n    \n    @staticmethod\n    def assert_tensor_properties(tensor, expected_shape, expected_dtype):\n        \"\"\"Assert basic tensor properties.\"\"\"\n        assert tensor.shape == expected_shape, f\"Expected shape {expected_shape}, got {tensor.shape}\"\n        assert tensor.dtype == expected_dtype, f\"Expected dtype {expected_dtype}, got {tensor.dtype}\"\n        assert tf.reduce_all(tf.math.is_finite(tensor)), \"Tensor contains non-finite values\"\n    \n    @staticmethod\n    def assert_allclose(actual, expected, rtol=1e-6, atol=1e-6):\n        \"\"\"Assert that two tensors are close within tolerance.\"\"\"\n        np.testing.assert_allclose(\n            actual.numpy() if hasattr(actual, 'numpy') else actual,\n            expected.numpy() if hasattr(expected, 'numpy') else expected,\n            rtol=rtol,\n            atol=atol\n        )\n    \n    # ==== BLOCK:CASE_01 START ====\n    @pytest.mark.parametrize(\"dtype,shape,axes\", [\n        (tf.float32, (10,), None),  # Base case from test plan\n        (tf.float64, (12,), None),  # Parameter extension: different dtype\n        (tf.float32, (6, 6), [0, 1]),  # Parameter extension: 2D tensor with multiple axes\n    ])\n    def test_fftshift_basic(self, dtype, shape, axes):\n        \"\"\"Test basic functionality of fftshift.\"\"\"\n        # Create test tensor\n        x = self.create_test_tensor(shape, dtype)\n        \n        # Compute TensorFlow fftshift\n        tf_result = fft_ops.fftshift(x, axes=axes)\n        \n        # Compute NumPy reference\n        np_x = x.numpy()\n        np_result = np.fft.fftshift(np_x, axes=axes)\n        \n        # Weak assertions\n        self.assert_tensor_properties(tf_result, shape, dtype)\n        \n        # Basic property check: fftshift should preserve shape and dtype\n        assert tf_result.shape == x.shape, \"fftshift should preserve shape\"\n        assert tf_result.dtype == x.dtype, \"fftshift should preserve dtype\"\n        \n        # Check that result contains finite values\n        assert tf.reduce_all(tf.math.is_finite(tf_result)), \"Result contains non-finite values\"\n        \n        # Compare with NumPy (weak assertion with tolerance)\n        self.assert_allclose(tf_result, np_result, rtol=1e-6, atol=1e-6)\n    # ==== BLOCK:CASE_01 END ====\n    \n    # ==== BLOCK:CASE_02 START ====\n    @pytest.mark.parametrize(\"dtype,shape,axes\", [\n        (tf.complex64, (8,), None),  # Base case from test plan\n        (tf.complex128, (16,), None),  # Parameter extension: different complex precision\n        (tf.complex64, (4, 4), None),  # Parameter extension: 2D complex FFT\n    ])\n    def test_fft_ifft_inverse(self, dtype, shape, axes):\n        \"\"\"Test that fft and ifft are inverse operations.\"\"\"\n        # Create complex test tensor\n        x = self.create_test_tensor(shape, dtype)\n        \n        # Compute forward FFT\n        x_fft = fft_ops.fft(x)\n        \n        # Compute inverse FFT\n        x_reconstructed = fft_ops.ifft(x_fft)\n        \n        # Weak assertions\n        self.assert_tensor_properties(x_fft, shape, dtype)\n        self.assert_tensor_properties(x_reconstructed, shape, dtype)\n        \n        # Basic property: FFT should preserve shape\n        assert x_fft.shape == x.shape, \"FFT should preserve shape\"\n        assert x_reconstructed.shape == x.shape, \"IFFT should preserve shape\"\n        \n        # Basic property: FFT should preserve dtype\n        assert x_fft.dtype == x.dtype, \"FFT should preserve dtype\"\n        assert x_reconstructed.dtype == x.dtype, \"IFFT should preserve dtype\"\n        \n        # Check that results contain finite values\n        assert tf.reduce_all(tf.math.is_finite(x_fft)), \"FFT result contains non-finite values\"\n        assert tf.reduce_all(tf.math.is_finite(x_reconstructed)), \"IFFT result contains non-finite values\"\n        \n        # Basic inverse property: ifft(fft(x)) should be close to x\n        # Using weak assertion with tolerance\n        self.assert_allclose(x_reconstructed, x, rtol=1e-6, atol=1e-6)\n        \n        # Compare with NumPy FFT (weak assertion)\n        np_x = x.numpy()\n        np_fft = np.fft.fft(np_x, axis=-1)\n        self.assert_allclose(x_fft, np_fft, rtol=1e-6, atol=1e-6)\n    # ==== BLOCK:CASE_02 END ====\n    \n    # ==== BLOCK:CASE_03 START ====\n    @pytest.mark.parametrize(\"dtype,shape,fft_length\", [\n        (tf.float32, (8,), 8),  # Base case from test plan\n        (tf.float64, (16,), 16),  # Parameter extension: different real precision\n    ])\n    def test_rfft_irfft_real_transform(self, dtype, shape, fft_length):\n        \"\"\"Test real-valued FFT and inverse real FFT.\"\"\"\n        # Create real test tensor\n        x = self.create_test_tensor(shape, dtype)\n        \n        # Compute RFFT\n        x_rfft = fft_ops.rfft(x, fft_length=fft_length)\n        \n        # Compute IRFFT\n        x_reconstructed = fft_ops.irfft(x_rfft, fft_length=fft_length)\n        \n        # Expected shape for RFFT output\n        # For 1D RFFT with length N, output shape is (N//2 + 1,)\n        expected_rfft_shape = (fft_length // 2 + 1,)\n        \n        # Weak assertions\n        # Check RFFT output properties\n        assert x_rfft.shape == expected_rfft_shape, f\"RFFT shape mismatch: expected {expected_rfft_shape}, got {x_rfft.shape}\"\n        \n        # Check dtype: RFFT of real input should produce complex output\n        if dtype == tf.float32:\n            expected_complex_dtype = tf.complex64\n        else:  # tf.float64\n            expected_complex_dtype = tf.complex128\n        assert x_rfft.dtype == expected_complex_dtype, f\"RFFT dtype mismatch: expected {expected_complex_dtype}, got {x_rfft.dtype}\"\n        \n        # Check IRFFT output properties\n        assert x_reconstructed.shape == shape, f\"IRFFT shape mismatch: expected {shape}, got {x_reconstructed.shape}\"\n        assert x_reconstructed.dtype == dtype, f\"IRFFT dtype mismatch: expected {dtype}, got {x_reconstructed.dtype}\"\n        \n        # Check that results contain finite values\n        assert tf.reduce_all(tf.math.is_finite(x_rfft)), \"RFFT result contains non-finite values\"\n        assert tf.reduce_all(tf.math.is_finite(x_reconstructed)), \"IRFFT result contains non-finite values\"\n        \n        # Basic property: irfft(rfft(x)) should be close to original x\n        # Note: For real FFT, we need to handle potential padding/truncation\n        # Compare only the valid part (up to min(shape[0], fft_length))\n        valid_length = min(shape[0], fft_length)\n        x_valid = x[:valid_length]\n        x_reconstructed_valid = x_reconstructed[:valid_length]\n        \n        self.assert_allclose(x_reconstructed_valid, x_valid, rtol=1e-6, atol=1e-6)\n        \n        # Compare with NumPy RFFT (weak assertion)\n        np_x = x.numpy()\n        np_rfft = np.fft.rfft(np_x, n=fft_length)\n        self.assert_allclose(x_rfft, np_rfft, rtol=1e-6, atol=1e-6)\n    # ==== BLOCK:CASE_03 END ====\n    \n    # ==== BLOCK:CASE_04 START ====\n    # DEFERRED: CASE_04 - 不同轴参数处理验证\n    # This test case is deferred and will be implemented in later iterations.\n    # Test parameters from test plan:\n    # - dtype: tf.float32, shape: (4, 4), axes: 0\n    # Parameter extension: dtype: tf.float32, shape: (3, 3, 3), axes: -1\n    pass\n    # ==== BLOCK:CASE_04 END ====\n    \n    # ==== BLOCK:CASE_05 START ====\n    # DEFERRED: CASE_05 - 边界情况处理\n    # This test case is deferred and will be implemented in later iterations.\n    # Test parameters from test plan:\n    # - dtype: tf.float32, shape: (1,), axes: None\n    # Parameter extension: dtype: tf.float32, shape: (), axes: None (empty tensor)\n    pass\n    # ==== BLOCK:CASE_05 END ====\n# ==== BLOCK:HEADER END ====\n\n# ==== BLOCK:FOOTER START ====\n# Footer block for cleanup and additional assertions\nif __name__ == \"__main__\":\n    pytest.main([__file__, \"-v\"])\n# ==== BLOCK:FOOTER END ====",
    "tests/test_tensorflow_python_ops_signal_fft_ops_fixed.py": "\"\"\"\nTest cases for tensorflow.python.ops.signal.fft_ops module.\nGenerated by TestAgent for target: tensorflow.python.ops.signal.fft_ops\n\"\"\"\n\nimport numpy as np\nimport tensorflow as tf\nimport pytest\nfrom tensorflow.python.ops.signal import fft_ops\n\n# Set random seed for reproducibility\nnp.random.seed(42)\ntf.random.set_seed(42)\n\n# ==== BLOCK:HEADER START ====\n# Test class and helper functions\nclass TestFFTOps:\n    \"\"\"Test class for tensorflow.python.ops.signal.fft_ops module.\"\"\"\n    \n    @staticmethod\n    def create_test_tensor(shape, dtype):\n        \"\"\"Create test tensor with given shape and dtype.\"\"\"\n        if dtype in [tf.float32, tf.float64]:\n            return tf.constant(np.random.randn(*shape).astype(dtype.as_numpy_dtype))\n        elif dtype in [tf.complex64, tf.complex128]:\n            real = np.random.randn(*shape).astype(dtype.real_dtype.as_numpy_dtype)\n            imag = np.random.randn(*shape).astype(dtype.real_dtype.as_numpy_dtype)\n            return tf.constant(real + 1j * imag)\n        else:\n            raise ValueError(f\"Unsupported dtype: {dtype}\")\n    \n    @staticmethod\n    def assert_tensor_properties(tensor, expected_shape, expected_dtype):\n        \"\"\"Assert basic tensor properties.\"\"\"\n        assert tensor.shape == expected_shape, f\"Expected shape {expected_shape}, got {tensor.shape}\"\n        assert tensor.dtype == expected_dtype, f\"Expected dtype {expected_dtype}, got {tensor.dtype}\"\n        assert tf.reduce_all(tf.math.is_finite(tensor)), \"Tensor contains non-finite values\"\n    \n    @staticmethod\n    def assert_allclose(actual, expected, rtol=1e-6, atol=1e-6):\n        \"\"\"Assert that two tensors are close within tolerance.\"\"\"\n        np.testing.assert_allclose(\n            actual.numpy() if hasattr(actual, 'numpy') else actual,\n            expected.numpy() if hasattr(expected, 'numpy') else expected,\n            rtol=rtol,\n            atol=atol\n        )\n# ==== BLOCK:HEADER END ====\n\n# ==== BLOCK:CASE_01 START ====\n# Test case for fftshift basic functionality\n# This test is defined outside the class due to block constraints\n@pytest.mark.parametrize(\"dtype,shape,axes\", [\n    (tf.float32, (10,), None),  # Base case from test plan\n    (tf.float64, (12,), None),  # Parameter extension: different dtype\n    (tf.float32, (6, 6), [0, 1]),  # Parameter extension: 2D tensor with multiple axes\n])\ndef test_fftshift_basic(dtype, shape, axes):\n    \"\"\"Test basic functionality of fftshift.\"\"\"\n    # Create test instance\n    test_instance = TestFFTOps()\n    \n    # Create test tensor\n    x = test_instance.create_test_tensor(shape, dtype)\n    \n    # Compute TensorFlow fftshift\n    tf_result = fft_ops.fftshift(x, axes=axes)\n    \n    # Compute NumPy reference\n    np_x = x.numpy()\n    np_result = np.fft.fftshift(np_x, axes=axes)\n    \n    # Weak assertions\n    test_instance.assert_tensor_properties(tf_result, shape, dtype)\n    \n    # Basic property check: fftshift should preserve shape and dtype\n    assert tf_result.shape == x.shape, \"fftshift should preserve shape\"\n    assert tf_result.dtype == x.dtype, \"fftshift should preserve dtype\"\n    \n    # Check that result contains finite values\n    assert tf.reduce_all(tf.math.is_finite(tf_result)), \"Result contains non-finite values\"\n    \n    # Compare with NumPy (weak assertion with tolerance)\n    test_instance.assert_allclose(tf_result, np_result, rtol=1e-6, atol=1e-6)\n# ==== BLOCK:CASE_01 END ====\n\n# ==== BLOCK:CASE_02 START ====\n# Test case for fft/ifft inverse property\n@pytest.mark.parametrize(\"dtype,shape,axes\", [\n    (tf.complex64, (8,), None),  # Base case from test plan\n    (tf.complex128, (16,), None),  # Parameter extension: different complex precision\n    (tf.complex64, (4, 4), None),  # Parameter extension: 2D complex FFT\n])\ndef test_fft_ifft_inverse(dtype, shape, axes):\n    \"\"\"Test that fft and ifft are inverse operations.\"\"\"\n    # Create test instance\n    test_instance = TestFFTOps()\n    \n    # Create complex test tensor\n    x = test_instance.create_test_tensor(shape, dtype)\n    \n    # Compute forward FFT\n    x_fft = fft_ops.fft(x)\n    \n    # Compute inverse FFT\n    x_reconstructed = fft_ops.ifft(x_fft)\n    \n    # Weak assertions\n    test_instance.assert_tensor_properties(x_fft, shape, dtype)\n    test_instance.assert_tensor_properties(x_reconstructed, shape, dtype)\n    \n    # Basic property: FFT should preserve shape\n    assert x_fft.shape == x.shape, \"FFT should preserve shape\"\n    assert x_reconstructed.shape == x.shape, \"IFFT should preserve shape\"\n    \n    # Basic property: FFT should preserve dtype\n    assert x_fft.dtype == x.dtype, \"FFT should preserve dtype\"\n    assert x_reconstructed.dtype == x.dtype, \"IFFT should preserve dtype\"\n    \n    # Check that results contain finite values\n    assert tf.reduce_all(tf.math.is_finite(x_fft)), \"FFT result contains non-finite values\"\n    assert tf.reduce_all(tf.math.is_finite(x_reconstructed)), \"IFFT result contains non-finite values\"\n    \n    # Basic inverse property: ifft(fft(x)) should be close to x\n    # Using weak assertion with tolerance\n    test_instance.assert_allclose(x_reconstructed, x, rtol=1e-6, atol=1e-6)\n    \n    # Compare with NumPy FFT (weak assertion)\n    np_x = x.numpy()\n    np_fft = np.fft.fft(np_x, axis=-1)\n    test_instance.assert_allclose(x_fft, np_fft, rtol=1e-6, atol=1e-6)\n# ==== BLOCK:CASE_02 END ====\n\n# ==== BLOCK:CASE_03 START ====\n# Test case for rfft/irfft real transform\n@pytest.mark.parametrize(\"dtype,shape,fft_length\", [\n    (tf.float32, (8,), 8),  # Base case from test plan\n    (tf.float64, (16,), 16),  # Parameter extension: different real precision\n])\ndef test_rfft_irfft_real_transform(dtype, shape, fft_length):\n    \"\"\"Test real-valued FFT and inverse real FFT.\"\"\"\n    # Create test instance\n    test_instance = TestFFTOps()\n    \n    # Create real test tensor\n    x = test_instance.create_test_tensor(shape, dtype)\n    \n    # Compute RFFT\n    x_rfft = fft_ops.rfft(x, fft_length=fft_length)\n    \n    # Compute IRFFT\n    x_reconstructed = fft_ops.irfft(x_rfft, fft_length=fft_length)\n    \n    # Expected shape for RFFT output\n    # For 1D RFFT with length N, output shape is (N//2 + 1,)\n    expected_rfft_shape = (fft_length // 2 + 1,)\n    \n    # Weak assertions\n    # Check RFFT output properties\n    assert x_rfft.shape == expected_rfft_shape, f\"RFFT shape mismatch: expected {expected_rfft_shape}, got {x_rfft.shape}\"\n    \n    # Check dtype: RFFT of real input should produce complex output\n    if dtype == tf.float32:\n        expected_complex_dtype = tf.complex64\n    else:  # tf.float64\n        expected_complex_dtype = tf.complex128\n    assert x_rfft.dtype == expected_complex_dtype, f\"RFFT dtype mismatch: expected {expected_complex_dtype}, got {x_rfft.dtype}\"\n    \n    # Check IRFFT output properties\n    assert x_reconstructed.shape == shape, f\"IRFFT shape mismatch: expected {shape}, got {x_reconstructed.shape}\"\n    assert x_reconstructed.dtype == dtype, f\"IRFFT dtype mismatch: expected {dtype}, got {x_reconstructed.dtype}\"\n    \n    # Check that results contain finite values\n    assert tf.reduce_all(tf.math.is_finite(x_rfft)), \"RFFT result contains non-finite values\"\n    assert tf.reduce_all(tf.math.is_finite(x_reconstructed)), \"IRFFT result contains non-finite values\"\n    \n    # Basic property: irfft(rfft(x)) should be close to original x\n    # Note: For real FFT, we need to handle potential padding/truncation\n    # Compare only the valid part (up to min(shape[0], fft_length))\n    valid_length = min(shape[0], fft_length)\n    x_valid = x[:valid_length]\n    x_reconstructed_valid = x_reconstructed[:valid_length]\n    \n    test_instance.assert_allclose(x_reconstructed_valid, x_valid, rtol=1e-6, atol=1e-6)\n    \n    # Compare with NumPy RFFT (weak assertion)\n    np_x = x.numpy()\n    np_rfft = np.fft.rfft(np_x, n=fft_length)\n    test_instance.assert_allclose(x_rfft, np_rfft, rtol=1e-6, atol=1e-6)\n# ==== BLOCK:CASE_03 END ====\n\n# ==== BLOCK:CASE_04 START ====\n# DEFERRED: CASE_04 - 不同轴参数处理验证\n# This test case is deferred and will be implemented in later iterations.\n# Test parameters from test plan:\n# - dtype: tf.float32, shape: (4, 4), axes: 0\n# Parameter extension: dtype: tf.float32, shape: (3, 3, 3), axes: -1\npass\n# ==== BLOCK:CASE_04 END ====\n\n# ==== BLOCK:CASE_05 START ====\n# DEFERRED: CASE_05 - 边界情况处理\n# This test case is deferred and will be implemented in later iterations.\n# Test parameters from test plan:\n# - dtype: tf.float32, shape: (1,), axes: None\n# Parameter extension: dtype: tf.float32, shape: (), axes: None (empty tensor)\npass\n# ==== BLOCK:CASE_05 END ====\n\n# ==== BLOCK:FOOTER START ====\n# Footer block for cleanup and additional assertions\nif __name__ == \"__main__\":\n    pytest.main([__file__, \"-v\"])\n# ==== BLOCK:FOOTER END ====",
    "execution_log.txt": "=== Run Tests ===\n...........F                                                             [100%]\n=================================== FAILURES ===================================\n_________________ test_edge_case_handling[dtype1-shape1-None] __________________\n\ndtype = tf.float32, shape = (), axes = None\n\n    @pytest.mark.parametrize(\"dtype,shape,axes\", [\n        (tf.float32, (1,), None),  # Base case from test plan: single element tensor\n        (tf.float32, (), None),  # Parameter extension: empty tensor (scalar)\n    ])\n    def test_edge_case_handling(dtype, shape, axes):\n        \"\"\"Test edge case handling for fftshift.\"\"\"\n        # Create test instance\n        test_instance = TestFFTOps()\n    \n        # Create test tensor - handle scalar case specially\n        if shape == ():  # Scalar case\n            if dtype in [tf.float32, tf.float64]:\n                x = tf.constant(np.random.randn(), dtype=dtype)\n            elif dtype in [tf.complex64, tf.complex128]:\n                real = np.random.randn()\n                imag = np.random.randn()\n                x = tf.constant(real + 1j * imag, dtype=dtype)\n            else:\n                raise ValueError(f\"Unsupported dtype: {dtype}\")\n        else:\n            x = test_instance.create_test_tensor(shape, dtype)\n    \n        # Compute TensorFlow fftshift\n>       tf_result = fft_ops.fftshift(x, axes=axes)\n\ntests/test_tensorflow_python_ops_signal_fft_ops.py:270: \n_ _ _ _ _ _ _ _ _ _ _ _ _ _ _ _ _ _ _ _ _ _ _ _ _ _ _ _ _ _ _ _ _ _ _ _ _ _ _ _ \n/opt/anaconda3/envs/testagent-experiment/lib/python3.10/site-packages/tensorflow/python/util/traceback_utils.py:153: in error_handler\n    raise e.with_traceback(filtered_tb) from None\n_ _ _ _ _ _ _ _ _ _ _ _ _ _ _ _ _ _ _ _ _ _ _ _ _ _ _ _ _ _ _ _ _ _ _ _ _ _ _ _ \n\nop_name = b'Roll', num_outputs = 1\ninputs = [<tf.Tensor: shape=(), dtype=float32, numpy=0.5150353>, <tf.Tensor: shape=(0,), dtype=int32, numpy=array([], dtype=int32)>, <tf.Tensor: shape=(0,), dtype=float32, numpy=array([], dtype=float32)>]\nattrs = ('T', 1, 'Tshift', 3, 'Taxis', 1)\nctx = <tensorflow.python.eager.context.Context object at 0x14a44b1c0>\nname = None\n\n    def quick_execute(op_name, num_outputs, inputs, attrs, ctx, name=None):\n      \"\"\"Execute a TensorFlow operation.\n    \n      Args:\n        op_name: Name of the TensorFlow operation (see REGISTER_OP in C++ code) to\n          execute.\n        num_outputs: The number of outputs of the operation to fetch. (Explicitly\n          provided instead of being inferred for performance reasons).\n        inputs: A list of inputs to the operation. Each entry should be a Tensor, or\n          a value which can be passed to the Tensor constructor to create one.\n        attrs: A tuple with alternating string attr names and attr values for this\n          operation.\n        ctx: The value of context.context().\n        name: Customized name for the operation.\n    \n      Returns:\n        List of output Tensor objects. The list is empty if there are no outputs\n    \n      Raises:\n        An exception on error.\n      \"\"\"\n      device_name = ctx.device_name\n      # pylint: disable=protected-access\n      try:\n        ctx.ensure_initialized()\n>       tensors = pywrap_tfe.TFE_Py_Execute(ctx._handle, device_name, op_name,\n                                            inputs, attrs, num_outputs)\nE                                           tensorflow.python.framework.errors_impl.InvalidArgumentError: Value for attr 'Taxis' of float is not in the list of allowed values: int32, int64\nE                                           \t; NodeDef: {{node Roll}}; Op<name=Roll; signature=input:T, shift:Tshift, axis:Taxis -> output:T; attr=T:type; attr=Tshift:type,allowed=[DT_INT32, DT_INT64]; attr=Taxis:type,allowed=[DT_INT32, DT_INT64]> [Op:Roll]\n\n/opt/anaconda3/envs/testagent-experiment/lib/python3.10/site-packages/tensorflow/python/eager/execute.py:54: InvalidArgumentError\n=============================== warnings summary ===============================\n../../../../../../../../opt/anaconda3/envs/testagent-experiment/lib/python3.10/site-packages/tensorflow/core/framework/tensor_shape_pb2.py:18\n  /opt/anaconda3/envs/testagent-experiment/lib/python3.10/site-packages/tensorflow/core/framework/tensor_shape_pb2.py:18: DeprecationWarning: Call to deprecated create function FileDescriptor(). Note: Create unlinked descriptors is going to go away. Please use get/find descriptors from generated code or query the descriptor_pool.\n    DESCRIPTOR = _descriptor.FileDescriptor(\n\n../../../../../../../../opt/anaconda3/envs/testagent-experiment/lib/python3.10/site-packages/tensorflow/core/framework/tensor_shape_pb2.py:36\n  /opt/anaconda3/envs/testagent-experiment/lib/python3.10/site-packages/tensorflow/core/framework/tensor_shape_pb2.py:36: DeprecationWarning: Call to deprecated create function FieldDescriptor(). Note: Create unlinked descriptors is going to go away. Please use get/find descriptors from generated code or query the descriptor_pool.\n    _descriptor.FieldDescriptor(\n\n../../../../../../../../opt/anaconda3/envs/testagent-experiment/lib/python3.10/site-packages/tensorflow/core/framework/tensor_shape_pb2.py:43\n  /opt/anaconda3/envs/testagent-experiment/lib/python3.10/site-packages/tensorflow/core/framework/tensor_shape_pb2.py:43: DeprecationWarning: Call to deprecated create function FieldDescriptor(). Note: Create unlinked descriptors is going to go away. Please use get/find descriptors from generated code or query the descriptor_pool.\n    _descriptor.FieldDescriptor(\n\n../../../../../../../../opt/anaconda3/envs/testagent-experiment/lib/python3.10/site-packages/tensorflow/core/framework/tensor_shape_pb2.py:29\n  /opt/anaconda3/envs/testagent-experiment/lib/python3.10/site-packages/tensorflow/core/framework/tensor_shape_pb2.py:29: DeprecationWarning: Call to deprecated create function Descriptor(). Note: Create unlinked descriptors is going to go away. Please use get/find descriptors from generated code or query the descriptor_pool.\n    _TENSORSHAPEPROTO_DIM = _descriptor.Descriptor(\n\n../../../../../../../../opt/anaconda3/envs/testagent-experiment/lib/python3.10/site-packages/tensorflow/core/framework/tensor_shape_pb2.py:73\n  /opt/anaconda3/envs/testagent-experiment/lib/python3.10/site-packages/tensorflow/core/framework/tensor_shape_pb2.py:73: DeprecationWarning: Call to deprecated create function FieldDescriptor(). Note: Create unlinked descriptors is going to go away. Please use get/find descriptors from generated code or query the descriptor_pool.\n    _descriptor.FieldDescriptor(\n\n../../../../../../../../opt/anaconda3/envs/testagent-experiment/lib/python3.10/site-packages/tensorflow/core/framework/tensor_shape_pb2.py:80\n  /opt/anaconda3/envs/testagent-experiment/lib/python3.10/site-packages/tensorflow/core/framework/tensor_shape_pb2.py:80: DeprecationWarning: Call to deprecated create function FieldDescriptor(). Note: Create unlinked descriptors is going to go away. Please use get/find descriptors from generated code or query the descriptor_pool.\n    _descriptor.FieldDescriptor(\n\n../../../../../../../../opt/anaconda3/envs/testagent-experiment/lib/python3.10/site-packages/tensorflow/core/framework/tensor_shape_pb2.py:66\n  /opt/anaconda3/envs/testagent-experiment/lib/python3.10/site-packages/tensorflow/core/framework/tensor_shape_pb2.py:66: DeprecationWarning: Call to deprecated create function Descriptor(). Note: Create unlinked descriptors is going to go away. Please use get/find descriptors from generated code or query the descriptor_pool.\n    _TENSORSHAPEPROTO = _descriptor.Descriptor(\n\n../../../../../../../../opt/anaconda3/envs/testagent-experiment/lib/python3.10/site-packages/tensorflow/core/framework/types_pb2.py:19\n  /opt/anaconda3/envs/testagent-experiment/lib/python3.10/site-packages/tensorflow/core/framework/types_pb2.py:19: DeprecationWarning: Call to deprecated create function FileDescriptor(). Note: Create unlinked descriptors is going to go away. Please use get/find descriptors from generated code or query the descriptor_pool.\n    DESCRIPTOR = _descriptor.FileDescriptor(\n\n../../../../../../../../opt/anaconda3/envs/testagent-experiment/lib/python3.10/site-packages/tensorflow/core/framework/types_pb2.py:33\n  /opt/anaconda3/envs/testagent-experiment/lib/python3.10/site-packages/tensorflow/core/framework/types_pb2.py:33: DeprecationWarning: Call to deprecated create function EnumValueDescriptor(). Note: Create unlinked descriptors is going to go away. Please use get/find descriptors from generated code or query the descriptor_pool.\n    _descriptor.EnumValueDescriptor(\n\n../../../../../../../../opt/anaconda3/envs/testagent-experiment/lib/python3.10/site-packages/tensorflow/core/framework/types_pb2.py:37\n  /opt/anaconda3/envs/testagent-experiment/lib/python3.10/site-packages/tensorflow/core/framework/types_pb2.py:37: DeprecationWarning: Call to deprecated create function EnumValueDescriptor(). Note: Create unlinked descriptors is going to go away. Please use get/find descriptors from generated code or query the descriptor_pool.\n    _descriptor.EnumValueDescriptor(\n\n../../../../../../../../opt/anaconda3/envs/testagent-experiment/lib/python3.10/site-packages/tensorflow/core/framework/types_pb2.py:41\n  /opt/anaconda3/envs/testagent-experiment/lib/python3.10/site-packages/tensorflow/core/framework/types_pb2.py:41: DeprecationWarning: Call to deprecated create function EnumValueDescriptor(). Note: Create unlinked descriptors is going to go away. Please use get/find descriptors from generated code or query the descriptor_pool.\n    _descriptor.EnumValueDescriptor(\n\n../../../../../../../../opt/anaconda3/envs/testagent-experiment/lib/python3.10/site-packages/tensorflow/core/framework/types_pb2.py:45\n  /opt/anaconda3/envs/testagent-experiment/lib/python3.10/site-packages/tensorflow/core/framework/types_pb2.py:45: DeprecationWarning: Call to deprecated create function EnumValueDescriptor(). Note: Create unlinked descriptors is going to go away. Please use get/find descriptors from generated code or query the descriptor_pool.\n    _descriptor.EnumValueDescriptor(\n\n../../../../../../../../opt/anaconda3/envs/testagent-experiment/lib/python3.10/site-packages/tensorflow/core/framework/types_pb2.py:49\n  /opt/anaconda3/envs/testagent-experiment/lib/python3.10/site-packages/tensorflow/core/framework/types_pb2.py:49: DeprecationWarning: Call to deprecated create function EnumValueDescriptor(). Note: Create unlinked descriptors is going to go away. Please use get/find descriptors from generated code or query the descriptor_pool.\n    _descriptor.EnumValueDescriptor(\n\n../../../../../../../../opt/anaconda3/envs/testagent-experiment/lib/python3.10/site-packages/tensorflow/core/framework/types_pb2.py:53\n  /opt/anaconda3/envs/testagent-experiment/lib/python3.10/site-packages/tensorflow/core/framework/types_pb2.py:53: DeprecationWarning: Call to deprecated create function EnumValueDescriptor(). Note: Create unlinked descriptors is going to go away. Please use get/find descriptors from generated code or query the descriptor_pool.\n    _descriptor.EnumValueDescriptor(\n\n../../../../../../../../opt/anaconda3/envs/testagent-experiment/lib/python3.10/site-packages/tensorflow/core/framework/types_pb2.py:57\n  /opt/anaconda3/envs/testagent-experiment/lib/python3.10/site-packages/tensorflow/core/framework/types_pb2.py:57: DeprecationWarning: Call to deprecated create function EnumValueDescriptor(). Note: Create unlinked descriptors is going to go away. Please use get/find descriptors from generated code or query the descriptor_pool.\n    _descriptor.EnumValueDescriptor(\n\n../../../../../../../../opt/anaconda3/envs/testagent-experiment/lib/python3.10/site-packages/tensorflow/core/framework/types_pb2.py:61\n  /opt/anaconda3/envs/testagent-experiment/lib/python3.10/site-packages/tensorflow/core/framework/types_pb2.py:61: DeprecationWarning: Call to deprecated create function EnumValueDescriptor(). Note: Create unlinked descriptors is going to go away. Please use get/find descriptors from generated code or query the descriptor_pool.\n    _descriptor.EnumValueDescriptor(\n\n../../../../../../../../opt/anaconda3/envs/testagent-experiment/lib/python3.10/site-packages/tensorflow/core/framework/types_pb2.py:65\n  /opt/anaconda3/envs/testagent-experiment/lib/python3.10/site-packages/tensorflow/core/framework/types_pb2.py:65: DeprecationWarning: Call to deprecated create function EnumValueDescriptor(). Note: Create unlinked descriptors is going to go away. Please use get/find descriptors from generated code or query the descriptor_pool.\n    _descriptor.EnumValueDescriptor(\n\n../../../../../../../../opt/anaconda3/envs/testagent-experiment/lib/python3.10/site-packages/tensorflow/core/framework/types_pb2.py:69\n  /opt/anaconda3/envs/testagent-experiment/lib/python3.10/site-packages/tensorflow/core/framework/types_pb2.py:69: DeprecationWarning: Call to deprecated create function EnumValueDescriptor(). Note: Create unlinked descriptors is going to go away. Please use get/find descriptors from generated code or query the descriptor_pool.\n    _descriptor.EnumValueDescriptor(\n\n../../../../../../../../opt/anaconda3/envs/testagent-experiment/lib/python3.10/site-packages/tensorflow/core/framework/types_pb2.py:73\n  /opt/anaconda3/envs/testagent-experiment/lib/python3.10/site-packages/tensorflow/core/framework/types_pb2.py:73: DeprecationWarning: Call to deprecated create function EnumValueDescriptor(). Note: Create unlinked descriptors is going to go away. Please use get/find descriptors from generated code or query the descriptor_pool.\n    _descriptor.EnumValueDescriptor(\n\n../../../../../../../../opt/anaconda3/envs/testagent-experiment/lib/python3.10/site-packages/tensorflow/core/framework/types_pb2.py:77\n  /opt/anaconda3/envs/testagent-experiment/lib/python3.10/site-packages/tensorflow/core/framework/types_pb2.py:77: DeprecationWarning: Call to deprecated create function EnumValueDescriptor(). Note: Create unlinked descriptors is going to go away. Please use get/find descriptors from generated code or query the descriptor_pool.\n    _descriptor.EnumValueDescriptor(\n\n../../../../../../../../opt/anaconda3/envs/testagent-experiment/lib/python3.10/site-packages/tensorflow/core/framework/types_pb2.py:81\n  /opt/anaconda3/envs/testagent-experiment/lib/python3.10/site-packages/tensorflow/core/framework/types_pb2.py:81: DeprecationWarning: Call to deprecated create function EnumValueDescriptor(). Note: Create unlinked descriptors is going to go away. Please use get/find descriptors from generated code or query the descriptor_pool.\n    _descriptor.EnumValueDescriptor(\n\n../../../../../../../../opt/anaconda3/envs/testagent-experiment/lib/python3.10/site-packages/tensorflow/core/framework/types_pb2.py:85\n  /opt/anaconda3/envs/testagent-experiment/lib/python3.10/site-packages/tensorflow/core/framework/types_pb2.py:85: DeprecationWarning: Call to deprecated create function EnumValueDescriptor(). Note: Create unlinked descriptors is going to go away. Please use get/find descriptors from generated code or query the descriptor_pool.\n    _descriptor.EnumValueDescriptor(\n\n../../../../../../../../opt/anaconda3/envs/testagent-experiment/lib/python3.10/site-packages/tensorflow/core/framework/types_pb2.py:89\n  /opt/anaconda3/envs/testagent-experiment/lib/python3.10/site-packages/tensorflow/core/framework/types_pb2.py:89: DeprecationWarning: Call to deprecated create function EnumValueDescriptor(). Note: Create unlinked descriptors is going to go away. Please use get/find descriptors from generated code or query the descriptor_pool.\n    _descriptor.EnumValueDescriptor(\n\n../../../../../../../../opt/anaconda3/envs/testagent-experiment/lib/python3.10/site-packages/tensorflow/core/framework/types_pb2.py:93\n  /opt/anaconda3/envs/testagent-experiment/lib/python3.10/site-packages/tensorflow/core/framework/types_pb2.py:93: DeprecationWarning: Call to deprecated create function EnumValueDescriptor(). Note: Create unlinked descriptors is going to go away. Please use get/find descriptors from generated code or query the descriptor_pool.\n    _descriptor.EnumValueDescriptor(\n\n../../../../../../../../opt/anaconda3/envs/testagent-experiment/lib/python3.10/site-packages/tensorflow/core/framework/types_pb2.py:97\n  /opt/anaconda3/envs/testagent-experiment/lib/python3.10/site-packages/tensorflow/core/framework/types_pb2.py:97: DeprecationWarning: Call to deprecated create function EnumValueDescriptor(). Note: Create unlinked descriptors is going to go away. Please use get/find descriptors from generated code or query the descriptor_pool.\n    _descriptor.EnumValueDescriptor(\n\n../../../../../../../../opt/anaconda3/envs/testagent-experiment/lib/python3.10/site-packages/tensorflow/core/framework/types_pb2.py:101\n  /opt/anaconda3/envs/testagent-experiment/lib/python3.10/site-packages/tensorflow/core/framework/types_pb2.py:101: DeprecationWarning: Call to deprecated create function EnumValueDescriptor(). Note: Create unlinked descriptors is going to go away. Please use get/find descriptors from generated code or query the descriptor_pool.\n    _descriptor.EnumValueDescriptor(\n\n../../../../../../../../opt/anaconda3/envs/testagent-experiment/lib/python3.10/site-packages/tensorflow/core/framework/types_pb2.py:105\n  /opt/anaconda3/envs/testagent-experiment/lib/python3.10/site-packages/tensorflow/core/framework/types_pb2.py:105: DeprecationWarning: Call to deprecated create function EnumValueDescriptor(). Note: Create unlinked descriptors is going to go away. Please use get/find descriptors from generated code or query the descriptor_pool.\n    _descriptor.EnumValueDescriptor(\n\n../../../../../../../../opt/anaconda3/envs/testagent-experiment/lib/python3.10/site-packages/tensorflow/core/framework/types_pb2.py:109\n  /opt/anaconda3/envs/testagent-experiment/lib/python3.10/site-packages/tensorflow/core/framework/types_pb2.py:109: DeprecationWarning: Call to deprecated create function EnumValueDescriptor(). Note: Create unlinked descriptors is going to go away. Please use get/find descriptors from generated code or query the descriptor_pool.\n    _descriptor.EnumValueDescriptor(\n\n../../../../../../../../opt/anaconda3/envs/testagent-experiment/lib/python3.10/site-packages/tensorflow/core/framework/types_pb2.py:113\n  /opt/anaconda3/envs/testagent-experiment/lib/python3.10/site-packages/tensorflow/core/framework/types_pb2.py:113: DeprecationWarning: Call to deprecated create function EnumValueDescriptor(). Note: Create unlinked descriptors is going to go away. Please use get/find descriptors from generated code or query the descriptor_pool.\n    _descriptor.EnumValueDescriptor(\n\n../../../../../../../../opt/anaconda3/envs/testagent-experiment/lib/python3.10/site-packages/tensorflow/core/framework/types_pb2.py:117\n  /opt/anaconda3/envs/testagent-experiment/lib/python3.10/site-packages/tensorflow/core/framework/types_pb2.py:117: DeprecationWarning: Call to deprecated create function EnumValueDescriptor(). Note: Create unlinked descriptors is going to go away. Please use get/find descriptors from generated code or query the descriptor_pool.\n    _descriptor.EnumValueDescriptor(\n\n../../../../../../../../opt/anaconda3/envs/testagent-experiment/lib/python3.10/site-packages/tensorflow/core/framework/types_pb2.py:121\n  /opt/anaconda3/envs/testagent-experiment/lib/python3.10/site-packages/tensorflow/core/framework/types_pb2.py:121: DeprecationWarning: Call to deprecated create function EnumValueDescriptor(). Note: Create unlinked descriptors is going to go away. Please use get/find descriptors from generated code or query the descriptor_pool.\n    _descriptor.EnumValueDescriptor(\n\n../../../../../../../../opt/anaconda3/envs/testagent-experiment/lib/python3.10/site-packages/tensorflow/core/framework/types_pb2.py:125\n  /opt/anaconda3/envs/testagent-experiment/lib/python3.10/site-packages/tensorflow/core/framework/types_pb2.py:125: DeprecationWarning: Call to deprecated create function EnumValueDescriptor(). Note: Create unlinked descriptors is going to go away. Please use get/find descriptors from generated code or query the descriptor_pool.\n    _descriptor.EnumValueDescriptor(\n\n../../../../../../../../opt/anaconda3/envs/testagent-experiment/lib/python3.10/site-packages/tensorflow/core/framework/types_pb2.py:129\n  /opt/anaconda3/envs/testagent-experiment/lib/python3.10/site-packages/tensorflow/core/framework/types_pb2.py:129: DeprecationWarning: Call to deprecated create function EnumValueDescriptor(). Note: Create unlinked descriptors is going to go away. Please use get/find descriptors from generated code or query the descriptor_pool.\n    _descriptor.EnumValueDescriptor(\n\n../../../../../../../../opt/anaconda3/envs/testagent-experiment/lib/python3.10/site-packages/tensorflow/core/framework/types_pb2.py:133\n  /opt/anaconda3/envs/testagent-experiment/lib/python3.10/site-packages/tensorflow/core/framework/types_pb2.py:133: DeprecationWarning: Call to deprecated create function EnumValueDescriptor(). Note: Create unlinked descriptors is going to go away. Please use get/find descriptors from generated code or query the descriptor_pool.\n    _descriptor.EnumValueDescriptor(\n\n../../../../../../../../opt/anaconda3/envs/testagent-experiment/lib/python3.10/site-packages/tensorflow/core/framework/types_pb2.py:137\n  /opt/anaconda3/envs/testagent-experiment/lib/python3.10/site-packages/tensorflow/core/framework/types_pb2.py:137: DeprecationWarning: Call to deprecated create function EnumValueDescriptor(). Note: Create unlinked descriptors is going to go away. Please use get/find descriptors from generated code or query the descriptor_pool.\n    _descriptor.EnumValueDescriptor(\n\n../../../../../../../../opt/anaconda3/envs/testagent-experiment/lib/python3.10/site-packages/tensorflow/core/framework/types_pb2.py:141\n  /opt/anaconda3/envs/testagent-experiment/lib/python3.10/site-packages/tensorflow/core/framework/types_pb2.py:141: DeprecationWarning: Call to deprecated create function EnumValueDescriptor(). Note: Create unlinked descriptors is going to go away. Please use get/find descriptors from generated code or query the descriptor_pool.\n    _descriptor.EnumValueDescriptor(\n\n../../../../../../../../opt/anaconda3/envs/testagent-experiment/lib/python3.10/site-packages/tensorflow/core/framework/types_pb2.py:145\n  /opt/anaconda3/envs/testagent-experiment/lib/python3.10/site-packages/tensorflow/core/framework/types_pb2.py:145: DeprecationWarning: Call to deprecated create function EnumValueDescriptor(). Note: Create unlinked descriptors is going to go away. Please use get/find descriptors from generated code or query the descriptor_pool.\n    _descriptor.EnumValueDescriptor(\n\n../../../../../../../../opt/anaconda3/envs/testagent-experiment/lib/python3.10/site-packages/tensorflow/core/framework/types_pb2.py:149\n  /opt/anaconda3/envs/testagent-experiment/lib/python3.10/site-packages/tensorflow/core/framework/types_pb2.py:149: DeprecationWarning: Call to deprecated create function EnumValueDescriptor(). Note: Create unlinked descriptors is going to go away. Please use get/find descriptors from generated code or query the descriptor_pool.\n    _descriptor.EnumValueDescriptor(\n\n../../../../../../../../opt/anaconda3/envs/testagent-experiment/lib/python3.10/site-packages/tensorflow/core/framework/types_pb2.py:153\n  /opt/anaconda3/envs/testagent-experiment/lib/python3.10/site-packages/tensorflow/core/framework/types_pb2.py:153: DeprecationWarning: Call to deprecated create function EnumValueDescriptor(). Note: Create unlinked descriptors is going to go away. Please use get/find descriptors from generated code or query the descriptor_pool.\n    _descriptor.EnumValueDescriptor(\n\n../../../../../../../../opt/anaconda3/envs/testagent-experiment/lib/python3.10/site-packages/tensorflow/core/framework/types_pb2.py:157\n  /opt/anaconda3/envs/testagent-experiment/lib/python3.10/site-packages/tensorflow/core/framework/types_pb2.py:157: DeprecationWarning: Call to deprecated create function EnumValueDescriptor(). Note: Create unlinked descriptors is going to go away. Please use get/find descriptors from generated code or query the descriptor_pool.\n    _descriptor.EnumValueDescriptor(\n\n../../../../../../../../opt/anaconda3/envs/testagent-experiment/lib/python3.10/site-packages/tensorflow/core/framework/types_pb2.py:161\n  /opt/anaconda3/envs/testagent-experiment/lib/python3.10/site-packages/tensorflow/core/framework/types_pb2.py:161: DeprecationWarning: Call to deprecated create function EnumValueDescriptor(). Note: Create unlinked descriptors is going to go away. Please use get/find descriptors from generated code or query the descriptor_pool.\n    _descriptor.EnumValueDescriptor(\n\n../../../../../../../../opt/anaconda3/envs/testagent-experiment/lib/python3.10/site-packages/tensorflow/core/framework/types_pb2.py:165\n  /opt/anaconda3/envs/testagent-experiment/lib/python3.10/site-packages/tensorflow/core/framework/types_pb2.py:165: DeprecationWarning: Call to deprecated create function EnumValueDescriptor(). Note: Create unlinked descriptors is going to go away. Please use get/find descriptors from generated code or query the descriptor_pool.\n    _descriptor.EnumValueDescriptor(\n\n../../../../../../../../opt/anaconda3/envs/testagent-experiment/lib/python3.10/site-packages/tensorflow/core/framework/types_pb2.py:169\n  /opt/anaconda3/envs/testagent-experiment/lib/python3.10/site-packages/tensorflow/core/framework/types_pb2.py:169: DeprecationWarning: Call to deprecated create function EnumValueDescriptor(). Note: Create unlinked descriptors is going to go away. Please use get/find descriptors from generated code or query the descriptor_pool.\n    _descriptor.EnumValueDescriptor(\n\n../../../../../../../../opt/anaconda3/envs/testagent-experiment/lib/python3.10/site-packages/tensorflow/core/framework/types_pb2.py:173\n  /opt/anaconda3/envs/testagent-experiment/lib/python3.10/site-packages/tensorflow/core/framework/types_pb2.py:173: DeprecationWarning: Call to deprecated create function EnumValueDescriptor(). Note: Create unlinked descriptors is going to go away. Please use get/find descriptors from generated code or query the descriptor_pool.\n    _descriptor.EnumValueDescriptor(\n\n../../../../../../../../opt/anaconda3/envs/testagent-experiment/lib/python3.10/site-packages/tensorflow/core/framework/types_pb2.py:177\n  /opt/anaconda3/envs/testagent-experiment/lib/python3.10/site-packages/tensorflow/core/framework/types_pb2.py:177: DeprecationWarning: Call to deprecated create function EnumValueDescriptor(). Note: Create unlinked descriptors is going to go away. Please use get/find descriptors from generated code or query the descriptor_pool.\n    _descriptor.EnumValueDescriptor(\n\n../../../../../../../../opt/anaconda3/envs/testagent-experiment/lib/python3.10/site-packages/tensorflow/core/framework/types_pb2.py:181\n  /opt/anaconda3/envs/testagent-experiment/lib/python3.10/site-packages/tensorflow/core/framework/types_pb2.py:181: DeprecationWarning: Call to deprecated create function EnumValueDescriptor(). Note: Create unlinked descriptors is going to go away. Please use get/find descriptors from generated code or query the descriptor_pool.\n    _descriptor.EnumValueDescriptor(\n\n../../../../../../../../opt/anaconda3/envs/testagent-experiment/lib/python3.10/site-packages/tensorflow/core/framework/types_pb2.py:185\n  /opt/anaconda3/envs/testagent-experiment/lib/python3.10/site-packages/tensorflow/core/framework/types_pb2.py:185: DeprecationWarning: Call to deprecated create function EnumValueDescriptor(). Note: Create unlinked descriptors is going to go away. Please use get/find descriptors from generated code or query the descriptor_pool.\n    _descriptor.EnumValueDescriptor(\n\n../../../../../../../../opt/anaconda3/envs/testagent-experiment/lib/python3.10/site-packages/tensorflow/core/framework/types_pb2.py:189\n  /opt/anaconda3/envs/testagent-experiment/lib/python3.10/site-packages/tensorflow/core/framework/types_pb2.py:189: DeprecationWarning: Call to deprecated create function EnumValueDescriptor(). Note: Create unlinked descriptors is going to go away. Please use get/find descriptors from generated code or query the descriptor_pool.\n    _descriptor.EnumValueDescriptor(\n\n../../../../../../../../opt/anaconda3/envs/testagent-experiment/lib/python3.10/site-packages/tensorflow/core/framework/types_pb2.py:193\n  /opt/anaconda3/envs/testagent-experiment/lib/python3.10/site-packages/tensorflow/core/framework/types_pb2.py:193: DeprecationWarning: Call to deprecated create function EnumValueDescriptor(). Note: Create unlinked descriptors is going to go away. Please use get/find descriptors from generated code or query the descriptor_pool.\n    _descriptor.EnumValueDescriptor(\n\n../../../../../../../../opt/anaconda3/envs/testagent-experiment/lib/python3.10/site-packages/tensorflow/core/framework/types_pb2.py:197\n  /opt/anaconda3/envs/testagent-experiment/lib/python3.10/site-packages/tensorflow/core/framework/types_pb2.py:197: DeprecationWarning: Call to deprecated create function EnumValueDescriptor(). Note: Create unlinked descriptors is going to go away. Please use get/find descriptors from generated code or query the descriptor_pool.\n    _descriptor.EnumValueDescriptor(\n\n../../../../../../../../opt/anaconda3/envs/testagent-experiment/lib/python3.10/site-packages/tensorflow/core/framework/types_pb2.py:201\n  /opt/anaconda3/envs/testagent-experiment/lib/python3.10/site-packages/tensorflow/core/framework/types_pb2.py:201: DeprecationWarning: Call to deprecated create function EnumValueDescriptor(). Note: Create unlinked descriptors is going to go away. Please use get/find descriptors from generated code or query the descriptor_pool.\n    _descriptor.EnumValueDescriptor(\n\n../../../../../../../../opt/anaconda3/envs/testagent-experiment/lib/python3.10/site-packages/tensorflow/core/framework/types_pb2.py:205\n  /opt/anaconda3/envs/testagent-experiment/lib/python3.10/site-packages/tensorflow/core/framework/types_pb2.py:205: DeprecationWarning: Call to deprecated create function EnumValueDescriptor(). Note: Create unlinked descriptors is going to go away. Please use get/find descriptors from generated code or query the descriptor_pool.\n    _descriptor.EnumValueDescriptor(\n\n../../../../../../../../opt/anaconda3/envs/testagent-experiment/lib/python3.10/site-packages/tensorflow/core/framework/types_pb2.py:209\n  /opt/anaconda3/envs/testagent-experiment/lib/python3.10/site-packages/tensorflow/core/framework/types_pb2.py:209: DeprecationWarning: Call to deprecated create function EnumValueDescriptor(). Note: Create unlinked descriptors is going to go away. Please use get/find descriptors from generated code or query the descriptor_pool.\n    _descriptor.EnumValueDescriptor(\n\n../../../../../../../../opt/anaconda3/envs/testagent-experiment/lib/python3.10/site-packages/tensorflow/core/framework/types_pb2.py:213\n  /opt/anaconda3/envs/testagent-experiment/lib/python3.10/site-packages/tensorflow/core/framework/types_pb2.py:213: DeprecationWarning: Call to deprecated create function EnumValueDescriptor(). Note: Create unlinked descriptors is going to go away. Please use get/find descriptors from generated code or query the descriptor_pool.\n    _descriptor.EnumValueDescriptor(\n\n../../../../../../../../opt/anaconda3/envs/testagent-experiment/lib/python3.10/site-packages/tensorflow/core/framework/types_pb2.py:217\n  /opt/anaconda3/envs/testagent-experiment/lib/python3.10/site-packages/tensorflow/core/framework/types_pb2.py:217: DeprecationWarning: Call to deprecated create function EnumValueDescriptor(). Note: Create unlinked descriptors is going to go away. Please use get/find descriptors from generated code or query the descriptor_pool.\n    _descriptor.EnumValueDescriptor(\n\n../../../../../../../../opt/anaconda3/envs/testagent-experiment/lib/python3.10/site-packages/tensorflow/core/framework/types_pb2.py:27\n  /opt/anaconda3/envs/testagent-experiment/lib/python3.10/site-packages/tensorflow/core/framework/types_pb2.py:27: DeprecationWarning: Call to deprecated create function EnumDescriptor(). Note: Create unlinked descriptors is going to go away. Please use get/find descriptors from generated code or query the descriptor_pool.\n    _DATATYPE = _descriptor.EnumDescriptor(\n\n../../../../../../../../opt/anaconda3/envs/testagent-experiment/lib/python3.10/site-packages/tensorflow/core/framework/resource_handle_pb2.py:20\n  /opt/anaconda3/envs/testagent-experiment/lib/python3.10/site-packages/tensorflow/core/framework/resource_handle_pb2.py:20: DeprecationWarning: Call to deprecated create function FileDescriptor(). Note: Create unlinked descriptors is going to go away. Please use get/find descriptors from generated code or query the descriptor_pool.\n    DESCRIPTOR = _descriptor.FileDescriptor(\n\n../../../../../../../../opt/anaconda3/envs/testagent-experiment/lib/python3.10/site-packages/tensorflow/core/framework/resource_handle_pb2.py:39\n  /opt/anaconda3/envs/testagent-experiment/lib/python3.10/site-packages/tensorflow/core/framework/resource_handle_pb2.py:39: DeprecationWarning: Call to deprecated create function FieldDescriptor(). Note: Create unlinked descriptors is going to go away. Please use get/find descriptors from generated code or query the descriptor_pool.\n    _descriptor.FieldDescriptor(\n\n../../../../../../../../opt/anaconda3/envs/testagent-experiment/lib/python3.10/site-packages/tensorflow/core/framework/resource_handle_pb2.py:46\n  /opt/anaconda3/envs/testagent-experiment/lib/python3.10/site-packages/tensorflow/core/framework/resource_handle_pb2.py:46: DeprecationWarning: Call to deprecated create function FieldDescriptor(). Note: Create unlinked descriptors is going to go away. Please use get/find descriptors from generated code or query the descriptor_pool.\n    _descriptor.FieldDescriptor(\n\n../../../../../../../../opt/anaconda3/envs/testagent-experiment/lib/python3.10/site-packages/tensorflow/core/framework/resource_handle_pb2.py:32\n  /opt/anaconda3/envs/testagent-experiment/lib/python3.10/site-packages/tensorflow/core/framework/resource_handle_pb2.py:32: DeprecationWarning: Call to deprecated create function Descriptor(). Note: Create unlinked descriptors is going to go away. Please use get/find descriptors from generated code or query the descriptor_pool.\n    _RESOURCEHANDLEPROTO_DTYPEANDSHAPE = _descriptor.Descriptor(\n\n../../../../../../../../opt/anaconda3/envs/testagent-experiment/lib/python3.10/site-packages/tensorflow/core/framework/resource_handle_pb2.py:76\n  /opt/anaconda3/envs/testagent-experiment/lib/python3.10/site-packages/tensorflow/core/framework/resource_handle_pb2.py:76: DeprecationWarning: Call to deprecated create function FieldDescriptor(). Note: Create unlinked descriptors is going to go away. Please use get/find descriptors from generated code or query the descriptor_pool.\n    _descriptor.FieldDescriptor(\n\n../../../../../../../../opt/anaconda3/envs/testagent-experiment/lib/python3.10/site-packages/tensorflow/core/framework/resource_handle_pb2.py:83\n  /opt/anaconda3/envs/testagent-experiment/lib/python3.10/site-packages/tensorflow/core/framework/resource_handle_pb2.py:83: DeprecationWarning: Call to deprecated create function FieldDescriptor(). Note: Create unlinked descriptors is going to go away. Please use get/find descriptors from generated code or query the descriptor_pool.\n    _descriptor.FieldDescriptor(\n\n../../../../../../../../opt/anaconda3/envs/testagent-experiment/lib/python3.10/site-packages/tensorflow/core/framework/resource_handle_pb2.py:90\n  /opt/anaconda3/envs/testagent-experiment/lib/python3.10/site-packages/tensorflow/core/framework/resource_handle_pb2.py:90: DeprecationWarning: Call to deprecated create function FieldDescriptor(). Note: Create unlinked descriptors is going to go away. Please use get/find descriptors from generated code or query the descriptor_pool.\n    _descriptor.FieldDescriptor(\n\n../../../../../../../../opt/anaconda3/envs/testagent-experiment/lib/python3.10/site-packages/tensorflow/core/framework/resource_handle_pb2.py:97\n  /opt/anaconda3/envs/testagent-experiment/lib/python3.10/site-packages/tensorflow/core/framework/resource_handle_pb2.py:97: DeprecationWarning: Call to deprecated create function FieldDescriptor(). Note: Create unlinked descriptors is going to go away. Please use get/find descriptors from generated code or query the descriptor_pool.\n    _descriptor.FieldDescriptor(\n\n../../../../../../../../opt/anaconda3/envs/testagent-experiment/lib/python3.10/site-packages/tensorflow/core/framework/resource_handle_pb2.py:104\n  /opt/anaconda3/envs/testagent-experiment/lib/python3.10/site-packages/tensorflow/core/framework/resource_handle_pb2.py:104: DeprecationWarning: Call to deprecated create function FieldDescriptor(). Note: Create unlinked descriptors is going to go away. Please use get/find descriptors from generated code or query the descriptor_pool.\n    _descriptor.FieldDescriptor(\n\n../../../../../../../../opt/anaconda3/envs/testagent-experiment/lib/python3.10/site-packages/tensorflow/core/framework/resource_handle_pb2.py:111\n  /opt/anaconda3/envs/testagent-experiment/lib/python3.10/site-packages/tensorflow/core/framework/resource_handle_pb2.py:111: DeprecationWarning: Call to deprecated create function FieldDescriptor(). Note: Create unlinked descriptors is going to go away. Please use get/find descriptors from generated code or query the descriptor_pool.\n    _descriptor.FieldDescriptor(\n\n../../../../../../../../opt/anaconda3/envs/testagent-experiment/lib/python3.10/site-packages/tensorflow/core/framework/resource_handle_pb2.py:69\n  /opt/anaconda3/envs/testagent-experiment/lib/python3.10/site-packages/tensorflow/core/framework/resource_handle_pb2.py:69: DeprecationWarning: Call to deprecated create function Descriptor(). Note: Create unlinked descriptors is going to go away. Please use get/find descriptors from generated code or query the descriptor_pool.\n    _RESOURCEHANDLEPROTO = _descriptor.Descriptor(\n\n../../../../../../../../opt/anaconda3/envs/testagent-experiment/lib/python3.10/site-packages/tensorflow/core/framework/tensor_pb2.py:21\n  /opt/anaconda3/envs/testagent-experiment/lib/python3.10/site-packages/tensorflow/core/framework/tensor_pb2.py:21: DeprecationWarning: Call to deprecated create function FileDescriptor(). Note: Create unlinked descriptors is going to go away. Please use get/find descriptors from generated code or query the descriptor_pool.\n    DESCRIPTOR = _descriptor.FileDescriptor(\n\n../../../../../../../../opt/anaconda3/envs/testagent-experiment/lib/python3.10/site-packages/tensorflow/core/framework/tensor_pb2.py:40\n  /opt/anaconda3/envs/testagent-experiment/lib/python3.10/site-packages/tensorflow/core/framework/tensor_pb2.py:40: DeprecationWarning: Call to deprecated create function FieldDescriptor(). Note: Create unlinked descriptors is going to go away. Please use get/find descriptors from generated code or query the descriptor_pool.\n    _descriptor.FieldDescriptor(\n\n../../../../../../../../opt/anaconda3/envs/testagent-experiment/lib/python3.10/site-packages/tensorflow/core/framework/tensor_pb2.py:47\n  /opt/anaconda3/envs/testagent-experiment/lib/python3.10/site-packages/tensorflow/core/framework/tensor_pb2.py:47: DeprecationWarning: Call to deprecated create function FieldDescriptor(). Note: Create unlinked descriptors is going to go away. Please use get/find descriptors from generated code or query the descriptor_pool.\n    _descriptor.FieldDescriptor(\n\n../../../../../../../../opt/anaconda3/envs/testagent-experiment/lib/python3.10/site-packages/tensorflow/core/framework/tensor_pb2.py:54\n  /opt/anaconda3/envs/testagent-experiment/lib/python3.10/site-packages/tensorflow/core/framework/tensor_pb2.py:54: DeprecationWarning: Call to deprecated create function FieldDescriptor(). Note: Create unlinked descriptors is going to go away. Please use get/find descriptors from generated code or query the descriptor_pool.\n    _descriptor.FieldDescriptor(\n\n../../../../../../../../opt/anaconda3/envs/testagent-experiment/lib/python3.10/site-packages/tensorflow/core/framework/tensor_pb2.py:61\n  /opt/anaconda3/envs/testagent-experiment/lib/python3.10/site-packages/tensorflow/core/framework/tensor_pb2.py:61: DeprecationWarning: Call to deprecated create function FieldDescriptor(). Note: Create unlinked descriptors is going to go away. Please use get/find descriptors from generated code or query the descriptor_pool.\n    _descriptor.FieldDescriptor(\n\n../../../../../../../../opt/anaconda3/envs/testagent-experiment/lib/python3.10/site-packages/tensorflow/core/framework/tensor_pb2.py:68\n  /opt/anaconda3/envs/testagent-experiment/lib/python3.10/site-packages/tensorflow/core/framework/tensor_pb2.py:68: DeprecationWarning: Call to deprecated create function FieldDescriptor(). Note: Create unlinked descriptors is going to go away. Please use get/find descriptors from generated code or query the descriptor_pool.\n    _descriptor.FieldDescriptor(\n\n../../../../../../../../opt/anaconda3/envs/testagent-experiment/lib/python3.10/site-packages/tensorflow/core/framework/tensor_pb2.py:75\n  /opt/anaconda3/envs/testagent-experiment/lib/python3.10/site-packages/tensorflow/core/framework/tensor_pb2.py:75: DeprecationWarning: Call to deprecated create function FieldDescriptor(). Note: Create unlinked descriptors is going to go away. Please use get/find descriptors from generated code or query the descriptor_pool.\n    _descriptor.FieldDescriptor(\n\n../../../../../../../../opt/anaconda3/envs/testagent-experiment/lib/python3.10/site-packages/tensorflow/core/framework/tensor_pb2.py:82\n  /opt/anaconda3/envs/testagent-experiment/lib/python3.10/site-packages/tensorflow/core/framework/tensor_pb2.py:82: DeprecationWarning: Call to deprecated create function FieldDescriptor(). Note: Create unlinked descriptors is going to go away. Please use get/find descriptors from generated code or query the descriptor_pool.\n    _descriptor.FieldDescriptor(\n\n../../../../../../../../opt/anaconda3/envs/testagent-experiment/lib/python3.10/site-packages/tensorflow/core/framework/tensor_pb2.py:89\n  /opt/anaconda3/envs/testagent-experiment/lib/python3.10/site-packages/tensorflow/core/framework/tensor_pb2.py:89: DeprecationWarning: Call to deprecated create function FieldDescriptor(). Note: Create unlinked descriptors is going to go away. Please use get/find descriptors from generated code or query the descriptor_pool.\n    _descriptor.FieldDescriptor(\n\n../../../../../../../../opt/anaconda3/envs/testagent-experiment/lib/python3.10/site-packages/tensorflow/core/framework/tensor_pb2.py:96\n  /opt/anaconda3/envs/testagent-experiment/lib/python3.10/site-packages/tensorflow/core/framework/tensor_pb2.py:96: DeprecationWarning: Call to deprecated create function FieldDescriptor(). Note: Create unlinked descriptors is going to go away. Please use get/find descriptors from generated code or query the descriptor_pool.\n    _descriptor.FieldDescriptor(\n\n../../../../../../../../opt/anaconda3/envs/testagent-experiment/lib/python3.10/site-packages/tensorflow/core/framework/tensor_pb2.py:103\n  /opt/anaconda3/envs/testagent-experiment/lib/python3.10/site-packages/tensorflow/core/framework/tensor_pb2.py:103: DeprecationWarning: Call to deprecated create function FieldDescriptor(). Note: Create unlinked descriptors is going to go away. Please use get/find descriptors from generated code or query the descriptor_pool.\n    _descriptor.FieldDescriptor(\n\n../../../../../../../../opt/anaconda3/envs/testagent-experiment/lib/python3.10/site-packages/tensorflow/core/framework/tensor_pb2.py:110\n  /opt/anaconda3/envs/testagent-experiment/lib/python3.10/site-packages/tensorflow/core/framework/tensor_pb2.py:110: DeprecationWarning: Call to deprecated create function FieldDescriptor(). Note: Create unlinked descriptors is going to go away. Please use get/find descriptors from generated code or query the descriptor_pool.\n    _descriptor.FieldDescriptor(\n\n../../../../../../../../opt/anaconda3/envs/testagent-experiment/lib/python3.10/site-packages/tensorflow/core/framework/tensor_pb2.py:117\n  /opt/anaconda3/envs/testagent-experiment/lib/python3.10/site-packages/tensorflow/core/framework/tensor_pb2.py:117: DeprecationWarning: Call to deprecated create function FieldDescriptor(). Note: Create unlinked descriptors is going to go away. Please use get/find descriptors from generated code or query the descriptor_pool.\n    _descriptor.FieldDescriptor(\n\n../../../../../../../../opt/anaconda3/envs/testagent-experiment/lib/python3.10/site-packages/tensorflow/core/framework/tensor_pb2.py:124\n  /opt/anaconda3/envs/testagent-experiment/lib/python3.10/site-packages/tensorflow/core/framework/tensor_pb2.py:124: DeprecationWarning: Call to deprecated create function FieldDescriptor(). Note: Create unlinked descriptors is going to go away. Please use get/find descriptors from generated code or query the descriptor_pool.\n    _descriptor.FieldDescriptor(\n\n../../../../../../../../opt/anaconda3/envs/testagent-experiment/lib/python3.10/site-packages/tensorflow/core/framework/tensor_pb2.py:131\n  /opt/anaconda3/envs/testagent-experiment/lib/python3.10/site-packages/tensorflow/core/framework/tensor_pb2.py:131: DeprecationWarning: Call to deprecated create function FieldDescriptor(). Note: Create unlinked descriptors is going to go away. Please use get/find descriptors from generated code or query the descriptor_pool.\n    _descriptor.FieldDescriptor(\n\n../../../../../../../../opt/anaconda3/envs/testagent-experiment/lib/python3.10/site-packages/tensorflow/core/framework/tensor_pb2.py:138\n  /opt/anaconda3/envs/testagent-experiment/lib/python3.10/site-packages/tensorflow/core/framework/tensor_pb2.py:138: DeprecationWarning: Call to deprecated create function FieldDescriptor(). Note: Create unlinked descriptors is going to go away. Please use get/find descriptors from generated code or query the descriptor_pool.\n    _descriptor.FieldDescriptor(\n\n../../../../../../../../opt/anaconda3/envs/testagent-experiment/lib/python3.10/site-packages/tensorflow/core/framework/tensor_pb2.py:145\n  /opt/anaconda3/envs/testagent-experiment/lib/python3.10/site-packages/tensorflow/core/framework/tensor_pb2.py:145: DeprecationWarning: Call to deprecated create function FieldDescriptor(). Note: Create unlinked descriptors is going to go away. Please use get/find descriptors from generated code or query the descriptor_pool.\n    _descriptor.FieldDescriptor(\n\n../../../../../../../../opt/anaconda3/envs/testagent-experiment/lib/python3.10/site-packages/tensorflow/core/framework/tensor_pb2.py:152\n  /opt/anaconda3/envs/testagent-experiment/lib/python3.10/site-packages/tensorflow/core/framework/tensor_pb2.py:152: DeprecationWarning: Call to deprecated create function FieldDescriptor(). Note: Create unlinked descriptors is going to go away. Please use get/find descriptors from generated code or query the descriptor_pool.\n    _descriptor.FieldDescriptor(\n\n../../../../../../../../opt/anaconda3/envs/testagent-experiment/lib/python3.10/site-packages/tensorflow/core/framework/tensor_pb2.py:33\n  /opt/anaconda3/envs/testagent-experiment/lib/python3.10/site-packages/tensorflow/core/framework/tensor_pb2.py:33: DeprecationWarning: Call to deprecated create function Descriptor(). Note: Create unlinked descriptors is going to go away. Please use get/find descriptors from generated code or query the descriptor_pool.\n    _TENSORPROTO = _descriptor.Descriptor(\n\n../../../../../../../../opt/anaconda3/envs/testagent-experiment/lib/python3.10/site-packages/tensorflow/core/framework/tensor_pb2.py:183\n  /opt/anaconda3/envs/testagent-experiment/lib/python3.10/site-packages/tensorflow/core/framework/tensor_pb2.py:183: DeprecationWarning: Call to deprecated create function FieldDescriptor(). Note: Create unlinked descriptors is going to go away. Please use get/find descriptors from generated code or query the descriptor_pool.\n    _descriptor.FieldDescriptor(\n\n../../../../../../../../opt/anaconda3/envs/testagent-experiment/lib/python3.10/site-packages/tensorflow/core/framework/tensor_pb2.py:190\n  /opt/anaconda3/envs/testagent-experiment/lib/python3.10/site-packages/tensorflow/core/framework/tensor_pb2.py:190: DeprecationWarning: Call to deprecated create function FieldDescriptor(). Note: Create unlinked descriptors is going to go away. Please use get/find descriptors from generated code or query the descriptor_pool.\n    _descriptor.FieldDescriptor(\n\n../../../../../../../../opt/anaconda3/envs/testagent-experiment/lib/python3.10/site-packages/tensorflow/core/framework/tensor_pb2.py:197\n  /opt/anaconda3/envs/testagent-experiment/lib/python3.10/site-packages/tensorflow/core/framework/tensor_pb2.py:197: DeprecationWarning: Call to deprecated create function FieldDescriptor(). Note: Create unlinked descriptors is going to go away. Please use get/find descriptors from generated code or query the descriptor_pool.\n    _descriptor.FieldDescriptor(\n\n../../../../../../../../opt/anaconda3/envs/testagent-experiment/lib/python3.10/site-packages/tensorflow/core/framework/tensor_pb2.py:176\n  /opt/anaconda3/envs/testagent-experiment/lib/python3.10/site-packages/tensorflow/core/framework/tensor_pb2.py:176: DeprecationWarning: Call to deprecated create function Descriptor(). Note: Create unlinked descriptors is going to go away. Please use get/find descriptors from generated code or query the descriptor_pool.\n    _VARIANTTENSORDATAPROTO = _descriptor.Descriptor(\n\n../../../../../../../../opt/anaconda3/envs/testagent-experiment/lib/python3.10/site-packages/tensorflow/core/framework/attr_value_pb2.py:21\n  /opt/anaconda3/envs/testagent-experiment/lib/python3.10/site-packages/tensorflow/core/framework/attr_value_pb2.py:21: DeprecationWarning: Call to deprecated create function FileDescriptor(). Note: Create unlinked descriptors is going to go away. Please use get/find descriptors from generated code or query the descriptor_pool.\n    DESCRIPTOR = _descriptor.FileDescriptor(\n\n../../../../../../../../opt/anaconda3/envs/testagent-experiment/lib/python3.10/site-packages/tensorflow/core/framework/attr_value_pb2.py:40\n  /opt/anaconda3/envs/testagent-experiment/lib/python3.10/site-packages/tensorflow/core/framework/attr_value_pb2.py:40: DeprecationWarning: Call to deprecated create function FieldDescriptor(). Note: Create unlinked descriptors is going to go away. Please use get/find descriptors from generated code or query the descriptor_pool.\n    _descriptor.FieldDescriptor(\n\n../../../../../../../../opt/anaconda3/envs/testagent-experiment/lib/python3.10/site-packages/tensorflow/core/framework/attr_value_pb2.py:47\n  /opt/anaconda3/envs/testagent-experiment/lib/python3.10/site-packages/tensorflow/core/framework/attr_value_pb2.py:47: DeprecationWarning: Call to deprecated create function FieldDescriptor(). Note: Create unlinked descriptors is going to go away. Please use get/find descriptors from generated code or query the descriptor_pool.\n    _descriptor.FieldDescriptor(\n\n../../../../../../../../opt/anaconda3/envs/testagent-experiment/lib/python3.10/site-packages/tensorflow/core/framework/attr_value_pb2.py:54\n  /opt/anaconda3/envs/testagent-experiment/lib/python3.10/site-packages/tensorflow/core/framework/attr_value_pb2.py:54: DeprecationWarning: Call to deprecated create function FieldDescriptor(). Note: Create unlinked descriptors is going to go away. Please use get/find descriptors from generated code or query the descriptor_pool.\n    _descriptor.FieldDescriptor(\n\n../../../../../../../../opt/anaconda3/envs/testagent-experiment/lib/python3.10/site-packages/tensorflow/core/framework/attr_value_pb2.py:61\n  /opt/anaconda3/envs/testagent-experiment/lib/python3.10/site-packages/tensorflow/core/framework/attr_value_pb2.py:61: DeprecationWarning: Call to deprecated create function FieldDescriptor(). Note: Create unlinked descriptors is going to go away. Please use get/find descriptors from generated code or query the descriptor_pool.\n    _descriptor.FieldDescriptor(\n\n../../../../../../../../opt/anaconda3/envs/testagent-experiment/lib/python3.10/site-packages/tensorflow/core/framework/attr_value_pb2.py:68\n  /opt/anaconda3/envs/testagent-experiment/lib/python3.10/site-packages/tensorflow/core/framework/attr_value_pb2.py:68: DeprecationWarning: Call to deprecated create function FieldDescriptor(). Note: Create unlinked descriptors is going to go away. Please use get/find descriptors from generated code or query the descriptor_pool.\n    _descriptor.FieldDescriptor(\n\n../../../../../../../../opt/anaconda3/envs/testagent-experiment/lib/python3.10/site-packages/tensorflow/core/framework/attr_value_pb2.py:75\n  /opt/anaconda3/envs/testagent-experiment/lib/python3.10/site-packages/tensorflow/core/framework/attr_value_pb2.py:75: DeprecationWarning: Call to deprecated create function FieldDescriptor(). Note: Create unlinked descriptors is going to go away. Please use get/find descriptors from generated code or query the descriptor_pool.\n    _descriptor.FieldDescriptor(\n\n../../../../../../../../opt/anaconda3/envs/testagent-experiment/lib/python3.10/site-packages/tensorflow/core/framework/attr_value_pb2.py:82\n  /opt/anaconda3/envs/testagent-experiment/lib/python3.10/site-packages/tensorflow/core/framework/attr_value_pb2.py:82: DeprecationWarning: Call to deprecated create function FieldDescriptor(). Note: Create unlinked descriptors is going to go away. Please use get/find descriptors from generated code or query the descriptor_pool.\n    _descriptor.FieldDescriptor(\n\n../../../../../../../../opt/anaconda3/envs/testagent-experiment/lib/python3.10/site-packages/tensorflow/core/framework/attr_value_pb2.py:89\n  /opt/anaconda3/envs/testagent-experiment/lib/python3.10/site-packages/tensorflow/core/framework/attr_value_pb2.py:89: DeprecationWarning: Call to deprecated create function FieldDescriptor(). Note: Create unlinked descriptors is going to go away. Please use get/find descriptors from generated code or query the descriptor_pool.\n    _descriptor.FieldDescriptor(\n\n../../../../../../../../opt/anaconda3/envs/testagent-experiment/lib/python3.10/site-packages/tensorflow/core/framework/attr_value_pb2.py:33\n  /opt/anaconda3/envs/testagent-experiment/lib/python3.10/site-packages/tensorflow/core/framework/attr_value_pb2.py:33: DeprecationWarning: Call to deprecated create function Descriptor(). Note: Create unlinked descriptors is going to go away. Please use get/find descriptors from generated code or query the descriptor_pool.\n    _ATTRVALUE_LISTVALUE = _descriptor.Descriptor(\n\n../../../../../../../../opt/anaconda3/envs/testagent-experiment/lib/python3.10/site-packages/tensorflow/python/framework/dtypes.py:205\n  /opt/anaconda3/envs/testagent-experiment/lib/python3.10/site-packages/tensorflow/python/framework/dtypes.py:205: DeprecationWarning: `np.bool8` is a deprecated alias for `np.bool_`.  (Deprecated NumPy 1.24)\n    np.bool8: (False, True),\n\n../../../../../../../../opt/anaconda3/envs/testagent-experiment/lib/python3.10/site-packages/flatbuffers/compat.py:19\n  /opt/anaconda3/envs/testagent-experiment/lib/python3.10/site-packages/flatbuffers/compat.py:19: DeprecationWarning: the imp module is deprecated in favour of importlib and slated for removal in Python 3.12; see the module's documentation for alternative uses\n    import imp\n\n../../../../../../../../opt/anaconda3/envs/testagent-experiment/lib/python3.10/site-packages/tensorboard/compat/tensorflow_stub/dtypes.py:326\n  /opt/anaconda3/envs/testagent-experiment/lib/python3.10/site-packages/tensorboard/compat/tensorflow_stub/dtypes.py:326: DeprecationWarning: `np.bool8` is a deprecated alias for `np.bool_`.  (Deprecated NumPy 1.24)\n    np.bool8: (False, True),\n\n-- Docs: https://docs.pytest.org/en/stable/how-to/capture-warnings.html\n================================ tests coverage ================================\n______________ coverage: platform darwin, python 3.10.19-final-0 _______________\n\nName                                                 Stmts   Miss Branch BrPart  Cover   Missing\n------------------------------------------------------------------------------------------------\ntests/test_tensorflow_python_ops_signal_fft_ops.py     139     16     32      9    82%   25-32, 42, 61, 260-265, 284->288, 297->308, 308->312, 314, 320\n------------------------------------------------------------------------------------------------\nTOTAL                                                  139     16     32      9    82%\nCoverage XML written to file coverage.xml\n=========================== short test summary info ============================\nFAILED tests/test_tensorflow_python_ops_signal_fft_ops.py::test_edge_case_handling[dtype1-shape1-None]\n1 failed, 11 passed, 103 warnings in 1.63s\n\nError: exit 1",
    "exit_code.txt": "1",
    "analysis_plan.json": "{\n  \"status\": \"未完全通过\",\n  \"passed\": 11,\n  \"failed\": 1,\n  \"errors\": 0,\n  \"collection_errors\": false,\n  \"block_limit\": 3,\n  \"failures\": [\n    {\n      \"test\": \"tests/test_tensorflow_python_ops_signal_fft_ops.py::test_edge_case_handling[dtype1-shape1-None]\",\n      \"block_id\": \"CASE_05\",\n      \"error_type\": \"InvalidArgumentError\",\n      \"action\": \"rewrite_block\",\n      \"note\": \"标量张量（shape=()）调用fftshift时，TensorFlow内部Roll操作期望axis参数为int32/int64，但传入空数组导致类型错误\"\n    }\n  ],\n  \"deferred\": [],\n  \"stop_recommended\": false,\n  \"stop_reason\": \"\"\n}",
    "analysis.md": "# 测试结果分析\n\n## 状态与统计\n- **状态**: 未完全通过\n- **通过**: 11个测试\n- **失败**: 1个测试\n- **错误**: 0个\n- **集合错误**: 无\n\n## 待修复BLOCK列表（1个）\n\n### 1. CASE_05 - 边界情况处理\n- **测试**: `test_edge_case_handling[dtype1-shape1-None]`\n- **错误类型**: InvalidArgumentError\n- **修复动作**: rewrite_block\n- **问题描述**: 标量张量（shape=()）调用fftshift时，TensorFlow内部Roll操作期望axis参数为int32/int64类型，但传入空数组导致类型错误。需要特殊处理标量情况。\n\n## 停止建议\n- **stop_recommended**: false\n- **stop_reason**: 无",
    "final_report.md": "# tensorflow.python.ops.signal.fft_ops 测试报告\n\n## 1. 执行摘要\n测试基本通过，但发现标量张量边界情况处理存在缺陷，需要修复；核心FFT功能（复数/实数变换、频谱移位）与NumPy等效性验证成功。\n\n**关键发现**：标量张量（零维）调用fftshift时触发InvalidArgumentError，TensorFlow内部Roll操作对axis参数类型检查不兼容标量情况。\n\n## 2. 测试范围\n- **目标FQN**: tensorflow.python.ops.signal.fft_ops\n- **测试环境**: pytest + TensorFlow + NumPy（作为参考实现）\n- **覆盖场景**:\n  - fftshift/ifftshift与NumPy等效性验证\n  - fft/ifft正向和逆向变换互逆性\n  - rfft/irfft实数变换正确性\n  - 不同轴参数（None/int/tuple）处理\n  - 边界情况处理（部分失败）\n\n- **未覆盖项**:\n  - 梯度计算正确性（Hermitian对称性处理）\n  - 大尺寸张量内存使用和性能\n  - 不同设备类型（CPU/GPU/TPU）兼容性\n  - 不同数据类型全面兼容性测试\n\n## 3. 结果概览\n- **用例总数**: 12个测试\n- **通过**: 11个（91.7%）\n- **失败**: 1个（8.3%）\n- **错误**: 0个\n- **主要失败点**: CASE_05边界情况处理中的标量张量测试\n\n## 4. 详细发现\n\n### 高优先级问题（1个）\n1. **标量张量fftshift处理缺陷**\n   - **严重级别**: 高（功能缺陷）\n   - **根因**: TensorFlow内部`manip_ops.roll`操作期望axis参数为int32/int64类型，但标量张量（shape=()）传入空数组导致类型错误\n   - **影响**: 标量输入无法正常调用fftshift函数\n   - **建议修复**:\n     - 在fftshift函数中添加标量张量特殊处理逻辑\n     - 对标量情况直接返回输入张量（无需移位）\n     - 或修改内部实现以兼容标量输入\n\n### 已验证功能（11个测试）\n- fftshift/ifftshift与NumPy结果一致（相对误差<1e-12）\n- fft/ifft变换互逆性验证成功\n- rfft/irfft实数变换正确性验证\n- 不同轴参数组合处理正确\n- 正常形状张量（1D/2D/3D）功能正常\n\n## 5. 覆盖与风险\n\n### 需求覆盖情况\n- ✅ fft/ifft正向和逆向变换互逆性验证\n- ✅ rfft/irfft实数变换正确性验证  \n- ✅ fftshift/ifftshift与NumPy等效性验证\n- ✅ 不同轴参数处理正确性\n- ⚠️ 边界情况处理（部分失败）\n\n### 尚未覆盖的边界/缺失信息\n1. **梯度计算**: Hermitian对称性处理细节未验证\n2. **性能约束**: 缺少内存使用和计算性能基准\n3. **设备兼容性**: CPU/GPU/TPU差异未测试\n4. **数据类型**: 仅测试部分数据类型组合\n5. **极端数值**: inf/nan/极大极小值处理未验证\n\n### 已知风险\n- 部分函数通过gen_spectral_ops实现，源码可见性有限\n- 实数FFT返回分量数目的数学依据未详细验证\n- 未明确支持的设备类型限制\n\n## 6. 后续动作\n\n### 优先级排序的TODO\n\n#### P0（立即修复）\n1. **修复标量张量fftshift处理**\n   - 修改测试用例：添加标量张量特殊处理逻辑\n   - 或提交TensorFlow issue：修复底层Roll操作兼容性\n   - 预计工作量：1-2小时\n\n#### P1（下一迭代）\n2. **补充梯度计算测试**\n   - 添加fft/ifft梯度验证用例\n   - 特别关注Hermitian对称性处理\n   - 验证梯度计算误差<1e-4\n\n3. **扩展数据类型覆盖**\n   - 添加float32/float64/complex64/complex128全面测试\n   - 验证数据类型转换正确性\n\n#### P2（后续优化）\n4. **边界情况完善**\n   - 添加空张量、零长度张量测试\n   - 极端数值（inf/nan）处理验证\n   - 大尺寸张量内存边界测试\n\n5. **性能基准建立**\n   - 添加简单性能测试用例\n   - 建立内存使用基线\n\n6. **设备兼容性验证**\n   - 如有条件，验证GPU/TPU环境兼容性\n   - 测试不同设备间结果一致性\n\n### 环境调整建议\n- 保持当前测试环境（pytest + TensorFlow + NumPy）\n- 考虑添加性能测试依赖（如memory_profiler）\n- 如有GPU环境，可扩展设备兼容性测试\n\n---\n\n**报告生成时间**: 基于当前测试执行结果  \n**测试状态**: 基本可用，需修复标量边界问题  \n**建议**: 优先修复P0问题，确保核心功能完整性"
  },
  "stage_history": [
    {
      "stage": "understand_function",
      "status": "completed",
      "timestamp": "2026-01-25T12:27:24.688385",
      "attempts": 1,
      "error": null
    },
    {
      "stage": "generate_requirements",
      "status": "completed",
      "timestamp": "2026-01-25T12:28:09.584356",
      "attempts": 1,
      "error": null
    },
    {
      "stage": "design_test_plan",
      "status": "completed",
      "timestamp": "2026-01-25T12:29:54.226157",
      "attempts": 1,
      "error": null
    },
    {
      "stage": "generate_code",
      "status": "completed",
      "timestamp": "2026-01-25T12:40:43.405617",
      "attempts": 1,
      "error": null
    },
    {
      "stage": "execute_tests",
      "status": "completed",
      "timestamp": "2026-01-25T12:40:47.054359",
      "attempts": 1,
      "error": null
    },
    {
      "stage": "analyze_results",
      "status": "completed",
      "timestamp": "2026-01-25T12:42:00.208524",
      "attempts": 1,
      "error": null
    },
    {
      "stage": "generate_code",
      "status": "completed",
      "timestamp": "2026-01-25T12:44:46.305449",
      "attempts": 2,
      "error": null
    },
    {
      "stage": "execute_tests",
      "status": "completed",
      "timestamp": "2026-01-25T12:44:49.241583",
      "attempts": 2,
      "error": null
    },
    {
      "stage": "analyze_results",
      "status": "completed",
      "timestamp": "2026-01-25T12:46:10.796824",
      "attempts": 2,
      "error": null
    },
    {
      "stage": "generate_code",
      "status": "completed",
      "timestamp": "2026-01-25T12:47:55.836819",
      "attempts": 3,
      "error": null
    },
    {
      "stage": "execute_tests",
      "status": "completed",
      "timestamp": "2026-01-25T12:47:58.129332",
      "attempts": 3,
      "error": null
    },
    {
      "stage": "analyze_results",
      "status": "completed",
      "timestamp": "2026-01-25T12:49:06.051028",
      "attempts": 3,
      "error": null
    },
    {
      "stage": "generate_code",
      "status": "completed",
      "timestamp": "2026-01-25T12:51:23.423613",
      "attempts": 4,
      "error": null
    },
    {
      "stage": "execute_tests",
      "status": "completed",
      "timestamp": "2026-01-25T12:51:25.652783",
      "attempts": 4,
      "error": null
    },
    {
      "stage": "analyze_results",
      "status": "completed",
      "timestamp": "2026-01-25T12:52:45.755153",
      "attempts": 4,
      "error": null
    },
    {
      "stage": "generate_code",
      "status": "completed",
      "timestamp": "2026-01-25T12:55:07.872410",
      "attempts": 5,
      "error": null
    },
    {
      "stage": "execute_tests",
      "status": "completed",
      "timestamp": "2026-01-25T12:55:09.999299",
      "attempts": 5,
      "error": null
    },
    {
      "stage": "analyze_results",
      "status": "completed",
      "timestamp": "2026-01-25T12:56:42.798280",
      "attempts": 5,
      "error": null
    },
    {
      "stage": "generate_report",
      "status": "completed",
      "timestamp": "2026-01-25T12:57:40.550011",
      "attempts": 1,
      "error": null
    }
  ],
  "user_feedback": []
}