=== Run Tests ===
..............ssss..F                                                    [100%]
================================== FAILURES ===================================
__________________________ test_constant_error_cases __________________________

    def test_constant_error_cases():
        """Test error cases for constant creation."""
        # Test with invalid shape parameter (negative dimension)
        with pytest.raises((ValueError, TypeError)) as exc_info:
            constant_op.constant([1, 2, 3], shape=[-1, 2])
        # Actual error message is "Dimension -1 must be >= 0"
        error_msg = str(exc_info.value).lower()
        assert any(keyword in error_msg for keyword in ['dimension', 'must', '>=', '0', 'negative'])
    
        # Test with incompatible shape and value (shape requires more elements than value provides)
        with pytest.raises((ValueError, TypeError)) as exc_info:
            constant_op.constant([1, 2, 3], shape=[2, 2])  # Needs 4 elements, only 3 provided
    
        # Test with invalid dtype
        with pytest.raises(TypeError) as exc_info:
            constant_op.constant([1, 2, 3], dtype="invalid_dtype")
    
        # Test with shape that has wrong number of dimensions
        with pytest.raises((ValueError, TypeError)) as exc_info:
>           constant_op.constant([[1, 2], [3, 4]], shape=[4])  # 2D value, 1D shape
E           Failed: DID NOT RAISE (<class 'ValueError'>, <class 'TypeError'>)

tests\test_tensorflow_python_framework_constant_op.py:455: Failed

---------- coverage: platform win32, python 3.9.25-final-0 -----------
Name                                                    Stmts   Miss Branch BrPart  Cover   Missing
---------------------------------------------------------------------------------------------------
tests\test_tensorflow_python_framework_constant_op.py     134     12     24      6    89%   41->57, 62, 68, 76, 183-185, 239->exit, 368, 375, 382, 389, 458-459
---------------------------------------------------------------------------------------------------
TOTAL                                                     134     12     24      6    89%
Coverage XML written to file coverage.xml

=========================== short test summary info ===========================
FAILED tests\test_tensorflow_python_framework_constant_op.py::test_constant_error_cases
1 failed, 16 passed, 4 skipped in 1.65s

Error: exit 1