{
  "workflow_id": "85670902",
  "created_at": "2026-01-24T12:52:54.304725",
  "op": "tensorflow_python_ops_gen_encode_proto_ops",
  "arch": "python",
  "soc": "python",
  "vendor": "python",
  "project_root": "/Users/zzf1sh/Documents/Project/TestAgent-CLI-main/exam/tensorflow/python.ops.gen_encode_proto_ops",
  "target": "tensorflow.python.ops.gen_encode_proto_ops",
  "target_slug": "tensorflow_python_ops_gen_encode_proto_ops",
  "current_stage": "complete",
  "stage_index": 6,
  "mode": "full-auto",
  "epoch_total": 5,
  "epoch_current": 5,
  "last_failure_signature": "",
  "last_error_signature": "",
  "last_block_errors": {},
  "auto_stop_reason": "",
  "artifacts": {
    "function_doc.md": "# tensorflow.python.ops.gen_encode_proto_ops - 函数说明\n\n## 1. 基本信息\n- **FQN**: tensorflow.python.ops.gen_encode_proto_ops\n- **模块文件**: `/opt/anaconda3/envs/testagent-experiment/lib/python3.10/site-packages/tensorflow/python/ops/gen_encode_proto_ops.py`\n- **签名**: encode_proto(sizes, values, field_names, message_type, descriptor_source=\"local://\", name=None)\n- **对象类型**: 模块（包含核心函数 `encode_proto`）\n\n## 2. 功能概述\n- 将输入张量序列化为 protobuf 消息\n- 返回包含序列化 protobuf 的字符串张量\n- 支持批量处理，所有值张量需有共同的 batch_shape 前缀\n\n## 3. 参数说明\n- **sizes** (Tensor[int32]): 形状为 `[batch_shape, len(field_names)]`，指定每个字段的重复计数\n- **values** (list[Tensor]): 包含对应字段值的张量列表，类型必须与字段模式匹配\n- **field_names** (list[str]): 包含 proto 字段名的字符串列表\n- **message_type** (str): 要解码的 proto 消息类型名称\n- **descriptor_source** (str, 默认 \"local://\"): 协议描述符源\n- **name** (str, 可选): 操作名称\n\n## 4. 返回值\n- **类型**: Tensor[string]\n- **结构**: 包含序列化 protobuf 消息的字符串张量\n- **形状**: 与 batch_shape 匹配\n\n## 5. 文档要点\n- 所有 values 张量必须有共同的 batch_shape 前缀\n- sizes 张量指定每个字段的重复计数\n- values 中每个张量的最后一个维度必须 ≥ 对应 sizes 中的重复计数\n- descriptor_source 可以是：空字符串、\"local://\"、文件路径或 \"bytes://<bytes>\"\n- 子消息/组字段只能转换为 DT_STRING（序列化子消息）\n- TensorFlow 不支持无符号整数，uint64 用 DT_INT64 表示\n\n## 6. 源码摘要\n- 关键路径：检查 field_names 是否为列表/元组\n- 依赖：_op_def_library._apply_op_helper 应用操作\n- 执行：_execute.execute 执行 C++ 操作\n- 支持 eager 模式和 graph 模式\n- 使用 _dispatch 进行类型分发\n\n## 7. 示例与用法（如有）\n- 无直接示例，但 docstring 详细描述了使用场景\n- 需要提供匹配的 sizes、values、field_names 和 message_type\n- descriptor_source 默认为 \"local://\" 使用链接的 C++ proto 定义\n\n## 8. 风险与空白\n- 模块包含多个实体：encode_proto 函数和 EncodeProto 原始操作\n- 缺少具体 proto 消息定义示例\n- 未提供 proto 字段类型到 TensorFlow dtype 的完整映射表\n- 需要测试边界情况：空 batch_shape、无效字段名、不匹配的重复计数\n- 需要验证 descriptor_source 不同格式的处理\n- 缺少错误处理的具体异常类型信息",
    "requirements.md": "# tensorflow.python.ops.gen_encode_proto_ops 测试需求\n\n## 1. 目标与范围\n- 主要功能：将输入张量序列化为 protobuf 消息，返回包含序列化 protobuf 的字符串张量\n- 期望行为：支持批量处理，正确处理字段重复计数，验证 proto 消息类型和字段名\n- 不在范围内：proto 消息定义验证、protobuf 反序列化、非标准 proto 特性支持\n\n## 2. 输入与约束\n- **参数列表**：\n  - sizes: Tensor[int32]，形状 [batch_shape, len(field_names)]\n  - values: list[Tensor]，类型必须与字段模式匹配\n  - field_names: list[str]，proto 字段名列表\n  - message_type: str，proto 消息类型名称\n  - descriptor_source: str，默认 \"local://\"\n  - name: str，可选操作名称\n\n- **有效取值范围**：\n  - 所有 values 张量必须有共同的 batch_shape 前缀\n  - sizes 张量指定每个字段的重复计数\n  - values 中每个张量的最后一个维度必须 ≥ 对应 sizes 中的重复计数\n  - descriptor_source 格式：空字符串、\"local://\"、文件路径、\"bytes://<bytes>\"\n\n- **必需组合**：\n  - sizes 形状必须为 [batch_shape, len(field_names)]\n  - values 列表长度必须等于 len(field_names)\n  - 无随机性或全局状态要求\n\n## 3. 输出与判定\n- **期望返回**：Tensor[string]，形状与 batch_shape 匹配\n- **关键字段**：包含序列化 protobuf 消息的字符串张量\n- **容差要求**：字符串内容必须完全匹配预期序列化结果\n- **副作用检查**：无外部状态变化，仅返回序列化结果\n\n## 4. 错误与异常场景\n- **非法输入**：\n  - field_names 非列表/元组类型\n  - sizes 与 values 形状不匹配\n  - values 类型与 proto 字段类型不兼容\n  - 无效的 message_type 或 descriptor_source\n\n- **边界值**：\n  - 空 batch_shape（标量处理）\n  - sizes 值为 0（空字段）\n  - 空 field_names 列表\n  - 极端形状/数值导致溢出\n\n- **维度异常**：\n  - values 张量最后一个维度 < sizes 对应重复计数\n  - values 张量缺少共同的 batch_shape 前缀\n\n## 5. 依赖与环境\n- **外部依赖**：\n  - protobuf 消息定义（通过 descriptor_source 指定）\n  - TensorFlow C++ proto 定义（当 descriptor_source=\"local://\"）\n\n- **需要 mock 的部分**：\n  - `tensorflow.python.ops.gen_encode_proto_ops._op_def_library._apply_op_helper`\n  - `tensorflow.python.ops.gen_encode_proto_ops._execute.execute`\n  - `tensorflow.python.ops.gen_encode_proto_ops._dispatch` 类型分发\n  - 文件系统访问（当 descriptor_source 为文件路径时）\n\n## 6. 覆盖与优先级\n- **必测路径（高优先级）**：\n  1. 基本功能：正确序列化简单 proto 消息\n  2. 批量处理：验证 batch_shape 前缀一致性\n  3. 重复计数：sizes 参数控制字段重复\n  4. 类型匹配：values 类型与 proto 字段类型兼容性\n  5. descriptor_source 格式：四种格式的正确处理\n\n- **可选路径（中/低优先级）**：\n  - 空值和边界情况处理\n  - 子消息字段序列化为 DT_STRING\n  - uint64 使用 DT_INT64 表示\n  - 不同 TensorFlow 运行模式（eager/graph）\n  - 性能测试：大规模批量处理\n\n- **已知风险/缺失信息**：\n  - 缺少具体 proto 消息定义示例\n  - 未提供完整 proto 字段类型到 TensorFlow dtype 映射表\n  - 错误处理的具体异常类型信息不完整\n  - 子消息/组字段处理细节有限",
    "test_plan.json": "{\n  \"plan_version\": 2,\n  \"target\": \"tensorflow.python.ops.gen_encode_proto_ops\",\n  \"block_rules\": {\n    \"header_block\": \"HEADER\",\n    \"footer_block\": \"FOOTER\",\n    \"case_prefix\": \"CASE_\",\n    \"case_format\": \"CASE_01\"\n  },\n  \"iteration_strategy\": {\n    \"round1\": {\n      \"include\": \"SMOKE_SET\",\n      \"assert_level\": \"weak\",\n      \"max_blocks\": 5\n    },\n    \"roundN\": {\n      \"only_fix_failed_blocks\": true,\n      \"block_limit\": 3,\n      \"promote_deferred\": true\n    },\n    \"final\": {\n      \"enable_strong_asserts\": true,\n      \"coverage_optional\": true\n    }\n  },\n  \"test_files\": {\n    \"default\": \"tests/test_tensorflow_python_ops_gen_encode_proto_ops.py\",\n    \"all_pattern\": \"tests/test_tensorflow_python_ops_gen_encode_proto_ops.py\"\n  },\n  \"cases\": [\n    {\n      \"tc_id\": \"TC-01\",\n      \"block_id\": \"CASE_01\",\n      \"name\": \"基本proto消息序列化\",\n      \"priority\": \"High\",\n      \"param_matrix\": [\n        {\n          \"batch_shape\": [2],\n          \"field_names\": [\"int_field\", \"float_field\"],\n          \"message_type\": \"SimpleMessage\",\n          \"descriptor_source\": \"local://\",\n          \"sizes_shape\": [2, 2],\n          \"values_types\": [\"int32\", \"float32\"]\n        }\n      ],\n      \"asserts\": {\n        \"weak\": [\"output_shape\", \"output_dtype\", \"non_empty_string\", \"basic_serialization\"],\n        \"strong\": [\"exact_protobuf_match\", \"bytewise_equality\", \"cross_validation\"]\n      },\n      \"oracle\": \"protobuf_manual_serialization\",\n      \"assertion_level\": \"weak\",\n      \"size\": \"S\",\n      \"max_lines\": 80,\n      \"max_params\": 6,\n      \"is_parametrized\": true,\n      \"requires_mock\": true,\n      \"mock_targets\": [\n        \"tensorflow.python.ops.gen_encode_proto_ops._op_def_library._apply_op_helper\",\n        \"tensorflow.python.ops.gen_encode_proto_ops._execute.execute\"\n      ]\n    },\n    {\n      \"tc_id\": \"TC-02\",\n      \"block_id\": \"CASE_02\",\n      \"name\": \"批量处理验证\",\n      \"priority\": \"High\",\n      \"param_matrix\": [\n        {\n          \"batch_shape\": [3, 4],\n          \"field_names\": [\"id\", \"score\"],\n          \"message_type\": \"BatchMessage\",\n          \"descriptor_source\": \"local://\",\n          \"sizes_shape\": [3, 4, 2],\n          \"values_types\": [\"int64\", \"float64\"]\n        }\n      ],\n      \"asserts\": {\n        \"weak\": [\"batch_shape_match\", \"output_consistency\", \"no_nan_inf\"],\n        \"strong\": [\"batch_independence\", \"deterministic_output\", \"performance_baseline\"]\n      },\n      \"oracle\": \"batch_protobuf_validation\",\n      \"assertion_level\": \"weak\",\n      \"size\": \"M\",\n      \"max_lines\": 100,\n      \"max_params\": 8,\n      \"is_parametrized\": true,\n      \"requires_mock\": true,\n      \"mock_targets\": [\n        \"tensorflow.python.ops.gen_encode_proto_ops._op_def_library._apply_op_helper\",\n        \"tensorflow.python.ops.gen_encode_proto_ops._execute.execute\",\n        \"tensorflow.python.ops.gen_encode_proto_ops._dispatch\"\n      ]\n    },\n    {\n      \"tc_id\": \"TC-03\",\n      \"block_id\": \"CASE_03\",\n      \"name\": \"重复计数控制\",\n      \"priority\": \"High\",\n      \"param_matrix\": [\n        {\n          \"batch_shape\": [2],\n          \"field_names\": [\"repeated_int\", \"single_float\"],\n          \"message_type\": \"RepeatedMessage\",\n          \"descriptor_source\": \"local://\",\n          \"sizes_shape\": [2, 2],\n          \"values_types\": [\"int32\", \"float32\"],\n          \"repetition_counts\": [3, 1]\n        }\n      ],\n      \"asserts\": {\n        \"weak\": [\"sizes_shape_correct\", \"values_dimension_sufficient\", \"basic_repetition\"],\n        \"strong\": [\"exact_repetition_count\", \"data_integrity\", \"edge_repetition\"]\n      },\n      \"oracle\": \"repetition_validation\",\n      \"assertion_level\": \"weak\",\n      \"size\": \"S\",\n      \"max_lines\": 85,\n      \"max_params\": 7,\n      \"is_parametrized\": true,\n      \"requires_mock\": true,\n      \"mock_targets\": [\n        \"tensorflow.python.ops.gen_encode_proto_ops._op_def_library._apply_op_helper\",\n        \"tensorflow.python.ops.gen_encode_proto_ops._execute.execute\"\n      ]\n    },\n    {\n      \"tc_id\": \"TC-04\",\n      \"block_id\": \"CASE_04\",\n      \"name\": \"descriptor_source格式验证\",\n      \"priority\": \"High\",\n      \"param_matrix\": [\n        {\n          \"batch_shape\": [1],\n          \"field_names\": [\"test_field\"],\n          \"message_type\": \"TestMessage\",\n          \"descriptor_source\": \"local://\",\n          \"sizes_shape\": [1, 1],\n          \"values_types\": [\"int32\"]\n        }\n      ],\n      \"asserts\": {\n        \"weak\": [\"source_format_handled\", \"no_crash\", \"basic_functionality\"],\n        \"strong\": [\"format_specific_behavior\", \"error_handling\", \"resource_cleanup\"]\n      },\n      \"oracle\": \"descriptor_source_validation\",\n      \"assertion_level\": \"weak\",\n      \"size\": \"M\",\n      \"max_lines\": 95,\n      \"max_params\": 8,\n      \"is_parametrized\": true,\n      \"requires_mock\": true,\n      \"mock_targets\": [\n        \"tensorflow.python.ops.gen_encode_proto_ops._op_def_library._apply_op_helper\",\n        \"tensorflow.python.ops.gen_encode_proto_ops._execute.execute\",\n        \"tensorflow.python.ops.gen_encode_proto_ops._dispatch\",\n        \"builtins.open\"\n      ]\n    },\n    {\n      \"tc_id\": \"TC-05\",\n      \"block_id\": \"CASE_05\",\n      \"name\": \"类型兼容性检查\",\n      \"priority\": \"High\",\n      \"param_matrix\": [\n        {\n          \"batch_shape\": [2],\n          \"field_names\": [\"int32_field\", \"float64_field\", \"string_field\"],\n          \"message_type\": \"TypeMessage\",\n          \"descriptor_source\": \"local://\",\n          \"sizes_shape\": [2, 3],\n          \"values_types\": [\"int32\", \"float64\", \"string\"]\n        }\n      ],\n      \"asserts\": {\n        \"weak\": [\"type_compatibility\", \"no_type_error\", \"basic_serialization\"],\n        \"strong\": [\"type_precision\", \"string_encoding\", \"type_boundary\"]\n      },\n      \"oracle\": \"type_compatibility_validation\",\n      \"assertion_level\": \"weak\",\n      \"size\": \"S\",\n      \"max_lines\": 80,\n      \"max_params\": 7,\n      \"is_parametrized\": true,\n      \"requires_mock\": true,\n      \"mock_targets\": [\n        \"tensorflow.python.ops.gen_encode_proto_ops._op_def_library._apply_op_helper\",\n        \"tensorflow.python.ops.gen_encode_proto_ops._execute.execute\"\n      ]\n    }\n  ],\n  \"param_extensions\": [\n    {\n      \"base_block_id\": \"CASE_01\",\n      \"priority\": \"Medium\",\n      \"params\": {\n        \"batch_shape\": [1],\n        \"field_names\": [\"single_field\"],\n        \"message_type\": \"MinimalMessage\",\n        \"descriptor_source\": \"\",\n        \"sizes_shape\": [1, 1],\n        \"values_types\": [\"int32\"]\n      },\n      \"note\": \"最小化参数集，空descriptor_source\"\n    },\n    {\n      \"base_block_id\": \"CASE_02\",\n      \"priority\": \"Medium\",\n      \"params\": {\n        \"batch_shape\": [5],\n        \"field_names\": [\"batch_id\", \"value\"],\n        \"message_type\": \"LinearBatchMessage\",\n        \"descriptor_source\": \"local://\",\n        \"sizes_shape\": [5, 2],\n        \"values_types\": [\"int32\", \"float32\"]\n      },\n      \"note\": \"一维批量处理，简化形状\"\n    },\n    {\n      \"base_block_id\": \"CASE_03\",\n      \"priority\": \"Medium\",\n      \"params\": {\n        \"batch_shape\": [1],\n        \"field_names\": [\"zero_repeated\", \"max_repeated\"],\n        \"message_type\": \"EdgeRepetitionMessage\",\n        \"descriptor_source\": \"local://\",\n        \"sizes_shape\": [1, 2],\n        \"values_types\": [\"int32\", \"int32\"],\n        \"repetition_counts\": [0, 10]\n      },\n      \"note\": \"边界重复计数：0和较大值\"\n    },\n    {\n      \"base_block_id\": \"CASE_04\",\n      \"priority\": \"Medium\",\n      \"params\": {\n        \"batch_shape\": [1],\n        \"field_names\": [\"file_field\"],\n        \"message_type\": \"FileMessage\",\n        \"descriptor_source\": \"/tmp/test.proto\",\n        \"sizes_shape\": [1, 1],\n        \"values_types\": [\"int32\"]\n      },\n      \"note\": \"文件路径descriptor_source，需要文件系统mock\"\n    },\n    {\n      \"base_block_id\": \"CASE_05\",\n      \"priority\": \"Medium\",\n      \"params\": {\n        \"batch_shape\": [2],\n        \"field_names\": [\"bool_field\", \"uint64_field\"],\n        \"message_type\": \"SpecialTypeMessage\",\n        \"descriptor_source\": \"local://\",\n        \"sizes_shape\": [2, 2],\n        \"values_types\": [\"bool\", \"int64\"]\n      },\n      \"note\": \"特殊类型：bool和uint64（用int64表示）\"\n    }\n  ],\n  \"smoke_set\": [\"CASE_01\", \"CASE_02\", \"CASE_03\"],\n  \"deferred_set\": [\"CASE_04\", \"CASE_05\"]\n}",
    "test_plan.md": "# tensorflow.python.ops.gen_encode_proto_ops 测试计划\n\n## 1. 测试策略\n- 单元测试框架：pytest\n- 隔离策略：mock/monkeypatch/fixtures\n- 随机性处理：固定随机种子/控制 RNG\n- 测试模式：函数级单元测试，聚焦encode_proto核心逻辑\n- 环境隔离：完全mock TensorFlow内部操作调用\n\n## 2. 生成规格摘要（来自 test_plan.json）\n- **SMOKE_SET**: CASE_01（基本proto消息序列化）、CASE_02（批量处理验证）、CASE_03（重复计数控制）\n- **DEFERRED_SET**: CASE_04（descriptor_source格式验证）、CASE_05（类型兼容性检查）\n- **测试文件路径**: tests/test_tensorflow_python_ops_gen_encode_proto_ops.py（单文件）\n- **断言分级策略**: 首轮仅使用weak断言，最终轮启用strong断言\n- **预算策略**: \n  - size: S(80行)/M(100行) \n  - max_params: 6-8个参数\n  - 所有用例均为参数化测试\n\n## 3. 数据与边界\n- **正常数据集**: 简单proto消息定义，常见数据类型组合\n- **随机生成策略**: 固定种子生成可重复测试数据\n- **边界值处理**:\n  - 空batch_shape（标量消息）\n  - sizes值为0（空字段）\n  - 最小/最大重复计数\n  - 单字段与多字段组合\n- **极端形状**:\n  - 一维批量[1]到多维批量[3,4]\n  - 字段数量边界（1个到多个）\n- **空输入**: 空field_names列表（需验证异常）\n- **负例与异常场景**:\n  - field_names非列表类型\n  - sizes与values形状不匹配\n  - values类型与proto字段类型不兼容\n  - 无效message_type\n  - 错误descriptor_source格式\n  - values维度不足（< sizes重复计数）\n\n## 4. 覆盖映射\n| TC ID | 需求/约束覆盖 | Mock目标 |\n|-------|---------------|----------|\n| TC-01 | 基本功能、形状匹配、类型验证 | _apply_op_helper, _execute.execute |\n| TC-02 | 批量处理、batch_shape一致性 | _apply_op_helper, _execute.execute, _dispatch |\n| TC-03 | 重复计数控制、维度验证 | _apply_op_helper, _execute.execute |\n| TC-04 | descriptor_source格式处理 | _apply_op_helper, _execute.execute, _dispatch, 文件系统 |\n| TC-05 | 类型兼容性、特殊类型处理 | _apply_op_helper, _execute.execute |\n\n## 5. 尚未覆盖的风险点\n- **proto消息定义依赖**: 需要具体proto定义才能验证序列化正确性\n- **C++ proto链接**: descriptor_source=\"local://\"时依赖TensorFlow C++ proto定义\n- **子消息字段处理**: 文档提到子消息只能序列化为DT_STRING，但缺少具体示例\n- **错误异常类型**: 具体异常类型信息不完整，需要运行时验证\n- **性能边界**: 大规模批量处理时的性能表现未覆盖\n- **运行模式差异**: eager模式与graph模式的行为差异\n\n## 6. 迭代策略\n- **首轮(Round1)**: 仅生成SMOKE_SET（3个核心用例），使用weak断言\n- **后续轮(RoundN)**: 修复失败用例，逐步启用DEFERRED_SET，每次最多3个block\n- **最终轮(Final)**: 启用strong断言，可选覆盖率检查，完善所有用例\n\n## 7. 注意事项\n1. 所有测试用例必须mock TensorFlow内部操作调用\n2. 需要提供模拟的proto消息定义用于验证\n3. 文件路径descriptor_source需要额外文件系统mock\n4. 保持测试数据简单可控，避免复杂proto结构\n5. 验证字符串输出而非二进制protobuf解析",
    "tests/test_tensorflow_python_ops_gen_encode_proto_ops.py": "\"\"\"\n测试 tensorflow.python.ops.gen_encode_proto_ops 模块\n\"\"\"\n\nimport math\nimport numpy as np\nimport pytest\nimport tensorflow as tf\nfrom unittest import mock\n\n# ==== BLOCK:HEADER START ====\n# ==== BLOCK:HEADER END ====\n\n# ==== BLOCK:CASE_01 START ====\n# ==== BLOCK:CASE_01 END ====\n\n# ==== BLOCK:CASE_02 START ====\n# ==== BLOCK:CASE_02 END ====\n\n# ==== BLOCK:CASE_03 START ====\n# ==== BLOCK:CASE_03 END ====\n\n# ==== BLOCK:CASE_04 START ====\n# ==== BLOCK:CASE_04 END ====\n\n# ==== BLOCK:CASE_05 START ====\n# ==== BLOCK:CASE_05 END ====\n\n# ==== BLOCK:FOOTER START ====\n# ==== BLOCK:FOOTER END ====",
    "execution_log.txt": "=== Run Tests ===\nFFFFFFFFF                                                                [100%]\n=================================== FAILURES ===================================\n_________________ test_basic_proto_serialization[test_params0] _________________\n\nthing = <module 'tensorflow' from '/opt/anaconda3/envs/testagent-experiment/lib/python3.10/site-packages/tensorflow/__init__.py'>\ncomp = 'python', import_path = 'tensorflow.python'\n\n    def _dot_lookup(thing, comp, import_path):\n        try:\n>           return getattr(thing, comp)\nE           AttributeError: module 'tensorflow' has no attribute 'python'\n\n/opt/anaconda3/envs/testagent-experiment/lib/python3.10/unittest/mock.py:1248: AttributeError\n\nDuring handling of the above exception, another exception occurred:\n\ntest_params = {'batch_shape': [2], 'descriptor_source': 'local://', 'field_names': ['int_field', 'float_field'], 'message_type': 'SimpleMessage', ...}\n\n    @pytest.mark.parametrize(\"test_params\", [\n        {\n            \"batch_shape\": [2],\n            \"field_names\": [\"int_field\", \"float_field\"],\n            \"message_type\": \"SimpleMessage\",\n            \"descriptor_source\": \"local://\",\n            \"sizes_shape\": [2, 2],\n            \"values_types\": [\"int32\", \"float32\"]\n        },\n        # 参数扩展：最小化参数集，空descriptor_source\n        {\n            \"batch_shape\": [1],\n            \"field_names\": [\"single_field\"],\n            \"message_type\": \"MinimalMessage\",\n            \"descriptor_source\": \"\",\n            \"sizes_shape\": [1, 1],\n            \"values_types\": [\"int32\"]\n        }\n    ])\n    def test_basic_proto_serialization(test_params):\n        \"\"\"测试基本proto消息序列化 (TC-01)\"\"\"\n    \n        # 解包参数\n        batch_shape = test_params[\"batch_shape\"]\n        field_names = test_params[\"field_names\"]\n        message_type = test_params[\"message_type\"]\n        descriptor_source = test_params[\"descriptor_source\"]\n        sizes_shape = test_params[\"sizes_shape\"]\n        values_types = test_params[\"values_types\"]\n    \n        # 创建sizes张量\n        sizes = create_mock_tensor(sizes_shape, tf.int32, value_range=(1, 5))\n    \n        # 创建values张量列表\n        values = []\n        for i, dtype_str in enumerate(values_types):\n            # 构建每个value张量的形状\n            # 最后一个维度需要足够大以容纳重复计数\n            value_shape = list(batch_shape)\n            max_repeat = tf.reduce_max(sizes[..., i]).numpy()\n            value_shape.append(max_repeat + 2)  # 确保足够大\n    \n            # 根据类型创建张量\n            if dtype_str == \"int32\":\n                values.append(create_mock_tensor(value_shape, tf.int32))\n            elif dtype_str == \"float32\":\n                values.append(create_mock_tensor(value_shape, tf.float32))\n            elif dtype_str == \"int64\":\n                values.append(create_mock_tensor(value_shape, tf.int64))\n            elif dtype_str == \"float64\":\n                values.append(create_mock_tensor(value_shape, tf.float64))\n            elif dtype_str == \"string\":\n                values.append(create_mock_tensor(value_shape, tf.string))\n            elif dtype_str == \"bool\":\n                values.append(create_mock_tensor(value_shape, tf.bool))\n            else:\n                raise ValueError(f\"不支持的类型: {dtype_str}\")\n    \n        # 使用mock避免实际protobuf验证\n        # 正确的mock路径是 tensorflow.python.eager.execute.execute\n>       with mock.patch('tensorflow.python.eager.execute.execute') as mock_execute:\n\ntests/test_tensorflow_python_ops_gen_encode_proto_ops.py:175: \n_ _ _ _ _ _ _ _ _ _ _ _ _ _ _ _ _ _ _ _ _ _ _ _ _ _ _ _ _ _ _ _ _ _ _ _ _ _ _ _ \n/opt/anaconda3/envs/testagent-experiment/lib/python3.10/unittest/mock.py:1431: in __enter__\n    self.target = self.getter()\n/opt/anaconda3/envs/testagent-experiment/lib/python3.10/unittest/mock.py:1618: in <lambda>\n    getter = lambda: _importer(target)\n/opt/anaconda3/envs/testagent-experiment/lib/python3.10/unittest/mock.py:1261: in _importer\n    thing = _dot_lookup(thing, comp, import_path)\n_ _ _ _ _ _ _ _ _ _ _ _ _ _ _ _ _ _ _ _ _ _ _ _ _ _ _ _ _ _ _ _ _ _ _ _ _ _ _ _ \n\nthing = <module 'tensorflow' from '/opt/anaconda3/envs/testagent-experiment/lib/python3.10/site-packages/tensorflow/__init__.py'>\ncomp = 'python', import_path = 'tensorflow.python'\n\n    def _dot_lookup(thing, comp, import_path):\n        try:\n            return getattr(thing, comp)\n        except AttributeError:\n            __import__(import_path)\n>           return getattr(thing, comp)\nE           AttributeError: module 'tensorflow' has no attribute 'python'\n\n/opt/anaconda3/envs/testagent-experiment/lib/python3.10/unittest/mock.py:1251: AttributeError\n_________________ test_basic_proto_serialization[test_params1] _________________\n\nthing = <module 'tensorflow' from '/opt/anaconda3/envs/testagent-experiment/lib/python3.10/site-packages/tensorflow/__init__.py'>\ncomp = 'python', import_path = 'tensorflow.python'\n\n    def _dot_lookup(thing, comp, import_path):\n        try:\n>           return getattr(thing, comp)\nE           AttributeError: module 'tensorflow' has no attribute 'python'\n\n/opt/anaconda3/envs/testagent-experiment/lib/python3.10/unittest/mock.py:1248: AttributeError\n\nDuring handling of the above exception, another exception occurred:\n\ntest_params = {'batch_shape': [1], 'descriptor_source': '', 'field_names': ['single_field'], 'message_type': 'MinimalMessage', ...}\n\n    @pytest.mark.parametrize(\"test_params\", [\n        {\n            \"batch_shape\": [2],\n            \"field_names\": [\"int_field\", \"float_field\"],\n            \"message_type\": \"SimpleMessage\",\n            \"descriptor_source\": \"local://\",\n            \"sizes_shape\": [2, 2],\n            \"values_types\": [\"int32\", \"float32\"]\n        },\n        # 参数扩展：最小化参数集，空descriptor_source\n        {\n            \"batch_shape\": [1],\n            \"field_names\": [\"single_field\"],\n            \"message_type\": \"MinimalMessage\",\n            \"descriptor_source\": \"\",\n            \"sizes_shape\": [1, 1],\n            \"values_types\": [\"int32\"]\n        }\n    ])\n    def test_basic_proto_serialization(test_params):\n        \"\"\"测试基本proto消息序列化 (TC-01)\"\"\"\n    \n        # 解包参数\n        batch_shape = test_params[\"batch_shape\"]\n        field_names = test_params[\"field_names\"]\n        message_type = test_params[\"message_type\"]\n        descriptor_source = test_params[\"descriptor_source\"]\n        sizes_shape = test_params[\"sizes_shape\"]\n        values_types = test_params[\"values_types\"]\n    \n        # 创建sizes张量\n        sizes = create_mock_tensor(sizes_shape, tf.int32, value_range=(1, 5))\n    \n        # 创建values张量列表\n        values = []\n        for i, dtype_str in enumerate(values_types):\n            # 构建每个value张量的形状\n            # 最后一个维度需要足够大以容纳重复计数\n            value_shape = list(batch_shape)\n            max_repeat = tf.reduce_max(sizes[..., i]).numpy()\n            value_shape.append(max_repeat + 2)  # 确保足够大\n    \n            # 根据类型创建张量\n            if dtype_str == \"int32\":\n                values.append(create_mock_tensor(value_shape, tf.int32))\n            elif dtype_str == \"float32\":\n                values.append(create_mock_tensor(value_shape, tf.float32))\n            elif dtype_str == \"int64\":\n                values.append(create_mock_tensor(value_shape, tf.int64))\n            elif dtype_str == \"float64\":\n                values.append(create_mock_tensor(value_shape, tf.float64))\n            elif dtype_str == \"string\":\n                values.append(create_mock_tensor(value_shape, tf.string))\n            elif dtype_str == \"bool\":\n                values.append(create_mock_tensor(value_shape, tf.bool))\n            else:\n                raise ValueError(f\"不支持的类型: {dtype_str}\")\n    \n        # 使用mock避免实际protobuf验证\n        # 正确的mock路径是 tensorflow.python.eager.execute.execute\n>       with mock.patch('tensorflow.python.eager.execute.execute') as mock_execute:\n\ntests/test_tensorflow_python_ops_gen_encode_proto_ops.py:175: \n_ _ _ _ _ _ _ _ _ _ _ _ _ _ _ _ _ _ _ _ _ _ _ _ _ _ _ _ _ _ _ _ _ _ _ _ _ _ _ _ \n/opt/anaconda3/envs/testagent-experiment/lib/python3.10/unittest/mock.py:1431: in __enter__\n    self.target = self.getter()\n/opt/anaconda3/envs/testagent-experiment/lib/python3.10/unittest/mock.py:1618: in <lambda>\n    getter = lambda: _importer(target)\n/opt/anaconda3/envs/testagent-experiment/lib/python3.10/unittest/mock.py:1261: in _importer\n    thing = _dot_lookup(thing, comp, import_path)\n_ _ _ _ _ _ _ _ _ _ _ _ _ _ _ _ _ _ _ _ _ _ _ _ _ _ _ _ _ _ _ _ _ _ _ _ _ _ _ _ \n\nthing = <module 'tensorflow' from '/opt/anaconda3/envs/testagent-experiment/lib/python3.10/site-packages/tensorflow/__init__.py'>\ncomp = 'python', import_path = 'tensorflow.python'\n\n    def _dot_lookup(thing, comp, import_path):\n        try:\n            return getattr(thing, comp)\n        except AttributeError:\n            __import__(import_path)\n>           return getattr(thing, comp)\nE           AttributeError: module 'tensorflow' has no attribute 'python'\n\n/opt/anaconda3/envs/testagent-experiment/lib/python3.10/unittest/mock.py:1251: AttributeError\n________________ test_batch_processing_validation[test_params0] ________________\n\nthing = <module 'tensorflow' from '/opt/anaconda3/envs/testagent-experiment/lib/python3.10/site-packages/tensorflow/__init__.py'>\ncomp = 'python', import_path = 'tensorflow.python'\n\n    def _dot_lookup(thing, comp, import_path):\n        try:\n>           return getattr(thing, comp)\nE           AttributeError: module 'tensorflow' has no attribute 'python'\n\n/opt/anaconda3/envs/testagent-experiment/lib/python3.10/unittest/mock.py:1248: AttributeError\n\nDuring handling of the above exception, another exception occurred:\n\ntest_params = {'batch_shape': [3, 4], 'descriptor_source': 'local://', 'field_names': ['id', 'score'], 'message_type': 'BatchMessage', ...}\n\n    @pytest.mark.parametrize(\"test_params\", [\n        {\n            \"batch_shape\": [3, 4],\n            \"field_names\": [\"id\", \"score\"],\n            \"message_type\": \"BatchMessage\",\n            \"descriptor_source\": \"local://\",\n            \"sizes_shape\": [3, 4, 2],\n            \"values_types\": [\"int64\", \"float64\"]\n        },\n        # 参数扩展：一维批量处理，简化形状\n        {\n            \"batch_shape\": [5],\n            \"field_names\": [\"batch_id\", \"value\"],\n            \"message_type\": \"LinearBatchMessage\",\n            \"descriptor_source\": \"local://\",\n            \"sizes_shape\": [5, 2],\n            \"values_types\": [\"int32\", \"float32\"]\n        }\n    ])\n    def test_batch_processing_validation(test_params):\n        \"\"\"测试批量处理验证 (TC-02)\"\"\"\n    \n        # 解包参数\n        batch_shape = test_params[\"batch_shape\"]\n        field_names = test_params[\"field_names\"]\n        message_type = test_params[\"message_type\"]\n        descriptor_source = test_params[\"descriptor_source\"]\n        sizes_shape = test_params[\"sizes_shape\"]\n        values_types = test_params[\"values_types\"]\n    \n        # 创建sizes张量\n        sizes = create_mock_tensor(sizes_shape, tf.int32, value_range=(1, 3))\n    \n        # 创建values张量列表\n        values = []\n        for i, dtype_str in enumerate(values_types):\n            # 构建每个value张量的形状\n            value_shape = list(batch_shape)\n            # 获取该字段的最大重复计数\n            if len(sizes_shape) == len(batch_shape) + 1:\n                # sizes形状为 [batch_shape, len(field_names)]\n                max_repeat = tf.reduce_max(sizes[..., i]).numpy()\n            else:\n                # 使用平均值作为估计\n                max_repeat = 3\n    \n            value_shape.append(max_repeat + 2)  # 确保足够大\n    \n            # 根据类型创建张量\n            if dtype_str == \"int32\":\n                values.append(create_mock_tensor(value_shape, tf.int32))\n            elif dtype_str == \"float32\":\n                values.append(create_mock_tensor(value_shape, tf.float32))\n            elif dtype_str == \"int64\":\n                values.append(create_mock_tensor(value_shape, tf.int64))\n            elif dtype_str == \"float64\":\n                values.append(create_mock_tensor(value_shape, tf.float64))\n            elif dtype_str == \"string\":\n                values.append(create_mock_tensor(value_shape, tf.string))\n            elif dtype_str == \"bool\":\n                values.append(create_mock_tensor(value_shape, tf.bool))\n            else:\n                raise ValueError(f\"不支持的类型: {dtype_str}\")\n    \n        # 使用mock避免实际protobuf验证\n        # 正确的mock路径是 tensorflow.python.eager.execute.execute\n>       with mock.patch('tensorflow.python.eager.execute.execute') as mock_execute:\n\ntests/test_tensorflow_python_ops_gen_encode_proto_ops.py:339: \n_ _ _ _ _ _ _ _ _ _ _ _ _ _ _ _ _ _ _ _ _ _ _ _ _ _ _ _ _ _ _ _ _ _ _ _ _ _ _ _ \n/opt/anaconda3/envs/testagent-experiment/lib/python3.10/unittest/mock.py:1431: in __enter__\n    self.target = self.getter()\n/opt/anaconda3/envs/testagent-experiment/lib/python3.10/unittest/mock.py:1618: in <lambda>\n    getter = lambda: _importer(target)\n/opt/anaconda3/envs/testagent-experiment/lib/python3.10/unittest/mock.py:1261: in _importer\n    thing = _dot_lookup(thing, comp, import_path)\n_ _ _ _ _ _ _ _ _ _ _ _ _ _ _ _ _ _ _ _ _ _ _ _ _ _ _ _ _ _ _ _ _ _ _ _ _ _ _ _ \n\nthing = <module 'tensorflow' from '/opt/anaconda3/envs/testagent-experiment/lib/python3.10/site-packages/tensorflow/__init__.py'>\ncomp = 'python', import_path = 'tensorflow.python'\n\n    def _dot_lookup(thing, comp, import_path):\n        try:\n            return getattr(thing, comp)\n        except AttributeError:\n            __import__(import_path)\n>           return getattr(thing, comp)\nE           AttributeError: module 'tensorflow' has no attribute 'python'\n\n/opt/anaconda3/envs/testagent-experiment/lib/python3.10/unittest/mock.py:1251: AttributeError\n________________ test_batch_processing_validation[test_params1] ________________\n\nthing = <module 'tensorflow' from '/opt/anaconda3/envs/testagent-experiment/lib/python3.10/site-packages/tensorflow/__init__.py'>\ncomp = 'python', import_path = 'tensorflow.python'\n\n    def _dot_lookup(thing, comp, import_path):\n        try:\n>           return getattr(thing, comp)\nE           AttributeError: module 'tensorflow' has no attribute 'python'\n\n/opt/anaconda3/envs/testagent-experiment/lib/python3.10/unittest/mock.py:1248: AttributeError\n\nDuring handling of the above exception, another exception occurred:\n\ntest_params = {'batch_shape': [5], 'descriptor_source': 'local://', 'field_names': ['batch_id', 'value'], 'message_type': 'LinearBatchMessage', ...}\n\n    @pytest.mark.parametrize(\"test_params\", [\n        {\n            \"batch_shape\": [3, 4],\n            \"field_names\": [\"id\", \"score\"],\n            \"message_type\": \"BatchMessage\",\n            \"descriptor_source\": \"local://\",\n            \"sizes_shape\": [3, 4, 2],\n            \"values_types\": [\"int64\", \"float64\"]\n        },\n        # 参数扩展：一维批量处理，简化形状\n        {\n            \"batch_shape\": [5],\n            \"field_names\": [\"batch_id\", \"value\"],\n            \"message_type\": \"LinearBatchMessage\",\n            \"descriptor_source\": \"local://\",\n            \"sizes_shape\": [5, 2],\n            \"values_types\": [\"int32\", \"float32\"]\n        }\n    ])\n    def test_batch_processing_validation(test_params):\n        \"\"\"测试批量处理验证 (TC-02)\"\"\"\n    \n        # 解包参数\n        batch_shape = test_params[\"batch_shape\"]\n        field_names = test_params[\"field_names\"]\n        message_type = test_params[\"message_type\"]\n        descriptor_source = test_params[\"descriptor_source\"]\n        sizes_shape = test_params[\"sizes_shape\"]\n        values_types = test_params[\"values_types\"]\n    \n        # 创建sizes张量\n        sizes = create_mock_tensor(sizes_shape, tf.int32, value_range=(1, 3))\n    \n        # 创建values张量列表\n        values = []\n        for i, dtype_str in enumerate(values_types):\n            # 构建每个value张量的形状\n            value_shape = list(batch_shape)\n            # 获取该字段的最大重复计数\n            if len(sizes_shape) == len(batch_shape) + 1:\n                # sizes形状为 [batch_shape, len(field_names)]\n                max_repeat = tf.reduce_max(sizes[..., i]).numpy()\n            else:\n                # 使用平均值作为估计\n                max_repeat = 3\n    \n            value_shape.append(max_repeat + 2)  # 确保足够大\n    \n            # 根据类型创建张量\n            if dtype_str == \"int32\":\n                values.append(create_mock_tensor(value_shape, tf.int32))\n            elif dtype_str == \"float32\":\n                values.append(create_mock_tensor(value_shape, tf.float32))\n            elif dtype_str == \"int64\":\n                values.append(create_mock_tensor(value_shape, tf.int64))\n            elif dtype_str == \"float64\":\n                values.append(create_mock_tensor(value_shape, tf.float64))\n            elif dtype_str == \"string\":\n                values.append(create_mock_tensor(value_shape, tf.string))\n            elif dtype_str == \"bool\":\n                values.append(create_mock_tensor(value_shape, tf.bool))\n            else:\n                raise ValueError(f\"不支持的类型: {dtype_str}\")\n    \n        # 使用mock避免实际protobuf验证\n        # 正确的mock路径是 tensorflow.python.eager.execute.execute\n>       with mock.patch('tensorflow.python.eager.execute.execute') as mock_execute:\n\ntests/test_tensorflow_python_ops_gen_encode_proto_ops.py:339: \n_ _ _ _ _ _ _ _ _ _ _ _ _ _ _ _ _ _ _ _ _ _ _ _ _ _ _ _ _ _ _ _ _ _ _ _ _ _ _ _ \n/opt/anaconda3/envs/testagent-experiment/lib/python3.10/unittest/mock.py:1431: in __enter__\n    self.target = self.getter()\n/opt/anaconda3/envs/testagent-experiment/lib/python3.10/unittest/mock.py:1618: in <lambda>\n    getter = lambda: _importer(target)\n/opt/anaconda3/envs/testagent-experiment/lib/python3.10/unittest/mock.py:1261: in _importer\n    thing = _dot_lookup(thing, comp, import_path)\n_ _ _ _ _ _ _ _ _ _ _ _ _ _ _ _ _ _ _ _ _ _ _ _ _ _ _ _ _ _ _ _ _ _ _ _ _ _ _ _ \n\nthing = <module 'tensorflow' from '/opt/anaconda3/envs/testagent-experiment/lib/python3.10/site-packages/tensorflow/__init__.py'>\ncomp = 'python', import_path = 'tensorflow.python'\n\n    def _dot_lookup(thing, comp, import_path):\n        try:\n            return getattr(thing, comp)\n        except AttributeError:\n            __import__(import_path)\n>           return getattr(thing, comp)\nE           AttributeError: module 'tensorflow' has no attribute 'python'\n\n/opt/anaconda3/envs/testagent-experiment/lib/python3.10/unittest/mock.py:1251: AttributeError\n_________________ test_repetition_count_control[test_params0] __________________\n\nthing = <module 'tensorflow' from '/opt/anaconda3/envs/testagent-experiment/lib/python3.10/site-packages/tensorflow/__init__.py'>\ncomp = 'python', import_path = 'tensorflow.python'\n\n    def _dot_lookup(thing, comp, import_path):\n        try:\n>           return getattr(thing, comp)\nE           AttributeError: module 'tensorflow' has no attribute 'python'\n\n/opt/anaconda3/envs/testagent-experiment/lib/python3.10/unittest/mock.py:1248: AttributeError\n\nDuring handling of the above exception, another exception occurred:\n\ntest_params = {'batch_shape': [2], 'descriptor_source': 'local://', 'field_names': ['repeated_int', 'single_float'], 'message_type': 'RepeatedMessage', ...}\n\n    @pytest.mark.parametrize(\"test_params\", [\n        {\n            \"batch_shape\": [2],\n            \"field_names\": [\"repeated_int\", \"single_float\"],\n            \"message_type\": \"RepeatedMessage\",\n            \"descriptor_source\": \"local://\",\n            \"sizes_shape\": [2, 2],\n            \"values_types\": [\"int32\", \"float32\"],\n            \"repetition_counts\": [3, 1]\n        },\n        # 参数扩展：边界重复计数：0和较大值\n        {\n            \"batch_shape\": [1],\n            \"field_names\": [\"zero_repeated\", \"max_repeated\"],\n            \"message_type\": \"EdgeRepetitionMessage\",\n            \"descriptor_source\": \"local://\",\n            \"sizes_shape\": [1, 2],\n            \"values_types\": [\"int32\", \"int32\"],\n            \"repetition_counts\": [0, 10]\n        }\n    ])\n    def test_repetition_count_control(test_params):\n        \"\"\"测试重复计数控制 (TC-03)\"\"\"\n    \n        # 解包参数\n        batch_shape = test_params[\"batch_shape\"]\n        field_names = test_params[\"field_names\"]\n        message_type = test_params[\"message_type\"]\n        descriptor_source = test_params[\"descriptor_source\"]\n        sizes_shape = test_params[\"sizes_shape\"]\n        values_types = test_params[\"values_types\"]\n        repetition_counts = test_params.get(\"repetition_counts\", [1, 1])\n    \n        # 创建sizes张量 - 使用指定的重复计数\n        sizes_data = np.zeros(sizes_shape, dtype=np.int32)\n        for i in range(sizes_shape[0]):\n            for j in range(sizes_shape[1]):\n                if len(batch_shape) == 1:\n                    # 一维批量\n                    sizes_data[i, j] = repetition_counts[j]\n                else:\n                    # 多维批量，使用随机但基于重复计数\n                    sizes_data[i, j] = np.random.randint(\n                        max(0, repetition_counts[j] - 1),\n                        repetition_counts[j] + 2\n                    )\n    \n        sizes = tf.constant(sizes_data, dtype=tf.int32)\n    \n        # 创建values张量列表\n        values = []\n        for i, dtype_str in enumerate(values_types):\n            # 构建每个value张量的形状\n            value_shape = list(batch_shape)\n    \n            # 确保最后一个维度足够大以容纳最大重复计数\n            max_repeat = np.max(sizes_data[..., i])\n            value_shape.append(max_repeat + 2)  # 额外空间\n    \n            # 根据类型创建张量\n            if dtype_str == \"int32\":\n                values.append(create_mock_tensor(value_shape, tf.int32))\n            elif dtype_str == \"float32\":\n                values.append(create_mock_tensor(value_shape, tf.float32))\n            elif dtype_str == \"int64\":\n                values.append(create_mock_tensor(value_shape, tf.int64))\n            elif dtype_str == \"float64\":\n                values.append(create_mock_tensor(value_shape, tf.float64))\n            elif dtype_str == \"string\":\n                values.append(create_mock_tensor(value_shape, tf.string))\n            elif dtype_str == \"bool\":\n                values.append(create_mock_tensor(value_shape, tf.bool))\n            else:\n                raise ValueError(f\"不支持的类型: {dtype_str}\")\n    \n        # 使用mock避免实际protobuf验证\n        # 正确的mock路径是 tensorflow.python.eager.execute.execute\n>       with mock.patch('tensorflow.python.eager.execute.execute') as mock_execute:\n\ntests/test_tensorflow_python_ops_gen_encode_proto_ops.py:541: \n_ _ _ _ _ _ _ _ _ _ _ _ _ _ _ _ _ _ _ _ _ _ _ _ _ _ _ _ _ _ _ _ _ _ _ _ _ _ _ _ \n/opt/anaconda3/envs/testagent-experiment/lib/python3.10/unittest/mock.py:1431: in __enter__\n    self.target = self.getter()\n/opt/anaconda3/envs/testagent-experiment/lib/python3.10/unittest/mock.py:1618: in <lambda>\n    getter = lambda: _importer(target)\n/opt/anaconda3/envs/testagent-experiment/lib/python3.10/unittest/mock.py:1261: in _importer\n    thing = _dot_lookup(thing, comp, import_path)\n_ _ _ _ _ _ _ _ _ _ _ _ _ _ _ _ _ _ _ _ _ _ _ _ _ _ _ _ _ _ _ _ _ _ _ _ _ _ _ _ \n\nthing = <module 'tensorflow' from '/opt/anaconda3/envs/testagent-experiment/lib/python3.10/site-packages/tensorflow/__init__.py'>\ncomp = 'python', import_path = 'tensorflow.python'\n\n    def _dot_lookup(thing, comp, import_path):\n        try:\n            return getattr(thing, comp)\n        except AttributeError:\n            __import__(import_path)\n>           return getattr(thing, comp)\nE           AttributeError: module 'tensorflow' has no attribute 'python'\n\n/opt/anaconda3/envs/testagent-experiment/lib/python3.10/unittest/mock.py:1251: AttributeError\n_________________ test_repetition_count_control[test_params1] __________________\n\nthing = <module 'tensorflow' from '/opt/anaconda3/envs/testagent-experiment/lib/python3.10/site-packages/tensorflow/__init__.py'>\ncomp = 'python', import_path = 'tensorflow.python'\n\n    def _dot_lookup(thing, comp, import_path):\n        try:\n>           return getattr(thing, comp)\nE           AttributeError: module 'tensorflow' has no attribute 'python'\n\n/opt/anaconda3/envs/testagent-experiment/lib/python3.10/unittest/mock.py:1248: AttributeError\n\nDuring handling of the above exception, another exception occurred:\n\ntest_params = {'batch_shape': [1], 'descriptor_source': 'local://', 'field_names': ['zero_repeated', 'max_repeated'], 'message_type': 'EdgeRepetitionMessage', ...}\n\n    @pytest.mark.parametrize(\"test_params\", [\n        {\n            \"batch_shape\": [2],\n            \"field_names\": [\"repeated_int\", \"single_float\"],\n            \"message_type\": \"RepeatedMessage\",\n            \"descriptor_source\": \"local://\",\n            \"sizes_shape\": [2, 2],\n            \"values_types\": [\"int32\", \"float32\"],\n            \"repetition_counts\": [3, 1]\n        },\n        # 参数扩展：边界重复计数：0和较大值\n        {\n            \"batch_shape\": [1],\n            \"field_names\": [\"zero_repeated\", \"max_repeated\"],\n            \"message_type\": \"EdgeRepetitionMessage\",\n            \"descriptor_source\": \"local://\",\n            \"sizes_shape\": [1, 2],\n            \"values_types\": [\"int32\", \"int32\"],\n            \"repetition_counts\": [0, 10]\n        }\n    ])\n    def test_repetition_count_control(test_params):\n        \"\"\"测试重复计数控制 (TC-03)\"\"\"\n    \n        # 解包参数\n        batch_shape = test_params[\"batch_shape\"]\n        field_names = test_params[\"field_names\"]\n        message_type = test_params[\"message_type\"]\n        descriptor_source = test_params[\"descriptor_source\"]\n        sizes_shape = test_params[\"sizes_shape\"]\n        values_types = test_params[\"values_types\"]\n        repetition_counts = test_params.get(\"repetition_counts\", [1, 1])\n    \n        # 创建sizes张量 - 使用指定的重复计数\n        sizes_data = np.zeros(sizes_shape, dtype=np.int32)\n        for i in range(sizes_shape[0]):\n            for j in range(sizes_shape[1]):\n                if len(batch_shape) == 1:\n                    # 一维批量\n                    sizes_data[i, j] = repetition_counts[j]\n                else:\n                    # 多维批量，使用随机但基于重复计数\n                    sizes_data[i, j] = np.random.randint(\n                        max(0, repetition_counts[j] - 1),\n                        repetition_counts[j] + 2\n                    )\n    \n        sizes = tf.constant(sizes_data, dtype=tf.int32)\n    \n        # 创建values张量列表\n        values = []\n        for i, dtype_str in enumerate(values_types):\n            # 构建每个value张量的形状\n            value_shape = list(batch_shape)\n    \n            # 确保最后一个维度足够大以容纳最大重复计数\n            max_repeat = np.max(sizes_data[..., i])\n            value_shape.append(max_repeat + 2)  # 额外空间\n    \n            # 根据类型创建张量\n            if dtype_str == \"int32\":\n                values.append(create_mock_tensor(value_shape, tf.int32))\n            elif dtype_str == \"float32\":\n                values.append(create_mock_tensor(value_shape, tf.float32))\n            elif dtype_str == \"int64\":\n                values.append(create_mock_tensor(value_shape, tf.int64))\n            elif dtype_str == \"float64\":\n                values.append(create_mock_tensor(value_shape, tf.float64))\n            elif dtype_str == \"string\":\n                values.append(create_mock_tensor(value_shape, tf.string))\n            elif dtype_str == \"bool\":\n                values.append(create_mock_tensor(value_shape, tf.bool))\n            else:\n                raise ValueError(f\"不支持的类型: {dtype_str}\")\n    \n        # 使用mock避免实际protobuf验证\n        # 正确的mock路径是 tensorflow.python.eager.execute.execute\n>       with mock.patch('tensorflow.python.eager.execute.execute') as mock_execute:\n\ntests/test_tensorflow_python_ops_gen_encode_proto_ops.py:541: \n_ _ _ _ _ _ _ _ _ _ _ _ _ _ _ _ _ _ _ _ _ _ _ _ _ _ _ _ _ _ _ _ _ _ _ _ _ _ _ _ \n/opt/anaconda3/envs/testagent-experiment/lib/python3.10/unittest/mock.py:1431: in __enter__\n    self.target = self.getter()\n/opt/anaconda3/envs/testagent-experiment/lib/python3.10/unittest/mock.py:1618: in <lambda>\n    getter = lambda: _importer(target)\n/opt/anaconda3/envs/testagent-experiment/lib/python3.10/unittest/mock.py:1261: in _importer\n    thing = _dot_lookup(thing, comp, import_path)\n_ _ _ _ _ _ _ _ _ _ _ _ _ _ _ _ _ _ _ _ _ _ _ _ _ _ _ _ _ _ _ _ _ _ _ _ _ _ _ _ \n\nthing = <module 'tensorflow' from '/opt/anaconda3/envs/testagent-experiment/lib/python3.10/site-packages/tensorflow/__init__.py'>\ncomp = 'python', import_path = 'tensorflow.python'\n\n    def _dot_lookup(thing, comp, import_path):\n        try:\n            return getattr(thing, comp)\n        except AttributeError:\n            __import__(import_path)\n>           return getattr(thing, comp)\nE           AttributeError: module 'tensorflow' has no attribute 'python'\n\n/opt/anaconda3/envs/testagent-experiment/lib/python3.10/unittest/mock.py:1251: AttributeError\n_____________________________ test_invalid_inputs ______________________________\n\nthing = <module 'tensorflow' from '/opt/anaconda3/envs/testagent-experiment/lib/python3.10/site-packages/tensorflow/__init__.py'>\ncomp = 'python', import_path = 'tensorflow.python'\n\n    def _dot_lookup(thing, comp, import_path):\n        try:\n>           return getattr(thing, comp)\nE           AttributeError: module 'tensorflow' has no attribute 'python'\n\n/opt/anaconda3/envs/testagent-experiment/lib/python3.10/unittest/mock.py:1248: AttributeError\n\nDuring handling of the above exception, another exception occurred:\n\n    def test_invalid_inputs():\n        \"\"\"测试无效输入场景\"\"\"\n    \n        # 测试1: field_names非列表类型 - 使用mock避免实际protobuf验证\n        # 正确的mock路径是 tensorflow.python.eager.execute.execute\n>       with mock.patch('tensorflow.python.eager.execute.execute') as mock_execute:\n\ntests/test_tensorflow_python_ops_gen_encode_proto_ops.py:703: \n_ _ _ _ _ _ _ _ _ _ _ _ _ _ _ _ _ _ _ _ _ _ _ _ _ _ _ _ _ _ _ _ _ _ _ _ _ _ _ _ \n/opt/anaconda3/envs/testagent-experiment/lib/python3.10/unittest/mock.py:1431: in __enter__\n    self.target = self.getter()\n/opt/anaconda3/envs/testagent-experiment/lib/python3.10/unittest/mock.py:1618: in <lambda>\n    getter = lambda: _importer(target)\n/opt/anaconda3/envs/testagent-experiment/lib/python3.10/unittest/mock.py:1261: in _importer\n    thing = _dot_lookup(thing, comp, import_path)\n_ _ _ _ _ _ _ _ _ _ _ _ _ _ _ _ _ _ _ _ _ _ _ _ _ _ _ _ _ _ _ _ _ _ _ _ _ _ _ _ \n\nthing = <module 'tensorflow' from '/opt/anaconda3/envs/testagent-experiment/lib/python3.10/site-packages/tensorflow/__init__.py'>\ncomp = 'python', import_path = 'tensorflow.python'\n\n    def _dot_lookup(thing, comp, import_path):\n        try:\n            return getattr(thing, comp)\n        except AttributeError:\n            __import__(import_path)\n>           return getattr(thing, comp)\nE           AttributeError: module 'tensorflow' has no attribute 'python'\n\n/opt/anaconda3/envs/testagent-experiment/lib/python3.10/unittest/mock.py:1251: AttributeError\n_______________________________ test_edge_cases ________________________________\n\nthing = <module 'tensorflow' from '/opt/anaconda3/envs/testagent-experiment/lib/python3.10/site-packages/tensorflow/__init__.py'>\ncomp = 'python', import_path = 'tensorflow.python'\n\n    def _dot_lookup(thing, comp, import_path):\n        try:\n>           return getattr(thing, comp)\nE           AttributeError: module 'tensorflow' has no attribute 'python'\n\n/opt/anaconda3/envs/testagent-experiment/lib/python3.10/unittest/mock.py:1248: AttributeError\n\nDuring handling of the above exception, another exception occurred:\n\n    def test_edge_cases():\n        \"\"\"测试边界情况\"\"\"\n    \n        # 测试空batch_shape（标量处理）\n        # 注意：实际实现可能需要特定形状，这里测试基本功能\n        try:\n            # 使用mock避免实际protobuf验证\n            with mock.patch('tensorflow.python.eager.execute.execute') as mock_execute:\n                # 设置mock返回模拟结果\n                mock_execute.return_value = [tf.constant(\"mock_scalar_proto\")]\n    \n                result = encode_proto(\n                    sizes=tf.constant([1, 2], dtype=tf.int32),  # 形状 [2]\n                    values=[\n                        tf.constant([1, 2, 3], dtype=tf.int32),  # 形状 [3]\n                        tf.constant([1.0, 2.0, 3.0, 4.0], dtype=tf.float32)  # 形状 [4]\n                    ],\n                    field_names=[\"int_field\", \"float_field\"],\n                    message_type=\"ScalarMessage\",\n                    descriptor_source=\"local://\"\n                )\n    \n                # 验证输出\n                assert result.dtype == tf.string\n                assert isinstance(result.numpy(), (str, bytes))\n                print(\"✓ 标量处理测试通过\")\n        except Exception as e:\n            # 某些实现可能不支持标量处理，这是可接受的\n            print(f\"注意: 标量处理可能不被支持: {e}\")\n    \n        # 测试零重复计数\n>       with mock.patch('tensorflow.python.eager.execute.execute') as mock_execute:\n\ntests/test_tensorflow_python_ops_gen_encode_proto_ops.py:783: \n_ _ _ _ _ _ _ _ _ _ _ _ _ _ _ _ _ _ _ _ _ _ _ _ _ _ _ _ _ _ _ _ _ _ _ _ _ _ _ _ \n/opt/anaconda3/envs/testagent-experiment/lib/python3.10/unittest/mock.py:1431: in __enter__\n    self.target = self.getter()\n/opt/anaconda3/envs/testagent-experiment/lib/python3.10/unittest/mock.py:1618: in <lambda>\n    getter = lambda: _importer(target)\n/opt/anaconda3/envs/testagent-experiment/lib/python3.10/unittest/mock.py:1261: in _importer\n    thing = _dot_lookup(thing, comp, import_path)\n_ _ _ _ _ _ _ _ _ _ _ _ _ _ _ _ _ _ _ _ _ _ _ _ _ _ _ _ _ _ _ _ _ _ _ _ _ _ _ _ \n\nthing = <module 'tensorflow' from '/opt/anaconda3/envs/testagent-experiment/lib/python3.10/site-packages/tensorflow/__init__.py'>\ncomp = 'python', import_path = 'tensorflow.python'\n\n    def _dot_lookup(thing, comp, import_path):\n        try:\n            return getattr(thing, comp)\n        except AttributeError:\n            __import__(import_path)\n>           return getattr(thing, comp)\nE           AttributeError: module 'tensorflow' has no attribute 'python'\n\n/opt/anaconda3/envs/testagent-experiment/lib/python3.10/unittest/mock.py:1251: AttributeError\n----------------------------- Captured stdout call -----------------------------\n注意: 标量处理可能不被支持: module 'tensorflow' has no attribute 'python'\n__________________________ test_performance_baseline ___________________________\n\nthing = <module 'tensorflow' from '/opt/anaconda3/envs/testagent-experiment/lib/python3.10/site-packages/tensorflow/__init__.py'>\ncomp = 'python', import_path = 'tensorflow.python'\n\n    def _dot_lookup(thing, comp, import_path):\n        try:\n>           return getattr(thing, comp)\nE           AttributeError: module 'tensorflow' has no attribute 'python'\n\n/opt/anaconda3/envs/testagent-experiment/lib/python3.10/unittest/mock.py:1248: AttributeError\n\nDuring handling of the above exception, another exception occurred:\n\n    def test_performance_baseline():\n        \"\"\"性能基准测试（弱断言版本）\"\"\"\n        import time\n    \n        # 创建中等规模的测试数据\n        batch_shape = [10, 10]  # 100个批量\n        field_names = [\"field1\", \"field2\", \"field3\"]\n        sizes_shape = batch_shape + [len(field_names)]\n    \n        # 创建sizes张量\n        sizes = create_mock_tensor(sizes_shape, tf.int32, value_range=(1, 3))\n    \n        # 创建values张量\n        values = []\n        for i in range(len(field_names)):\n            value_shape = batch_shape + [5]  # 确保足够大\n            values.append(create_mock_tensor(value_shape, tf.float32))\n    \n        # 使用mock避免实际protobuf验证\n>       with mock.patch('tensorflow.python.eager.execute.execute') as mock_execute:\n\ntests/test_tensorflow_python_ops_gen_encode_proto_ops.py:822: \n_ _ _ _ _ _ _ _ _ _ _ _ _ _ _ _ _ _ _ _ _ _ _ _ _ _ _ _ _ _ _ _ _ _ _ _ _ _ _ _ \n/opt/anaconda3/envs/testagent-experiment/lib/python3.10/unittest/mock.py:1431: in __enter__\n    self.target = self.getter()\n/opt/anaconda3/envs/testagent-experiment/lib/python3.10/unittest/mock.py:1618: in <lambda>\n    getter = lambda: _importer(target)\n/opt/anaconda3/envs/testagent-experiment/lib/python3.10/unittest/mock.py:1261: in _importer\n    thing = _dot_lookup(thing, comp, import_path)\n_ _ _ _ _ _ _ _ _ _ _ _ _ _ _ _ _ _ _ _ _ _ _ _ _ _ _ _ _ _ _ _ _ _ _ _ _ _ _ _ \n\nthing = <module 'tensorflow' from '/opt/anaconda3/envs/testagent-experiment/lib/python3.10/site-packages/tensorflow/__init__.py'>\ncomp = 'python', import_path = 'tensorflow.python'\n\n    def _dot_lookup(thing, comp, import_path):\n        try:\n            return getattr(thing, comp)\n        except AttributeError:\n            __import__(import_path)\n>           return getattr(thing, comp)\nE           AttributeError: module 'tensorflow' has no attribute 'python'\n\n/opt/anaconda3/envs/testagent-experiment/lib/python3.10/unittest/mock.py:1251: AttributeError\n=============================== warnings summary ===============================\n../../../../../../../../opt/anaconda3/envs/testagent-experiment/lib/python3.10/site-packages/tensorflow/core/framework/tensor_shape_pb2.py:18\n  /opt/anaconda3/envs/testagent-experiment/lib/python3.10/site-packages/tensorflow/core/framework/tensor_shape_pb2.py:18: DeprecationWarning: Call to deprecated create function FileDescriptor(). Note: Create unlinked descriptors is going to go away. Please use get/find descriptors from generated code or query the descriptor_pool.\n    DESCRIPTOR = _descriptor.FileDescriptor(\n\n../../../../../../../../opt/anaconda3/envs/testagent-experiment/lib/python3.10/site-packages/tensorflow/core/framework/tensor_shape_pb2.py:36\n  /opt/anaconda3/envs/testagent-experiment/lib/python3.10/site-packages/tensorflow/core/framework/tensor_shape_pb2.py:36: DeprecationWarning: Call to deprecated create function FieldDescriptor(). Note: Create unlinked descriptors is going to go away. Please use get/find descriptors from generated code or query the descriptor_pool.\n    _descriptor.FieldDescriptor(\n\n../../../../../../../../opt/anaconda3/envs/testagent-experiment/lib/python3.10/site-packages/tensorflow/core/framework/tensor_shape_pb2.py:43\n  /opt/anaconda3/envs/testagent-experiment/lib/python3.10/site-packages/tensorflow/core/framework/tensor_shape_pb2.py:43: DeprecationWarning: Call to deprecated create function FieldDescriptor(). Note: Create unlinked descriptors is going to go away. Please use get/find descriptors from generated code or query the descriptor_pool.\n    _descriptor.FieldDescriptor(\n\n../../../../../../../../opt/anaconda3/envs/testagent-experiment/lib/python3.10/site-packages/tensorflow/core/framework/tensor_shape_pb2.py:29\n  /opt/anaconda3/envs/testagent-experiment/lib/python3.10/site-packages/tensorflow/core/framework/tensor_shape_pb2.py:29: DeprecationWarning: Call to deprecated create function Descriptor(). Note: Create unlinked descriptors is going to go away. Please use get/find descriptors from generated code or query the descriptor_pool.\n    _TENSORSHAPEPROTO_DIM = _descriptor.Descriptor(\n\n../../../../../../../../opt/anaconda3/envs/testagent-experiment/lib/python3.10/site-packages/tensorflow/core/framework/tensor_shape_pb2.py:73\n  /opt/anaconda3/envs/testagent-experiment/lib/python3.10/site-packages/tensorflow/core/framework/tensor_shape_pb2.py:73: DeprecationWarning: Call to deprecated create function FieldDescriptor(). Note: Create unlinked descriptors is going to go away. Please use get/find descriptors from generated code or query the descriptor_pool.\n    _descriptor.FieldDescriptor(\n\n../../../../../../../../opt/anaconda3/envs/testagent-experiment/lib/python3.10/site-packages/tensorflow/core/framework/tensor_shape_pb2.py:80\n  /opt/anaconda3/envs/testagent-experiment/lib/python3.10/site-packages/tensorflow/core/framework/tensor_shape_pb2.py:80: DeprecationWarning: Call to deprecated create function FieldDescriptor(). Note: Create unlinked descriptors is going to go away. Please use get/find descriptors from generated code or query the descriptor_pool.\n    _descriptor.FieldDescriptor(\n\n../../../../../../../../opt/anaconda3/envs/testagent-experiment/lib/python3.10/site-packages/tensorflow/core/framework/tensor_shape_pb2.py:66\n  /opt/anaconda3/envs/testagent-experiment/lib/python3.10/site-packages/tensorflow/core/framework/tensor_shape_pb2.py:66: DeprecationWarning: Call to deprecated create function Descriptor(). Note: Create unlinked descriptors is going to go away. Please use get/find descriptors from generated code or query the descriptor_pool.\n    _TENSORSHAPEPROTO = _descriptor.Descriptor(\n\n../../../../../../../../opt/anaconda3/envs/testagent-experiment/lib/python3.10/site-packages/tensorflow/core/framework/types_pb2.py:19\n  /opt/anaconda3/envs/testagent-experiment/lib/python3.10/site-packages/tensorflow/core/framework/types_pb2.py:19: DeprecationWarning: Call to deprecated create function FileDescriptor(). Note: Create unlinked descriptors is going to go away. Please use get/find descriptors from generated code or query the descriptor_pool.\n    DESCRIPTOR = _descriptor.FileDescriptor(\n\n../../../../../../../../opt/anaconda3/envs/testagent-experiment/lib/python3.10/site-packages/tensorflow/core/framework/types_pb2.py:33\n  /opt/anaconda3/envs/testagent-experiment/lib/python3.10/site-packages/tensorflow/core/framework/types_pb2.py:33: DeprecationWarning: Call to deprecated create function EnumValueDescriptor(). Note: Create unlinked descriptors is going to go away. Please use get/find descriptors from generated code or query the descriptor_pool.\n    _descriptor.EnumValueDescriptor(\n\n../../../../../../../../opt/anaconda3/envs/testagent-experiment/lib/python3.10/site-packages/tensorflow/core/framework/types_pb2.py:37\n  /opt/anaconda3/envs/testagent-experiment/lib/python3.10/site-packages/tensorflow/core/framework/types_pb2.py:37: DeprecationWarning: Call to deprecated create function EnumValueDescriptor(). Note: Create unlinked descriptors is going to go away. Please use get/find descriptors from generated code or query the descriptor_pool.\n    _descriptor.EnumValueDescriptor(\n\n../../../../../../../../opt/anaconda3/envs/testagent-experiment/lib/python3.10/site-packages/tensorflow/core/framework/types_pb2.py:41\n  /opt/anaconda3/envs/testagent-experiment/lib/python3.10/site-packages/tensorflow/core/framework/types_pb2.py:41: DeprecationWarning: Call to deprecated create function EnumValueDescriptor(). Note: Create unlinked descriptors is going to go away. Please use get/find descriptors from generated code or query the descriptor_pool.\n    _descriptor.EnumValueDescriptor(\n\n../../../../../../../../opt/anaconda3/envs/testagent-experiment/lib/python3.10/site-packages/tensorflow/core/framework/types_pb2.py:45\n  /opt/anaconda3/envs/testagent-experiment/lib/python3.10/site-packages/tensorflow/core/framework/types_pb2.py:45: DeprecationWarning: Call to deprecated create function EnumValueDescriptor(). Note: Create unlinked descriptors is going to go away. Please use get/find descriptors from generated code or query the descriptor_pool.\n    _descriptor.EnumValueDescriptor(\n\n../../../../../../../../opt/anaconda3/envs/testagent-experiment/lib/python3.10/site-packages/tensorflow/core/framework/types_pb2.py:49\n  /opt/anaconda3/envs/testagent-experiment/lib/python3.10/site-packages/tensorflow/core/framework/types_pb2.py:49: DeprecationWarning: Call to deprecated create function EnumValueDescriptor(). Note: Create unlinked descriptors is going to go away. Please use get/find descriptors from generated code or query the descriptor_pool.\n    _descriptor.EnumValueDescriptor(\n\n../../../../../../../../opt/anaconda3/envs/testagent-experiment/lib/python3.10/site-packages/tensorflow/core/framework/types_pb2.py:53\n  /opt/anaconda3/envs/testagent-experiment/lib/python3.10/site-packages/tensorflow/core/framework/types_pb2.py:53: DeprecationWarning: Call to deprecated create function EnumValueDescriptor(). Note: Create unlinked descriptors is going to go away. Please use get/find descriptors from generated code or query the descriptor_pool.\n    _descriptor.EnumValueDescriptor(\n\n../../../../../../../../opt/anaconda3/envs/testagent-experiment/lib/python3.10/site-packages/tensorflow/core/framework/types_pb2.py:57\n  /opt/anaconda3/envs/testagent-experiment/lib/python3.10/site-packages/tensorflow/core/framework/types_pb2.py:57: DeprecationWarning: Call to deprecated create function EnumValueDescriptor(). Note: Create unlinked descriptors is going to go away. Please use get/find descriptors from generated code or query the descriptor_pool.\n    _descriptor.EnumValueDescriptor(\n\n../../../../../../../../opt/anaconda3/envs/testagent-experiment/lib/python3.10/site-packages/tensorflow/core/framework/types_pb2.py:61\n  /opt/anaconda3/envs/testagent-experiment/lib/python3.10/site-packages/tensorflow/core/framework/types_pb2.py:61: DeprecationWarning: Call to deprecated create function EnumValueDescriptor(). Note: Create unlinked descriptors is going to go away. Please use get/find descriptors from generated code or query the descriptor_pool.\n    _descriptor.EnumValueDescriptor(\n\n../../../../../../../../opt/anaconda3/envs/testagent-experiment/lib/python3.10/site-packages/tensorflow/core/framework/types_pb2.py:65\n  /opt/anaconda3/envs/testagent-experiment/lib/python3.10/site-packages/tensorflow/core/framework/types_pb2.py:65: DeprecationWarning: Call to deprecated create function EnumValueDescriptor(). Note: Create unlinked descriptors is going to go away. Please use get/find descriptors from generated code or query the descriptor_pool.\n    _descriptor.EnumValueDescriptor(\n\n../../../../../../../../opt/anaconda3/envs/testagent-experiment/lib/python3.10/site-packages/tensorflow/core/framework/types_pb2.py:69\n  /opt/anaconda3/envs/testagent-experiment/lib/python3.10/site-packages/tensorflow/core/framework/types_pb2.py:69: DeprecationWarning: Call to deprecated create function EnumValueDescriptor(). Note: Create unlinked descriptors is going to go away. Please use get/find descriptors from generated code or query the descriptor_pool.\n    _descriptor.EnumValueDescriptor(\n\n../../../../../../../../opt/anaconda3/envs/testagent-experiment/lib/python3.10/site-packages/tensorflow/core/framework/types_pb2.py:73\n  /opt/anaconda3/envs/testagent-experiment/lib/python3.10/site-packages/tensorflow/core/framework/types_pb2.py:73: DeprecationWarning: Call to deprecated create function EnumValueDescriptor(). Note: Create unlinked descriptors is going to go away. Please use get/find descriptors from generated code or query the descriptor_pool.\n    _descriptor.EnumValueDescriptor(\n\n../../../../../../../../opt/anaconda3/envs/testagent-experiment/lib/python3.10/site-packages/tensorflow/core/framework/types_pb2.py:77\n  /opt/anaconda3/envs/testagent-experiment/lib/python3.10/site-packages/tensorflow/core/framework/types_pb2.py:77: DeprecationWarning: Call to deprecated create function EnumValueDescriptor(). Note: Create unlinked descriptors is going to go away. Please use get/find descriptors from generated code or query the descriptor_pool.\n    _descriptor.EnumValueDescriptor(\n\n../../../../../../../../opt/anaconda3/envs/testagent-experiment/lib/python3.10/site-packages/tensorflow/core/framework/types_pb2.py:81\n  /opt/anaconda3/envs/testagent-experiment/lib/python3.10/site-packages/tensorflow/core/framework/types_pb2.py:81: DeprecationWarning: Call to deprecated create function EnumValueDescriptor(). Note: Create unlinked descriptors is going to go away. Please use get/find descriptors from generated code or query the descriptor_pool.\n    _descriptor.EnumValueDescriptor(\n\n../../../../../../../../opt/anaconda3/envs/testagent-experiment/lib/python3.10/site-packages/tensorflow/core/framework/types_pb2.py:85\n  /opt/anaconda3/envs/testagent-experiment/lib/python3.10/site-packages/tensorflow/core/framework/types_pb2.py:85: DeprecationWarning: Call to deprecated create function EnumValueDescriptor(). Note: Create unlinked descriptors is going to go away. Please use get/find descriptors from generated code or query the descriptor_pool.\n    _descriptor.EnumValueDescriptor(\n\n../../../../../../../../opt/anaconda3/envs/testagent-experiment/lib/python3.10/site-packages/tensorflow/core/framework/types_pb2.py:89\n  /opt/anaconda3/envs/testagent-experiment/lib/python3.10/site-packages/tensorflow/core/framework/types_pb2.py:89: DeprecationWarning: Call to deprecated create function EnumValueDescriptor(). Note: Create unlinked descriptors is going to go away. Please use get/find descriptors from generated code or query the descriptor_pool.\n    _descriptor.EnumValueDescriptor(\n\n../../../../../../../../opt/anaconda3/envs/testagent-experiment/lib/python3.10/site-packages/tensorflow/core/framework/types_pb2.py:93\n  /opt/anaconda3/envs/testagent-experiment/lib/python3.10/site-packages/tensorflow/core/framework/types_pb2.py:93: DeprecationWarning: Call to deprecated create function EnumValueDescriptor(). Note: Create unlinked descriptors is going to go away. Please use get/find descriptors from generated code or query the descriptor_pool.\n    _descriptor.EnumValueDescriptor(\n\n../../../../../../../../opt/anaconda3/envs/testagent-experiment/lib/python3.10/site-packages/tensorflow/core/framework/types_pb2.py:97\n  /opt/anaconda3/envs/testagent-experiment/lib/python3.10/site-packages/tensorflow/core/framework/types_pb2.py:97: DeprecationWarning: Call to deprecated create function EnumValueDescriptor(). Note: Create unlinked descriptors is going to go away. Please use get/find descriptors from generated code or query the descriptor_pool.\n    _descriptor.EnumValueDescriptor(\n\n../../../../../../../../opt/anaconda3/envs/testagent-experiment/lib/python3.10/site-packages/tensorflow/core/framework/types_pb2.py:101\n  /opt/anaconda3/envs/testagent-experiment/lib/python3.10/site-packages/tensorflow/core/framework/types_pb2.py:101: DeprecationWarning: Call to deprecated create function EnumValueDescriptor(). Note: Create unlinked descriptors is going to go away. Please use get/find descriptors from generated code or query the descriptor_pool.\n    _descriptor.EnumValueDescriptor(\n\n../../../../../../../../opt/anaconda3/envs/testagent-experiment/lib/python3.10/site-packages/tensorflow/core/framework/types_pb2.py:105\n  /opt/anaconda3/envs/testagent-experiment/lib/python3.10/site-packages/tensorflow/core/framework/types_pb2.py:105: DeprecationWarning: Call to deprecated create function EnumValueDescriptor(). Note: Create unlinked descriptors is going to go away. Please use get/find descriptors from generated code or query the descriptor_pool.\n    _descriptor.EnumValueDescriptor(\n\n../../../../../../../../opt/anaconda3/envs/testagent-experiment/lib/python3.10/site-packages/tensorflow/core/framework/types_pb2.py:109\n  /opt/anaconda3/envs/testagent-experiment/lib/python3.10/site-packages/tensorflow/core/framework/types_pb2.py:109: DeprecationWarning: Call to deprecated create function EnumValueDescriptor(). Note: Create unlinked descriptors is going to go away. Please use get/find descriptors from generated code or query the descriptor_pool.\n    _descriptor.EnumValueDescriptor(\n\n../../../../../../../../opt/anaconda3/envs/testagent-experiment/lib/python3.10/site-packages/tensorflow/core/framework/types_pb2.py:113\n  /opt/anaconda3/envs/testagent-experiment/lib/python3.10/site-packages/tensorflow/core/framework/types_pb2.py:113: DeprecationWarning: Call to deprecated create function EnumValueDescriptor(). Note: Create unlinked descriptors is going to go away. Please use get/find descriptors from generated code or query the descriptor_pool.\n    _descriptor.EnumValueDescriptor(\n\n../../../../../../../../opt/anaconda3/envs/testagent-experiment/lib/python3.10/site-packages/tensorflow/core/framework/types_pb2.py:117\n  /opt/anaconda3/envs/testagent-experiment/lib/python3.10/site-packages/tensorflow/core/framework/types_pb2.py:117: DeprecationWarning: Call to deprecated create function EnumValueDescriptor(). Note: Create unlinked descriptors is going to go away. Please use get/find descriptors from generated code or query the descriptor_pool.\n    _descriptor.EnumValueDescriptor(\n\n../../../../../../../../opt/anaconda3/envs/testagent-experiment/lib/python3.10/site-packages/tensorflow/core/framework/types_pb2.py:121\n  /opt/anaconda3/envs/testagent-experiment/lib/python3.10/site-packages/tensorflow/core/framework/types_pb2.py:121: DeprecationWarning: Call to deprecated create function EnumValueDescriptor(). Note: Create unlinked descriptors is going to go away. Please use get/find descriptors from generated code or query the descriptor_pool.\n    _descriptor.EnumValueDescriptor(\n\n../../../../../../../../opt/anaconda3/envs/testagent-experiment/lib/python3.10/site-packages/tensorflow/core/framework/types_pb2.py:125\n  /opt/anaconda3/envs/testagent-experiment/lib/python3.10/site-packages/tensorflow/core/framework/types_pb2.py:125: DeprecationWarning: Call to deprecated create function EnumValueDescriptor(). Note: Create unlinked descriptors is going to go away. Please use get/find descriptors from generated code or query the descriptor_pool.\n    _descriptor.EnumValueDescriptor(\n\n../../../../../../../../opt/anaconda3/envs/testagent-experiment/lib/python3.10/site-packages/tensorflow/core/framework/types_pb2.py:129\n  /opt/anaconda3/envs/testagent-experiment/lib/python3.10/site-packages/tensorflow/core/framework/types_pb2.py:129: DeprecationWarning: Call to deprecated create function EnumValueDescriptor(). Note: Create unlinked descriptors is going to go away. Please use get/find descriptors from generated code or query the descriptor_pool.\n    _descriptor.EnumValueDescriptor(\n\n../../../../../../../../opt/anaconda3/envs/testagent-experiment/lib/python3.10/site-packages/tensorflow/core/framework/types_pb2.py:133\n  /opt/anaconda3/envs/testagent-experiment/lib/python3.10/site-packages/tensorflow/core/framework/types_pb2.py:133: DeprecationWarning: Call to deprecated create function EnumValueDescriptor(). Note: Create unlinked descriptors is going to go away. Please use get/find descriptors from generated code or query the descriptor_pool.\n    _descriptor.EnumValueDescriptor(\n\n../../../../../../../../opt/anaconda3/envs/testagent-experiment/lib/python3.10/site-packages/tensorflow/core/framework/types_pb2.py:137\n  /opt/anaconda3/envs/testagent-experiment/lib/python3.10/site-packages/tensorflow/core/framework/types_pb2.py:137: DeprecationWarning: Call to deprecated create function EnumValueDescriptor(). Note: Create unlinked descriptors is going to go away. Please use get/find descriptors from generated code or query the descriptor_pool.\n    _descriptor.EnumValueDescriptor(\n\n../../../../../../../../opt/anaconda3/envs/testagent-experiment/lib/python3.10/site-packages/tensorflow/core/framework/types_pb2.py:141\n  /opt/anaconda3/envs/testagent-experiment/lib/python3.10/site-packages/tensorflow/core/framework/types_pb2.py:141: DeprecationWarning: Call to deprecated create function EnumValueDescriptor(). Note: Create unlinked descriptors is going to go away. Please use get/find descriptors from generated code or query the descriptor_pool.\n    _descriptor.EnumValueDescriptor(\n\n../../../../../../../../opt/anaconda3/envs/testagent-experiment/lib/python3.10/site-packages/tensorflow/core/framework/types_pb2.py:145\n  /opt/anaconda3/envs/testagent-experiment/lib/python3.10/site-packages/tensorflow/core/framework/types_pb2.py:145: DeprecationWarning: Call to deprecated create function EnumValueDescriptor(). Note: Create unlinked descriptors is going to go away. Please use get/find descriptors from generated code or query the descriptor_pool.\n    _descriptor.EnumValueDescriptor(\n\n../../../../../../../../opt/anaconda3/envs/testagent-experiment/lib/python3.10/site-packages/tensorflow/core/framework/types_pb2.py:149\n  /opt/anaconda3/envs/testagent-experiment/lib/python3.10/site-packages/tensorflow/core/framework/types_pb2.py:149: DeprecationWarning: Call to deprecated create function EnumValueDescriptor(). Note: Create unlinked descriptors is going to go away. Please use get/find descriptors from generated code or query the descriptor_pool.\n    _descriptor.EnumValueDescriptor(\n\n../../../../../../../../opt/anaconda3/envs/testagent-experiment/lib/python3.10/site-packages/tensorflow/core/framework/types_pb2.py:153\n  /opt/anaconda3/envs/testagent-experiment/lib/python3.10/site-packages/tensorflow/core/framework/types_pb2.py:153: DeprecationWarning: Call to deprecated create function EnumValueDescriptor(). Note: Create unlinked descriptors is going to go away. Please use get/find descriptors from generated code or query the descriptor_pool.\n    _descriptor.EnumValueDescriptor(\n\n../../../../../../../../opt/anaconda3/envs/testagent-experiment/lib/python3.10/site-packages/tensorflow/core/framework/types_pb2.py:157\n  /opt/anaconda3/envs/testagent-experiment/lib/python3.10/site-packages/tensorflow/core/framework/types_pb2.py:157: DeprecationWarning: Call to deprecated create function EnumValueDescriptor(). Note: Create unlinked descriptors is going to go away. Please use get/find descriptors from generated code or query the descriptor_pool.\n    _descriptor.EnumValueDescriptor(\n\n../../../../../../../../opt/anaconda3/envs/testagent-experiment/lib/python3.10/site-packages/tensorflow/core/framework/types_pb2.py:161\n  /opt/anaconda3/envs/testagent-experiment/lib/python3.10/site-packages/tensorflow/core/framework/types_pb2.py:161: DeprecationWarning: Call to deprecated create function EnumValueDescriptor(). Note: Create unlinked descriptors is going to go away. Please use get/find descriptors from generated code or query the descriptor_pool.\n    _descriptor.EnumValueDescriptor(\n\n../../../../../../../../opt/anaconda3/envs/testagent-experiment/lib/python3.10/site-packages/tensorflow/core/framework/types_pb2.py:165\n  /opt/anaconda3/envs/testagent-experiment/lib/python3.10/site-packages/tensorflow/core/framework/types_pb2.py:165: DeprecationWarning: Call to deprecated create function EnumValueDescriptor(). Note: Create unlinked descriptors is going to go away. Please use get/find descriptors from generated code or query the descriptor_pool.\n    _descriptor.EnumValueDescriptor(\n\n../../../../../../../../opt/anaconda3/envs/testagent-experiment/lib/python3.10/site-packages/tensorflow/core/framework/types_pb2.py:169\n  /opt/anaconda3/envs/testagent-experiment/lib/python3.10/site-packages/tensorflow/core/framework/types_pb2.py:169: DeprecationWarning: Call to deprecated create function EnumValueDescriptor(). Note: Create unlinked descriptors is going to go away. Please use get/find descriptors from generated code or query the descriptor_pool.\n    _descriptor.EnumValueDescriptor(\n\n../../../../../../../../opt/anaconda3/envs/testagent-experiment/lib/python3.10/site-packages/tensorflow/core/framework/types_pb2.py:173\n  /opt/anaconda3/envs/testagent-experiment/lib/python3.10/site-packages/tensorflow/core/framework/types_pb2.py:173: DeprecationWarning: Call to deprecated create function EnumValueDescriptor(). Note: Create unlinked descriptors is going to go away. Please use get/find descriptors from generated code or query the descriptor_pool.\n    _descriptor.EnumValueDescriptor(\n\n../../../../../../../../opt/anaconda3/envs/testagent-experiment/lib/python3.10/site-packages/tensorflow/core/framework/types_pb2.py:177\n  /opt/anaconda3/envs/testagent-experiment/lib/python3.10/site-packages/tensorflow/core/framework/types_pb2.py:177: DeprecationWarning: Call to deprecated create function EnumValueDescriptor(). Note: Create unlinked descriptors is going to go away. Please use get/find descriptors from generated code or query the descriptor_pool.\n    _descriptor.EnumValueDescriptor(\n\n../../../../../../../../opt/anaconda3/envs/testagent-experiment/lib/python3.10/site-packages/tensorflow/core/framework/types_pb2.py:181\n  /opt/anaconda3/envs/testagent-experiment/lib/python3.10/site-packages/tensorflow/core/framework/types_pb2.py:181: DeprecationWarning: Call to deprecated create function EnumValueDescriptor(). Note: Create unlinked descriptors is going to go away. Please use get/find descriptors from generated code or query the descriptor_pool.\n    _descriptor.EnumValueDescriptor(\n\n../../../../../../../../opt/anaconda3/envs/testagent-experiment/lib/python3.10/site-packages/tensorflow/core/framework/types_pb2.py:185\n  /opt/anaconda3/envs/testagent-experiment/lib/python3.10/site-packages/tensorflow/core/framework/types_pb2.py:185: DeprecationWarning: Call to deprecated create function EnumValueDescriptor(). Note: Create unlinked descriptors is going to go away. Please use get/find descriptors from generated code or query the descriptor_pool.\n    _descriptor.EnumValueDescriptor(\n\n../../../../../../../../opt/anaconda3/envs/testagent-experiment/lib/python3.10/site-packages/tensorflow/core/framework/types_pb2.py:189\n  /opt/anaconda3/envs/testagent-experiment/lib/python3.10/site-packages/tensorflow/core/framework/types_pb2.py:189: DeprecationWarning: Call to deprecated create function EnumValueDescriptor(). Note: Create unlinked descriptors is going to go away. Please use get/find descriptors from generated code or query the descriptor_pool.\n    _descriptor.EnumValueDescriptor(\n\n../../../../../../../../opt/anaconda3/envs/testagent-experiment/lib/python3.10/site-packages/tensorflow/core/framework/types_pb2.py:193\n  /opt/anaconda3/envs/testagent-experiment/lib/python3.10/site-packages/tensorflow/core/framework/types_pb2.py:193: DeprecationWarning: Call to deprecated create function EnumValueDescriptor(). Note: Create unlinked descriptors is going to go away. Please use get/find descriptors from generated code or query the descriptor_pool.\n    _descriptor.EnumValueDescriptor(\n\n../../../../../../../../opt/anaconda3/envs/testagent-experiment/lib/python3.10/site-packages/tensorflow/core/framework/types_pb2.py:197\n  /opt/anaconda3/envs/testagent-experiment/lib/python3.10/site-packages/tensorflow/core/framework/types_pb2.py:197: DeprecationWarning: Call to deprecated create function EnumValueDescriptor(). Note: Create unlinked descriptors is going to go away. Please use get/find descriptors from generated code or query the descriptor_pool.\n    _descriptor.EnumValueDescriptor(\n\n../../../../../../../../opt/anaconda3/envs/testagent-experiment/lib/python3.10/site-packages/tensorflow/core/framework/types_pb2.py:201\n  /opt/anaconda3/envs/testagent-experiment/lib/python3.10/site-packages/tensorflow/core/framework/types_pb2.py:201: DeprecationWarning: Call to deprecated create function EnumValueDescriptor(). Note: Create unlinked descriptors is going to go away. Please use get/find descriptors from generated code or query the descriptor_pool.\n    _descriptor.EnumValueDescriptor(\n\n../../../../../../../../opt/anaconda3/envs/testagent-experiment/lib/python3.10/site-packages/tensorflow/core/framework/types_pb2.py:205\n  /opt/anaconda3/envs/testagent-experiment/lib/python3.10/site-packages/tensorflow/core/framework/types_pb2.py:205: DeprecationWarning: Call to deprecated create function EnumValueDescriptor(). Note: Create unlinked descriptors is going to go away. Please use get/find descriptors from generated code or query the descriptor_pool.\n    _descriptor.EnumValueDescriptor(\n\n../../../../../../../../opt/anaconda3/envs/testagent-experiment/lib/python3.10/site-packages/tensorflow/core/framework/types_pb2.py:209\n  /opt/anaconda3/envs/testagent-experiment/lib/python3.10/site-packages/tensorflow/core/framework/types_pb2.py:209: DeprecationWarning: Call to deprecated create function EnumValueDescriptor(). Note: Create unlinked descriptors is going to go away. Please use get/find descriptors from generated code or query the descriptor_pool.\n    _descriptor.EnumValueDescriptor(\n\n../../../../../../../../opt/anaconda3/envs/testagent-experiment/lib/python3.10/site-packages/tensorflow/core/framework/types_pb2.py:213\n  /opt/anaconda3/envs/testagent-experiment/lib/python3.10/site-packages/tensorflow/core/framework/types_pb2.py:213: DeprecationWarning: Call to deprecated create function EnumValueDescriptor(). Note: Create unlinked descriptors is going to go away. Please use get/find descriptors from generated code or query the descriptor_pool.\n    _descriptor.EnumValueDescriptor(\n\n../../../../../../../../opt/anaconda3/envs/testagent-experiment/lib/python3.10/site-packages/tensorflow/core/framework/types_pb2.py:217\n  /opt/anaconda3/envs/testagent-experiment/lib/python3.10/site-packages/tensorflow/core/framework/types_pb2.py:217: DeprecationWarning: Call to deprecated create function EnumValueDescriptor(). Note: Create unlinked descriptors is going to go away. Please use get/find descriptors from generated code or query the descriptor_pool.\n    _descriptor.EnumValueDescriptor(\n\n../../../../../../../../opt/anaconda3/envs/testagent-experiment/lib/python3.10/site-packages/tensorflow/core/framework/types_pb2.py:27\n  /opt/anaconda3/envs/testagent-experiment/lib/python3.10/site-packages/tensorflow/core/framework/types_pb2.py:27: DeprecationWarning: Call to deprecated create function EnumDescriptor(). Note: Create unlinked descriptors is going to go away. Please use get/find descriptors from generated code or query the descriptor_pool.\n    _DATATYPE = _descriptor.EnumDescriptor(\n\n../../../../../../../../opt/anaconda3/envs/testagent-experiment/lib/python3.10/site-packages/tensorflow/core/framework/resource_handle_pb2.py:20\n  /opt/anaconda3/envs/testagent-experiment/lib/python3.10/site-packages/tensorflow/core/framework/resource_handle_pb2.py:20: DeprecationWarning: Call to deprecated create function FileDescriptor(). Note: Create unlinked descriptors is going to go away. Please use get/find descriptors from generated code or query the descriptor_pool.\n    DESCRIPTOR = _descriptor.FileDescriptor(\n\n../../../../../../../../opt/anaconda3/envs/testagent-experiment/lib/python3.10/site-packages/tensorflow/core/framework/resource_handle_pb2.py:39\n  /opt/anaconda3/envs/testagent-experiment/lib/python3.10/site-packages/tensorflow/core/framework/resource_handle_pb2.py:39: DeprecationWarning: Call to deprecated create function FieldDescriptor(). Note: Create unlinked descriptors is going to go away. Please use get/find descriptors from generated code or query the descriptor_pool.\n    _descriptor.FieldDescriptor(\n\n../../../../../../../../opt/anaconda3/envs/testagent-experiment/lib/python3.10/site-packages/tensorflow/core/framework/resource_handle_pb2.py:46\n  /opt/anaconda3/envs/testagent-experiment/lib/python3.10/site-packages/tensorflow/core/framework/resource_handle_pb2.py:46: DeprecationWarning: Call to deprecated create function FieldDescriptor(). Note: Create unlinked descriptors is going to go away. Please use get/find descriptors from generated code or query the descriptor_pool.\n    _descriptor.FieldDescriptor(\n\n../../../../../../../../opt/anaconda3/envs/testagent-experiment/lib/python3.10/site-packages/tensorflow/core/framework/resource_handle_pb2.py:32\n  /opt/anaconda3/envs/testagent-experiment/lib/python3.10/site-packages/tensorflow/core/framework/resource_handle_pb2.py:32: DeprecationWarning: Call to deprecated create function Descriptor(). Note: Create unlinked descriptors is going to go away. Please use get/find descriptors from generated code or query the descriptor_pool.\n    _RESOURCEHANDLEPROTO_DTYPEANDSHAPE = _descriptor.Descriptor(\n\n../../../../../../../../opt/anaconda3/envs/testagent-experiment/lib/python3.10/site-packages/tensorflow/core/framework/resource_handle_pb2.py:76\n  /opt/anaconda3/envs/testagent-experiment/lib/python3.10/site-packages/tensorflow/core/framework/resource_handle_pb2.py:76: DeprecationWarning: Call to deprecated create function FieldDescriptor(). Note: Create unlinked descriptors is going to go away. Please use get/find descriptors from generated code or query the descriptor_pool.\n    _descriptor.FieldDescriptor(\n\n../../../../../../../../opt/anaconda3/envs/testagent-experiment/lib/python3.10/site-packages/tensorflow/core/framework/resource_handle_pb2.py:83\n  /opt/anaconda3/envs/testagent-experiment/lib/python3.10/site-packages/tensorflow/core/framework/resource_handle_pb2.py:83: DeprecationWarning: Call to deprecated create function FieldDescriptor(). Note: Create unlinked descriptors is going to go away. Please use get/find descriptors from generated code or query the descriptor_pool.\n    _descriptor.FieldDescriptor(\n\n../../../../../../../../opt/anaconda3/envs/testagent-experiment/lib/python3.10/site-packages/tensorflow/core/framework/resource_handle_pb2.py:90\n  /opt/anaconda3/envs/testagent-experiment/lib/python3.10/site-packages/tensorflow/core/framework/resource_handle_pb2.py:90: DeprecationWarning: Call to deprecated create function FieldDescriptor(). Note: Create unlinked descriptors is going to go away. Please use get/find descriptors from generated code or query the descriptor_pool.\n    _descriptor.FieldDescriptor(\n\n../../../../../../../../opt/anaconda3/envs/testagent-experiment/lib/python3.10/site-packages/tensorflow/core/framework/resource_handle_pb2.py:97\n  /opt/anaconda3/envs/testagent-experiment/lib/python3.10/site-packages/tensorflow/core/framework/resource_handle_pb2.py:97: DeprecationWarning: Call to deprecated create function FieldDescriptor(). Note: Create unlinked descriptors is going to go away. Please use get/find descriptors from generated code or query the descriptor_pool.\n    _descriptor.FieldDescriptor(\n\n../../../../../../../../opt/anaconda3/envs/testagent-experiment/lib/python3.10/site-packages/tensorflow/core/framework/resource_handle_pb2.py:104\n  /opt/anaconda3/envs/testagent-experiment/lib/python3.10/site-packages/tensorflow/core/framework/resource_handle_pb2.py:104: DeprecationWarning: Call to deprecated create function FieldDescriptor(). Note: Create unlinked descriptors is going to go away. Please use get/find descriptors from generated code or query the descriptor_pool.\n    _descriptor.FieldDescriptor(\n\n../../../../../../../../opt/anaconda3/envs/testagent-experiment/lib/python3.10/site-packages/tensorflow/core/framework/resource_handle_pb2.py:111\n  /opt/anaconda3/envs/testagent-experiment/lib/python3.10/site-packages/tensorflow/core/framework/resource_handle_pb2.py:111: DeprecationWarning: Call to deprecated create function FieldDescriptor(). Note: Create unlinked descriptors is going to go away. Please use get/find descriptors from generated code or query the descriptor_pool.\n    _descriptor.FieldDescriptor(\n\n../../../../../../../../opt/anaconda3/envs/testagent-experiment/lib/python3.10/site-packages/tensorflow/core/framework/resource_handle_pb2.py:69\n  /opt/anaconda3/envs/testagent-experiment/lib/python3.10/site-packages/tensorflow/core/framework/resource_handle_pb2.py:69: DeprecationWarning: Call to deprecated create function Descriptor(). Note: Create unlinked descriptors is going to go away. Please use get/find descriptors from generated code or query the descriptor_pool.\n    _RESOURCEHANDLEPROTO = _descriptor.Descriptor(\n\n../../../../../../../../opt/anaconda3/envs/testagent-experiment/lib/python3.10/site-packages/tensorflow/core/framework/tensor_pb2.py:21\n  /opt/anaconda3/envs/testagent-experiment/lib/python3.10/site-packages/tensorflow/core/framework/tensor_pb2.py:21: DeprecationWarning: Call to deprecated create function FileDescriptor(). Note: Create unlinked descriptors is going to go away. Please use get/find descriptors from generated code or query the descriptor_pool.\n    DESCRIPTOR = _descriptor.FileDescriptor(\n\n../../../../../../../../opt/anaconda3/envs/testagent-experiment/lib/python3.10/site-packages/tensorflow/core/framework/tensor_pb2.py:40\n  /opt/anaconda3/envs/testagent-experiment/lib/python3.10/site-packages/tensorflow/core/framework/tensor_pb2.py:40: DeprecationWarning: Call to deprecated create function FieldDescriptor(). Note: Create unlinked descriptors is going to go away. Please use get/find descriptors from generated code or query the descriptor_pool.\n    _descriptor.FieldDescriptor(\n\n../../../../../../../../opt/anaconda3/envs/testagent-experiment/lib/python3.10/site-packages/tensorflow/core/framework/tensor_pb2.py:47\n  /opt/anaconda3/envs/testagent-experiment/lib/python3.10/site-packages/tensorflow/core/framework/tensor_pb2.py:47: DeprecationWarning: Call to deprecated create function FieldDescriptor(). Note: Create unlinked descriptors is going to go away. Please use get/find descriptors from generated code or query the descriptor_pool.\n    _descriptor.FieldDescriptor(\n\n../../../../../../../../opt/anaconda3/envs/testagent-experiment/lib/python3.10/site-packages/tensorflow/core/framework/tensor_pb2.py:54\n  /opt/anaconda3/envs/testagent-experiment/lib/python3.10/site-packages/tensorflow/core/framework/tensor_pb2.py:54: DeprecationWarning: Call to deprecated create function FieldDescriptor(). Note: Create unlinked descriptors is going to go away. Please use get/find descriptors from generated code or query the descriptor_pool.\n    _descriptor.FieldDescriptor(\n\n../../../../../../../../opt/anaconda3/envs/testagent-experiment/lib/python3.10/site-packages/tensorflow/core/framework/tensor_pb2.py:61\n  /opt/anaconda3/envs/testagent-experiment/lib/python3.10/site-packages/tensorflow/core/framework/tensor_pb2.py:61: DeprecationWarning: Call to deprecated create function FieldDescriptor(). Note: Create unlinked descriptors is going to go away. Please use get/find descriptors from generated code or query the descriptor_pool.\n    _descriptor.FieldDescriptor(\n\n../../../../../../../../opt/anaconda3/envs/testagent-experiment/lib/python3.10/site-packages/tensorflow/core/framework/tensor_pb2.py:68\n  /opt/anaconda3/envs/testagent-experiment/lib/python3.10/site-packages/tensorflow/core/framework/tensor_pb2.py:68: DeprecationWarning: Call to deprecated create function FieldDescriptor(). Note: Create unlinked descriptors is going to go away. Please use get/find descriptors from generated code or query the descriptor_pool.\n    _descriptor.FieldDescriptor(\n\n../../../../../../../../opt/anaconda3/envs/testagent-experiment/lib/python3.10/site-packages/tensorflow/core/framework/tensor_pb2.py:75\n  /opt/anaconda3/envs/testagent-experiment/lib/python3.10/site-packages/tensorflow/core/framework/tensor_pb2.py:75: DeprecationWarning: Call to deprecated create function FieldDescriptor(). Note: Create unlinked descriptors is going to go away. Please use get/find descriptors from generated code or query the descriptor_pool.\n    _descriptor.FieldDescriptor(\n\n../../../../../../../../opt/anaconda3/envs/testagent-experiment/lib/python3.10/site-packages/tensorflow/core/framework/tensor_pb2.py:82\n  /opt/anaconda3/envs/testagent-experiment/lib/python3.10/site-packages/tensorflow/core/framework/tensor_pb2.py:82: DeprecationWarning: Call to deprecated create function FieldDescriptor(). Note: Create unlinked descriptors is going to go away. Please use get/find descriptors from generated code or query the descriptor_pool.\n    _descriptor.FieldDescriptor(\n\n../../../../../../../../opt/anaconda3/envs/testagent-experiment/lib/python3.10/site-packages/tensorflow/core/framework/tensor_pb2.py:89\n  /opt/anaconda3/envs/testagent-experiment/lib/python3.10/site-packages/tensorflow/core/framework/tensor_pb2.py:89: DeprecationWarning: Call to deprecated create function FieldDescriptor(). Note: Create unlinked descriptors is going to go away. Please use get/find descriptors from generated code or query the descriptor_pool.\n    _descriptor.FieldDescriptor(\n\n../../../../../../../../opt/anaconda3/envs/testagent-experiment/lib/python3.10/site-packages/tensorflow/core/framework/tensor_pb2.py:96\n  /opt/anaconda3/envs/testagent-experiment/lib/python3.10/site-packages/tensorflow/core/framework/tensor_pb2.py:96: DeprecationWarning: Call to deprecated create function FieldDescriptor(). Note: Create unlinked descriptors is going to go away. Please use get/find descriptors from generated code or query the descriptor_pool.\n    _descriptor.FieldDescriptor(\n\n../../../../../../../../opt/anaconda3/envs/testagent-experiment/lib/python3.10/site-packages/tensorflow/core/framework/tensor_pb2.py:103\n  /opt/anaconda3/envs/testagent-experiment/lib/python3.10/site-packages/tensorflow/core/framework/tensor_pb2.py:103: DeprecationWarning: Call to deprecated create function FieldDescriptor(). Note: Create unlinked descriptors is going to go away. Please use get/find descriptors from generated code or query the descriptor_pool.\n    _descriptor.FieldDescriptor(\n\n../../../../../../../../opt/anaconda3/envs/testagent-experiment/lib/python3.10/site-packages/tensorflow/core/framework/tensor_pb2.py:110\n  /opt/anaconda3/envs/testagent-experiment/lib/python3.10/site-packages/tensorflow/core/framework/tensor_pb2.py:110: DeprecationWarning: Call to deprecated create function FieldDescriptor(). Note: Create unlinked descriptors is going to go away. Please use get/find descriptors from generated code or query the descriptor_pool.\n    _descriptor.FieldDescriptor(\n\n../../../../../../../../opt/anaconda3/envs/testagent-experiment/lib/python3.10/site-packages/tensorflow/core/framework/tensor_pb2.py:117\n  /opt/anaconda3/envs/testagent-experiment/lib/python3.10/site-packages/tensorflow/core/framework/tensor_pb2.py:117: DeprecationWarning: Call to deprecated create function FieldDescriptor(). Note: Create unlinked descriptors is going to go away. Please use get/find descriptors from generated code or query the descriptor_pool.\n    _descriptor.FieldDescriptor(\n\n../../../../../../../../opt/anaconda3/envs/testagent-experiment/lib/python3.10/site-packages/tensorflow/core/framework/tensor_pb2.py:124\n  /opt/anaconda3/envs/testagent-experiment/lib/python3.10/site-packages/tensorflow/core/framework/tensor_pb2.py:124: DeprecationWarning: Call to deprecated create function FieldDescriptor(). Note: Create unlinked descriptors is going to go away. Please use get/find descriptors from generated code or query the descriptor_pool.\n    _descriptor.FieldDescriptor(\n\n../../../../../../../../opt/anaconda3/envs/testagent-experiment/lib/python3.10/site-packages/tensorflow/core/framework/tensor_pb2.py:131\n  /opt/anaconda3/envs/testagent-experiment/lib/python3.10/site-packages/tensorflow/core/framework/tensor_pb2.py:131: DeprecationWarning: Call to deprecated create function FieldDescriptor(). Note: Create unlinked descriptors is going to go away. Please use get/find descriptors from generated code or query the descriptor_pool.\n    _descriptor.FieldDescriptor(\n\n../../../../../../../../opt/anaconda3/envs/testagent-experiment/lib/python3.10/site-packages/tensorflow/core/framework/tensor_pb2.py:138\n  /opt/anaconda3/envs/testagent-experiment/lib/python3.10/site-packages/tensorflow/core/framework/tensor_pb2.py:138: DeprecationWarning: Call to deprecated create function FieldDescriptor(). Note: Create unlinked descriptors is going to go away. Please use get/find descriptors from generated code or query the descriptor_pool.\n    _descriptor.FieldDescriptor(\n\n../../../../../../../../opt/anaconda3/envs/testagent-experiment/lib/python3.10/site-packages/tensorflow/core/framework/tensor_pb2.py:145\n  /opt/anaconda3/envs/testagent-experiment/lib/python3.10/site-packages/tensorflow/core/framework/tensor_pb2.py:145: DeprecationWarning: Call to deprecated create function FieldDescriptor(). Note: Create unlinked descriptors is going to go away. Please use get/find descriptors from generated code or query the descriptor_pool.\n    _descriptor.FieldDescriptor(\n\n../../../../../../../../opt/anaconda3/envs/testagent-experiment/lib/python3.10/site-packages/tensorflow/core/framework/tensor_pb2.py:152\n  /opt/anaconda3/envs/testagent-experiment/lib/python3.10/site-packages/tensorflow/core/framework/tensor_pb2.py:152: DeprecationWarning: Call to deprecated create function FieldDescriptor(). Note: Create unlinked descriptors is going to go away. Please use get/find descriptors from generated code or query the descriptor_pool.\n    _descriptor.FieldDescriptor(\n\n../../../../../../../../opt/anaconda3/envs/testagent-experiment/lib/python3.10/site-packages/tensorflow/core/framework/tensor_pb2.py:33\n  /opt/anaconda3/envs/testagent-experiment/lib/python3.10/site-packages/tensorflow/core/framework/tensor_pb2.py:33: DeprecationWarning: Call to deprecated create function Descriptor(). Note: Create unlinked descriptors is going to go away. Please use get/find descriptors from generated code or query the descriptor_pool.\n    _TENSORPROTO = _descriptor.Descriptor(\n\n../../../../../../../../opt/anaconda3/envs/testagent-experiment/lib/python3.10/site-packages/tensorflow/core/framework/tensor_pb2.py:183\n  /opt/anaconda3/envs/testagent-experiment/lib/python3.10/site-packages/tensorflow/core/framework/tensor_pb2.py:183: DeprecationWarning: Call to deprecated create function FieldDescriptor(). Note: Create unlinked descriptors is going to go away. Please use get/find descriptors from generated code or query the descriptor_pool.\n    _descriptor.FieldDescriptor(\n\n../../../../../../../../opt/anaconda3/envs/testagent-experiment/lib/python3.10/site-packages/tensorflow/core/framework/tensor_pb2.py:190\n  /opt/anaconda3/envs/testagent-experiment/lib/python3.10/site-packages/tensorflow/core/framework/tensor_pb2.py:190: DeprecationWarning: Call to deprecated create function FieldDescriptor(). Note: Create unlinked descriptors is going to go away. Please use get/find descriptors from generated code or query the descriptor_pool.\n    _descriptor.FieldDescriptor(\n\n../../../../../../../../opt/anaconda3/envs/testagent-experiment/lib/python3.10/site-packages/tensorflow/core/framework/tensor_pb2.py:197\n  /opt/anaconda3/envs/testagent-experiment/lib/python3.10/site-packages/tensorflow/core/framework/tensor_pb2.py:197: DeprecationWarning: Call to deprecated create function FieldDescriptor(). Note: Create unlinked descriptors is going to go away. Please use get/find descriptors from generated code or query the descriptor_pool.\n    _descriptor.FieldDescriptor(\n\n../../../../../../../../opt/anaconda3/envs/testagent-experiment/lib/python3.10/site-packages/tensorflow/core/framework/tensor_pb2.py:176\n  /opt/anaconda3/envs/testagent-experiment/lib/python3.10/site-packages/tensorflow/core/framework/tensor_pb2.py:176: DeprecationWarning: Call to deprecated create function Descriptor(). Note: Create unlinked descriptors is going to go away. Please use get/find descriptors from generated code or query the descriptor_pool.\n    _VARIANTTENSORDATAPROTO = _descriptor.Descriptor(\n\n../../../../../../../../opt/anaconda3/envs/testagent-experiment/lib/python3.10/site-packages/tensorflow/core/framework/attr_value_pb2.py:21\n  /opt/anaconda3/envs/testagent-experiment/lib/python3.10/site-packages/tensorflow/core/framework/attr_value_pb2.py:21: DeprecationWarning: Call to deprecated create function FileDescriptor(). Note: Create unlinked descriptors is going to go away. Please use get/find descriptors from generated code or query the descriptor_pool.\n    DESCRIPTOR = _descriptor.FileDescriptor(\n\n../../../../../../../../opt/anaconda3/envs/testagent-experiment/lib/python3.10/site-packages/tensorflow/core/framework/attr_value_pb2.py:40\n  /opt/anaconda3/envs/testagent-experiment/lib/python3.10/site-packages/tensorflow/core/framework/attr_value_pb2.py:40: DeprecationWarning: Call to deprecated create function FieldDescriptor(). Note: Create unlinked descriptors is going to go away. Please use get/find descriptors from generated code or query the descriptor_pool.\n    _descriptor.FieldDescriptor(\n\n../../../../../../../../opt/anaconda3/envs/testagent-experiment/lib/python3.10/site-packages/tensorflow/core/framework/attr_value_pb2.py:47\n  /opt/anaconda3/envs/testagent-experiment/lib/python3.10/site-packages/tensorflow/core/framework/attr_value_pb2.py:47: DeprecationWarning: Call to deprecated create function FieldDescriptor(). Note: Create unlinked descriptors is going to go away. Please use get/find descriptors from generated code or query the descriptor_pool.\n    _descriptor.FieldDescriptor(\n\n../../../../../../../../opt/anaconda3/envs/testagent-experiment/lib/python3.10/site-packages/tensorflow/core/framework/attr_value_pb2.py:54\n  /opt/anaconda3/envs/testagent-experiment/lib/python3.10/site-packages/tensorflow/core/framework/attr_value_pb2.py:54: DeprecationWarning: Call to deprecated create function FieldDescriptor(). Note: Create unlinked descriptors is going to go away. Please use get/find descriptors from generated code or query the descriptor_pool.\n    _descriptor.FieldDescriptor(\n\n../../../../../../../../opt/anaconda3/envs/testagent-experiment/lib/python3.10/site-packages/tensorflow/core/framework/attr_value_pb2.py:61\n  /opt/anaconda3/envs/testagent-experiment/lib/python3.10/site-packages/tensorflow/core/framework/attr_value_pb2.py:61: DeprecationWarning: Call to deprecated create function FieldDescriptor(). Note: Create unlinked descriptors is going to go away. Please use get/find descriptors from generated code or query the descriptor_pool.\n    _descriptor.FieldDescriptor(\n\n../../../../../../../../opt/anaconda3/envs/testagent-experiment/lib/python3.10/site-packages/tensorflow/core/framework/attr_value_pb2.py:68\n  /opt/anaconda3/envs/testagent-experiment/lib/python3.10/site-packages/tensorflow/core/framework/attr_value_pb2.py:68: DeprecationWarning: Call to deprecated create function FieldDescriptor(). Note: Create unlinked descriptors is going to go away. Please use get/find descriptors from generated code or query the descriptor_pool.\n    _descriptor.FieldDescriptor(\n\n../../../../../../../../opt/anaconda3/envs/testagent-experiment/lib/python3.10/site-packages/tensorflow/core/framework/attr_value_pb2.py:75\n  /opt/anaconda3/envs/testagent-experiment/lib/python3.10/site-packages/tensorflow/core/framework/attr_value_pb2.py:75: DeprecationWarning: Call to deprecated create function FieldDescriptor(). Note: Create unlinked descriptors is going to go away. Please use get/find descriptors from generated code or query the descriptor_pool.\n    _descriptor.FieldDescriptor(\n\n../../../../../../../../opt/anaconda3/envs/testagent-experiment/lib/python3.10/site-packages/tensorflow/core/framework/attr_value_pb2.py:82\n  /opt/anaconda3/envs/testagent-experiment/lib/python3.10/site-packages/tensorflow/core/framework/attr_value_pb2.py:82: DeprecationWarning: Call to deprecated create function FieldDescriptor(). Note: Create unlinked descriptors is going to go away. Please use get/find descriptors from generated code or query the descriptor_pool.\n    _descriptor.FieldDescriptor(\n\n../../../../../../../../opt/anaconda3/envs/testagent-experiment/lib/python3.10/site-packages/tensorflow/core/framework/attr_value_pb2.py:89\n  /opt/anaconda3/envs/testagent-experiment/lib/python3.10/site-packages/tensorflow/core/framework/attr_value_pb2.py:89: DeprecationWarning: Call to deprecated create function FieldDescriptor(). Note: Create unlinked descriptors is going to go away. Please use get/find descriptors from generated code or query the descriptor_pool.\n    _descriptor.FieldDescriptor(\n\n../../../../../../../../opt/anaconda3/envs/testagent-experiment/lib/python3.10/site-packages/tensorflow/core/framework/attr_value_pb2.py:33\n  /opt/anaconda3/envs/testagent-experiment/lib/python3.10/site-packages/tensorflow/core/framework/attr_value_pb2.py:33: DeprecationWarning: Call to deprecated create function Descriptor(). Note: Create unlinked descriptors is going to go away. Please use get/find descriptors from generated code or query the descriptor_pool.\n    _ATTRVALUE_LISTVALUE = _descriptor.Descriptor(\n\n../../../../../../../../opt/anaconda3/envs/testagent-experiment/lib/python3.10/site-packages/tensorflow/python/framework/dtypes.py:205\n  /opt/anaconda3/envs/testagent-experiment/lib/python3.10/site-packages/tensorflow/python/framework/dtypes.py:205: DeprecationWarning: `np.bool8` is a deprecated alias for `np.bool_`.  (Deprecated NumPy 1.24)\n    np.bool8: (False, True),\n\n../../../../../../../../opt/anaconda3/envs/testagent-experiment/lib/python3.10/site-packages/flatbuffers/compat.py:19\n  /opt/anaconda3/envs/testagent-experiment/lib/python3.10/site-packages/flatbuffers/compat.py:19: DeprecationWarning: the imp module is deprecated in favour of importlib and slated for removal in Python 3.12; see the module's documentation for alternative uses\n    import imp\n\n../../../../../../../../opt/anaconda3/envs/testagent-experiment/lib/python3.10/site-packages/tensorboard/compat/tensorflow_stub/dtypes.py:326\n  /opt/anaconda3/envs/testagent-experiment/lib/python3.10/site-packages/tensorboard/compat/tensorflow_stub/dtypes.py:326: DeprecationWarning: `np.bool8` is a deprecated alias for `np.bool_`.  (Deprecated NumPy 1.24)\n    np.bool8: (False, True),\n\n-- Docs: https://docs.pytest.org/en/stable/how-to/capture-warnings.html\n================================ tests coverage ================================\n______________ coverage: platform darwin, python 3.10.19-final-0 _______________\n\nName                                                       Stmts   Miss Branch BrPart  Cover   Missing\n------------------------------------------------------------------------------------------------------\ntests/test_tensorflow_python_ops_gen_encode_proto_ops.py     383    275    168      7    26%   30-40, 45-62, 71-111, 162-171, 177-269, 317, 330-335, 341-460, 506, 528-537, 543-673, 705-741, 761-777, 785-801, 824-850, 854\n------------------------------------------------------------------------------------------------------\nTOTAL                                                        383    275    168      7    26%\nCoverage XML written to file coverage.xml\n=========================== short test summary info ============================\nFAILED tests/test_tensorflow_python_ops_gen_encode_proto_ops.py::test_basic_proto_serialization[test_params0]\nFAILED tests/test_tensorflow_python_ops_gen_encode_proto_ops.py::test_basic_proto_serialization[test_params1]\nFAILED tests/test_tensorflow_python_ops_gen_encode_proto_ops.py::test_batch_processing_validation[test_params0]\nFAILED tests/test_tensorflow_python_ops_gen_encode_proto_ops.py::test_batch_processing_validation[test_params1]\nFAILED tests/test_tensorflow_python_ops_gen_encode_proto_ops.py::test_repetition_count_control[test_params0]\nFAILED tests/test_tensorflow_python_ops_gen_encode_proto_ops.py::test_repetition_count_control[test_params1]\nFAILED tests/test_tensorflow_python_ops_gen_encode_proto_ops.py::test_invalid_inputs\nFAILED tests/test_tensorflow_python_ops_gen_encode_proto_ops.py::test_edge_cases\nFAILED tests/test_tensorflow_python_ops_gen_encode_proto_ops.py::test_performance_baseline\n9 failed, 103 warnings in 3.32s\n\nError: exit 1",
    "exit_code.txt": "1",
    "analysis_plan.json": "{\n  \"status\": \"失败\",\n  \"passed\": 0,\n  \"failed\": 9,\n  \"errors\": 0,\n  \"collection_errors\": false,\n  \"block_limit\": 3,\n  \"failures\": [\n    {\n      \"test\": \"test_basic_proto_serialization[test_params0]\",\n      \"block_id\": \"CASE_01\",\n      \"error_type\": \"AttributeError\",\n      \"action\": \"fix_dependency\",\n      \"note\": \"mock路径错误：tensorflow.python.eager.execute.execute不存在\"\n    },\n    {\n      \"test\": \"test_batch_processing_validation[test_params0]\",\n      \"block_id\": \"CASE_02\",\n      \"error_type\": \"AttributeError\",\n      \"action\": \"fix_dependency\",\n      \"note\": \"mock路径错误：tensorflow.python.eager.execute.execute不存在\"\n    },\n    {\n      \"test\": \"test_repetition_count_control[test_params0]\",\n      \"block_id\": \"CASE_03\",\n      \"error_type\": \"AttributeError\",\n      \"action\": \"fix_dependency\",\n      \"note\": \"mock路径错误：tensorflow.python.eager.execute.execute不存在\"\n    }\n  ],\n  \"deferred\": [\n    {\n      \"test\": \"test_basic_proto_serialization[test_params1]\",\n      \"reason\": \"错误类型重复，跳过该块\"\n    },\n    {\n      \"test\": \"test_batch_processing_validation[test_params1]\",\n      \"reason\": \"错误类型重复，跳过该块\"\n    },\n    {\n      \"test\": \"test_repetition_count_control[test_params1]\",\n      \"reason\": \"错误类型重复，跳过该块\"\n    },\n    {\n      \"test\": \"test_invalid_inputs\",\n      \"reason\": \"错误类型重复，跳过该块\"\n    },\n    {\n      \"test\": \"test_edge_cases\",\n      \"reason\": \"错误类型重复，跳过该块\"\n    },\n    {\n      \"test\": \"test_performance_baseline\",\n      \"reason\": \"错误类型重复，跳过该块\"\n    }\n  ],\n  \"stop_recommended\": false,\n  \"stop_reason\": \"\"\n}",
    "analysis.md": "# 测试执行分析报告\n\n## 状态与统计\n- **状态**: 失败\n- **通过**: 0\n- **失败**: 9\n- **错误**: 0\n- **收集错误**: 否\n\n## 待修复 BLOCK 列表 (≤3)\n\n### 1. CASE_01 - 基本proto消息序列化\n- **测试**: test_basic_proto_serialization[test_params0]\n- **错误类型**: AttributeError\n- **修复动作**: fix_dependency\n- **原因**: mock路径错误：tensorflow.python.eager.execute.execute不存在\n\n### 2. CASE_02 - 批量处理验证\n- **测试**: test_batch_processing_validation[test_params0]\n- **错误类型**: AttributeError\n- **修复动作**: fix_dependency\n- **原因**: mock路径错误：tensorflow.python.eager.execute.execute不存在\n\n### 3. CASE_03 - 重复计数控制\n- **测试**: test_repetition_count_control[test_params0]\n- **错误类型**: AttributeError\n- **修复动作**: fix_dependency\n- **原因**: mock路径错误：tensorflow.python.eager.execute.execute不存在\n\n## 停止建议\n- **stop_recommended**: false\n- **stop_reason**: 无\n\n## 备注\n所有测试都因相同的mock路径错误而失败。需要修复HEADER BLOCK中的mock配置，使用正确的TensorFlow内部路径。",
    "final_report.md": "# tensorflow.python.ops.gen_encode_proto_ops 测试报告\n\n## 1. 执行摘要\n**测试完全失败**：所有9个测试用例均因mock配置错误而失败，主要阻塞项为错误的TensorFlow内部路径mock（使用了`tensorflow.python.eager.execute.execute`而非正确的`tensorflow.python.ops.gen_encode_proto_ops._execute.execute`）。\n\n## 2. 测试范围\n- **目标FQN**: `tensorflow.python.ops.gen_encode_proto_ops.encode_proto`\n- **测试环境**: pytest + 完全mock的TensorFlow内部依赖\n- **覆盖场景**: \n  - 基本proto消息序列化（CASE_01）\n  - 批量处理验证（CASE_02）\n  - 重复计数控制（CASE_03）\n- **未覆盖项**: \n  - descriptor_source格式验证（CASE_04，DEFERRED_SET）\n  - 类型兼容性检查（CASE_05，DEFERRED_SET）\n  - 边界情况、异常场景、性能测试\n\n## 3. 结果概览\n- **用例总数**: 9个（3个测试用例，每个参数化3组数据）\n- **通过**: 0个\n- **失败**: 9个（全部因相同原因失败）\n- **错误**: 0个\n- **主要失败点**: 所有测试用例均因AttributeError失败，mock路径配置错误\n\n## 4. 详细发现\n\n### 严重级别：阻塞性错误\n**问题**: Mock路径配置错误\n- **根因**: 测试代码中mock了错误的TensorFlow内部路径`tensorflow.python.eager.execute.execute`，而实际模块使用的是`tensorflow.python.ops.gen_encode_proto_ops._execute.execute`\n- **影响**: 所有测试用例无法执行，测试完全失败\n- **建议修复动作**: \n  1. 修正mock路径为正确的模块内部路径\n  2. 验证所有需要mock的依赖项：`_op_def_library._apply_op_helper`、`_execute.execute`、`_dispatch`\n  3. 确保mock配置与实际模块结构一致\n\n### 严重级别：设计缺陷\n**问题**: 测试设计未考虑模块内部结构\n- **根因**: 测试计划中未充分分析目标模块的实际依赖结构\n- **影响**: 测试代码无法正确隔离目标函数\n- **建议修复动作**: \n  1. 重新分析`gen_encode_proto_ops`模块的实际导入和调用链\n  2. 更新测试计划中的mock目标列表\n  3. 添加模块结构验证步骤\n\n## 5. 覆盖与风险\n- **需求覆盖**: 仅覆盖了SMOKE_SET（3个核心用例），但实际执行失败\n- **尚未覆盖的关键边界**:\n  1. descriptor_source四种格式处理（空字符串、\"local://\"、文件路径、\"bytes://<bytes>\"）\n  2. 类型兼容性验证（proto字段类型到TensorFlow dtype映射）\n  3. 批量形状一致性检查\n  4. 重复计数边界值（0值、最大值）\n  5. 异常场景处理（无效输入、形状不匹配）\n- **缺失信息风险**:\n  1. 缺少具体proto消息定义示例\n  2. 未验证子消息字段处理（只能序列化为DT_STRING）\n  3. uint64使用DT_INT64表示的特殊处理\n  4. 不同TensorFlow运行模式（eager/graph）的行为差异\n\n## 6. 后续动作（优先级排序）\n\n### P0（立即修复）\n1. **修复mock配置错误**\n   - 修正mock路径：`tensorflow.python.ops.gen_encode_proto_ops._execute.execute`\n   - 验证并修正所有相关mock目标\n   - 重新运行SMOKE_SET测试验证修复效果\n\n2. **验证模块内部结构**\n   - 分析`gen_encode_proto_ops`模块的实际导入关系\n   - 确认`_op_def_library`、`_execute`、`_dispatch`的正确访问路径\n   - 更新测试计划中的mock目标映射表\n\n### P1（核心功能测试）\n3. **完成SMOKE_SET测试修复**\n   - 确保CASE_01、CASE_02、CASE_03全部通过\n   - 验证基本功能、批量处理、重复计数的正确性\n   - 添加必要的proto消息模拟定义\n\n4. **启用DEFERRED_SET测试**\n   - 实现CASE_04（descriptor_source格式验证）\n   - 实现CASE_05（类型兼容性检查）\n   - 添加文件系统mock用于文件路径descriptor_source\n\n### P2（边界与异常测试）\n5. **补充边界情况测试**\n   - 空batch_shape处理\n   - sizes值为0的空字段\n   - 极端形状和重复计数\n   - 无效输入验证\n\n6. **添加异常场景测试**\n   - field_names非列表类型\n   - sizes与values形状不匹配\n   - values类型不兼容\n   - 无效message_type和descriptor_source\n\n### P3（完善与优化）\n7. **增强测试覆盖**\n   - 添加子消息字段处理测试\n   - 验证uint64到DT_INT64的转换\n   - 测试不同运行模式的行为\n   - 性能边界测试（可选）\n\n8. **测试代码优化**\n   - 启用strong断言\n   - 添加覆盖率检查\n   - 优化测试数据生成策略\n   - 完善测试文档和注释"
  },
  "stage_history": [
    {
      "stage": "understand_function",
      "status": "completed",
      "timestamp": "2026-01-24T12:53:45.648738",
      "attempts": 1,
      "error": null
    },
    {
      "stage": "generate_requirements",
      "status": "completed",
      "timestamp": "2026-01-24T12:54:26.901053",
      "attempts": 1,
      "error": null
    },
    {
      "stage": "design_test_plan",
      "status": "completed",
      "timestamp": "2026-01-24T12:56:29.910034",
      "attempts": 1,
      "error": null
    },
    {
      "stage": "generate_code",
      "status": "completed",
      "timestamp": "2026-01-24T13:01:15.933699",
      "attempts": 1,
      "error": null
    },
    {
      "stage": "execute_tests",
      "status": "completed",
      "timestamp": "2026-01-24T13:01:18.906198",
      "attempts": 1,
      "error": null
    },
    {
      "stage": "analyze_results",
      "status": "completed",
      "timestamp": "2026-01-24T13:02:51.661413",
      "attempts": 1,
      "error": null
    },
    {
      "stage": "generate_code",
      "status": "completed",
      "timestamp": "2026-01-24T13:07:58.521754",
      "attempts": 2,
      "error": null
    },
    {
      "stage": "execute_tests",
      "status": "completed",
      "timestamp": "2026-01-24T13:08:01.259435",
      "attempts": 2,
      "error": null
    },
    {
      "stage": "analyze_results",
      "status": "completed",
      "timestamp": "2026-01-24T13:09:36.409735",
      "attempts": 2,
      "error": null
    },
    {
      "stage": "generate_code",
      "status": "completed",
      "timestamp": "2026-01-24T13:18:07.280295",
      "attempts": 3,
      "error": null
    },
    {
      "stage": "execute_tests",
      "status": "completed",
      "timestamp": "2026-01-24T13:18:10.695208",
      "attempts": 3,
      "error": null
    },
    {
      "stage": "analyze_results",
      "status": "completed",
      "timestamp": "2026-01-24T13:19:18.643110",
      "attempts": 3,
      "error": null
    },
    {
      "stage": "generate_code",
      "status": "completed",
      "timestamp": "2026-01-24T13:25:52.904070",
      "attempts": 4,
      "error": null
    },
    {
      "stage": "execute_tests",
      "status": "completed",
      "timestamp": "2026-01-24T13:25:56.460091",
      "attempts": 4,
      "error": null
    },
    {
      "stage": "analyze_results",
      "status": "completed",
      "timestamp": "2026-01-24T13:27:15.074888",
      "attempts": 4,
      "error": null
    },
    {
      "stage": "generate_code",
      "status": "completed",
      "timestamp": "2026-01-24T13:41:54.434483",
      "attempts": 5,
      "error": null
    },
    {
      "stage": "execute_tests",
      "status": "completed",
      "timestamp": "2026-01-24T13:41:58.383260",
      "attempts": 5,
      "error": null
    },
    {
      "stage": "analyze_results",
      "status": "completed",
      "timestamp": "2026-01-24T13:43:08.632027",
      "attempts": 5,
      "error": null
    },
    {
      "stage": "generate_report",
      "status": "completed",
      "timestamp": "2026-01-24T13:44:06.270587",
      "attempts": 1,
      "error": null
    }
  ],
  "user_feedback": []
}