<?xml version="1.0" ?>
<coverage version="7.13.1" timestamp="1769241164164" lines-valid="239" lines-covered="209" line-rate="0.8745" branches-valid="36" branches-covered="22" branch-rate="0.6111" complexity="0">
	<!-- Generated by coverage.py: https://coverage.readthedocs.io/en/7.13.1 -->
	<!-- Based on https://raw.githubusercontent.com/cobertura/web/master/htdocs/xml/coverage-04.dtd -->
	<sources>
		<source>/Users/zzf1sh/Documents/Project/ATTest-CLI-main/exam/tensorflow/python.ops.gen_nn_ops</source>
	</sources>
	<packages>
		<package name="tests" line-rate="0.8745" branch-rate="0.6111" complexity="0">
			<classes>
				<class name="test_tensorflow_python_ops_gen_nn_ops.py" filename="tests/test_tensorflow_python_ops_gen_nn_ops.py" complexity="0" line-rate="0.8745" branch-rate="0.6111">
					<methods/>
					<lines>
						<line number="6" hits="1"/>
						<line number="7" hits="1"/>
						<line number="8" hits="1"/>
						<line number="9" hits="1"/>
						<line number="10" hits="1"/>
						<line number="13" hits="1"/>
						<line number="14" hits="1"/>
						<line number="17" hits="1"/>
						<line number="22" hits="1"/>
						<line number="23" hits="1"/>
						<line number="24" hits="1"/>
						<line number="25" hits="1"/>
						<line number="26" hits="1"/>
						<line number="29" hits="1"/>
						<line number="30" hits="1"/>
						<line number="33" hits="1"/>
						<line number="35" hits="1" branch="true" condition-coverage="100% (2/2)"/>
						<line number="36" hits="1"/>
						<line number="37" hits="1" branch="true" condition-coverage="100% (2/2)"/>
						<line number="38" hits="1"/>
						<line number="39" hits="1" branch="true" condition-coverage="50% (1/2)" missing-branches="42"/>
						<line number="40" hits="1"/>
						<line number="42" hits="0"/>
						<line number="45" hits="1"/>
						<line number="47" hits="1" branch="true" condition-coverage="50% (1/2)" missing-branches="50"/>
						<line number="48" hits="1"/>
						<line number="50" hits="0"/>
						<line number="52" hits="1" branch="true" condition-coverage="100% (2/2)"/>
						<line number="53" hits="1"/>
						<line number="54" hits="1"/>
						<line number="56" hits="1"/>
						<line number="57" hits="1"/>
						<line number="59" hits="1" branch="true" condition-coverage="50% (1/2)" missing-branches="62"/>
						<line number="60" hits="1"/>
						<line number="62" hits="0"/>
						<line number="65" hits="1"/>
						<line number="67" hits="0"/>
						<line number="69" hits="0"/>
						<line number="71" hits="0"/>
						<line number="75" hits="1"/>
						<line number="76" hits="1"/>
						<line number="78" hits="0"/>
						<line number="90" hits="1"/>
						<line number="93" hits="1"/>
						<line number="128" hits="1"/>
						<line number="131" hits="1"/>
						<line number="134" hits="1"/>
						<line number="143" hits="1"/>
						<line number="153" hits="1"/>
						<line number="157" hits="1"/>
						<line number="161" hits="1"/>
						<line number="167" hits="1"/>
						<line number="168" hits="1"/>
						<line number="169" hits="1"/>
						<line number="173" hits="1"/>
						<line number="182" hits="1"/>
						<line number="184" hits="1"/>
						<line number="190" hits="1"/>
						<line number="193" hits="1"/>
						<line number="219" hits="1"/>
						<line number="221" hits="1"/>
						<line number="222" hits="1"/>
						<line number="225" hits="1"/>
						<line number="228" hits="1"/>
						<line number="237" hits="1"/>
						<line number="247" hits="1"/>
						<line number="251" hits="1"/>
						<line number="255" hits="1"/>
						<line number="259" hits="1"/>
						<line number="268" hits="1"/>
						<line number="272" hits="1"/>
						<line number="273" hits="1"/>
						<line number="276" hits="1"/>
						<line number="280" hits="1"/>
						<line number="282" hits="1"/>
						<line number="285" hits="1"/>
						<line number="286" hits="1"/>
						<line number="290" hits="1"/>
						<line number="291" hits="1"/>
						<line number="300" hits="1"/>
						<line number="304" hits="1"/>
						<line number="308" hits="1"/>
						<line number="312" hits="1"/>
						<line number="318" hits="1"/>
						<line number="321" hits="1"/>
						<line number="407" hits="1"/>
						<line number="410" hits="1" branch="true" condition-coverage="100% (2/2)"/>
						<line number="412" hits="1"/>
						<line number="414" hits="1"/>
						<line number="417" hits="1"/>
						<line number="426" hits="1" branch="true" condition-coverage="50% (1/2)" missing-branches="447"/>
						<line number="427" hits="1"/>
						<line number="429" hits="1"/>
						<line number="430" hits="1" branch="true" condition-coverage="50% (1/2)" missing-branches="434"/>
						<line number="432" hits="1"/>
						<line number="434" hits="0"/>
						<line number="437" hits="1"/>
						<line number="441" hits="1" branch="true" condition-coverage="50% (1/2)" missing-branches="443"/>
						<line number="443" hits="0"/>
						<line number="447" hits="1" branch="true" condition-coverage="100% (2/2)"/>
						<line number="448" hits="1"/>
						<line number="451" hits="1"/>
						<line number="456" hits="1"/>
						<line number="458" hits="1"/>
						<line number="473" hits="1"/>
						<line number="474" hits="1"/>
						<line number="478" hits="1"/>
						<line number="486" hits="1"/>
						<line number="489" hits="1"/>
						<line number="492" hits="1"/>
						<line number="495" hits="1"/>
						<line number="504" hits="1"/>
						<line number="505" hits="1"/>
						<line number="509" hits="1"/>
						<line number="518" hits="1"/>
						<line number="524" hits="1"/>
						<line number="527" hits="1"/>
						<line number="540" hits="1"/>
						<line number="543" hits="1"/>
						<line number="544" hits="1"/>
						<line number="547" hits="1"/>
						<line number="548" hits="1"/>
						<line number="551" hits="1"/>
						<line number="552" hits="1"/>
						<line number="553" hits="1"/>
						<line number="564" hits="1"/>
						<line number="565" hits="1"/>
						<line number="568" hits="1"/>
						<line number="572" hits="1"/>
						<line number="577" hits="1"/>
						<line number="581" hits="1"/>
						<line number="589" hits="1"/>
						<line number="593" hits="1"/>
						<line number="598" hits="1"/>
						<line number="599" hits="1"/>
						<line number="600" hits="1"/>
						<line number="607" hits="1"/>
						<line number="609" hits="1"/>
						<line number="610" hits="1"/>
						<line number="612" hits="1"/>
						<line number="616" hits="1"/>
						<line number="617" hits="1"/>
						<line number="618" hits="1"/>
						<line number="625" hits="1"/>
						<line number="627" hits="1"/>
						<line number="628" hits="1"/>
						<line number="630" hits="1"/>
						<line number="635" hits="1"/>
						<line number="636" hits="1"/>
						<line number="639" hits="1"/>
						<line number="640" hits="1"/>
						<line number="642" hits="0"/>
						<line number="646" hits="0"/>
						<line number="647" hits="0" branch="true" condition-coverage="0% (0/2)" missing-branches="649,654"/>
						<line number="649" hits="0"/>
						<line number="651" hits="0"/>
						<line number="654" hits="0"/>
						<line number="656" hits="1"/>
						<line number="659" hits="1"/>
						<line number="660" hits="1"/>
						<line number="661" hits="1"/>
						<line number="662" hits="1"/>
						<line number="664" hits="1"/>
						<line number="665" hits="1"/>
						<line number="666" hits="1"/>
						<line number="673" hits="1"/>
						<line number="675" hits="1"/>
						<line number="676" hits="1"/>
						<line number="679" hits="1"/>
						<line number="682" hits="1"/>
						<line number="686" hits="1"/>
						<line number="694" hits="1"/>
						<line number="697" hits="0"/>
						<line number="699" hits="0"/>
						<line number="700" hits="0" branch="true" condition-coverage="0% (0/2)" missing-branches="701,703"/>
						<line number="701" hits="0"/>
						<line number="703" hits="0"/>
						<line number="705" hits="1"/>
						<line number="707" hits="1"/>
						<line number="728" hits="1" branch="true" condition-coverage="100% (2/2)"/>
						<line number="729" hits="1"/>
						<line number="730" hits="1"/>
						<line number="733" hits="1"/>
						<line number="734" hits="1"/>
						<line number="736" hits="1"/>
						<line number="737" hits="1"/>
						<line number="738" hits="1"/>
						<line number="745" hits="1"/>
						<line number="747" hits="1"/>
						<line number="748" hits="1"/>
						<line number="751" hits="1"/>
						<line number="755" hits="1"/>
						<line number="759" hits="1"/>
						<line number="761" hits="0"/>
						<line number="763" hits="0"/>
						<line number="764" hits="0" branch="true" condition-coverage="0% (0/2)" missing-branches="765,768"/>
						<line number="765" hits="0"/>
						<line number="766" hits="0"/>
						<line number="768" hits="0"/>
						<line number="773" hits="1"/>
						<line number="776" hits="1"/>
						<line number="800" hits="1"/>
						<line number="802" hits="1"/>
						<line number="803" hits="1"/>
						<line number="806" hits="1"/>
						<line number="809" hits="1"/>
						<line number="818" hits="1"/>
						<line number="828" hits="1"/>
						<line number="832" hits="1"/>
						<line number="836" hits="1"/>
						<line number="840" hits="1"/>
						<line number="841" hits="1"/>
						<line number="844" hits="1"/>
						<line number="847" hits="1" branch="true" condition-coverage="100% (2/2)"/>
						<line number="849" hits="1"/>
						<line number="851" hits="1"/>
						<line number="852" hits="1" branch="true" condition-coverage="50% (1/2)" missing-branches="exit"/>
						<line number="853" hits="1"/>
						<line number="855" hits="1"/>
						<line number="858" hits="1"/>
						<line number="861" hits="1"/>
						<line number="865" hits="1"/>
						<line number="867" hits="1"/>
						<line number="870" hits="1"/>
						<line number="871" hits="1"/>
						<line number="880" hits="1"/>
						<line number="882" hits="0"/>
						<line number="885" hits="0"/>
						<line number="892" hits="1"/>
						<line number="895" hits="1"/>
						<line number="896" hits="1"/>
						<line number="899" hits="1"/>
						<line number="902" hits="1"/>
						<line number="906" hits="1"/>
						<line number="907" hits="1"/>
						<line number="908" hits="1"/>
						<line number="914" hits="1" branch="true" condition-coverage="50% (1/2)" missing-branches="916"/>
						<line number="916" hits="0"/>
						<line number="917" hits="0"/>
					</lines>
				</class>
			</classes>
		</package>
	</packages>
</coverage>
