<?xml version="1.0" ?>
<coverage version="7.13.1" timestamp="1768748295749" lines-valid="468" lines-covered="320" line-rate="0.6838" branches-valid="122" branches-covered="66" branch-rate="0.541" complexity="0">
	<!-- Generated by coverage.py: https://coverage.readthedocs.io/en/7.13.1 -->
	<!-- Based on https://raw.githubusercontent.com/cobertura/web/master/htdocs/xml/coverage-04.dtd -->
	<sources>
		<source>/Users/zzf1sh/Documents/Project/TestAgent-CLI-main/exam/torch_group/nn.modules.loss</source>
	</sources>
	<packages>
		<package name="." line-rate="0" branch-rate="0" complexity="0">
			<classes>
				<class name="temp_footer_fix.py" filename="temp_footer_fix.py" complexity="0" line-rate="1" branch-rate="1">
					<methods/>
					<lines/>
				</class>
				<class name="test_fix_verification.py" filename="test_fix_verification.py" complexity="0" line-rate="0" branch-rate="0">
					<methods/>
					<lines>
						<line number="4" hits="0"/>
						<line number="5" hits="0"/>
						<line number="6" hits="0"/>
						<line number="8" hits="0"/>
						<line number="10" hits="0"/>
						<line number="11" hits="0"/>
						<line number="12" hits="0"/>
						<line number="14" hits="0"/>
						<line number="15" hits="0"/>
						<line number="16" hits="0"/>
						<line number="17" hits="0"/>
						<line number="18" hits="0"/>
						<line number="19" hits="0"/>
						<line number="20" hits="0"/>
						<line number="22" hits="0" branch="true" condition-coverage="0% (0/2)" missing-branches="23,26"/>
						<line number="23" hits="0"/>
						<line number="24" hits="0"/>
						<line number="26" hits="0"/>
						<line number="27" hits="0"/>
						<line number="29" hits="0"/>
						<line number="31" hits="0"/>
						<line number="32" hits="0"/>
						<line number="33" hits="0"/>
						<line number="35" hits="0"/>
						<line number="36" hits="0"/>
						<line number="37" hits="0"/>
						<line number="38" hits="0"/>
						<line number="39" hits="0"/>
						<line number="40" hits="0"/>
						<line number="41" hits="0"/>
						<line number="43" hits="0" branch="true" condition-coverage="0% (0/2)" missing-branches="44,47"/>
						<line number="44" hits="0"/>
						<line number="45" hits="0"/>
						<line number="47" hits="0"/>
						<line number="48" hits="0"/>
						<line number="50" hits="0"/>
						<line number="52" hits="0"/>
						<line number="53" hits="0"/>
						<line number="54" hits="0"/>
						<line number="56" hits="0"/>
						<line number="57" hits="0"/>
						<line number="58" hits="0"/>
						<line number="59" hits="0"/>
						<line number="60" hits="0"/>
						<line number="61" hits="0"/>
						<line number="62" hits="0"/>
						<line number="64" hits="0" branch="true" condition-coverage="0% (0/2)" missing-branches="65,68"/>
						<line number="65" hits="0"/>
						<line number="66" hits="0"/>
						<line number="68" hits="0"/>
						<line number="69" hits="0"/>
						<line number="71" hits="0"/>
						<line number="72" hits="0"/>
						<line number="73" hits="0"/>
						<line number="74" hits="0"/>
						<line number="76" hits="0"/>
						<line number="78" hits="0"/>
						<line number="79" hits="0"/>
						<line number="81" hits="0"/>
						<line number="82" hits="0"/>
						<line number="84" hits="0"/>
						<line number="85" hits="0"/>
						<line number="87" hits="0"/>
						<line number="88" hits="0"/>
						<line number="89" hits="0"/>
						<line number="91" hits="0" branch="true" condition-coverage="0% (0/2)" missing-branches="92,96"/>
						<line number="92" hits="0"/>
						<line number="93" hits="0"/>
						<line number="94" hits="0"/>
						<line number="96" hits="0"/>
						<line number="97" hits="0"/>
						<line number="99" hits="0"/>
						<line number="101" hits="0" branch="true" condition-coverage="0% (0/2)" missing-branches="exit,102"/>
						<line number="102" hits="0"/>
					</lines>
				</class>
			</classes>
		</package>
		<package name="tests" line-rate="0.8122" branch-rate="0.5893" complexity="0">
			<classes>
				<class name="test_torch_nn_modules_loss_g1.py" filename="tests/test_torch_nn_modules_loss_g1.py" complexity="0" line-rate="0.9295" branch-rate="0.7308">
					<methods/>
					<lines>
						<line number="6" hits="1"/>
						<line number="7" hits="1"/>
						<line number="8" hits="1"/>
						<line number="9" hits="1"/>
						<line number="10" hits="1"/>
						<line number="11" hits="1"/>
						<line number="14" hits="1"/>
						<line number="18" hits="1"/>
						<line number="21" hits="1"/>
						<line number="22" hits="1"/>
						<line number="24" hits="1"/>
						<line number="25" hits="1" branch="true" condition-coverage="100% (2/2)"/>
						<line number="26" hits="1"/>
						<line number="27" hits="1" branch="true" condition-coverage="100% (2/2)"/>
						<line number="28" hits="1"/>
						<line number="29" hits="1" branch="true" condition-coverage="50% (1/2)" missing-branches="32"/>
						<line number="30" hits="1"/>
						<line number="32" hits="0"/>
						<line number="34" hits="1"/>
						<line number="35" hits="1"/>
						<line number="37" hits="1"/>
						<line number="38" hits="1"/>
						<line number="39" hits="1" branch="true" condition-coverage="100% (2/2)"/>
						<line number="40" hits="1"/>
						<line number="41" hits="1" branch="true" condition-coverage="100% (2/2)"/>
						<line number="42" hits="1"/>
						<line number="43" hits="1" branch="true" condition-coverage="50% (1/2)" missing-branches="46"/>
						<line number="44" hits="1"/>
						<line number="46" hits="0"/>
						<line number="48" hits="1"/>
						<line number="49" hits="1"/>
						<line number="52" hits="1"/>
						<line number="54" hits="1"/>
						<line number="56" hits="1" branch="true" condition-coverage="50% (1/2)" missing-branches="57"/>
						<line number="57" hits="0"/>
						<line number="58" hits="1" branch="true" condition-coverage="50% (1/2)" missing-branches="60"/>
						<line number="59" hits="1"/>
						<line number="60" hits="0" branch="true" condition-coverage="0% (0/2)" missing-branches="61,63"/>
						<line number="61" hits="0"/>
						<line number="63" hits="0"/>
						<line number="67" hits="1"/>
						<line number="72" hits="1"/>
						<line number="75" hits="1"/>
						<line number="76" hits="1"/>
						<line number="79" hits="1"/>
						<line number="82" hits="1"/>
						<line number="85" hits="1"/>
						<line number="89" hits="1" branch="true" condition-coverage="100% (2/2)"/>
						<line number="90" hits="1"/>
						<line number="91" hits="1" branch="true" condition-coverage="50% (1/2)" missing-branches="95"/>
						<line number="92" hits="1"/>
						<line number="95" hits="1"/>
						<line number="98" hits="1"/>
						<line number="101" hits="1" branch="true" condition-coverage="100% (2/2)"/>
						<line number="103" hits="1"/>
						<line number="107" hits="1"/>
						<line number="111" hits="1" branch="true" condition-coverage="100% (2/2)"/>
						<line number="112" hits="1"/>
						<line number="114" hits="1"/>
						<line number="118" hits="1"/>
						<line number="124" hits="1"/>
						<line number="127" hits="1"/>
						<line number="128" hits="1"/>
						<line number="131" hits="1"/>
						<line number="134" hits="1"/>
						<line number="137" hits="1"/>
						<line number="141" hits="1" branch="true" condition-coverage="100% (2/2)"/>
						<line number="142" hits="1"/>
						<line number="143" hits="1" branch="true" condition-coverage="50% (1/2)" missing-branches="147"/>
						<line number="144" hits="1"/>
						<line number="147" hits="1"/>
						<line number="150" hits="1"/>
						<line number="153" hits="1" branch="true" condition-coverage="100% (2/2)"/>
						<line number="154" hits="1"/>
						<line number="156" hits="1"/>
						<line number="159" hits="1" branch="true" condition-coverage="100% (2/2)"/>
						<line number="161" hits="1"/>
						<line number="165" hits="1"/>
						<line number="169" hits="1" branch="true" condition-coverage="100% (2/2)"/>
						<line number="171" hits="1"/>
						<line number="172" hits="1"/>
						<line number="173" hits="1"/>
						<line number="174" hits="1" branch="true" condition-coverage="100% (2/2)"/>
						<line number="176" hits="1"/>
						<line number="177" hits="1"/>
						<line number="178" hits="1"/>
						<line number="179" hits="1" branch="true" condition-coverage="50% (1/2)" missing-branches="exit"/>
						<line number="181" hits="1"/>
						<line number="182" hits="1"/>
						<line number="183" hits="1"/>
						<line number="187" hits="1"/>
						<line number="190" hits="1"/>
						<line number="193" hits="1"/>
						<line number="197" hits="1"/>
						<line number="198" hits="1"/>
						<line number="201" hits="1"/>
						<line number="204" hits="1"/>
						<line number="207" hits="1"/>
						<line number="211" hits="1" branch="true" condition-coverage="50% (1/2)" missing-branches="213"/>
						<line number="212" hits="1"/>
						<line number="213" hits="0" branch="true" condition-coverage="0% (0/2)" missing-branches="215,220"/>
						<line number="215" hits="0"/>
						<line number="216" hits="0"/>
						<line number="220" hits="1"/>
						<line number="223" hits="1"/>
						<line number="226" hits="1"/>
						<line number="230" hits="1" branch="true" condition-coverage="50% (1/2)" missing-branches="233"/>
						<line number="231" hits="1"/>
						<line number="233" hits="0"/>
						<line number="237" hits="1"/>
						<line number="238" hits="1"/>
						<line number="243" hits="1"/>
						<line number="245" hits="1"/>
						<line number="258" hits="1"/>
						<line number="266" hits="1"/>
						<line number="269" hits="1"/>
						<line number="270" hits="1"/>
						<line number="273" hits="1"/>
						<line number="274" hits="1"/>
						<line number="277" hits="1"/>
						<line number="278" hits="1"/>
						<line number="279" hits="1"/>
						<line number="281" hits="1"/>
						<line number="282" hits="1"/>
						<line number="283" hits="1"/>
						<line number="284" hits="1"/>
						<line number="285" hits="1"/>
						<line number="287" hits="1"/>
						<line number="290" hits="1"/>
						<line number="291" hits="1"/>
						<line number="292" hits="1"/>
						<line number="296" hits="1"/>
						<line number="297" hits="1"/>
						<line number="300" hits="1"/>
						<line number="303" hits="1"/>
						<line number="304" hits="1"/>
						<line number="306" hits="1"/>
						<line number="308" hits="1"/>
						<line number="309" hits="1"/>
						<line number="312" hits="1"/>
						<line number="316" hits="1"/>
						<line number="317" hits="1"/>
						<line number="319" hits="1"/>
						<line number="322" hits="1"/>
						<line number="324" hits="1" branch="true" condition-coverage="100% (2/2)"/>
						<line number="326" hits="1"/>
						<line number="329" hits="1" branch="true" condition-coverage="100% (2/2)"/>
						<line number="330" hits="1"/>
						<line number="331" hits="1"/>
						<line number="333" hits="1"/>
						<line number="334" hits="1"/>
						<line number="337" hits="1"/>
						<line number="340" hits="1"/>
						<line number="341" hits="1"/>
						<line number="344" hits="1" branch="true" condition-coverage="50% (1/2)" missing-branches="345"/>
						<line number="345" hits="0"/>
					</lines>
				</class>
				<class name="test_torch_nn_modules_loss_g2.py" filename="tests/test_torch_nn_modules_loss_g2.py" complexity="0" line-rate="0.7353" branch-rate="0.4667">
					<methods/>
					<lines>
						<line number="6" hits="1"/>
						<line number="7" hits="1"/>
						<line number="8" hits="1"/>
						<line number="9" hits="1"/>
						<line number="10" hits="1"/>
						<line number="11" hits="1"/>
						<line number="14" hits="1"/>
						<line number="18" hits="1"/>
						<line number="21" hits="1"/>
						<line number="22" hits="1"/>
						<line number="25" hits="1"/>
						<line number="26" hits="1"/>
						<line number="29" hits="1"/>
						<line number="32" hits="1" branch="true" condition-coverage="50% (1/2)" missing-branches="33"/>
						<line number="33" hits="0"/>
						<line number="34" hits="1" branch="true" condition-coverage="100% (2/2)"/>
						<line number="35" hits="1"/>
						<line number="36" hits="1" branch="true" condition-coverage="50% (1/2)" missing-branches="39"/>
						<line number="37" hits="1"/>
						<line number="39" hits="0"/>
						<line number="41" hits="1"/>
						<line number="42" hits="1"/>
						<line number="46" hits="1"/>
						<line number="48" hits="1" branch="true" condition-coverage="50% (1/2)" missing-branches="49"/>
						<line number="49" hits="0"/>
						<line number="50" hits="1" branch="true" condition-coverage="50% (1/2)" missing-branches="52"/>
						<line number="51" hits="1"/>
						<line number="52" hits="0" branch="true" condition-coverage="0% (0/2)" missing-branches="53,55"/>
						<line number="53" hits="0"/>
						<line number="55" hits="0"/>
						<line number="57" hits="1"/>
						<line number="58" hits="1"/>
						<line number="60" hits="0" branch="true" condition-coverage="0% (0/2)" missing-branches="62,65"/>
						<line number="62" hits="0"/>
						<line number="65" hits="0"/>
						<line number="66" hits="0"/>
						<line number="67" hits="0"/>
						<line number="68" hits="0"/>
						<line number="70" hits="0" branch="true" condition-coverage="0% (0/2)" missing-branches="71,72"/>
						<line number="71" hits="0"/>
						<line number="72" hits="0" branch="true" condition-coverage="0% (0/2)" missing-branches="73,74"/>
						<line number="73" hits="0"/>
						<line number="74" hits="0" branch="true" condition-coverage="0% (0/2)" missing-branches="75,76"/>
						<line number="75" hits="0"/>
						<line number="76" hits="0" branch="true" condition-coverage="0% (0/2)" missing-branches="78,80"/>
						<line number="78" hits="0"/>
						<line number="80" hits="0"/>
						<line number="84" hits="1"/>
						<line number="88" hits="1"/>
						<line number="91" hits="1"/>
						<line number="92" hits="1"/>
						<line number="96" hits="1"/>
						<line number="99" hits="1"/>
						<line number="102" hits="1"/>
						<line number="105" hits="1"/>
						<line number="109" hits="1" branch="true" condition-coverage="50% (1/2)" missing-branches="112"/>
						<line number="110" hits="1"/>
						<line number="112" hits="0"/>
						<line number="116" hits="1"/>
						<line number="117" hits="1"/>
						<line number="120" hits="1"/>
						<line number="123" hits="1" branch="true" condition-coverage="50% (1/2)" missing-branches="124"/>
						<line number="124" hits="0"/>
						<line number="125" hits="1" branch="true" condition-coverage="50% (1/2)" missing-branches="129"/>
						<line number="126" hits="1"/>
						<line number="129" hits="1"/>
						<line number="133" hits="1" branch="true" condition-coverage="50% (1/2)" missing-branches="134"/>
						<line number="134" hits="0"/>
						<line number="137" hits="1"/>
						<line number="142" hits="1" branch="true" condition-coverage="100% (2/2)"/>
						<line number="144" hits="1"/>
						<line number="145" hits="1"/>
						<line number="147" hits="1"/>
						<line number="148" hits="1"/>
						<line number="152" hits="1" branch="true" condition-coverage="50% (1/2)" missing-branches="154"/>
						<line number="154" hits="0"/>
						<line number="155" hits="0"/>
						<line number="156" hits="0"/>
						<line number="158" hits="0"/>
						<line number="159" hits="1" branch="true" condition-coverage="100% (2/2)"/>
						<line number="161" hits="1"/>
						<line number="162" hits="1"/>
						<line number="163" hits="1"/>
						<line number="164" hits="1"/>
						<line number="165" hits="1" branch="true" condition-coverage="50% (1/2)" missing-branches="exit"/>
						<line number="167" hits="1"/>
						<line number="168" hits="1"/>
						<line number="169" hits="1"/>
						<line number="170" hits="1"/>
						<line number="174" hits="1"/>
						<line number="177" hits="1"/>
						<line number="181" hits="1"/>
						<line number="182" hits="1"/>
						<line number="186" hits="1"/>
						<line number="187" hits="1"/>
						<line number="190" hits="1"/>
						<line number="193" hits="1"/>
						<line number="196" hits="1"/>
						<line number="200" hits="1" branch="true" condition-coverage="50% (1/2)" missing-branches="202"/>
						<line number="201" hits="1"/>
						<line number="202" hits="0" branch="true" condition-coverage="0% (0/2)" missing-branches="204,211"/>
						<line number="204" hits="0"/>
						<line number="205" hits="0"/>
						<line number="211" hits="1"/>
						<line number="212" hits="1"/>
						<line number="213" hits="1"/>
						<line number="218" hits="1"/>
						<line number="219" hits="1"/>
						<line number="223" hits="1"/>
						<line number="226" hits="1"/>
						<line number="230" hits="1" branch="true" condition-coverage="50% (1/2)" missing-branches="233"/>
						<line number="231" hits="1"/>
						<line number="233" hits="0"/>
						<line number="237" hits="1"/>
						<line number="238" hits="1"/>
						<line number="243" hits="1"/>
						<line number="245" hits="1"/>
						<line number="249" hits="1" branch="true" condition-coverage="50% (1/2)" missing-branches="251"/>
						<line number="251" hits="0"/>
						<line number="252" hits="0"/>
						<line number="253" hits="1" branch="true" condition-coverage="50% (1/2)" missing-branches="259"/>
						<line number="255" hits="1"/>
						<line number="256" hits="1"/>
						<line number="257" hits="1"/>
						<line number="258" hits="1"/>
						<line number="259" hits="0" branch="true" condition-coverage="0% (0/2)" missing-branches="261,268"/>
						<line number="261" hits="0"/>
						<line number="262" hits="0"/>
						<line number="263" hits="0"/>
						<line number="264" hits="0"/>
						<line number="268" hits="1" branch="true" condition-coverage="50% (1/2)" missing-branches="exit"/>
						<line number="269" hits="1"/>
						<line number="270" hits="1"/>
						<line number="271" hits="1"/>
						<line number="288" hits="1"/>
						<line number="291" hits="1"/>
						<line number="292" hits="1"/>
						<line number="294" hits="0"/>
						<line number="295" hits="0"/>
						<line number="297" hits="0"/>
						<line number="298" hits="0"/>
						<line number="302" hits="0"/>
						<line number="303" hits="0"/>
						<line number="307" hits="0"/>
						<line number="308" hits="0"/>
						<line number="310" hits="1"/>
						<line number="314" hits="1"/>
						<line number="315" hits="1"/>
						<line number="316" hits="1"/>
						<line number="319" hits="1"/>
						<line number="320" hits="1"/>
						<line number="323" hits="1"/>
						<line number="324" hits="1"/>
						<line number="325" hits="1"/>
						<line number="328" hits="1"/>
						<line number="329" hits="1"/>
						<line number="332" hits="0"/>
						<line number="333" hits="0"/>
						<line number="334" hits="0"/>
						<line number="336" hits="0"/>
						<line number="337" hits="0"/>
						<line number="339" hits="1"/>
						<line number="341" hits="1"/>
						<line number="345" hits="1"/>
						<line number="346" hits="1"/>
						<line number="349" hits="1"/>
						<line number="350" hits="0"/>
						<line number="353" hits="0"/>
						<line number="356" hits="0"/>
						<line number="357" hits="0"/>
						<line number="358" hits="0"/>
						<line number="361" hits="0"/>
						<line number="362" hits="0"/>
						<line number="363" hits="0"/>
						<line number="365" hits="0"/>
						<line number="368" hits="0"/>
						<line number="371" hits="1"/>
						<line number="373" hits="1"/>
						<line number="374" hits="1"/>
						<line number="377" hits="1"/>
						<line number="381" hits="1"/>
						<line number="382" hits="1"/>
						<line number="385" hits="1"/>
						<line number="386" hits="1"/>
						<line number="387" hits="1"/>
						<line number="389" hits="1"/>
						<line number="392" hits="1"/>
						<line number="395" hits="1"/>
						<line number="396" hits="1"/>
						<line number="399" hits="1"/>
						<line number="400" hits="1"/>
						<line number="403" hits="1"/>
						<line number="406" hits="1"/>
						<line number="407" hits="1"/>
						<line number="409" hits="1"/>
						<line number="410" hits="1"/>
						<line number="414" hits="1"/>
						<line number="415" hits="1"/>
						<line number="416" hits="1"/>
						<line number="419" hits="1"/>
						<line number="422" hits="1"/>
						<line number="424" hits="1" branch="true" condition-coverage="100% (2/2)"/>
						<line number="426" hits="1"/>
						<line number="429" hits="1" branch="true" condition-coverage="100% (2/2)"/>
						<line number="430" hits="1"/>
						<line number="431" hits="1"/>
						<line number="432" hits="1" branch="true" condition-coverage="100% (2/2)"/>
						<line number="433" hits="1"/>
						<line number="434" hits="1"/>
						<line number="436" hits="1"/>
						<line number="437" hits="1"/>
						<line number="440" hits="1"/>
						<line number="443" hits="1"/>
						<line number="444" hits="1"/>
						<line number="448" hits="1"/>
						<line number="450" hits="1"/>
						<line number="453" hits="1"/>
						<line number="456" hits="1"/>
						<line number="459" hits="1"/>
						<line number="460" hits="1"/>
						<line number="463" hits="1"/>
						<line number="466" hits="1"/>
						<line number="469" hits="1"/>
						<line number="472" hits="1"/>
						<line number="473" hits="1"/>
						<line number="474" hits="1"/>
						<line number="476" hits="1"/>
						<line number="480" hits="1"/>
						<line number="481" hits="1"/>
						<line number="484" hits="1"/>
						<line number="485" hits="1"/>
						<line number="489" hits="1"/>
						<line number="490" hits="1"/>
						<line number="491" hits="1"/>
						<line number="492" hits="1"/>
						<line number="493" hits="1"/>
						<line number="496" hits="1" branch="true" condition-coverage="50% (1/2)" missing-branches="497"/>
						<line number="497" hits="0"/>
					</lines>
				</class>
			</classes>
		</package>
	</packages>
</coverage>
