{
  "workflow_id": "f6728ffe",
  "created_at": "2026-01-25T22:20:37.542605",
  "op": "tensorflow_python_training_checkpoint_management",
  "arch": "python",
  "soc": "python",
  "vendor": "python",
  "project_root": "/Users/zzf1sh/Documents/Project/TestAgent-CLI-main/exam/tensorflow/python.training.checkpoint_management",
  "target": "tensorflow.python.training.checkpoint_management",
  "target_slug": "tensorflow_python_training_checkpoint_management",
  "current_stage": "complete",
  "stage_index": 6,
  "mode": "full-auto",
  "epoch_total": 5,
  "epoch_current": 5,
  "last_failure_signature": "",
  "last_error_signature": "",
  "last_block_errors": {},
  "auto_stop_reason": "",
  "artifacts": {
    "function_doc.md": "# tensorflow.python.training.checkpoint_management - 函数说明\n\n## 1. 基本信息\n- **FQN**: tensorflow.python.training.checkpoint_management\n- **模块文件**: `/opt/anaconda3/envs/testagent-experiment/lib/python3.10/site-packages/tensorflow/python/training/checkpoint_management.py`\n- **签名**: 模块（包含多个函数和类）\n- **对象类型**: module\n\n## 2. 功能概述\nTensorFlow 检查点管理模块，提供保存和恢复变量的功能。包含检查点状态管理、文件操作、版本兼容性处理等工具。\n\n## 3. 参数说明\n模块包含多个函数和类，主要实体：\n\n**核心函数**：\n- `latest_checkpoint(checkpoint_dir, latest_filename=None)`: 查找最新检查点文件\n- `get_checkpoint_state(checkpoint_dir, latest_filename=None)`: 获取检查点状态\n- `checkpoint_exists(checkpoint_prefix)`: 检查检查点是否存在\n- `update_checkpoint_state()`: 更新检查点状态文件\n\n**核心类**：\n- `CheckpointManager`: 管理多个检查点，支持保留策略\n\n## 4. 返回值\n各函数返回类型：\n- `latest_checkpoint`: 字符串（检查点路径）或 None\n- `get_checkpoint_state`: CheckpointState 对象或 None\n- `checkpoint_exists`: 布尔值\n- `CheckpointManager`: 对象实例\n\n## 5. 文档要点\n- 支持 V1 和 V2 检查点格式（V2 优先）\n- 检查点文件命名约定：`.index` 文件标识 V2 检查点\n- 相对路径和绝对路径处理\n- 原子写入避免读写竞争条件\n\n## 6. 源码摘要\n- 关键路径：V2 检查点优先于 V1 检查点\n- 依赖：`file_io` 模块进行文件操作\n- 副作用：文件 I/O 操作，创建/删除检查点文件\n- 错误处理：捕获 `OpError` 和 `ParseError` 异常\n- 状态管理：通过 `checkpoint` 文件维护检查点状态\n\n## 7. 示例与用法\n```python\n# CheckpointManager 示例\ncheckpoint = tf.train.Checkpoint(optimizer=optimizer, model=model)\nmanager = tf.train.CheckpointManager(\n    checkpoint, directory=\"/tmp/model\", max_to_keep=5)\nstatus = checkpoint.restore(manager.latest_checkpoint)\nmanager.save()\n```\n\n## 8. 风险与空白\n- 模块包含多个函数和类，需要分别测试\n- 部分函数已标记为 deprecated（如 `checkpoint_exists`, `remove_checkpoint`）\n- 缺少详细的类型注解\n- 需要测试的边界情况：\n  - 空目录/不存在的目录\n  - 损坏的检查点文件\n  - 并发访问场景\n  - 相对路径与绝对路径混合使用\n  - V1 和 V2 格式兼容性\n  - 磁盘空间不足情况\n  - 权限问题\n- `CheckpointManager` 的 `init_fn` 参数文档不完整\n- 缺少对分布式环境的明确说明",
    "requirements.md": "# tensorflow.python.training.checkpoint_management 测试需求\n\n## 1. 目标与范围\n- 主要功能与期望行为：测试检查点管理模块的文件操作、状态管理、版本兼容性处理功能，包括检查点查找、状态获取、存在性验证和检查点管理器\n- 不在范围内的内容：具体的模型保存/恢复逻辑、分布式检查点同步、自定义检查点格式扩展\n\n## 2. 输入与约束\n- 参数列表（名称、类型/shape、默认值）：\n  - `checkpoint_dir`: str, 检查点目录路径\n  - `latest_filename`: str, 默认`None`，状态文件名\n  - `checkpoint_prefix`: str, 检查点文件前缀\n  - `directory`: str, CheckpointManager 的存储目录\n  - `max_to_keep`: int, 保留的最大检查点数\n  - `checkpoint_interval`: int, 保存间隔步数\n  - `init_fn`: callable, CheckpointManager 初始化函数\n- 有效取值范围/维度/设备要求：\n  - 目录路径：字符串，支持相对/绝对路径\n  - `max_to_keep`: 正整数，0表示不限制\n  - `checkpoint_interval`: 正整数\n- 必需与可选组合：\n  - `checkpoint_dir` 为必需参数\n  - `latest_filename` 为可选参数\n  - CheckpointManager 的 `directory` 和 `checkpoint` 为必需参数\n- 随机性/全局状态要求：\n  - 文件系统状态影响检查点查找结果\n  - 无随机性要求\n\n## 3. 输出与判定\n- 期望返回结构及关键字段：\n  - `latest_checkpoint`: str 或 None，最新检查点路径\n  - `get_checkpoint_state`: CheckpointState 对象或 None，包含 model_checkpoint_path 和 all_model_checkpoint_paths\n  - `checkpoint_exists`: bool，检查点是否存在\n  - CheckpointManager.save(): 返回保存的检查点路径\n- 容差/误差界（如浮点）：\n  - 无浮点误差要求\n  - 路径字符串精确匹配\n- 状态变化或副作用检查点：\n  - 文件系统：创建/删除检查点文件\n  - 状态文件：更新 `checkpoint` 文件内容\n  - CheckpointManager：维护检查点列表，执行保留策略\n\n## 4. 错误与异常场景\n- 非法输入/维度/类型触发的异常或警告：\n  - 非字符串路径参数触发 TypeError\n  - 不存在的目录返回 None 或空结果\n  - 损坏的检查点文件触发 ParseError\n  - 权限不足触发 OpError\n- 边界值（空、None、0 长度、极端形状/数值）：\n  - 空字符串目录路径\n  - `max_to_keep=0`（不限制保留数量）\n  - `max_to_keep=1`（仅保留最新）\n  - 磁盘空间不足场景\n  - 并发文件访问竞争条件\n\n## 5. 依赖与环境\n- 外部资源/设备/网络/文件依赖：\n  - 本地文件系统读写权限\n  - 临时目录用于测试文件操作\n  - 足够的磁盘空间\n- 需要 mock/monkeypatch 的部分：\n  - `tensorflow.python.training.checkpoint_management.file_io` 模块\n  - `tensorflow.python.training.checkpoint_management.os.path` 函数\n  - `tensorflow.python.training.checkpoint_management.gfile` 模块\n  - `tensorflow.python.training.checkpoint_management.Checkpoint` 类\n  - 文件系统异常（OpError, ParseError）\n\n## 6. 覆盖与优先级\n- 必测路径（高优先级，最多 5 条，短句）：\n  1. V2 检查点格式优先于 V1 格式的查找逻辑\n  2. CheckpointManager 的保留策略（max_to_keep）\n  3. 空目录和不存在的目录处理\n  4. 损坏检查点文件的异常处理\n  5. 相对路径与绝对路径兼容性\n- 可选路径（中/低优先级合并为一组列表）：\n  - 并发访问场景测试\n  - 大数量检查点的性能测试\n  - 跨平台路径分隔符处理\n  - 已弃用函数（checkpoint_exists, remove_checkpoint）的兼容性\n  - CheckpointManager.init_fn 参数功能验证\n  - 检查点间隔（checkpoint_interval）功能\n- 已知风险/缺失信息（仅列条目，不展开）：\n  - 缺少详细的类型注解\n  - 分布式环境说明不完整\n  - init_fn 参数文档不完整\n  - 部分函数已标记为 deprecated",
    "test_plan.json": "{\n  \"plan_version\": 2,\n  \"target\": \"tensorflow.python.training.checkpoint_management\",\n  \"block_rules\": {\n    \"header_block\": \"HEADER\",\n    \"footer_block\": \"FOOTER\",\n    \"case_prefix\": \"CASE_\",\n    \"case_format\": \"CASE_01\"\n  },\n  \"iteration_strategy\": {\n    \"round1\": {\n      \"include\": \"SMOKE_SET\",\n      \"assert_level\": \"weak\",\n      \"max_blocks\": 5\n    },\n    \"roundN\": {\n      \"only_fix_failed_blocks\": true,\n      \"block_limit\": 3,\n      \"promote_deferred\": true\n    },\n    \"final\": {\n      \"enable_strong_asserts\": true,\n      \"coverage_optional\": true\n    }\n  },\n  \"test_files\": {\n    \"default\": \"tests/test_tensorflow_python_training_checkpoint_management.py\",\n    \"all_pattern\": \"tests/test_tensorflow_python_training_checkpoint_management.py\"\n  },\n  \"cases\": [\n    {\n      \"tc_id\": \"TC-01\",\n      \"block_id\": \"CASE_01\",\n      \"name\": \"latest_checkpoint 基本功能\",\n      \"priority\": \"High\",\n      \"param_matrix\": [\n        {\n          \"checkpoint_dir\": \"/tmp/test_checkpoints\",\n          \"latest_filename\": null,\n          \"scenario\": \"v2_checkpoint_exists\"\n        }\n      ],\n      \"asserts\": {\n        \"weak\": [\"returns_string_or_none\", \"path_format_correct\", \"no_exception\"],\n        \"strong\": [\"exact_path_match\", \"v2_priority_over_v1\", \"state_file_consistency\"]\n      },\n      \"oracle\": \"manual_verification\",\n      \"assertion_level\": \"weak\",\n      \"size\": \"S\",\n      \"max_lines\": 70,\n      \"max_params\": 4,\n      \"is_parametrized\": true,\n      \"requires_mock\": true,\n      \"mock_targets\": [\n        \"tensorflow.python.training.checkpoint_management.file_io\",\n        \"tensorflow.python.training.checkpoint_management.os.path\"\n      ]\n    },\n    {\n      \"tc_id\": \"TC-02\",\n      \"block_id\": \"CASE_02\",\n      \"name\": \"get_checkpoint_state 状态管理\",\n      \"priority\": \"High\",\n      \"param_matrix\": [\n        {\n          \"checkpoint_dir\": \"/tmp/test_checkpoints\",\n          \"latest_filename\": \"checkpoint\",\n          \"scenario\": \"valid_state_file\"\n        }\n      ],\n      \"asserts\": {\n        \"weak\": [\"returns_checkpointstate_or_none\", \"has_model_checkpoint_path\", \"no_exception\"],\n        \"strong\": [\"all_paths_list_correct\", \"state_parsing_accurate\", \"file_io_called_correctly\"]\n      },\n      \"oracle\": \"manual_verification\",\n      \"assertion_level\": \"weak\",\n      \"size\": \"S\",\n      \"max_lines\": 75,\n      \"max_params\": 4,\n      \"is_parametrized\": true,\n      \"requires_mock\": true,\n      \"mock_targets\": [\n        \"tensorflow.python.training.checkpoint_management.file_io\",\n        \"tensorflow.python.training.checkpoint_management.os.path\"\n      ]\n    },\n    {\n      \"tc_id\": \"TC-03\",\n      \"block_id\": \"CASE_03\",\n      \"name\": \"CheckpointManager 保留策略\",\n      \"priority\": \"High\",\n      \"param_matrix\": [\n        {\n          \"directory\": \"/tmp/test_manager\",\n          \"max_to_keep\": 3,\n          \"checkpoint_interval\": 1,\n          \"scenario\": \"basic_retention\"\n        }\n      ],\n      \"asserts\": {\n        \"weak\": [\"manager_created\", \"save_returns_path\", \"no_exception\"],\n        \"strong\": [\"max_to_keep_respected\", \"checkpoint_list_maintained\", \"interval_respected\"]\n      },\n      \"oracle\": \"manual_verification\",\n      \"assertion_level\": \"weak\",\n      \"size\": \"M\",\n      \"max_lines\": 90,\n      \"max_params\": 5,\n      \"is_parametrized\": true,\n      \"requires_mock\": true,\n      \"mock_targets\": [\n        \"tensorflow.python.training.checkpoint_management.Checkpoint\",\n        \"tensorflow.python.training.checkpoint_management.file_io\",\n        \"tensorflow.python.training.checkpoint_management.gfile\"\n      ]\n    },\n    {\n      \"tc_id\": \"TC-04\",\n      \"block_id\": \"CASE_04\",\n      \"name\": \"空目录和不存在目录处理\",\n      \"priority\": \"High\",\n      \"param_matrix\": [\n        {\n          \"checkpoint_dir\": \"/tmp/nonexistent\",\n          \"latest_filename\": null,\n          \"scenario\": \"directory_not_exists\"\n        }\n      ],\n      \"asserts\": {\n        \"weak\": [\"returns_none_or_empty\", \"no_exception\"],\n        \"strong\": [\"error_handling_correct\", \"file_io_calls_appropriate\", \"graceful_degradation\"]\n      },\n      \"oracle\": \"manual_verification\",\n      \"assertion_level\": \"weak\",\n      \"size\": \"S\",\n      \"max_lines\": 65,\n      \"max_params\": 3,\n      \"is_parametrized\": true,\n      \"requires_mock\": true,\n      \"mock_targets\": [\n        \"tensorflow.python.training.checkpoint_management.file_io\",\n        \"tensorflow.python.training.checkpoint_management.os.path\"\n      ]\n    },\n    {\n      \"tc_id\": \"TC-05\",\n      \"block_id\": \"CASE_05\",\n      \"name\": \"损坏检查点文件异常处理\",\n      \"priority\": \"High\",\n      \"param_matrix\": [\n        {\n          \"checkpoint_dir\": \"/tmp/corrupted_checkpoints\",\n          \"latest_filename\": \"checkpoint\",\n          \"scenario\": \"corrupted_state_file\"\n        }\n      ],\n      \"asserts\": {\n        \"weak\": [\"handles_exception\", \"returns_none_or_default\", \"no_crash\"],\n        \"strong\": [\"exception_type_correct\", \"error_propagation_appropriate\", \"cleanup_performed\"]\n      },\n      \"oracle\": \"manual_verification\",\n      \"assertion_level\": \"weak\",\n      \"size\": \"S\",\n      \"max_lines\": 70,\n      \"max_params\": 3,\n      \"is_parametrized\": true,\n      \"requires_mock\": true,\n      \"mock_targets\": [\n        \"tensorflow.python.training.checkpoint_management.file_io\",\n        \"tensorflow.python.training.checkpoint_management.os.path\"\n      ]\n    }\n  ],\n  \"param_extensions\": [\n    {\n      \"base_block_id\": \"CASE_01\",\n      \"priority\": \"Medium\",\n      \"params\": {\n        \"checkpoint_dir\": \"/tmp/test_checkpoints_v1\",\n        \"latest_filename\": \"checkpoint\",\n        \"scenario\": \"v1_checkpoint_only\"\n      },\n      \"note\": \"V1格式检查点兼容性测试\"\n    },\n    {\n      \"base_block_id\": \"CASE_01\",\n      \"priority\": \"Medium\",\n      \"params\": {\n        \"checkpoint_dir\": \"/tmp/test_checkpoints_mixed\",\n        \"latest_filename\": null,\n        \"scenario\": \"v2_and_v1_mixed\"\n      },\n      \"note\": \"V2和V1混合格式测试\"\n    },\n    {\n      \"base_block_id\": \"CASE_03\",\n      \"priority\": \"Medium\",\n      \"params\": {\n        \"directory\": \"/tmp/test_manager_unlimited\",\n        \"max_to_keep\": 0,\n        \"checkpoint_interval\": 5,\n        \"scenario\": \"unlimited_retention\"\n      },\n      \"note\": \"max_to_keep=0（无限制保留）测试\"\n    },\n    {\n      \"base_block_id\": \"CASE_03\",\n      \"priority\": \"Medium\",\n      \"params\": {\n        \"directory\": \"/tmp/test_manager_single\",\n        \"max_to_keep\": 1,\n        \"checkpoint_interval\": 10,\n        \"scenario\": \"single_checkpoint_retention\"\n      },\n      \"note\": \"max_to_keep=1（仅保留最新）测试\"\n    },\n    {\n      \"base_block_id\": \"CASE_04\",\n      \"priority\": \"Medium\",\n      \"params\": {\n        \"checkpoint_dir\": \"\",\n        \"latest_filename\": null,\n        \"scenario\": \"empty_string_directory\"\n      },\n      \"note\": \"空字符串目录路径测试\"\n    }\n  ],\n  \"smoke_set\": [\"CASE_01\", \"CASE_02\", \"CASE_03\"],\n  \"deferred_set\": [\"CASE_04\", \"CASE_05\"]\n}",
    "test_plan.md": "# tensorflow.python.training.checkpoint_management 测试计划\n\n## 1. 测试策略\n- 单元测试框架：pytest\n- 隔离策略：mock/monkeypatch/fixtures（重点mock文件系统操作）\n- 随机性处理：无随机性要求，固定测试数据\n- 测试文件：单文件测试，集中管理所有测试用例\n\n## 2. 生成规格摘要（来自 test_plan.json）\n- **SMOKE_SET**: CASE_01, CASE_02, CASE_03（首轮生成）\n- **DEFERRED_SET**: CASE_04, CASE_05（后续迭代）\n- **测试文件路径**: tests/test_tensorflow_python_training_checkpoint_management.py\n- **断言分级策略**: 首轮使用weak断言，最终轮启用strong断言\n- **预算策略**: \n  - Size: S/M（小型到中型测试）\n  - max_lines: 65-90行\n  - max_params: 3-5个参数\n  - 所有用例均为参数化测试\n\n## 3. 数据与边界\n- **正常数据集**: 标准检查点目录结构，包含V1/V2格式检查点文件\n- **边界值测试**:\n  - 空字符串目录路径\n  - 不存在的目录\n  - max_to_keep=0（无限制保留）\n  - max_to_keep=1（仅保留最新）\n  - 损坏的检查点状态文件\n- **负例与异常场景**:\n  - 文件权限不足（OpError）\n  - 状态文件解析错误（ParseError）\n  - 并发文件访问竞争\n  - 磁盘空间不足\n\n## 4. 覆盖映射\n### 测试用例与需求对应关系\n| TC ID | 覆盖需求 | 优先级 | 备注 |\n|-------|----------|--------|------|\n| TC-01 | latest_checkpoint基本功能 | High | V2格式优先逻辑 |\n| TC-02 | get_checkpoint_state状态管理 | High | 状态文件解析 |\n| TC-03 | CheckpointManager保留策略 | High | max_to_keep功能 |\n| TC-04 | 空目录处理 | High | 错误处理路径 |\n| TC-05 | 损坏文件异常处理 | High | 异常处理逻辑 |\n\n### 参数扩展覆盖（Medium优先级）\n- V1格式检查点兼容性（CASE_01扩展）\n- V2和V1混合格式测试（CASE_01扩展）\n- max_to_keep=0无限制保留（CASE_03扩展）\n- max_to_keep=1仅保留最新（CASE_03扩展）\n- 空字符串目录路径（CASE_04扩展）\n\n### 尚未覆盖的风险点\n- 分布式环境检查点同步\n- 跨平台路径分隔符处理\n- 大数量检查点的性能影响\n- CheckpointManager.init_fn参数功能\n- 已弃用函数的完全兼容性\n\n## 5. Mock策略\n- **主要mock目标**: file_io, os.path, gfile模块\n- **mock目的**: 隔离文件系统操作，控制测试环境\n- **异常模拟**: OpError, ParseError等文件系统异常\n- **状态模拟**: 不同检查点格式和目录结构\n\n## 6. 迭代计划\n1. **首轮（Round1）**: 生成SMOKE_SET（3个核心用例），使用weak断言\n2. **后续轮（RoundN）**: 修复失败用例，逐步添加DEFERRED_SET\n3. **最终轮（Final）**: 启用strong断言，可选覆盖率检查",
    "tests/test_tensorflow_python_training_checkpoint_management.py": "\"\"\"\nTest cases for tensorflow.python.training.checkpoint_management module.\n\"\"\"\nimport os\nimport tempfile\nimport pytest\nfrom unittest import mock\nimport tensorflow as tf\nfrom tensorflow.python.training import checkpoint_management\n\n# ==== BLOCK:HEADER START ====\n# Test fixtures and helper functions\n# ==== BLOCK:HEADER END ====\n\n# ==== BLOCK:CASE_01 START ====\n# Placeholder for latest_checkpoint 基本功能\n# ==== BLOCK:CASE_01 END ====\n\n# ==== BLOCK:CASE_02 START ====\n# Placeholder for get_checkpoint_state 状态管理\n# ==== BLOCK:CASE_02 END ====\n\n# ==== BLOCK:CASE_03 START ====\n# Placeholder for CheckpointManager 保留策略\n# ==== BLOCK:CASE_03 END ====\n\n# ==== BLOCK:CASE_04 START ====\n# Placeholder for 空目录和不存在目录处理 (DEFERRED)\n# ==== BLOCK:CASE_04 END ====\n\n# ==== BLOCK:CASE_05 START ====\n# Placeholder for 损坏检查点文件异常处理 (DEFERRED)\n# ==== BLOCK:CASE_05 END ====\n\n# ==== BLOCK:FOOTER START ====\n# Additional test cases and cleanup\n# ==== BLOCK:FOOTER END ====",
    "execution_log.txt": "=== Run Tests ===\nFFFFFFFFFFFFFFFFEEEEEEEEEEEE.                                            [100%]\n==================================== ERRORS ====================================\n_ ERROR at setup of TestEmptyAndNonexistentDirectory.test_empty_and_nonexistent_directory[/tmp/nonexistent-None-directory_not_exists] _\n\nthing = <module 'tensorflow' from '/opt/anaconda3/envs/testagent-experiment/lib/python3.10/site-packages/tensorflow/__init__.py'>\ncomp = 'python', import_path = 'tensorflow.python'\n\n    def _dot_lookup(thing, comp, import_path):\n        try:\n>           return getattr(thing, comp)\nE           AttributeError: module 'tensorflow' has no attribute 'python'\n\n/opt/anaconda3/envs/testagent-experiment/lib/python3.10/unittest/mock.py:1248: AttributeError\n\nDuring handling of the above exception, another exception occurred:\n\n    @pytest.fixture\n    def mock_file_io():\n        \"\"\"Mock the file_io module to avoid actual file system operations.\"\"\"\n        # Use the correct import path that checkpoint_management uses\n>       with mock.patch('tensorflow.python.training.checkpoint_management.file_io') as mock_io:\n\ntests/test_tensorflow_python_training_checkpoint_management.py:25: \n_ _ _ _ _ _ _ _ _ _ _ _ _ _ _ _ _ _ _ _ _ _ _ _ _ _ _ _ _ _ _ _ _ _ _ _ _ _ _ _ \n/opt/anaconda3/envs/testagent-experiment/lib/python3.10/unittest/mock.py:1431: in __enter__\n    self.target = self.getter()\n/opt/anaconda3/envs/testagent-experiment/lib/python3.10/unittest/mock.py:1618: in <lambda>\n    getter = lambda: _importer(target)\n/opt/anaconda3/envs/testagent-experiment/lib/python3.10/unittest/mock.py:1261: in _importer\n    thing = _dot_lookup(thing, comp, import_path)\n_ _ _ _ _ _ _ _ _ _ _ _ _ _ _ _ _ _ _ _ _ _ _ _ _ _ _ _ _ _ _ _ _ _ _ _ _ _ _ _ \n\nthing = <module 'tensorflow' from '/opt/anaconda3/envs/testagent-experiment/lib/python3.10/site-packages/tensorflow/__init__.py'>\ncomp = 'python', import_path = 'tensorflow.python'\n\n    def _dot_lookup(thing, comp, import_path):\n        try:\n            return getattr(thing, comp)\n        except AttributeError:\n            __import__(import_path)\n>           return getattr(thing, comp)\nE           AttributeError: module 'tensorflow' has no attribute 'python'\n\n/opt/anaconda3/envs/testagent-experiment/lib/python3.10/unittest/mock.py:1251: AttributeError\n_ ERROR at setup of TestEmptyAndNonexistentDirectory.test_empty_and_nonexistent_directory[-None-empty_string_directory] _\n\nthing = <module 'tensorflow' from '/opt/anaconda3/envs/testagent-experiment/lib/python3.10/site-packages/tensorflow/__init__.py'>\ncomp = 'python', import_path = 'tensorflow.python'\n\n    def _dot_lookup(thing, comp, import_path):\n        try:\n>           return getattr(thing, comp)\nE           AttributeError: module 'tensorflow' has no attribute 'python'\n\n/opt/anaconda3/envs/testagent-experiment/lib/python3.10/unittest/mock.py:1248: AttributeError\n\nDuring handling of the above exception, another exception occurred:\n\n    @pytest.fixture\n    def mock_file_io():\n        \"\"\"Mock the file_io module to avoid actual file system operations.\"\"\"\n        # Use the correct import path that checkpoint_management uses\n>       with mock.patch('tensorflow.python.training.checkpoint_management.file_io') as mock_io:\n\ntests/test_tensorflow_python_training_checkpoint_management.py:25: \n_ _ _ _ _ _ _ _ _ _ _ _ _ _ _ _ _ _ _ _ _ _ _ _ _ _ _ _ _ _ _ _ _ _ _ _ _ _ _ _ \n/opt/anaconda3/envs/testagent-experiment/lib/python3.10/unittest/mock.py:1431: in __enter__\n    self.target = self.getter()\n/opt/anaconda3/envs/testagent-experiment/lib/python3.10/unittest/mock.py:1618: in <lambda>\n    getter = lambda: _importer(target)\n/opt/anaconda3/envs/testagent-experiment/lib/python3.10/unittest/mock.py:1261: in _importer\n    thing = _dot_lookup(thing, comp, import_path)\n_ _ _ _ _ _ _ _ _ _ _ _ _ _ _ _ _ _ _ _ _ _ _ _ _ _ _ _ _ _ _ _ _ _ _ _ _ _ _ _ \n\nthing = <module 'tensorflow' from '/opt/anaconda3/envs/testagent-experiment/lib/python3.10/site-packages/tensorflow/__init__.py'>\ncomp = 'python', import_path = 'tensorflow.python'\n\n    def _dot_lookup(thing, comp, import_path):\n        try:\n            return getattr(thing, comp)\n        except AttributeError:\n            __import__(import_path)\n>           return getattr(thing, comp)\nE           AttributeError: module 'tensorflow' has no attribute 'python'\n\n/opt/anaconda3/envs/testagent-experiment/lib/python3.10/unittest/mock.py:1251: AttributeError\n_ ERROR at setup of TestEmptyAndNonexistentDirectory.test_get_checkpoint_state_empty_directory _\n\nthing = <module 'tensorflow' from '/opt/anaconda3/envs/testagent-experiment/lib/python3.10/site-packages/tensorflow/__init__.py'>\ncomp = 'python', import_path = 'tensorflow.python'\n\n    def _dot_lookup(thing, comp, import_path):\n        try:\n>           return getattr(thing, comp)\nE           AttributeError: module 'tensorflow' has no attribute 'python'\n\n/opt/anaconda3/envs/testagent-experiment/lib/python3.10/unittest/mock.py:1248: AttributeError\n\nDuring handling of the above exception, another exception occurred:\n\n    @pytest.fixture\n    def mock_file_io():\n        \"\"\"Mock the file_io module to avoid actual file system operations.\"\"\"\n        # Use the correct import path that checkpoint_management uses\n>       with mock.patch('tensorflow.python.training.checkpoint_management.file_io') as mock_io:\n\ntests/test_tensorflow_python_training_checkpoint_management.py:25: \n_ _ _ _ _ _ _ _ _ _ _ _ _ _ _ _ _ _ _ _ _ _ _ _ _ _ _ _ _ _ _ _ _ _ _ _ _ _ _ _ \n/opt/anaconda3/envs/testagent-experiment/lib/python3.10/unittest/mock.py:1431: in __enter__\n    self.target = self.getter()\n/opt/anaconda3/envs/testagent-experiment/lib/python3.10/unittest/mock.py:1618: in <lambda>\n    getter = lambda: _importer(target)\n/opt/anaconda3/envs/testagent-experiment/lib/python3.10/unittest/mock.py:1261: in _importer\n    thing = _dot_lookup(thing, comp, import_path)\n_ _ _ _ _ _ _ _ _ _ _ _ _ _ _ _ _ _ _ _ _ _ _ _ _ _ _ _ _ _ _ _ _ _ _ _ _ _ _ _ \n\nthing = <module 'tensorflow' from '/opt/anaconda3/envs/testagent-experiment/lib/python3.10/site-packages/tensorflow/__init__.py'>\ncomp = 'python', import_path = 'tensorflow.python'\n\n    def _dot_lookup(thing, comp, import_path):\n        try:\n            return getattr(thing, comp)\n        except AttributeError:\n            __import__(import_path)\n>           return getattr(thing, comp)\nE           AttributeError: module 'tensorflow' has no attribute 'python'\n\n/opt/anaconda3/envs/testagent-experiment/lib/python3.10/unittest/mock.py:1251: AttributeError\n_ ERROR at setup of TestCorruptedCheckpointFile.test_corrupted_checkpoint_file[/tmp/corrupted_checkpoints-checkpoint-corrupted_state_file] _\n\nthing = <module 'tensorflow' from '/opt/anaconda3/envs/testagent-experiment/lib/python3.10/site-packages/tensorflow/__init__.py'>\ncomp = 'python', import_path = 'tensorflow.python'\n\n    def _dot_lookup(thing, comp, import_path):\n        try:\n>           return getattr(thing, comp)\nE           AttributeError: module 'tensorflow' has no attribute 'python'\n\n/opt/anaconda3/envs/testagent-experiment/lib/python3.10/unittest/mock.py:1248: AttributeError\n\nDuring handling of the above exception, another exception occurred:\n\n    @pytest.fixture\n    def mock_file_io():\n        \"\"\"Mock the file_io module to avoid actual file system operations.\"\"\"\n        # Use the correct import path that checkpoint_management uses\n>       with mock.patch('tensorflow.python.training.checkpoint_management.file_io') as mock_io:\n\ntests/test_tensorflow_python_training_checkpoint_management.py:25: \n_ _ _ _ _ _ _ _ _ _ _ _ _ _ _ _ _ _ _ _ _ _ _ _ _ _ _ _ _ _ _ _ _ _ _ _ _ _ _ _ \n/opt/anaconda3/envs/testagent-experiment/lib/python3.10/unittest/mock.py:1431: in __enter__\n    self.target = self.getter()\n/opt/anaconda3/envs/testagent-experiment/lib/python3.10/unittest/mock.py:1618: in <lambda>\n    getter = lambda: _importer(target)\n/opt/anaconda3/envs/testagent-experiment/lib/python3.10/unittest/mock.py:1261: in _importer\n    thing = _dot_lookup(thing, comp, import_path)\n_ _ _ _ _ _ _ _ _ _ _ _ _ _ _ _ _ _ _ _ _ _ _ _ _ _ _ _ _ _ _ _ _ _ _ _ _ _ _ _ \n\nthing = <module 'tensorflow' from '/opt/anaconda3/envs/testagent-experiment/lib/python3.10/site-packages/tensorflow/__init__.py'>\ncomp = 'python', import_path = 'tensorflow.python'\n\n    def _dot_lookup(thing, comp, import_path):\n        try:\n            return getattr(thing, comp)\n        except AttributeError:\n            __import__(import_path)\n>           return getattr(thing, comp)\nE           AttributeError: module 'tensorflow' has no attribute 'python'\n\n/opt/anaconda3/envs/testagent-experiment/lib/python3.10/unittest/mock.py:1251: AttributeError\n_ ERROR at setup of TestCorruptedCheckpointFile.test_corrupted_checkpoint_with_op_error _\n\nthing = <module 'tensorflow' from '/opt/anaconda3/envs/testagent-experiment/lib/python3.10/site-packages/tensorflow/__init__.py'>\ncomp = 'python', import_path = 'tensorflow.python'\n\n    def _dot_lookup(thing, comp, import_path):\n        try:\n>           return getattr(thing, comp)\nE           AttributeError: module 'tensorflow' has no attribute 'python'\n\n/opt/anaconda3/envs/testagent-experiment/lib/python3.10/unittest/mock.py:1248: AttributeError\n\nDuring handling of the above exception, another exception occurred:\n\n    @pytest.fixture\n    def mock_file_io():\n        \"\"\"Mock the file_io module to avoid actual file system operations.\"\"\"\n        # Use the correct import path that checkpoint_management uses\n>       with mock.patch('tensorflow.python.training.checkpoint_management.file_io') as mock_io:\n\ntests/test_tensorflow_python_training_checkpoint_management.py:25: \n_ _ _ _ _ _ _ _ _ _ _ _ _ _ _ _ _ _ _ _ _ _ _ _ _ _ _ _ _ _ _ _ _ _ _ _ _ _ _ _ \n/opt/anaconda3/envs/testagent-experiment/lib/python3.10/unittest/mock.py:1431: in __enter__\n    self.target = self.getter()\n/opt/anaconda3/envs/testagent-experiment/lib/python3.10/unittest/mock.py:1618: in <lambda>\n    getter = lambda: _importer(target)\n/opt/anaconda3/envs/testagent-experiment/lib/python3.10/unittest/mock.py:1261: in _importer\n    thing = _dot_lookup(thing, comp, import_path)\n_ _ _ _ _ _ _ _ _ _ _ _ _ _ _ _ _ _ _ _ _ _ _ _ _ _ _ _ _ _ _ _ _ _ _ _ _ _ _ _ \n\nthing = <module 'tensorflow' from '/opt/anaconda3/envs/testagent-experiment/lib/python3.10/site-packages/tensorflow/__init__.py'>\ncomp = 'python', import_path = 'tensorflow.python'\n\n    def _dot_lookup(thing, comp, import_path):\n        try:\n            return getattr(thing, comp)\n        except AttributeError:\n            __import__(import_path)\n>           return getattr(thing, comp)\nE           AttributeError: module 'tensorflow' has no attribute 'python'\n\n/opt/anaconda3/envs/testagent-experiment/lib/python3.10/unittest/mock.py:1251: AttributeError\n_ ERROR at setup of TestCorruptedCheckpointFile.test_latest_checkpoint_with_corrupted_state _\n\nthing = <module 'tensorflow' from '/opt/anaconda3/envs/testagent-experiment/lib/python3.10/site-packages/tensorflow/__init__.py'>\ncomp = 'python', import_path = 'tensorflow.python'\n\n    def _dot_lookup(thing, comp, import_path):\n        try:\n>           return getattr(thing, comp)\nE           AttributeError: module 'tensorflow' has no attribute 'python'\n\n/opt/anaconda3/envs/testagent-experiment/lib/python3.10/unittest/mock.py:1248: AttributeError\n\nDuring handling of the above exception, another exception occurred:\n\n    @pytest.fixture\n    def mock_file_io():\n        \"\"\"Mock the file_io module to avoid actual file system operations.\"\"\"\n        # Use the correct import path that checkpoint_management uses\n>       with mock.patch('tensorflow.python.training.checkpoint_management.file_io') as mock_io:\n\ntests/test_tensorflow_python_training_checkpoint_management.py:25: \n_ _ _ _ _ _ _ _ _ _ _ _ _ _ _ _ _ _ _ _ _ _ _ _ _ _ _ _ _ _ _ _ _ _ _ _ _ _ _ _ \n/opt/anaconda3/envs/testagent-experiment/lib/python3.10/unittest/mock.py:1431: in __enter__\n    self.target = self.getter()\n/opt/anaconda3/envs/testagent-experiment/lib/python3.10/unittest/mock.py:1618: in <lambda>\n    getter = lambda: _importer(target)\n/opt/anaconda3/envs/testagent-experiment/lib/python3.10/unittest/mock.py:1261: in _importer\n    thing = _dot_lookup(thing, comp, import_path)\n_ _ _ _ _ _ _ _ _ _ _ _ _ _ _ _ _ _ _ _ _ _ _ _ _ _ _ _ _ _ _ _ _ _ _ _ _ _ _ _ \n\nthing = <module 'tensorflow' from '/opt/anaconda3/envs/testagent-experiment/lib/python3.10/site-packages/tensorflow/__init__.py'>\ncomp = 'python', import_path = 'tensorflow.python'\n\n    def _dot_lookup(thing, comp, import_path):\n        try:\n            return getattr(thing, comp)\n        except AttributeError:\n            __import__(import_path)\n>           return getattr(thing, comp)\nE           AttributeError: module 'tensorflow' has no attribute 'python'\n\n/opt/anaconda3/envs/testagent-experiment/lib/python3.10/unittest/mock.py:1251: AttributeError\n_ ERROR at setup of TestCorruptedCheckpointFile.test_checkpoint_exists_with_corrupted_files _\n\nthing = <module 'tensorflow' from '/opt/anaconda3/envs/testagent-experiment/lib/python3.10/site-packages/tensorflow/__init__.py'>\ncomp = 'python', import_path = 'tensorflow.python'\n\n    def _dot_lookup(thing, comp, import_path):\n        try:\n>           return getattr(thing, comp)\nE           AttributeError: module 'tensorflow' has no attribute 'python'\n\n/opt/anaconda3/envs/testagent-experiment/lib/python3.10/unittest/mock.py:1248: AttributeError\n\nDuring handling of the above exception, another exception occurred:\n\n    @pytest.fixture\n    def mock_file_io():\n        \"\"\"Mock the file_io module to avoid actual file system operations.\"\"\"\n        # Use the correct import path that checkpoint_management uses\n>       with mock.patch('tensorflow.python.training.checkpoint_management.file_io') as mock_io:\n\ntests/test_tensorflow_python_training_checkpoint_management.py:25: \n_ _ _ _ _ _ _ _ _ _ _ _ _ _ _ _ _ _ _ _ _ _ _ _ _ _ _ _ _ _ _ _ _ _ _ _ _ _ _ _ \n/opt/anaconda3/envs/testagent-experiment/lib/python3.10/unittest/mock.py:1431: in __enter__\n    self.target = self.getter()\n/opt/anaconda3/envs/testagent-experiment/lib/python3.10/unittest/mock.py:1618: in <lambda>\n    getter = lambda: _importer(target)\n/opt/anaconda3/envs/testagent-experiment/lib/python3.10/unittest/mock.py:1261: in _importer\n    thing = _dot_lookup(thing, comp, import_path)\n_ _ _ _ _ _ _ _ _ _ _ _ _ _ _ _ _ _ _ _ _ _ _ _ _ _ _ _ _ _ _ _ _ _ _ _ _ _ _ _ \n\nthing = <module 'tensorflow' from '/opt/anaconda3/envs/testagent-experiment/lib/python3.10/site-packages/tensorflow/__init__.py'>\ncomp = 'python', import_path = 'tensorflow.python'\n\n    def _dot_lookup(thing, comp, import_path):\n        try:\n            return getattr(thing, comp)\n        except AttributeError:\n            __import__(import_path)\n>           return getattr(thing, comp)\nE           AttributeError: module 'tensorflow' has no attribute 'python'\n\n/opt/anaconda3/envs/testagent-experiment/lib/python3.10/unittest/mock.py:1251: AttributeError\n_______ ERROR at setup of TestCheckpointExists.test_checkpoint_exists_v2 _______\n\nthing = <module 'tensorflow' from '/opt/anaconda3/envs/testagent-experiment/lib/python3.10/site-packages/tensorflow/__init__.py'>\ncomp = 'python', import_path = 'tensorflow.python'\n\n    def _dot_lookup(thing, comp, import_path):\n        try:\n>           return getattr(thing, comp)\nE           AttributeError: module 'tensorflow' has no attribute 'python'\n\n/opt/anaconda3/envs/testagent-experiment/lib/python3.10/unittest/mock.py:1248: AttributeError\n\nDuring handling of the above exception, another exception occurred:\n\n    @pytest.fixture\n    def mock_file_io():\n        \"\"\"Mock the file_io module to avoid actual file system operations.\"\"\"\n        # Use the correct import path that checkpoint_management uses\n>       with mock.patch('tensorflow.python.training.checkpoint_management.file_io') as mock_io:\n\ntests/test_tensorflow_python_training_checkpoint_management.py:25: \n_ _ _ _ _ _ _ _ _ _ _ _ _ _ _ _ _ _ _ _ _ _ _ _ _ _ _ _ _ _ _ _ _ _ _ _ _ _ _ _ \n/opt/anaconda3/envs/testagent-experiment/lib/python3.10/unittest/mock.py:1431: in __enter__\n    self.target = self.getter()\n/opt/anaconda3/envs/testagent-experiment/lib/python3.10/unittest/mock.py:1618: in <lambda>\n    getter = lambda: _importer(target)\n/opt/anaconda3/envs/testagent-experiment/lib/python3.10/unittest/mock.py:1261: in _importer\n    thing = _dot_lookup(thing, comp, import_path)\n_ _ _ _ _ _ _ _ _ _ _ _ _ _ _ _ _ _ _ _ _ _ _ _ _ _ _ _ _ _ _ _ _ _ _ _ _ _ _ _ \n\nthing = <module 'tensorflow' from '/opt/anaconda3/envs/testagent-experiment/lib/python3.10/site-packages/tensorflow/__init__.py'>\ncomp = 'python', import_path = 'tensorflow.python'\n\n    def _dot_lookup(thing, comp, import_path):\n        try:\n            return getattr(thing, comp)\n        except AttributeError:\n            __import__(import_path)\n>           return getattr(thing, comp)\nE           AttributeError: module 'tensorflow' has no attribute 'python'\n\n/opt/anaconda3/envs/testagent-experiment/lib/python3.10/unittest/mock.py:1251: AttributeError\n_______ ERROR at setup of TestCheckpointExists.test_checkpoint_exists_v1 _______\n\nthing = <module 'tensorflow' from '/opt/anaconda3/envs/testagent-experiment/lib/python3.10/site-packages/tensorflow/__init__.py'>\ncomp = 'python', import_path = 'tensorflow.python'\n\n    def _dot_lookup(thing, comp, import_path):\n        try:\n>           return getattr(thing, comp)\nE           AttributeError: module 'tensorflow' has no attribute 'python'\n\n/opt/anaconda3/envs/testagent-experiment/lib/python3.10/unittest/mock.py:1248: AttributeError\n\nDuring handling of the above exception, another exception occurred:\n\n    @pytest.fixture\n    def mock_file_io():\n        \"\"\"Mock the file_io module to avoid actual file system operations.\"\"\"\n        # Use the correct import path that checkpoint_management uses\n>       with mock.patch('tensorflow.python.training.checkpoint_management.file_io') as mock_io:\n\ntests/test_tensorflow_python_training_checkpoint_management.py:25: \n_ _ _ _ _ _ _ _ _ _ _ _ _ _ _ _ _ _ _ _ _ _ _ _ _ _ _ _ _ _ _ _ _ _ _ _ _ _ _ _ \n/opt/anaconda3/envs/testagent-experiment/lib/python3.10/unittest/mock.py:1431: in __enter__\n    self.target = self.getter()\n/opt/anaconda3/envs/testagent-experiment/lib/python3.10/unittest/mock.py:1618: in <lambda>\n    getter = lambda: _importer(target)\n/opt/anaconda3/envs/testagent-experiment/lib/python3.10/unittest/mock.py:1261: in _importer\n    thing = _dot_lookup(thing, comp, import_path)\n_ _ _ _ _ _ _ _ _ _ _ _ _ _ _ _ _ _ _ _ _ _ _ _ _ _ _ _ _ _ _ _ _ _ _ _ _ _ _ _ \n\nthing = <module 'tensorflow' from '/opt/anaconda3/envs/testagent-experiment/lib/python3.10/site-packages/tensorflow/__init__.py'>\ncomp = 'python', import_path = 'tensorflow.python'\n\n    def _dot_lookup(thing, comp, import_path):\n        try:\n            return getattr(thing, comp)\n        except AttributeError:\n            __import__(import_path)\n>           return getattr(thing, comp)\nE           AttributeError: module 'tensorflow' has no attribute 'python'\n\n/opt/anaconda3/envs/testagent-experiment/lib/python3.10/unittest/mock.py:1251: AttributeError\n______ ERROR at setup of TestCheckpointExists.test_checkpoint_exists_none ______\n\nthing = <module 'tensorflow' from '/opt/anaconda3/envs/testagent-experiment/lib/python3.10/site-packages/tensorflow/__init__.py'>\ncomp = 'python', import_path = 'tensorflow.python'\n\n    def _dot_lookup(thing, comp, import_path):\n        try:\n>           return getattr(thing, comp)\nE           AttributeError: module 'tensorflow' has no attribute 'python'\n\n/opt/anaconda3/envs/testagent-experiment/lib/python3.10/unittest/mock.py:1248: AttributeError\n\nDuring handling of the above exception, another exception occurred:\n\n    @pytest.fixture\n    def mock_file_io():\n        \"\"\"Mock the file_io module to avoid actual file system operations.\"\"\"\n        # Use the correct import path that checkpoint_management uses\n>       with mock.patch('tensorflow.python.training.checkpoint_management.file_io') as mock_io:\n\ntests/test_tensorflow_python_training_checkpoint_management.py:25: \n_ _ _ _ _ _ _ _ _ _ _ _ _ _ _ _ _ _ _ _ _ _ _ _ _ _ _ _ _ _ _ _ _ _ _ _ _ _ _ _ \n/opt/anaconda3/envs/testagent-experiment/lib/python3.10/unittest/mock.py:1431: in __enter__\n    self.target = self.getter()\n/opt/anaconda3/envs/testagent-experiment/lib/python3.10/unittest/mock.py:1618: in <lambda>\n    getter = lambda: _importer(target)\n/opt/anaconda3/envs/testagent-experiment/lib/python3.10/unittest/mock.py:1261: in _importer\n    thing = _dot_lookup(thing, comp, import_path)\n_ _ _ _ _ _ _ _ _ _ _ _ _ _ _ _ _ _ _ _ _ _ _ _ _ _ _ _ _ _ _ _ _ _ _ _ _ _ _ _ \n\nthing = <module 'tensorflow' from '/opt/anaconda3/envs/testagent-experiment/lib/python3.10/site-packages/tensorflow/__init__.py'>\ncomp = 'python', import_path = 'tensorflow.python'\n\n    def _dot_lookup(thing, comp, import_path):\n        try:\n            return getattr(thing, comp)\n        except AttributeError:\n            __import__(import_path)\n>           return getattr(thing, comp)\nE           AttributeError: module 'tensorflow' has no attribute 'python'\n\n/opt/anaconda3/envs/testagent-experiment/lib/python3.10/unittest/mock.py:1251: AttributeError\n_ ERROR at setup of TestUpdateCheckpointState.test_update_checkpoint_state_basic _\n\nthing = <module 'tensorflow' from '/opt/anaconda3/envs/testagent-experiment/lib/python3.10/site-packages/tensorflow/__init__.py'>\ncomp = 'python', import_path = 'tensorflow.python'\n\n    def _dot_lookup(thing, comp, import_path):\n        try:\n>           return getattr(thing, comp)\nE           AttributeError: module 'tensorflow' has no attribute 'python'\n\n/opt/anaconda3/envs/testagent-experiment/lib/python3.10/unittest/mock.py:1248: AttributeError\n\nDuring handling of the above exception, another exception occurred:\n\n    @pytest.fixture\n    def mock_file_io():\n        \"\"\"Mock the file_io module to avoid actual file system operations.\"\"\"\n        # Use the correct import path that checkpoint_management uses\n>       with mock.patch('tensorflow.python.training.checkpoint_management.file_io') as mock_io:\n\ntests/test_tensorflow_python_training_checkpoint_management.py:25: \n_ _ _ _ _ _ _ _ _ _ _ _ _ _ _ _ _ _ _ _ _ _ _ _ _ _ _ _ _ _ _ _ _ _ _ _ _ _ _ _ \n/opt/anaconda3/envs/testagent-experiment/lib/python3.10/unittest/mock.py:1431: in __enter__\n    self.target = self.getter()\n/opt/anaconda3/envs/testagent-experiment/lib/python3.10/unittest/mock.py:1618: in <lambda>\n    getter = lambda: _importer(target)\n/opt/anaconda3/envs/testagent-experiment/lib/python3.10/unittest/mock.py:1261: in _importer\n    thing = _dot_lookup(thing, comp, import_path)\n_ _ _ _ _ _ _ _ _ _ _ _ _ _ _ _ _ _ _ _ _ _ _ _ _ _ _ _ _ _ _ _ _ _ _ _ _ _ _ _ \n\nthing = <module 'tensorflow' from '/opt/anaconda3/envs/testagent-experiment/lib/python3.10/site-packages/tensorflow/__init__.py'>\ncomp = 'python', import_path = 'tensorflow.python'\n\n    def _dot_lookup(thing, comp, import_path):\n        try:\n            return getattr(thing, comp)\n        except AttributeError:\n            __import__(import_path)\n>           return getattr(thing, comp)\nE           AttributeError: module 'tensorflow' has no attribute 'python'\n\n/opt/anaconda3/envs/testagent-experiment/lib/python3.10/unittest/mock.py:1251: AttributeError\n_____ ERROR at setup of TestRemoveCheckpoint.test_remove_checkpoint_basic ______\n\nthing = <module 'tensorflow' from '/opt/anaconda3/envs/testagent-experiment/lib/python3.10/site-packages/tensorflow/__init__.py'>\ncomp = 'python', import_path = 'tensorflow.python'\n\n    def _dot_lookup(thing, comp, import_path):\n        try:\n>           return getattr(thing, comp)\nE           AttributeError: module 'tensorflow' has no attribute 'python'\n\n/opt/anaconda3/envs/testagent-experiment/lib/python3.10/unittest/mock.py:1248: AttributeError\n\nDuring handling of the above exception, another exception occurred:\n\n    @pytest.fixture\n    def mock_file_io():\n        \"\"\"Mock the file_io module to avoid actual file system operations.\"\"\"\n        # Use the correct import path that checkpoint_management uses\n>       with mock.patch('tensorflow.python.training.checkpoint_management.file_io') as mock_io:\n\ntests/test_tensorflow_python_training_checkpoint_management.py:25: \n_ _ _ _ _ _ _ _ _ _ _ _ _ _ _ _ _ _ _ _ _ _ _ _ _ _ _ _ _ _ _ _ _ _ _ _ _ _ _ _ \n/opt/anaconda3/envs/testagent-experiment/lib/python3.10/unittest/mock.py:1431: in __enter__\n    self.target = self.getter()\n/opt/anaconda3/envs/testagent-experiment/lib/python3.10/unittest/mock.py:1618: in <lambda>\n    getter = lambda: _importer(target)\n/opt/anaconda3/envs/testagent-experiment/lib/python3.10/unittest/mock.py:1261: in _importer\n    thing = _dot_lookup(thing, comp, import_path)\n_ _ _ _ _ _ _ _ _ _ _ _ _ _ _ _ _ _ _ _ _ _ _ _ _ _ _ _ _ _ _ _ _ _ _ _ _ _ _ _ \n\nthing = <module 'tensorflow' from '/opt/anaconda3/envs/testagent-experiment/lib/python3.10/site-packages/tensorflow/__init__.py'>\ncomp = 'python', import_path = 'tensorflow.python'\n\n    def _dot_lookup(thing, comp, import_path):\n        try:\n            return getattr(thing, comp)\n        except AttributeError:\n            __import__(import_path)\n>           return getattr(thing, comp)\nE           AttributeError: module 'tensorflow' has no attribute 'python'\n\n/opt/anaconda3/envs/testagent-experiment/lib/python3.10/unittest/mock.py:1251: AttributeError\n=================================== FAILURES ===================================\n_ TestLatestCheckpoint.test_latest_checkpoint_basic[/tmp/test_checkpoints-None-v2_checkpoint_exists] _\n\nthing = <module 'tensorflow' from '/opt/anaconda3/envs/testagent-experiment/lib/python3.10/site-packages/tensorflow/__init__.py'>\ncomp = 'python', import_path = 'tensorflow.python'\n\n    def _dot_lookup(thing, comp, import_path):\n        try:\n>           return getattr(thing, comp)\nE           AttributeError: module 'tensorflow' has no attribute 'python'\n\n/opt/anaconda3/envs/testagent-experiment/lib/python3.10/unittest/mock.py:1248: AttributeError\n\nDuring handling of the above exception, another exception occurred:\n\nself = <test_tensorflow_python_training_checkpoint_management.TestLatestCheckpoint object at 0x14d021c00>\ncheckpoint_dir = '/tmp/test_checkpoints', latest_filename = None\nscenario = 'v2_checkpoint_exists'\n\n    @pytest.mark.parametrize(\"checkpoint_dir,latest_filename,scenario\", [\n        (\"/tmp/test_checkpoints\", None, \"v2_checkpoint_exists\"),\n        (\"/tmp/test_checkpoints_v1\", \"checkpoint\", \"v1_checkpoint_only\"),\n        (\"/tmp/test_checkpoints_mixed\", None, \"v2_and_v1_mixed\"),\n    ])\n    def test_latest_checkpoint_basic(self, checkpoint_dir, latest_filename, scenario):\n        \"\"\"Test basic functionality of latest_checkpoint with different scenarios.\"\"\"\n        # Mock get_checkpoint_state to return a valid checkpoint state\n        checkpoint_state = create_checkpoint_state_proto(\n            model_checkpoint_path=\"model.ckpt-1000\"\n        )\n    \n        # Mock get_checkpoint_state function\n>       with mock.patch('tensorflow.python.training.checkpoint_management.get_checkpoint_state') as mock_get_state:\n\ntests/test_tensorflow_python_training_checkpoint_management.py:78: \n_ _ _ _ _ _ _ _ _ _ _ _ _ _ _ _ _ _ _ _ _ _ _ _ _ _ _ _ _ _ _ _ _ _ _ _ _ _ _ _ \n/opt/anaconda3/envs/testagent-experiment/lib/python3.10/unittest/mock.py:1431: in __enter__\n    self.target = self.getter()\n/opt/anaconda3/envs/testagent-experiment/lib/python3.10/unittest/mock.py:1618: in <lambda>\n    getter = lambda: _importer(target)\n/opt/anaconda3/envs/testagent-experiment/lib/python3.10/unittest/mock.py:1261: in _importer\n    thing = _dot_lookup(thing, comp, import_path)\n_ _ _ _ _ _ _ _ _ _ _ _ _ _ _ _ _ _ _ _ _ _ _ _ _ _ _ _ _ _ _ _ _ _ _ _ _ _ _ _ \n\nthing = <module 'tensorflow' from '/opt/anaconda3/envs/testagent-experiment/lib/python3.10/site-packages/tensorflow/__init__.py'>\ncomp = 'python', import_path = 'tensorflow.python'\n\n    def _dot_lookup(thing, comp, import_path):\n        try:\n            return getattr(thing, comp)\n        except AttributeError:\n            __import__(import_path)\n>           return getattr(thing, comp)\nE           AttributeError: module 'tensorflow' has no attribute 'python'\n\n/opt/anaconda3/envs/testagent-experiment/lib/python3.10/unittest/mock.py:1251: AttributeError\n_ TestLatestCheckpoint.test_latest_checkpoint_basic[/tmp/test_checkpoints_v1-checkpoint-v1_checkpoint_only] _\n\nthing = <module 'tensorflow' from '/opt/anaconda3/envs/testagent-experiment/lib/python3.10/site-packages/tensorflow/__init__.py'>\ncomp = 'python', import_path = 'tensorflow.python'\n\n    def _dot_lookup(thing, comp, import_path):\n        try:\n>           return getattr(thing, comp)\nE           AttributeError: module 'tensorflow' has no attribute 'python'\n\n/opt/anaconda3/envs/testagent-experiment/lib/python3.10/unittest/mock.py:1248: AttributeError\n\nDuring handling of the above exception, another exception occurred:\n\nself = <test_tensorflow_python_training_checkpoint_management.TestLatestCheckpoint object at 0x14d021db0>\ncheckpoint_dir = '/tmp/test_checkpoints_v1', latest_filename = 'checkpoint'\nscenario = 'v1_checkpoint_only'\n\n    @pytest.mark.parametrize(\"checkpoint_dir,latest_filename,scenario\", [\n        (\"/tmp/test_checkpoints\", None, \"v2_checkpoint_exists\"),\n        (\"/tmp/test_checkpoints_v1\", \"checkpoint\", \"v1_checkpoint_only\"),\n        (\"/tmp/test_checkpoints_mixed\", None, \"v2_and_v1_mixed\"),\n    ])\n    def test_latest_checkpoint_basic(self, checkpoint_dir, latest_filename, scenario):\n        \"\"\"Test basic functionality of latest_checkpoint with different scenarios.\"\"\"\n        # Mock get_checkpoint_state to return a valid checkpoint state\n        checkpoint_state = create_checkpoint_state_proto(\n            model_checkpoint_path=\"model.ckpt-1000\"\n        )\n    \n        # Mock get_checkpoint_state function\n>       with mock.patch('tensorflow.python.training.checkpoint_management.get_checkpoint_state') as mock_get_state:\n\ntests/test_tensorflow_python_training_checkpoint_management.py:78: \n_ _ _ _ _ _ _ _ _ _ _ _ _ _ _ _ _ _ _ _ _ _ _ _ _ _ _ _ _ _ _ _ _ _ _ _ _ _ _ _ \n/opt/anaconda3/envs/testagent-experiment/lib/python3.10/unittest/mock.py:1431: in __enter__\n    self.target = self.getter()\n/opt/anaconda3/envs/testagent-experiment/lib/python3.10/unittest/mock.py:1618: in <lambda>\n    getter = lambda: _importer(target)\n/opt/anaconda3/envs/testagent-experiment/lib/python3.10/unittest/mock.py:1261: in _importer\n    thing = _dot_lookup(thing, comp, import_path)\n_ _ _ _ _ _ _ _ _ _ _ _ _ _ _ _ _ _ _ _ _ _ _ _ _ _ _ _ _ _ _ _ _ _ _ _ _ _ _ _ \n\nthing = <module 'tensorflow' from '/opt/anaconda3/envs/testagent-experiment/lib/python3.10/site-packages/tensorflow/__init__.py'>\ncomp = 'python', import_path = 'tensorflow.python'\n\n    def _dot_lookup(thing, comp, import_path):\n        try:\n            return getattr(thing, comp)\n        except AttributeError:\n            __import__(import_path)\n>           return getattr(thing, comp)\nE           AttributeError: module 'tensorflow' has no attribute 'python'\n\n/opt/anaconda3/envs/testagent-experiment/lib/python3.10/unittest/mock.py:1251: AttributeError\n_ TestLatestCheckpoint.test_latest_checkpoint_basic[/tmp/test_checkpoints_mixed-None-v2_and_v1_mixed] _\n\nthing = <module 'tensorflow' from '/opt/anaconda3/envs/testagent-experiment/lib/python3.10/site-packages/tensorflow/__init__.py'>\ncomp = 'python', import_path = 'tensorflow.python'\n\n    def _dot_lookup(thing, comp, import_path):\n        try:\n>           return getattr(thing, comp)\nE           AttributeError: module 'tensorflow' has no attribute 'python'\n\n/opt/anaconda3/envs/testagent-experiment/lib/python3.10/unittest/mock.py:1248: AttributeError\n\nDuring handling of the above exception, another exception occurred:\n\nself = <test_tensorflow_python_training_checkpoint_management.TestLatestCheckpoint object at 0x14d021f60>\ncheckpoint_dir = '/tmp/test_checkpoints_mixed', latest_filename = None\nscenario = 'v2_and_v1_mixed'\n\n    @pytest.mark.parametrize(\"checkpoint_dir,latest_filename,scenario\", [\n        (\"/tmp/test_checkpoints\", None, \"v2_checkpoint_exists\"),\n        (\"/tmp/test_checkpoints_v1\", \"checkpoint\", \"v1_checkpoint_only\"),\n        (\"/tmp/test_checkpoints_mixed\", None, \"v2_and_v1_mixed\"),\n    ])\n    def test_latest_checkpoint_basic(self, checkpoint_dir, latest_filename, scenario):\n        \"\"\"Test basic functionality of latest_checkpoint with different scenarios.\"\"\"\n        # Mock get_checkpoint_state to return a valid checkpoint state\n        checkpoint_state = create_checkpoint_state_proto(\n            model_checkpoint_path=\"model.ckpt-1000\"\n        )\n    \n        # Mock get_checkpoint_state function\n>       with mock.patch('tensorflow.python.training.checkpoint_management.get_checkpoint_state') as mock_get_state:\n\ntests/test_tensorflow_python_training_checkpoint_management.py:78: \n_ _ _ _ _ _ _ _ _ _ _ _ _ _ _ _ _ _ _ _ _ _ _ _ _ _ _ _ _ _ _ _ _ _ _ _ _ _ _ _ \n/opt/anaconda3/envs/testagent-experiment/lib/python3.10/unittest/mock.py:1431: in __enter__\n    self.target = self.getter()\n/opt/anaconda3/envs/testagent-experiment/lib/python3.10/unittest/mock.py:1618: in <lambda>\n    getter = lambda: _importer(target)\n/opt/anaconda3/envs/testagent-experiment/lib/python3.10/unittest/mock.py:1261: in _importer\n    thing = _dot_lookup(thing, comp, import_path)\n_ _ _ _ _ _ _ _ _ _ _ _ _ _ _ _ _ _ _ _ _ _ _ _ _ _ _ _ _ _ _ _ _ _ _ _ _ _ _ _ \n\nthing = <module 'tensorflow' from '/opt/anaconda3/envs/testagent-experiment/lib/python3.10/site-packages/tensorflow/__init__.py'>\ncomp = 'python', import_path = 'tensorflow.python'\n\n    def _dot_lookup(thing, comp, import_path):\n        try:\n            return getattr(thing, comp)\n        except AttributeError:\n            __import__(import_path)\n>           return getattr(thing, comp)\nE           AttributeError: module 'tensorflow' has no attribute 'python'\n\n/opt/anaconda3/envs/testagent-experiment/lib/python3.10/unittest/mock.py:1251: AttributeError\n__________ TestLatestCheckpoint.test_latest_checkpoint_no_checkpoint ___________\n\nthing = <module 'tensorflow' from '/opt/anaconda3/envs/testagent-experiment/lib/python3.10/site-packages/tensorflow/__init__.py'>\ncomp = 'python', import_path = 'tensorflow.python'\n\n    def _dot_lookup(thing, comp, import_path):\n        try:\n>           return getattr(thing, comp)\nE           AttributeError: module 'tensorflow' has no attribute 'python'\n\n/opt/anaconda3/envs/testagent-experiment/lib/python3.10/unittest/mock.py:1248: AttributeError\n\nDuring handling of the above exception, another exception occurred:\n\nself = <test_tensorflow_python_training_checkpoint_management.TestLatestCheckpoint object at 0x14d022200>\n\n    def test_latest_checkpoint_no_checkpoint(self):\n        \"\"\"Test latest_checkpoint when no checkpoint exists.\"\"\"\n        # Mock get_checkpoint_state to return None\n>       with mock.patch('tensorflow.python.training.checkpoint_management.get_checkpoint_state') as mock_get_state:\n\ntests/test_tensorflow_python_training_checkpoint_management.py:130: \n_ _ _ _ _ _ _ _ _ _ _ _ _ _ _ _ _ _ _ _ _ _ _ _ _ _ _ _ _ _ _ _ _ _ _ _ _ _ _ _ \n/opt/anaconda3/envs/testagent-experiment/lib/python3.10/unittest/mock.py:1431: in __enter__\n    self.target = self.getter()\n/opt/anaconda3/envs/testagent-experiment/lib/python3.10/unittest/mock.py:1618: in <lambda>\n    getter = lambda: _importer(target)\n/opt/anaconda3/envs/testagent-experiment/lib/python3.10/unittest/mock.py:1261: in _importer\n    thing = _dot_lookup(thing, comp, import_path)\n_ _ _ _ _ _ _ _ _ _ _ _ _ _ _ _ _ _ _ _ _ _ _ _ _ _ _ _ _ _ _ _ _ _ _ _ _ _ _ _ \n\nthing = <module 'tensorflow' from '/opt/anaconda3/envs/testagent-experiment/lib/python3.10/site-packages/tensorflow/__init__.py'>\ncomp = 'python', import_path = 'tensorflow.python'\n\n    def _dot_lookup(thing, comp, import_path):\n        try:\n            return getattr(thing, comp)\n        except AttributeError:\n            __import__(import_path)\n>           return getattr(thing, comp)\nE           AttributeError: module 'tensorflow' has no attribute 'python'\n\n/opt/anaconda3/envs/testagent-experiment/lib/python3.10/unittest/mock.py:1251: AttributeError\n________ TestLatestCheckpoint.test_latest_checkpoint_no_matching_files _________\n\nthing = <module 'tensorflow' from '/opt/anaconda3/envs/testagent-experiment/lib/python3.10/site-packages/tensorflow/__init__.py'>\ncomp = 'python', import_path = 'tensorflow.python'\n\n    def _dot_lookup(thing, comp, import_path):\n        try:\n>           return getattr(thing, comp)\nE           AttributeError: module 'tensorflow' has no attribute 'python'\n\n/opt/anaconda3/envs/testagent-experiment/lib/python3.10/unittest/mock.py:1248: AttributeError\n\nDuring handling of the above exception, another exception occurred:\n\nself = <test_tensorflow_python_training_checkpoint_management.TestLatestCheckpoint object at 0x14d0224d0>\n\n    def test_latest_checkpoint_no_matching_files(self):\n        \"\"\"Test latest_checkpoint when checkpoint state exists but files don't.\"\"\"\n        # Mock get_checkpoint_state to return a valid checkpoint state\n        checkpoint_state = create_checkpoint_state_proto(\n            model_checkpoint_path=\"model.ckpt-1000\"\n        )\n    \n>       with mock.patch('tensorflow.python.training.checkpoint_management.get_checkpoint_state') as mock_get_state:\n\ntests/test_tensorflow_python_training_checkpoint_management.py:148: \n_ _ _ _ _ _ _ _ _ _ _ _ _ _ _ _ _ _ _ _ _ _ _ _ _ _ _ _ _ _ _ _ _ _ _ _ _ _ _ _ \n/opt/anaconda3/envs/testagent-experiment/lib/python3.10/unittest/mock.py:1431: in __enter__\n    self.target = self.getter()\n/opt/anaconda3/envs/testagent-experiment/lib/python3.10/unittest/mock.py:1618: in <lambda>\n    getter = lambda: _importer(target)\n/opt/anaconda3/envs/testagent-experiment/lib/python3.10/unittest/mock.py:1261: in _importer\n    thing = _dot_lookup(thing, comp, import_path)\n_ _ _ _ _ _ _ _ _ _ _ _ _ _ _ _ _ _ _ _ _ _ _ _ _ _ _ _ _ _ _ _ _ _ _ _ _ _ _ _ \n\nthing = <module 'tensorflow' from '/opt/anaconda3/envs/testagent-experiment/lib/python3.10/site-packages/tensorflow/__init__.py'>\ncomp = 'python', import_path = 'tensorflow.python'\n\n    def _dot_lookup(thing, comp, import_path):\n        try:\n            return getattr(thing, comp)\n        except AttributeError:\n            __import__(import_path)\n>           return getattr(thing, comp)\nE           AttributeError: module 'tensorflow' has no attribute 'python'\n\n/opt/anaconda3/envs/testagent-experiment/lib/python3.10/unittest/mock.py:1251: AttributeError\n_ TestGetCheckpointState.test_get_checkpoint_state_valid[/tmp/test_checkpoints-checkpoint-valid_state_file] _\n\nthing = <module 'tensorflow' from '/opt/anaconda3/envs/testagent-experiment/lib/python3.10/site-packages/tensorflow/__init__.py'>\ncomp = 'python', import_path = 'tensorflow.python'\n\n    def _dot_lookup(thing, comp, import_path):\n        try:\n>           return getattr(thing, comp)\nE           AttributeError: module 'tensorflow' has no attribute 'python'\n\n/opt/anaconda3/envs/testagent-experiment/lib/python3.10/unittest/mock.py:1248: AttributeError\n\nDuring handling of the above exception, another exception occurred:\n\nself = <test_tensorflow_python_training_checkpoint_management.TestGetCheckpointState object at 0x14d0228c0>\ncheckpoint_dir = '/tmp/test_checkpoints', latest_filename = 'checkpoint'\nscenario = 'valid_state_file'\n\n    @pytest.mark.parametrize(\"checkpoint_dir,latest_filename,scenario\", [\n        (\"/tmp/test_checkpoints\", \"checkpoint\", \"valid_state_file\"),\n    ])\n    def test_get_checkpoint_state_valid(self, checkpoint_dir, latest_filename, scenario):\n        \"\"\"Test get_checkpoint_state with valid state file.\"\"\"\n        # Mock file_io.file_exists to return True\n>       with mock.patch('tensorflow.python.training.checkpoint_management.file_io.file_exists') as mock_file_exists:\n\ntests/test_tensorflow_python_training_checkpoint_management.py:177: \n_ _ _ _ _ _ _ _ _ _ _ _ _ _ _ _ _ _ _ _ _ _ _ _ _ _ _ _ _ _ _ _ _ _ _ _ _ _ _ _ \n/opt/anaconda3/envs/testagent-experiment/lib/python3.10/unittest/mock.py:1431: in __enter__\n    self.target = self.getter()\n/opt/anaconda3/envs/testagent-experiment/lib/python3.10/unittest/mock.py:1618: in <lambda>\n    getter = lambda: _importer(target)\n/opt/anaconda3/envs/testagent-experiment/lib/python3.10/unittest/mock.py:1261: in _importer\n    thing = _dot_lookup(thing, comp, import_path)\n_ _ _ _ _ _ _ _ _ _ _ _ _ _ _ _ _ _ _ _ _ _ _ _ _ _ _ _ _ _ _ _ _ _ _ _ _ _ _ _ \n\nthing = <module 'tensorflow' from '/opt/anaconda3/envs/testagent-experiment/lib/python3.10/site-packages/tensorflow/__init__.py'>\ncomp = 'python', import_path = 'tensorflow.python'\n\n    def _dot_lookup(thing, comp, import_path):\n        try:\n            return getattr(thing, comp)\n        except AttributeError:\n            __import__(import_path)\n>           return getattr(thing, comp)\nE           AttributeError: module 'tensorflow' has no attribute 'python'\n\n/opt/anaconda3/envs/testagent-experiment/lib/python3.10/unittest/mock.py:1251: AttributeError\n_______ TestGetCheckpointState.test_get_checkpoint_state_file_not_exists _______\n\nthing = <module 'tensorflow' from '/opt/anaconda3/envs/testagent-experiment/lib/python3.10/site-packages/tensorflow/__init__.py'>\ncomp = 'python', import_path = 'tensorflow.python'\n\n    def _dot_lookup(thing, comp, import_path):\n        try:\n>           return getattr(thing, comp)\nE           AttributeError: module 'tensorflow' has no attribute 'python'\n\n/opt/anaconda3/envs/testagent-experiment/lib/python3.10/unittest/mock.py:1248: AttributeError\n\nDuring handling of the above exception, another exception occurred:\n\nself = <test_tensorflow_python_training_checkpoint_management.TestGetCheckpointState object at 0x14d022c80>\n\n    def test_get_checkpoint_state_file_not_exists(self):\n        \"\"\"Test get_checkpoint_state when state file doesn't exist.\"\"\"\n        # Mock file_io.file_exists to return False\n>       with mock.patch('tensorflow.python.training.checkpoint_management.file_io.file_exists') as mock_file_exists:\n\ntests/test_tensorflow_python_training_checkpoint_management.py:231: \n_ _ _ _ _ _ _ _ _ _ _ _ _ _ _ _ _ _ _ _ _ _ _ _ _ _ _ _ _ _ _ _ _ _ _ _ _ _ _ _ \n/opt/anaconda3/envs/testagent-experiment/lib/python3.10/unittest/mock.py:1431: in __enter__\n    self.target = self.getter()\n/opt/anaconda3/envs/testagent-experiment/lib/python3.10/unittest/mock.py:1618: in <lambda>\n    getter = lambda: _importer(target)\n/opt/anaconda3/envs/testagent-experiment/lib/python3.10/unittest/mock.py:1261: in _importer\n    thing = _dot_lookup(thing, comp, import_path)\n_ _ _ _ _ _ _ _ _ _ _ _ _ _ _ _ _ _ _ _ _ _ _ _ _ _ _ _ _ _ _ _ _ _ _ _ _ _ _ _ \n\nthing = <module 'tensorflow' from '/opt/anaconda3/envs/testagent-experiment/lib/python3.10/site-packages/tensorflow/__init__.py'>\ncomp = 'python', import_path = 'tensorflow.python'\n\n    def _dot_lookup(thing, comp, import_path):\n        try:\n            return getattr(thing, comp)\n        except AttributeError:\n            __import__(import_path)\n>           return getattr(thing, comp)\nE           AttributeError: module 'tensorflow' has no attribute 'python'\n\n/opt/anaconda3/envs/testagent-experiment/lib/python3.10/unittest/mock.py:1251: AttributeError\n_______ TestGetCheckpointState.test_get_checkpoint_state_absolute_paths ________\n\nthing = <module 'tensorflow' from '/opt/anaconda3/envs/testagent-experiment/lib/python3.10/site-packages/tensorflow/__init__.py'>\ncomp = 'python', import_path = 'tensorflow.python'\n\n    def _dot_lookup(thing, comp, import_path):\n        try:\n>           return getattr(thing, comp)\nE           AttributeError: module 'tensorflow' has no attribute 'python'\n\n/opt/anaconda3/envs/testagent-experiment/lib/python3.10/unittest/mock.py:1248: AttributeError\n\nDuring handling of the above exception, another exception occurred:\n\nself = <test_tensorflow_python_training_checkpoint_management.TestGetCheckpointState object at 0x14d022f50>\n\n    def test_get_checkpoint_state_absolute_paths(self):\n        \"\"\"Test get_checkpoint_state with absolute paths in state file.\"\"\"\n        # Mock file_io.file_exists to return True\n>       with mock.patch('tensorflow.python.training.checkpoint_management.file_io.file_exists') as mock_file_exists:\n\ntests/test_tensorflow_python_training_checkpoint_management.py:250: \n_ _ _ _ _ _ _ _ _ _ _ _ _ _ _ _ _ _ _ _ _ _ _ _ _ _ _ _ _ _ _ _ _ _ _ _ _ _ _ _ \n/opt/anaconda3/envs/testagent-experiment/lib/python3.10/unittest/mock.py:1431: in __enter__\n    self.target = self.getter()\n/opt/anaconda3/envs/testagent-experiment/lib/python3.10/unittest/mock.py:1618: in <lambda>\n    getter = lambda: _importer(target)\n/opt/anaconda3/envs/testagent-experiment/lib/python3.10/unittest/mock.py:1261: in _importer\n    thing = _dot_lookup(thing, comp, import_path)\n_ _ _ _ _ _ _ _ _ _ _ _ _ _ _ _ _ _ _ _ _ _ _ _ _ _ _ _ _ _ _ _ _ _ _ _ _ _ _ _ \n\nthing = <module 'tensorflow' from '/opt/anaconda3/envs/testagent-experiment/lib/python3.10/site-packages/tensorflow/__init__.py'>\ncomp = 'python', import_path = 'tensorflow.python'\n\n    def _dot_lookup(thing, comp, import_path):\n        try:\n            return getattr(thing, comp)\n        except AttributeError:\n            __import__(import_path)\n>           return getattr(thing, comp)\nE           AttributeError: module 'tensorflow' has no attribute 'python'\n\n/opt/anaconda3/envs/testagent-experiment/lib/python3.10/unittest/mock.py:1251: AttributeError\n__________ TestGetCheckpointState.test_get_checkpoint_state_op_error ___________\n\nthing = <module 'tensorflow' from '/opt/anaconda3/envs/testagent-experiment/lib/python3.10/site-packages/tensorflow/__init__.py'>\ncomp = 'python', import_path = 'tensorflow.python'\n\n    def _dot_lookup(thing, comp, import_path):\n        try:\n>           return getattr(thing, comp)\nE           AttributeError: module 'tensorflow' has no attribute 'python'\n\n/opt/anaconda3/envs/testagent-experiment/lib/python3.10/unittest/mock.py:1248: AttributeError\n\nDuring handling of the above exception, another exception occurred:\n\nself = <test_tensorflow_python_training_checkpoint_management.TestGetCheckpointState object at 0x14d023220>\n\n    def test_get_checkpoint_state_op_error(self):\n        \"\"\"Test get_checkpoint_state when file_io raises OpError.\"\"\"\n        # Mock file_io.file_exists to return True\n>       with mock.patch('tensorflow.python.training.checkpoint_management.file_io.file_exists') as mock_file_exists:\n\ntests/test_tensorflow_python_training_checkpoint_management.py:282: \n_ _ _ _ _ _ _ _ _ _ _ _ _ _ _ _ _ _ _ _ _ _ _ _ _ _ _ _ _ _ _ _ _ _ _ _ _ _ _ _ \n/opt/anaconda3/envs/testagent-experiment/lib/python3.10/unittest/mock.py:1431: in __enter__\n    self.target = self.getter()\n/opt/anaconda3/envs/testagent-experiment/lib/python3.10/unittest/mock.py:1618: in <lambda>\n    getter = lambda: _importer(target)\n/opt/anaconda3/envs/testagent-experiment/lib/python3.10/unittest/mock.py:1261: in _importer\n    thing = _dot_lookup(thing, comp, import_path)\n_ _ _ _ _ _ _ _ _ _ _ _ _ _ _ _ _ _ _ _ _ _ _ _ _ _ _ _ _ _ _ _ _ _ _ _ _ _ _ _ \n\nthing = <module 'tensorflow' from '/opt/anaconda3/envs/testagent-experiment/lib/python3.10/site-packages/tensorflow/__init__.py'>\ncomp = 'python', import_path = 'tensorflow.python'\n\n    def _dot_lookup(thing, comp, import_path):\n        try:\n            return getattr(thing, comp)\n        except AttributeError:\n            __import__(import_path)\n>           return getattr(thing, comp)\nE           AttributeError: module 'tensorflow' has no attribute 'python'\n\n/opt/anaconda3/envs/testagent-experiment/lib/python3.10/unittest/mock.py:1251: AttributeError\n_________ TestGetCheckpointState.test_get_checkpoint_state_parse_error _________\n\nthing = <module 'tensorflow' from '/opt/anaconda3/envs/testagent-experiment/lib/python3.10/site-packages/tensorflow/__init__.py'>\ncomp = 'python', import_path = 'tensorflow.python'\n\n    def _dot_lookup(thing, comp, import_path):\n        try:\n>           return getattr(thing, comp)\nE           AttributeError: module 'tensorflow' has no attribute 'python'\n\n/opt/anaconda3/envs/testagent-experiment/lib/python3.10/unittest/mock.py:1248: AttributeError\n\nDuring handling of the above exception, another exception occurred:\n\nself = <test_tensorflow_python_training_checkpoint_management.TestGetCheckpointState object at 0x14d0234f0>\n\n    def test_get_checkpoint_state_parse_error(self):\n        \"\"\"Test get_checkpoint_state when state file has parse error.\"\"\"\n        # Mock file_io.file_exists to return True\n>       with mock.patch('tensorflow.python.training.checkpoint_management.file_io.file_exists') as mock_file_exists:\n\ntests/test_tensorflow_python_training_checkpoint_management.py:303: \n_ _ _ _ _ _ _ _ _ _ _ _ _ _ _ _ _ _ _ _ _ _ _ _ _ _ _ _ _ _ _ _ _ _ _ _ _ _ _ _ \n/opt/anaconda3/envs/testagent-experiment/lib/python3.10/unittest/mock.py:1431: in __enter__\n    self.target = self.getter()\n/opt/anaconda3/envs/testagent-experiment/lib/python3.10/unittest/mock.py:1618: in <lambda>\n    getter = lambda: _importer(target)\n/opt/anaconda3/envs/testagent-experiment/lib/python3.10/unittest/mock.py:1261: in _importer\n    thing = _dot_lookup(thing, comp, import_path)\n_ _ _ _ _ _ _ _ _ _ _ _ _ _ _ _ _ _ _ _ _ _ _ _ _ _ _ _ _ _ _ _ _ _ _ _ _ _ _ _ \n\nthing = <module 'tensorflow' from '/opt/anaconda3/envs/testagent-experiment/lib/python3.10/site-packages/tensorflow/__init__.py'>\ncomp = 'python', import_path = 'tensorflow.python'\n\n    def _dot_lookup(thing, comp, import_path):\n        try:\n            return getattr(thing, comp)\n        except AttributeError:\n            __import__(import_path)\n>           return getattr(thing, comp)\nE           AttributeError: module 'tensorflow' has no attribute 'python'\n\n/opt/anaconda3/envs/testagent-experiment/lib/python3.10/unittest/mock.py:1251: AttributeError\n_ TestCheckpointManager.test_checkpoint_manager_basic[/tmp/test_manager-3-1-basic_retention] _\n\nthing = <module 'tensorflow' from '/opt/anaconda3/envs/testagent-experiment/lib/python3.10/site-packages/tensorflow/__init__.py'>\ncomp = 'python', import_path = 'tensorflow.python'\n\n    def _dot_lookup(thing, comp, import_path):\n        try:\n>           return getattr(thing, comp)\nE           AttributeError: module 'tensorflow' has no attribute 'python'\n\n/opt/anaconda3/envs/testagent-experiment/lib/python3.10/unittest/mock.py:1248: AttributeError\n\nDuring handling of the above exception, another exception occurred:\n\nself = <test_tensorflow_python_training_checkpoint_management.TestCheckpointManager object at 0x14d0238e0>\ndirectory = '/tmp/test_manager', max_to_keep = 3, checkpoint_interval = 1\nscenario = 'basic_retention'\n\n    @pytest.mark.parametrize(\"directory,max_to_keep,checkpoint_interval,scenario\", [\n        (\"/tmp/test_manager\", 3, 1, \"basic_retention\"),\n        (\"/tmp/test_manager_unlimited\", 0, 5, \"unlimited_retention\"),\n        (\"/tmp/test_manager_single\", 1, 10, \"single_checkpoint_retention\"),\n    ])\n    def test_checkpoint_manager_basic(self, directory, max_to_keep, checkpoint_interval, scenario):\n        \"\"\"Test basic CheckpointManager functionality with different retention policies.\"\"\"\n        # Create a mock checkpoint object\n        mock_ckpt = mock.MagicMock()\n    \n        # Mock tensorflow.train.Checkpoint to return our mock\n        with mock.patch('tensorflow.train.Checkpoint') as mock_checkpoint_class:\n            mock_checkpoint_class.return_value = mock_ckpt\n    \n            # Mock file_io functions\n>           with mock.patch('tensorflow.python.training.checkpoint_management.file_io.file_exists') as mock_file_exists, \\\n                 mock.patch('tensorflow.python.training.checkpoint_management.file_io.get_matching_files') as mock_get_matching_files:\n\ntests/test_tensorflow_python_training_checkpoint_management.py:338: \n_ _ _ _ _ _ _ _ _ _ _ _ _ _ _ _ _ _ _ _ _ _ _ _ _ _ _ _ _ _ _ _ _ _ _ _ _ _ _ _ \n/opt/anaconda3/envs/testagent-experiment/lib/python3.10/unittest/mock.py:1431: in __enter__\n    self.target = self.getter()\n/opt/anaconda3/envs/testagent-experiment/lib/python3.10/unittest/mock.py:1618: in <lambda>\n    getter = lambda: _importer(target)\n/opt/anaconda3/envs/testagent-experiment/lib/python3.10/unittest/mock.py:1261: in _importer\n    thing = _dot_lookup(thing, comp, import_path)\n_ _ _ _ _ _ _ _ _ _ _ _ _ _ _ _ _ _ _ _ _ _ _ _ _ _ _ _ _ _ _ _ _ _ _ _ _ _ _ _ \n\nthing = <module 'tensorflow' from '/opt/anaconda3/envs/testagent-experiment/lib/python3.10/site-packages/tensorflow/__init__.py'>\ncomp = 'python', import_path = 'tensorflow.python'\n\n    def _dot_lookup(thing, comp, import_path):\n        try:\n            return getattr(thing, comp)\n        except AttributeError:\n            __import__(import_path)\n>           return getattr(thing, comp)\nE           AttributeError: module 'tensorflow' has no attribute 'python'\n\n/opt/anaconda3/envs/testagent-experiment/lib/python3.10/unittest/mock.py:1251: AttributeError\n_ TestCheckpointManager.test_checkpoint_manager_basic[/tmp/test_manager_unlimited-0-5-unlimited_retention] _\n\nthing = <module 'tensorflow' from '/opt/anaconda3/envs/testagent-experiment/lib/python3.10/site-packages/tensorflow/__init__.py'>\ncomp = 'python', import_path = 'tensorflow.python'\n\n    def _dot_lookup(thing, comp, import_path):\n        try:\n>           return getattr(thing, comp)\nE           AttributeError: module 'tensorflow' has no attribute 'python'\n\n/opt/anaconda3/envs/testagent-experiment/lib/python3.10/unittest/mock.py:1248: AttributeError\n\nDuring handling of the above exception, another exception occurred:\n\nself = <test_tensorflow_python_training_checkpoint_management.TestCheckpointManager object at 0x14d023ac0>\ndirectory = '/tmp/test_manager_unlimited', max_to_keep = 0\ncheckpoint_interval = 5, scenario = 'unlimited_retention'\n\n    @pytest.mark.parametrize(\"directory,max_to_keep,checkpoint_interval,scenario\", [\n        (\"/tmp/test_manager\", 3, 1, \"basic_retention\"),\n        (\"/tmp/test_manager_unlimited\", 0, 5, \"unlimited_retention\"),\n        (\"/tmp/test_manager_single\", 1, 10, \"single_checkpoint_retention\"),\n    ])\n    def test_checkpoint_manager_basic(self, directory, max_to_keep, checkpoint_interval, scenario):\n        \"\"\"Test basic CheckpointManager functionality with different retention policies.\"\"\"\n        # Create a mock checkpoint object\n        mock_ckpt = mock.MagicMock()\n    \n        # Mock tensorflow.train.Checkpoint to return our mock\n        with mock.patch('tensorflow.train.Checkpoint') as mock_checkpoint_class:\n            mock_checkpoint_class.return_value = mock_ckpt\n    \n            # Mock file_io functions\n>           with mock.patch('tensorflow.python.training.checkpoint_management.file_io.file_exists') as mock_file_exists, \\\n                 mock.patch('tensorflow.python.training.checkpoint_management.file_io.get_matching_files') as mock_get_matching_files:\n\ntests/test_tensorflow_python_training_checkpoint_management.py:338: \n_ _ _ _ _ _ _ _ _ _ _ _ _ _ _ _ _ _ _ _ _ _ _ _ _ _ _ _ _ _ _ _ _ _ _ _ _ _ _ _ \n/opt/anaconda3/envs/testagent-experiment/lib/python3.10/unittest/mock.py:1431: in __enter__\n    self.target = self.getter()\n/opt/anaconda3/envs/testagent-experiment/lib/python3.10/unittest/mock.py:1618: in <lambda>\n    getter = lambda: _importer(target)\n/opt/anaconda3/envs/testagent-experiment/lib/python3.10/unittest/mock.py:1261: in _importer\n    thing = _dot_lookup(thing, comp, import_path)\n_ _ _ _ _ _ _ _ _ _ _ _ _ _ _ _ _ _ _ _ _ _ _ _ _ _ _ _ _ _ _ _ _ _ _ _ _ _ _ _ \n\nthing = <module 'tensorflow' from '/opt/anaconda3/envs/testagent-experiment/lib/python3.10/site-packages/tensorflow/__init__.py'>\ncomp = 'python', import_path = 'tensorflow.python'\n\n    def _dot_lookup(thing, comp, import_path):\n        try:\n            return getattr(thing, comp)\n        except AttributeError:\n            __import__(import_path)\n>           return getattr(thing, comp)\nE           AttributeError: module 'tensorflow' has no attribute 'python'\n\n/opt/anaconda3/envs/testagent-experiment/lib/python3.10/unittest/mock.py:1251: AttributeError\n_ TestCheckpointManager.test_checkpoint_manager_basic[/tmp/test_manager_single-1-10-single_checkpoint_retention] _\n\nthing = <module 'tensorflow' from '/opt/anaconda3/envs/testagent-experiment/lib/python3.10/site-packages/tensorflow/__init__.py'>\ncomp = 'python', import_path = 'tensorflow.python'\n\n    def _dot_lookup(thing, comp, import_path):\n        try:\n>           return getattr(thing, comp)\nE           AttributeError: module 'tensorflow' has no attribute 'python'\n\n/opt/anaconda3/envs/testagent-experiment/lib/python3.10/unittest/mock.py:1248: AttributeError\n\nDuring handling of the above exception, another exception occurred:\n\nself = <test_tensorflow_python_training_checkpoint_management.TestCheckpointManager object at 0x14d023ca0>\ndirectory = '/tmp/test_manager_single', max_to_keep = 1\ncheckpoint_interval = 10, scenario = 'single_checkpoint_retention'\n\n    @pytest.mark.parametrize(\"directory,max_to_keep,checkpoint_interval,scenario\", [\n        (\"/tmp/test_manager\", 3, 1, \"basic_retention\"),\n        (\"/tmp/test_manager_unlimited\", 0, 5, \"unlimited_retention\"),\n        (\"/tmp/test_manager_single\", 1, 10, \"single_checkpoint_retention\"),\n    ])\n    def test_checkpoint_manager_basic(self, directory, max_to_keep, checkpoint_interval, scenario):\n        \"\"\"Test basic CheckpointManager functionality with different retention policies.\"\"\"\n        # Create a mock checkpoint object\n        mock_ckpt = mock.MagicMock()\n    \n        # Mock tensorflow.train.Checkpoint to return our mock\n        with mock.patch('tensorflow.train.Checkpoint') as mock_checkpoint_class:\n            mock_checkpoint_class.return_value = mock_ckpt\n    \n            # Mock file_io functions\n>           with mock.patch('tensorflow.python.training.checkpoint_management.file_io.file_exists') as mock_file_exists, \\\n                 mock.patch('tensorflow.python.training.checkpoint_management.file_io.get_matching_files') as mock_get_matching_files:\n\ntests/test_tensorflow_python_training_checkpoint_management.py:338: \n_ _ _ _ _ _ _ _ _ _ _ _ _ _ _ _ _ _ _ _ _ _ _ _ _ _ _ _ _ _ _ _ _ _ _ _ _ _ _ _ \n/opt/anaconda3/envs/testagent-experiment/lib/python3.10/unittest/mock.py:1431: in __enter__\n    self.target = self.getter()\n/opt/anaconda3/envs/testagent-experiment/lib/python3.10/unittest/mock.py:1618: in <lambda>\n    getter = lambda: _importer(target)\n/opt/anaconda3/envs/testagent-experiment/lib/python3.10/unittest/mock.py:1261: in _importer\n    thing = _dot_lookup(thing, comp, import_path)\n_ _ _ _ _ _ _ _ _ _ _ _ _ _ _ _ _ _ _ _ _ _ _ _ _ _ _ _ _ _ _ _ _ _ _ _ _ _ _ _ \n\nthing = <module 'tensorflow' from '/opt/anaconda3/envs/testagent-experiment/lib/python3.10/site-packages/tensorflow/__init__.py'>\ncomp = 'python', import_path = 'tensorflow.python'\n\n    def _dot_lookup(thing, comp, import_path):\n        try:\n            return getattr(thing, comp)\n        except AttributeError:\n            __import__(import_path)\n>           return getattr(thing, comp)\nE           AttributeError: module 'tensorflow' has no attribute 'python'\n\n/opt/anaconda3/envs/testagent-experiment/lib/python3.10/unittest/mock.py:1251: AttributeError\n___ TestCheckpointManager.test_checkpoint_manager_with_existing_checkpoints ____\n\nthing = <module 'tensorflow' from '/opt/anaconda3/envs/testagent-experiment/lib/python3.10/site-packages/tensorflow/__init__.py'>\ncomp = 'python', import_path = 'tensorflow.python'\n\n    def _dot_lookup(thing, comp, import_path):\n        try:\n>           return getattr(thing, comp)\nE           AttributeError: module 'tensorflow' has no attribute 'python'\n\n/opt/anaconda3/envs/testagent-experiment/lib/python3.10/unittest/mock.py:1248: AttributeError\n\nDuring handling of the above exception, another exception occurred:\n\nself = <test_tensorflow_python_training_checkpoint_management.TestCheckpointManager object at 0x14d0236a0>\n\n    def test_checkpoint_manager_with_existing_checkpoints(self):\n        \"\"\"Test CheckpointManager with existing checkpoints.\"\"\"\n        # Mock checkpoint\n        mock_ckpt = mock.MagicMock()\n    \n        with mock.patch('tensorflow.train.Checkpoint') as mock_checkpoint_class:\n            mock_checkpoint_class.return_value = mock_ckpt\n    \n            # Mock existing checkpoint files\n            existing_files = [\n                \"/tmp/test_manager/ckpt-1.index\",\n                \"/tmp/test_manager/ckpt-2.index\",\n                \"/tmp/test_manager/ckpt-3.index\"\n            ]\n    \n>           with mock.patch('tensorflow.python.training.checkpoint_management.file_io.get_matching_files') as mock_get_matching_files:\n\ntests/test_tensorflow_python_training_checkpoint_management.py:402: \n_ _ _ _ _ _ _ _ _ _ _ _ _ _ _ _ _ _ _ _ _ _ _ _ _ _ _ _ _ _ _ _ _ _ _ _ _ _ _ _ \n/opt/anaconda3/envs/testagent-experiment/lib/python3.10/unittest/mock.py:1431: in __enter__\n    self.target = self.getter()\n/opt/anaconda3/envs/testagent-experiment/lib/python3.10/unittest/mock.py:1618: in <lambda>\n    getter = lambda: _importer(target)\n/opt/anaconda3/envs/testagent-experiment/lib/python3.10/unittest/mock.py:1261: in _importer\n    thing = _dot_lookup(thing, comp, import_path)\n_ _ _ _ _ _ _ _ _ _ _ _ _ _ _ _ _ _ _ _ _ _ _ _ _ _ _ _ _ _ _ _ _ _ _ _ _ _ _ _ \n\nthing = <module 'tensorflow' from '/opt/anaconda3/envs/testagent-experiment/lib/python3.10/site-packages/tensorflow/__init__.py'>\ncomp = 'python', import_path = 'tensorflow.python'\n\n    def _dot_lookup(thing, comp, import_path):\n        try:\n            return getattr(thing, comp)\n        except AttributeError:\n            __import__(import_path)\n>           return getattr(thing, comp)\nE           AttributeError: module 'tensorflow' has no attribute 'python'\n\n/opt/anaconda3/envs/testagent-experiment/lib/python3.10/unittest/mock.py:1251: AttributeError\n_________ TestCheckpointManager.test_checkpoint_manager_save_interval __________\n\nthing = <module 'tensorflow' from '/opt/anaconda3/envs/testagent-experiment/lib/python3.10/site-packages/tensorflow/__init__.py'>\ncomp = 'python', import_path = 'tensorflow.python'\n\n    def _dot_lookup(thing, comp, import_path):\n        try:\n>           return getattr(thing, comp)\nE           AttributeError: module 'tensorflow' has no attribute 'python'\n\n/opt/anaconda3/envs/testagent-experiment/lib/python3.10/unittest/mock.py:1248: AttributeError\n\nDuring handling of the above exception, another exception occurred:\n\nself = <test_tensorflow_python_training_checkpoint_management.TestCheckpointManager object at 0x14d023100>\n\n    def test_checkpoint_manager_save_interval(self):\n        \"\"\"Test CheckpointManager checkpoint interval functionality.\"\"\"\n        # Mock checkpoint\n        mock_ckpt = mock.MagicMock()\n    \n        with mock.patch('tensorflow.train.Checkpoint') as mock_checkpoint_class:\n            mock_checkpoint_class.return_value = mock_ckpt\n    \n            # Mock file_io and gfile functions\n>           with mock.patch('tensorflow.python.training.checkpoint_management.file_io.file_exists') as mock_file_exists, \\\n                 mock.patch('tensorflow.python.training.checkpoint_management.file_io.get_matching_files') as mock_get_matching_files, \\\n                 mock.patch('tensorflow.python.platform.gfile.MakeDirs') as mock_makedirs, \\\n                 mock.patch('tensorflow.python.platform.gfile.Exists') as mock_gfile_exists:\n\ntests/test_tensorflow_python_training_checkpoint_management.py:449: \n_ _ _ _ _ _ _ _ _ _ _ _ _ _ _ _ _ _ _ _ _ _ _ _ _ _ _ _ _ _ _ _ _ _ _ _ _ _ _ _ \n/opt/anaconda3/envs/testagent-experiment/lib/python3.10/unittest/mock.py:1431: in __enter__\n    self.target = self.getter()\n/opt/anaconda3/envs/testagent-experiment/lib/python3.10/unittest/mock.py:1618: in <lambda>\n    getter = lambda: _importer(target)\n/opt/anaconda3/envs/testagent-experiment/lib/python3.10/unittest/mock.py:1261: in _importer\n    thing = _dot_lookup(thing, comp, import_path)\n_ _ _ _ _ _ _ _ _ _ _ _ _ _ _ _ _ _ _ _ _ _ _ _ _ _ _ _ _ _ _ _ _ _ _ _ _ _ _ _ \n\nthing = <module 'tensorflow' from '/opt/anaconda3/envs/testagent-experiment/lib/python3.10/site-packages/tensorflow/__init__.py'>\ncomp = 'python', import_path = 'tensorflow.python'\n\n    def _dot_lookup(thing, comp, import_path):\n        try:\n            return getattr(thing, comp)\n        except AttributeError:\n            __import__(import_path)\n>           return getattr(thing, comp)\nE           AttributeError: module 'tensorflow' has no attribute 'python'\n\n/opt/anaconda3/envs/testagent-experiment/lib/python3.10/unittest/mock.py:1251: AttributeError\n____________ TestCheckpointManager.test_checkpoint_manager_init_fn _____________\n\nthing = <module 'tensorflow' from '/opt/anaconda3/envs/testagent-experiment/lib/python3.10/site-packages/tensorflow/__init__.py'>\ncomp = 'python', import_path = 'tensorflow.python'\n\n    def _dot_lookup(thing, comp, import_path):\n        try:\n>           return getattr(thing, comp)\nE           AttributeError: module 'tensorflow' has no attribute 'python'\n\n/opt/anaconda3/envs/testagent-experiment/lib/python3.10/unittest/mock.py:1248: AttributeError\n\nDuring handling of the above exception, another exception occurred:\n\nself = <test_tensorflow_python_training_checkpoint_management.TestCheckpointManager object at 0x14d022d70>\n\n    def test_checkpoint_manager_init_fn(self):\n        \"\"\"Test CheckpointManager with init_fn parameter.\"\"\"\n        # Mock checkpoint\n        mock_ckpt = mock.MagicMock()\n    \n        with mock.patch('tensorflow.train.Checkpoint') as mock_checkpoint_class:\n            mock_checkpoint_class.return_value = mock_ckpt\n    \n            # Mock file_io and gfile functions\n>           with mock.patch('tensorflow.python.training.checkpoint_management.file_io.file_exists') as mock_file_exists, \\\n                 mock.patch('tensorflow.python.training.checkpoint_management.file_io.get_matching_files') as mock_get_matching_files, \\\n                 mock.patch('tensorflow.python.platform.gfile.MakeDirs') as mock_makedirs, \\\n                 mock.patch('tensorflow.python.platform.gfile.Exists') as mock_gfile_exists:\n\ntests/test_tensorflow_python_training_checkpoint_management.py:495: \n_ _ _ _ _ _ _ _ _ _ _ _ _ _ _ _ _ _ _ _ _ _ _ _ _ _ _ _ _ _ _ _ _ _ _ _ _ _ _ _ \n/opt/anaconda3/envs/testagent-experiment/lib/python3.10/unittest/mock.py:1431: in __enter__\n    self.target = self.getter()\n/opt/anaconda3/envs/testagent-experiment/lib/python3.10/unittest/mock.py:1618: in <lambda>\n    getter = lambda: _importer(target)\n/opt/anaconda3/envs/testagent-experiment/lib/python3.10/unittest/mock.py:1261: in _importer\n    thing = _dot_lookup(thing, comp, import_path)\n_ _ _ _ _ _ _ _ _ _ _ _ _ _ _ _ _ _ _ _ _ _ _ _ _ _ _ _ _ _ _ _ _ _ _ _ _ _ _ _ \n\nthing = <module 'tensorflow' from '/opt/anaconda3/envs/testagent-experiment/lib/python3.10/site-packages/tensorflow/__init__.py'>\ncomp = 'python', import_path = 'tensorflow.python'\n\n    def _dot_lookup(thing, comp, import_path):\n        try:\n            return getattr(thing, comp)\n        except AttributeError:\n            __import__(import_path)\n>           return getattr(thing, comp)\nE           AttributeError: module 'tensorflow' has no attribute 'python'\n\n/opt/anaconda3/envs/testagent-experiment/lib/python3.10/unittest/mock.py:1251: AttributeError\n=============================== warnings summary ===============================\n../../../../../../../../opt/anaconda3/envs/testagent-experiment/lib/python3.10/site-packages/tensorflow/core/framework/tensor_shape_pb2.py:18\n  /opt/anaconda3/envs/testagent-experiment/lib/python3.10/site-packages/tensorflow/core/framework/tensor_shape_pb2.py:18: DeprecationWarning: Call to deprecated create function FileDescriptor(). Note: Create unlinked descriptors is going to go away. Please use get/find descriptors from generated code or query the descriptor_pool.\n    DESCRIPTOR = _descriptor.FileDescriptor(\n\n../../../../../../../../opt/anaconda3/envs/testagent-experiment/lib/python3.10/site-packages/tensorflow/core/framework/tensor_shape_pb2.py:36\n  /opt/anaconda3/envs/testagent-experiment/lib/python3.10/site-packages/tensorflow/core/framework/tensor_shape_pb2.py:36: DeprecationWarning: Call to deprecated create function FieldDescriptor(). Note: Create unlinked descriptors is going to go away. Please use get/find descriptors from generated code or query the descriptor_pool.\n    _descriptor.FieldDescriptor(\n\n../../../../../../../../opt/anaconda3/envs/testagent-experiment/lib/python3.10/site-packages/tensorflow/core/framework/tensor_shape_pb2.py:43\n  /opt/anaconda3/envs/testagent-experiment/lib/python3.10/site-packages/tensorflow/core/framework/tensor_shape_pb2.py:43: DeprecationWarning: Call to deprecated create function FieldDescriptor(). Note: Create unlinked descriptors is going to go away. Please use get/find descriptors from generated code or query the descriptor_pool.\n    _descriptor.FieldDescriptor(\n\n../../../../../../../../opt/anaconda3/envs/testagent-experiment/lib/python3.10/site-packages/tensorflow/core/framework/tensor_shape_pb2.py:29\n  /opt/anaconda3/envs/testagent-experiment/lib/python3.10/site-packages/tensorflow/core/framework/tensor_shape_pb2.py:29: DeprecationWarning: Call to deprecated create function Descriptor(). Note: Create unlinked descriptors is going to go away. Please use get/find descriptors from generated code or query the descriptor_pool.\n    _TENSORSHAPEPROTO_DIM = _descriptor.Descriptor(\n\n../../../../../../../../opt/anaconda3/envs/testagent-experiment/lib/python3.10/site-packages/tensorflow/core/framework/tensor_shape_pb2.py:73\n  /opt/anaconda3/envs/testagent-experiment/lib/python3.10/site-packages/tensorflow/core/framework/tensor_shape_pb2.py:73: DeprecationWarning: Call to deprecated create function FieldDescriptor(). Note: Create unlinked descriptors is going to go away. Please use get/find descriptors from generated code or query the descriptor_pool.\n    _descriptor.FieldDescriptor(\n\n../../../../../../../../opt/anaconda3/envs/testagent-experiment/lib/python3.10/site-packages/tensorflow/core/framework/tensor_shape_pb2.py:80\n  /opt/anaconda3/envs/testagent-experiment/lib/python3.10/site-packages/tensorflow/core/framework/tensor_shape_pb2.py:80: DeprecationWarning: Call to deprecated create function FieldDescriptor(). Note: Create unlinked descriptors is going to go away. Please use get/find descriptors from generated code or query the descriptor_pool.\n    _descriptor.FieldDescriptor(\n\n../../../../../../../../opt/anaconda3/envs/testagent-experiment/lib/python3.10/site-packages/tensorflow/core/framework/tensor_shape_pb2.py:66\n  /opt/anaconda3/envs/testagent-experiment/lib/python3.10/site-packages/tensorflow/core/framework/tensor_shape_pb2.py:66: DeprecationWarning: Call to deprecated create function Descriptor(). Note: Create unlinked descriptors is going to go away. Please use get/find descriptors from generated code or query the descriptor_pool.\n    _TENSORSHAPEPROTO = _descriptor.Descriptor(\n\n../../../../../../../../opt/anaconda3/envs/testagent-experiment/lib/python3.10/site-packages/tensorflow/core/framework/types_pb2.py:19\n  /opt/anaconda3/envs/testagent-experiment/lib/python3.10/site-packages/tensorflow/core/framework/types_pb2.py:19: DeprecationWarning: Call to deprecated create function FileDescriptor(). Note: Create unlinked descriptors is going to go away. Please use get/find descriptors from generated code or query the descriptor_pool.\n    DESCRIPTOR = _descriptor.FileDescriptor(\n\n../../../../../../../../opt/anaconda3/envs/testagent-experiment/lib/python3.10/site-packages/tensorflow/core/framework/types_pb2.py:33\n  /opt/anaconda3/envs/testagent-experiment/lib/python3.10/site-packages/tensorflow/core/framework/types_pb2.py:33: DeprecationWarning: Call to deprecated create function EnumValueDescriptor(). Note: Create unlinked descriptors is going to go away. Please use get/find descriptors from generated code or query the descriptor_pool.\n    _descriptor.EnumValueDescriptor(\n\n../../../../../../../../opt/anaconda3/envs/testagent-experiment/lib/python3.10/site-packages/tensorflow/core/framework/types_pb2.py:37\n  /opt/anaconda3/envs/testagent-experiment/lib/python3.10/site-packages/tensorflow/core/framework/types_pb2.py:37: DeprecationWarning: Call to deprecated create function EnumValueDescriptor(). Note: Create unlinked descriptors is going to go away. Please use get/find descriptors from generated code or query the descriptor_pool.\n    _descriptor.EnumValueDescriptor(\n\n../../../../../../../../opt/anaconda3/envs/testagent-experiment/lib/python3.10/site-packages/tensorflow/core/framework/types_pb2.py:41\n  /opt/anaconda3/envs/testagent-experiment/lib/python3.10/site-packages/tensorflow/core/framework/types_pb2.py:41: DeprecationWarning: Call to deprecated create function EnumValueDescriptor(). Note: Create unlinked descriptors is going to go away. Please use get/find descriptors from generated code or query the descriptor_pool.\n    _descriptor.EnumValueDescriptor(\n\n../../../../../../../../opt/anaconda3/envs/testagent-experiment/lib/python3.10/site-packages/tensorflow/core/framework/types_pb2.py:45\n  /opt/anaconda3/envs/testagent-experiment/lib/python3.10/site-packages/tensorflow/core/framework/types_pb2.py:45: DeprecationWarning: Call to deprecated create function EnumValueDescriptor(). Note: Create unlinked descriptors is going to go away. Please use get/find descriptors from generated code or query the descriptor_pool.\n    _descriptor.EnumValueDescriptor(\n\n../../../../../../../../opt/anaconda3/envs/testagent-experiment/lib/python3.10/site-packages/tensorflow/core/framework/types_pb2.py:49\n  /opt/anaconda3/envs/testagent-experiment/lib/python3.10/site-packages/tensorflow/core/framework/types_pb2.py:49: DeprecationWarning: Call to deprecated create function EnumValueDescriptor(). Note: Create unlinked descriptors is going to go away. Please use get/find descriptors from generated code or query the descriptor_pool.\n    _descriptor.EnumValueDescriptor(\n\n../../../../../../../../opt/anaconda3/envs/testagent-experiment/lib/python3.10/site-packages/tensorflow/core/framework/types_pb2.py:53\n  /opt/anaconda3/envs/testagent-experiment/lib/python3.10/site-packages/tensorflow/core/framework/types_pb2.py:53: DeprecationWarning: Call to deprecated create function EnumValueDescriptor(). Note: Create unlinked descriptors is going to go away. Please use get/find descriptors from generated code or query the descriptor_pool.\n    _descriptor.EnumValueDescriptor(\n\n../../../../../../../../opt/anaconda3/envs/testagent-experiment/lib/python3.10/site-packages/tensorflow/core/framework/types_pb2.py:57\n  /opt/anaconda3/envs/testagent-experiment/lib/python3.10/site-packages/tensorflow/core/framework/types_pb2.py:57: DeprecationWarning: Call to deprecated create function EnumValueDescriptor(). Note: Create unlinked descriptors is going to go away. Please use get/find descriptors from generated code or query the descriptor_pool.\n    _descriptor.EnumValueDescriptor(\n\n../../../../../../../../opt/anaconda3/envs/testagent-experiment/lib/python3.10/site-packages/tensorflow/core/framework/types_pb2.py:61\n  /opt/anaconda3/envs/testagent-experiment/lib/python3.10/site-packages/tensorflow/core/framework/types_pb2.py:61: DeprecationWarning: Call to deprecated create function EnumValueDescriptor(). Note: Create unlinked descriptors is going to go away. Please use get/find descriptors from generated code or query the descriptor_pool.\n    _descriptor.EnumValueDescriptor(\n\n../../../../../../../../opt/anaconda3/envs/testagent-experiment/lib/python3.10/site-packages/tensorflow/core/framework/types_pb2.py:65\n  /opt/anaconda3/envs/testagent-experiment/lib/python3.10/site-packages/tensorflow/core/framework/types_pb2.py:65: DeprecationWarning: Call to deprecated create function EnumValueDescriptor(). Note: Create unlinked descriptors is going to go away. Please use get/find descriptors from generated code or query the descriptor_pool.\n    _descriptor.EnumValueDescriptor(\n\n../../../../../../../../opt/anaconda3/envs/testagent-experiment/lib/python3.10/site-packages/tensorflow/core/framework/types_pb2.py:69\n  /opt/anaconda3/envs/testagent-experiment/lib/python3.10/site-packages/tensorflow/core/framework/types_pb2.py:69: DeprecationWarning: Call to deprecated create function EnumValueDescriptor(). Note: Create unlinked descriptors is going to go away. Please use get/find descriptors from generated code or query the descriptor_pool.\n    _descriptor.EnumValueDescriptor(\n\n../../../../../../../../opt/anaconda3/envs/testagent-experiment/lib/python3.10/site-packages/tensorflow/core/framework/types_pb2.py:73\n  /opt/anaconda3/envs/testagent-experiment/lib/python3.10/site-packages/tensorflow/core/framework/types_pb2.py:73: DeprecationWarning: Call to deprecated create function EnumValueDescriptor(). Note: Create unlinked descriptors is going to go away. Please use get/find descriptors from generated code or query the descriptor_pool.\n    _descriptor.EnumValueDescriptor(\n\n../../../../../../../../opt/anaconda3/envs/testagent-experiment/lib/python3.10/site-packages/tensorflow/core/framework/types_pb2.py:77\n  /opt/anaconda3/envs/testagent-experiment/lib/python3.10/site-packages/tensorflow/core/framework/types_pb2.py:77: DeprecationWarning: Call to deprecated create function EnumValueDescriptor(). Note: Create unlinked descriptors is going to go away. Please use get/find descriptors from generated code or query the descriptor_pool.\n    _descriptor.EnumValueDescriptor(\n\n../../../../../../../../opt/anaconda3/envs/testagent-experiment/lib/python3.10/site-packages/tensorflow/core/framework/types_pb2.py:81\n  /opt/anaconda3/envs/testagent-experiment/lib/python3.10/site-packages/tensorflow/core/framework/types_pb2.py:81: DeprecationWarning: Call to deprecated create function EnumValueDescriptor(). Note: Create unlinked descriptors is going to go away. Please use get/find descriptors from generated code or query the descriptor_pool.\n    _descriptor.EnumValueDescriptor(\n\n../../../../../../../../opt/anaconda3/envs/testagent-experiment/lib/python3.10/site-packages/tensorflow/core/framework/types_pb2.py:85\n  /opt/anaconda3/envs/testagent-experiment/lib/python3.10/site-packages/tensorflow/core/framework/types_pb2.py:85: DeprecationWarning: Call to deprecated create function EnumValueDescriptor(). Note: Create unlinked descriptors is going to go away. Please use get/find descriptors from generated code or query the descriptor_pool.\n    _descriptor.EnumValueDescriptor(\n\n../../../../../../../../opt/anaconda3/envs/testagent-experiment/lib/python3.10/site-packages/tensorflow/core/framework/types_pb2.py:89\n  /opt/anaconda3/envs/testagent-experiment/lib/python3.10/site-packages/tensorflow/core/framework/types_pb2.py:89: DeprecationWarning: Call to deprecated create function EnumValueDescriptor(). Note: Create unlinked descriptors is going to go away. Please use get/find descriptors from generated code or query the descriptor_pool.\n    _descriptor.EnumValueDescriptor(\n\n../../../../../../../../opt/anaconda3/envs/testagent-experiment/lib/python3.10/site-packages/tensorflow/core/framework/types_pb2.py:93\n  /opt/anaconda3/envs/testagent-experiment/lib/python3.10/site-packages/tensorflow/core/framework/types_pb2.py:93: DeprecationWarning: Call to deprecated create function EnumValueDescriptor(). Note: Create unlinked descriptors is going to go away. Please use get/find descriptors from generated code or query the descriptor_pool.\n    _descriptor.EnumValueDescriptor(\n\n../../../../../../../../opt/anaconda3/envs/testagent-experiment/lib/python3.10/site-packages/tensorflow/core/framework/types_pb2.py:97\n  /opt/anaconda3/envs/testagent-experiment/lib/python3.10/site-packages/tensorflow/core/framework/types_pb2.py:97: DeprecationWarning: Call to deprecated create function EnumValueDescriptor(). Note: Create unlinked descriptors is going to go away. Please use get/find descriptors from generated code or query the descriptor_pool.\n    _descriptor.EnumValueDescriptor(\n\n../../../../../../../../opt/anaconda3/envs/testagent-experiment/lib/python3.10/site-packages/tensorflow/core/framework/types_pb2.py:101\n  /opt/anaconda3/envs/testagent-experiment/lib/python3.10/site-packages/tensorflow/core/framework/types_pb2.py:101: DeprecationWarning: Call to deprecated create function EnumValueDescriptor(). Note: Create unlinked descriptors is going to go away. Please use get/find descriptors from generated code or query the descriptor_pool.\n    _descriptor.EnumValueDescriptor(\n\n../../../../../../../../opt/anaconda3/envs/testagent-experiment/lib/python3.10/site-packages/tensorflow/core/framework/types_pb2.py:105\n  /opt/anaconda3/envs/testagent-experiment/lib/python3.10/site-packages/tensorflow/core/framework/types_pb2.py:105: DeprecationWarning: Call to deprecated create function EnumValueDescriptor(). Note: Create unlinked descriptors is going to go away. Please use get/find descriptors from generated code or query the descriptor_pool.\n    _descriptor.EnumValueDescriptor(\n\n../../../../../../../../opt/anaconda3/envs/testagent-experiment/lib/python3.10/site-packages/tensorflow/core/framework/types_pb2.py:109\n  /opt/anaconda3/envs/testagent-experiment/lib/python3.10/site-packages/tensorflow/core/framework/types_pb2.py:109: DeprecationWarning: Call to deprecated create function EnumValueDescriptor(). Note: Create unlinked descriptors is going to go away. Please use get/find descriptors from generated code or query the descriptor_pool.\n    _descriptor.EnumValueDescriptor(\n\n../../../../../../../../opt/anaconda3/envs/testagent-experiment/lib/python3.10/site-packages/tensorflow/core/framework/types_pb2.py:113\n  /opt/anaconda3/envs/testagent-experiment/lib/python3.10/site-packages/tensorflow/core/framework/types_pb2.py:113: DeprecationWarning: Call to deprecated create function EnumValueDescriptor(). Note: Create unlinked descriptors is going to go away. Please use get/find descriptors from generated code or query the descriptor_pool.\n    _descriptor.EnumValueDescriptor(\n\n../../../../../../../../opt/anaconda3/envs/testagent-experiment/lib/python3.10/site-packages/tensorflow/core/framework/types_pb2.py:117\n  /opt/anaconda3/envs/testagent-experiment/lib/python3.10/site-packages/tensorflow/core/framework/types_pb2.py:117: DeprecationWarning: Call to deprecated create function EnumValueDescriptor(). Note: Create unlinked descriptors is going to go away. Please use get/find descriptors from generated code or query the descriptor_pool.\n    _descriptor.EnumValueDescriptor(\n\n../../../../../../../../opt/anaconda3/envs/testagent-experiment/lib/python3.10/site-packages/tensorflow/core/framework/types_pb2.py:121\n  /opt/anaconda3/envs/testagent-experiment/lib/python3.10/site-packages/tensorflow/core/framework/types_pb2.py:121: DeprecationWarning: Call to deprecated create function EnumValueDescriptor(). Note: Create unlinked descriptors is going to go away. Please use get/find descriptors from generated code or query the descriptor_pool.\n    _descriptor.EnumValueDescriptor(\n\n../../../../../../../../opt/anaconda3/envs/testagent-experiment/lib/python3.10/site-packages/tensorflow/core/framework/types_pb2.py:125\n  /opt/anaconda3/envs/testagent-experiment/lib/python3.10/site-packages/tensorflow/core/framework/types_pb2.py:125: DeprecationWarning: Call to deprecated create function EnumValueDescriptor(). Note: Create unlinked descriptors is going to go away. Please use get/find descriptors from generated code or query the descriptor_pool.\n    _descriptor.EnumValueDescriptor(\n\n../../../../../../../../opt/anaconda3/envs/testagent-experiment/lib/python3.10/site-packages/tensorflow/core/framework/types_pb2.py:129\n  /opt/anaconda3/envs/testagent-experiment/lib/python3.10/site-packages/tensorflow/core/framework/types_pb2.py:129: DeprecationWarning: Call to deprecated create function EnumValueDescriptor(). Note: Create unlinked descriptors is going to go away. Please use get/find descriptors from generated code or query the descriptor_pool.\n    _descriptor.EnumValueDescriptor(\n\n../../../../../../../../opt/anaconda3/envs/testagent-experiment/lib/python3.10/site-packages/tensorflow/core/framework/types_pb2.py:133\n  /opt/anaconda3/envs/testagent-experiment/lib/python3.10/site-packages/tensorflow/core/framework/types_pb2.py:133: DeprecationWarning: Call to deprecated create function EnumValueDescriptor(). Note: Create unlinked descriptors is going to go away. Please use get/find descriptors from generated code or query the descriptor_pool.\n    _descriptor.EnumValueDescriptor(\n\n../../../../../../../../opt/anaconda3/envs/testagent-experiment/lib/python3.10/site-packages/tensorflow/core/framework/types_pb2.py:137\n  /opt/anaconda3/envs/testagent-experiment/lib/python3.10/site-packages/tensorflow/core/framework/types_pb2.py:137: DeprecationWarning: Call to deprecated create function EnumValueDescriptor(). Note: Create unlinked descriptors is going to go away. Please use get/find descriptors from generated code or query the descriptor_pool.\n    _descriptor.EnumValueDescriptor(\n\n../../../../../../../../opt/anaconda3/envs/testagent-experiment/lib/python3.10/site-packages/tensorflow/core/framework/types_pb2.py:141\n  /opt/anaconda3/envs/testagent-experiment/lib/python3.10/site-packages/tensorflow/core/framework/types_pb2.py:141: DeprecationWarning: Call to deprecated create function EnumValueDescriptor(). Note: Create unlinked descriptors is going to go away. Please use get/find descriptors from generated code or query the descriptor_pool.\n    _descriptor.EnumValueDescriptor(\n\n../../../../../../../../opt/anaconda3/envs/testagent-experiment/lib/python3.10/site-packages/tensorflow/core/framework/types_pb2.py:145\n  /opt/anaconda3/envs/testagent-experiment/lib/python3.10/site-packages/tensorflow/core/framework/types_pb2.py:145: DeprecationWarning: Call to deprecated create function EnumValueDescriptor(). Note: Create unlinked descriptors is going to go away. Please use get/find descriptors from generated code or query the descriptor_pool.\n    _descriptor.EnumValueDescriptor(\n\n../../../../../../../../opt/anaconda3/envs/testagent-experiment/lib/python3.10/site-packages/tensorflow/core/framework/types_pb2.py:149\n  /opt/anaconda3/envs/testagent-experiment/lib/python3.10/site-packages/tensorflow/core/framework/types_pb2.py:149: DeprecationWarning: Call to deprecated create function EnumValueDescriptor(). Note: Create unlinked descriptors is going to go away. Please use get/find descriptors from generated code or query the descriptor_pool.\n    _descriptor.EnumValueDescriptor(\n\n../../../../../../../../opt/anaconda3/envs/testagent-experiment/lib/python3.10/site-packages/tensorflow/core/framework/types_pb2.py:153\n  /opt/anaconda3/envs/testagent-experiment/lib/python3.10/site-packages/tensorflow/core/framework/types_pb2.py:153: DeprecationWarning: Call to deprecated create function EnumValueDescriptor(). Note: Create unlinked descriptors is going to go away. Please use get/find descriptors from generated code or query the descriptor_pool.\n    _descriptor.EnumValueDescriptor(\n\n../../../../../../../../opt/anaconda3/envs/testagent-experiment/lib/python3.10/site-packages/tensorflow/core/framework/types_pb2.py:157\n  /opt/anaconda3/envs/testagent-experiment/lib/python3.10/site-packages/tensorflow/core/framework/types_pb2.py:157: DeprecationWarning: Call to deprecated create function EnumValueDescriptor(). Note: Create unlinked descriptors is going to go away. Please use get/find descriptors from generated code or query the descriptor_pool.\n    _descriptor.EnumValueDescriptor(\n\n../../../../../../../../opt/anaconda3/envs/testagent-experiment/lib/python3.10/site-packages/tensorflow/core/framework/types_pb2.py:161\n  /opt/anaconda3/envs/testagent-experiment/lib/python3.10/site-packages/tensorflow/core/framework/types_pb2.py:161: DeprecationWarning: Call to deprecated create function EnumValueDescriptor(). Note: Create unlinked descriptors is going to go away. Please use get/find descriptors from generated code or query the descriptor_pool.\n    _descriptor.EnumValueDescriptor(\n\n../../../../../../../../opt/anaconda3/envs/testagent-experiment/lib/python3.10/site-packages/tensorflow/core/framework/types_pb2.py:165\n  /opt/anaconda3/envs/testagent-experiment/lib/python3.10/site-packages/tensorflow/core/framework/types_pb2.py:165: DeprecationWarning: Call to deprecated create function EnumValueDescriptor(). Note: Create unlinked descriptors is going to go away. Please use get/find descriptors from generated code or query the descriptor_pool.\n    _descriptor.EnumValueDescriptor(\n\n../../../../../../../../opt/anaconda3/envs/testagent-experiment/lib/python3.10/site-packages/tensorflow/core/framework/types_pb2.py:169\n  /opt/anaconda3/envs/testagent-experiment/lib/python3.10/site-packages/tensorflow/core/framework/types_pb2.py:169: DeprecationWarning: Call to deprecated create function EnumValueDescriptor(). Note: Create unlinked descriptors is going to go away. Please use get/find descriptors from generated code or query the descriptor_pool.\n    _descriptor.EnumValueDescriptor(\n\n../../../../../../../../opt/anaconda3/envs/testagent-experiment/lib/python3.10/site-packages/tensorflow/core/framework/types_pb2.py:173\n  /opt/anaconda3/envs/testagent-experiment/lib/python3.10/site-packages/tensorflow/core/framework/types_pb2.py:173: DeprecationWarning: Call to deprecated create function EnumValueDescriptor(). Note: Create unlinked descriptors is going to go away. Please use get/find descriptors from generated code or query the descriptor_pool.\n    _descriptor.EnumValueDescriptor(\n\n../../../../../../../../opt/anaconda3/envs/testagent-experiment/lib/python3.10/site-packages/tensorflow/core/framework/types_pb2.py:177\n  /opt/anaconda3/envs/testagent-experiment/lib/python3.10/site-packages/tensorflow/core/framework/types_pb2.py:177: DeprecationWarning: Call to deprecated create function EnumValueDescriptor(). Note: Create unlinked descriptors is going to go away. Please use get/find descriptors from generated code or query the descriptor_pool.\n    _descriptor.EnumValueDescriptor(\n\n../../../../../../../../opt/anaconda3/envs/testagent-experiment/lib/python3.10/site-packages/tensorflow/core/framework/types_pb2.py:181\n  /opt/anaconda3/envs/testagent-experiment/lib/python3.10/site-packages/tensorflow/core/framework/types_pb2.py:181: DeprecationWarning: Call to deprecated create function EnumValueDescriptor(). Note: Create unlinked descriptors is going to go away. Please use get/find descriptors from generated code or query the descriptor_pool.\n    _descriptor.EnumValueDescriptor(\n\n../../../../../../../../opt/anaconda3/envs/testagent-experiment/lib/python3.10/site-packages/tensorflow/core/framework/types_pb2.py:185\n  /opt/anaconda3/envs/testagent-experiment/lib/python3.10/site-packages/tensorflow/core/framework/types_pb2.py:185: DeprecationWarning: Call to deprecated create function EnumValueDescriptor(). Note: Create unlinked descriptors is going to go away. Please use get/find descriptors from generated code or query the descriptor_pool.\n    _descriptor.EnumValueDescriptor(\n\n../../../../../../../../opt/anaconda3/envs/testagent-experiment/lib/python3.10/site-packages/tensorflow/core/framework/types_pb2.py:189\n  /opt/anaconda3/envs/testagent-experiment/lib/python3.10/site-packages/tensorflow/core/framework/types_pb2.py:189: DeprecationWarning: Call to deprecated create function EnumValueDescriptor(). Note: Create unlinked descriptors is going to go away. Please use get/find descriptors from generated code or query the descriptor_pool.\n    _descriptor.EnumValueDescriptor(\n\n../../../../../../../../opt/anaconda3/envs/testagent-experiment/lib/python3.10/site-packages/tensorflow/core/framework/types_pb2.py:193\n  /opt/anaconda3/envs/testagent-experiment/lib/python3.10/site-packages/tensorflow/core/framework/types_pb2.py:193: DeprecationWarning: Call to deprecated create function EnumValueDescriptor(). Note: Create unlinked descriptors is going to go away. Please use get/find descriptors from generated code or query the descriptor_pool.\n    _descriptor.EnumValueDescriptor(\n\n../../../../../../../../opt/anaconda3/envs/testagent-experiment/lib/python3.10/site-packages/tensorflow/core/framework/types_pb2.py:197\n  /opt/anaconda3/envs/testagent-experiment/lib/python3.10/site-packages/tensorflow/core/framework/types_pb2.py:197: DeprecationWarning: Call to deprecated create function EnumValueDescriptor(). Note: Create unlinked descriptors is going to go away. Please use get/find descriptors from generated code or query the descriptor_pool.\n    _descriptor.EnumValueDescriptor(\n\n../../../../../../../../opt/anaconda3/envs/testagent-experiment/lib/python3.10/site-packages/tensorflow/core/framework/types_pb2.py:201\n  /opt/anaconda3/envs/testagent-experiment/lib/python3.10/site-packages/tensorflow/core/framework/types_pb2.py:201: DeprecationWarning: Call to deprecated create function EnumValueDescriptor(). Note: Create unlinked descriptors is going to go away. Please use get/find descriptors from generated code or query the descriptor_pool.\n    _descriptor.EnumValueDescriptor(\n\n../../../../../../../../opt/anaconda3/envs/testagent-experiment/lib/python3.10/site-packages/tensorflow/core/framework/types_pb2.py:205\n  /opt/anaconda3/envs/testagent-experiment/lib/python3.10/site-packages/tensorflow/core/framework/types_pb2.py:205: DeprecationWarning: Call to deprecated create function EnumValueDescriptor(). Note: Create unlinked descriptors is going to go away. Please use get/find descriptors from generated code or query the descriptor_pool.\n    _descriptor.EnumValueDescriptor(\n\n../../../../../../../../opt/anaconda3/envs/testagent-experiment/lib/python3.10/site-packages/tensorflow/core/framework/types_pb2.py:209\n  /opt/anaconda3/envs/testagent-experiment/lib/python3.10/site-packages/tensorflow/core/framework/types_pb2.py:209: DeprecationWarning: Call to deprecated create function EnumValueDescriptor(). Note: Create unlinked descriptors is going to go away. Please use get/find descriptors from generated code or query the descriptor_pool.\n    _descriptor.EnumValueDescriptor(\n\n../../../../../../../../opt/anaconda3/envs/testagent-experiment/lib/python3.10/site-packages/tensorflow/core/framework/types_pb2.py:213\n  /opt/anaconda3/envs/testagent-experiment/lib/python3.10/site-packages/tensorflow/core/framework/types_pb2.py:213: DeprecationWarning: Call to deprecated create function EnumValueDescriptor(). Note: Create unlinked descriptors is going to go away. Please use get/find descriptors from generated code or query the descriptor_pool.\n    _descriptor.EnumValueDescriptor(\n\n../../../../../../../../opt/anaconda3/envs/testagent-experiment/lib/python3.10/site-packages/tensorflow/core/framework/types_pb2.py:217\n  /opt/anaconda3/envs/testagent-experiment/lib/python3.10/site-packages/tensorflow/core/framework/types_pb2.py:217: DeprecationWarning: Call to deprecated create function EnumValueDescriptor(). Note: Create unlinked descriptors is going to go away. Please use get/find descriptors from generated code or query the descriptor_pool.\n    _descriptor.EnumValueDescriptor(\n\n../../../../../../../../opt/anaconda3/envs/testagent-experiment/lib/python3.10/site-packages/tensorflow/core/framework/types_pb2.py:27\n  /opt/anaconda3/envs/testagent-experiment/lib/python3.10/site-packages/tensorflow/core/framework/types_pb2.py:27: DeprecationWarning: Call to deprecated create function EnumDescriptor(). Note: Create unlinked descriptors is going to go away. Please use get/find descriptors from generated code or query the descriptor_pool.\n    _DATATYPE = _descriptor.EnumDescriptor(\n\n../../../../../../../../opt/anaconda3/envs/testagent-experiment/lib/python3.10/site-packages/tensorflow/core/framework/resource_handle_pb2.py:20\n  /opt/anaconda3/envs/testagent-experiment/lib/python3.10/site-packages/tensorflow/core/framework/resource_handle_pb2.py:20: DeprecationWarning: Call to deprecated create function FileDescriptor(). Note: Create unlinked descriptors is going to go away. Please use get/find descriptors from generated code or query the descriptor_pool.\n    DESCRIPTOR = _descriptor.FileDescriptor(\n\n../../../../../../../../opt/anaconda3/envs/testagent-experiment/lib/python3.10/site-packages/tensorflow/core/framework/resource_handle_pb2.py:39\n  /opt/anaconda3/envs/testagent-experiment/lib/python3.10/site-packages/tensorflow/core/framework/resource_handle_pb2.py:39: DeprecationWarning: Call to deprecated create function FieldDescriptor(). Note: Create unlinked descriptors is going to go away. Please use get/find descriptors from generated code or query the descriptor_pool.\n    _descriptor.FieldDescriptor(\n\n../../../../../../../../opt/anaconda3/envs/testagent-experiment/lib/python3.10/site-packages/tensorflow/core/framework/resource_handle_pb2.py:46\n  /opt/anaconda3/envs/testagent-experiment/lib/python3.10/site-packages/tensorflow/core/framework/resource_handle_pb2.py:46: DeprecationWarning: Call to deprecated create function FieldDescriptor(). Note: Create unlinked descriptors is going to go away. Please use get/find descriptors from generated code or query the descriptor_pool.\n    _descriptor.FieldDescriptor(\n\n../../../../../../../../opt/anaconda3/envs/testagent-experiment/lib/python3.10/site-packages/tensorflow/core/framework/resource_handle_pb2.py:32\n  /opt/anaconda3/envs/testagent-experiment/lib/python3.10/site-packages/tensorflow/core/framework/resource_handle_pb2.py:32: DeprecationWarning: Call to deprecated create function Descriptor(). Note: Create unlinked descriptors is going to go away. Please use get/find descriptors from generated code or query the descriptor_pool.\n    _RESOURCEHANDLEPROTO_DTYPEANDSHAPE = _descriptor.Descriptor(\n\n../../../../../../../../opt/anaconda3/envs/testagent-experiment/lib/python3.10/site-packages/tensorflow/core/framework/resource_handle_pb2.py:76\n  /opt/anaconda3/envs/testagent-experiment/lib/python3.10/site-packages/tensorflow/core/framework/resource_handle_pb2.py:76: DeprecationWarning: Call to deprecated create function FieldDescriptor(). Note: Create unlinked descriptors is going to go away. Please use get/find descriptors from generated code or query the descriptor_pool.\n    _descriptor.FieldDescriptor(\n\n../../../../../../../../opt/anaconda3/envs/testagent-experiment/lib/python3.10/site-packages/tensorflow/core/framework/resource_handle_pb2.py:83\n  /opt/anaconda3/envs/testagent-experiment/lib/python3.10/site-packages/tensorflow/core/framework/resource_handle_pb2.py:83: DeprecationWarning: Call to deprecated create function FieldDescriptor(). Note: Create unlinked descriptors is going to go away. Please use get/find descriptors from generated code or query the descriptor_pool.\n    _descriptor.FieldDescriptor(\n\n../../../../../../../../opt/anaconda3/envs/testagent-experiment/lib/python3.10/site-packages/tensorflow/core/framework/resource_handle_pb2.py:90\n  /opt/anaconda3/envs/testagent-experiment/lib/python3.10/site-packages/tensorflow/core/framework/resource_handle_pb2.py:90: DeprecationWarning: Call to deprecated create function FieldDescriptor(). Note: Create unlinked descriptors is going to go away. Please use get/find descriptors from generated code or query the descriptor_pool.\n    _descriptor.FieldDescriptor(\n\n../../../../../../../../opt/anaconda3/envs/testagent-experiment/lib/python3.10/site-packages/tensorflow/core/framework/resource_handle_pb2.py:97\n  /opt/anaconda3/envs/testagent-experiment/lib/python3.10/site-packages/tensorflow/core/framework/resource_handle_pb2.py:97: DeprecationWarning: Call to deprecated create function FieldDescriptor(). Note: Create unlinked descriptors is going to go away. Please use get/find descriptors from generated code or query the descriptor_pool.\n    _descriptor.FieldDescriptor(\n\n../../../../../../../../opt/anaconda3/envs/testagent-experiment/lib/python3.10/site-packages/tensorflow/core/framework/resource_handle_pb2.py:104\n  /opt/anaconda3/envs/testagent-experiment/lib/python3.10/site-packages/tensorflow/core/framework/resource_handle_pb2.py:104: DeprecationWarning: Call to deprecated create function FieldDescriptor(). Note: Create unlinked descriptors is going to go away. Please use get/find descriptors from generated code or query the descriptor_pool.\n    _descriptor.FieldDescriptor(\n\n../../../../../../../../opt/anaconda3/envs/testagent-experiment/lib/python3.10/site-packages/tensorflow/core/framework/resource_handle_pb2.py:111\n  /opt/anaconda3/envs/testagent-experiment/lib/python3.10/site-packages/tensorflow/core/framework/resource_handle_pb2.py:111: DeprecationWarning: Call to deprecated create function FieldDescriptor(). Note: Create unlinked descriptors is going to go away. Please use get/find descriptors from generated code or query the descriptor_pool.\n    _descriptor.FieldDescriptor(\n\n../../../../../../../../opt/anaconda3/envs/testagent-experiment/lib/python3.10/site-packages/tensorflow/core/framework/resource_handle_pb2.py:69\n  /opt/anaconda3/envs/testagent-experiment/lib/python3.10/site-packages/tensorflow/core/framework/resource_handle_pb2.py:69: DeprecationWarning: Call to deprecated create function Descriptor(). Note: Create unlinked descriptors is going to go away. Please use get/find descriptors from generated code or query the descriptor_pool.\n    _RESOURCEHANDLEPROTO = _descriptor.Descriptor(\n\n../../../../../../../../opt/anaconda3/envs/testagent-experiment/lib/python3.10/site-packages/tensorflow/core/framework/tensor_pb2.py:21\n  /opt/anaconda3/envs/testagent-experiment/lib/python3.10/site-packages/tensorflow/core/framework/tensor_pb2.py:21: DeprecationWarning: Call to deprecated create function FileDescriptor(). Note: Create unlinked descriptors is going to go away. Please use get/find descriptors from generated code or query the descriptor_pool.\n    DESCRIPTOR = _descriptor.FileDescriptor(\n\n../../../../../../../../opt/anaconda3/envs/testagent-experiment/lib/python3.10/site-packages/tensorflow/core/framework/tensor_pb2.py:40\n  /opt/anaconda3/envs/testagent-experiment/lib/python3.10/site-packages/tensorflow/core/framework/tensor_pb2.py:40: DeprecationWarning: Call to deprecated create function FieldDescriptor(). Note: Create unlinked descriptors is going to go away. Please use get/find descriptors from generated code or query the descriptor_pool.\n    _descriptor.FieldDescriptor(\n\n../../../../../../../../opt/anaconda3/envs/testagent-experiment/lib/python3.10/site-packages/tensorflow/core/framework/tensor_pb2.py:47\n  /opt/anaconda3/envs/testagent-experiment/lib/python3.10/site-packages/tensorflow/core/framework/tensor_pb2.py:47: DeprecationWarning: Call to deprecated create function FieldDescriptor(). Note: Create unlinked descriptors is going to go away. Please use get/find descriptors from generated code or query the descriptor_pool.\n    _descriptor.FieldDescriptor(\n\n../../../../../../../../opt/anaconda3/envs/testagent-experiment/lib/python3.10/site-packages/tensorflow/core/framework/tensor_pb2.py:54\n  /opt/anaconda3/envs/testagent-experiment/lib/python3.10/site-packages/tensorflow/core/framework/tensor_pb2.py:54: DeprecationWarning: Call to deprecated create function FieldDescriptor(). Note: Create unlinked descriptors is going to go away. Please use get/find descriptors from generated code or query the descriptor_pool.\n    _descriptor.FieldDescriptor(\n\n../../../../../../../../opt/anaconda3/envs/testagent-experiment/lib/python3.10/site-packages/tensorflow/core/framework/tensor_pb2.py:61\n  /opt/anaconda3/envs/testagent-experiment/lib/python3.10/site-packages/tensorflow/core/framework/tensor_pb2.py:61: DeprecationWarning: Call to deprecated create function FieldDescriptor(). Note: Create unlinked descriptors is going to go away. Please use get/find descriptors from generated code or query the descriptor_pool.\n    _descriptor.FieldDescriptor(\n\n../../../../../../../../opt/anaconda3/envs/testagent-experiment/lib/python3.10/site-packages/tensorflow/core/framework/tensor_pb2.py:68\n  /opt/anaconda3/envs/testagent-experiment/lib/python3.10/site-packages/tensorflow/core/framework/tensor_pb2.py:68: DeprecationWarning: Call to deprecated create function FieldDescriptor(). Note: Create unlinked descriptors is going to go away. Please use get/find descriptors from generated code or query the descriptor_pool.\n    _descriptor.FieldDescriptor(\n\n../../../../../../../../opt/anaconda3/envs/testagent-experiment/lib/python3.10/site-packages/tensorflow/core/framework/tensor_pb2.py:75\n  /opt/anaconda3/envs/testagent-experiment/lib/python3.10/site-packages/tensorflow/core/framework/tensor_pb2.py:75: DeprecationWarning: Call to deprecated create function FieldDescriptor(). Note: Create unlinked descriptors is going to go away. Please use get/find descriptors from generated code or query the descriptor_pool.\n    _descriptor.FieldDescriptor(\n\n../../../../../../../../opt/anaconda3/envs/testagent-experiment/lib/python3.10/site-packages/tensorflow/core/framework/tensor_pb2.py:82\n  /opt/anaconda3/envs/testagent-experiment/lib/python3.10/site-packages/tensorflow/core/framework/tensor_pb2.py:82: DeprecationWarning: Call to deprecated create function FieldDescriptor(). Note: Create unlinked descriptors is going to go away. Please use get/find descriptors from generated code or query the descriptor_pool.\n    _descriptor.FieldDescriptor(\n\n../../../../../../../../opt/anaconda3/envs/testagent-experiment/lib/python3.10/site-packages/tensorflow/core/framework/tensor_pb2.py:89\n  /opt/anaconda3/envs/testagent-experiment/lib/python3.10/site-packages/tensorflow/core/framework/tensor_pb2.py:89: DeprecationWarning: Call to deprecated create function FieldDescriptor(). Note: Create unlinked descriptors is going to go away. Please use get/find descriptors from generated code or query the descriptor_pool.\n    _descriptor.FieldDescriptor(\n\n../../../../../../../../opt/anaconda3/envs/testagent-experiment/lib/python3.10/site-packages/tensorflow/core/framework/tensor_pb2.py:96\n  /opt/anaconda3/envs/testagent-experiment/lib/python3.10/site-packages/tensorflow/core/framework/tensor_pb2.py:96: DeprecationWarning: Call to deprecated create function FieldDescriptor(). Note: Create unlinked descriptors is going to go away. Please use get/find descriptors from generated code or query the descriptor_pool.\n    _descriptor.FieldDescriptor(\n\n../../../../../../../../opt/anaconda3/envs/testagent-experiment/lib/python3.10/site-packages/tensorflow/core/framework/tensor_pb2.py:103\n  /opt/anaconda3/envs/testagent-experiment/lib/python3.10/site-packages/tensorflow/core/framework/tensor_pb2.py:103: DeprecationWarning: Call to deprecated create function FieldDescriptor(). Note: Create unlinked descriptors is going to go away. Please use get/find descriptors from generated code or query the descriptor_pool.\n    _descriptor.FieldDescriptor(\n\n../../../../../../../../opt/anaconda3/envs/testagent-experiment/lib/python3.10/site-packages/tensorflow/core/framework/tensor_pb2.py:110\n  /opt/anaconda3/envs/testagent-experiment/lib/python3.10/site-packages/tensorflow/core/framework/tensor_pb2.py:110: DeprecationWarning: Call to deprecated create function FieldDescriptor(). Note: Create unlinked descriptors is going to go away. Please use get/find descriptors from generated code or query the descriptor_pool.\n    _descriptor.FieldDescriptor(\n\n../../../../../../../../opt/anaconda3/envs/testagent-experiment/lib/python3.10/site-packages/tensorflow/core/framework/tensor_pb2.py:117\n  /opt/anaconda3/envs/testagent-experiment/lib/python3.10/site-packages/tensorflow/core/framework/tensor_pb2.py:117: DeprecationWarning: Call to deprecated create function FieldDescriptor(). Note: Create unlinked descriptors is going to go away. Please use get/find descriptors from generated code or query the descriptor_pool.\n    _descriptor.FieldDescriptor(\n\n../../../../../../../../opt/anaconda3/envs/testagent-experiment/lib/python3.10/site-packages/tensorflow/core/framework/tensor_pb2.py:124\n  /opt/anaconda3/envs/testagent-experiment/lib/python3.10/site-packages/tensorflow/core/framework/tensor_pb2.py:124: DeprecationWarning: Call to deprecated create function FieldDescriptor(). Note: Create unlinked descriptors is going to go away. Please use get/find descriptors from generated code or query the descriptor_pool.\n    _descriptor.FieldDescriptor(\n\n../../../../../../../../opt/anaconda3/envs/testagent-experiment/lib/python3.10/site-packages/tensorflow/core/framework/tensor_pb2.py:131\n  /opt/anaconda3/envs/testagent-experiment/lib/python3.10/site-packages/tensorflow/core/framework/tensor_pb2.py:131: DeprecationWarning: Call to deprecated create function FieldDescriptor(). Note: Create unlinked descriptors is going to go away. Please use get/find descriptors from generated code or query the descriptor_pool.\n    _descriptor.FieldDescriptor(\n\n../../../../../../../../opt/anaconda3/envs/testagent-experiment/lib/python3.10/site-packages/tensorflow/core/framework/tensor_pb2.py:138\n  /opt/anaconda3/envs/testagent-experiment/lib/python3.10/site-packages/tensorflow/core/framework/tensor_pb2.py:138: DeprecationWarning: Call to deprecated create function FieldDescriptor(). Note: Create unlinked descriptors is going to go away. Please use get/find descriptors from generated code or query the descriptor_pool.\n    _descriptor.FieldDescriptor(\n\n../../../../../../../../opt/anaconda3/envs/testagent-experiment/lib/python3.10/site-packages/tensorflow/core/framework/tensor_pb2.py:145\n  /opt/anaconda3/envs/testagent-experiment/lib/python3.10/site-packages/tensorflow/core/framework/tensor_pb2.py:145: DeprecationWarning: Call to deprecated create function FieldDescriptor(). Note: Create unlinked descriptors is going to go away. Please use get/find descriptors from generated code or query the descriptor_pool.\n    _descriptor.FieldDescriptor(\n\n../../../../../../../../opt/anaconda3/envs/testagent-experiment/lib/python3.10/site-packages/tensorflow/core/framework/tensor_pb2.py:152\n  /opt/anaconda3/envs/testagent-experiment/lib/python3.10/site-packages/tensorflow/core/framework/tensor_pb2.py:152: DeprecationWarning: Call to deprecated create function FieldDescriptor(). Note: Create unlinked descriptors is going to go away. Please use get/find descriptors from generated code or query the descriptor_pool.\n    _descriptor.FieldDescriptor(\n\n../../../../../../../../opt/anaconda3/envs/testagent-experiment/lib/python3.10/site-packages/tensorflow/core/framework/tensor_pb2.py:33\n  /opt/anaconda3/envs/testagent-experiment/lib/python3.10/site-packages/tensorflow/core/framework/tensor_pb2.py:33: DeprecationWarning: Call to deprecated create function Descriptor(). Note: Create unlinked descriptors is going to go away. Please use get/find descriptors from generated code or query the descriptor_pool.\n    _TENSORPROTO = _descriptor.Descriptor(\n\n../../../../../../../../opt/anaconda3/envs/testagent-experiment/lib/python3.10/site-packages/tensorflow/core/framework/tensor_pb2.py:183\n  /opt/anaconda3/envs/testagent-experiment/lib/python3.10/site-packages/tensorflow/core/framework/tensor_pb2.py:183: DeprecationWarning: Call to deprecated create function FieldDescriptor(). Note: Create unlinked descriptors is going to go away. Please use get/find descriptors from generated code or query the descriptor_pool.\n    _descriptor.FieldDescriptor(\n\n../../../../../../../../opt/anaconda3/envs/testagent-experiment/lib/python3.10/site-packages/tensorflow/core/framework/tensor_pb2.py:190\n  /opt/anaconda3/envs/testagent-experiment/lib/python3.10/site-packages/tensorflow/core/framework/tensor_pb2.py:190: DeprecationWarning: Call to deprecated create function FieldDescriptor(). Note: Create unlinked descriptors is going to go away. Please use get/find descriptors from generated code or query the descriptor_pool.\n    _descriptor.FieldDescriptor(\n\n../../../../../../../../opt/anaconda3/envs/testagent-experiment/lib/python3.10/site-packages/tensorflow/core/framework/tensor_pb2.py:197\n  /opt/anaconda3/envs/testagent-experiment/lib/python3.10/site-packages/tensorflow/core/framework/tensor_pb2.py:197: DeprecationWarning: Call to deprecated create function FieldDescriptor(). Note: Create unlinked descriptors is going to go away. Please use get/find descriptors from generated code or query the descriptor_pool.\n    _descriptor.FieldDescriptor(\n\n../../../../../../../../opt/anaconda3/envs/testagent-experiment/lib/python3.10/site-packages/tensorflow/core/framework/tensor_pb2.py:176\n  /opt/anaconda3/envs/testagent-experiment/lib/python3.10/site-packages/tensorflow/core/framework/tensor_pb2.py:176: DeprecationWarning: Call to deprecated create function Descriptor(). Note: Create unlinked descriptors is going to go away. Please use get/find descriptors from generated code or query the descriptor_pool.\n    _VARIANTTENSORDATAPROTO = _descriptor.Descriptor(\n\n../../../../../../../../opt/anaconda3/envs/testagent-experiment/lib/python3.10/site-packages/tensorflow/core/framework/attr_value_pb2.py:21\n  /opt/anaconda3/envs/testagent-experiment/lib/python3.10/site-packages/tensorflow/core/framework/attr_value_pb2.py:21: DeprecationWarning: Call to deprecated create function FileDescriptor(). Note: Create unlinked descriptors is going to go away. Please use get/find descriptors from generated code or query the descriptor_pool.\n    DESCRIPTOR = _descriptor.FileDescriptor(\n\n../../../../../../../../opt/anaconda3/envs/testagent-experiment/lib/python3.10/site-packages/tensorflow/core/framework/attr_value_pb2.py:40\n  /opt/anaconda3/envs/testagent-experiment/lib/python3.10/site-packages/tensorflow/core/framework/attr_value_pb2.py:40: DeprecationWarning: Call to deprecated create function FieldDescriptor(). Note: Create unlinked descriptors is going to go away. Please use get/find descriptors from generated code or query the descriptor_pool.\n    _descriptor.FieldDescriptor(\n\n../../../../../../../../opt/anaconda3/envs/testagent-experiment/lib/python3.10/site-packages/tensorflow/core/framework/attr_value_pb2.py:47\n  /opt/anaconda3/envs/testagent-experiment/lib/python3.10/site-packages/tensorflow/core/framework/attr_value_pb2.py:47: DeprecationWarning: Call to deprecated create function FieldDescriptor(). Note: Create unlinked descriptors is going to go away. Please use get/find descriptors from generated code or query the descriptor_pool.\n    _descriptor.FieldDescriptor(\n\n../../../../../../../../opt/anaconda3/envs/testagent-experiment/lib/python3.10/site-packages/tensorflow/core/framework/attr_value_pb2.py:54\n  /opt/anaconda3/envs/testagent-experiment/lib/python3.10/site-packages/tensorflow/core/framework/attr_value_pb2.py:54: DeprecationWarning: Call to deprecated create function FieldDescriptor(). Note: Create unlinked descriptors is going to go away. Please use get/find descriptors from generated code or query the descriptor_pool.\n    _descriptor.FieldDescriptor(\n\n../../../../../../../../opt/anaconda3/envs/testagent-experiment/lib/python3.10/site-packages/tensorflow/core/framework/attr_value_pb2.py:61\n  /opt/anaconda3/envs/testagent-experiment/lib/python3.10/site-packages/tensorflow/core/framework/attr_value_pb2.py:61: DeprecationWarning: Call to deprecated create function FieldDescriptor(). Note: Create unlinked descriptors is going to go away. Please use get/find descriptors from generated code or query the descriptor_pool.\n    _descriptor.FieldDescriptor(\n\n../../../../../../../../opt/anaconda3/envs/testagent-experiment/lib/python3.10/site-packages/tensorflow/core/framework/attr_value_pb2.py:68\n  /opt/anaconda3/envs/testagent-experiment/lib/python3.10/site-packages/tensorflow/core/framework/attr_value_pb2.py:68: DeprecationWarning: Call to deprecated create function FieldDescriptor(). Note: Create unlinked descriptors is going to go away. Please use get/find descriptors from generated code or query the descriptor_pool.\n    _descriptor.FieldDescriptor(\n\n../../../../../../../../opt/anaconda3/envs/testagent-experiment/lib/python3.10/site-packages/tensorflow/core/framework/attr_value_pb2.py:75\n  /opt/anaconda3/envs/testagent-experiment/lib/python3.10/site-packages/tensorflow/core/framework/attr_value_pb2.py:75: DeprecationWarning: Call to deprecated create function FieldDescriptor(). Note: Create unlinked descriptors is going to go away. Please use get/find descriptors from generated code or query the descriptor_pool.\n    _descriptor.FieldDescriptor(\n\n../../../../../../../../opt/anaconda3/envs/testagent-experiment/lib/python3.10/site-packages/tensorflow/core/framework/attr_value_pb2.py:82\n  /opt/anaconda3/envs/testagent-experiment/lib/python3.10/site-packages/tensorflow/core/framework/attr_value_pb2.py:82: DeprecationWarning: Call to deprecated create function FieldDescriptor(). Note: Create unlinked descriptors is going to go away. Please use get/find descriptors from generated code or query the descriptor_pool.\n    _descriptor.FieldDescriptor(\n\n../../../../../../../../opt/anaconda3/envs/testagent-experiment/lib/python3.10/site-packages/tensorflow/core/framework/attr_value_pb2.py:89\n  /opt/anaconda3/envs/testagent-experiment/lib/python3.10/site-packages/tensorflow/core/framework/attr_value_pb2.py:89: DeprecationWarning: Call to deprecated create function FieldDescriptor(). Note: Create unlinked descriptors is going to go away. Please use get/find descriptors from generated code or query the descriptor_pool.\n    _descriptor.FieldDescriptor(\n\n../../../../../../../../opt/anaconda3/envs/testagent-experiment/lib/python3.10/site-packages/tensorflow/core/framework/attr_value_pb2.py:33\n  /opt/anaconda3/envs/testagent-experiment/lib/python3.10/site-packages/tensorflow/core/framework/attr_value_pb2.py:33: DeprecationWarning: Call to deprecated create function Descriptor(). Note: Create unlinked descriptors is going to go away. Please use get/find descriptors from generated code or query the descriptor_pool.\n    _ATTRVALUE_LISTVALUE = _descriptor.Descriptor(\n\n../../../../../../../../opt/anaconda3/envs/testagent-experiment/lib/python3.10/site-packages/tensorflow/python/framework/dtypes.py:205\n  /opt/anaconda3/envs/testagent-experiment/lib/python3.10/site-packages/tensorflow/python/framework/dtypes.py:205: DeprecationWarning: `np.bool8` is a deprecated alias for `np.bool_`.  (Deprecated NumPy 1.24)\n    np.bool8: (False, True),\n\n../../../../../../../../opt/anaconda3/envs/testagent-experiment/lib/python3.10/site-packages/flatbuffers/compat.py:19\n  /opt/anaconda3/envs/testagent-experiment/lib/python3.10/site-packages/flatbuffers/compat.py:19: DeprecationWarning: the imp module is deprecated in favour of importlib and slated for removal in Python 3.12; see the module's documentation for alternative uses\n    import imp\n\n../../../../../../../../opt/anaconda3/envs/testagent-experiment/lib/python3.10/site-packages/tensorboard/compat/tensorflow_stub/dtypes.py:326\n  /opt/anaconda3/envs/testagent-experiment/lib/python3.10/site-packages/tensorboard/compat/tensorflow_stub/dtypes.py:326: DeprecationWarning: `np.bool8` is a deprecated alias for `np.bool_`.  (Deprecated NumPy 1.24)\n    np.bool8: (False, True),\n\n-- Docs: https://docs.pytest.org/en/stable/how-to/capture-warnings.html\n================================ tests coverage ================================\n______________ coverage: platform darwin, python 3.10.19-final-0 _______________\n\nName                                                             Stmts   Miss Branch BrPart  Cover   Missing\n------------------------------------------------------------------------------------------------------------\ntests/test_tensorflow_python_training_checkpoint_management.py     292    196     40      2    30%   17-18, 26, 33-34, 41-42, 48-49, 57, 79-122, 131-139, 149-164, 178-226, 232-240, 251-274, 283-298, 304-316, 341-385, 403-435, 454-484, 500-517, 534-569, 577-596, 610-642, 647-661, 666-675, 680-687, 699-711, 716-729, 734-741, 750-770, 779-791, 809\n------------------------------------------------------------------------------------------------------------\nTOTAL                                                              292    196     40      2    30%\nCoverage XML written to file coverage.xml\n=========================== short test summary info ============================\nFAILED tests/test_tensorflow_python_training_checkpoint_management.py::TestLatestCheckpoint::test_latest_checkpoint_basic[/tmp/test_checkpoints-None-v2_checkpoint_exists]\nFAILED tests/test_tensorflow_python_training_checkpoint_management.py::TestLatestCheckpoint::test_latest_checkpoint_basic[/tmp/test_checkpoints_v1-checkpoint-v1_checkpoint_only]\nFAILED tests/test_tensorflow_python_training_checkpoint_management.py::TestLatestCheckpoint::test_latest_checkpoint_basic[/tmp/test_checkpoints_mixed-None-v2_and_v1_mixed]\nFAILED tests/test_tensorflow_python_training_checkpoint_management.py::TestLatestCheckpoint::test_latest_checkpoint_no_checkpoint\nFAILED tests/test_tensorflow_python_training_checkpoint_management.py::TestLatestCheckpoint::test_latest_checkpoint_no_matching_files\nFAILED tests/test_tensorflow_python_training_checkpoint_management.py::TestGetCheckpointState::test_get_checkpoint_state_valid[/tmp/test_checkpoints-checkpoint-valid_state_file]\nFAILED tests/test_tensorflow_python_training_checkpoint_management.py::TestGetCheckpointState::test_get_checkpoint_state_file_not_exists\nFAILED tests/test_tensorflow_python_training_checkpoint_management.py::TestGetCheckpointState::test_get_checkpoint_state_absolute_paths\nFAILED tests/test_tensorflow_python_training_checkpoint_management.py::TestGetCheckpointState::test_get_checkpoint_state_op_error\nFAILED tests/test_tensorflow_python_training_checkpoint_management.py::TestGetCheckpointState::test_get_checkpoint_state_parse_error\nFAILED tests/test_tensorflow_python_training_checkpoint_management.py::TestCheckpointManager::test_checkpoint_manager_basic[/tmp/test_manager-3-1-basic_retention]\nFAILED tests/test_tensorflow_python_training_checkpoint_management.py::TestCheckpointManager::test_checkpoint_manager_basic[/tmp/test_manager_unlimited-0-5-unlimited_retention]\nFAILED tests/test_tensorflow_python_training_checkpoint_management.py::TestCheckpointManager::test_checkpoint_manager_basic[/tmp/test_manager_single-1-10-single_checkpoint_retention]\nFAILED tests/test_tensorflow_python_training_checkpoint_management.py::TestCheckpointManager::test_checkpoint_manager_with_existing_checkpoints\nFAILED tests/test_tensorflow_python_training_checkpoint_management.py::TestCheckpointManager::test_checkpoint_manager_save_interval\nFAILED tests/test_tensorflow_python_training_checkpoint_management.py::TestCheckpointManager::test_checkpoint_manager_init_fn\nERROR tests/test_tensorflow_python_training_checkpoint_management.py::TestEmptyAndNonexistentDirectory::test_empty_and_nonexistent_directory[/tmp/nonexistent-None-directory_not_exists]\nERROR tests/test_tensorflow_python_training_checkpoint_management.py::TestEmptyAndNonexistentDirectory::test_empty_and_nonexistent_directory[-None-empty_string_directory]\nERROR tests/test_tensorflow_python_training_checkpoint_management.py::TestEmptyAndNonexistentDirectory::test_get_checkpoint_state_empty_directory\nERROR tests/test_tensorflow_python_training_checkpoint_management.py::TestCorruptedCheckpointFile::test_corrupted_checkpoint_file[/tmp/corrupted_checkpoints-checkpoint-corrupted_state_file]\nERROR tests/test_tensorflow_python_training_checkpoint_management.py::TestCorruptedCheckpointFile::test_corrupted_checkpoint_with_op_error\nERROR tests/test_tensorflow_python_training_checkpoint_management.py::TestCorruptedCheckpointFile::test_latest_checkpoint_with_corrupted_state\nERROR tests/test_tensorflow_python_training_checkpoint_management.py::TestCorruptedCheckpointFile::test_checkpoint_exists_with_corrupted_files\nERROR tests/test_tensorflow_python_training_checkpoint_management.py::TestCheckpointExists::test_checkpoint_exists_v2\nERROR tests/test_tensorflow_python_training_checkpoint_management.py::TestCheckpointExists::test_checkpoint_exists_v1\nERROR tests/test_tensorflow_python_training_checkpoint_management.py::TestCheckpointExists::test_checkpoint_exists_none\nERROR tests/test_tensorflow_python_training_checkpoint_management.py::TestUpdateCheckpointState::test_update_checkpoint_state_basic\nERROR tests/test_tensorflow_python_training_checkpoint_management.py::TestRemoveCheckpoint::test_remove_checkpoint_basic\n16 failed, 1 passed, 103 warnings, 12 errors in 4.73s\n\nError: exit 1",
    "exit_code.txt": "1",
    "analysis_plan.json": "{\n  \"status\": \"失败\",\n  \"passed\": 1,\n  \"failed\": 16,\n  \"errors\": 12,\n  \"collection_errors\": false,\n  \"block_limit\": 3,\n  \"failures\": [\n    {\n      \"test\": \"tests/test_tensorflow_python_training_checkpoint_management.py::TestLatestCheckpoint::test_latest_checkpoint_basic[/tmp/test_checkpoints-None-v2_checkpoint_exists]\",\n      \"block_id\": \"HEADER\",\n      \"error_type\": \"AttributeError\",\n      \"action\": \"fix_dependency\",\n      \"note\": \"mock路径错误：tensorflow.python.training.checkpoint_management.file_io不存在，需要修正为正确的导入路径\"\n    },\n    {\n      \"test\": \"tests/test_tensorflow_python_training_checkpoint_management.py::TestGetCheckpointState::test_get_checkpoint_state_valid[/tmp/test_checkpoints-checkpoint-valid_state_file]\",\n      \"block_id\": \"HEADER\",\n      \"error_type\": \"AttributeError\",\n      \"action\": \"fix_dependency\",\n      \"note\": \"mock路径错误：tensorflow.python.training.checkpoint_management.file_io不存在，需要修正为正确的导入路径\"\n    },\n    {\n      \"test\": \"tests/test_tensorflow_python_training_checkpoint_management.py::TestCheckpointManager::test_checkpoint_manager_basic[/tmp/test_manager-3-1-basic_retention]\",\n      \"block_id\": \"HEADER\",\n      \"error_type\": \"AttributeError\",\n      \"action\": \"fix_dependency\",\n      \"note\": \"mock路径错误：tensorflow.python.training.checkpoint_management.file_io不存在，需要修正为正确的导入路径\"\n    }\n  ],\n  \"deferred\": [\n    {\n      \"test\": \"tests/test_tensorflow_python_training_checkpoint_management.py::TestLatestCheckpoint::test_latest_checkpoint_basic[/tmp/test_checkpoints_v1-checkpoint-v1_checkpoint_only]\",\n      \"reason\": \"错误类型重复，跳过该块\"\n    },\n    {\n      \"test\": \"tests/test_tensorflow_python_training_checkpoint_management.py::TestLatestCheckpoint::test_latest_checkpoint_basic[/tmp/test_checkpoints_mixed-None-v2_and_v1_mixed]\",\n      \"reason\": \"错误类型重复，跳过该块\"\n    },\n    {\n      \"test\": \"tests/test_tensorflow_python_training_checkpoint_management.py::TestLatestCheckpoint::test_latest_checkpoint_no_checkpoint\",\n      \"reason\": \"错误类型重复，跳过该块\"\n    },\n    {\n      \"test\": \"tests/test_tensorflow_python_training_checkpoint_management.py::TestLatestCheckpoint::test_latest_checkpoint_no_matching_files\",\n      \"reason\": \"错误类型重复，跳过该块\"\n    },\n    {\n      \"test\": \"tests/test_tensorflow_python_training_checkpoint_management.py::TestGetCheckpointState::test_get_checkpoint_state_file_not_exists\",\n      \"reason\": \"错误类型重复，跳过该块\"\n    },\n    {\n      \"test\": \"tests/test_tensorflow_python_training_checkpoint_management.py::TestGetCheckpointState::test_get_checkpoint_state_absolute_paths\",\n      \"reason\": \"错误类型重复，跳过该块\"\n    },\n    {\n      \"test\": \"tests/test_tensorflow_python_training_checkpoint_management.py::TestGetCheckpointState::test_get_checkpoint_state_op_error\",\n      \"reason\": \"错误类型重复，跳过该块\"\n    },\n    {\n      \"test\": \"tests/test_tensorflow_python_training_checkpoint_management.py::TestGetCheckpointState::test_get_checkpoint_state_parse_error\",\n      \"reason\": \"错误类型重复，跳过该块\"\n    },\n    {\n      \"test\": \"tests/test_tensorflow_python_training_checkpoint_management.py::TestCheckpointManager::test_checkpoint_manager_basic[/tmp/test_manager_unlimited-0-5-unlimited_retention]\",\n      \"reason\": \"错误类型重复，跳过该块\"\n    },\n    {\n      \"test\": \"tests/test_tensorflow_python_training_checkpoint_management.py::TestCheckpointManager::test_checkpoint_manager_basic[/tmp/test_manager_single-1-10-single_checkpoint_retention]\",\n      \"reason\": \"错误类型重复，跳过该块\"\n    },\n    {\n      \"test\": \"tests/test_tensorflow_python_training_checkpoint_management.py::TestCheckpointManager::test_checkpoint_manager_with_existing_checkpoints\",\n      \"reason\": \"错误类型重复，跳过该块\"\n    },\n    {\n      \"test\": \"tests/test_tensorflow_python_training_checkpoint_management.py::TestCheckpointManager::test_checkpoint_manager_save_interval\",\n      \"reason\": \"错误类型重复，跳过该块\"\n    },\n    {\n      \"test\": \"tests/test_tensorflow_python_training_checkpoint_management.py::TestCheckpointManager::test_checkpoint_manager_init_fn\",\n      \"reason\": \"错误类型重复，跳过该块\"\n    },\n    {\n      \"test\": \"tests/test_tensorflow_python_training_checkpoint_management.py::TestEmptyAndNonexistentDirectory::test_empty_and_nonexistent_directory[/tmp/nonexistent-None-directory_not_exists]\",\n      \"reason\": \"错误类型重复，跳过该块\"\n    },\n    {\n      \"test\": \"tests/test_tensorflow_python_training_checkpoint_management.py::TestEmptyAndNonexistentDirectory::test_empty_and_nonexistent_directory[-None-empty_string_directory]\",\n      \"reason\": \"错误类型重复，跳过该块\"\n    },\n    {\n      \"test\": \"tests/test_tensorflow_python_training_checkpoint_management.py::TestEmptyAndNonexistentDirectory::test_get_checkpoint_state_empty_directory\",\n      \"reason\": \"错误类型重复，跳过该块\"\n    },\n    {\n      \"test\": \"tests/test_tensorflow_python_training_checkpoint_management.py::TestCorruptedCheckpointFile::test_corrupted_checkpoint_file[/tmp/corrupted_checkpoints-checkpoint-corrupted_state_file]\",\n      \"reason\": \"错误类型重复，跳过该块\"\n    },\n    {\n      \"test\": \"tests/test_tensorflow_python_training_checkpoint_management.py::TestCorruptedCheckpointFile::test_corrupted_checkpoint_with_op_error\",\n      \"reason\": \"错误类型重复，跳过该块\"\n    },\n    {\n      \"test\": \"tests/test_tensorflow_python_training_checkpoint_management.py::TestCorruptedCheckpointFile::test_latest_checkpoint_with_corrupted_state\",\n      \"reason\": \"错误类型重复，跳过该块\"\n    },\n    {\n      \"test\": \"tests/test_tensorflow_python_training_checkpoint_management.py::TestCorruptedCheckpointFile::test_checkpoint_exists_with_corrupted_files\",\n      \"reason\": \"错误类型重复，跳过该块\"\n    },\n    {\n      \"test\": \"tests/test_tensorflow_python_training_checkpoint_management.py::TestCheckpointExists::test_checkpoint_exists_v2\",\n      \"reason\": \"错误类型重复，跳过该块\"\n    },\n    {\n      \"test\": \"tests/test_tensorflow_python_training_checkpoint_management.py::TestCheckpointExists::test_checkpoint_exists_v1\",\n      \"reason\": \"错误类型重复，跳过该块\"\n    },\n    {\n      \"test\": \"tests/test_tensorflow_python_training_checkpoint_management.py::TestCheckpointExists::test_checkpoint_exists_none\",\n      \"reason\": \"错误类型重复，跳过该块\"\n    },\n    {\n      \"test\": \"tests/test_tensorflow_python_training_checkpoint_management.py::TestUpdateCheckpointState::test_update_checkpoint_state_basic\",\n      \"reason\": \"错误类型重复，跳过该块\"\n    },\n    {\n      \"test\": \"tests/test_tensorflow_python_training_checkpoint_management.py::TestRemoveCheckpoint::test_remove_checkpoint_basic\",\n      \"reason\": \"错误类型重复，跳过该块\"\n    }\n  ],\n  \"stop_recommended\": true,\n  \"stop_reason\": \"与上一轮失败集合完全重复：所有测试因相同的mock路径问题失败，错误类型相同（AttributeError），问题根源相同（fixture中的mock路径不正确）。需要先修复HEADER中的fixture依赖问题。\"\n}",
    "analysis.md": "# 测试执行分析报告\n\n## 状态与统计\n- **状态**: 失败\n- **通过**: 1\n- **失败**: 16\n- **错误**: 12\n- **收集错误**: 否\n\n## 待修复 BLOCK 列表 (3个)\n\n### 1. HEADER (fixture依赖)\n- **Action**: fix_dependency\n- **Error Type**: AttributeError\n- **问题**: mock路径错误：`tensorflow.python.training.checkpoint_management.file_io`不存在，需要修正为正确的导入路径\n- **影响**: 所有使用`mock_file_io` fixture的测试\n\n### 2. HEADER (fixture依赖)\n- **Action**: fix_dependency\n- **Error Type**: AttributeError\n- **问题**: mock路径错误：`tensorflow.python.training.checkpoint_management.file_io`不存在，需要修正为正确的导入路径\n- **影响**: 所有使用`mock_file_io` fixture的测试\n\n### 3. HEADER (fixture依赖)\n- **Action**: fix_dependency\n- **Error Type**: AttributeError\n- **问题**: mock路径错误：`tensorflow.python.training.checkpoint_management.file_io`不存在，需要修正为正确的导入路径\n- **影响**: 所有使用`mock_file_io` fixture的测试\n\n## 停止建议\n- **stop_recommended**: true\n- **stop_reason**: 与上一轮失败集合完全重复：所有测试因相同的mock路径问题失败，错误类型相同（AttributeError），问题根源相同（fixture中的mock路径不正确）。需要先修复HEADER中的fixture依赖问题。\n\n## 说明\n所有测试都因相同的mock路径问题失败。核心问题是`mock_file_io` fixture中使用的`tensorflow.python.training.checkpoint_management.file_io`路径在当前TensorFlow版本中不存在。需要修正fixture中的导入路径以匹配实际模块结构。由于问题与上一轮完全相同，建议停止当前迭代，先修复基础依赖问题。",
    "final_report.md": "# tensorflow.python.training.checkpoint_management 测试报告\n\n## 1. 执行摘要\n**测试失败**：由于mock路径配置错误导致所有测试用例无法执行，核心问题是fixture依赖路径与实际TensorFlow模块结构不匹配。\n\n**关键发现/阻塞项**：\n- 所有29个测试用例中仅1个通过，16个失败，12个错误\n- 主要阻塞：`mock_file_io` fixture中使用的`tensorflow.python.training.checkpoint_management.file_io`路径不存在\n- 测试框架无法正确mock文件系统操作，导致测试无法执行\n\n## 2. 测试范围\n**目标FQN**: `tensorflow.python.training.checkpoint_management`\n\n**测试环境**:\n- 框架：pytest\n- 依赖：TensorFlow检查点管理模块\n- Mock策略：file_io、os.path、gfile模块的文件系统操作隔离\n\n**覆盖场景**:\n- ✓ V2检查点格式优先逻辑\n- ✓ CheckpointManager保留策略（max_to_keep）\n- ✓ 检查点状态管理\n- ✓ 空目录处理\n- ✓ 损坏文件异常处理\n\n**未覆盖项**:\n- ✗ 并发访问场景\n- ✗ 大数量检查点性能\n- ✗ 跨平台路径分隔符处理\n- ✗ CheckpointManager.init_fn参数功能\n- ✗ 已弃用函数兼容性\n\n## 3. 结果概览\n| 指标 | 数量 | 比例 |\n|------|------|------|\n| 用例总数 | 29 | 100% |\n| 通过 | 1 | 3.4% |\n| 失败 | 16 | 55.2% |\n| 错误 | 12 | 41.4% |\n\n**主要失败点**:\n1. **HEADER fixture依赖问题**（3个重复block）：所有测试因相同的AttributeError失败\n2. **Mock路径配置错误**：`tensorflow.python.training.checkpoint_management.file_io`路径不存在\n3. **测试隔离失效**：无法正确mock文件系统操作\n\n## 4. 详细发现\n\n### 严重级别：阻塞（BLOCKER）\n**问题1：Mock路径配置错误**\n- **根因**：测试fixture中使用的导入路径`tensorflow.python.training.checkpoint_management.file_io`在当前TensorFlow版本中不存在\n- **影响**：所有依赖`mock_file_io` fixture的测试用例无法执行\n- **建议修复**：\n  1. 检查实际TensorFlow模块结构，确定正确的导入路径\n  2. 修正fixture中的mock路径配置\n  3. 验证mock对象能否正确拦截文件系统调用\n\n**问题2：测试框架依赖解析失败**\n- **根因**：测试用例对不存在的模块路径进行mock操作\n- **影响**：测试执行前即失败，无法验证任何功能逻辑\n- **建议修复**：\n  1. 使用正确的模块导入路径（如`tensorflow.python.platform.gfile`）\n  2. 简化mock策略，减少不必要的依赖\n  3. 添加模块存在性检查\n\n## 5. 覆盖与风险\n\n**需求覆盖评估**：\n- **基本功能覆盖**：0%（由于测试无法执行）\n- **边界条件覆盖**：0%\n- **异常场景覆盖**：0%\n- **文件操作验证**：0%\n\n**尚未覆盖的边界/缺失信息**：\n1. **V1/V2格式兼容性**：无法验证V2检查点优先逻辑\n2. **保留策略验证**：无法测试max_to_keep=0/1等边界情况\n3. **错误处理路径**：无法验证OpError、ParseError等异常处理\n4. **路径处理逻辑**：无法测试相对/绝对路径兼容性\n5. **状态文件管理**：无法验证checkpoint状态文件更新机制\n\n**风险分析**：\n- **高风险**：核心检查点管理功能未经测试验证\n- **中风险**：文件系统操作和状态管理逻辑存在潜在缺陷\n- **低风险**：已弃用函数的兼容性问题\n\n## 6. 后续动作\n\n### 优先级排序的TODO列表\n\n**P0 - 立即修复（阻塞测试执行）**：\n1. **修复mock路径配置**（预计1小时）\n   - 确定TensorFlow实际模块结构\n   - 修正`mock_file_io` fixture中的导入路径\n   - 验证mock对象能正确拦截文件系统调用\n\n2. **简化测试依赖**（预计2小时）\n   - 减少不必要的mock层级\n   - 使用更稳定的mock策略（如patch.object）\n   - 添加模块存在性检查和fallback机制\n\n**P1 - 核心功能测试修复**（预计4小时）：\n3. **修复基础测试用例**（CASE_01-CASE_03）\n   - 重新实现V2格式优先逻辑测试\n   - 修复CheckpointManager保留策略测试\n   - 验证检查点状态管理功能\n\n4. **添加错误处理测试**（CASE_04-CASE_05）\n   - 实现空目录处理测试\n   - 添加损坏文件异常处理测试\n   - 验证异常捕获和恢复机制\n\n**P2 - 扩展覆盖和优化**（预计6小时）：\n5. **补充边界条件测试**\n   - max_to_keep=0/1边界情况\n   - 相对/绝对路径混合使用\n   - 并发访问场景模拟\n\n6. **优化测试框架**\n   - 启用strong断言验证\n   - 添加覆盖率检查\n   - 优化测试数据管理\n\n**P3 - 风险缓解和文档**（预计3小时）：\n7. **验证已弃用函数兼容性**\n   - checkpoint_exists函数兼容性测试\n   - remove_checkpoint函数兼容性测试\n\n8. **补充缺失功能测试**\n   - CheckpointManager.init_fn参数功能验证\n   - checkpoint_interval功能测试\n\n### 实施建议\n1. **立即行动**：优先修复P0级别的mock路径问题，确保测试能够执行\n2. **迭代验证**：每修复一个优先级后重新运行测试，验证修复效果\n3. **回归测试**：修复完成后运行完整测试套件，确保无回归问题\n4. **环境检查**：验证测试环境与目标TensorFlow版本的兼容性\n\n### 预期成果\n- **短期**（1-2天）：修复mock路径问题，使测试能够正常执行\n- **中期**（3-5天）：完成核心功能测试，覆盖80%以上需求\n- **长期**（1周）：完成所有优先级测试，建立稳定的测试框架\n\n---\n**报告生成时间**：基于当前测试执行结果分析  \n**状态**：测试框架存在阻塞性问题，需要优先修复  \n**建议**：立即处理P0级别问题，重新评估测试策略"
  },
  "stage_history": [
    {
      "stage": "understand_function",
      "status": "completed",
      "timestamp": "2026-01-25T22:21:31.875142",
      "attempts": 1,
      "error": null
    },
    {
      "stage": "generate_requirements",
      "status": "completed",
      "timestamp": "2026-01-25T22:22:16.347668",
      "attempts": 1,
      "error": null
    },
    {
      "stage": "design_test_plan",
      "status": "completed",
      "timestamp": "2026-01-25T22:24:07.083532",
      "attempts": 1,
      "error": null
    },
    {
      "stage": "generate_code",
      "status": "completed",
      "timestamp": "2026-01-25T22:28:42.235704",
      "attempts": 1,
      "error": null
    },
    {
      "stage": "execute_tests",
      "status": "completed",
      "timestamp": "2026-01-25T22:28:46.766608",
      "attempts": 1,
      "error": null
    },
    {
      "stage": "analyze_results",
      "status": "completed",
      "timestamp": "2026-01-25T22:31:00.248428",
      "attempts": 1,
      "error": null
    },
    {
      "stage": "generate_code",
      "status": "completed",
      "timestamp": "2026-01-25T22:34:08.995507",
      "attempts": 2,
      "error": null
    },
    {
      "stage": "execute_tests",
      "status": "completed",
      "timestamp": "2026-01-25T22:34:13.447460",
      "attempts": 2,
      "error": null
    },
    {
      "stage": "analyze_results",
      "status": "completed",
      "timestamp": "2026-01-25T22:36:22.357433",
      "attempts": 2,
      "error": null
    },
    {
      "stage": "generate_code",
      "status": "completed",
      "timestamp": "2026-01-25T22:42:26.159003",
      "attempts": 3,
      "error": null
    },
    {
      "stage": "execute_tests",
      "status": "completed",
      "timestamp": "2026-01-25T22:42:31.083118",
      "attempts": 3,
      "error": null
    },
    {
      "stage": "analyze_results",
      "status": "completed",
      "timestamp": "2026-01-25T22:44:10.020302",
      "attempts": 3,
      "error": null
    },
    {
      "stage": "generate_code",
      "status": "completed",
      "timestamp": "2026-01-25T22:48:55.894660",
      "attempts": 4,
      "error": null
    },
    {
      "stage": "execute_tests",
      "status": "completed",
      "timestamp": "2026-01-25T22:49:00.822812",
      "attempts": 4,
      "error": null
    },
    {
      "stage": "analyze_results",
      "status": "completed",
      "timestamp": "2026-01-25T22:51:07.714035",
      "attempts": 4,
      "error": null
    },
    {
      "stage": "generate_code",
      "status": "completed",
      "timestamp": "2026-01-25T22:57:31.178148",
      "attempts": 5,
      "error": null
    },
    {
      "stage": "execute_tests",
      "status": "completed",
      "timestamp": "2026-01-25T22:57:36.508210",
      "attempts": 5,
      "error": null
    },
    {
      "stage": "analyze_results",
      "status": "completed",
      "timestamp": "2026-01-25T22:59:40.204800",
      "attempts": 5,
      "error": null
    },
    {
      "stage": "generate_report",
      "status": "completed",
      "timestamp": "2026-01-25T23:00:44.806683",
      "attempts": 1,
      "error": null
    }
  ],
  "user_feedback": []
}