=== Run Tests ===
.....F                                                                   [100%]
=================================== FAILURES ===================================
_____________________ test_clip_grad_norm_invalid_max_norm _____________________

    def test_clip_grad_norm_invalid_max_norm():
        """Test clip_grad_norm_ with invalid max_norm"""
        tensor = torch.randn(2, 3, requires_grad=True)
        tensor.grad = torch.randn_like(tensor)
    
>       with pytest.raises(RuntimeError, match="max_norm must be greater than 0"):
E       Failed: DID NOT RAISE <class 'RuntimeError'>

tests/test_torch_nn_utils_clip_grad_g1.py:182: Failed
================================ tests coverage ================================
______________ coverage: platform darwin, python 3.10.19-final-0 _______________

Name                                        Stmts   Miss Branch BrPart  Cover   Missing
---------------------------------------------------------------------------------------
tests/test_torch_nn_utils_clip_grad_g1.py      75      4     12      3    92%   31-32, 111->115, 112->111, 185-186
---------------------------------------------------------------------------------------
TOTAL                                          75      4     12      3    92%
Coverage XML written to file coverage.xml
=========================== short test summary info ============================
FAILED tests/test_torch_nn_utils_clip_grad_g1.py::test_clip_grad_norm_invalid_max_norm
1 failed, 5 passed in 0.53s

Error: exit 1