{
  "workflow_id": "b10470ac",
  "created_at": "2026-01-25T06:52:13.165949",
  "op": "tensorflow_python_ops_ragged_ragged_concat_ops",
  "arch": "python",
  "soc": "python",
  "vendor": "python",
  "project_root": "/Users/zzf1sh/Documents/Project/TestAgent-CLI-main/exam/tensorflow/python.ops.ragged.ragged_concat_ops",
  "target": "tensorflow.python.ops.ragged.ragged_concat_ops",
  "target_slug": "tensorflow_python_ops_ragged_ragged_concat_ops",
  "current_stage": "complete",
  "stage_index": 6,
  "mode": "full-auto",
  "epoch_total": 5,
  "epoch_current": 5,
  "last_failure_signature": "",
  "last_error_signature": "",
  "last_block_errors": {},
  "auto_stop_reason": "",
  "artifacts": {
    "function_doc.md": "# tensorflow.python.ops.ragged.ragged_concat_ops - 函数说明\n\n## 1. 基本信息\n- **FQN**: tensorflow.python.ops.ragged.ragged_concat_ops\n- **模块文件**: `/opt/anaconda3/envs/testagent-experiment/lib/python3.10/site-packages/tensorflow/python/ops/ragged/ragged_concat_ops.py`\n- **签名**: 模块包含两个主要函数：\n  - `concat(values: typing.List[ragged_tensor.RaggedOrDense], axis, name=None)`\n  - `stack(values: typing.List[ragged_tensor.RaggedOrDense], axis=0, name=None)`\n- **对象类型**: Python 模块\n\n## 2. 功能概述\n- `concat`: 沿指定维度连接不规则张量列表，保持输入张量的秩不变\n- `stack`: 沿指定维度堆叠不规则张量列表，输出张量秩增加1\n- 两者都支持混合使用规则张量和不规则张量\n\n## 3. 参数说明\n**concat 函数参数:**\n- `values` (List[RaggedOrDense]): 不规则张量列表，不能为空\n- `axis` (int): 连接维度，必须静态已知\n- `name` (str/None): 可选操作名称\n\n**stack 函数参数:**\n- `values` (List[RaggedOrDense]): 张量列表，不能为空\n- `axis` (int, 默认0): 堆叠维度，必须静态已知\n- `name` (str/None): 可选操作名称\n\n## 4. 返回值\n- 返回 `RaggedTensor` 对象\n- `concat`: 输出秩与输入相同\n- `stack`: 输出秩为输入秩+1（R>0时）\n- 当 R==0 时，`stack` 返回 1D Tensor\n\n## 5. 文档要点\n- 所有输入必须具有相同秩和 dtype\n- 支持任意形状（与标准 tf.concat/tf.stack 不同）\n- axis 参数必须静态已知\n- 负 axis 值仅在至少一个输入秩静态已知时支持\n- 输入列表不能为空\n\n## 6. 源码摘要\n- 主要辅助函数：`_ragged_stack_concat_helper`\n- 关键分支：axis=0, axis=1, axis>1 三种情况处理\n- 依赖：`ragged_tensor`, `array_ops`, `check_ops`, `math_ops`\n- 特殊处理：单输入、全规则张量、秩为1等情况\n- 无 I/O、随机性或全局状态副作用\n\n## 7. 示例与用法\n**concat 示例:**\n```python\nt1 = tf.ragged.constant([[1, 2], [3, 4, 5]])\nt2 = tf.ragged.constant([[6], [7, 8, 9]])\ntf.concat([t1, t2], axis=0)  # [[1, 2], [3, 4, 5], [6], [7, 8, 9]]\ntf.concat([t1, t2], axis=1)  # [[1, 2, 6], [3, 4, 5, 7, 8, 9]]\n```\n\n**stack 示例:**\n```python\ntf.ragged.stack([t1, t2], axis=0)  # [[[1, 2], [3, 4, 5]], [[6], [7, 8, 9]]]\ntf.ragged.stack([t1, t2], axis=1)  # [[[1, 2], [6]], [[3, 4, 5], [7, 8, 9]]]\n```\n\n## 8. 风险与空白\n- `RaggedOrDense` 类型定义未在源码中明确展示\n- 缺少对 `row_splits_dtype` 匹配过程的详细说明\n- 需要测试的边界情况：\n  - 空输入列表（应抛出 ValueError）\n  - axis 超出范围的情况\n  - 混合 dtype 输入\n  - 不同秩的输入张量\n  - 负 axis 值的处理\n  - 秩为0和1的特殊情况\n- 模块包含多个函数实体，测试需覆盖 `concat` 和 `stack` 两个主要 API",
    "requirements.md": "# tensorflow.python.ops.ragged.ragged_concat_ops 测试需求\n\n## 1. 目标与范围\n- 主要功能与期望行为\n  - `concat`: 沿指定维度连接不规则张量列表，保持输入张量秩不变\n  - `stack`: 沿指定维度堆叠不规则张量列表，输出张量秩增加1\n  - 支持混合规则张量和不规则张量输入\n  - 支持任意形状输入（与标准 tf.concat/tf.stack 不同）\n- 不在范围内的内容\n  - 非张量类型输入转换\n  - 动态 axis 值（axis 必须静态已知）\n  - 跨设备/分布式张量操作\n\n## 2. 输入与约束\n- 参数列表（名称、类型/shape、默认值）\n  - `values`: List[RaggedOrDense]，不能为空列表\n  - `axis`: int，必须静态已知，支持负值（需至少一个输入秩静态已知）\n  - `name`: str/None，可选操作名称\n  - `stack` 函数：axis 默认值为 0\n- 有效取值范围/维度/设备要求\n  - 所有输入必须具有相同秩和 dtype\n  - axis 必须在 [-rank, rank) 范围内\n  - 仅支持 CPU/GPU 张量，无特殊设备要求\n- 必需与可选组合\n  - `values` 为必需参数，不能为空\n  - `axis` 为必需参数（stack 有默认值）\n  - `name` 为可选参数\n- 随机性/全局状态要求\n  - 无随机性操作\n  - 无全局状态依赖\n\n## 3. 输出与判定\n- 期望返回结构及关键字段\n  - 返回 `RaggedTensor` 对象\n  - `concat`: 输出秩与输入相同\n  - `stack`: 输出秩为输入秩+1（R>0时），R==0 时返回 1D Tensor\n- 容差/误差界（如浮点）\n  - 数值精度遵循 TensorFlow 浮点运算标准\n  - 无特殊容差要求\n- 状态变化或副作用检查点\n  - 无 I/O 操作\n  - 无全局状态修改\n  - 无内存泄漏\n\n## 4. 错误与异常场景\n- 非法输入/维度/类型触发的异常或警告\n  - 空 values 列表 → ValueError\n  - 输入张量秩不同 → ValueError\n  - 输入 dtype 不同 → ValueError\n  - axis 超出有效范围 → ValueError\n  - 负 axis 值且无输入秩静态已知 → ValueError\n  - 非张量类型输入 → TypeError\n- 边界值（空、None、0 长度、极端形状/数值）\n  - 单元素 values 列表\n  - 秩为0的标量张量\n  - 秩为1的向量张量\n  - 空内部列表的 RaggedTensor\n  - 极大/极小数值\n  - axis=0, axis=1, axis>1 三种情况\n\n## 5. 依赖与环境\n- 外部资源/设备/网络/文件依赖\n  - TensorFlow 运行时环境\n  - 无网络/文件系统依赖\n- 需要 mock/monkeypatch 的部分\n  - `tensorflow.python.ops.ragged.ragged_tensor.RaggedTensor`\n  - `tensorflow.python.ops.array_ops.concat`\n  - `tensorflow.python.ops.array_ops.stack`\n  - `tensorflow.python.ops.check_ops.assert_positive`\n  - `tensorflow.python.ops.math_ops.range`\n\n## 6. 覆盖与优先级\n- 必测路径（高优先级，最多 5 条，短句）\n  1. concat 基本功能：混合 Ragged/Dense 张量沿 axis=0/1 连接\n  2. stack 基本功能：混合 Ragged/Dense 张量沿 axis=0/1 堆叠\n  3. 边界处理：空 values 列表、单输入、秩0/1张量\n  4. 错误路径：秩不匹配、dtype 不匹配、axis 越界\n  5. 负 axis 值处理：有/无静态已知秩的情况\n- 可选路径（中/低优先级合并为一组列表）\n  - 极端形状测试：超大维度、深层嵌套\n  - 混合数值类型：int/float/bool 组合\n  - 性能基准：大规模张量连接/堆叠\n  - 与标准 tf.concat/tf.stack 行为对比\n  - 跨版本兼容性测试\n- 已知风险/缺失信息（仅列条目，不展开）\n  - `RaggedOrDense` 类型定义未明确\n  - `row_splits_dtype` 匹配过程细节缺失\n  - 内存使用模式未文档化\n  - 梯度计算行为未覆盖",
    "test_plan.json": "{\n  \"plan_version\": 2,\n  \"target\": \"tensorflow.python.ops.ragged.ragged_concat_ops\",\n  \"block_rules\": {\n    \"header_block\": \"HEADER\",\n    \"footer_block\": \"FOOTER\",\n    \"case_prefix\": \"CASE_\",\n    \"case_format\": \"CASE_01\"\n  },\n  \"iteration_strategy\": {\n    \"round1\": {\"include\": \"SMOKE_SET\", \"assert_level\": \"weak\", \"max_blocks\": 5},\n    \"roundN\": {\"only_fix_failed_blocks\": true, \"block_limit\": 3, \"promote_deferred\": true},\n    \"final\": {\"enable_strong_asserts\": true, \"coverage_optional\": true}\n  },\n  \"test_files\": {\n    \"default\": \"tests/test_tensorflow_python_ops_ragged_ragged_concat_ops.py\",\n    \"all_pattern\": \"tests/test_tensorflow_python_ops_ragged_ragged_concat_ops.py\"\n  },\n  \"cases\": [\n    {\n      \"tc_id\": \"TC-01\",\n      \"block_id\": \"CASE_01\",\n      \"name\": \"concat基本功能-混合张量沿axis=0连接\",\n      \"priority\": \"High\",\n      \"param_matrix\": [\n        {\n          \"function\": \"concat\",\n          \"values_type\": \"mixed_ragged_dense\",\n          \"axis\": 0,\n          \"dtype\": \"int32\",\n          \"shapes\": [[[1, 2], [3]], [[4, 5, 6]]],\n          \"flags\": []\n        }\n      ],\n      \"asserts\": {\n        \"weak\": [\"shape_match\", \"dtype_match\", \"ragged_structure\", \"basic_connectivity\"],\n        \"strong\": [\"exact_values\", \"row_splits_correctness\", \"nested_structure\"]\n      },\n      \"oracle\": \"manual_verification\",\n      \"assertion_level\": \"weak\",\n      \"size\": \"S\",\n      \"max_lines\": 70,\n      \"max_params\": 5,\n      \"is_parametrized\": true,\n      \"requires_mock\": false,\n      \"mock_targets\": []\n    },\n    {\n      \"tc_id\": \"TC-02\",\n      \"block_id\": \"CASE_02\",\n      \"name\": \"stack基本功能-混合张量沿axis=1堆叠\",\n      \"priority\": \"High\",\n      \"param_matrix\": [\n        {\n          \"function\": \"stack\",\n          \"values_type\": \"mixed_ragged_dense\",\n          \"axis\": 1,\n          \"dtype\": \"float32\",\n          \"shapes\": [[[1.0, 2.0], [3.0]], [[4.0], [5.0, 6.0]]],\n          \"flags\": []\n        }\n      ],\n      \"asserts\": {\n        \"weak\": [\"rank_increase\", \"shape_match\", \"dtype_match\", \"ragged_structure\"],\n        \"strong\": [\"exact_values\", \"stack_dimension_correct\", \"nested_alignment\"]\n      },\n      \"oracle\": \"manual_verification\",\n      \"assertion_level\": \"weak\",\n      \"size\": \"S\",\n      \"max_lines\": 70,\n      \"max_params\": 5,\n      \"is_parametrized\": true,\n      \"requires_mock\": false,\n      \"mock_targets\": []\n    },\n    {\n      \"tc_id\": \"TC-03\",\n      \"block_id\": \"CASE_03\",\n      \"name\": \"边界处理-空values列表异常\",\n      \"priority\": \"High\",\n      \"param_matrix\": [\n        {\n          \"function\": \"concat\",\n          \"values_type\": \"empty_list\",\n          \"axis\": 0,\n          \"dtype\": \"int32\",\n          \"shapes\": [],\n          \"flags\": [\"expect_error\"]\n        },\n        {\n          \"function\": \"stack\",\n          \"values_type\": \"empty_list\",\n          \"axis\": 0,\n          \"dtype\": \"float32\",\n          \"shapes\": [],\n          \"flags\": [\"expect_error\"]\n        }\n      ],\n      \"asserts\": {\n        \"weak\": [\"exception_type\", \"error_message_contains\"],\n        \"strong\": [\"specific_error_code\", \"exception_context\"]\n      },\n      \"oracle\": \"ValueError\",\n      \"assertion_level\": \"weak\",\n      \"size\": \"S\",\n      \"max_lines\": 60,\n      \"max_params\": 4,\n      \"is_parametrized\": true,\n      \"requires_mock\": false,\n      \"mock_targets\": []\n    },\n    {\n      \"tc_id\": \"TC-04\",\n      \"block_id\": \"CASE_04\",\n      \"name\": \"错误路径-输入张量秩不匹配\",\n      \"priority\": \"High\",\n      \"param_matrix\": [\n        {\n          \"function\": \"concat\",\n          \"values_type\": \"mixed_rank\",\n          \"axis\": 0,\n          \"dtype\": \"int32\",\n          \"shapes\": [[[1, 2], [3]], [1, 2, 3]],\n          \"flags\": [\"expect_error\"]\n        }\n      ],\n      \"asserts\": {\n        \"weak\": [\"exception_type\", \"error_message_contains\"],\n        \"strong\": [\"specific_error_code\", \"rank_mismatch_details\"]\n      },\n      \"oracle\": \"ValueError\",\n      \"assertion_level\": \"weak\",\n      \"size\": \"S\",\n      \"max_lines\": 65,\n      \"max_params\": 4,\n      \"is_parametrized\": true,\n      \"requires_mock\": false,\n      \"mock_targets\": []\n    },\n    {\n      \"tc_id\": \"TC-05\",\n      \"block_id\": \"CASE_05\",\n      \"name\": \"负axis值处理-有静态已知秩\",\n      \"priority\": \"High\",\n      \"param_matrix\": [\n        {\n          \"function\": \"concat\",\n          \"values_type\": \"ragged_only\",\n          \"axis\": -1,\n          \"dtype\": \"int32\",\n          \"shapes\": [[[1, 2], [3, 4, 5]], [[6], [7, 8]]],\n          \"flags\": []\n        }\n      ],\n      \"asserts\": {\n        \"weak\": [\"shape_match\", \"dtype_match\", \"negative_axis_handled\"],\n        \"strong\": [\"axis_normalization\", \"equivalent_positive_axis\"]\n      },\n      \"oracle\": \"manual_verification\",\n      \"assertion_level\": \"weak\",\n      \"size\": \"S\",\n      \"max_lines\": 70,\n      \"max_params\": 5,\n      \"is_parametrized\": true,\n      \"requires_mock\": false,\n      \"mock_targets\": []\n    }\n  ],\n  \"param_extensions\": [\n    {\n      \"base_block_id\": \"CASE_01\",\n      \"priority\": \"Medium\",\n      \"params\": {\n        \"function\": \"concat\",\n        \"values_type\": \"dense_only\",\n        \"axis\": 1,\n        \"dtype\": \"float64\",\n        \"shapes\": [[[1.0, 2.0], [3.0, 4.0]], [[5.0, 6.0], [7.0, 8.0]]],\n        \"flags\": []\n      },\n      \"note\": \"作为参数扩展：全规则张量沿axis=1连接\"\n    },\n    {\n      \"base_block_id\": \"CASE_02\",\n      \"priority\": \"Medium\",\n      \"params\": {\n        \"function\": \"stack\",\n        \"values_type\": \"ragged_only\",\n        \"axis\": 0,\n        \"dtype\": \"int64\",\n        \"shapes\": [[[1, 2, 3], [4]], [[5, 6], [7, 8, 9, 10]]],\n        \"flags\": []\n      },\n      \"note\": \"作为参数扩展：全不规则张量沿axis=0堆叠\"\n    },\n    {\n      \"base_block_id\": \"CASE_05\",\n      \"priority\": \"Medium\",\n      \"params\": {\n        \"function\": \"stack\",\n        \"values_type\": \"mixed_ragged_dense\",\n        \"axis\": -2,\n        \"dtype\": \"float32\",\n        \"shapes\": [[[1.0], [2.0, 3.0]], [[4.0, 5.0], [6.0]]],\n        \"flags\": []\n      },\n      \"note\": \"作为参数扩展：负axis值堆叠操作\"\n    }\n  ],\n  \"smoke_set\": [\"CASE_01\", \"CASE_02\", \"CASE_03\"],\n  \"deferred_set\": [\"CASE_04\", \"CASE_05\"]\n}",
    "test_plan.md": "# tensorflow.python.ops.ragged.ragged_concat_ops 测试计划\n\n## 1. 测试策略\n- 单元测试框架：pytest\n- 隔离策略：使用 pytest fixtures 管理张量创建，避免全局状态污染\n- 随机性处理：固定随机种子确保测试可重复性\n- 测试级别：单元测试，聚焦于模块核心功能\n\n## 2. 生成规格摘要（来自 test_plan.json）\n- **SMOKE_SET**: CASE_01, CASE_02, CASE_03（首轮生成）\n- **DEFERRED_SET**: CASE_04, CASE_05（后续迭代）\n- **测试文件路径**: tests/test_tensorflow_python_ops_ragged_ragged_concat_ops.py（单文件）\n- **断言分级策略**: 首轮使用 weak 断言，最终轮启用 strong 断言\n- **预算策略**: 每个用例 size=S，max_lines=60-80，max_params=4-6\n- **迭代策略**: 首轮5个用例，后续仅修复失败用例，最终启用强断言\n\n## 3. 数据与边界\n- **正常数据集**: 混合规则/不规则张量，int32/float32/float64 类型\n- **随机生成策略**: 固定种子生成可重复的随机形状和数值\n- **边界值测试**:\n  - 空 values 列表（异常场景）\n  - 单输入张量（边界情况）\n  - 秩为0/1的特殊张量\n  - 空内部列表的 RaggedTensor\n  - axis=0,1,>1 三种维度情况\n- **负例与异常场景**:\n  - 输入张量秩不匹配\n  - 输入 dtype 不匹配\n  - axis 超出有效范围\n  - 负 axis 值无静态已知秩\n  - 非张量类型输入\n\n## 4. 覆盖映射\n| TC_ID | 对应需求/约束 | 覆盖功能点 |\n|-------|--------------|-----------|\n| TC-01 | concat基本功能 | 混合张量沿axis=0连接 |\n| TC-02 | stack基本功能 | 混合张量沿axis=1堆叠 |\n| TC-03 | 边界处理 | 空values列表异常 |\n| TC-04 | 错误路径 | 输入张量秩不匹配 |\n| TC-05 | 负axis处理 | 有静态已知秩的负axis |\n\n**尚未覆盖的风险点**:\n- `RaggedOrDense` 类型定义边界情况\n- `row_splits_dtype` 匹配过程细节\n- 内存使用模式和性能基准\n- 梯度计算行为验证\n- 跨版本兼容性问题\n\n## 5. 依赖与Mock说明\n- **主要依赖**: TensorFlow 运行时环境\n- **需要Mock的目标**: 无（首轮用例不涉及复杂依赖）\n- **环境要求**: Python 3.10+, TensorFlow 2.x\n- **测试隔离**: 每个测试用例独立，无状态共享",
    "tests/test_tensorflow_python_ops_ragged_ragged_concat_ops.py": "\"\"\"\nTest cases for tensorflow.python.ops.ragged.ragged_concat_ops\n\"\"\"\nimport math\nimport pytest\nimport numpy as np\nimport tensorflow as tf\nfrom tensorflow.python.ops.ragged import ragged_concat_ops\n\n# ==== BLOCK:HEADER START ====\n# Test class and helper functions\nclass TestRaggedConcatOps:\n    \"\"\"Test class for ragged_concat_ops module.\"\"\"\n    \n    def setup_method(self):\n        \"\"\"Setup test method.\"\"\"\n        tf.random.set_seed(42)\n        np.random.seed(42)\n    \n    def _create_ragged_tensor(self, values, dtype=None):\n        \"\"\"Helper to create ragged tensor.\"\"\"\n        return tf.ragged.constant(values, dtype=dtype)\n    \n    def _create_dense_tensor(self, values, dtype=None):\n        \"\"\"Helper to create dense tensor.\"\"\"\n        return tf.constant(values, dtype=dtype)\n    \n    def _assert_ragged_structure(self, result, expected_shape=None, expected_dtype=None):\n        \"\"\"Assert basic ragged tensor properties.\"\"\"\n        assert isinstance(result, tf.RaggedTensor), f\"Expected RaggedTensor, got {type(result)}\"\n        if expected_dtype:\n            assert result.dtype == expected_dtype, f\"Expected dtype {expected_dtype}, got {result.dtype}\"\n        if expected_shape:\n            assert result.shape.as_list() == expected_shape, f\"Expected shape {expected_shape}, got {result.shape}\"\n# ==== BLOCK:HEADER END ====\n\n# ==== BLOCK:CASE_01 START ====\n# Placeholder for CASE_01: concat基本功能-混合张量沿axis=0连接\n# TC-01: concat基本功能-混合张量沿axis=0连接\n# ==== BLOCK:CASE_01 END ====\n\n# ==== BLOCK:CASE_02 START ====\n# Placeholder for CASE_02: stack基本功能-混合张量沿axis=1堆叠\n# TC-02: stack基本功能-混合张量沿axis=1堆叠\n# ==== BLOCK:CASE_02 END ====\n\n# ==== BLOCK:CASE_03 START ====\n# Placeholder for CASE_03: 边界处理-空values列表异常\n# TC-03: 边界处理-空values列表异常\n# ==== BLOCK:CASE_03 END ====\n\n# ==== BLOCK:CASE_04 START ====\n# Placeholder for CASE_04: 错误路径-输入张量秩不匹配\n# TC-04: 错误路径-输入张量秩不匹配\n# ==== BLOCK:CASE_04 END ====\n\n# ==== BLOCK:CASE_05 START ====\n# Placeholder for CASE_05: 负axis值处理-有静态已知秩\n# TC-05: 负axis值处理-有静态已知秩\n# ==== BLOCK:CASE_05 END ====\n\n# ==== BLOCK:FOOTER START ====\nif __name__ == \"__main__\":\n    pytest.main([__file__, \"-v\"])\n# ==== BLOCK:FOOTER END ====",
    "execution_log.txt": "=== Run Tests ===\n.......F                                                                 [100%]\n=================================== FAILURES ===================================\n_ TestRaggedConcatOps.test_negative_axis_handling_with_static_rank[stack_mixed_axis_neg2_float32] _\n\nself = <test_tensorflow_python_ops_ragged_ragged_concat_ops.TestRaggedConcatOps object at 0x15cead810>\nfunction = 'stack', values_type = 'mixed_ragged_dense', axis = -2\ndtype = 'float32', shapes = [[[1.0], [2.0, 3.0]], [[4.0, 5.0], [6.0]]]\nflags = []\n\n    @pytest.mark.parametrize(\n        \"function,values_type,axis,dtype,shapes,flags\",\n        [\n            (\n                \"concat\",\n                \"ragged_only\",\n                -1,\n                \"int32\",\n                [[[1, 2], [3, 4, 5]], [[6], [7, 8]]],\n                [],\n            ),\n            # Parameter extension: stack with mixed_ragged_dense, axis=-2, float32\n            (\n                \"stack\",\n                \"mixed_ragged_dense\",\n                -2,\n                \"float32\",\n                [[[1.0], [2.0, 3.0]], [[4.0, 5.0], [6.0]]],\n                [],\n            ),\n        ],\n        ids=[\"concat_ragged_axis_neg1_int32\", \"stack_mixed_axis_neg2_float32\"]\n    )\n    def test_negative_axis_handling_with_static_rank(self, function, values_type, axis, dtype, shapes, flags):\n        \"\"\"TC-05: 负axis值处理-有静态已知秩\"\"\"\n        # Create test tensors based on values_type\n        if values_type == \"ragged_only\":\n            # Both tensors are ragged\n            tensor1 = self._create_ragged_tensor(shapes[0], dtype=getattr(tf, dtype))\n            tensor2 = self._create_ragged_tensor(shapes[1], dtype=getattr(tf, dtype))\n            values = [tensor1, tensor2]\n        elif values_type == \"mixed_ragged_dense\":\n            # First tensor: ragged tensor\n            tensor1 = self._create_ragged_tensor(shapes[0], dtype=getattr(tf, dtype))\n            # Second tensor: dense tensor (convert to ragged-like structure)\n            # shapes[1] is [[4.0, 5.0], [6.0]] which is ragged\n            tensor2 = self._create_ragged_tensor(shapes[1], dtype=getattr(tf, dtype))\n            values = [tensor1, tensor2]\n        else:\n            pytest.fail(f\"Unsupported values_type: {values_type}\")\n    \n        # Weak assertions (round 1)\n        # 1. shape_match: Check basic shape properties\n        # First, verify that tensors have static rank (required for negative axis)\n        assert tensor1.shape.rank is not None, \"tensor1 should have static rank for negative axis\"\n        assert tensor2.shape.rank is not None, \"tensor2 should have static rank for negative axis\"\n    \n        # Calculate positive equivalent of negative axis\n        rank = tensor1.shape.rank\n        positive_axis = axis if axis >= 0 else rank + axis\n    \n        # Call the function\n        if function == \"concat\":\n            result = ragged_concat_ops.concat(values, axis=axis)\n        else:\n            result = ragged_concat_ops.stack(values, axis=axis)\n    \n        # 2. dtype_match: Check dtype\n        assert result.dtype == getattr(tf, dtype), \\\n            f\"Expected dtype {dtype}, got {result.dtype}\"\n    \n        # 3. negative_axis_handled: Verify negative axis is handled correctly\n        # Check that operation succeeded (no exception)\n        assert result is not None, \"Result should not be None\"\n    \n        # Verify the result has the expected structure\n        if function == \"concat\":\n            # For concat, rank should stay the same\n            assert result.shape.rank == rank, \\\n                f\"Expected rank {rank} for concat, got {result.shape.rank}\"\n    \n            # Check that concat along negative axis produces same result as positive axis\n            # Create a reference result using positive axis\n            if values_type == \"ragged_only\":\n                ref_result = ragged_concat_ops.concat(values, axis=positive_axis)\n                # Compare values\n                # For ragged tensors, we need to compare nested structure\n                # Convert to list for comparison\n                result_values = result.to_list()\n                ref_values = ref_result.to_list()\n                assert result_values == ref_values, \\\n                    f\"Negative axis {axis} should produce same result as positive axis {positive_axis}\"\n    \n        elif function == \"stack\":\n            # For stack, rank should increase by 1\n            assert result.shape.rank == rank + 1, \\\n                f\"Expected rank {rank + 1} for stack, got {result.shape.rank}\"\n    \n            # Check that stack along negative axis produces valid result\n            # We'll verify basic properties without comparing to positive axis\n            # since the comparison might be problematic for stack operations\n    \n            # Verify that result is a RaggedTensor\n            self._assert_ragged_structure(result, expected_dtype=getattr(tf, dtype))\n    \n            # Verify basic shape properties\n            if values_type == \"mixed_ragged_dense\":\n                # For stack with axis=-2 on 2D tensors, we expect a 3D result\n                assert result.shape.rank == 3, f\"Expected rank 3 for stack, got {result.shape.rank}\"\n    \n        # Additional verification for specific cases\n        if values_type == \"ragged_only\" and function == \"concat\":\n            # Verify concat along last axis (axis=-1) for ragged tensors\n            # This should concatenate inner dimensions\n            # tensor1: [[1, 2], [3, 4, 5]]\n            # tensor2: [[6], [7, 8]]\n            # Expected result along axis=-1: [[1, 2, 6], [3, 4, 5, 7, 8]]\n            expected_result = tf.ragged.constant([[1, 2, 6], [3, 4, 5, 7, 8]], dtype=getattr(tf, dtype))\n            result_values = result.to_list()\n            expected_values = expected_result.to_list()\n            assert result_values == expected_values, \\\n                f\"Concat along axis=-1 failed. Got {result_values}, expected {expected_values}\"\n    \n        elif values_type == \"mixed_ragged_dense\" and function == \"stack\":\n            # Verify stack along axis=-2 for mixed tensors produces valid structure\n            # We'll check basic properties without exact value comparison\n            # since the exact ordering might depend on implementation\n    \n            # Verify that we have a 3D ragged tensor\n            assert result.shape.rank == 3, f\"Expected rank 3, got {result.shape.rank}\"\n    \n            # Verify that we have 2 elements in the stacked dimension\n            # (since we stacked 2 tensors)\n>           assert len(result) == 2, f\"Expected 2 stacked tensors, got {len(result)}\"\nE           TypeError: object of type 'RaggedTensor' has no len()\n\ntests/test_tensorflow_python_ops_ragged_ragged_concat_ops.py:450: TypeError\n=============================== warnings summary ===============================\n../../../../../../../../opt/anaconda3/envs/testagent-experiment/lib/python3.10/site-packages/tensorflow/core/framework/tensor_shape_pb2.py:18\n  /opt/anaconda3/envs/testagent-experiment/lib/python3.10/site-packages/tensorflow/core/framework/tensor_shape_pb2.py:18: DeprecationWarning: Call to deprecated create function FileDescriptor(). Note: Create unlinked descriptors is going to go away. Please use get/find descriptors from generated code or query the descriptor_pool.\n    DESCRIPTOR = _descriptor.FileDescriptor(\n\n../../../../../../../../opt/anaconda3/envs/testagent-experiment/lib/python3.10/site-packages/tensorflow/core/framework/tensor_shape_pb2.py:36\n  /opt/anaconda3/envs/testagent-experiment/lib/python3.10/site-packages/tensorflow/core/framework/tensor_shape_pb2.py:36: DeprecationWarning: Call to deprecated create function FieldDescriptor(). Note: Create unlinked descriptors is going to go away. Please use get/find descriptors from generated code or query the descriptor_pool.\n    _descriptor.FieldDescriptor(\n\n../../../../../../../../opt/anaconda3/envs/testagent-experiment/lib/python3.10/site-packages/tensorflow/core/framework/tensor_shape_pb2.py:43\n  /opt/anaconda3/envs/testagent-experiment/lib/python3.10/site-packages/tensorflow/core/framework/tensor_shape_pb2.py:43: DeprecationWarning: Call to deprecated create function FieldDescriptor(). Note: Create unlinked descriptors is going to go away. Please use get/find descriptors from generated code or query the descriptor_pool.\n    _descriptor.FieldDescriptor(\n\n../../../../../../../../opt/anaconda3/envs/testagent-experiment/lib/python3.10/site-packages/tensorflow/core/framework/tensor_shape_pb2.py:29\n  /opt/anaconda3/envs/testagent-experiment/lib/python3.10/site-packages/tensorflow/core/framework/tensor_shape_pb2.py:29: DeprecationWarning: Call to deprecated create function Descriptor(). Note: Create unlinked descriptors is going to go away. Please use get/find descriptors from generated code or query the descriptor_pool.\n    _TENSORSHAPEPROTO_DIM = _descriptor.Descriptor(\n\n../../../../../../../../opt/anaconda3/envs/testagent-experiment/lib/python3.10/site-packages/tensorflow/core/framework/tensor_shape_pb2.py:73\n  /opt/anaconda3/envs/testagent-experiment/lib/python3.10/site-packages/tensorflow/core/framework/tensor_shape_pb2.py:73: DeprecationWarning: Call to deprecated create function FieldDescriptor(). Note: Create unlinked descriptors is going to go away. Please use get/find descriptors from generated code or query the descriptor_pool.\n    _descriptor.FieldDescriptor(\n\n../../../../../../../../opt/anaconda3/envs/testagent-experiment/lib/python3.10/site-packages/tensorflow/core/framework/tensor_shape_pb2.py:80\n  /opt/anaconda3/envs/testagent-experiment/lib/python3.10/site-packages/tensorflow/core/framework/tensor_shape_pb2.py:80: DeprecationWarning: Call to deprecated create function FieldDescriptor(). Note: Create unlinked descriptors is going to go away. Please use get/find descriptors from generated code or query the descriptor_pool.\n    _descriptor.FieldDescriptor(\n\n../../../../../../../../opt/anaconda3/envs/testagent-experiment/lib/python3.10/site-packages/tensorflow/core/framework/tensor_shape_pb2.py:66\n  /opt/anaconda3/envs/testagent-experiment/lib/python3.10/site-packages/tensorflow/core/framework/tensor_shape_pb2.py:66: DeprecationWarning: Call to deprecated create function Descriptor(). Note: Create unlinked descriptors is going to go away. Please use get/find descriptors from generated code or query the descriptor_pool.\n    _TENSORSHAPEPROTO = _descriptor.Descriptor(\n\n../../../../../../../../opt/anaconda3/envs/testagent-experiment/lib/python3.10/site-packages/tensorflow/core/framework/types_pb2.py:19\n  /opt/anaconda3/envs/testagent-experiment/lib/python3.10/site-packages/tensorflow/core/framework/types_pb2.py:19: DeprecationWarning: Call to deprecated create function FileDescriptor(). Note: Create unlinked descriptors is going to go away. Please use get/find descriptors from generated code or query the descriptor_pool.\n    DESCRIPTOR = _descriptor.FileDescriptor(\n\n../../../../../../../../opt/anaconda3/envs/testagent-experiment/lib/python3.10/site-packages/tensorflow/core/framework/types_pb2.py:33\n  /opt/anaconda3/envs/testagent-experiment/lib/python3.10/site-packages/tensorflow/core/framework/types_pb2.py:33: DeprecationWarning: Call to deprecated create function EnumValueDescriptor(). Note: Create unlinked descriptors is going to go away. Please use get/find descriptors from generated code or query the descriptor_pool.\n    _descriptor.EnumValueDescriptor(\n\n../../../../../../../../opt/anaconda3/envs/testagent-experiment/lib/python3.10/site-packages/tensorflow/core/framework/types_pb2.py:37\n  /opt/anaconda3/envs/testagent-experiment/lib/python3.10/site-packages/tensorflow/core/framework/types_pb2.py:37: DeprecationWarning: Call to deprecated create function EnumValueDescriptor(). Note: Create unlinked descriptors is going to go away. Please use get/find descriptors from generated code or query the descriptor_pool.\n    _descriptor.EnumValueDescriptor(\n\n../../../../../../../../opt/anaconda3/envs/testagent-experiment/lib/python3.10/site-packages/tensorflow/core/framework/types_pb2.py:41\n  /opt/anaconda3/envs/testagent-experiment/lib/python3.10/site-packages/tensorflow/core/framework/types_pb2.py:41: DeprecationWarning: Call to deprecated create function EnumValueDescriptor(). Note: Create unlinked descriptors is going to go away. Please use get/find descriptors from generated code or query the descriptor_pool.\n    _descriptor.EnumValueDescriptor(\n\n../../../../../../../../opt/anaconda3/envs/testagent-experiment/lib/python3.10/site-packages/tensorflow/core/framework/types_pb2.py:45\n  /opt/anaconda3/envs/testagent-experiment/lib/python3.10/site-packages/tensorflow/core/framework/types_pb2.py:45: DeprecationWarning: Call to deprecated create function EnumValueDescriptor(). Note: Create unlinked descriptors is going to go away. Please use get/find descriptors from generated code or query the descriptor_pool.\n    _descriptor.EnumValueDescriptor(\n\n../../../../../../../../opt/anaconda3/envs/testagent-experiment/lib/python3.10/site-packages/tensorflow/core/framework/types_pb2.py:49\n  /opt/anaconda3/envs/testagent-experiment/lib/python3.10/site-packages/tensorflow/core/framework/types_pb2.py:49: DeprecationWarning: Call to deprecated create function EnumValueDescriptor(). Note: Create unlinked descriptors is going to go away. Please use get/find descriptors from generated code or query the descriptor_pool.\n    _descriptor.EnumValueDescriptor(\n\n../../../../../../../../opt/anaconda3/envs/testagent-experiment/lib/python3.10/site-packages/tensorflow/core/framework/types_pb2.py:53\n  /opt/anaconda3/envs/testagent-experiment/lib/python3.10/site-packages/tensorflow/core/framework/types_pb2.py:53: DeprecationWarning: Call to deprecated create function EnumValueDescriptor(). Note: Create unlinked descriptors is going to go away. Please use get/find descriptors from generated code or query the descriptor_pool.\n    _descriptor.EnumValueDescriptor(\n\n../../../../../../../../opt/anaconda3/envs/testagent-experiment/lib/python3.10/site-packages/tensorflow/core/framework/types_pb2.py:57\n  /opt/anaconda3/envs/testagent-experiment/lib/python3.10/site-packages/tensorflow/core/framework/types_pb2.py:57: DeprecationWarning: Call to deprecated create function EnumValueDescriptor(). Note: Create unlinked descriptors is going to go away. Please use get/find descriptors from generated code or query the descriptor_pool.\n    _descriptor.EnumValueDescriptor(\n\n../../../../../../../../opt/anaconda3/envs/testagent-experiment/lib/python3.10/site-packages/tensorflow/core/framework/types_pb2.py:61\n  /opt/anaconda3/envs/testagent-experiment/lib/python3.10/site-packages/tensorflow/core/framework/types_pb2.py:61: DeprecationWarning: Call to deprecated create function EnumValueDescriptor(). Note: Create unlinked descriptors is going to go away. Please use get/find descriptors from generated code or query the descriptor_pool.\n    _descriptor.EnumValueDescriptor(\n\n../../../../../../../../opt/anaconda3/envs/testagent-experiment/lib/python3.10/site-packages/tensorflow/core/framework/types_pb2.py:65\n  /opt/anaconda3/envs/testagent-experiment/lib/python3.10/site-packages/tensorflow/core/framework/types_pb2.py:65: DeprecationWarning: Call to deprecated create function EnumValueDescriptor(). Note: Create unlinked descriptors is going to go away. Please use get/find descriptors from generated code or query the descriptor_pool.\n    _descriptor.EnumValueDescriptor(\n\n../../../../../../../../opt/anaconda3/envs/testagent-experiment/lib/python3.10/site-packages/tensorflow/core/framework/types_pb2.py:69\n  /opt/anaconda3/envs/testagent-experiment/lib/python3.10/site-packages/tensorflow/core/framework/types_pb2.py:69: DeprecationWarning: Call to deprecated create function EnumValueDescriptor(). Note: Create unlinked descriptors is going to go away. Please use get/find descriptors from generated code or query the descriptor_pool.\n    _descriptor.EnumValueDescriptor(\n\n../../../../../../../../opt/anaconda3/envs/testagent-experiment/lib/python3.10/site-packages/tensorflow/core/framework/types_pb2.py:73\n  /opt/anaconda3/envs/testagent-experiment/lib/python3.10/site-packages/tensorflow/core/framework/types_pb2.py:73: DeprecationWarning: Call to deprecated create function EnumValueDescriptor(). Note: Create unlinked descriptors is going to go away. Please use get/find descriptors from generated code or query the descriptor_pool.\n    _descriptor.EnumValueDescriptor(\n\n../../../../../../../../opt/anaconda3/envs/testagent-experiment/lib/python3.10/site-packages/tensorflow/core/framework/types_pb2.py:77\n  /opt/anaconda3/envs/testagent-experiment/lib/python3.10/site-packages/tensorflow/core/framework/types_pb2.py:77: DeprecationWarning: Call to deprecated create function EnumValueDescriptor(). Note: Create unlinked descriptors is going to go away. Please use get/find descriptors from generated code or query the descriptor_pool.\n    _descriptor.EnumValueDescriptor(\n\n../../../../../../../../opt/anaconda3/envs/testagent-experiment/lib/python3.10/site-packages/tensorflow/core/framework/types_pb2.py:81\n  /opt/anaconda3/envs/testagent-experiment/lib/python3.10/site-packages/tensorflow/core/framework/types_pb2.py:81: DeprecationWarning: Call to deprecated create function EnumValueDescriptor(). Note: Create unlinked descriptors is going to go away. Please use get/find descriptors from generated code or query the descriptor_pool.\n    _descriptor.EnumValueDescriptor(\n\n../../../../../../../../opt/anaconda3/envs/testagent-experiment/lib/python3.10/site-packages/tensorflow/core/framework/types_pb2.py:85\n  /opt/anaconda3/envs/testagent-experiment/lib/python3.10/site-packages/tensorflow/core/framework/types_pb2.py:85: DeprecationWarning: Call to deprecated create function EnumValueDescriptor(). Note: Create unlinked descriptors is going to go away. Please use get/find descriptors from generated code or query the descriptor_pool.\n    _descriptor.EnumValueDescriptor(\n\n../../../../../../../../opt/anaconda3/envs/testagent-experiment/lib/python3.10/site-packages/tensorflow/core/framework/types_pb2.py:89\n  /opt/anaconda3/envs/testagent-experiment/lib/python3.10/site-packages/tensorflow/core/framework/types_pb2.py:89: DeprecationWarning: Call to deprecated create function EnumValueDescriptor(). Note: Create unlinked descriptors is going to go away. Please use get/find descriptors from generated code or query the descriptor_pool.\n    _descriptor.EnumValueDescriptor(\n\n../../../../../../../../opt/anaconda3/envs/testagent-experiment/lib/python3.10/site-packages/tensorflow/core/framework/types_pb2.py:93\n  /opt/anaconda3/envs/testagent-experiment/lib/python3.10/site-packages/tensorflow/core/framework/types_pb2.py:93: DeprecationWarning: Call to deprecated create function EnumValueDescriptor(). Note: Create unlinked descriptors is going to go away. Please use get/find descriptors from generated code or query the descriptor_pool.\n    _descriptor.EnumValueDescriptor(\n\n../../../../../../../../opt/anaconda3/envs/testagent-experiment/lib/python3.10/site-packages/tensorflow/core/framework/types_pb2.py:97\n  /opt/anaconda3/envs/testagent-experiment/lib/python3.10/site-packages/tensorflow/core/framework/types_pb2.py:97: DeprecationWarning: Call to deprecated create function EnumValueDescriptor(). Note: Create unlinked descriptors is going to go away. Please use get/find descriptors from generated code or query the descriptor_pool.\n    _descriptor.EnumValueDescriptor(\n\n../../../../../../../../opt/anaconda3/envs/testagent-experiment/lib/python3.10/site-packages/tensorflow/core/framework/types_pb2.py:101\n  /opt/anaconda3/envs/testagent-experiment/lib/python3.10/site-packages/tensorflow/core/framework/types_pb2.py:101: DeprecationWarning: Call to deprecated create function EnumValueDescriptor(). Note: Create unlinked descriptors is going to go away. Please use get/find descriptors from generated code or query the descriptor_pool.\n    _descriptor.EnumValueDescriptor(\n\n../../../../../../../../opt/anaconda3/envs/testagent-experiment/lib/python3.10/site-packages/tensorflow/core/framework/types_pb2.py:105\n  /opt/anaconda3/envs/testagent-experiment/lib/python3.10/site-packages/tensorflow/core/framework/types_pb2.py:105: DeprecationWarning: Call to deprecated create function EnumValueDescriptor(). Note: Create unlinked descriptors is going to go away. Please use get/find descriptors from generated code or query the descriptor_pool.\n    _descriptor.EnumValueDescriptor(\n\n../../../../../../../../opt/anaconda3/envs/testagent-experiment/lib/python3.10/site-packages/tensorflow/core/framework/types_pb2.py:109\n  /opt/anaconda3/envs/testagent-experiment/lib/python3.10/site-packages/tensorflow/core/framework/types_pb2.py:109: DeprecationWarning: Call to deprecated create function EnumValueDescriptor(). Note: Create unlinked descriptors is going to go away. Please use get/find descriptors from generated code or query the descriptor_pool.\n    _descriptor.EnumValueDescriptor(\n\n../../../../../../../../opt/anaconda3/envs/testagent-experiment/lib/python3.10/site-packages/tensorflow/core/framework/types_pb2.py:113\n  /opt/anaconda3/envs/testagent-experiment/lib/python3.10/site-packages/tensorflow/core/framework/types_pb2.py:113: DeprecationWarning: Call to deprecated create function EnumValueDescriptor(). Note: Create unlinked descriptors is going to go away. Please use get/find descriptors from generated code or query the descriptor_pool.\n    _descriptor.EnumValueDescriptor(\n\n../../../../../../../../opt/anaconda3/envs/testagent-experiment/lib/python3.10/site-packages/tensorflow/core/framework/types_pb2.py:117\n  /opt/anaconda3/envs/testagent-experiment/lib/python3.10/site-packages/tensorflow/core/framework/types_pb2.py:117: DeprecationWarning: Call to deprecated create function EnumValueDescriptor(). Note: Create unlinked descriptors is going to go away. Please use get/find descriptors from generated code or query the descriptor_pool.\n    _descriptor.EnumValueDescriptor(\n\n../../../../../../../../opt/anaconda3/envs/testagent-experiment/lib/python3.10/site-packages/tensorflow/core/framework/types_pb2.py:121\n  /opt/anaconda3/envs/testagent-experiment/lib/python3.10/site-packages/tensorflow/core/framework/types_pb2.py:121: DeprecationWarning: Call to deprecated create function EnumValueDescriptor(). Note: Create unlinked descriptors is going to go away. Please use get/find descriptors from generated code or query the descriptor_pool.\n    _descriptor.EnumValueDescriptor(\n\n../../../../../../../../opt/anaconda3/envs/testagent-experiment/lib/python3.10/site-packages/tensorflow/core/framework/types_pb2.py:125\n  /opt/anaconda3/envs/testagent-experiment/lib/python3.10/site-packages/tensorflow/core/framework/types_pb2.py:125: DeprecationWarning: Call to deprecated create function EnumValueDescriptor(). Note: Create unlinked descriptors is going to go away. Please use get/find descriptors from generated code or query the descriptor_pool.\n    _descriptor.EnumValueDescriptor(\n\n../../../../../../../../opt/anaconda3/envs/testagent-experiment/lib/python3.10/site-packages/tensorflow/core/framework/types_pb2.py:129\n  /opt/anaconda3/envs/testagent-experiment/lib/python3.10/site-packages/tensorflow/core/framework/types_pb2.py:129: DeprecationWarning: Call to deprecated create function EnumValueDescriptor(). Note: Create unlinked descriptors is going to go away. Please use get/find descriptors from generated code or query the descriptor_pool.\n    _descriptor.EnumValueDescriptor(\n\n../../../../../../../../opt/anaconda3/envs/testagent-experiment/lib/python3.10/site-packages/tensorflow/core/framework/types_pb2.py:133\n  /opt/anaconda3/envs/testagent-experiment/lib/python3.10/site-packages/tensorflow/core/framework/types_pb2.py:133: DeprecationWarning: Call to deprecated create function EnumValueDescriptor(). Note: Create unlinked descriptors is going to go away. Please use get/find descriptors from generated code or query the descriptor_pool.\n    _descriptor.EnumValueDescriptor(\n\n../../../../../../../../opt/anaconda3/envs/testagent-experiment/lib/python3.10/site-packages/tensorflow/core/framework/types_pb2.py:137\n  /opt/anaconda3/envs/testagent-experiment/lib/python3.10/site-packages/tensorflow/core/framework/types_pb2.py:137: DeprecationWarning: Call to deprecated create function EnumValueDescriptor(). Note: Create unlinked descriptors is going to go away. Please use get/find descriptors from generated code or query the descriptor_pool.\n    _descriptor.EnumValueDescriptor(\n\n../../../../../../../../opt/anaconda3/envs/testagent-experiment/lib/python3.10/site-packages/tensorflow/core/framework/types_pb2.py:141\n  /opt/anaconda3/envs/testagent-experiment/lib/python3.10/site-packages/tensorflow/core/framework/types_pb2.py:141: DeprecationWarning: Call to deprecated create function EnumValueDescriptor(). Note: Create unlinked descriptors is going to go away. Please use get/find descriptors from generated code or query the descriptor_pool.\n    _descriptor.EnumValueDescriptor(\n\n../../../../../../../../opt/anaconda3/envs/testagent-experiment/lib/python3.10/site-packages/tensorflow/core/framework/types_pb2.py:145\n  /opt/anaconda3/envs/testagent-experiment/lib/python3.10/site-packages/tensorflow/core/framework/types_pb2.py:145: DeprecationWarning: Call to deprecated create function EnumValueDescriptor(). Note: Create unlinked descriptors is going to go away. Please use get/find descriptors from generated code or query the descriptor_pool.\n    _descriptor.EnumValueDescriptor(\n\n../../../../../../../../opt/anaconda3/envs/testagent-experiment/lib/python3.10/site-packages/tensorflow/core/framework/types_pb2.py:149\n  /opt/anaconda3/envs/testagent-experiment/lib/python3.10/site-packages/tensorflow/core/framework/types_pb2.py:149: DeprecationWarning: Call to deprecated create function EnumValueDescriptor(). Note: Create unlinked descriptors is going to go away. Please use get/find descriptors from generated code or query the descriptor_pool.\n    _descriptor.EnumValueDescriptor(\n\n../../../../../../../../opt/anaconda3/envs/testagent-experiment/lib/python3.10/site-packages/tensorflow/core/framework/types_pb2.py:153\n  /opt/anaconda3/envs/testagent-experiment/lib/python3.10/site-packages/tensorflow/core/framework/types_pb2.py:153: DeprecationWarning: Call to deprecated create function EnumValueDescriptor(). Note: Create unlinked descriptors is going to go away. Please use get/find descriptors from generated code or query the descriptor_pool.\n    _descriptor.EnumValueDescriptor(\n\n../../../../../../../../opt/anaconda3/envs/testagent-experiment/lib/python3.10/site-packages/tensorflow/core/framework/types_pb2.py:157\n  /opt/anaconda3/envs/testagent-experiment/lib/python3.10/site-packages/tensorflow/core/framework/types_pb2.py:157: DeprecationWarning: Call to deprecated create function EnumValueDescriptor(). Note: Create unlinked descriptors is going to go away. Please use get/find descriptors from generated code or query the descriptor_pool.\n    _descriptor.EnumValueDescriptor(\n\n../../../../../../../../opt/anaconda3/envs/testagent-experiment/lib/python3.10/site-packages/tensorflow/core/framework/types_pb2.py:161\n  /opt/anaconda3/envs/testagent-experiment/lib/python3.10/site-packages/tensorflow/core/framework/types_pb2.py:161: DeprecationWarning: Call to deprecated create function EnumValueDescriptor(). Note: Create unlinked descriptors is going to go away. Please use get/find descriptors from generated code or query the descriptor_pool.\n    _descriptor.EnumValueDescriptor(\n\n../../../../../../../../opt/anaconda3/envs/testagent-experiment/lib/python3.10/site-packages/tensorflow/core/framework/types_pb2.py:165\n  /opt/anaconda3/envs/testagent-experiment/lib/python3.10/site-packages/tensorflow/core/framework/types_pb2.py:165: DeprecationWarning: Call to deprecated create function EnumValueDescriptor(). Note: Create unlinked descriptors is going to go away. Please use get/find descriptors from generated code or query the descriptor_pool.\n    _descriptor.EnumValueDescriptor(\n\n../../../../../../../../opt/anaconda3/envs/testagent-experiment/lib/python3.10/site-packages/tensorflow/core/framework/types_pb2.py:169\n  /opt/anaconda3/envs/testagent-experiment/lib/python3.10/site-packages/tensorflow/core/framework/types_pb2.py:169: DeprecationWarning: Call to deprecated create function EnumValueDescriptor(). Note: Create unlinked descriptors is going to go away. Please use get/find descriptors from generated code or query the descriptor_pool.\n    _descriptor.EnumValueDescriptor(\n\n../../../../../../../../opt/anaconda3/envs/testagent-experiment/lib/python3.10/site-packages/tensorflow/core/framework/types_pb2.py:173\n  /opt/anaconda3/envs/testagent-experiment/lib/python3.10/site-packages/tensorflow/core/framework/types_pb2.py:173: DeprecationWarning: Call to deprecated create function EnumValueDescriptor(). Note: Create unlinked descriptors is going to go away. Please use get/find descriptors from generated code or query the descriptor_pool.\n    _descriptor.EnumValueDescriptor(\n\n../../../../../../../../opt/anaconda3/envs/testagent-experiment/lib/python3.10/site-packages/tensorflow/core/framework/types_pb2.py:177\n  /opt/anaconda3/envs/testagent-experiment/lib/python3.10/site-packages/tensorflow/core/framework/types_pb2.py:177: DeprecationWarning: Call to deprecated create function EnumValueDescriptor(). Note: Create unlinked descriptors is going to go away. Please use get/find descriptors from generated code or query the descriptor_pool.\n    _descriptor.EnumValueDescriptor(\n\n../../../../../../../../opt/anaconda3/envs/testagent-experiment/lib/python3.10/site-packages/tensorflow/core/framework/types_pb2.py:181\n  /opt/anaconda3/envs/testagent-experiment/lib/python3.10/site-packages/tensorflow/core/framework/types_pb2.py:181: DeprecationWarning: Call to deprecated create function EnumValueDescriptor(). Note: Create unlinked descriptors is going to go away. Please use get/find descriptors from generated code or query the descriptor_pool.\n    _descriptor.EnumValueDescriptor(\n\n../../../../../../../../opt/anaconda3/envs/testagent-experiment/lib/python3.10/site-packages/tensorflow/core/framework/types_pb2.py:185\n  /opt/anaconda3/envs/testagent-experiment/lib/python3.10/site-packages/tensorflow/core/framework/types_pb2.py:185: DeprecationWarning: Call to deprecated create function EnumValueDescriptor(). Note: Create unlinked descriptors is going to go away. Please use get/find descriptors from generated code or query the descriptor_pool.\n    _descriptor.EnumValueDescriptor(\n\n../../../../../../../../opt/anaconda3/envs/testagent-experiment/lib/python3.10/site-packages/tensorflow/core/framework/types_pb2.py:189\n  /opt/anaconda3/envs/testagent-experiment/lib/python3.10/site-packages/tensorflow/core/framework/types_pb2.py:189: DeprecationWarning: Call to deprecated create function EnumValueDescriptor(). Note: Create unlinked descriptors is going to go away. Please use get/find descriptors from generated code or query the descriptor_pool.\n    _descriptor.EnumValueDescriptor(\n\n../../../../../../../../opt/anaconda3/envs/testagent-experiment/lib/python3.10/site-packages/tensorflow/core/framework/types_pb2.py:193\n  /opt/anaconda3/envs/testagent-experiment/lib/python3.10/site-packages/tensorflow/core/framework/types_pb2.py:193: DeprecationWarning: Call to deprecated create function EnumValueDescriptor(). Note: Create unlinked descriptors is going to go away. Please use get/find descriptors from generated code or query the descriptor_pool.\n    _descriptor.EnumValueDescriptor(\n\n../../../../../../../../opt/anaconda3/envs/testagent-experiment/lib/python3.10/site-packages/tensorflow/core/framework/types_pb2.py:197\n  /opt/anaconda3/envs/testagent-experiment/lib/python3.10/site-packages/tensorflow/core/framework/types_pb2.py:197: DeprecationWarning: Call to deprecated create function EnumValueDescriptor(). Note: Create unlinked descriptors is going to go away. Please use get/find descriptors from generated code or query the descriptor_pool.\n    _descriptor.EnumValueDescriptor(\n\n../../../../../../../../opt/anaconda3/envs/testagent-experiment/lib/python3.10/site-packages/tensorflow/core/framework/types_pb2.py:201\n  /opt/anaconda3/envs/testagent-experiment/lib/python3.10/site-packages/tensorflow/core/framework/types_pb2.py:201: DeprecationWarning: Call to deprecated create function EnumValueDescriptor(). Note: Create unlinked descriptors is going to go away. Please use get/find descriptors from generated code or query the descriptor_pool.\n    _descriptor.EnumValueDescriptor(\n\n../../../../../../../../opt/anaconda3/envs/testagent-experiment/lib/python3.10/site-packages/tensorflow/core/framework/types_pb2.py:205\n  /opt/anaconda3/envs/testagent-experiment/lib/python3.10/site-packages/tensorflow/core/framework/types_pb2.py:205: DeprecationWarning: Call to deprecated create function EnumValueDescriptor(). Note: Create unlinked descriptors is going to go away. Please use get/find descriptors from generated code or query the descriptor_pool.\n    _descriptor.EnumValueDescriptor(\n\n../../../../../../../../opt/anaconda3/envs/testagent-experiment/lib/python3.10/site-packages/tensorflow/core/framework/types_pb2.py:209\n  /opt/anaconda3/envs/testagent-experiment/lib/python3.10/site-packages/tensorflow/core/framework/types_pb2.py:209: DeprecationWarning: Call to deprecated create function EnumValueDescriptor(). Note: Create unlinked descriptors is going to go away. Please use get/find descriptors from generated code or query the descriptor_pool.\n    _descriptor.EnumValueDescriptor(\n\n../../../../../../../../opt/anaconda3/envs/testagent-experiment/lib/python3.10/site-packages/tensorflow/core/framework/types_pb2.py:213\n  /opt/anaconda3/envs/testagent-experiment/lib/python3.10/site-packages/tensorflow/core/framework/types_pb2.py:213: DeprecationWarning: Call to deprecated create function EnumValueDescriptor(). Note: Create unlinked descriptors is going to go away. Please use get/find descriptors from generated code or query the descriptor_pool.\n    _descriptor.EnumValueDescriptor(\n\n../../../../../../../../opt/anaconda3/envs/testagent-experiment/lib/python3.10/site-packages/tensorflow/core/framework/types_pb2.py:217\n  /opt/anaconda3/envs/testagent-experiment/lib/python3.10/site-packages/tensorflow/core/framework/types_pb2.py:217: DeprecationWarning: Call to deprecated create function EnumValueDescriptor(). Note: Create unlinked descriptors is going to go away. Please use get/find descriptors from generated code or query the descriptor_pool.\n    _descriptor.EnumValueDescriptor(\n\n../../../../../../../../opt/anaconda3/envs/testagent-experiment/lib/python3.10/site-packages/tensorflow/core/framework/types_pb2.py:27\n  /opt/anaconda3/envs/testagent-experiment/lib/python3.10/site-packages/tensorflow/core/framework/types_pb2.py:27: DeprecationWarning: Call to deprecated create function EnumDescriptor(). Note: Create unlinked descriptors is going to go away. Please use get/find descriptors from generated code or query the descriptor_pool.\n    _DATATYPE = _descriptor.EnumDescriptor(\n\n../../../../../../../../opt/anaconda3/envs/testagent-experiment/lib/python3.10/site-packages/tensorflow/core/framework/resource_handle_pb2.py:20\n  /opt/anaconda3/envs/testagent-experiment/lib/python3.10/site-packages/tensorflow/core/framework/resource_handle_pb2.py:20: DeprecationWarning: Call to deprecated create function FileDescriptor(). Note: Create unlinked descriptors is going to go away. Please use get/find descriptors from generated code or query the descriptor_pool.\n    DESCRIPTOR = _descriptor.FileDescriptor(\n\n../../../../../../../../opt/anaconda3/envs/testagent-experiment/lib/python3.10/site-packages/tensorflow/core/framework/resource_handle_pb2.py:39\n  /opt/anaconda3/envs/testagent-experiment/lib/python3.10/site-packages/tensorflow/core/framework/resource_handle_pb2.py:39: DeprecationWarning: Call to deprecated create function FieldDescriptor(). Note: Create unlinked descriptors is going to go away. Please use get/find descriptors from generated code or query the descriptor_pool.\n    _descriptor.FieldDescriptor(\n\n../../../../../../../../opt/anaconda3/envs/testagent-experiment/lib/python3.10/site-packages/tensorflow/core/framework/resource_handle_pb2.py:46\n  /opt/anaconda3/envs/testagent-experiment/lib/python3.10/site-packages/tensorflow/core/framework/resource_handle_pb2.py:46: DeprecationWarning: Call to deprecated create function FieldDescriptor(). Note: Create unlinked descriptors is going to go away. Please use get/find descriptors from generated code or query the descriptor_pool.\n    _descriptor.FieldDescriptor(\n\n../../../../../../../../opt/anaconda3/envs/testagent-experiment/lib/python3.10/site-packages/tensorflow/core/framework/resource_handle_pb2.py:32\n  /opt/anaconda3/envs/testagent-experiment/lib/python3.10/site-packages/tensorflow/core/framework/resource_handle_pb2.py:32: DeprecationWarning: Call to deprecated create function Descriptor(). Note: Create unlinked descriptors is going to go away. Please use get/find descriptors from generated code or query the descriptor_pool.\n    _RESOURCEHANDLEPROTO_DTYPEANDSHAPE = _descriptor.Descriptor(\n\n../../../../../../../../opt/anaconda3/envs/testagent-experiment/lib/python3.10/site-packages/tensorflow/core/framework/resource_handle_pb2.py:76\n  /opt/anaconda3/envs/testagent-experiment/lib/python3.10/site-packages/tensorflow/core/framework/resource_handle_pb2.py:76: DeprecationWarning: Call to deprecated create function FieldDescriptor(). Note: Create unlinked descriptors is going to go away. Please use get/find descriptors from generated code or query the descriptor_pool.\n    _descriptor.FieldDescriptor(\n\n../../../../../../../../opt/anaconda3/envs/testagent-experiment/lib/python3.10/site-packages/tensorflow/core/framework/resource_handle_pb2.py:83\n  /opt/anaconda3/envs/testagent-experiment/lib/python3.10/site-packages/tensorflow/core/framework/resource_handle_pb2.py:83: DeprecationWarning: Call to deprecated create function FieldDescriptor(). Note: Create unlinked descriptors is going to go away. Please use get/find descriptors from generated code or query the descriptor_pool.\n    _descriptor.FieldDescriptor(\n\n../../../../../../../../opt/anaconda3/envs/testagent-experiment/lib/python3.10/site-packages/tensorflow/core/framework/resource_handle_pb2.py:90\n  /opt/anaconda3/envs/testagent-experiment/lib/python3.10/site-packages/tensorflow/core/framework/resource_handle_pb2.py:90: DeprecationWarning: Call to deprecated create function FieldDescriptor(). Note: Create unlinked descriptors is going to go away. Please use get/find descriptors from generated code or query the descriptor_pool.\n    _descriptor.FieldDescriptor(\n\n../../../../../../../../opt/anaconda3/envs/testagent-experiment/lib/python3.10/site-packages/tensorflow/core/framework/resource_handle_pb2.py:97\n  /opt/anaconda3/envs/testagent-experiment/lib/python3.10/site-packages/tensorflow/core/framework/resource_handle_pb2.py:97: DeprecationWarning: Call to deprecated create function FieldDescriptor(). Note: Create unlinked descriptors is going to go away. Please use get/find descriptors from generated code or query the descriptor_pool.\n    _descriptor.FieldDescriptor(\n\n../../../../../../../../opt/anaconda3/envs/testagent-experiment/lib/python3.10/site-packages/tensorflow/core/framework/resource_handle_pb2.py:104\n  /opt/anaconda3/envs/testagent-experiment/lib/python3.10/site-packages/tensorflow/core/framework/resource_handle_pb2.py:104: DeprecationWarning: Call to deprecated create function FieldDescriptor(). Note: Create unlinked descriptors is going to go away. Please use get/find descriptors from generated code or query the descriptor_pool.\n    _descriptor.FieldDescriptor(\n\n../../../../../../../../opt/anaconda3/envs/testagent-experiment/lib/python3.10/site-packages/tensorflow/core/framework/resource_handle_pb2.py:111\n  /opt/anaconda3/envs/testagent-experiment/lib/python3.10/site-packages/tensorflow/core/framework/resource_handle_pb2.py:111: DeprecationWarning: Call to deprecated create function FieldDescriptor(). Note: Create unlinked descriptors is going to go away. Please use get/find descriptors from generated code or query the descriptor_pool.\n    _descriptor.FieldDescriptor(\n\n../../../../../../../../opt/anaconda3/envs/testagent-experiment/lib/python3.10/site-packages/tensorflow/core/framework/resource_handle_pb2.py:69\n  /opt/anaconda3/envs/testagent-experiment/lib/python3.10/site-packages/tensorflow/core/framework/resource_handle_pb2.py:69: DeprecationWarning: Call to deprecated create function Descriptor(). Note: Create unlinked descriptors is going to go away. Please use get/find descriptors from generated code or query the descriptor_pool.\n    _RESOURCEHANDLEPROTO = _descriptor.Descriptor(\n\n../../../../../../../../opt/anaconda3/envs/testagent-experiment/lib/python3.10/site-packages/tensorflow/core/framework/tensor_pb2.py:21\n  /opt/anaconda3/envs/testagent-experiment/lib/python3.10/site-packages/tensorflow/core/framework/tensor_pb2.py:21: DeprecationWarning: Call to deprecated create function FileDescriptor(). Note: Create unlinked descriptors is going to go away. Please use get/find descriptors from generated code or query the descriptor_pool.\n    DESCRIPTOR = _descriptor.FileDescriptor(\n\n../../../../../../../../opt/anaconda3/envs/testagent-experiment/lib/python3.10/site-packages/tensorflow/core/framework/tensor_pb2.py:40\n  /opt/anaconda3/envs/testagent-experiment/lib/python3.10/site-packages/tensorflow/core/framework/tensor_pb2.py:40: DeprecationWarning: Call to deprecated create function FieldDescriptor(). Note: Create unlinked descriptors is going to go away. Please use get/find descriptors from generated code or query the descriptor_pool.\n    _descriptor.FieldDescriptor(\n\n../../../../../../../../opt/anaconda3/envs/testagent-experiment/lib/python3.10/site-packages/tensorflow/core/framework/tensor_pb2.py:47\n  /opt/anaconda3/envs/testagent-experiment/lib/python3.10/site-packages/tensorflow/core/framework/tensor_pb2.py:47: DeprecationWarning: Call to deprecated create function FieldDescriptor(). Note: Create unlinked descriptors is going to go away. Please use get/find descriptors from generated code or query the descriptor_pool.\n    _descriptor.FieldDescriptor(\n\n../../../../../../../../opt/anaconda3/envs/testagent-experiment/lib/python3.10/site-packages/tensorflow/core/framework/tensor_pb2.py:54\n  /opt/anaconda3/envs/testagent-experiment/lib/python3.10/site-packages/tensorflow/core/framework/tensor_pb2.py:54: DeprecationWarning: Call to deprecated create function FieldDescriptor(). Note: Create unlinked descriptors is going to go away. Please use get/find descriptors from generated code or query the descriptor_pool.\n    _descriptor.FieldDescriptor(\n\n../../../../../../../../opt/anaconda3/envs/testagent-experiment/lib/python3.10/site-packages/tensorflow/core/framework/tensor_pb2.py:61\n  /opt/anaconda3/envs/testagent-experiment/lib/python3.10/site-packages/tensorflow/core/framework/tensor_pb2.py:61: DeprecationWarning: Call to deprecated create function FieldDescriptor(). Note: Create unlinked descriptors is going to go away. Please use get/find descriptors from generated code or query the descriptor_pool.\n    _descriptor.FieldDescriptor(\n\n../../../../../../../../opt/anaconda3/envs/testagent-experiment/lib/python3.10/site-packages/tensorflow/core/framework/tensor_pb2.py:68\n  /opt/anaconda3/envs/testagent-experiment/lib/python3.10/site-packages/tensorflow/core/framework/tensor_pb2.py:68: DeprecationWarning: Call to deprecated create function FieldDescriptor(). Note: Create unlinked descriptors is going to go away. Please use get/find descriptors from generated code or query the descriptor_pool.\n    _descriptor.FieldDescriptor(\n\n../../../../../../../../opt/anaconda3/envs/testagent-experiment/lib/python3.10/site-packages/tensorflow/core/framework/tensor_pb2.py:75\n  /opt/anaconda3/envs/testagent-experiment/lib/python3.10/site-packages/tensorflow/core/framework/tensor_pb2.py:75: DeprecationWarning: Call to deprecated create function FieldDescriptor(). Note: Create unlinked descriptors is going to go away. Please use get/find descriptors from generated code or query the descriptor_pool.\n    _descriptor.FieldDescriptor(\n\n../../../../../../../../opt/anaconda3/envs/testagent-experiment/lib/python3.10/site-packages/tensorflow/core/framework/tensor_pb2.py:82\n  /opt/anaconda3/envs/testagent-experiment/lib/python3.10/site-packages/tensorflow/core/framework/tensor_pb2.py:82: DeprecationWarning: Call to deprecated create function FieldDescriptor(). Note: Create unlinked descriptors is going to go away. Please use get/find descriptors from generated code or query the descriptor_pool.\n    _descriptor.FieldDescriptor(\n\n../../../../../../../../opt/anaconda3/envs/testagent-experiment/lib/python3.10/site-packages/tensorflow/core/framework/tensor_pb2.py:89\n  /opt/anaconda3/envs/testagent-experiment/lib/python3.10/site-packages/tensorflow/core/framework/tensor_pb2.py:89: DeprecationWarning: Call to deprecated create function FieldDescriptor(). Note: Create unlinked descriptors is going to go away. Please use get/find descriptors from generated code or query the descriptor_pool.\n    _descriptor.FieldDescriptor(\n\n../../../../../../../../opt/anaconda3/envs/testagent-experiment/lib/python3.10/site-packages/tensorflow/core/framework/tensor_pb2.py:96\n  /opt/anaconda3/envs/testagent-experiment/lib/python3.10/site-packages/tensorflow/core/framework/tensor_pb2.py:96: DeprecationWarning: Call to deprecated create function FieldDescriptor(). Note: Create unlinked descriptors is going to go away. Please use get/find descriptors from generated code or query the descriptor_pool.\n    _descriptor.FieldDescriptor(\n\n../../../../../../../../opt/anaconda3/envs/testagent-experiment/lib/python3.10/site-packages/tensorflow/core/framework/tensor_pb2.py:103\n  /opt/anaconda3/envs/testagent-experiment/lib/python3.10/site-packages/tensorflow/core/framework/tensor_pb2.py:103: DeprecationWarning: Call to deprecated create function FieldDescriptor(). Note: Create unlinked descriptors is going to go away. Please use get/find descriptors from generated code or query the descriptor_pool.\n    _descriptor.FieldDescriptor(\n\n../../../../../../../../opt/anaconda3/envs/testagent-experiment/lib/python3.10/site-packages/tensorflow/core/framework/tensor_pb2.py:110\n  /opt/anaconda3/envs/testagent-experiment/lib/python3.10/site-packages/tensorflow/core/framework/tensor_pb2.py:110: DeprecationWarning: Call to deprecated create function FieldDescriptor(). Note: Create unlinked descriptors is going to go away. Please use get/find descriptors from generated code or query the descriptor_pool.\n    _descriptor.FieldDescriptor(\n\n../../../../../../../../opt/anaconda3/envs/testagent-experiment/lib/python3.10/site-packages/tensorflow/core/framework/tensor_pb2.py:117\n  /opt/anaconda3/envs/testagent-experiment/lib/python3.10/site-packages/tensorflow/core/framework/tensor_pb2.py:117: DeprecationWarning: Call to deprecated create function FieldDescriptor(). Note: Create unlinked descriptors is going to go away. Please use get/find descriptors from generated code or query the descriptor_pool.\n    _descriptor.FieldDescriptor(\n\n../../../../../../../../opt/anaconda3/envs/testagent-experiment/lib/python3.10/site-packages/tensorflow/core/framework/tensor_pb2.py:124\n  /opt/anaconda3/envs/testagent-experiment/lib/python3.10/site-packages/tensorflow/core/framework/tensor_pb2.py:124: DeprecationWarning: Call to deprecated create function FieldDescriptor(). Note: Create unlinked descriptors is going to go away. Please use get/find descriptors from generated code or query the descriptor_pool.\n    _descriptor.FieldDescriptor(\n\n../../../../../../../../opt/anaconda3/envs/testagent-experiment/lib/python3.10/site-packages/tensorflow/core/framework/tensor_pb2.py:131\n  /opt/anaconda3/envs/testagent-experiment/lib/python3.10/site-packages/tensorflow/core/framework/tensor_pb2.py:131: DeprecationWarning: Call to deprecated create function FieldDescriptor(). Note: Create unlinked descriptors is going to go away. Please use get/find descriptors from generated code or query the descriptor_pool.\n    _descriptor.FieldDescriptor(\n\n../../../../../../../../opt/anaconda3/envs/testagent-experiment/lib/python3.10/site-packages/tensorflow/core/framework/tensor_pb2.py:138\n  /opt/anaconda3/envs/testagent-experiment/lib/python3.10/site-packages/tensorflow/core/framework/tensor_pb2.py:138: DeprecationWarning: Call to deprecated create function FieldDescriptor(). Note: Create unlinked descriptors is going to go away. Please use get/find descriptors from generated code or query the descriptor_pool.\n    _descriptor.FieldDescriptor(\n\n../../../../../../../../opt/anaconda3/envs/testagent-experiment/lib/python3.10/site-packages/tensorflow/core/framework/tensor_pb2.py:145\n  /opt/anaconda3/envs/testagent-experiment/lib/python3.10/site-packages/tensorflow/core/framework/tensor_pb2.py:145: DeprecationWarning: Call to deprecated create function FieldDescriptor(). Note: Create unlinked descriptors is going to go away. Please use get/find descriptors from generated code or query the descriptor_pool.\n    _descriptor.FieldDescriptor(\n\n../../../../../../../../opt/anaconda3/envs/testagent-experiment/lib/python3.10/site-packages/tensorflow/core/framework/tensor_pb2.py:152\n  /opt/anaconda3/envs/testagent-experiment/lib/python3.10/site-packages/tensorflow/core/framework/tensor_pb2.py:152: DeprecationWarning: Call to deprecated create function FieldDescriptor(). Note: Create unlinked descriptors is going to go away. Please use get/find descriptors from generated code or query the descriptor_pool.\n    _descriptor.FieldDescriptor(\n\n../../../../../../../../opt/anaconda3/envs/testagent-experiment/lib/python3.10/site-packages/tensorflow/core/framework/tensor_pb2.py:33\n  /opt/anaconda3/envs/testagent-experiment/lib/python3.10/site-packages/tensorflow/core/framework/tensor_pb2.py:33: DeprecationWarning: Call to deprecated create function Descriptor(). Note: Create unlinked descriptors is going to go away. Please use get/find descriptors from generated code or query the descriptor_pool.\n    _TENSORPROTO = _descriptor.Descriptor(\n\n../../../../../../../../opt/anaconda3/envs/testagent-experiment/lib/python3.10/site-packages/tensorflow/core/framework/tensor_pb2.py:183\n  /opt/anaconda3/envs/testagent-experiment/lib/python3.10/site-packages/tensorflow/core/framework/tensor_pb2.py:183: DeprecationWarning: Call to deprecated create function FieldDescriptor(). Note: Create unlinked descriptors is going to go away. Please use get/find descriptors from generated code or query the descriptor_pool.\n    _descriptor.FieldDescriptor(\n\n../../../../../../../../opt/anaconda3/envs/testagent-experiment/lib/python3.10/site-packages/tensorflow/core/framework/tensor_pb2.py:190\n  /opt/anaconda3/envs/testagent-experiment/lib/python3.10/site-packages/tensorflow/core/framework/tensor_pb2.py:190: DeprecationWarning: Call to deprecated create function FieldDescriptor(). Note: Create unlinked descriptors is going to go away. Please use get/find descriptors from generated code or query the descriptor_pool.\n    _descriptor.FieldDescriptor(\n\n../../../../../../../../opt/anaconda3/envs/testagent-experiment/lib/python3.10/site-packages/tensorflow/core/framework/tensor_pb2.py:197\n  /opt/anaconda3/envs/testagent-experiment/lib/python3.10/site-packages/tensorflow/core/framework/tensor_pb2.py:197: DeprecationWarning: Call to deprecated create function FieldDescriptor(). Note: Create unlinked descriptors is going to go away. Please use get/find descriptors from generated code or query the descriptor_pool.\n    _descriptor.FieldDescriptor(\n\n../../../../../../../../opt/anaconda3/envs/testagent-experiment/lib/python3.10/site-packages/tensorflow/core/framework/tensor_pb2.py:176\n  /opt/anaconda3/envs/testagent-experiment/lib/python3.10/site-packages/tensorflow/core/framework/tensor_pb2.py:176: DeprecationWarning: Call to deprecated create function Descriptor(). Note: Create unlinked descriptors is going to go away. Please use get/find descriptors from generated code or query the descriptor_pool.\n    _VARIANTTENSORDATAPROTO = _descriptor.Descriptor(\n\n../../../../../../../../opt/anaconda3/envs/testagent-experiment/lib/python3.10/site-packages/tensorflow/core/framework/attr_value_pb2.py:21\n  /opt/anaconda3/envs/testagent-experiment/lib/python3.10/site-packages/tensorflow/core/framework/attr_value_pb2.py:21: DeprecationWarning: Call to deprecated create function FileDescriptor(). Note: Create unlinked descriptors is going to go away. Please use get/find descriptors from generated code or query the descriptor_pool.\n    DESCRIPTOR = _descriptor.FileDescriptor(\n\n../../../../../../../../opt/anaconda3/envs/testagent-experiment/lib/python3.10/site-packages/tensorflow/core/framework/attr_value_pb2.py:40\n  /opt/anaconda3/envs/testagent-experiment/lib/python3.10/site-packages/tensorflow/core/framework/attr_value_pb2.py:40: DeprecationWarning: Call to deprecated create function FieldDescriptor(). Note: Create unlinked descriptors is going to go away. Please use get/find descriptors from generated code or query the descriptor_pool.\n    _descriptor.FieldDescriptor(\n\n../../../../../../../../opt/anaconda3/envs/testagent-experiment/lib/python3.10/site-packages/tensorflow/core/framework/attr_value_pb2.py:47\n  /opt/anaconda3/envs/testagent-experiment/lib/python3.10/site-packages/tensorflow/core/framework/attr_value_pb2.py:47: DeprecationWarning: Call to deprecated create function FieldDescriptor(). Note: Create unlinked descriptors is going to go away. Please use get/find descriptors from generated code or query the descriptor_pool.\n    _descriptor.FieldDescriptor(\n\n../../../../../../../../opt/anaconda3/envs/testagent-experiment/lib/python3.10/site-packages/tensorflow/core/framework/attr_value_pb2.py:54\n  /opt/anaconda3/envs/testagent-experiment/lib/python3.10/site-packages/tensorflow/core/framework/attr_value_pb2.py:54: DeprecationWarning: Call to deprecated create function FieldDescriptor(). Note: Create unlinked descriptors is going to go away. Please use get/find descriptors from generated code or query the descriptor_pool.\n    _descriptor.FieldDescriptor(\n\n../../../../../../../../opt/anaconda3/envs/testagent-experiment/lib/python3.10/site-packages/tensorflow/core/framework/attr_value_pb2.py:61\n  /opt/anaconda3/envs/testagent-experiment/lib/python3.10/site-packages/tensorflow/core/framework/attr_value_pb2.py:61: DeprecationWarning: Call to deprecated create function FieldDescriptor(). Note: Create unlinked descriptors is going to go away. Please use get/find descriptors from generated code or query the descriptor_pool.\n    _descriptor.FieldDescriptor(\n\n../../../../../../../../opt/anaconda3/envs/testagent-experiment/lib/python3.10/site-packages/tensorflow/core/framework/attr_value_pb2.py:68\n  /opt/anaconda3/envs/testagent-experiment/lib/python3.10/site-packages/tensorflow/core/framework/attr_value_pb2.py:68: DeprecationWarning: Call to deprecated create function FieldDescriptor(). Note: Create unlinked descriptors is going to go away. Please use get/find descriptors from generated code or query the descriptor_pool.\n    _descriptor.FieldDescriptor(\n\n../../../../../../../../opt/anaconda3/envs/testagent-experiment/lib/python3.10/site-packages/tensorflow/core/framework/attr_value_pb2.py:75\n  /opt/anaconda3/envs/testagent-experiment/lib/python3.10/site-packages/tensorflow/core/framework/attr_value_pb2.py:75: DeprecationWarning: Call to deprecated create function FieldDescriptor(). Note: Create unlinked descriptors is going to go away. Please use get/find descriptors from generated code or query the descriptor_pool.\n    _descriptor.FieldDescriptor(\n\n../../../../../../../../opt/anaconda3/envs/testagent-experiment/lib/python3.10/site-packages/tensorflow/core/framework/attr_value_pb2.py:82\n  /opt/anaconda3/envs/testagent-experiment/lib/python3.10/site-packages/tensorflow/core/framework/attr_value_pb2.py:82: DeprecationWarning: Call to deprecated create function FieldDescriptor(). Note: Create unlinked descriptors is going to go away. Please use get/find descriptors from generated code or query the descriptor_pool.\n    _descriptor.FieldDescriptor(\n\n../../../../../../../../opt/anaconda3/envs/testagent-experiment/lib/python3.10/site-packages/tensorflow/core/framework/attr_value_pb2.py:89\n  /opt/anaconda3/envs/testagent-experiment/lib/python3.10/site-packages/tensorflow/core/framework/attr_value_pb2.py:89: DeprecationWarning: Call to deprecated create function FieldDescriptor(). Note: Create unlinked descriptors is going to go away. Please use get/find descriptors from generated code or query the descriptor_pool.\n    _descriptor.FieldDescriptor(\n\n../../../../../../../../opt/anaconda3/envs/testagent-experiment/lib/python3.10/site-packages/tensorflow/core/framework/attr_value_pb2.py:33\n  /opt/anaconda3/envs/testagent-experiment/lib/python3.10/site-packages/tensorflow/core/framework/attr_value_pb2.py:33: DeprecationWarning: Call to deprecated create function Descriptor(). Note: Create unlinked descriptors is going to go away. Please use get/find descriptors from generated code or query the descriptor_pool.\n    _ATTRVALUE_LISTVALUE = _descriptor.Descriptor(\n\n../../../../../../../../opt/anaconda3/envs/testagent-experiment/lib/python3.10/site-packages/tensorflow/python/framework/dtypes.py:205\n  /opt/anaconda3/envs/testagent-experiment/lib/python3.10/site-packages/tensorflow/python/framework/dtypes.py:205: DeprecationWarning: `np.bool8` is a deprecated alias for `np.bool_`.  (Deprecated NumPy 1.24)\n    np.bool8: (False, True),\n\n../../../../../../../../opt/anaconda3/envs/testagent-experiment/lib/python3.10/site-packages/flatbuffers/compat.py:19\n  /opt/anaconda3/envs/testagent-experiment/lib/python3.10/site-packages/flatbuffers/compat.py:19: DeprecationWarning: the imp module is deprecated in favour of importlib and slated for removal in Python 3.12; see the module's documentation for alternative uses\n    import imp\n\n../../../../../../../../opt/anaconda3/envs/testagent-experiment/lib/python3.10/site-packages/tensorboard/compat/tensorflow_stub/dtypes.py:326\n  /opt/anaconda3/envs/testagent-experiment/lib/python3.10/site-packages/tensorboard/compat/tensorflow_stub/dtypes.py:326: DeprecationWarning: `np.bool8` is a deprecated alias for `np.bool_`.  (Deprecated NumPy 1.24)\n    np.bool8: (False, True),\n\n-- Docs: https://docs.pytest.org/en/stable/how-to/capture-warnings.html\n================================ tests coverage ================================\n______________ coverage: platform darwin, python 3.10.19-final-0 _______________\n\nName                                                           Stmts   Miss Branch BrPart  Cover   Missing\n----------------------------------------------------------------------------------------------------------\ntests/test_tensorflow_python_ops_ragged_ragged_concat_ops.py     157     15     66     22    83%   31->33, 34, 76, 82, 92->105, 95->105, 101, 113->120, 152->161, 162, 173, 178->191, 187-188, 198->exit, 208->exit, 219-220, 290->300, 304, 366, 400->428, 410->428, 423->428, 440->457, 453-454, 462\n----------------------------------------------------------------------------------------------------------\nTOTAL                                                            157     15     66     22    83%\nCoverage XML written to file coverage.xml\n=========================== short test summary info ============================\nFAILED tests/test_tensorflow_python_ops_ragged_ragged_concat_ops.py::TestRaggedConcatOps::test_negative_axis_handling_with_static_rank[stack_mixed_axis_neg2_float32]\n1 failed, 7 passed, 103 warnings in 2.20s\n\nError: exit 1",
    "exit_code.txt": "1",
    "analysis_plan.json": "{\n  \"status\": \"未完全通过\",\n  \"passed\": 7,\n  \"failed\": 1,\n  \"errors\": 0,\n  \"collection_errors\": false,\n  \"block_limit\": 3,\n  \"failures\": [\n    {\n      \"test\": \"TestRaggedConcatOps.test_negative_axis_handling_with_static_rank[stack_mixed_axis_neg2_float32]\",\n      \"block_id\": \"CASE_05\",\n      \"error_type\": \"TypeError\",\n      \"action\": \"adjust_assertion\",\n      \"note\": \"RaggedTensor不支持len()操作，需要改用其他方式验证stack维度\"\n    }\n  ],\n  \"deferred\": [],\n  \"stop_recommended\": false,\n  \"stop_reason\": \"\"\n}",
    "analysis.md": "## 测试结果分析\n\n### 状态与统计\n- **状态**: 未完全通过\n- **通过**: 7个测试\n- **失败**: 1个测试\n- **错误**: 0个\n- **集合错误**: 无\n\n### 待修复BLOCK列表 (1个)\n\n1. **BLOCK_ID**: CASE_05\n   - **测试**: TestRaggedConcatOps.test_negative_axis_handling_with_static_rank[stack_mixed_axis_neg2_float32]\n   - **错误类型**: TypeError\n   - **修复动作**: adjust_assertion\n   - **原因**: RaggedTensor不支持len()操作，需要改用其他方式验证stack维度\n\n### 停止建议\n- **stop_recommended**: false\n- **stop_reason**: 无",
    "final_report.md": "# tensorflow.python.ops.ragged.ragged_concat_ops 测试报告\n\n## 1. 执行摘要\n测试基本通过，7/8个测试用例成功，仅剩一个技术性断言问题需要修复；核心功能（concat/stack混合张量操作）验证完成，负axis处理、错误路径等关键场景均已覆盖。\n\n**关键发现**：\n- RaggedTensor对象不支持Python标准len()操作，导致stack维度验证失败\n- concat和stack基本功能在混合规则/不规则张量场景下工作正常\n- 错误处理机制（空列表、秩不匹配等）符合预期\n\n## 2. 测试范围\n**目标FQN**: `tensorflow.python.ops.ragged.ragged_concat_ops`\n**测试环境**: pytest + TensorFlow 2.x (Python 3.10+)\n**覆盖场景**：\n- ✅ concat基本功能：混合Ragged/Dense张量沿axis=0/1连接\n- ✅ stack基本功能：混合Ragged/Dense张量沿axis=0/1堆叠  \n- ✅ 边界处理：空values列表异常抛出\n- ✅ 错误路径：输入张量秩不匹配验证\n- ✅ 负axis处理：有静态已知秩的情况\n\n**未覆盖项**：\n- 极端形状测试（超大维度、深层嵌套）\n- 混合数值类型组合（int/float/bool）\n- 性能基准测试\n- 梯度计算行为验证\n- 跨版本兼容性\n\n## 3. 结果概览\n**测试统计**：\n- 用例总数：8个（5个主要测试用例，含参数化）\n- 通过：7个（87.5%）\n- 失败：1个（12.5%）\n- 错误：0个\n\n**主要失败点**：\n- `test_negative_axis_handling_with_static_rank[stack_mixed_axis_neg2_float32]`：TypeError - RaggedTensor不支持len()操作\n\n## 4. 详细发现\n**严重级别：低（技术性修复）**\n\n**问题1：RaggedTensor维度验证方法不当**\n- **根因**：测试代码尝试对RaggedTensor对象使用Python内置len()函数，但RaggedTensor未实现此方法\n- **影响**：仅影响测试断言，不影响实际功能\n- **建议修复**：改用`result.shape[0]`或`tf.shape(result)[0]`获取第一个维度大小\n\n**问题2：测试覆盖深度有限**\n- **根因**：首轮测试聚焦核心功能，未覆盖所有边界情况\n- **影响**：部分风险点（如内存使用、性能）未验证\n- **建议修复**：后续迭代补充极端形状、混合类型等测试\n\n## 5. 覆盖与风险\n**需求覆盖情况**：\n- ✅ 必测路径1：concat基本功能 - 完全覆盖\n- ✅ 必测路径2：stack基本功能 - 基本覆盖（除len()断言问题）\n- ✅ 必测路径3：边界处理 - 完全覆盖\n- ✅ 必测路径4：错误路径 - 完全覆盖  \n- ✅ 必测路径5：负axis处理 - 基本覆盖\n\n**尚未覆盖的边界/缺失信息**：\n1. `RaggedOrDense`类型定义边界情况\n2. `row_splits_dtype`匹配过程细节\n3. 内存使用模式和性能基准\n4. 梯度计算行为验证\n5. 跨版本兼容性问题\n\n**风险评估**：\n- 低风险：核心功能已验证，仅测试断言问题\n- 中风险：性能、内存使用模式未验证\n- 高风险：无\n\n## 6. 后续动作\n**优先级排序的TODO**：\n\n**P0（立即修复）**：\n1. 修复CASE_05测试断言：将`len(result)`改为`result.shape[0]`或`tf.shape(result)[0]`\n   - 预计工作量：<1小时\n   - 负责人：测试开发\n\n**P1（下一迭代）**：\n2. 补充极端形状测试：超大维度、深层嵌套RaggedTensor\n   - 预计工作量：2-4小时\n   - 负责人：测试开发\n3. 添加混合数值类型测试：int32/float32/float64/bool组合\n   - 预计工作量：2-3小时\n   - 负责人：测试开发\n\n**P2（后续优化）**：\n4. 性能基准测试：大规模张量连接/堆叠性能验证\n   - 预计工作量：4-8小时\n   - 负责人：性能测试\n5. 梯度计算行为验证：检查concat/stack操作的梯度传播\n   - 预计工作量：3-5小时\n   - 负责人：算法测试\n\n**P3（长期跟踪）**：\n6. 跨版本兼容性测试：TensorFlow不同版本行为一致性\n   - 预计工作量：8-16小时\n   - 负责人：兼容性测试\n7. 内存使用模式分析：监控大规模操作内存消耗\n   - 预计工作量：4-6小时\n   - 负责人：系统测试\n\n---\n**报告生成时间**：基于测试执行结果分析  \n**状态**：可继续开发，仅需修复一个测试断言问题  \n**建议**：优先修复P0问题，确保测试套件完全通过后进入下一阶段"
  },
  "stage_history": [
    {
      "stage": "understand_function",
      "status": "completed",
      "timestamp": "2026-01-25T06:53:00.481636",
      "attempts": 1,
      "error": null
    },
    {
      "stage": "generate_requirements",
      "status": "completed",
      "timestamp": "2026-01-25T06:53:36.151595",
      "attempts": 1,
      "error": null
    },
    {
      "stage": "design_test_plan",
      "status": "completed",
      "timestamp": "2026-01-25T06:55:00.577144",
      "attempts": 1,
      "error": null
    },
    {
      "stage": "generate_code",
      "status": "completed",
      "timestamp": "2026-01-25T06:57:04.041252",
      "attempts": 1,
      "error": null
    },
    {
      "stage": "execute_tests",
      "status": "completed",
      "timestamp": "2026-01-25T06:57:08.209141",
      "attempts": 1,
      "error": null
    },
    {
      "stage": "analyze_results",
      "status": "completed",
      "timestamp": "2026-01-25T06:58:09.399199",
      "attempts": 1,
      "error": null
    },
    {
      "stage": "generate_code",
      "status": "completed",
      "timestamp": "2026-01-25T07:01:09.002388",
      "attempts": 2,
      "error": null
    },
    {
      "stage": "execute_tests",
      "status": "completed",
      "timestamp": "2026-01-25T07:01:13.828417",
      "attempts": 2,
      "error": null
    },
    {
      "stage": "analyze_results",
      "status": "completed",
      "timestamp": "2026-01-25T07:45:54.144076",
      "attempts": 2,
      "error": null
    },
    {
      "stage": "generate_code",
      "status": "completed",
      "timestamp": "2026-01-25T07:47:46.114140",
      "attempts": 3,
      "error": null
    },
    {
      "stage": "execute_tests",
      "status": "completed",
      "timestamp": "2026-01-25T07:47:48.888988",
      "attempts": 3,
      "error": null
    },
    {
      "stage": "analyze_results",
      "status": "completed",
      "timestamp": "2026-01-25T07:48:50.573165",
      "attempts": 3,
      "error": null
    },
    {
      "stage": "generate_code",
      "status": "completed",
      "timestamp": "2026-01-25T07:51:04.152772",
      "attempts": 4,
      "error": null
    },
    {
      "stage": "execute_tests",
      "status": "completed",
      "timestamp": "2026-01-25T07:51:06.492273",
      "attempts": 4,
      "error": null
    },
    {
      "stage": "analyze_results",
      "status": "completed",
      "timestamp": "2026-01-25T07:52:47.455437",
      "attempts": 4,
      "error": null
    },
    {
      "stage": "generate_code",
      "status": "completed",
      "timestamp": "2026-01-25T07:54:34.989846",
      "attempts": 5,
      "error": null
    },
    {
      "stage": "execute_tests",
      "status": "completed",
      "timestamp": "2026-01-25T07:54:37.757906",
      "attempts": 5,
      "error": null
    },
    {
      "stage": "analyze_results",
      "status": "completed",
      "timestamp": "2026-01-25T07:56:09.942216",
      "attempts": 5,
      "error": null
    },
    {
      "stage": "generate_report",
      "status": "completed",
      "timestamp": "2026-01-25T07:57:04.204591",
      "attempts": 1,
      "error": null
    }
  ],
  "user_feedback": []
}