=== Run Tests ===
FEFEFE.EFEFEFEFEFEFEFE.E.E.E                                             [100%]
==================================== ERRORS ====================================
_ ERROR at teardown of TestRaggedStringOps.test_string_bytes_split_basic[Tensor-content0-expected_shape0] _

self = <test_tensorflow_python_ops_ragged_ragged_string_ops.TestRaggedStringOps object at 0x1642fc730>

    @pytest.fixture(autouse=True)
    def setup(self):
        """每个测试前的设置"""
        self.original_random_seed = tf.random.get_global_generator().state.numpy()
        yield
        # 恢复随机种子
>       tf.random.set_global_generator(tf.random.Generator.from_state(self.original_random_seed))
E       TypeError: Generator.from_state() missing 1 required positional argument: 'alg'

tests/test_tensorflow_python_ops_ragged_ragged_string_ops.py:26: TypeError
_ ERROR at teardown of TestRaggedStringOps.test_string_bytes_split_basic[RaggedTensor-content1-ragged] _

self = <test_tensorflow_python_ops_ragged_ragged_string_ops.TestRaggedStringOps object at 0x1642fc490>

    @pytest.fixture(autouse=True)
    def setup(self):
        """每个测试前的设置"""
        self.original_random_seed = tf.random.get_global_generator().state.numpy()
        yield
        # 恢复随机种子
>       tf.random.set_global_generator(tf.random.Generator.from_state(self.original_random_seed))
E       TypeError: Generator.from_state() missing 1 required positional argument: 'alg'

tests/test_tensorflow_python_ops_ragged_ragged_string_ops.py:26: TypeError
_ ERROR at teardown of TestRaggedStringOps.test_unicode_encode_basic[input_shape0-content0-UTF-8-replace-65533] _

self = <test_tensorflow_python_ops_ragged_ragged_string_ops.TestRaggedStringOps object at 0x1642fcaf0>

    @pytest.fixture(autouse=True)
    def setup(self):
        """每个测试前的设置"""
        self.original_random_seed = tf.random.get_global_generator().state.numpy()
        yield
        # 恢复随机种子
>       tf.random.set_global_generator(tf.random.Generator.from_state(self.original_random_seed))
E       TypeError: Generator.from_state() missing 1 required positional argument: 'alg'

tests/test_tensorflow_python_ops_ragged_ragged_string_ops.py:26: TypeError
_ ERROR at teardown of TestRaggedStringOps.test_unicode_encode_basic[input_shape1-content1-UTF-16-BE-ignore-65533] _

self = <test_tensorflow_python_ops_ragged_ragged_string_ops.TestRaggedStringOps object at 0x1642fcd30>

    @pytest.fixture(autouse=True)
    def setup(self):
        """每个测试前的设置"""
        self.original_random_seed = tf.random.get_global_generator().state.numpy()
        yield
        # 恢复随机种子
>       tf.random.set_global_generator(tf.random.Generator.from_state(self.original_random_seed))
E       TypeError: Generator.from_state() missing 1 required positional argument: 'alg'

tests/test_tensorflow_python_ops_ragged_ragged_string_ops.py:26: TypeError
_ ERROR at teardown of TestRaggedStringOps.test_unicode_decode_basic[input_shape0-content0-UTF-8-replace-65533-False] _

self = <test_tensorflow_python_ops_ragged_ragged_string_ops.TestRaggedStringOps object at 0x1642fd120>

    @pytest.fixture(autouse=True)
    def setup(self):
        """每个测试前的设置"""
        self.original_random_seed = tf.random.get_global_generator().state.numpy()
        yield
        # 恢复随机种子
>       tf.random.set_global_generator(tf.random.Generator.from_state(self.original_random_seed))
E       TypeError: Generator.from_state() missing 1 required positional argument: 'alg'

tests/test_tensorflow_python_ops_ragged_ragged_string_ops.py:26: TypeError
_ ERROR at teardown of TestRaggedStringOps.test_unicode_decode_basic[input_shape1-content1-UTF-8-strict-65533-True] _

self = <test_tensorflow_python_ops_ragged_ragged_string_ops.TestRaggedStringOps object at 0x1642fd3c0>

    @pytest.fixture(autouse=True)
    def setup(self):
        """每个测试前的设置"""
        self.original_random_seed = tf.random.get_global_generator().state.numpy()
        yield
        # 恢复随机种子
>       tf.random.set_global_generator(tf.random.Generator.from_state(self.original_random_seed))
E       TypeError: Generator.from_state() missing 1 required positional argument: 'alg'

tests/test_tensorflow_python_ops_ragged_ragged_string_ops.py:26: TypeError
_ ERROR at teardown of TestRaggedStringOps.test_string_split_v2_basic[Tensor-content0-,--1-expected_shape0] _

self = <test_tensorflow_python_ops_ragged_ragged_string_ops.TestRaggedStringOps object at 0x1642fd7e0>

    @pytest.fixture(autouse=True)
    def setup(self):
        """每个测试前的设置"""
        self.original_random_seed = tf.random.get_global_generator().state.numpy()
        yield
        # 恢复随机种子
>       tf.random.set_global_generator(tf.random.Generator.from_state(self.original_random_seed))
E       TypeError: Generator.from_state() missing 1 required positional argument: 'alg'

tests/test_tensorflow_python_ops_ragged_ragged_string_ops.py:26: TypeError
_ ERROR at teardown of TestRaggedStringOps.test_string_split_v2_basic[RaggedTensor-content1-None-1-ragged] _

self = <test_tensorflow_python_ops_ragged_ragged_string_ops.TestRaggedStringOps object at 0x1642fda20>

    @pytest.fixture(autouse=True)
    def setup(self):
        """每个测试前的设置"""
        self.original_random_seed = tf.random.get_global_generator().state.numpy()
        yield
        # 恢复随机种子
>       tf.random.set_global_generator(tf.random.Generator.from_state(self.original_random_seed))
E       TypeError: Generator.from_state() missing 1 required positional argument: 'alg'

tests/test_tensorflow_python_ops_ragged_ragged_string_ops.py:26: TypeError
_ ERROR at teardown of TestRaggedStringOps.test_ngrams_basic[Tensor-content0-2- -None-None-False-expected_shape0] _

self = <test_tensorflow_python_ops_ragged_ragged_string_ops.TestRaggedStringOps object at 0x1642fde10>

    @pytest.fixture(autouse=True)
    def setup(self):
        """每个测试前的设置"""
        self.original_random_seed = tf.random.get_global_generator().state.numpy()
        yield
        # 恢复随机种子
>       tf.random.set_global_generator(tf.random.Generator.from_state(self.original_random_seed))
E       TypeError: Generator.from_state() missing 1 required positional argument: 'alg'

tests/test_tensorflow_python_ops_ragged_ragged_string_ops.py:26: TypeError
_ ERROR at teardown of TestRaggedStringOps.test_ngrams_basic[RaggedTensor-content1-3---PAD-2-True-ragged] _

self = <test_tensorflow_python_ops_ragged_ragged_string_ops.TestRaggedStringOps object at 0x1642fe170>

    @pytest.fixture(autouse=True)
    def setup(self):
        """每个测试前的设置"""
        self.original_random_seed = tf.random.get_global_generator().state.numpy()
        yield
        # 恢复随机种子
>       tf.random.set_global_generator(tf.random.Generator.from_state(self.original_random_seed))
E       TypeError: Generator.from_state() missing 1 required positional argument: 'alg'

tests/test_tensorflow_python_ops_ragged_ragged_string_ops.py:26: TypeError
_ ERROR at teardown of TestRaggedStringOps.test_string_bytes_split_invalid_rank _

self = <test_tensorflow_python_ops_ragged_ragged_string_ops.TestRaggedStringOps object at 0x1642fe500>

    @pytest.fixture(autouse=True)
    def setup(self):
        """每个测试前的设置"""
        self.original_random_seed = tf.random.get_global_generator().state.numpy()
        yield
        # 恢复随机种子
>       tf.random.set_global_generator(tf.random.Generator.from_state(self.original_random_seed))
E       TypeError: Generator.from_state() missing 1 required positional argument: 'alg'

tests/test_tensorflow_python_ops_ragged_ragged_string_ops.py:26: TypeError
_ ERROR at teardown of TestRaggedStringOps.test_unicode_encode_invalid_encoding _

self = <test_tensorflow_python_ops_ragged_ragged_string_ops.TestRaggedStringOps object at 0x1642fe800>

    @pytest.fixture(autouse=True)
    def setup(self):
        """每个测试前的设置"""
        self.original_random_seed = tf.random.get_global_generator().state.numpy()
        yield
        # 恢复随机种子
>       tf.random.set_global_generator(tf.random.Generator.from_state(self.original_random_seed))
E       TypeError: Generator.from_state() missing 1 required positional argument: 'alg'

tests/test_tensorflow_python_ops_ragged_ragged_string_ops.py:26: TypeError
__ ERROR at teardown of TestRaggedStringOps.test_unicode_decode_invalid_input __

self = <test_tensorflow_python_ops_ragged_ragged_string_ops.TestRaggedStringOps object at 0x1642feb00>

    @pytest.fixture(autouse=True)
    def setup(self):
        """每个测试前的设置"""
        self.original_random_seed = tf.random.get_global_generator().state.numpy()
        yield
        # 恢复随机种子
>       tf.random.set_global_generator(tf.random.Generator.from_state(self.original_random_seed))
E       TypeError: Generator.from_state() missing 1 required positional argument: 'alg'

tests/test_tensorflow_python_ops_ragged_ragged_string_ops.py:26: TypeError
______ ERROR at teardown of TestRaggedStringOps.test_ngrams_invalid_width ______

self = <test_tensorflow_python_ops_ragged_ragged_string_ops.TestRaggedStringOps object at 0x1642fee00>

    @pytest.fixture(autouse=True)
    def setup(self):
        """每个测试前的设置"""
        self.original_random_seed = tf.random.get_global_generator().state.numpy()
        yield
        # 恢复随机种子
>       tf.random.set_global_generator(tf.random.Generator.from_state(self.original_random_seed))
E       TypeError: Generator.from_state() missing 1 required positional argument: 'alg'

tests/test_tensorflow_python_ops_ragged_ragged_string_ops.py:26: TypeError
=================================== FAILURES ===================================
_ TestRaggedStringOps.test_string_bytes_split_basic[Tensor-content0-expected_shape0] _

self = <test_tensorflow_python_ops_ragged_ragged_string_ops.TestRaggedStringOps object at 0x1642fc730>
input_type = 'Tensor'
content = ['hello', 'world', 'test', 'data', 'split', 'bytes']
expected_shape = [2, 3]

    @pytest.mark.parametrize("input_type,content,expected_shape", [
        # 基础Tensor输入
        ("Tensor", ["hello", "world", "test", "data", "split", "bytes"], [2, 3]),
        # RaggedTensor输入扩展（Medium优先级）
        ("RaggedTensor", [["hello", "world"], ["test"], ["data", "split", "bytes"]], "ragged"),
    ])
    def test_string_bytes_split_basic(self, input_type, content, expected_shape):
        """测试 string_bytes_split 基础功能"""
        # 准备输入
        if input_type == "Tensor":
            # 创建普通Tensor
            if expected_shape == [2, 3]:
                # 将内容重塑为2x3形状
                input_data = tf.constant(content, shape=expected_shape)
            else:
                input_data = tf.constant(content)
        else:  # RaggedTensor
            # 创建RaggedTensor
            input_data = tf.ragged.constant(content)
    
        # 执行操作
        result = ragged_string_ops.string_bytes_split(input_data)
    
        # 弱断言验证
        # 1. 输出类型检查
        assert isinstance(result, tf.RaggedTensor), f"输出应为RaggedTensor，实际为{type(result)}"
    
        # 2. 输出秩检查（应为输入秩+1）
        input_rank = input_data.shape.ndims
        result_rank = result.shape.ndims
        assert result_rank == input_rank + 1, f"输出秩应为{input_rank + 1}，实际为{result_rank}"
    
        # 3. 基本形状检查
        if input_type == "Tensor" and expected_shape == [2, 3]:
            # 对于2x3 Tensor，结果应为3维RaggedTensor
            assert result_rank == 3, f"对于2x3输入，输出秩应为3，实际为{result_rank}"
            # 检查外层形状
            assert result.shape[0] == 2, f"外层维度应为2，实际为{result.shape[0]}"
            assert result.shape[1] == 3, f"第二维度应为3，实际为{result.shape[1]}"
    
        # 4. 内容保留检查
        # 将结果转换回字符串进行比较
        if input_type == "Tensor" and expected_shape == [2, 3]:
            # 对于2x3 Tensor，检查每个元素
            for i in range(2):
                for j in range(3):
                    original_str = content[i * 3 + j]
                    # 获取对应的字节列表
                    byte_list = result[i][j].numpy().tolist()
                    # 将字节重新组合成字符串
                    reconstructed = b''.join(byte_list).decode('utf-8')
                    assert reconstructed == original_str, \
                        f"位置({i},{j})：原始'{original_str}'，重构'{reconstructed}'"
    
        # 5. 验证RaggedTensor属性
>       assert result.ragged_rank == 1, f"RaggedTensor的ragged_rank应为1，实际为{result.ragged_rank}"
E       AssertionError: RaggedTensor的ragged_rank应为1，实际为2
E       assert 2 == 1
E        +  where 2 = <tf.RaggedTensor [[[b'h', b'e', b'l', b'l', b'o'], [b'w', b'o', b'r', b'l', b'd'],\n  [b't', b'e', b's', b't']],\n [[b'd', b'a', b't', b'a'], [b's', b'p', b'l', b'i', b't'],\n  [b'b', b'y', b't', b'e', b's']]]>.ragged_rank

tests/test_tensorflow_python_ops_ragged_ragged_string_ops.py:85: AssertionError
_ TestRaggedStringOps.test_string_bytes_split_basic[RaggedTensor-content1-ragged] _

self = <test_tensorflow_python_ops_ragged_ragged_string_ops.TestRaggedStringOps object at 0x1642fc490>
input_type = 'RaggedTensor'
content = [['hello', 'world'], ['test'], ['data', 'split', 'bytes']]
expected_shape = 'ragged'

    @pytest.mark.parametrize("input_type,content,expected_shape", [
        # 基础Tensor输入
        ("Tensor", ["hello", "world", "test", "data", "split", "bytes"], [2, 3]),
        # RaggedTensor输入扩展（Medium优先级）
        ("RaggedTensor", [["hello", "world"], ["test"], ["data", "split", "bytes"]], "ragged"),
    ])
    def test_string_bytes_split_basic(self, input_type, content, expected_shape):
        """测试 string_bytes_split 基础功能"""
        # 准备输入
        if input_type == "Tensor":
            # 创建普通Tensor
            if expected_shape == [2, 3]:
                # 将内容重塑为2x3形状
                input_data = tf.constant(content, shape=expected_shape)
            else:
                input_data = tf.constant(content)
        else:  # RaggedTensor
            # 创建RaggedTensor
            input_data = tf.ragged.constant(content)
    
        # 执行操作
        result = ragged_string_ops.string_bytes_split(input_data)
    
        # 弱断言验证
        # 1. 输出类型检查
        assert isinstance(result, tf.RaggedTensor), f"输出应为RaggedTensor，实际为{type(result)}"
    
        # 2. 输出秩检查（应为输入秩+1）
        input_rank = input_data.shape.ndims
        result_rank = result.shape.ndims
        assert result_rank == input_rank + 1, f"输出秩应为{input_rank + 1}，实际为{result_rank}"
    
        # 3. 基本形状检查
        if input_type == "Tensor" and expected_shape == [2, 3]:
            # 对于2x3 Tensor，结果应为3维RaggedTensor
            assert result_rank == 3, f"对于2x3输入，输出秩应为3，实际为{result_rank}"
            # 检查外层形状
            assert result.shape[0] == 2, f"外层维度应为2，实际为{result.shape[0]}"
            assert result.shape[1] == 3, f"第二维度应为3，实际为{result.shape[1]}"
    
        # 4. 内容保留检查
        # 将结果转换回字符串进行比较
        if input_type == "Tensor" and expected_shape == [2, 3]:
            # 对于2x3 Tensor，检查每个元素
            for i in range(2):
                for j in range(3):
                    original_str = content[i * 3 + j]
                    # 获取对应的字节列表
                    byte_list = result[i][j].numpy().tolist()
                    # 将字节重新组合成字符串
                    reconstructed = b''.join(byte_list).decode('utf-8')
                    assert reconstructed == original_str, \
                        f"位置({i},{j})：原始'{original_str}'，重构'{reconstructed}'"
    
        # 5. 验证RaggedTensor属性
>       assert result.ragged_rank == 1, f"RaggedTensor的ragged_rank应为1，实际为{result.ragged_rank}"
E       AssertionError: RaggedTensor的ragged_rank应为1，实际为2
E       assert 2 == 1
E        +  where 2 = <tf.RaggedTensor [[[b'h', b'e', b'l', b'l', b'o'], [b'w', b'o', b'r', b'l', b'd']],\n [[b't', b'e', b's', b't']],\n [[b'd', b'a', b't', b'a'], [b's', b'p', b'l', b'i', b't'],\n  [b'b', b'y', b't', b'e', b's']]                          ]>.ragged_rank

tests/test_tensorflow_python_ops_ragged_ragged_string_ops.py:85: AssertionError
_ TestRaggedStringOps.test_unicode_encode_basic[input_shape0-content0-UTF-8-replace-65533] _

self = <test_tensorflow_python_ops_ragged_ragged_string_ops.TestRaggedStringOps object at 0x1642fcaf0>
input_shape = [2, 3]
content = [[72, 101, 108], [108, 111, 32], [87, 111, 114], [108, 100, 33]]
output_encoding = 'UTF-8', errors = 'replace', replacement_char = 65533

    @pytest.mark.parametrize("input_shape,content,output_encoding,errors,replacement_char", [
        # 基础UTF-8编码，replace错误模式
        ([2, 3], [[72, 101, 108], [108, 111, 32], [87, 111, 114], [108, 100, 33]],
         "UTF-8", "replace", 65533),
        # UTF-16编码，ignore错误模式（Medium优先级）
        ([1, 5], [[72, 101, 108, 108, 111]], "UTF-16-BE", "ignore", 65533),
    ])
    def test_unicode_encode_basic(self, input_shape, content, output_encoding, errors, replacement_char):
        """测试 unicode_encode 基础编码功能"""
        # 准备输入（整数Tensor）
        # 注意：content是嵌套列表，需要展平
        flat_content = []
        for row in content:
            flat_content.extend(row)
    
        # 创建整数Tensor
>       input_data = tf.constant(flat_content, dtype=tf.int32, shape=input_shape)

tests/test_tensorflow_python_ops_ragged_ragged_string_ops.py:111: 
_ _ _ _ _ _ _ _ _ _ _ _ _ _ _ _ _ _ _ _ _ _ _ _ _ _ _ _ _ _ _ _ _ _ _ _ _ _ _ _ 
/opt/anaconda3/envs/testagent-experiment/lib/python3.10/site-packages/tensorflow/python/framework/constant_op.py:267: in constant
    return _constant_impl(value, dtype, shape, name, verify_shape=False,
/opt/anaconda3/envs/testagent-experiment/lib/python3.10/site-packages/tensorflow/python/framework/constant_op.py:279: in _constant_impl
    return _constant_eager_impl(ctx, value, dtype, shape, verify_shape)
_ _ _ _ _ _ _ _ _ _ _ _ _ _ _ _ _ _ _ _ _ _ _ _ _ _ _ _ _ _ _ _ _ _ _ _ _ _ _ _ 

ctx = <tensorflow.python.eager.context.Context object at 0x16208e2f0>
value = [72, 101, 108, 108, 111, 32, ...], dtype = tf.int32
shape = TensorShape([2, 3]), verify_shape = False

    def _constant_eager_impl(ctx, value, dtype, shape, verify_shape):
      """Creates a constant on the current device."""
      t = convert_to_eager_tensor(value, ctx, dtype)
      if shape is None:
        return t
      shape = tensor_shape.as_shape(shape)
      if shape == t.shape:
        return t
      if verify_shape:
        raise TypeError(f"Expected Tensor {t} (converted from {value}) with shape "
                        f"{tuple(shape)}, but got shape {tuple(t.shape)}.")
      num_t = t.shape.num_elements()
      # TODO(josh11b): Implement shape -> eager tensor conversion.
      if num_t == shape.num_elements():
        return _eager_reshape(t, shape.as_list(), ctx)
      if num_t == 1:
        if t.dtype == dtypes.bool:
          # We don't have a Fill kernel for bool dtype on GPU. So we first run
          # Fill on CPU and then copy to GPU if needed.
          with ops.device("/device:CPU:0"):
            x = _eager_fill(shape.as_list(), _eager_identity(t, ctx), ctx)
          return _eager_identity(x, ctx)
        else:
          return _eager_fill(shape.as_list(), t, ctx)
>     raise TypeError("Eager execution of tf.constant with unsupported shape. "
                      f"Tensor {t} (converted from {value}) has {num_t:d} "
                      f"elements, but got `shape` {shape} with "
                      f"{shape.num_elements()} elements).")
E     TypeError: Eager execution of tf.constant with unsupported shape. Tensor [ 72 101 108 108 111  32  87 111 114 108 100  33] (converted from [72, 101, 108, 108, 111, 32, 87, 111, 114, 108, 100, 33]) has 12 elements, but got `shape` (2, 3) with 6 elements).

/opt/anaconda3/envs/testagent-experiment/lib/python3.10/site-packages/tensorflow/python/framework/constant_op.py:326: TypeError
_ TestRaggedStringOps.test_unicode_decode_basic[input_shape0-content0-UTF-8-replace-65533-False] _

self = <test_tensorflow_python_ops_ragged_ragged_string_ops.TestRaggedStringOps object at 0x1642fd120>
input_shape = [2], content = ['Hello', 'World'], input_encoding = 'UTF-8'
errors = 'replace', replacement_char = 65533, replace_control_characters = False

    @pytest.mark.parametrize("input_shape,content,input_encoding,errors,replacement_char,replace_control_characters", [
        # 基础UTF-8解码，replace错误模式
        ([2], ["Hello", "World"], "UTF-8", "replace", 65533, False),
        # strict错误模式和控制字符替换（Medium优先级）
        ([1], ["测试"], "UTF-8", "strict", 65533, True),
    ])
    def test_unicode_decode_basic(self, input_shape, content, input_encoding, errors,
                                  replacement_char, replace_control_characters):
        """测试 unicode_decode 基础解码功能"""
        # 准备输入（字符串Tensor）
        input_data = tf.constant(content, shape=input_shape)
    
        # 执行操作
        result = ragged_string_ops.unicode_decode(
            input_data,
            input_encoding=input_encoding,
            errors=errors,
            replacement_char=replacement_char,
            replace_control_characters=replace_control_characters
        )
    
        # 弱断言验证
        # 1. 输出类型检查
        # unicode_decode返回RaggedTensor或Tensor
        assert isinstance(result, (tf.RaggedTensor, tf.Tensor)), \
            f"输出应为RaggedTensor或Tensor，实际为{type(result)}"
    
        # 2. 输出秩检查
        input_rank = input_data.shape.ndims
        result_rank = result.shape.ndims
        # 解码会增加一维（字符维度）
        assert result_rank == input_rank + 1, \
            f"输出秩应为{input_rank + 1}，实际为{result_rank}"
    
        # 3. 解码正确性检查
        result_np = result.numpy() if isinstance(result, tf.Tensor) else result.to_list()
    
        if input_shape == [2] and content == ["Hello", "World"]:
            # 验证"Hello"的解码
            # "Hello"的Unicode代码点：[72, 101, 108, 108, 111]
            if isinstance(result, tf.RaggedTensor):
                hello_codepoints = result[0].numpy().tolist()
                world_codepoints = result[1].numpy().tolist()
            else:
                # 如果是Tensor，需要根据形状提取
                hello_codepoints = result_np[0].tolist()
                world_codepoints = result_np[1].tolist()
    
            # 检查"Hello"的代码点
            expected_hello = [72, 101, 108, 108, 111]
            assert hello_codepoints == expected_hello, \
                f"'Hello'的代码点应为{expected_hello}，实际为{hello_codepoints}"
    
            # 检查"World"的代码点
            expected_world = [87, 111, 114, 108, 100]
            assert world_codepoints == expected_world, \
                f"'World'的代码点应为{expected_world}，实际为{world_codepoints}"
    
        # 4. 基本Unicode检查
        # 验证解码后的代码点都是有效的Unicode代码点
        def is_valid_codepoint(cp):
            return 0 <= cp <= 0x10FFFF and (cp < 0xD800 or cp > 0xDFFF)  # 排除代理对
    
        if isinstance(result, tf.RaggedTensor):
            flat_values = result.flat_values.numpy()
            for cp in flat_values:
                assert is_valid_codepoint(cp), f"无效的Unicode代码点：{cp}"
        elif isinstance(result, tf.Tensor):
            for cp in result_np.flatten():
                assert is_valid_codepoint(cp), f"无效的Unicode代码点：{cp}"
    
        # 5. 数据类型检查
        assert result.dtype == tf.int32, f"数据类型应为tf.int32，实际为{result.dtype}"
    
        # 6. 验证错误处理
        if errors == "strict":
            # 对于有效输入，strict模式应成功
            assert result is not None
        elif errors == "replace":
            # replace模式也应成功
            assert result is not None
    
        # 7. 验证非空结果
        total_elements = 0
        if isinstance(result, tf.RaggedTensor):
            total_elements = result.shape.num_elements()
        elif isinstance(result, tf.Tensor):
            total_elements = tf.size(result).numpy()
    
>       assert total_elements > 0, "解码结果不应为空"
E       TypeError: '>' not supported between instances of 'NoneType' and 'int'

tests/test_tensorflow_python_ops_ragged_ragged_string_ops.py:272: TypeError
_ TestRaggedStringOps.test_unicode_decode_basic[input_shape1-content1-UTF-8-strict-65533-True] _

self = <test_tensorflow_python_ops_ragged_ragged_string_ops.TestRaggedStringOps object at 0x1642fd3c0>
input_shape = [1], content = ['测试'], input_encoding = 'UTF-8', errors = 'strict'
replacement_char = 65533, replace_control_characters = True

    @pytest.mark.parametrize("input_shape,content,input_encoding,errors,replacement_char,replace_control_characters", [
        # 基础UTF-8解码，replace错误模式
        ([2], ["Hello", "World"], "UTF-8", "replace", 65533, False),
        # strict错误模式和控制字符替换（Medium优先级）
        ([1], ["测试"], "UTF-8", "strict", 65533, True),
    ])
    def test_unicode_decode_basic(self, input_shape, content, input_encoding, errors,
                                  replacement_char, replace_control_characters):
        """测试 unicode_decode 基础解码功能"""
        # 准备输入（字符串Tensor）
        input_data = tf.constant(content, shape=input_shape)
    
        # 执行操作
        result = ragged_string_ops.unicode_decode(
            input_data,
            input_encoding=input_encoding,
            errors=errors,
            replacement_char=replacement_char,
            replace_control_characters=replace_control_characters
        )
    
        # 弱断言验证
        # 1. 输出类型检查
        # unicode_decode返回RaggedTensor或Tensor
        assert isinstance(result, (tf.RaggedTensor, tf.Tensor)), \
            f"输出应为RaggedTensor或Tensor，实际为{type(result)}"
    
        # 2. 输出秩检查
        input_rank = input_data.shape.ndims
        result_rank = result.shape.ndims
        # 解码会增加一维（字符维度）
        assert result_rank == input_rank + 1, \
            f"输出秩应为{input_rank + 1}，实际为{result_rank}"
    
        # 3. 解码正确性检查
        result_np = result.numpy() if isinstance(result, tf.Tensor) else result.to_list()
    
        if input_shape == [2] and content == ["Hello", "World"]:
            # 验证"Hello"的解码
            # "Hello"的Unicode代码点：[72, 101, 108, 108, 111]
            if isinstance(result, tf.RaggedTensor):
                hello_codepoints = result[0].numpy().tolist()
                world_codepoints = result[1].numpy().tolist()
            else:
                # 如果是Tensor，需要根据形状提取
                hello_codepoints = result_np[0].tolist()
                world_codepoints = result_np[1].tolist()
    
            # 检查"Hello"的代码点
            expected_hello = [72, 101, 108, 108, 111]
            assert hello_codepoints == expected_hello, \
                f"'Hello'的代码点应为{expected_hello}，实际为{hello_codepoints}"
    
            # 检查"World"的代码点
            expected_world = [87, 111, 114, 108, 100]
            assert world_codepoints == expected_world, \
                f"'World'的代码点应为{expected_world}，实际为{world_codepoints}"
    
        # 4. 基本Unicode检查
        # 验证解码后的代码点都是有效的Unicode代码点
        def is_valid_codepoint(cp):
            return 0 <= cp <= 0x10FFFF and (cp < 0xD800 or cp > 0xDFFF)  # 排除代理对
    
        if isinstance(result, tf.RaggedTensor):
            flat_values = result.flat_values.numpy()
            for cp in flat_values:
                assert is_valid_codepoint(cp), f"无效的Unicode代码点：{cp}"
        elif isinstance(result, tf.Tensor):
            for cp in result_np.flatten():
                assert is_valid_codepoint(cp), f"无效的Unicode代码点：{cp}"
    
        # 5. 数据类型检查
        assert result.dtype == tf.int32, f"数据类型应为tf.int32，实际为{result.dtype}"
    
        # 6. 验证错误处理
        if errors == "strict":
            # 对于有效输入，strict模式应成功
            assert result is not None
        elif errors == "replace":
            # replace模式也应成功
            assert result is not None
    
        # 7. 验证非空结果
        total_elements = 0
        if isinstance(result, tf.RaggedTensor):
            total_elements = result.shape.num_elements()
        elif isinstance(result, tf.Tensor):
            total_elements = tf.size(result).numpy()
    
>       assert total_elements > 0, "解码结果不应为空"
E       TypeError: '>' not supported between instances of 'NoneType' and 'int'

tests/test_tensorflow_python_ops_ragged_ragged_string_ops.py:272: TypeError
_ TestRaggedStringOps.test_string_split_v2_basic[Tensor-content0-,--1-expected_shape0] _

self = <test_tensorflow_python_ops_ragged_ragged_string_ops.TestRaggedStringOps object at 0x1642fd7e0>
input_type = 'Tensor', content = ['a,b,c', 'd,e,f', 'g,h,i'], sep = ','
maxsplit = -1, expected_shape = [3]

    @pytest.mark.parametrize("input_type,content,sep,maxsplit,expected_shape", [
        # 基础逗号分割，无最大分割限制
        ("Tensor", ["a,b,c", "d,e,f", "g,h,i"], ",", -1, [3]),
        # RaggedTensor输入和maxsplit限制（Medium优先级）
        ("RaggedTensor", [["a,b,c", "d,e"], ["f,g,h,i"]], None, 1, "ragged"),
    ])
    def test_string_split_v2_basic(self, input_type, content, sep, maxsplit, expected_shape):
        """测试 string_split_v2 基础分割功能"""
        # 准备输入
        if input_type == "Tensor":
            input_data = tf.constant(content, shape=expected_shape)
        else:  # RaggedTensor
            input_data = tf.ragged.constant(content)
    
        # 执行操作
        result = ragged_string_ops.string_split_v2(
            input_data,
            sep=sep,
            maxsplit=maxsplit
        )
    
        # 弱断言验证
        # 1. 输出类型检查
        assert isinstance(result, tf.RaggedTensor), f"输出应为RaggedTensor，实际为{type(result)}"
    
        # 2. 输出秩检查
        input_rank = input_data.shape.ndims
        result_rank = result.shape.ndims
        assert result_rank == input_rank + 1, \
            f"输出秩应为{input_rank + 1}，实际为{result_rank}"
    
        # 3. 分割数量检查
        if input_type == "Tensor" and content == ["a,b,c", "d,e,f", "g,h,i"] and sep == ",":
            # 每个字符串应被分割成3部分
            result_list = result.to_list()
            assert len(result_list) == 3, f"应有3个分割结果，实际有{len(result_list)}"
    
            # 检查每个分割结果
            for i, parts in enumerate(result_list):
                assert len(parts) == 3, f"第{i}个字符串应分割为3部分，实际为{len(parts)}"
    
                # 验证具体内容
                if i == 0:
>                   assert parts == ["a", "b", "c"], f"第一个分割应为['a','b','c']，实际为{parts}"
E                   AssertionError: 第一个分割应为['a','b','c']，实际为[b'a', b'b', b'c']
E                   assert [b'a', b'b', b'c'] == ['a', 'b', 'c']
E                     
E                     At index 0 diff: b'a' != 'a'
E                     Use -v to get more diff

tests/test_tensorflow_python_ops_ragged_ragged_string_ops.py:325: AssertionError
_ TestRaggedStringOps.test_string_split_v2_basic[RaggedTensor-content1-None-1-ragged] _

self = <test_tensorflow_python_ops_ragged_ragged_string_ops.TestRaggedStringOps object at 0x1642fda20>
input_type = 'RaggedTensor', content = [['a,b,c', 'd,e'], ['f,g,h,i']]
sep = None, maxsplit = 1, expected_shape = 'ragged'

    @pytest.mark.parametrize("input_type,content,sep,maxsplit,expected_shape", [
        # 基础逗号分割，无最大分割限制
        ("Tensor", ["a,b,c", "d,e,f", "g,h,i"], ",", -1, [3]),
        # RaggedTensor输入和maxsplit限制（Medium优先级）
        ("RaggedTensor", [["a,b,c", "d,e"], ["f,g,h,i"]], None, 1, "ragged"),
    ])
    def test_string_split_v2_basic(self, input_type, content, sep, maxsplit, expected_shape):
        """测试 string_split_v2 基础分割功能"""
        # 准备输入
        if input_type == "Tensor":
            input_data = tf.constant(content, shape=expected_shape)
        else:  # RaggedTensor
            input_data = tf.ragged.constant(content)
    
        # 执行操作
        result = ragged_string_ops.string_split_v2(
            input_data,
            sep=sep,
            maxsplit=maxsplit
        )
    
        # 弱断言验证
        # 1. 输出类型检查
        assert isinstance(result, tf.RaggedTensor), f"输出应为RaggedTensor，实际为{type(result)}"
    
        # 2. 输出秩检查
        input_rank = input_data.shape.ndims
        result_rank = result.shape.ndims
        assert result_rank == input_rank + 1, \
            f"输出秩应为{input_rank + 1}，实际为{result_rank}"
    
        # 3. 分割数量检查
        if input_type == "Tensor" and content == ["a,b,c", "d,e,f", "g,h,i"] and sep == ",":
            # 每个字符串应被分割成3部分
            result_list = result.to_list()
            assert len(result_list) == 3, f"应有3个分割结果，实际有{len(result_list)}"
    
            # 检查每个分割结果
            for i, parts in enumerate(result_list):
                assert len(parts) == 3, f"第{i}个字符串应分割为3部分，实际为{len(parts)}"
    
                # 验证具体内容
                if i == 0:
                    assert parts == ["a", "b", "c"], f"第一个分割应为['a','b','c']，实际为{parts}"
                elif i == 1:
                    assert parts == ["d", "e", "f"], f"第二个分割应为['d','e','f']，实际为{parts}"
                elif i == 2:
                    assert parts == ["g", "h", "i"], f"第三个分割应为['g','h','i']，实际为{parts}"
    
        # 4. 基本分隔符检查
        if sep is not None:
            # 验证分隔符被正确使用
            result_values = result.flat_values.numpy()
            # 确保结果中不包含分隔符（除非maxsplit限制）
            sep_bytes = sep.encode('utf-8') if isinstance(sep, str) else sep
            for val in result_values:
                assert sep_bytes not in val, f"结果中不应包含分隔符：{val}"
    
        # 5. maxsplit限制检查
        if maxsplit > 0:
            # 如果有最大分割限制，检查分割数量
            result_list = result.to_list()
            for parts in result_list:
                assert len(parts) <= maxsplit + 1, \
                    f"最大分割{maxsplit}时，部分数量不应超过{maxsplit + 1}，实际为{len(parts)}"
    
        # 6. 数据类型检查
        assert result.dtype == tf.string, f"数据类型应为tf.string，实际为{result.dtype}"
    
        # 7. 验证RaggedTensor属性
>       assert result.ragged_rank == 1, f"RaggedTensor的ragged_rank应为1，实际为{result.ragged_rank}"
E       AssertionError: RaggedTensor的ragged_rank应为1，实际为2
E       assert 2 == 1
E        +  where 2 = <tf.RaggedTensor [[[b'a,b,c', b''],\n  [b'd,e', b'']]  , [[b'f,g,h,i', b'']]]>.ragged_rank

tests/test_tensorflow_python_ops_ragged_ragged_string_ops.py:352: AssertionError
_ TestRaggedStringOps.test_ngrams_basic[Tensor-content0-2- -None-None-False-expected_shape0] _

self = <test_tensorflow_python_ops_ragged_ragged_string_ops.TestRaggedStringOps object at 0x1642fde10>
data_type = 'Tensor', content = ['a', 'b', 'c', 'd', 'e', 'f', ...]
ngram_width = 2, separator = ' ', pad_values = None, padding_width = None
preserve_short_sequences = False, expected_shape = [3, 4]

    @pytest.mark.parametrize("data_type,content,ngram_width,separator,pad_values,padding_width,preserve_short_sequences,expected_shape", [
        # 基础n-gram生成，宽度2，空格分隔
        ("Tensor", ["a", "b", "c", "d", "e", "f", "g", "h", "i", "j", "k", "l"],
         2, " ", None, None, False, [3, 4]),
        # RaggedTensor输入和完整填充选项（Medium优先级）
        ("RaggedTensor", [["a", "b", "c"], ["d", "e"], ["f"]],
         3, "-", "PAD", 2, True, "ragged"),
    ])
    def test_ngrams_basic(self, data_type, content, ngram_width, separator,
                          pad_values, padding_width, preserve_short_sequences, expected_shape):
        """测试 ngrams 基础生成功能"""
        # 准备输入
        if data_type == "Tensor":
            data = tf.constant(content, shape=expected_shape)
        else:  # RaggedTensor
            data = tf.ragged.constant(content)
    
        # 执行操作
        result = ragged_string_ops.ngrams(
            data,
            ngram_width=ngram_width,
            separator=separator,
            pad_values=pad_values,
            padding_width=padding_width,
            preserve_short_sequences=preserve_short_sequences
        )
    
        # 弱断言验证
        # 1. 输出类型检查
>       assert isinstance(result, tf.RaggedTensor), f"输出应为RaggedTensor，实际为{type(result)}"
E       AssertionError: 输出应为RaggedTensor，实际为<class 'tensorflow.python.framework.ops.EagerTensor'>
E       assert False
E        +  where False = isinstance(<tf.Tensor: shape=(3, 3), dtype=string, numpy=\narray([[b'a b', b'b c', b'c d'],\n       [b'e f', b'f g', b'g h'],\n       [b'i j', b'j k', b'k l']], dtype=object)>, <class 'tensorflow.python.ops.ragged.ragged_tensor.RaggedTensor'>)
E        +    where <class 'tensorflow.python.ops.ragged.ragged_tensor.RaggedTensor'> = tf.RaggedTensor

tests/test_tensorflow_python_ops_ragged_ragged_string_ops.py:396: AssertionError
_ TestRaggedStringOps.test_ngrams_basic[RaggedTensor-content1-3---PAD-2-True-ragged] _

self = <test_tensorflow_python_ops_ragged_ragged_string_ops.TestRaggedStringOps object at 0x1642fe170>
data_type = 'RaggedTensor', content = [['a', 'b', 'c'], ['d', 'e'], ['f']]
ngram_width = 3, separator = '-', pad_values = 'PAD', padding_width = 2
preserve_short_sequences = True, expected_shape = 'ragged'

    @pytest.mark.parametrize("data_type,content,ngram_width,separator,pad_values,padding_width,preserve_short_sequences,expected_shape", [
        # 基础n-gram生成，宽度2，空格分隔
        ("Tensor", ["a", "b", "c", "d", "e", "f", "g", "h", "i", "j", "k", "l"],
         2, " ", None, None, False, [3, 4]),
        # RaggedTensor输入和完整填充选项（Medium优先级）
        ("RaggedTensor", [["a", "b", "c"], ["d", "e"], ["f"]],
         3, "-", "PAD", 2, True, "ragged"),
    ])
    def test_ngrams_basic(self, data_type, content, ngram_width, separator,
                          pad_values, padding_width, preserve_short_sequences, expected_shape):
        """测试 ngrams 基础生成功能"""
        # 准备输入
        if data_type == "Tensor":
            data = tf.constant(content, shape=expected_shape)
        else:  # RaggedTensor
            data = tf.ragged.constant(content)
    
        # 执行操作
        result = ragged_string_ops.ngrams(
            data,
            ngram_width=ngram_width,
            separator=separator,
            pad_values=pad_values,
            padding_width=padding_width,
            preserve_short_sequences=preserve_short_sequences
        )
    
        # 弱断言验证
        # 1. 输出类型检查
        assert isinstance(result, tf.RaggedTensor), f"输出应为RaggedTensor，实际为{type(result)}"
    
        # 2. 输出形状检查
        # ngrams输出是RaggedTensor
>       assert result.shape.ndims == data.shape.ndims + 1, \
            f"输出秩应为{data.shape.ndims + 1}，实际为{result.shape.ndims}"
E       AssertionError: 输出秩应为3，实际为2
E       assert 2 == (2 + 1)
E        +  where 2 = TensorShape([3, None]).ndims
E        +    where TensorShape([3, None]) = <tf.RaggedTensor [[b'PAD-PAD-a', b'PAD-a-b', b'a-b-c', b'b-c-PAD', b'c-PAD-PAD'],\n [b'PAD-PAD-d', b'PAD-d-e', b'd-e-PAD', b'e-PAD-PAD'],\n [b'PAD-PAD-f', b'PAD-f-PAD', b'f-PAD-PAD']]>.shape
E        +  and   2 = TensorShape([3, None]).ndims
E        +    where TensorShape([3, None]) = <tf.RaggedTensor [[b'a', b'b', b'c'], [b'd', b'e'], [b'f']]>.shape

tests/test_tensorflow_python_ops_ragged_ragged_string_ops.py:400: AssertionError
___________ TestRaggedStringOps.test_string_bytes_split_invalid_rank ___________

self = <test_tensorflow_python_ops_ragged_ragged_string_ops.TestRaggedStringOps object at 0x1642fe500>

    def test_string_bytes_split_invalid_rank(self):
        """测试 string_bytes_split 无效秩输入"""
        # 创建动态秩的Tensor（通过操作创建）
        dynamic_tensor = tf.reshape(tf.constant(["hello"]), [-1])  # 形状为[1]，但秩未知
    
        # 应抛出ValueError
>       with pytest.raises(ValueError, match="statically-known rank"):
E       Failed: DID NOT RAISE <class 'ValueError'>

tests/test_tensorflow_python_ops_ragged_ragged_string_ops.py:496: Failed
=============================== warnings summary ===============================
../../../../../../../../opt/anaconda3/envs/testagent-experiment/lib/python3.10/site-packages/tensorflow/core/framework/tensor_shape_pb2.py:18
  /opt/anaconda3/envs/testagent-experiment/lib/python3.10/site-packages/tensorflow/core/framework/tensor_shape_pb2.py:18: DeprecationWarning: Call to deprecated create function FileDescriptor(). Note: Create unlinked descriptors is going to go away. Please use get/find descriptors from generated code or query the descriptor_pool.
    DESCRIPTOR = _descriptor.FileDescriptor(

../../../../../../../../opt/anaconda3/envs/testagent-experiment/lib/python3.10/site-packages/tensorflow/core/framework/tensor_shape_pb2.py:36
  /opt/anaconda3/envs/testagent-experiment/lib/python3.10/site-packages/tensorflow/core/framework/tensor_shape_pb2.py:36: DeprecationWarning: Call to deprecated create function FieldDescriptor(). Note: Create unlinked descriptors is going to go away. Please use get/find descriptors from generated code or query the descriptor_pool.
    _descriptor.FieldDescriptor(

../../../../../../../../opt/anaconda3/envs/testagent-experiment/lib/python3.10/site-packages/tensorflow/core/framework/tensor_shape_pb2.py:43
  /opt/anaconda3/envs/testagent-experiment/lib/python3.10/site-packages/tensorflow/core/framework/tensor_shape_pb2.py:43: DeprecationWarning: Call to deprecated create function FieldDescriptor(). Note: Create unlinked descriptors is going to go away. Please use get/find descriptors from generated code or query the descriptor_pool.
    _descriptor.FieldDescriptor(

../../../../../../../../opt/anaconda3/envs/testagent-experiment/lib/python3.10/site-packages/tensorflow/core/framework/tensor_shape_pb2.py:29
  /opt/anaconda3/envs/testagent-experiment/lib/python3.10/site-packages/tensorflow/core/framework/tensor_shape_pb2.py:29: DeprecationWarning: Call to deprecated create function Descriptor(). Note: Create unlinked descriptors is going to go away. Please use get/find descriptors from generated code or query the descriptor_pool.
    _TENSORSHAPEPROTO_DIM = _descriptor.Descriptor(

../../../../../../../../opt/anaconda3/envs/testagent-experiment/lib/python3.10/site-packages/tensorflow/core/framework/tensor_shape_pb2.py:73
  /opt/anaconda3/envs/testagent-experiment/lib/python3.10/site-packages/tensorflow/core/framework/tensor_shape_pb2.py:73: DeprecationWarning: Call to deprecated create function FieldDescriptor(). Note: Create unlinked descriptors is going to go away. Please use get/find descriptors from generated code or query the descriptor_pool.
    _descriptor.FieldDescriptor(

../../../../../../../../opt/anaconda3/envs/testagent-experiment/lib/python3.10/site-packages/tensorflow/core/framework/tensor_shape_pb2.py:80
  /opt/anaconda3/envs/testagent-experiment/lib/python3.10/site-packages/tensorflow/core/framework/tensor_shape_pb2.py:80: DeprecationWarning: Call to deprecated create function FieldDescriptor(). Note: Create unlinked descriptors is going to go away. Please use get/find descriptors from generated code or query the descriptor_pool.
    _descriptor.FieldDescriptor(

../../../../../../../../opt/anaconda3/envs/testagent-experiment/lib/python3.10/site-packages/tensorflow/core/framework/tensor_shape_pb2.py:66
  /opt/anaconda3/envs/testagent-experiment/lib/python3.10/site-packages/tensorflow/core/framework/tensor_shape_pb2.py:66: DeprecationWarning: Call to deprecated create function Descriptor(). Note: Create unlinked descriptors is going to go away. Please use get/find descriptors from generated code or query the descriptor_pool.
    _TENSORSHAPEPROTO = _descriptor.Descriptor(

../../../../../../../../opt/anaconda3/envs/testagent-experiment/lib/python3.10/site-packages/tensorflow/core/framework/types_pb2.py:19
  /opt/anaconda3/envs/testagent-experiment/lib/python3.10/site-packages/tensorflow/core/framework/types_pb2.py:19: DeprecationWarning: Call to deprecated create function FileDescriptor(). Note: Create unlinked descriptors is going to go away. Please use get/find descriptors from generated code or query the descriptor_pool.
    DESCRIPTOR = _descriptor.FileDescriptor(

../../../../../../../../opt/anaconda3/envs/testagent-experiment/lib/python3.10/site-packages/tensorflow/core/framework/types_pb2.py:33
  /opt/anaconda3/envs/testagent-experiment/lib/python3.10/site-packages/tensorflow/core/framework/types_pb2.py:33: DeprecationWarning: Call to deprecated create function EnumValueDescriptor(). Note: Create unlinked descriptors is going to go away. Please use get/find descriptors from generated code or query the descriptor_pool.
    _descriptor.EnumValueDescriptor(

../../../../../../../../opt/anaconda3/envs/testagent-experiment/lib/python3.10/site-packages/tensorflow/core/framework/types_pb2.py:37
  /opt/anaconda3/envs/testagent-experiment/lib/python3.10/site-packages/tensorflow/core/framework/types_pb2.py:37: DeprecationWarning: Call to deprecated create function EnumValueDescriptor(). Note: Create unlinked descriptors is going to go away. Please use get/find descriptors from generated code or query the descriptor_pool.
    _descriptor.EnumValueDescriptor(

../../../../../../../../opt/anaconda3/envs/testagent-experiment/lib/python3.10/site-packages/tensorflow/core/framework/types_pb2.py:41
  /opt/anaconda3/envs/testagent-experiment/lib/python3.10/site-packages/tensorflow/core/framework/types_pb2.py:41: DeprecationWarning: Call to deprecated create function EnumValueDescriptor(). Note: Create unlinked descriptors is going to go away. Please use get/find descriptors from generated code or query the descriptor_pool.
    _descriptor.EnumValueDescriptor(

../../../../../../../../opt/anaconda3/envs/testagent-experiment/lib/python3.10/site-packages/tensorflow/core/framework/types_pb2.py:45
  /opt/anaconda3/envs/testagent-experiment/lib/python3.10/site-packages/tensorflow/core/framework/types_pb2.py:45: DeprecationWarning: Call to deprecated create function EnumValueDescriptor(). Note: Create unlinked descriptors is going to go away. Please use get/find descriptors from generated code or query the descriptor_pool.
    _descriptor.EnumValueDescriptor(

../../../../../../../../opt/anaconda3/envs/testagent-experiment/lib/python3.10/site-packages/tensorflow/core/framework/types_pb2.py:49
  /opt/anaconda3/envs/testagent-experiment/lib/python3.10/site-packages/tensorflow/core/framework/types_pb2.py:49: DeprecationWarning: Call to deprecated create function EnumValueDescriptor(). Note: Create unlinked descriptors is going to go away. Please use get/find descriptors from generated code or query the descriptor_pool.
    _descriptor.EnumValueDescriptor(

../../../../../../../../opt/anaconda3/envs/testagent-experiment/lib/python3.10/site-packages/tensorflow/core/framework/types_pb2.py:53
  /opt/anaconda3/envs/testagent-experiment/lib/python3.10/site-packages/tensorflow/core/framework/types_pb2.py:53: DeprecationWarning: Call to deprecated create function EnumValueDescriptor(). Note: Create unlinked descriptors is going to go away. Please use get/find descriptors from generated code or query the descriptor_pool.
    _descriptor.EnumValueDescriptor(

../../../../../../../../opt/anaconda3/envs/testagent-experiment/lib/python3.10/site-packages/tensorflow/core/framework/types_pb2.py:57
  /opt/anaconda3/envs/testagent-experiment/lib/python3.10/site-packages/tensorflow/core/framework/types_pb2.py:57: DeprecationWarning: Call to deprecated create function EnumValueDescriptor(). Note: Create unlinked descriptors is going to go away. Please use get/find descriptors from generated code or query the descriptor_pool.
    _descriptor.EnumValueDescriptor(

../../../../../../../../opt/anaconda3/envs/testagent-experiment/lib/python3.10/site-packages/tensorflow/core/framework/types_pb2.py:61
  /opt/anaconda3/envs/testagent-experiment/lib/python3.10/site-packages/tensorflow/core/framework/types_pb2.py:61: DeprecationWarning: Call to deprecated create function EnumValueDescriptor(). Note: Create unlinked descriptors is going to go away. Please use get/find descriptors from generated code or query the descriptor_pool.
    _descriptor.EnumValueDescriptor(

../../../../../../../../opt/anaconda3/envs/testagent-experiment/lib/python3.10/site-packages/tensorflow/core/framework/types_pb2.py:65
  /opt/anaconda3/envs/testagent-experiment/lib/python3.10/site-packages/tensorflow/core/framework/types_pb2.py:65: DeprecationWarning: Call to deprecated create function EnumValueDescriptor(). Note: Create unlinked descriptors is going to go away. Please use get/find descriptors from generated code or query the descriptor_pool.
    _descriptor.EnumValueDescriptor(

../../../../../../../../opt/anaconda3/envs/testagent-experiment/lib/python3.10/site-packages/tensorflow/core/framework/types_pb2.py:69
  /opt/anaconda3/envs/testagent-experiment/lib/python3.10/site-packages/tensorflow/core/framework/types_pb2.py:69: DeprecationWarning: Call to deprecated create function EnumValueDescriptor(). Note: Create unlinked descriptors is going to go away. Please use get/find descriptors from generated code or query the descriptor_pool.
    _descriptor.EnumValueDescriptor(

../../../../../../../../opt/anaconda3/envs/testagent-experiment/lib/python3.10/site-packages/tensorflow/core/framework/types_pb2.py:73
  /opt/anaconda3/envs/testagent-experiment/lib/python3.10/site-packages/tensorflow/core/framework/types_pb2.py:73: DeprecationWarning: Call to deprecated create function EnumValueDescriptor(). Note: Create unlinked descriptors is going to go away. Please use get/find descriptors from generated code or query the descriptor_pool.
    _descriptor.EnumValueDescriptor(

../../../../../../../../opt/anaconda3/envs/testagent-experiment/lib/python3.10/site-packages/tensorflow/core/framework/types_pb2.py:77
  /opt/anaconda3/envs/testagent-experiment/lib/python3.10/site-packages/tensorflow/core/framework/types_pb2.py:77: DeprecationWarning: Call to deprecated create function EnumValueDescriptor(). Note: Create unlinked descriptors is going to go away. Please use get/find descriptors from generated code or query the descriptor_pool.
    _descriptor.EnumValueDescriptor(

../../../../../../../../opt/anaconda3/envs/testagent-experiment/lib/python3.10/site-packages/tensorflow/core/framework/types_pb2.py:81
  /opt/anaconda3/envs/testagent-experiment/lib/python3.10/site-packages/tensorflow/core/framework/types_pb2.py:81: DeprecationWarning: Call to deprecated create function EnumValueDescriptor(). Note: Create unlinked descriptors is going to go away. Please use get/find descriptors from generated code or query the descriptor_pool.
    _descriptor.EnumValueDescriptor(

../../../../../../../../opt/anaconda3/envs/testagent-experiment/lib/python3.10/site-packages/tensorflow/core/framework/types_pb2.py:85
  /opt/anaconda3/envs/testagent-experiment/lib/python3.10/site-packages/tensorflow/core/framework/types_pb2.py:85: DeprecationWarning: Call to deprecated create function EnumValueDescriptor(). Note: Create unlinked descriptors is going to go away. Please use get/find descriptors from generated code or query the descriptor_pool.
    _descriptor.EnumValueDescriptor(

../../../../../../../../opt/anaconda3/envs/testagent-experiment/lib/python3.10/site-packages/tensorflow/core/framework/types_pb2.py:89
  /opt/anaconda3/envs/testagent-experiment/lib/python3.10/site-packages/tensorflow/core/framework/types_pb2.py:89: DeprecationWarning: Call to deprecated create function EnumValueDescriptor(). Note: Create unlinked descriptors is going to go away. Please use get/find descriptors from generated code or query the descriptor_pool.
    _descriptor.EnumValueDescriptor(

../../../../../../../../opt/anaconda3/envs/testagent-experiment/lib/python3.10/site-packages/tensorflow/core/framework/types_pb2.py:93
  /opt/anaconda3/envs/testagent-experiment/lib/python3.10/site-packages/tensorflow/core/framework/types_pb2.py:93: DeprecationWarning: Call to deprecated create function EnumValueDescriptor(). Note: Create unlinked descriptors is going to go away. Please use get/find descriptors from generated code or query the descriptor_pool.
    _descriptor.EnumValueDescriptor(

../../../../../../../../opt/anaconda3/envs/testagent-experiment/lib/python3.10/site-packages/tensorflow/core/framework/types_pb2.py:97
  /opt/anaconda3/envs/testagent-experiment/lib/python3.10/site-packages/tensorflow/core/framework/types_pb2.py:97: DeprecationWarning: Call to deprecated create function EnumValueDescriptor(). Note: Create unlinked descriptors is going to go away. Please use get/find descriptors from generated code or query the descriptor_pool.
    _descriptor.EnumValueDescriptor(

../../../../../../../../opt/anaconda3/envs/testagent-experiment/lib/python3.10/site-packages/tensorflow/core/framework/types_pb2.py:101
  /opt/anaconda3/envs/testagent-experiment/lib/python3.10/site-packages/tensorflow/core/framework/types_pb2.py:101: DeprecationWarning: Call to deprecated create function EnumValueDescriptor(). Note: Create unlinked descriptors is going to go away. Please use get/find descriptors from generated code or query the descriptor_pool.
    _descriptor.EnumValueDescriptor(

../../../../../../../../opt/anaconda3/envs/testagent-experiment/lib/python3.10/site-packages/tensorflow/core/framework/types_pb2.py:105
  /opt/anaconda3/envs/testagent-experiment/lib/python3.10/site-packages/tensorflow/core/framework/types_pb2.py:105: DeprecationWarning: Call to deprecated create function EnumValueDescriptor(). Note: Create unlinked descriptors is going to go away. Please use get/find descriptors from generated code or query the descriptor_pool.
    _descriptor.EnumValueDescriptor(

../../../../../../../../opt/anaconda3/envs/testagent-experiment/lib/python3.10/site-packages/tensorflow/core/framework/types_pb2.py:109
  /opt/anaconda3/envs/testagent-experiment/lib/python3.10/site-packages/tensorflow/core/framework/types_pb2.py:109: DeprecationWarning: Call to deprecated create function EnumValueDescriptor(). Note: Create unlinked descriptors is going to go away. Please use get/find descriptors from generated code or query the descriptor_pool.
    _descriptor.EnumValueDescriptor(

../../../../../../../../opt/anaconda3/envs/testagent-experiment/lib/python3.10/site-packages/tensorflow/core/framework/types_pb2.py:113
  /opt/anaconda3/envs/testagent-experiment/lib/python3.10/site-packages/tensorflow/core/framework/types_pb2.py:113: DeprecationWarning: Call to deprecated create function EnumValueDescriptor(). Note: Create unlinked descriptors is going to go away. Please use get/find descriptors from generated code or query the descriptor_pool.
    _descriptor.EnumValueDescriptor(

../../../../../../../../opt/anaconda3/envs/testagent-experiment/lib/python3.10/site-packages/tensorflow/core/framework/types_pb2.py:117
  /opt/anaconda3/envs/testagent-experiment/lib/python3.10/site-packages/tensorflow/core/framework/types_pb2.py:117: DeprecationWarning: Call to deprecated create function EnumValueDescriptor(). Note: Create unlinked descriptors is going to go away. Please use get/find descriptors from generated code or query the descriptor_pool.
    _descriptor.EnumValueDescriptor(

../../../../../../../../opt/anaconda3/envs/testagent-experiment/lib/python3.10/site-packages/tensorflow/core/framework/types_pb2.py:121
  /opt/anaconda3/envs/testagent-experiment/lib/python3.10/site-packages/tensorflow/core/framework/types_pb2.py:121: DeprecationWarning: Call to deprecated create function EnumValueDescriptor(). Note: Create unlinked descriptors is going to go away. Please use get/find descriptors from generated code or query the descriptor_pool.
    _descriptor.EnumValueDescriptor(

../../../../../../../../opt/anaconda3/envs/testagent-experiment/lib/python3.10/site-packages/tensorflow/core/framework/types_pb2.py:125
  /opt/anaconda3/envs/testagent-experiment/lib/python3.10/site-packages/tensorflow/core/framework/types_pb2.py:125: DeprecationWarning: Call to deprecated create function EnumValueDescriptor(). Note: Create unlinked descriptors is going to go away. Please use get/find descriptors from generated code or query the descriptor_pool.
    _descriptor.EnumValueDescriptor(

../../../../../../../../opt/anaconda3/envs/testagent-experiment/lib/python3.10/site-packages/tensorflow/core/framework/types_pb2.py:129
  /opt/anaconda3/envs/testagent-experiment/lib/python3.10/site-packages/tensorflow/core/framework/types_pb2.py:129: DeprecationWarning: Call to deprecated create function EnumValueDescriptor(). Note: Create unlinked descriptors is going to go away. Please use get/find descriptors from generated code or query the descriptor_pool.
    _descriptor.EnumValueDescriptor(

../../../../../../../../opt/anaconda3/envs/testagent-experiment/lib/python3.10/site-packages/tensorflow/core/framework/types_pb2.py:133
  /opt/anaconda3/envs/testagent-experiment/lib/python3.10/site-packages/tensorflow/core/framework/types_pb2.py:133: DeprecationWarning: Call to deprecated create function EnumValueDescriptor(). Note: Create unlinked descriptors is going to go away. Please use get/find descriptors from generated code or query the descriptor_pool.
    _descriptor.EnumValueDescriptor(

../../../../../../../../opt/anaconda3/envs/testagent-experiment/lib/python3.10/site-packages/tensorflow/core/framework/types_pb2.py:137
  /opt/anaconda3/envs/testagent-experiment/lib/python3.10/site-packages/tensorflow/core/framework/types_pb2.py:137: DeprecationWarning: Call to deprecated create function EnumValueDescriptor(). Note: Create unlinked descriptors is going to go away. Please use get/find descriptors from generated code or query the descriptor_pool.
    _descriptor.EnumValueDescriptor(

../../../../../../../../opt/anaconda3/envs/testagent-experiment/lib/python3.10/site-packages/tensorflow/core/framework/types_pb2.py:141
  /opt/anaconda3/envs/testagent-experiment/lib/python3.10/site-packages/tensorflow/core/framework/types_pb2.py:141: DeprecationWarning: Call to deprecated create function EnumValueDescriptor(). Note: Create unlinked descriptors is going to go away. Please use get/find descriptors from generated code or query the descriptor_pool.
    _descriptor.EnumValueDescriptor(

../../../../../../../../opt/anaconda3/envs/testagent-experiment/lib/python3.10/site-packages/tensorflow/core/framework/types_pb2.py:145
  /opt/anaconda3/envs/testagent-experiment/lib/python3.10/site-packages/tensorflow/core/framework/types_pb2.py:145: DeprecationWarning: Call to deprecated create function EnumValueDescriptor(). Note: Create unlinked descriptors is going to go away. Please use get/find descriptors from generated code or query the descriptor_pool.
    _descriptor.EnumValueDescriptor(

../../../../../../../../opt/anaconda3/envs/testagent-experiment/lib/python3.10/site-packages/tensorflow/core/framework/types_pb2.py:149
  /opt/anaconda3/envs/testagent-experiment/lib/python3.10/site-packages/tensorflow/core/framework/types_pb2.py:149: DeprecationWarning: Call to deprecated create function EnumValueDescriptor(). Note: Create unlinked descriptors is going to go away. Please use get/find descriptors from generated code or query the descriptor_pool.
    _descriptor.EnumValueDescriptor(

../../../../../../../../opt/anaconda3/envs/testagent-experiment/lib/python3.10/site-packages/tensorflow/core/framework/types_pb2.py:153
  /opt/anaconda3/envs/testagent-experiment/lib/python3.10/site-packages/tensorflow/core/framework/types_pb2.py:153: DeprecationWarning: Call to deprecated create function EnumValueDescriptor(). Note: Create unlinked descriptors is going to go away. Please use get/find descriptors from generated code or query the descriptor_pool.
    _descriptor.EnumValueDescriptor(

../../../../../../../../opt/anaconda3/envs/testagent-experiment/lib/python3.10/site-packages/tensorflow/core/framework/types_pb2.py:157
  /opt/anaconda3/envs/testagent-experiment/lib/python3.10/site-packages/tensorflow/core/framework/types_pb2.py:157: DeprecationWarning: Call to deprecated create function EnumValueDescriptor(). Note: Create unlinked descriptors is going to go away. Please use get/find descriptors from generated code or query the descriptor_pool.
    _descriptor.EnumValueDescriptor(

../../../../../../../../opt/anaconda3/envs/testagent-experiment/lib/python3.10/site-packages/tensorflow/core/framework/types_pb2.py:161
  /opt/anaconda3/envs/testagent-experiment/lib/python3.10/site-packages/tensorflow/core/framework/types_pb2.py:161: DeprecationWarning: Call to deprecated create function EnumValueDescriptor(). Note: Create unlinked descriptors is going to go away. Please use get/find descriptors from generated code or query the descriptor_pool.
    _descriptor.EnumValueDescriptor(

../../../../../../../../opt/anaconda3/envs/testagent-experiment/lib/python3.10/site-packages/tensorflow/core/framework/types_pb2.py:165
  /opt/anaconda3/envs/testagent-experiment/lib/python3.10/site-packages/tensorflow/core/framework/types_pb2.py:165: DeprecationWarning: Call to deprecated create function EnumValueDescriptor(). Note: Create unlinked descriptors is going to go away. Please use get/find descriptors from generated code or query the descriptor_pool.
    _descriptor.EnumValueDescriptor(

../../../../../../../../opt/anaconda3/envs/testagent-experiment/lib/python3.10/site-packages/tensorflow/core/framework/types_pb2.py:169
  /opt/anaconda3/envs/testagent-experiment/lib/python3.10/site-packages/tensorflow/core/framework/types_pb2.py:169: DeprecationWarning: Call to deprecated create function EnumValueDescriptor(). Note: Create unlinked descriptors is going to go away. Please use get/find descriptors from generated code or query the descriptor_pool.
    _descriptor.EnumValueDescriptor(

../../../../../../../../opt/anaconda3/envs/testagent-experiment/lib/python3.10/site-packages/tensorflow/core/framework/types_pb2.py:173
  /opt/anaconda3/envs/testagent-experiment/lib/python3.10/site-packages/tensorflow/core/framework/types_pb2.py:173: DeprecationWarning: Call to deprecated create function EnumValueDescriptor(). Note: Create unlinked descriptors is going to go away. Please use get/find descriptors from generated code or query the descriptor_pool.
    _descriptor.EnumValueDescriptor(

../../../../../../../../opt/anaconda3/envs/testagent-experiment/lib/python3.10/site-packages/tensorflow/core/framework/types_pb2.py:177
  /opt/anaconda3/envs/testagent-experiment/lib/python3.10/site-packages/tensorflow/core/framework/types_pb2.py:177: DeprecationWarning: Call to deprecated create function EnumValueDescriptor(). Note: Create unlinked descriptors is going to go away. Please use get/find descriptors from generated code or query the descriptor_pool.
    _descriptor.EnumValueDescriptor(

../../../../../../../../opt/anaconda3/envs/testagent-experiment/lib/python3.10/site-packages/tensorflow/core/framework/types_pb2.py:181
  /opt/anaconda3/envs/testagent-experiment/lib/python3.10/site-packages/tensorflow/core/framework/types_pb2.py:181: DeprecationWarning: Call to deprecated create function EnumValueDescriptor(). Note: Create unlinked descriptors is going to go away. Please use get/find descriptors from generated code or query the descriptor_pool.
    _descriptor.EnumValueDescriptor(

../../../../../../../../opt/anaconda3/envs/testagent-experiment/lib/python3.10/site-packages/tensorflow/core/framework/types_pb2.py:185
  /opt/anaconda3/envs/testagent-experiment/lib/python3.10/site-packages/tensorflow/core/framework/types_pb2.py:185: DeprecationWarning: Call to deprecated create function EnumValueDescriptor(). Note: Create unlinked descriptors is going to go away. Please use get/find descriptors from generated code or query the descriptor_pool.
    _descriptor.EnumValueDescriptor(

../../../../../../../../opt/anaconda3/envs/testagent-experiment/lib/python3.10/site-packages/tensorflow/core/framework/types_pb2.py:189
  /opt/anaconda3/envs/testagent-experiment/lib/python3.10/site-packages/tensorflow/core/framework/types_pb2.py:189: DeprecationWarning: Call to deprecated create function EnumValueDescriptor(). Note: Create unlinked descriptors is going to go away. Please use get/find descriptors from generated code or query the descriptor_pool.
    _descriptor.EnumValueDescriptor(

../../../../../../../../opt/anaconda3/envs/testagent-experiment/lib/python3.10/site-packages/tensorflow/core/framework/types_pb2.py:193
  /opt/anaconda3/envs/testagent-experiment/lib/python3.10/site-packages/tensorflow/core/framework/types_pb2.py:193: DeprecationWarning: Call to deprecated create function EnumValueDescriptor(). Note: Create unlinked descriptors is going to go away. Please use get/find descriptors from generated code or query the descriptor_pool.
    _descriptor.EnumValueDescriptor(

../../../../../../../../opt/anaconda3/envs/testagent-experiment/lib/python3.10/site-packages/tensorflow/core/framework/types_pb2.py:197
  /opt/anaconda3/envs/testagent-experiment/lib/python3.10/site-packages/tensorflow/core/framework/types_pb2.py:197: DeprecationWarning: Call to deprecated create function EnumValueDescriptor(). Note: Create unlinked descriptors is going to go away. Please use get/find descriptors from generated code or query the descriptor_pool.
    _descriptor.EnumValueDescriptor(

../../../../../../../../opt/anaconda3/envs/testagent-experiment/lib/python3.10/site-packages/tensorflow/core/framework/types_pb2.py:201
  /opt/anaconda3/envs/testagent-experiment/lib/python3.10/site-packages/tensorflow/core/framework/types_pb2.py:201: DeprecationWarning: Call to deprecated create function EnumValueDescriptor(). Note: Create unlinked descriptors is going to go away. Please use get/find descriptors from generated code or query the descriptor_pool.
    _descriptor.EnumValueDescriptor(

../../../../../../../../opt/anaconda3/envs/testagent-experiment/lib/python3.10/site-packages/tensorflow/core/framework/types_pb2.py:205
  /opt/anaconda3/envs/testagent-experiment/lib/python3.10/site-packages/tensorflow/core/framework/types_pb2.py:205: DeprecationWarning: Call to deprecated create function EnumValueDescriptor(). Note: Create unlinked descriptors is going to go away. Please use get/find descriptors from generated code or query the descriptor_pool.
    _descriptor.EnumValueDescriptor(

../../../../../../../../opt/anaconda3/envs/testagent-experiment/lib/python3.10/site-packages/tensorflow/core/framework/types_pb2.py:209
  /opt/anaconda3/envs/testagent-experiment/lib/python3.10/site-packages/tensorflow/core/framework/types_pb2.py:209: DeprecationWarning: Call to deprecated create function EnumValueDescriptor(). Note: Create unlinked descriptors is going to go away. Please use get/find descriptors from generated code or query the descriptor_pool.
    _descriptor.EnumValueDescriptor(

../../../../../../../../opt/anaconda3/envs/testagent-experiment/lib/python3.10/site-packages/tensorflow/core/framework/types_pb2.py:213
  /opt/anaconda3/envs/testagent-experiment/lib/python3.10/site-packages/tensorflow/core/framework/types_pb2.py:213: DeprecationWarning: Call to deprecated create function EnumValueDescriptor(). Note: Create unlinked descriptors is going to go away. Please use get/find descriptors from generated code or query the descriptor_pool.
    _descriptor.EnumValueDescriptor(

../../../../../../../../opt/anaconda3/envs/testagent-experiment/lib/python3.10/site-packages/tensorflow/core/framework/types_pb2.py:217
  /opt/anaconda3/envs/testagent-experiment/lib/python3.10/site-packages/tensorflow/core/framework/types_pb2.py:217: DeprecationWarning: Call to deprecated create function EnumValueDescriptor(). Note: Create unlinked descriptors is going to go away. Please use get/find descriptors from generated code or query the descriptor_pool.
    _descriptor.EnumValueDescriptor(

../../../../../../../../opt/anaconda3/envs/testagent-experiment/lib/python3.10/site-packages/tensorflow/core/framework/types_pb2.py:27
  /opt/anaconda3/envs/testagent-experiment/lib/python3.10/site-packages/tensorflow/core/framework/types_pb2.py:27: DeprecationWarning: Call to deprecated create function EnumDescriptor(). Note: Create unlinked descriptors is going to go away. Please use get/find descriptors from generated code or query the descriptor_pool.
    _DATATYPE = _descriptor.EnumDescriptor(

../../../../../../../../opt/anaconda3/envs/testagent-experiment/lib/python3.10/site-packages/tensorflow/core/framework/resource_handle_pb2.py:20
  /opt/anaconda3/envs/testagent-experiment/lib/python3.10/site-packages/tensorflow/core/framework/resource_handle_pb2.py:20: DeprecationWarning: Call to deprecated create function FileDescriptor(). Note: Create unlinked descriptors is going to go away. Please use get/find descriptors from generated code or query the descriptor_pool.
    DESCRIPTOR = _descriptor.FileDescriptor(

../../../../../../../../opt/anaconda3/envs/testagent-experiment/lib/python3.10/site-packages/tensorflow/core/framework/resource_handle_pb2.py:39
  /opt/anaconda3/envs/testagent-experiment/lib/python3.10/site-packages/tensorflow/core/framework/resource_handle_pb2.py:39: DeprecationWarning: Call to deprecated create function FieldDescriptor(). Note: Create unlinked descriptors is going to go away. Please use get/find descriptors from generated code or query the descriptor_pool.
    _descriptor.FieldDescriptor(

../../../../../../../../opt/anaconda3/envs/testagent-experiment/lib/python3.10/site-packages/tensorflow/core/framework/resource_handle_pb2.py:46
  /opt/anaconda3/envs/testagent-experiment/lib/python3.10/site-packages/tensorflow/core/framework/resource_handle_pb2.py:46: DeprecationWarning: Call to deprecated create function FieldDescriptor(). Note: Create unlinked descriptors is going to go away. Please use get/find descriptors from generated code or query the descriptor_pool.
    _descriptor.FieldDescriptor(

../../../../../../../../opt/anaconda3/envs/testagent-experiment/lib/python3.10/site-packages/tensorflow/core/framework/resource_handle_pb2.py:32
  /opt/anaconda3/envs/testagent-experiment/lib/python3.10/site-packages/tensorflow/core/framework/resource_handle_pb2.py:32: DeprecationWarning: Call to deprecated create function Descriptor(). Note: Create unlinked descriptors is going to go away. Please use get/find descriptors from generated code or query the descriptor_pool.
    _RESOURCEHANDLEPROTO_DTYPEANDSHAPE = _descriptor.Descriptor(

../../../../../../../../opt/anaconda3/envs/testagent-experiment/lib/python3.10/site-packages/tensorflow/core/framework/resource_handle_pb2.py:76
  /opt/anaconda3/envs/testagent-experiment/lib/python3.10/site-packages/tensorflow/core/framework/resource_handle_pb2.py:76: DeprecationWarning: Call to deprecated create function FieldDescriptor(). Note: Create unlinked descriptors is going to go away. Please use get/find descriptors from generated code or query the descriptor_pool.
    _descriptor.FieldDescriptor(

../../../../../../../../opt/anaconda3/envs/testagent-experiment/lib/python3.10/site-packages/tensorflow/core/framework/resource_handle_pb2.py:83
  /opt/anaconda3/envs/testagent-experiment/lib/python3.10/site-packages/tensorflow/core/framework/resource_handle_pb2.py:83: DeprecationWarning: Call to deprecated create function FieldDescriptor(). Note: Create unlinked descriptors is going to go away. Please use get/find descriptors from generated code or query the descriptor_pool.
    _descriptor.FieldDescriptor(

../../../../../../../../opt/anaconda3/envs/testagent-experiment/lib/python3.10/site-packages/tensorflow/core/framework/resource_handle_pb2.py:90
  /opt/anaconda3/envs/testagent-experiment/lib/python3.10/site-packages/tensorflow/core/framework/resource_handle_pb2.py:90: DeprecationWarning: Call to deprecated create function FieldDescriptor(). Note: Create unlinked descriptors is going to go away. Please use get/find descriptors from generated code or query the descriptor_pool.
    _descriptor.FieldDescriptor(

../../../../../../../../opt/anaconda3/envs/testagent-experiment/lib/python3.10/site-packages/tensorflow/core/framework/resource_handle_pb2.py:97
  /opt/anaconda3/envs/testagent-experiment/lib/python3.10/site-packages/tensorflow/core/framework/resource_handle_pb2.py:97: DeprecationWarning: Call to deprecated create function FieldDescriptor(). Note: Create unlinked descriptors is going to go away. Please use get/find descriptors from generated code or query the descriptor_pool.
    _descriptor.FieldDescriptor(

../../../../../../../../opt/anaconda3/envs/testagent-experiment/lib/python3.10/site-packages/tensorflow/core/framework/resource_handle_pb2.py:104
  /opt/anaconda3/envs/testagent-experiment/lib/python3.10/site-packages/tensorflow/core/framework/resource_handle_pb2.py:104: DeprecationWarning: Call to deprecated create function FieldDescriptor(). Note: Create unlinked descriptors is going to go away. Please use get/find descriptors from generated code or query the descriptor_pool.
    _descriptor.FieldDescriptor(

../../../../../../../../opt/anaconda3/envs/testagent-experiment/lib/python3.10/site-packages/tensorflow/core/framework/resource_handle_pb2.py:111
  /opt/anaconda3/envs/testagent-experiment/lib/python3.10/site-packages/tensorflow/core/framework/resource_handle_pb2.py:111: DeprecationWarning: Call to deprecated create function FieldDescriptor(). Note: Create unlinked descriptors is going to go away. Please use get/find descriptors from generated code or query the descriptor_pool.
    _descriptor.FieldDescriptor(

../../../../../../../../opt/anaconda3/envs/testagent-experiment/lib/python3.10/site-packages/tensorflow/core/framework/resource_handle_pb2.py:69
  /opt/anaconda3/envs/testagent-experiment/lib/python3.10/site-packages/tensorflow/core/framework/resource_handle_pb2.py:69: DeprecationWarning: Call to deprecated create function Descriptor(). Note: Create unlinked descriptors is going to go away. Please use get/find descriptors from generated code or query the descriptor_pool.
    _RESOURCEHANDLEPROTO = _descriptor.Descriptor(

../../../../../../../../opt/anaconda3/envs/testagent-experiment/lib/python3.10/site-packages/tensorflow/core/framework/tensor_pb2.py:21
  /opt/anaconda3/envs/testagent-experiment/lib/python3.10/site-packages/tensorflow/core/framework/tensor_pb2.py:21: DeprecationWarning: Call to deprecated create function FileDescriptor(). Note: Create unlinked descriptors is going to go away. Please use get/find descriptors from generated code or query the descriptor_pool.
    DESCRIPTOR = _descriptor.FileDescriptor(

../../../../../../../../opt/anaconda3/envs/testagent-experiment/lib/python3.10/site-packages/tensorflow/core/framework/tensor_pb2.py:40
  /opt/anaconda3/envs/testagent-experiment/lib/python3.10/site-packages/tensorflow/core/framework/tensor_pb2.py:40: DeprecationWarning: Call to deprecated create function FieldDescriptor(). Note: Create unlinked descriptors is going to go away. Please use get/find descriptors from generated code or query the descriptor_pool.
    _descriptor.FieldDescriptor(

../../../../../../../../opt/anaconda3/envs/testagent-experiment/lib/python3.10/site-packages/tensorflow/core/framework/tensor_pb2.py:47
  /opt/anaconda3/envs/testagent-experiment/lib/python3.10/site-packages/tensorflow/core/framework/tensor_pb2.py:47: DeprecationWarning: Call to deprecated create function FieldDescriptor(). Note: Create unlinked descriptors is going to go away. Please use get/find descriptors from generated code or query the descriptor_pool.
    _descriptor.FieldDescriptor(

../../../../../../../../opt/anaconda3/envs/testagent-experiment/lib/python3.10/site-packages/tensorflow/core/framework/tensor_pb2.py:54
  /opt/anaconda3/envs/testagent-experiment/lib/python3.10/site-packages/tensorflow/core/framework/tensor_pb2.py:54: DeprecationWarning: Call to deprecated create function FieldDescriptor(). Note: Create unlinked descriptors is going to go away. Please use get/find descriptors from generated code or query the descriptor_pool.
    _descriptor.FieldDescriptor(

../../../../../../../../opt/anaconda3/envs/testagent-experiment/lib/python3.10/site-packages/tensorflow/core/framework/tensor_pb2.py:61
  /opt/anaconda3/envs/testagent-experiment/lib/python3.10/site-packages/tensorflow/core/framework/tensor_pb2.py:61: DeprecationWarning: Call to deprecated create function FieldDescriptor(). Note: Create unlinked descriptors is going to go away. Please use get/find descriptors from generated code or query the descriptor_pool.
    _descriptor.FieldDescriptor(

../../../../../../../../opt/anaconda3/envs/testagent-experiment/lib/python3.10/site-packages/tensorflow/core/framework/tensor_pb2.py:68
  /opt/anaconda3/envs/testagent-experiment/lib/python3.10/site-packages/tensorflow/core/framework/tensor_pb2.py:68: DeprecationWarning: Call to deprecated create function FieldDescriptor(). Note: Create unlinked descriptors is going to go away. Please use get/find descriptors from generated code or query the descriptor_pool.
    _descriptor.FieldDescriptor(

../../../../../../../../opt/anaconda3/envs/testagent-experiment/lib/python3.10/site-packages/tensorflow/core/framework/tensor_pb2.py:75
  /opt/anaconda3/envs/testagent-experiment/lib/python3.10/site-packages/tensorflow/core/framework/tensor_pb2.py:75: DeprecationWarning: Call to deprecated create function FieldDescriptor(). Note: Create unlinked descriptors is going to go away. Please use get/find descriptors from generated code or query the descriptor_pool.
    _descriptor.FieldDescriptor(

../../../../../../../../opt/anaconda3/envs/testagent-experiment/lib/python3.10/site-packages/tensorflow/core/framework/tensor_pb2.py:82
  /opt/anaconda3/envs/testagent-experiment/lib/python3.10/site-packages/tensorflow/core/framework/tensor_pb2.py:82: DeprecationWarning: Call to deprecated create function FieldDescriptor(). Note: Create unlinked descriptors is going to go away. Please use get/find descriptors from generated code or query the descriptor_pool.
    _descriptor.FieldDescriptor(

../../../../../../../../opt/anaconda3/envs/testagent-experiment/lib/python3.10/site-packages/tensorflow/core/framework/tensor_pb2.py:89
  /opt/anaconda3/envs/testagent-experiment/lib/python3.10/site-packages/tensorflow/core/framework/tensor_pb2.py:89: DeprecationWarning: Call to deprecated create function FieldDescriptor(). Note: Create unlinked descriptors is going to go away. Please use get/find descriptors from generated code or query the descriptor_pool.
    _descriptor.FieldDescriptor(

../../../../../../../../opt/anaconda3/envs/testagent-experiment/lib/python3.10/site-packages/tensorflow/core/framework/tensor_pb2.py:96
  /opt/anaconda3/envs/testagent-experiment/lib/python3.10/site-packages/tensorflow/core/framework/tensor_pb2.py:96: DeprecationWarning: Call to deprecated create function FieldDescriptor(). Note: Create unlinked descriptors is going to go away. Please use get/find descriptors from generated code or query the descriptor_pool.
    _descriptor.FieldDescriptor(

../../../../../../../../opt/anaconda3/envs/testagent-experiment/lib/python3.10/site-packages/tensorflow/core/framework/tensor_pb2.py:103
  /opt/anaconda3/envs/testagent-experiment/lib/python3.10/site-packages/tensorflow/core/framework/tensor_pb2.py:103: DeprecationWarning: Call to deprecated create function FieldDescriptor(). Note: Create unlinked descriptors is going to go away. Please use get/find descriptors from generated code or query the descriptor_pool.
    _descriptor.FieldDescriptor(

../../../../../../../../opt/anaconda3/envs/testagent-experiment/lib/python3.10/site-packages/tensorflow/core/framework/tensor_pb2.py:110
  /opt/anaconda3/envs/testagent-experiment/lib/python3.10/site-packages/tensorflow/core/framework/tensor_pb2.py:110: DeprecationWarning: Call to deprecated create function FieldDescriptor(). Note: Create unlinked descriptors is going to go away. Please use get/find descriptors from generated code or query the descriptor_pool.
    _descriptor.FieldDescriptor(

../../../../../../../../opt/anaconda3/envs/testagent-experiment/lib/python3.10/site-packages/tensorflow/core/framework/tensor_pb2.py:117
  /opt/anaconda3/envs/testagent-experiment/lib/python3.10/site-packages/tensorflow/core/framework/tensor_pb2.py:117: DeprecationWarning: Call to deprecated create function FieldDescriptor(). Note: Create unlinked descriptors is going to go away. Please use get/find descriptors from generated code or query the descriptor_pool.
    _descriptor.FieldDescriptor(

../../../../../../../../opt/anaconda3/envs/testagent-experiment/lib/python3.10/site-packages/tensorflow/core/framework/tensor_pb2.py:124
  /opt/anaconda3/envs/testagent-experiment/lib/python3.10/site-packages/tensorflow/core/framework/tensor_pb2.py:124: DeprecationWarning: Call to deprecated create function FieldDescriptor(). Note: Create unlinked descriptors is going to go away. Please use get/find descriptors from generated code or query the descriptor_pool.
    _descriptor.FieldDescriptor(

../../../../../../../../opt/anaconda3/envs/testagent-experiment/lib/python3.10/site-packages/tensorflow/core/framework/tensor_pb2.py:131
  /opt/anaconda3/envs/testagent-experiment/lib/python3.10/site-packages/tensorflow/core/framework/tensor_pb2.py:131: DeprecationWarning: Call to deprecated create function FieldDescriptor(). Note: Create unlinked descriptors is going to go away. Please use get/find descriptors from generated code or query the descriptor_pool.
    _descriptor.FieldDescriptor(

../../../../../../../../opt/anaconda3/envs/testagent-experiment/lib/python3.10/site-packages/tensorflow/core/framework/tensor_pb2.py:138
  /opt/anaconda3/envs/testagent-experiment/lib/python3.10/site-packages/tensorflow/core/framework/tensor_pb2.py:138: DeprecationWarning: Call to deprecated create function FieldDescriptor(). Note: Create unlinked descriptors is going to go away. Please use get/find descriptors from generated code or query the descriptor_pool.
    _descriptor.FieldDescriptor(

../../../../../../../../opt/anaconda3/envs/testagent-experiment/lib/python3.10/site-packages/tensorflow/core/framework/tensor_pb2.py:145
  /opt/anaconda3/envs/testagent-experiment/lib/python3.10/site-packages/tensorflow/core/framework/tensor_pb2.py:145: DeprecationWarning: Call to deprecated create function FieldDescriptor(). Note: Create unlinked descriptors is going to go away. Please use get/find descriptors from generated code or query the descriptor_pool.
    _descriptor.FieldDescriptor(

../../../../../../../../opt/anaconda3/envs/testagent-experiment/lib/python3.10/site-packages/tensorflow/core/framework/tensor_pb2.py:152
  /opt/anaconda3/envs/testagent-experiment/lib/python3.10/site-packages/tensorflow/core/framework/tensor_pb2.py:152: DeprecationWarning: Call to deprecated create function FieldDescriptor(). Note: Create unlinked descriptors is going to go away. Please use get/find descriptors from generated code or query the descriptor_pool.
    _descriptor.FieldDescriptor(

../../../../../../../../opt/anaconda3/envs/testagent-experiment/lib/python3.10/site-packages/tensorflow/core/framework/tensor_pb2.py:33
  /opt/anaconda3/envs/testagent-experiment/lib/python3.10/site-packages/tensorflow/core/framework/tensor_pb2.py:33: DeprecationWarning: Call to deprecated create function Descriptor(). Note: Create unlinked descriptors is going to go away. Please use get/find descriptors from generated code or query the descriptor_pool.
    _TENSORPROTO = _descriptor.Descriptor(

../../../../../../../../opt/anaconda3/envs/testagent-experiment/lib/python3.10/site-packages/tensorflow/core/framework/tensor_pb2.py:183
  /opt/anaconda3/envs/testagent-experiment/lib/python3.10/site-packages/tensorflow/core/framework/tensor_pb2.py:183: DeprecationWarning: Call to deprecated create function FieldDescriptor(). Note: Create unlinked descriptors is going to go away. Please use get/find descriptors from generated code or query the descriptor_pool.
    _descriptor.FieldDescriptor(

../../../../../../../../opt/anaconda3/envs/testagent-experiment/lib/python3.10/site-packages/tensorflow/core/framework/tensor_pb2.py:190
  /opt/anaconda3/envs/testagent-experiment/lib/python3.10/site-packages/tensorflow/core/framework/tensor_pb2.py:190: DeprecationWarning: Call to deprecated create function FieldDescriptor(). Note: Create unlinked descriptors is going to go away. Please use get/find descriptors from generated code or query the descriptor_pool.
    _descriptor.FieldDescriptor(

../../../../../../../../opt/anaconda3/envs/testagent-experiment/lib/python3.10/site-packages/tensorflow/core/framework/tensor_pb2.py:197
  /opt/anaconda3/envs/testagent-experiment/lib/python3.10/site-packages/tensorflow/core/framework/tensor_pb2.py:197: DeprecationWarning: Call to deprecated create function FieldDescriptor(). Note: Create unlinked descriptors is going to go away. Please use get/find descriptors from generated code or query the descriptor_pool.
    _descriptor.FieldDescriptor(

../../../../../../../../opt/anaconda3/envs/testagent-experiment/lib/python3.10/site-packages/tensorflow/core/framework/tensor_pb2.py:176
  /opt/anaconda3/envs/testagent-experiment/lib/python3.10/site-packages/tensorflow/core/framework/tensor_pb2.py:176: DeprecationWarning: Call to deprecated create function Descriptor(). Note: Create unlinked descriptors is going to go away. Please use get/find descriptors from generated code or query the descriptor_pool.
    _VARIANTTENSORDATAPROTO = _descriptor.Descriptor(

../../../../../../../../opt/anaconda3/envs/testagent-experiment/lib/python3.10/site-packages/tensorflow/core/framework/attr_value_pb2.py:21
  /opt/anaconda3/envs/testagent-experiment/lib/python3.10/site-packages/tensorflow/core/framework/attr_value_pb2.py:21: DeprecationWarning: Call to deprecated create function FileDescriptor(). Note: Create unlinked descriptors is going to go away. Please use get/find descriptors from generated code or query the descriptor_pool.
    DESCRIPTOR = _descriptor.FileDescriptor(

../../../../../../../../opt/anaconda3/envs/testagent-experiment/lib/python3.10/site-packages/tensorflow/core/framework/attr_value_pb2.py:40
  /opt/anaconda3/envs/testagent-experiment/lib/python3.10/site-packages/tensorflow/core/framework/attr_value_pb2.py:40: DeprecationWarning: Call to deprecated create function FieldDescriptor(). Note: Create unlinked descriptors is going to go away. Please use get/find descriptors from generated code or query the descriptor_pool.
    _descriptor.FieldDescriptor(

../../../../../../../../opt/anaconda3/envs/testagent-experiment/lib/python3.10/site-packages/tensorflow/core/framework/attr_value_pb2.py:47
  /opt/anaconda3/envs/testagent-experiment/lib/python3.10/site-packages/tensorflow/core/framework/attr_value_pb2.py:47: DeprecationWarning: Call to deprecated create function FieldDescriptor(). Note: Create unlinked descriptors is going to go away. Please use get/find descriptors from generated code or query the descriptor_pool.
    _descriptor.FieldDescriptor(

../../../../../../../../opt/anaconda3/envs/testagent-experiment/lib/python3.10/site-packages/tensorflow/core/framework/attr_value_pb2.py:54
  /opt/anaconda3/envs/testagent-experiment/lib/python3.10/site-packages/tensorflow/core/framework/attr_value_pb2.py:54: DeprecationWarning: Call to deprecated create function FieldDescriptor(). Note: Create unlinked descriptors is going to go away. Please use get/find descriptors from generated code or query the descriptor_pool.
    _descriptor.FieldDescriptor(

../../../../../../../../opt/anaconda3/envs/testagent-experiment/lib/python3.10/site-packages/tensorflow/core/framework/attr_value_pb2.py:61
  /opt/anaconda3/envs/testagent-experiment/lib/python3.10/site-packages/tensorflow/core/framework/attr_value_pb2.py:61: DeprecationWarning: Call to deprecated create function FieldDescriptor(). Note: Create unlinked descriptors is going to go away. Please use get/find descriptors from generated code or query the descriptor_pool.
    _descriptor.FieldDescriptor(

../../../../../../../../opt/anaconda3/envs/testagent-experiment/lib/python3.10/site-packages/tensorflow/core/framework/attr_value_pb2.py:68
  /opt/anaconda3/envs/testagent-experiment/lib/python3.10/site-packages/tensorflow/core/framework/attr_value_pb2.py:68: DeprecationWarning: Call to deprecated create function FieldDescriptor(). Note: Create unlinked descriptors is going to go away. Please use get/find descriptors from generated code or query the descriptor_pool.
    _descriptor.FieldDescriptor(

../../../../../../../../opt/anaconda3/envs/testagent-experiment/lib/python3.10/site-packages/tensorflow/core/framework/attr_value_pb2.py:75
  /opt/anaconda3/envs/testagent-experiment/lib/python3.10/site-packages/tensorflow/core/framework/attr_value_pb2.py:75: DeprecationWarning: Call to deprecated create function FieldDescriptor(). Note: Create unlinked descriptors is going to go away. Please use get/find descriptors from generated code or query the descriptor_pool.
    _descriptor.FieldDescriptor(

../../../../../../../../opt/anaconda3/envs/testagent-experiment/lib/python3.10/site-packages/tensorflow/core/framework/attr_value_pb2.py:82
  /opt/anaconda3/envs/testagent-experiment/lib/python3.10/site-packages/tensorflow/core/framework/attr_value_pb2.py:82: DeprecationWarning: Call to deprecated create function FieldDescriptor(). Note: Create unlinked descriptors is going to go away. Please use get/find descriptors from generated code or query the descriptor_pool.
    _descriptor.FieldDescriptor(

../../../../../../../../opt/anaconda3/envs/testagent-experiment/lib/python3.10/site-packages/tensorflow/core/framework/attr_value_pb2.py:89
  /opt/anaconda3/envs/testagent-experiment/lib/python3.10/site-packages/tensorflow/core/framework/attr_value_pb2.py:89: DeprecationWarning: Call to deprecated create function FieldDescriptor(). Note: Create unlinked descriptors is going to go away. Please use get/find descriptors from generated code or query the descriptor_pool.
    _descriptor.FieldDescriptor(

../../../../../../../../opt/anaconda3/envs/testagent-experiment/lib/python3.10/site-packages/tensorflow/core/framework/attr_value_pb2.py:33
  /opt/anaconda3/envs/testagent-experiment/lib/python3.10/site-packages/tensorflow/core/framework/attr_value_pb2.py:33: DeprecationWarning: Call to deprecated create function Descriptor(). Note: Create unlinked descriptors is going to go away. Please use get/find descriptors from generated code or query the descriptor_pool.
    _ATTRVALUE_LISTVALUE = _descriptor.Descriptor(

../../../../../../../../opt/anaconda3/envs/testagent-experiment/lib/python3.10/site-packages/tensorflow/python/framework/dtypes.py:205
  /opt/anaconda3/envs/testagent-experiment/lib/python3.10/site-packages/tensorflow/python/framework/dtypes.py:205: DeprecationWarning: `np.bool8` is a deprecated alias for `np.bool_`.  (Deprecated NumPy 1.24)
    np.bool8: (False, True),

../../../../../../../../opt/anaconda3/envs/testagent-experiment/lib/python3.10/site-packages/flatbuffers/compat.py:19
  /opt/anaconda3/envs/testagent-experiment/lib/python3.10/site-packages/flatbuffers/compat.py:19: DeprecationWarning: the imp module is deprecated in favour of importlib and slated for removal in Python 3.12; see the module's documentation for alternative uses
    import imp

../../../../../../../../opt/anaconda3/envs/testagent-experiment/lib/python3.10/site-packages/tensorboard/compat/tensorflow_stub/dtypes.py:326
  /opt/anaconda3/envs/testagent-experiment/lib/python3.10/site-packages/tensorboard/compat/tensorflow_stub/dtypes.py:326: DeprecationWarning: `np.bool8` is a deprecated alias for `np.bool_`.  (Deprecated NumPy 1.24)
    np.bool8: (False, True),

-- Docs: https://docs.pytest.org/en/stable/how-to/capture-warnings.html
================================ tests coverage ================================
______________ coverage: platform darwin, python 3.10.19-final-0 _______________

Name                                                           Stmts   Miss Branch BrPart  Cover   Missing
----------------------------------------------------------------------------------------------------------
tests/test_tensorflow_python_ops_ragged_ragged_string_ops.py     219     79    112     13    54%   45, 88-91, 138-153, 165-167, 176, 228-229, 250-252, 261->266, 269-270, 276-278, 320->332, 326-329, 334-338, 341->349, 355-361, 404-485, 538
----------------------------------------------------------------------------------------------------------
TOTAL                                                            219     79    112     13    54%
Coverage XML written to file coverage.xml
=========================== short test summary info ============================
FAILED tests/test_tensorflow_python_ops_ragged_ragged_string_ops.py::TestRaggedStringOps::test_string_bytes_split_basic[Tensor-content0-expected_shape0]
FAILED tests/test_tensorflow_python_ops_ragged_ragged_string_ops.py::TestRaggedStringOps::test_string_bytes_split_basic[RaggedTensor-content1-ragged]
FAILED tests/test_tensorflow_python_ops_ragged_ragged_string_ops.py::TestRaggedStringOps::test_unicode_encode_basic[input_shape0-content0-UTF-8-replace-65533]
FAILED tests/test_tensorflow_python_ops_ragged_ragged_string_ops.py::TestRaggedStringOps::test_unicode_decode_basic[input_shape0-content0-UTF-8-replace-65533-False]
FAILED tests/test_tensorflow_python_ops_ragged_ragged_string_ops.py::TestRaggedStringOps::test_unicode_decode_basic[input_shape1-content1-UTF-8-strict-65533-True]
FAILED tests/test_tensorflow_python_ops_ragged_ragged_string_ops.py::TestRaggedStringOps::test_string_split_v2_basic[Tensor-content0-,--1-expected_shape0]
FAILED tests/test_tensorflow_python_ops_ragged_ragged_string_ops.py::TestRaggedStringOps::test_string_split_v2_basic[RaggedTensor-content1-None-1-ragged]
FAILED tests/test_tensorflow_python_ops_ragged_ragged_string_ops.py::TestRaggedStringOps::test_ngrams_basic[Tensor-content0-2- -None-None-False-expected_shape0]
FAILED tests/test_tensorflow_python_ops_ragged_ragged_string_ops.py::TestRaggedStringOps::test_ngrams_basic[RaggedTensor-content1-3---PAD-2-True-ragged]
FAILED tests/test_tensorflow_python_ops_ragged_ragged_string_ops.py::TestRaggedStringOps::test_string_bytes_split_invalid_rank
ERROR tests/test_tensorflow_python_ops_ragged_ragged_string_ops.py::TestRaggedStringOps::test_string_bytes_split_basic[Tensor-content0-expected_shape0]
ERROR tests/test_tensorflow_python_ops_ragged_ragged_string_ops.py::TestRaggedStringOps::test_string_bytes_split_basic[RaggedTensor-content1-ragged]
ERROR tests/test_tensorflow_python_ops_ragged_ragged_string_ops.py::TestRaggedStringOps::test_unicode_encode_basic[input_shape0-content0-UTF-8-replace-65533]
ERROR tests/test_tensorflow_python_ops_ragged_ragged_string_ops.py::TestRaggedStringOps::test_unicode_encode_basic[input_shape1-content1-UTF-16-BE-ignore-65533]
ERROR tests/test_tensorflow_python_ops_ragged_ragged_string_ops.py::TestRaggedStringOps::test_unicode_decode_basic[input_shape0-content0-UTF-8-replace-65533-False]
ERROR tests/test_tensorflow_python_ops_ragged_ragged_string_ops.py::TestRaggedStringOps::test_unicode_decode_basic[input_shape1-content1-UTF-8-strict-65533-True]
ERROR tests/test_tensorflow_python_ops_ragged_ragged_string_ops.py::TestRaggedStringOps::test_string_split_v2_basic[Tensor-content0-,--1-expected_shape0]
ERROR tests/test_tensorflow_python_ops_ragged_ragged_string_ops.py::TestRaggedStringOps::test_string_split_v2_basic[RaggedTensor-content1-None-1-ragged]
ERROR tests/test_tensorflow_python_ops_ragged_ragged_string_ops.py::TestRaggedStringOps::test_ngrams_basic[Tensor-content0-2- -None-None-False-expected_shape0]
ERROR tests/test_tensorflow_python_ops_ragged_ragged_string_ops.py::TestRaggedStringOps::test_ngrams_basic[RaggedTensor-content1-3---PAD-2-True-ragged]
ERROR tests/test_tensorflow_python_ops_ragged_ragged_string_ops.py::TestRaggedStringOps::test_string_bytes_split_invalid_rank
ERROR tests/test_tensorflow_python_ops_ragged_ragged_string_ops.py::TestRaggedStringOps::test_unicode_encode_invalid_encoding
ERROR tests/test_tensorflow_python_ops_ragged_ragged_string_ops.py::TestRaggedStringOps::test_unicode_decode_invalid_input
ERROR tests/test_tensorflow_python_ops_ragged_ragged_string_ops.py::TestRaggedStringOps::test_ngrams_invalid_width
10 failed, 4 passed, 103 warnings, 14 errors in 1.95s

Error: exit 1