=== Run Tests ===
FF.F..FFF.F...                                                           [100%]
=================================== FAILURES ===================================
_ TestRaggedStringOps.test_string_bytes_split_basic[Tensor-content0-expected_shape0] _

self = <test_tensorflow_python_ops_ragged_ragged_string_ops.TestRaggedStringOps object at 0x1545fc940>
input_type = 'Tensor'
content = ['hello', 'world', 'test', 'data', 'split', 'bytes']
expected_shape = [2, 3]

    @pytest.mark.parametrize("input_type,content,expected_shape", [
        # 基础Tensor输入
        ("Tensor", ["hello", "world", "test", "data", "split", "bytes"], [2, 3]),
        # RaggedTensor输入扩展（Medium优先级）
        ("RaggedTensor", [["hello", "world"], ["test"], ["data", "split", "bytes"]], "ragged"),
    ])
    def test_string_bytes_split_basic(self, input_type, content, expected_shape):
        """测试 string_bytes_split 基础功能"""
        # 准备输入
        if input_type == "Tensor":
            # 创建普通Tensor
            if expected_shape == [2, 3]:
                # 将内容重塑为2x3形状
                input_data = tf.constant(content, shape=expected_shape)
            else:
                input_data = tf.constant(content)
        else:  # RaggedTensor
            # 创建RaggedTensor
            input_data = tf.ragged.constant(content)
    
        # 执行操作
        result = ragged_string_ops.string_bytes_split(input_data)
    
        # 弱断言验证
        # 1. 输出类型检查
        assert isinstance(result, tf.RaggedTensor), f"输出应为RaggedTensor，实际为{type(result)}"
    
        # 2. 输出秩检查（应为输入秩+1）
        input_rank = input_data.shape.ndims
        result_rank = result.shape.ndims
        assert result_rank == input_rank + 1, f"输出秩应为{input_rank + 1}，实际为{result_rank}"
    
        # 3. 基本形状检查
        if input_type == "Tensor" and expected_shape == [2, 3]:
            # 对于2x3 Tensor，结果应为3维RaggedTensor
            assert result_rank == 3, f"对于2x3输入，输出秩应为3，实际为{result_rank}"
            # 检查外层形状
            assert result.shape[0] == 2, f"外层维度应为2，实际为{result.shape[0]}"
            assert result.shape[1] == 3, f"第二维度应为3，实际为{result.shape[1]}"
    
            # 修正：对于2D Tensor输入，string_bytes_split会创建3D RaggedTensor
            # 其中ragged_rank应为1（最后一个维度是ragged的）
            # 但根据文档，对于2D输入，输出是3D RaggedTensor，ragged_rank应为1
            # 让我们验证实际行为
>           assert result.ragged_rank == 1, f"对于2D Tensor输入，ragged_rank应为1，实际为{result.ragged_rank}"
E           AssertionError: 对于2D Tensor输入，ragged_rank应为1，实际为2
E           assert 2 == 1
E            +  where 2 = <tf.RaggedTensor [[[b'h', b'e', b'l', b'l', b'o'], [b'w', b'o', b'r', b'l', b'd'],\n  [b't', b'e', b's', b't']],\n [[b'd', b'a', b't', b'a'], [b's', b'p', b'l', b'i', b't'],\n  [b'b', b'y', b't', b'e', b's']]]>.ragged_rank

tests/test_tensorflow_python_ops_ragged_ragged_string_ops.py:78: AssertionError
_ TestRaggedStringOps.test_string_bytes_split_basic[RaggedTensor-content1-ragged] _

self = <test_tensorflow_python_ops_ragged_ragged_string_ops.TestRaggedStringOps object at 0x1545fca60>
input_type = 'RaggedTensor'
content = [['hello', 'world'], ['test'], ['data', 'split', 'bytes']]
expected_shape = 'ragged'

    @pytest.mark.parametrize("input_type,content,expected_shape", [
        # 基础Tensor输入
        ("Tensor", ["hello", "world", "test", "data", "split", "bytes"], [2, 3]),
        # RaggedTensor输入扩展（Medium优先级）
        ("RaggedTensor", [["hello", "world"], ["test"], ["data", "split", "bytes"]], "ragged"),
    ])
    def test_string_bytes_split_basic(self, input_type, content, expected_shape):
        """测试 string_bytes_split 基础功能"""
        # 准备输入
        if input_type == "Tensor":
            # 创建普通Tensor
            if expected_shape == [2, 3]:
                # 将内容重塑为2x3形状
                input_data = tf.constant(content, shape=expected_shape)
            else:
                input_data = tf.constant(content)
        else:  # RaggedTensor
            # 创建RaggedTensor
            input_data = tf.ragged.constant(content)
    
        # 执行操作
        result = ragged_string_ops.string_bytes_split(input_data)
    
        # 弱断言验证
        # 1. 输出类型检查
        assert isinstance(result, tf.RaggedTensor), f"输出应为RaggedTensor，实际为{type(result)}"
    
        # 2. 输出秩检查（应为输入秩+1）
        input_rank = input_data.shape.ndims
        result_rank = result.shape.ndims
        assert result_rank == input_rank + 1, f"输出秩应为{input_rank + 1}，实际为{result_rank}"
    
        # 3. 基本形状检查
        if input_type == "Tensor" and expected_shape == [2, 3]:
            # 对于2x3 Tensor，结果应为3维RaggedTensor
            assert result_rank == 3, f"对于2x3输入，输出秩应为3，实际为{result_rank}"
            # 检查外层形状
            assert result.shape[0] == 2, f"外层维度应为2，实际为{result.shape[0]}"
            assert result.shape[1] == 3, f"第二维度应为3，实际为{result.shape[1]}"
    
            # 修正：对于2D Tensor输入，string_bytes_split会创建3D RaggedTensor
            # 其中ragged_rank应为1（最后一个维度是ragged的）
            # 但根据文档，对于2D输入，输出是3D RaggedTensor，ragged_rank应为1
            # 让我们验证实际行为
            assert result.ragged_rank == 1, f"对于2D Tensor输入，ragged_rank应为1，实际为{result.ragged_rank}"
    
        # 4. 内容保留检查
        # string_bytes_split返回字节字符串，不是整数列表
        if input_type == "Tensor" and expected_shape == [2, 3]:
            # 对于2x3 Tensor，检查每个元素
            for i in range(2):
                for j in range(3):
                    original_str = content[i * 3 + j]
                    # 获取对应的字节字符串列表
                    byte_strings = result[i][j].numpy().tolist()
                    # 将字节字符串重新组合成原始字符串
                    reconstructed = b''.join(byte_strings).decode('utf-8')
                    assert reconstructed == original_str, \
                        f"位置({i},{j})：原始'{original_str}'，重构'{reconstructed}'"
    
                    # 验证字节数量
                    expected_bytes = len(original_str.encode('utf-8'))
                    actual_bytes = len(byte_strings)
                    assert actual_bytes == expected_bytes, \
                        f"位置({i},{j})：应有{expected_bytes}字节，实际有{actual_bytes}字节"
    
        # 5. 验证RaggedTensor属性
        if input_type == "Tensor" and expected_shape == [2, 3]:
            # 对于2D Tensor输入，string_bytes_split会创建3D RaggedTensor
            # 其中ragged_rank应为1（最后一个维度是ragged的）
            # 已在上面验证
            pass
        elif input_type == "RaggedTensor":
            # 对于RaggedTensor输入，ragged_rank会增加1
            input_ragged_rank = input_data.ragged_rank if hasattr(input_data, 'ragged_rank') else 0
            expected_ragged_rank = input_ragged_rank + 1
            # 注意：对于嵌套的RaggedTensor，实际行为可能不同
            # 让我们先验证基本属性
            assert result.ragged_rank >= 1, \
                f"RaggedTensor输出至少应有ragged_rank 1，实际为{result.ragged_rank}"
    
        # 6. 验证数据类型
        assert result.dtype == tf.string, f"数据类型应为tf.string，实际为{result.dtype}"
    
        # 7. 验证非空结果
>       assert result.shape.num_elements() > 0, "结果不应为空"
E       TypeError: '>' not supported between instances of 'NoneType' and 'int'

tests/test_tensorflow_python_ops_ragged_ragged_string_ops.py:119: TypeError
_ TestRaggedStringOps.test_unicode_encode_basic[input_shape1-content1-UTF-16-BE-ignore-65533] _

self = <test_tensorflow_python_ops_ragged_ragged_string_ops.TestRaggedStringOps object at 0x1545fd090>
input_shape = [1, 5], content = [[72, 101, 108, 108, 111]]
output_encoding = 'UTF-16-BE', errors = 'ignore', replacement_char = 65533

    @pytest.mark.parametrize("input_shape,content,output_encoding,errors,replacement_char", [
        # 基础UTF-8编码，replace错误模式
        ([2, 3], [[72, 101, 108], [108, 111, 32], [87, 111, 114], [108, 100, 33]],
         "UTF-8", "replace", 65533),
        # UTF-16编码，ignore错误模式（Medium优先级）
        ([1, 5], [[72, 101, 108, 108, 111]], "UTF-16-BE", "ignore", 65533),
    ])
    def test_unicode_encode_basic(self, input_shape, content, output_encoding, errors, replacement_char):
        """测试 unicode_encode 基础编码功能"""
        # 准备输入（整数Tensor）
        # 注意：unicode_encode期望输入形状为[D1...DN, num_chars]
        # 所以对于[2,3]形状，我们期望有2x3=6个序列，每个序列长度3
        # 但测试计划中的content只有4个序列。让我们修正这个问题
    
        # 修正：根据input_shape创建正确的内容
        if input_shape == [2, 3]:
            # 我们需要6个序列，每个长度3
            # 使用测试计划中的内容，但确保形状正确
            # 实际上，测试计划中的content是4x3，不是2x3
            # 让我们创建正确的内容：[72,101,108]=Hel, [108,111,32]=lo_, [87,111,114]=Wor, [108,100,33]=ld!
            # 再加两个序列：[65,66,67]=ABC, [68,69,70]=DEF
            correct_content = [
                [72, 101, 108],    # Hel
                [108, 111, 32],    # lo_ (空格)
                [87, 111, 114],    # Wor
                [108, 100, 33],    # ld!
                [65, 66, 67],      # ABC
                [68, 69, 70]       # DEF
            ]
            input_data = tf.constant(correct_content, dtype=tf.int32, shape=[2, 3, 3])
        elif input_shape == [1, 5]:
            # [1,5]形状：1个序列，长度5
>           input_data = tf.constant(content, dtype=tf.int32, shape=[1, 5, 5])

tests/test_tensorflow_python_ops_ragged_ragged_string_ops.py:163: 
_ _ _ _ _ _ _ _ _ _ _ _ _ _ _ _ _ _ _ _ _ _ _ _ _ _ _ _ _ _ _ _ _ _ _ _ _ _ _ _ 
/opt/anaconda3/envs/testagent-experiment/lib/python3.10/site-packages/tensorflow/python/framework/constant_op.py:267: in constant
    return _constant_impl(value, dtype, shape, name, verify_shape=False,
/opt/anaconda3/envs/testagent-experiment/lib/python3.10/site-packages/tensorflow/python/framework/constant_op.py:279: in _constant_impl
    return _constant_eager_impl(ctx, value, dtype, shape, verify_shape)
_ _ _ _ _ _ _ _ _ _ _ _ _ _ _ _ _ _ _ _ _ _ _ _ _ _ _ _ _ _ _ _ _ _ _ _ _ _ _ _ 

ctx = <tensorflow.python.eager.context.Context object at 0x152a271f0>
value = [[72, 101, 108, 108, 111]], dtype = tf.int32
shape = TensorShape([1, 5, 5]), verify_shape = False

    def _constant_eager_impl(ctx, value, dtype, shape, verify_shape):
      """Creates a constant on the current device."""
      t = convert_to_eager_tensor(value, ctx, dtype)
      if shape is None:
        return t
      shape = tensor_shape.as_shape(shape)
      if shape == t.shape:
        return t
      if verify_shape:
        raise TypeError(f"Expected Tensor {t} (converted from {value}) with shape "
                        f"{tuple(shape)}, but got shape {tuple(t.shape)}.")
      num_t = t.shape.num_elements()
      # TODO(josh11b): Implement shape -> eager tensor conversion.
      if num_t == shape.num_elements():
        return _eager_reshape(t, shape.as_list(), ctx)
      if num_t == 1:
        if t.dtype == dtypes.bool:
          # We don't have a Fill kernel for bool dtype on GPU. So we first run
          # Fill on CPU and then copy to GPU if needed.
          with ops.device("/device:CPU:0"):
            x = _eager_fill(shape.as_list(), _eager_identity(t, ctx), ctx)
          return _eager_identity(x, ctx)
        else:
          return _eager_fill(shape.as_list(), t, ctx)
>     raise TypeError("Eager execution of tf.constant with unsupported shape. "
                      f"Tensor {t} (converted from {value}) has {num_t:d} "
                      f"elements, but got `shape` {shape} with "
                      f"{shape.num_elements()} elements).")
E     TypeError: Eager execution of tf.constant with unsupported shape. Tensor [[ 72 101 108 108 111]] (converted from [[72, 101, 108, 108, 111]]) has 5 elements, but got `shape` (1, 5, 5) with 25 elements).

/opt/anaconda3/envs/testagent-experiment/lib/python3.10/site-packages/tensorflow/python/framework/constant_op.py:326: TypeError
_ TestRaggedStringOps.test_string_split_v2_basic[Tensor-content0-,--1-expected_shape0] _

self = <test_tensorflow_python_ops_ragged_ragged_string_ops.TestRaggedStringOps object at 0x1545fc6a0>
input_type = 'Tensor', content = ['a,b,c', 'd,e,f', 'g,h,i'], sep = ','
maxsplit = -1, expected_shape = [3]

    @pytest.mark.parametrize("input_type,content,sep,maxsplit,expected_shape", [
        # 基础逗号分割，无最大分割限制
        ("Tensor", ["a,b,c", "d,e,f", "g,h,i"], ",", -1, [3]),
        # RaggedTensor输入和maxsplit限制（Medium优先级）
        ("RaggedTensor", [["a,b,c", "d,e"], ["f,g,h,i"]], None, 1, "ragged"),
    ])
    def test_string_split_v2_basic(self, input_type, content, sep, maxsplit, expected_shape):
        """测试 string_split_v2 基础分割功能"""
        # 准备输入
        if input_type == "Tensor":
            input_data = tf.constant(content, shape=expected_shape)
        else:  # RaggedTensor
            input_data = tf.ragged.constant(content)
    
        # 执行操作
        result = ragged_string_ops.string_split_v2(
            input_data,
            sep=sep,
            maxsplit=maxsplit
        )
    
        # 弱断言验证
        # 1. 输出类型检查
        assert isinstance(result, tf.RaggedTensor), f"输出应为RaggedTensor，实际为{type(result)}"
    
        # 2. 输出秩检查
        input_rank = input_data.shape.ndims
        result_rank = result.shape.ndims
        assert result_rank == input_rank + 1, \
            f"输出秩应为{input_rank + 1}，实际为{result_rank}"
    
        # 3. 分割数量检查
        if input_type == "Tensor" and content == ["a,b,c", "d,e,f", "g,h,i"] and sep == ",":
            # 每个字符串应被分割成3部分
            # 注意：string_split_v2返回的是字节字符串，需要解码比较
            result_list = result.to_list()
            assert len(result_list) == 3, f"应有3个分割结果，实际有{len(result_list)}"
    
            # 检查每个分割结果
            for i, parts in enumerate(result_list):
                assert len(parts) == 3, f"第{i}个字符串应分割为3部分，实际为{len(parts)}"
    
                # 验证具体内容 - 注意：parts是字节字符串列表
                if i == 0:
                    # 解码字节字符串进行比较
                    decoded_parts = [p.decode('utf-8') if isinstance(p, bytes) else p for p in parts]
                    assert decoded_parts == ["a", "b", "c"], \
                        f"第一个分割应为['a','b','c']，实际为{decoded_parts}"
                elif i == 1:
                    decoded_parts = [p.decode('utf-8') if isinstance(p, bytes) else p for p in parts]
                    assert decoded_parts == ["d", "e", "f"], \
                        f"第二个分割应为['d','e','f']，实际为{decoded_parts}"
                elif i == 2:
                    decoded_parts = [p.decode('utf-8') if isinstance(p, bytes) else p for p in parts]
                    assert decoded_parts == ["g", "h", "i"], \
                        f"第三个分割应为['g','h','i']，实际为{decoded_parts}"
    
        # 4. 基本分隔符检查
        if sep is not None:
            # 验证分隔符被正确使用
            result_values = result.flat_values.numpy()
            # 确保结果中不包含分隔符（除非maxsplit限制）
            sep_bytes = sep.encode('utf-8') if isinstance(sep, str) else sep
            for val in result_values:
                # 检查字节字符串中是否包含分隔符
                if isinstance(val, bytes) and sep_bytes is not None:
                    assert sep_bytes not in val, f"结果中不应包含分隔符：{val}"
    
        # 5. maxsplit限制检查
        if maxsplit > 0:
            # 如果有最大分割限制，检查分割数量
            result_list = result.to_list()
            for parts in result_list:
                assert len(parts) <= maxsplit + 1, \
                    f"最大分割{maxsplit}时，部分数量不应超过{maxsplit + 1}，实际为{len(parts)}"
    
        # 6. 数据类型检查
        assert result.dtype == tf.string, f"数据类型应为tf.string，实际为{result.dtype}"
    
        # 7. 验证RaggedTensor属性
        assert result.ragged_rank == 1, f"RaggedTensor的ragged_rank应为1，实际为{result.ragged_rank}"
    
        # 8. 验证非空结果
>       assert result.shape.num_elements() > 0, "分割结果不应为空"
E       TypeError: '>' not supported between instances of 'NoneType' and 'int'

tests/test_tensorflow_python_ops_ragged_ragged_string_ops.py:479: TypeError
_ TestRaggedStringOps.test_string_split_v2_basic[RaggedTensor-content1-None-1-ragged] _

self = <test_tensorflow_python_ops_ragged_ragged_string_ops.TestRaggedStringOps object at 0x1545fd870>
input_type = 'RaggedTensor', content = [['a,b,c', 'd,e'], ['f,g,h,i']]
sep = None, maxsplit = 1, expected_shape = 'ragged'

    @pytest.mark.parametrize("input_type,content,sep,maxsplit,expected_shape", [
        # 基础逗号分割，无最大分割限制
        ("Tensor", ["a,b,c", "d,e,f", "g,h,i"], ",", -1, [3]),
        # RaggedTensor输入和maxsplit限制（Medium优先级）
        ("RaggedTensor", [["a,b,c", "d,e"], ["f,g,h,i"]], None, 1, "ragged"),
    ])
    def test_string_split_v2_basic(self, input_type, content, sep, maxsplit, expected_shape):
        """测试 string_split_v2 基础分割功能"""
        # 准备输入
        if input_type == "Tensor":
            input_data = tf.constant(content, shape=expected_shape)
        else:  # RaggedTensor
            input_data = tf.ragged.constant(content)
    
        # 执行操作
        result = ragged_string_ops.string_split_v2(
            input_data,
            sep=sep,
            maxsplit=maxsplit
        )
    
        # 弱断言验证
        # 1. 输出类型检查
        assert isinstance(result, tf.RaggedTensor), f"输出应为RaggedTensor，实际为{type(result)}"
    
        # 2. 输出秩检查
        input_rank = input_data.shape.ndims
        result_rank = result.shape.ndims
        assert result_rank == input_rank + 1, \
            f"输出秩应为{input_rank + 1}，实际为{result_rank}"
    
        # 3. 分割数量检查
        if input_type == "Tensor" and content == ["a,b,c", "d,e,f", "g,h,i"] and sep == ",":
            # 每个字符串应被分割成3部分
            # 注意：string_split_v2返回的是字节字符串，需要解码比较
            result_list = result.to_list()
            assert len(result_list) == 3, f"应有3个分割结果，实际有{len(result_list)}"
    
            # 检查每个分割结果
            for i, parts in enumerate(result_list):
                assert len(parts) == 3, f"第{i}个字符串应分割为3部分，实际为{len(parts)}"
    
                # 验证具体内容 - 注意：parts是字节字符串列表
                if i == 0:
                    # 解码字节字符串进行比较
                    decoded_parts = [p.decode('utf-8') if isinstance(p, bytes) else p for p in parts]
                    assert decoded_parts == ["a", "b", "c"], \
                        f"第一个分割应为['a','b','c']，实际为{decoded_parts}"
                elif i == 1:
                    decoded_parts = [p.decode('utf-8') if isinstance(p, bytes) else p for p in parts]
                    assert decoded_parts == ["d", "e", "f"], \
                        f"第二个分割应为['d','e','f']，实际为{decoded_parts}"
                elif i == 2:
                    decoded_parts = [p.decode('utf-8') if isinstance(p, bytes) else p for p in parts]
                    assert decoded_parts == ["g", "h", "i"], \
                        f"第三个分割应为['g','h','i']，实际为{decoded_parts}"
    
        # 4. 基本分隔符检查
        if sep is not None:
            # 验证分隔符被正确使用
            result_values = result.flat_values.numpy()
            # 确保结果中不包含分隔符（除非maxsplit限制）
            sep_bytes = sep.encode('utf-8') if isinstance(sep, str) else sep
            for val in result_values:
                # 检查字节字符串中是否包含分隔符
                if isinstance(val, bytes) and sep_bytes is not None:
                    assert sep_bytes not in val, f"结果中不应包含分隔符：{val}"
    
        # 5. maxsplit限制检查
        if maxsplit > 0:
            # 如果有最大分割限制，检查分割数量
            result_list = result.to_list()
            for parts in result_list:
                assert len(parts) <= maxsplit + 1, \
                    f"最大分割{maxsplit}时，部分数量不应超过{maxsplit + 1}，实际为{len(parts)}"
    
        # 6. 数据类型检查
        assert result.dtype == tf.string, f"数据类型应为tf.string，实际为{result.dtype}"
    
        # 7. 验证RaggedTensor属性
>       assert result.ragged_rank == 1, f"RaggedTensor的ragged_rank应为1，实际为{result.ragged_rank}"
E       AssertionError: RaggedTensor的ragged_rank应为1，实际为2
E       assert 2 == 1
E        +  where 2 = <tf.RaggedTensor [[[b'a,b,c', b''],\n  [b'd,e', b'']]  , [[b'f,g,h,i', b'']]]>.ragged_rank

tests/test_tensorflow_python_ops_ragged_ragged_string_ops.py:476: AssertionError
_ TestRaggedStringOps.test_ngrams_basic[Tensor-content0-2- -None-None-False-expected_shape0] _

self = <test_tensorflow_python_ops_ragged_ragged_string_ops.TestRaggedStringOps object at 0x1545fdc60>
data_type = 'Tensor', content = ['a', 'b', 'c', 'd', 'e', 'f', ...]
ngram_width = 2, separator = ' ', pad_values = None, padding_width = None
preserve_short_sequences = False, expected_shape = [3, 4]

    @pytest.mark.parametrize("data_type,content,ngram_width,separator,pad_values,padding_width,preserve_short_sequences,expected_shape", [
        # 基础n-gram生成，宽度2，空格分隔
        ("Tensor", ["a", "b", "c", "d", "e", "f", "g", "h", "i", "j", "k", "l"],
         2, " ", None, None, False, [3, 4]),
        # RaggedTensor输入和完整填充选项（Medium优先级）
        ("RaggedTensor", [["a", "b", "c"], ["d", "e"], ["f"]],
         3, "-", "PAD", 2, True, "ragged"),
    ])
    def test_ngrams_basic(self, data_type, content, ngram_width, separator,
                          pad_values, padding_width, preserve_short_sequences, expected_shape):
        """测试 ngrams 基础生成功能"""
        # 准备输入
        if data_type == "Tensor":
            data = tf.constant(content, shape=expected_shape)
        else:  # RaggedTensor
            data = tf.ragged.constant(content)
    
        # 执行操作
        result = ragged_string_ops.ngrams(
            data,
            ngram_width=ngram_width,
            separator=separator,
            pad_values=pad_values,
            padding_width=padding_width,
            preserve_short_sequences=preserve_short_sequences
        )
    
        # 弱断言验证
        # 1. 输出类型检查
        # 根据文档，ngrams总是返回RaggedTensor
>       assert isinstance(result, tf.RaggedTensor), f"输出应为RaggedTensor，实际为{type(result)}"
E       AssertionError: 输出应为RaggedTensor，实际为<class 'tensorflow.python.framework.ops.EagerTensor'>
E       assert False
E        +  where False = isinstance(<tf.Tensor: shape=(3, 3), dtype=string, numpy=\narray([[b'a b', b'b c', b'c d'],\n       [b'e f', b'f g', b'g h'],\n       [b'i j', b'j k', b'k l']], dtype=object)>, <class 'tensorflow.python.ops.ragged.ragged_tensor.RaggedTensor'>)
E        +    where <class 'tensorflow.python.ops.ragged.ragged_tensor.RaggedTensor'> = tf.RaggedTensor

tests/test_tensorflow_python_ops_ragged_ragged_string_ops.py:521: AssertionError
___________ TestRaggedStringOps.test_string_bytes_split_invalid_rank ___________

self = <test_tensorflow_python_ops_ragged_ragged_string_ops.TestRaggedStringOps object at 0x1545fe350>

    def test_string_bytes_split_invalid_rank(self):
        """测试 string_bytes_split 无效秩输入"""
        # 根据文档，string_bytes_split要求输入有静态已知的秩
        # 创建动态形状的Tensor
        # 使用tf.placeholder的替代方法：创建具有未知形状的Tensor
        # 在TensorFlow 2.x中，我们可以使用tf.ensure_shape来创建动态形状
    
        # 方法1：使用tf.reshape创建动态形状
        # 但tf.reshape(-1)会创建形状为[?]的Tensor，这仍然有秩1
    
        # 方法2：创建标量然后尝试分割
        # 标量Tensor（秩0）应该被接受，因为文档显示它会被处理
    
        # 实际上，根据源码，string_bytes_split会处理秩0的情况：
        # if rank == 0: return string_bytes_split(array_ops.stack([input]))[0]
    
        # 让我们测试一个真正无效的情况：使用tf.while_loop创建动态秩？
        # 这太复杂了。让我们测试一个有效但边界的情况
    
        # 测试1：空字符串
        empty_string = tf.constant("")
        result = ragged_string_ops.string_bytes_split(empty_string)
        # 空字符串应返回空的字节列表
>       assert isinstance(result, tf.RaggedTensor)
E       AssertionError: assert False
E        +  where False = isinstance(<tf.Tensor: shape=(0,), dtype=string, numpy=array([], dtype=object)>, <class 'tensorflow.python.ops.ragged.ragged_tensor.RaggedTensor'>)
E        +    where <class 'tensorflow.python.ops.ragged.ragged_tensor.RaggedTensor'> = tf.RaggedTensor

tests/test_tensorflow_python_ops_ragged_ragged_string_ops.py:678: AssertionError
=============================== warnings summary ===============================
../../../../../../../../opt/anaconda3/envs/testagent-experiment/lib/python3.10/site-packages/tensorflow/core/framework/tensor_shape_pb2.py:18
  /opt/anaconda3/envs/testagent-experiment/lib/python3.10/site-packages/tensorflow/core/framework/tensor_shape_pb2.py:18: DeprecationWarning: Call to deprecated create function FileDescriptor(). Note: Create unlinked descriptors is going to go away. Please use get/find descriptors from generated code or query the descriptor_pool.
    DESCRIPTOR = _descriptor.FileDescriptor(

../../../../../../../../opt/anaconda3/envs/testagent-experiment/lib/python3.10/site-packages/tensorflow/core/framework/tensor_shape_pb2.py:36
  /opt/anaconda3/envs/testagent-experiment/lib/python3.10/site-packages/tensorflow/core/framework/tensor_shape_pb2.py:36: DeprecationWarning: Call to deprecated create function FieldDescriptor(). Note: Create unlinked descriptors is going to go away. Please use get/find descriptors from generated code or query the descriptor_pool.
    _descriptor.FieldDescriptor(

../../../../../../../../opt/anaconda3/envs/testagent-experiment/lib/python3.10/site-packages/tensorflow/core/framework/tensor_shape_pb2.py:43
  /opt/anaconda3/envs/testagent-experiment/lib/python3.10/site-packages/tensorflow/core/framework/tensor_shape_pb2.py:43: DeprecationWarning: Call to deprecated create function FieldDescriptor(). Note: Create unlinked descriptors is going to go away. Please use get/find descriptors from generated code or query the descriptor_pool.
    _descriptor.FieldDescriptor(

../../../../../../../../opt/anaconda3/envs/testagent-experiment/lib/python3.10/site-packages/tensorflow/core/framework/tensor_shape_pb2.py:29
  /opt/anaconda3/envs/testagent-experiment/lib/python3.10/site-packages/tensorflow/core/framework/tensor_shape_pb2.py:29: DeprecationWarning: Call to deprecated create function Descriptor(). Note: Create unlinked descriptors is going to go away. Please use get/find descriptors from generated code or query the descriptor_pool.
    _TENSORSHAPEPROTO_DIM = _descriptor.Descriptor(

../../../../../../../../opt/anaconda3/envs/testagent-experiment/lib/python3.10/site-packages/tensorflow/core/framework/tensor_shape_pb2.py:73
  /opt/anaconda3/envs/testagent-experiment/lib/python3.10/site-packages/tensorflow/core/framework/tensor_shape_pb2.py:73: DeprecationWarning: Call to deprecated create function FieldDescriptor(). Note: Create unlinked descriptors is going to go away. Please use get/find descriptors from generated code or query the descriptor_pool.
    _descriptor.FieldDescriptor(

../../../../../../../../opt/anaconda3/envs/testagent-experiment/lib/python3.10/site-packages/tensorflow/core/framework/tensor_shape_pb2.py:80
  /opt/anaconda3/envs/testagent-experiment/lib/python3.10/site-packages/tensorflow/core/framework/tensor_shape_pb2.py:80: DeprecationWarning: Call to deprecated create function FieldDescriptor(). Note: Create unlinked descriptors is going to go away. Please use get/find descriptors from generated code or query the descriptor_pool.
    _descriptor.FieldDescriptor(

../../../../../../../../opt/anaconda3/envs/testagent-experiment/lib/python3.10/site-packages/tensorflow/core/framework/tensor_shape_pb2.py:66
  /opt/anaconda3/envs/testagent-experiment/lib/python3.10/site-packages/tensorflow/core/framework/tensor_shape_pb2.py:66: DeprecationWarning: Call to deprecated create function Descriptor(). Note: Create unlinked descriptors is going to go away. Please use get/find descriptors from generated code or query the descriptor_pool.
    _TENSORSHAPEPROTO = _descriptor.Descriptor(

../../../../../../../../opt/anaconda3/envs/testagent-experiment/lib/python3.10/site-packages/tensorflow/core/framework/types_pb2.py:19
  /opt/anaconda3/envs/testagent-experiment/lib/python3.10/site-packages/tensorflow/core/framework/types_pb2.py:19: DeprecationWarning: Call to deprecated create function FileDescriptor(). Note: Create unlinked descriptors is going to go away. Please use get/find descriptors from generated code or query the descriptor_pool.
    DESCRIPTOR = _descriptor.FileDescriptor(

../../../../../../../../opt/anaconda3/envs/testagent-experiment/lib/python3.10/site-packages/tensorflow/core/framework/types_pb2.py:33
  /opt/anaconda3/envs/testagent-experiment/lib/python3.10/site-packages/tensorflow/core/framework/types_pb2.py:33: DeprecationWarning: Call to deprecated create function EnumValueDescriptor(). Note: Create unlinked descriptors is going to go away. Please use get/find descriptors from generated code or query the descriptor_pool.
    _descriptor.EnumValueDescriptor(

../../../../../../../../opt/anaconda3/envs/testagent-experiment/lib/python3.10/site-packages/tensorflow/core/framework/types_pb2.py:37
  /opt/anaconda3/envs/testagent-experiment/lib/python3.10/site-packages/tensorflow/core/framework/types_pb2.py:37: DeprecationWarning: Call to deprecated create function EnumValueDescriptor(). Note: Create unlinked descriptors is going to go away. Please use get/find descriptors from generated code or query the descriptor_pool.
    _descriptor.EnumValueDescriptor(

../../../../../../../../opt/anaconda3/envs/testagent-experiment/lib/python3.10/site-packages/tensorflow/core/framework/types_pb2.py:41
  /opt/anaconda3/envs/testagent-experiment/lib/python3.10/site-packages/tensorflow/core/framework/types_pb2.py:41: DeprecationWarning: Call to deprecated create function EnumValueDescriptor(). Note: Create unlinked descriptors is going to go away. Please use get/find descriptors from generated code or query the descriptor_pool.
    _descriptor.EnumValueDescriptor(

../../../../../../../../opt/anaconda3/envs/testagent-experiment/lib/python3.10/site-packages/tensorflow/core/framework/types_pb2.py:45
  /opt/anaconda3/envs/testagent-experiment/lib/python3.10/site-packages/tensorflow/core/framework/types_pb2.py:45: DeprecationWarning: Call to deprecated create function EnumValueDescriptor(). Note: Create unlinked descriptors is going to go away. Please use get/find descriptors from generated code or query the descriptor_pool.
    _descriptor.EnumValueDescriptor(

../../../../../../../../opt/anaconda3/envs/testagent-experiment/lib/python3.10/site-packages/tensorflow/core/framework/types_pb2.py:49
  /opt/anaconda3/envs/testagent-experiment/lib/python3.10/site-packages/tensorflow/core/framework/types_pb2.py:49: DeprecationWarning: Call to deprecated create function EnumValueDescriptor(). Note: Create unlinked descriptors is going to go away. Please use get/find descriptors from generated code or query the descriptor_pool.
    _descriptor.EnumValueDescriptor(

../../../../../../../../opt/anaconda3/envs/testagent-experiment/lib/python3.10/site-packages/tensorflow/core/framework/types_pb2.py:53
  /opt/anaconda3/envs/testagent-experiment/lib/python3.10/site-packages/tensorflow/core/framework/types_pb2.py:53: DeprecationWarning: Call to deprecated create function EnumValueDescriptor(). Note: Create unlinked descriptors is going to go away. Please use get/find descriptors from generated code or query the descriptor_pool.
    _descriptor.EnumValueDescriptor(

../../../../../../../../opt/anaconda3/envs/testagent-experiment/lib/python3.10/site-packages/tensorflow/core/framework/types_pb2.py:57
  /opt/anaconda3/envs/testagent-experiment/lib/python3.10/site-packages/tensorflow/core/framework/types_pb2.py:57: DeprecationWarning: Call to deprecated create function EnumValueDescriptor(). Note: Create unlinked descriptors is going to go away. Please use get/find descriptors from generated code or query the descriptor_pool.
    _descriptor.EnumValueDescriptor(

../../../../../../../../opt/anaconda3/envs/testagent-experiment/lib/python3.10/site-packages/tensorflow/core/framework/types_pb2.py:61
  /opt/anaconda3/envs/testagent-experiment/lib/python3.10/site-packages/tensorflow/core/framework/types_pb2.py:61: DeprecationWarning: Call to deprecated create function EnumValueDescriptor(). Note: Create unlinked descriptors is going to go away. Please use get/find descriptors from generated code or query the descriptor_pool.
    _descriptor.EnumValueDescriptor(

../../../../../../../../opt/anaconda3/envs/testagent-experiment/lib/python3.10/site-packages/tensorflow/core/framework/types_pb2.py:65
  /opt/anaconda3/envs/testagent-experiment/lib/python3.10/site-packages/tensorflow/core/framework/types_pb2.py:65: DeprecationWarning: Call to deprecated create function EnumValueDescriptor(). Note: Create unlinked descriptors is going to go away. Please use get/find descriptors from generated code or query the descriptor_pool.
    _descriptor.EnumValueDescriptor(

../../../../../../../../opt/anaconda3/envs/testagent-experiment/lib/python3.10/site-packages/tensorflow/core/framework/types_pb2.py:69
  /opt/anaconda3/envs/testagent-experiment/lib/python3.10/site-packages/tensorflow/core/framework/types_pb2.py:69: DeprecationWarning: Call to deprecated create function EnumValueDescriptor(). Note: Create unlinked descriptors is going to go away. Please use get/find descriptors from generated code or query the descriptor_pool.
    _descriptor.EnumValueDescriptor(

../../../../../../../../opt/anaconda3/envs/testagent-experiment/lib/python3.10/site-packages/tensorflow/core/framework/types_pb2.py:73
  /opt/anaconda3/envs/testagent-experiment/lib/python3.10/site-packages/tensorflow/core/framework/types_pb2.py:73: DeprecationWarning: Call to deprecated create function EnumValueDescriptor(). Note: Create unlinked descriptors is going to go away. Please use get/find descriptors from generated code or query the descriptor_pool.
    _descriptor.EnumValueDescriptor(

../../../../../../../../opt/anaconda3/envs/testagent-experiment/lib/python3.10/site-packages/tensorflow/core/framework/types_pb2.py:77
  /opt/anaconda3/envs/testagent-experiment/lib/python3.10/site-packages/tensorflow/core/framework/types_pb2.py:77: DeprecationWarning: Call to deprecated create function EnumValueDescriptor(). Note: Create unlinked descriptors is going to go away. Please use get/find descriptors from generated code or query the descriptor_pool.
    _descriptor.EnumValueDescriptor(

../../../../../../../../opt/anaconda3/envs/testagent-experiment/lib/python3.10/site-packages/tensorflow/core/framework/types_pb2.py:81
  /opt/anaconda3/envs/testagent-experiment/lib/python3.10/site-packages/tensorflow/core/framework/types_pb2.py:81: DeprecationWarning: Call to deprecated create function EnumValueDescriptor(). Note: Create unlinked descriptors is going to go away. Please use get/find descriptors from generated code or query the descriptor_pool.
    _descriptor.EnumValueDescriptor(

../../../../../../../../opt/anaconda3/envs/testagent-experiment/lib/python3.10/site-packages/tensorflow/core/framework/types_pb2.py:85
  /opt/anaconda3/envs/testagent-experiment/lib/python3.10/site-packages/tensorflow/core/framework/types_pb2.py:85: DeprecationWarning: Call to deprecated create function EnumValueDescriptor(). Note: Create unlinked descriptors is going to go away. Please use get/find descriptors from generated code or query the descriptor_pool.
    _descriptor.EnumValueDescriptor(

../../../../../../../../opt/anaconda3/envs/testagent-experiment/lib/python3.10/site-packages/tensorflow/core/framework/types_pb2.py:89
  /opt/anaconda3/envs/testagent-experiment/lib/python3.10/site-packages/tensorflow/core/framework/types_pb2.py:89: DeprecationWarning: Call to deprecated create function EnumValueDescriptor(). Note: Create unlinked descriptors is going to go away. Please use get/find descriptors from generated code or query the descriptor_pool.
    _descriptor.EnumValueDescriptor(

../../../../../../../../opt/anaconda3/envs/testagent-experiment/lib/python3.10/site-packages/tensorflow/core/framework/types_pb2.py:93
  /opt/anaconda3/envs/testagent-experiment/lib/python3.10/site-packages/tensorflow/core/framework/types_pb2.py:93: DeprecationWarning: Call to deprecated create function EnumValueDescriptor(). Note: Create unlinked descriptors is going to go away. Please use get/find descriptors from generated code or query the descriptor_pool.
    _descriptor.EnumValueDescriptor(

../../../../../../../../opt/anaconda3/envs/testagent-experiment/lib/python3.10/site-packages/tensorflow/core/framework/types_pb2.py:97
  /opt/anaconda3/envs/testagent-experiment/lib/python3.10/site-packages/tensorflow/core/framework/types_pb2.py:97: DeprecationWarning: Call to deprecated create function EnumValueDescriptor(). Note: Create unlinked descriptors is going to go away. Please use get/find descriptors from generated code or query the descriptor_pool.
    _descriptor.EnumValueDescriptor(

../../../../../../../../opt/anaconda3/envs/testagent-experiment/lib/python3.10/site-packages/tensorflow/core/framework/types_pb2.py:101
  /opt/anaconda3/envs/testagent-experiment/lib/python3.10/site-packages/tensorflow/core/framework/types_pb2.py:101: DeprecationWarning: Call to deprecated create function EnumValueDescriptor(). Note: Create unlinked descriptors is going to go away. Please use get/find descriptors from generated code or query the descriptor_pool.
    _descriptor.EnumValueDescriptor(

../../../../../../../../opt/anaconda3/envs/testagent-experiment/lib/python3.10/site-packages/tensorflow/core/framework/types_pb2.py:105
  /opt/anaconda3/envs/testagent-experiment/lib/python3.10/site-packages/tensorflow/core/framework/types_pb2.py:105: DeprecationWarning: Call to deprecated create function EnumValueDescriptor(). Note: Create unlinked descriptors is going to go away. Please use get/find descriptors from generated code or query the descriptor_pool.
    _descriptor.EnumValueDescriptor(

../../../../../../../../opt/anaconda3/envs/testagent-experiment/lib/python3.10/site-packages/tensorflow/core/framework/types_pb2.py:109
  /opt/anaconda3/envs/testagent-experiment/lib/python3.10/site-packages/tensorflow/core/framework/types_pb2.py:109: DeprecationWarning: Call to deprecated create function EnumValueDescriptor(). Note: Create unlinked descriptors is going to go away. Please use get/find descriptors from generated code or query the descriptor_pool.
    _descriptor.EnumValueDescriptor(

../../../../../../../../opt/anaconda3/envs/testagent-experiment/lib/python3.10/site-packages/tensorflow/core/framework/types_pb2.py:113
  /opt/anaconda3/envs/testagent-experiment/lib/python3.10/site-packages/tensorflow/core/framework/types_pb2.py:113: DeprecationWarning: Call to deprecated create function EnumValueDescriptor(). Note: Create unlinked descriptors is going to go away. Please use get/find descriptors from generated code or query the descriptor_pool.
    _descriptor.EnumValueDescriptor(

../../../../../../../../opt/anaconda3/envs/testagent-experiment/lib/python3.10/site-packages/tensorflow/core/framework/types_pb2.py:117
  /opt/anaconda3/envs/testagent-experiment/lib/python3.10/site-packages/tensorflow/core/framework/types_pb2.py:117: DeprecationWarning: Call to deprecated create function EnumValueDescriptor(). Note: Create unlinked descriptors is going to go away. Please use get/find descriptors from generated code or query the descriptor_pool.
    _descriptor.EnumValueDescriptor(

../../../../../../../../opt/anaconda3/envs/testagent-experiment/lib/python3.10/site-packages/tensorflow/core/framework/types_pb2.py:121
  /opt/anaconda3/envs/testagent-experiment/lib/python3.10/site-packages/tensorflow/core/framework/types_pb2.py:121: DeprecationWarning: Call to deprecated create function EnumValueDescriptor(). Note: Create unlinked descriptors is going to go away. Please use get/find descriptors from generated code or query the descriptor_pool.
    _descriptor.EnumValueDescriptor(

../../../../../../../../opt/anaconda3/envs/testagent-experiment/lib/python3.10/site-packages/tensorflow/core/framework/types_pb2.py:125
  /opt/anaconda3/envs/testagent-experiment/lib/python3.10/site-packages/tensorflow/core/framework/types_pb2.py:125: DeprecationWarning: Call to deprecated create function EnumValueDescriptor(). Note: Create unlinked descriptors is going to go away. Please use get/find descriptors from generated code or query the descriptor_pool.
    _descriptor.EnumValueDescriptor(

../../../../../../../../opt/anaconda3/envs/testagent-experiment/lib/python3.10/site-packages/tensorflow/core/framework/types_pb2.py:129
  /opt/anaconda3/envs/testagent-experiment/lib/python3.10/site-packages/tensorflow/core/framework/types_pb2.py:129: DeprecationWarning: Call to deprecated create function EnumValueDescriptor(). Note: Create unlinked descriptors is going to go away. Please use get/find descriptors from generated code or query the descriptor_pool.
    _descriptor.EnumValueDescriptor(

../../../../../../../../opt/anaconda3/envs/testagent-experiment/lib/python3.10/site-packages/tensorflow/core/framework/types_pb2.py:133
  /opt/anaconda3/envs/testagent-experiment/lib/python3.10/site-packages/tensorflow/core/framework/types_pb2.py:133: DeprecationWarning: Call to deprecated create function EnumValueDescriptor(). Note: Create unlinked descriptors is going to go away. Please use get/find descriptors from generated code or query the descriptor_pool.
    _descriptor.EnumValueDescriptor(

../../../../../../../../opt/anaconda3/envs/testagent-experiment/lib/python3.10/site-packages/tensorflow/core/framework/types_pb2.py:137
  /opt/anaconda3/envs/testagent-experiment/lib/python3.10/site-packages/tensorflow/core/framework/types_pb2.py:137: DeprecationWarning: Call to deprecated create function EnumValueDescriptor(). Note: Create unlinked descriptors is going to go away. Please use get/find descriptors from generated code or query the descriptor_pool.
    _descriptor.EnumValueDescriptor(

../../../../../../../../opt/anaconda3/envs/testagent-experiment/lib/python3.10/site-packages/tensorflow/core/framework/types_pb2.py:141
  /opt/anaconda3/envs/testagent-experiment/lib/python3.10/site-packages/tensorflow/core/framework/types_pb2.py:141: DeprecationWarning: Call to deprecated create function EnumValueDescriptor(). Note: Create unlinked descriptors is going to go away. Please use get/find descriptors from generated code or query the descriptor_pool.
    _descriptor.EnumValueDescriptor(

../../../../../../../../opt/anaconda3/envs/testagent-experiment/lib/python3.10/site-packages/tensorflow/core/framework/types_pb2.py:145
  /opt/anaconda3/envs/testagent-experiment/lib/python3.10/site-packages/tensorflow/core/framework/types_pb2.py:145: DeprecationWarning: Call to deprecated create function EnumValueDescriptor(). Note: Create unlinked descriptors is going to go away. Please use get/find descriptors from generated code or query the descriptor_pool.
    _descriptor.EnumValueDescriptor(

../../../../../../../../opt/anaconda3/envs/testagent-experiment/lib/python3.10/site-packages/tensorflow/core/framework/types_pb2.py:149
  /opt/anaconda3/envs/testagent-experiment/lib/python3.10/site-packages/tensorflow/core/framework/types_pb2.py:149: DeprecationWarning: Call to deprecated create function EnumValueDescriptor(). Note: Create unlinked descriptors is going to go away. Please use get/find descriptors from generated code or query the descriptor_pool.
    _descriptor.EnumValueDescriptor(

../../../../../../../../opt/anaconda3/envs/testagent-experiment/lib/python3.10/site-packages/tensorflow/core/framework/types_pb2.py:153
  /opt/anaconda3/envs/testagent-experiment/lib/python3.10/site-packages/tensorflow/core/framework/types_pb2.py:153: DeprecationWarning: Call to deprecated create function EnumValueDescriptor(). Note: Create unlinked descriptors is going to go away. Please use get/find descriptors from generated code or query the descriptor_pool.
    _descriptor.EnumValueDescriptor(

../../../../../../../../opt/anaconda3/envs/testagent-experiment/lib/python3.10/site-packages/tensorflow/core/framework/types_pb2.py:157
  /opt/anaconda3/envs/testagent-experiment/lib/python3.10/site-packages/tensorflow/core/framework/types_pb2.py:157: DeprecationWarning: Call to deprecated create function EnumValueDescriptor(). Note: Create unlinked descriptors is going to go away. Please use get/find descriptors from generated code or query the descriptor_pool.
    _descriptor.EnumValueDescriptor(

../../../../../../../../opt/anaconda3/envs/testagent-experiment/lib/python3.10/site-packages/tensorflow/core/framework/types_pb2.py:161
  /opt/anaconda3/envs/testagent-experiment/lib/python3.10/site-packages/tensorflow/core/framework/types_pb2.py:161: DeprecationWarning: Call to deprecated create function EnumValueDescriptor(). Note: Create unlinked descriptors is going to go away. Please use get/find descriptors from generated code or query the descriptor_pool.
    _descriptor.EnumValueDescriptor(

../../../../../../../../opt/anaconda3/envs/testagent-experiment/lib/python3.10/site-packages/tensorflow/core/framework/types_pb2.py:165
  /opt/anaconda3/envs/testagent-experiment/lib/python3.10/site-packages/tensorflow/core/framework/types_pb2.py:165: DeprecationWarning: Call to deprecated create function EnumValueDescriptor(). Note: Create unlinked descriptors is going to go away. Please use get/find descriptors from generated code or query the descriptor_pool.
    _descriptor.EnumValueDescriptor(

../../../../../../../../opt/anaconda3/envs/testagent-experiment/lib/python3.10/site-packages/tensorflow/core/framework/types_pb2.py:169
  /opt/anaconda3/envs/testagent-experiment/lib/python3.10/site-packages/tensorflow/core/framework/types_pb2.py:169: DeprecationWarning: Call to deprecated create function EnumValueDescriptor(). Note: Create unlinked descriptors is going to go away. Please use get/find descriptors from generated code or query the descriptor_pool.
    _descriptor.EnumValueDescriptor(

../../../../../../../../opt/anaconda3/envs/testagent-experiment/lib/python3.10/site-packages/tensorflow/core/framework/types_pb2.py:173
  /opt/anaconda3/envs/testagent-experiment/lib/python3.10/site-packages/tensorflow/core/framework/types_pb2.py:173: DeprecationWarning: Call to deprecated create function EnumValueDescriptor(). Note: Create unlinked descriptors is going to go away. Please use get/find descriptors from generated code or query the descriptor_pool.
    _descriptor.EnumValueDescriptor(

../../../../../../../../opt/anaconda3/envs/testagent-experiment/lib/python3.10/site-packages/tensorflow/core/framework/types_pb2.py:177
  /opt/anaconda3/envs/testagent-experiment/lib/python3.10/site-packages/tensorflow/core/framework/types_pb2.py:177: DeprecationWarning: Call to deprecated create function EnumValueDescriptor(). Note: Create unlinked descriptors is going to go away. Please use get/find descriptors from generated code or query the descriptor_pool.
    _descriptor.EnumValueDescriptor(

../../../../../../../../opt/anaconda3/envs/testagent-experiment/lib/python3.10/site-packages/tensorflow/core/framework/types_pb2.py:181
  /opt/anaconda3/envs/testagent-experiment/lib/python3.10/site-packages/tensorflow/core/framework/types_pb2.py:181: DeprecationWarning: Call to deprecated create function EnumValueDescriptor(). Note: Create unlinked descriptors is going to go away. Please use get/find descriptors from generated code or query the descriptor_pool.
    _descriptor.EnumValueDescriptor(

../../../../../../../../opt/anaconda3/envs/testagent-experiment/lib/python3.10/site-packages/tensorflow/core/framework/types_pb2.py:185
  /opt/anaconda3/envs/testagent-experiment/lib/python3.10/site-packages/tensorflow/core/framework/types_pb2.py:185: DeprecationWarning: Call to deprecated create function EnumValueDescriptor(). Note: Create unlinked descriptors is going to go away. Please use get/find descriptors from generated code or query the descriptor_pool.
    _descriptor.EnumValueDescriptor(

../../../../../../../../opt/anaconda3/envs/testagent-experiment/lib/python3.10/site-packages/tensorflow/core/framework/types_pb2.py:189
  /opt/anaconda3/envs/testagent-experiment/lib/python3.10/site-packages/tensorflow/core/framework/types_pb2.py:189: DeprecationWarning: Call to deprecated create function EnumValueDescriptor(). Note: Create unlinked descriptors is going to go away. Please use get/find descriptors from generated code or query the descriptor_pool.
    _descriptor.EnumValueDescriptor(

../../../../../../../../opt/anaconda3/envs/testagent-experiment/lib/python3.10/site-packages/tensorflow/core/framework/types_pb2.py:193
  /opt/anaconda3/envs/testagent-experiment/lib/python3.10/site-packages/tensorflow/core/framework/types_pb2.py:193: DeprecationWarning: Call to deprecated create function EnumValueDescriptor(). Note: Create unlinked descriptors is going to go away. Please use get/find descriptors from generated code or query the descriptor_pool.
    _descriptor.EnumValueDescriptor(

../../../../../../../../opt/anaconda3/envs/testagent-experiment/lib/python3.10/site-packages/tensorflow/core/framework/types_pb2.py:197
  /opt/anaconda3/envs/testagent-experiment/lib/python3.10/site-packages/tensorflow/core/framework/types_pb2.py:197: DeprecationWarning: Call to deprecated create function EnumValueDescriptor(). Note: Create unlinked descriptors is going to go away. Please use get/find descriptors from generated code or query the descriptor_pool.
    _descriptor.EnumValueDescriptor(

../../../../../../../../opt/anaconda3/envs/testagent-experiment/lib/python3.10/site-packages/tensorflow/core/framework/types_pb2.py:201
  /opt/anaconda3/envs/testagent-experiment/lib/python3.10/site-packages/tensorflow/core/framework/types_pb2.py:201: DeprecationWarning: Call to deprecated create function EnumValueDescriptor(). Note: Create unlinked descriptors is going to go away. Please use get/find descriptors from generated code or query the descriptor_pool.
    _descriptor.EnumValueDescriptor(

../../../../../../../../opt/anaconda3/envs/testagent-experiment/lib/python3.10/site-packages/tensorflow/core/framework/types_pb2.py:205
  /opt/anaconda3/envs/testagent-experiment/lib/python3.10/site-packages/tensorflow/core/framework/types_pb2.py:205: DeprecationWarning: Call to deprecated create function EnumValueDescriptor(). Note: Create unlinked descriptors is going to go away. Please use get/find descriptors from generated code or query the descriptor_pool.
    _descriptor.EnumValueDescriptor(

../../../../../../../../opt/anaconda3/envs/testagent-experiment/lib/python3.10/site-packages/tensorflow/core/framework/types_pb2.py:209
  /opt/anaconda3/envs/testagent-experiment/lib/python3.10/site-packages/tensorflow/core/framework/types_pb2.py:209: DeprecationWarning: Call to deprecated create function EnumValueDescriptor(). Note: Create unlinked descriptors is going to go away. Please use get/find descriptors from generated code or query the descriptor_pool.
    _descriptor.EnumValueDescriptor(

../../../../../../../../opt/anaconda3/envs/testagent-experiment/lib/python3.10/site-packages/tensorflow/core/framework/types_pb2.py:213
  /opt/anaconda3/envs/testagent-experiment/lib/python3.10/site-packages/tensorflow/core/framework/types_pb2.py:213: DeprecationWarning: Call to deprecated create function EnumValueDescriptor(). Note: Create unlinked descriptors is going to go away. Please use get/find descriptors from generated code or query the descriptor_pool.
    _descriptor.EnumValueDescriptor(

../../../../../../../../opt/anaconda3/envs/testagent-experiment/lib/python3.10/site-packages/tensorflow/core/framework/types_pb2.py:217
  /opt/anaconda3/envs/testagent-experiment/lib/python3.10/site-packages/tensorflow/core/framework/types_pb2.py:217: DeprecationWarning: Call to deprecated create function EnumValueDescriptor(). Note: Create unlinked descriptors is going to go away. Please use get/find descriptors from generated code or query the descriptor_pool.
    _descriptor.EnumValueDescriptor(

../../../../../../../../opt/anaconda3/envs/testagent-experiment/lib/python3.10/site-packages/tensorflow/core/framework/types_pb2.py:27
  /opt/anaconda3/envs/testagent-experiment/lib/python3.10/site-packages/tensorflow/core/framework/types_pb2.py:27: DeprecationWarning: Call to deprecated create function EnumDescriptor(). Note: Create unlinked descriptors is going to go away. Please use get/find descriptors from generated code or query the descriptor_pool.
    _DATATYPE = _descriptor.EnumDescriptor(

../../../../../../../../opt/anaconda3/envs/testagent-experiment/lib/python3.10/site-packages/tensorflow/core/framework/resource_handle_pb2.py:20
  /opt/anaconda3/envs/testagent-experiment/lib/python3.10/site-packages/tensorflow/core/framework/resource_handle_pb2.py:20: DeprecationWarning: Call to deprecated create function FileDescriptor(). Note: Create unlinked descriptors is going to go away. Please use get/find descriptors from generated code or query the descriptor_pool.
    DESCRIPTOR = _descriptor.FileDescriptor(

../../../../../../../../opt/anaconda3/envs/testagent-experiment/lib/python3.10/site-packages/tensorflow/core/framework/resource_handle_pb2.py:39
  /opt/anaconda3/envs/testagent-experiment/lib/python3.10/site-packages/tensorflow/core/framework/resource_handle_pb2.py:39: DeprecationWarning: Call to deprecated create function FieldDescriptor(). Note: Create unlinked descriptors is going to go away. Please use get/find descriptors from generated code or query the descriptor_pool.
    _descriptor.FieldDescriptor(

../../../../../../../../opt/anaconda3/envs/testagent-experiment/lib/python3.10/site-packages/tensorflow/core/framework/resource_handle_pb2.py:46
  /opt/anaconda3/envs/testagent-experiment/lib/python3.10/site-packages/tensorflow/core/framework/resource_handle_pb2.py:46: DeprecationWarning: Call to deprecated create function FieldDescriptor(). Note: Create unlinked descriptors is going to go away. Please use get/find descriptors from generated code or query the descriptor_pool.
    _descriptor.FieldDescriptor(

../../../../../../../../opt/anaconda3/envs/testagent-experiment/lib/python3.10/site-packages/tensorflow/core/framework/resource_handle_pb2.py:32
  /opt/anaconda3/envs/testagent-experiment/lib/python3.10/site-packages/tensorflow/core/framework/resource_handle_pb2.py:32: DeprecationWarning: Call to deprecated create function Descriptor(). Note: Create unlinked descriptors is going to go away. Please use get/find descriptors from generated code or query the descriptor_pool.
    _RESOURCEHANDLEPROTO_DTYPEANDSHAPE = _descriptor.Descriptor(

../../../../../../../../opt/anaconda3/envs/testagent-experiment/lib/python3.10/site-packages/tensorflow/core/framework/resource_handle_pb2.py:76
  /opt/anaconda3/envs/testagent-experiment/lib/python3.10/site-packages/tensorflow/core/framework/resource_handle_pb2.py:76: DeprecationWarning: Call to deprecated create function FieldDescriptor(). Note: Create unlinked descriptors is going to go away. Please use get/find descriptors from generated code or query the descriptor_pool.
    _descriptor.FieldDescriptor(

../../../../../../../../opt/anaconda3/envs/testagent-experiment/lib/python3.10/site-packages/tensorflow/core/framework/resource_handle_pb2.py:83
  /opt/anaconda3/envs/testagent-experiment/lib/python3.10/site-packages/tensorflow/core/framework/resource_handle_pb2.py:83: DeprecationWarning: Call to deprecated create function FieldDescriptor(). Note: Create unlinked descriptors is going to go away. Please use get/find descriptors from generated code or query the descriptor_pool.
    _descriptor.FieldDescriptor(

../../../../../../../../opt/anaconda3/envs/testagent-experiment/lib/python3.10/site-packages/tensorflow/core/framework/resource_handle_pb2.py:90
  /opt/anaconda3/envs/testagent-experiment/lib/python3.10/site-packages/tensorflow/core/framework/resource_handle_pb2.py:90: DeprecationWarning: Call to deprecated create function FieldDescriptor(). Note: Create unlinked descriptors is going to go away. Please use get/find descriptors from generated code or query the descriptor_pool.
    _descriptor.FieldDescriptor(

../../../../../../../../opt/anaconda3/envs/testagent-experiment/lib/python3.10/site-packages/tensorflow/core/framework/resource_handle_pb2.py:97
  /opt/anaconda3/envs/testagent-experiment/lib/python3.10/site-packages/tensorflow/core/framework/resource_handle_pb2.py:97: DeprecationWarning: Call to deprecated create function FieldDescriptor(). Note: Create unlinked descriptors is going to go away. Please use get/find descriptors from generated code or query the descriptor_pool.
    _descriptor.FieldDescriptor(

../../../../../../../../opt/anaconda3/envs/testagent-experiment/lib/python3.10/site-packages/tensorflow/core/framework/resource_handle_pb2.py:104
  /opt/anaconda3/envs/testagent-experiment/lib/python3.10/site-packages/tensorflow/core/framework/resource_handle_pb2.py:104: DeprecationWarning: Call to deprecated create function FieldDescriptor(). Note: Create unlinked descriptors is going to go away. Please use get/find descriptors from generated code or query the descriptor_pool.
    _descriptor.FieldDescriptor(

../../../../../../../../opt/anaconda3/envs/testagent-experiment/lib/python3.10/site-packages/tensorflow/core/framework/resource_handle_pb2.py:111
  /opt/anaconda3/envs/testagent-experiment/lib/python3.10/site-packages/tensorflow/core/framework/resource_handle_pb2.py:111: DeprecationWarning: Call to deprecated create function FieldDescriptor(). Note: Create unlinked descriptors is going to go away. Please use get/find descriptors from generated code or query the descriptor_pool.
    _descriptor.FieldDescriptor(

../../../../../../../../opt/anaconda3/envs/testagent-experiment/lib/python3.10/site-packages/tensorflow/core/framework/resource_handle_pb2.py:69
  /opt/anaconda3/envs/testagent-experiment/lib/python3.10/site-packages/tensorflow/core/framework/resource_handle_pb2.py:69: DeprecationWarning: Call to deprecated create function Descriptor(). Note: Create unlinked descriptors is going to go away. Please use get/find descriptors from generated code or query the descriptor_pool.
    _RESOURCEHANDLEPROTO = _descriptor.Descriptor(

../../../../../../../../opt/anaconda3/envs/testagent-experiment/lib/python3.10/site-packages/tensorflow/core/framework/tensor_pb2.py:21
  /opt/anaconda3/envs/testagent-experiment/lib/python3.10/site-packages/tensorflow/core/framework/tensor_pb2.py:21: DeprecationWarning: Call to deprecated create function FileDescriptor(). Note: Create unlinked descriptors is going to go away. Please use get/find descriptors from generated code or query the descriptor_pool.
    DESCRIPTOR = _descriptor.FileDescriptor(

../../../../../../../../opt/anaconda3/envs/testagent-experiment/lib/python3.10/site-packages/tensorflow/core/framework/tensor_pb2.py:40
  /opt/anaconda3/envs/testagent-experiment/lib/python3.10/site-packages/tensorflow/core/framework/tensor_pb2.py:40: DeprecationWarning: Call to deprecated create function FieldDescriptor(). Note: Create unlinked descriptors is going to go away. Please use get/find descriptors from generated code or query the descriptor_pool.
    _descriptor.FieldDescriptor(

../../../../../../../../opt/anaconda3/envs/testagent-experiment/lib/python3.10/site-packages/tensorflow/core/framework/tensor_pb2.py:47
  /opt/anaconda3/envs/testagent-experiment/lib/python3.10/site-packages/tensorflow/core/framework/tensor_pb2.py:47: DeprecationWarning: Call to deprecated create function FieldDescriptor(). Note: Create unlinked descriptors is going to go away. Please use get/find descriptors from generated code or query the descriptor_pool.
    _descriptor.FieldDescriptor(

../../../../../../../../opt/anaconda3/envs/testagent-experiment/lib/python3.10/site-packages/tensorflow/core/framework/tensor_pb2.py:54
  /opt/anaconda3/envs/testagent-experiment/lib/python3.10/site-packages/tensorflow/core/framework/tensor_pb2.py:54: DeprecationWarning: Call to deprecated create function FieldDescriptor(). Note: Create unlinked descriptors is going to go away. Please use get/find descriptors from generated code or query the descriptor_pool.
    _descriptor.FieldDescriptor(

../../../../../../../../opt/anaconda3/envs/testagent-experiment/lib/python3.10/site-packages/tensorflow/core/framework/tensor_pb2.py:61
  /opt/anaconda3/envs/testagent-experiment/lib/python3.10/site-packages/tensorflow/core/framework/tensor_pb2.py:61: DeprecationWarning: Call to deprecated create function FieldDescriptor(). Note: Create unlinked descriptors is going to go away. Please use get/find descriptors from generated code or query the descriptor_pool.
    _descriptor.FieldDescriptor(

../../../../../../../../opt/anaconda3/envs/testagent-experiment/lib/python3.10/site-packages/tensorflow/core/framework/tensor_pb2.py:68
  /opt/anaconda3/envs/testagent-experiment/lib/python3.10/site-packages/tensorflow/core/framework/tensor_pb2.py:68: DeprecationWarning: Call to deprecated create function FieldDescriptor(). Note: Create unlinked descriptors is going to go away. Please use get/find descriptors from generated code or query the descriptor_pool.
    _descriptor.FieldDescriptor(

../../../../../../../../opt/anaconda3/envs/testagent-experiment/lib/python3.10/site-packages/tensorflow/core/framework/tensor_pb2.py:75
  /opt/anaconda3/envs/testagent-experiment/lib/python3.10/site-packages/tensorflow/core/framework/tensor_pb2.py:75: DeprecationWarning: Call to deprecated create function FieldDescriptor(). Note: Create unlinked descriptors is going to go away. Please use get/find descriptors from generated code or query the descriptor_pool.
    _descriptor.FieldDescriptor(

../../../../../../../../opt/anaconda3/envs/testagent-experiment/lib/python3.10/site-packages/tensorflow/core/framework/tensor_pb2.py:82
  /opt/anaconda3/envs/testagent-experiment/lib/python3.10/site-packages/tensorflow/core/framework/tensor_pb2.py:82: DeprecationWarning: Call to deprecated create function FieldDescriptor(). Note: Create unlinked descriptors is going to go away. Please use get/find descriptors from generated code or query the descriptor_pool.
    _descriptor.FieldDescriptor(

../../../../../../../../opt/anaconda3/envs/testagent-experiment/lib/python3.10/site-packages/tensorflow/core/framework/tensor_pb2.py:89
  /opt/anaconda3/envs/testagent-experiment/lib/python3.10/site-packages/tensorflow/core/framework/tensor_pb2.py:89: DeprecationWarning: Call to deprecated create function FieldDescriptor(). Note: Create unlinked descriptors is going to go away. Please use get/find descriptors from generated code or query the descriptor_pool.
    _descriptor.FieldDescriptor(

../../../../../../../../opt/anaconda3/envs/testagent-experiment/lib/python3.10/site-packages/tensorflow/core/framework/tensor_pb2.py:96
  /opt/anaconda3/envs/testagent-experiment/lib/python3.10/site-packages/tensorflow/core/framework/tensor_pb2.py:96: DeprecationWarning: Call to deprecated create function FieldDescriptor(). Note: Create unlinked descriptors is going to go away. Please use get/find descriptors from generated code or query the descriptor_pool.
    _descriptor.FieldDescriptor(

../../../../../../../../opt/anaconda3/envs/testagent-experiment/lib/python3.10/site-packages/tensorflow/core/framework/tensor_pb2.py:103
  /opt/anaconda3/envs/testagent-experiment/lib/python3.10/site-packages/tensorflow/core/framework/tensor_pb2.py:103: DeprecationWarning: Call to deprecated create function FieldDescriptor(). Note: Create unlinked descriptors is going to go away. Please use get/find descriptors from generated code or query the descriptor_pool.
    _descriptor.FieldDescriptor(

../../../../../../../../opt/anaconda3/envs/testagent-experiment/lib/python3.10/site-packages/tensorflow/core/framework/tensor_pb2.py:110
  /opt/anaconda3/envs/testagent-experiment/lib/python3.10/site-packages/tensorflow/core/framework/tensor_pb2.py:110: DeprecationWarning: Call to deprecated create function FieldDescriptor(). Note: Create unlinked descriptors is going to go away. Please use get/find descriptors from generated code or query the descriptor_pool.
    _descriptor.FieldDescriptor(

../../../../../../../../opt/anaconda3/envs/testagent-experiment/lib/python3.10/site-packages/tensorflow/core/framework/tensor_pb2.py:117
  /opt/anaconda3/envs/testagent-experiment/lib/python3.10/site-packages/tensorflow/core/framework/tensor_pb2.py:117: DeprecationWarning: Call to deprecated create function FieldDescriptor(). Note: Create unlinked descriptors is going to go away. Please use get/find descriptors from generated code or query the descriptor_pool.
    _descriptor.FieldDescriptor(

../../../../../../../../opt/anaconda3/envs/testagent-experiment/lib/python3.10/site-packages/tensorflow/core/framework/tensor_pb2.py:124
  /opt/anaconda3/envs/testagent-experiment/lib/python3.10/site-packages/tensorflow/core/framework/tensor_pb2.py:124: DeprecationWarning: Call to deprecated create function FieldDescriptor(). Note: Create unlinked descriptors is going to go away. Please use get/find descriptors from generated code or query the descriptor_pool.
    _descriptor.FieldDescriptor(

../../../../../../../../opt/anaconda3/envs/testagent-experiment/lib/python3.10/site-packages/tensorflow/core/framework/tensor_pb2.py:131
  /opt/anaconda3/envs/testagent-experiment/lib/python3.10/site-packages/tensorflow/core/framework/tensor_pb2.py:131: DeprecationWarning: Call to deprecated create function FieldDescriptor(). Note: Create unlinked descriptors is going to go away. Please use get/find descriptors from generated code or query the descriptor_pool.
    _descriptor.FieldDescriptor(

../../../../../../../../opt/anaconda3/envs/testagent-experiment/lib/python3.10/site-packages/tensorflow/core/framework/tensor_pb2.py:138
  /opt/anaconda3/envs/testagent-experiment/lib/python3.10/site-packages/tensorflow/core/framework/tensor_pb2.py:138: DeprecationWarning: Call to deprecated create function FieldDescriptor(). Note: Create unlinked descriptors is going to go away. Please use get/find descriptors from generated code or query the descriptor_pool.
    _descriptor.FieldDescriptor(

../../../../../../../../opt/anaconda3/envs/testagent-experiment/lib/python3.10/site-packages/tensorflow/core/framework/tensor_pb2.py:145
  /opt/anaconda3/envs/testagent-experiment/lib/python3.10/site-packages/tensorflow/core/framework/tensor_pb2.py:145: DeprecationWarning: Call to deprecated create function FieldDescriptor(). Note: Create unlinked descriptors is going to go away. Please use get/find descriptors from generated code or query the descriptor_pool.
    _descriptor.FieldDescriptor(

../../../../../../../../opt/anaconda3/envs/testagent-experiment/lib/python3.10/site-packages/tensorflow/core/framework/tensor_pb2.py:152
  /opt/anaconda3/envs/testagent-experiment/lib/python3.10/site-packages/tensorflow/core/framework/tensor_pb2.py:152: DeprecationWarning: Call to deprecated create function FieldDescriptor(). Note: Create unlinked descriptors is going to go away. Please use get/find descriptors from generated code or query the descriptor_pool.
    _descriptor.FieldDescriptor(

../../../../../../../../opt/anaconda3/envs/testagent-experiment/lib/python3.10/site-packages/tensorflow/core/framework/tensor_pb2.py:33
  /opt/anaconda3/envs/testagent-experiment/lib/python3.10/site-packages/tensorflow/core/framework/tensor_pb2.py:33: DeprecationWarning: Call to deprecated create function Descriptor(). Note: Create unlinked descriptors is going to go away. Please use get/find descriptors from generated code or query the descriptor_pool.
    _TENSORPROTO = _descriptor.Descriptor(

../../../../../../../../opt/anaconda3/envs/testagent-experiment/lib/python3.10/site-packages/tensorflow/core/framework/tensor_pb2.py:183
  /opt/anaconda3/envs/testagent-experiment/lib/python3.10/site-packages/tensorflow/core/framework/tensor_pb2.py:183: DeprecationWarning: Call to deprecated create function FieldDescriptor(). Note: Create unlinked descriptors is going to go away. Please use get/find descriptors from generated code or query the descriptor_pool.
    _descriptor.FieldDescriptor(

../../../../../../../../opt/anaconda3/envs/testagent-experiment/lib/python3.10/site-packages/tensorflow/core/framework/tensor_pb2.py:190
  /opt/anaconda3/envs/testagent-experiment/lib/python3.10/site-packages/tensorflow/core/framework/tensor_pb2.py:190: DeprecationWarning: Call to deprecated create function FieldDescriptor(). Note: Create unlinked descriptors is going to go away. Please use get/find descriptors from generated code or query the descriptor_pool.
    _descriptor.FieldDescriptor(

../../../../../../../../opt/anaconda3/envs/testagent-experiment/lib/python3.10/site-packages/tensorflow/core/framework/tensor_pb2.py:197
  /opt/anaconda3/envs/testagent-experiment/lib/python3.10/site-packages/tensorflow/core/framework/tensor_pb2.py:197: DeprecationWarning: Call to deprecated create function FieldDescriptor(). Note: Create unlinked descriptors is going to go away. Please use get/find descriptors from generated code or query the descriptor_pool.
    _descriptor.FieldDescriptor(

../../../../../../../../opt/anaconda3/envs/testagent-experiment/lib/python3.10/site-packages/tensorflow/core/framework/tensor_pb2.py:176
  /opt/anaconda3/envs/testagent-experiment/lib/python3.10/site-packages/tensorflow/core/framework/tensor_pb2.py:176: DeprecationWarning: Call to deprecated create function Descriptor(). Note: Create unlinked descriptors is going to go away. Please use get/find descriptors from generated code or query the descriptor_pool.
    _VARIANTTENSORDATAPROTO = _descriptor.Descriptor(

../../../../../../../../opt/anaconda3/envs/testagent-experiment/lib/python3.10/site-packages/tensorflow/core/framework/attr_value_pb2.py:21
  /opt/anaconda3/envs/testagent-experiment/lib/python3.10/site-packages/tensorflow/core/framework/attr_value_pb2.py:21: DeprecationWarning: Call to deprecated create function FileDescriptor(). Note: Create unlinked descriptors is going to go away. Please use get/find descriptors from generated code or query the descriptor_pool.
    DESCRIPTOR = _descriptor.FileDescriptor(

../../../../../../../../opt/anaconda3/envs/testagent-experiment/lib/python3.10/site-packages/tensorflow/core/framework/attr_value_pb2.py:40
  /opt/anaconda3/envs/testagent-experiment/lib/python3.10/site-packages/tensorflow/core/framework/attr_value_pb2.py:40: DeprecationWarning: Call to deprecated create function FieldDescriptor(). Note: Create unlinked descriptors is going to go away. Please use get/find descriptors from generated code or query the descriptor_pool.
    _descriptor.FieldDescriptor(

../../../../../../../../opt/anaconda3/envs/testagent-experiment/lib/python3.10/site-packages/tensorflow/core/framework/attr_value_pb2.py:47
  /opt/anaconda3/envs/testagent-experiment/lib/python3.10/site-packages/tensorflow/core/framework/attr_value_pb2.py:47: DeprecationWarning: Call to deprecated create function FieldDescriptor(). Note: Create unlinked descriptors is going to go away. Please use get/find descriptors from generated code or query the descriptor_pool.
    _descriptor.FieldDescriptor(

../../../../../../../../opt/anaconda3/envs/testagent-experiment/lib/python3.10/site-packages/tensorflow/core/framework/attr_value_pb2.py:54
  /opt/anaconda3/envs/testagent-experiment/lib/python3.10/site-packages/tensorflow/core/framework/attr_value_pb2.py:54: DeprecationWarning: Call to deprecated create function FieldDescriptor(). Note: Create unlinked descriptors is going to go away. Please use get/find descriptors from generated code or query the descriptor_pool.
    _descriptor.FieldDescriptor(

../../../../../../../../opt/anaconda3/envs/testagent-experiment/lib/python3.10/site-packages/tensorflow/core/framework/attr_value_pb2.py:61
  /opt/anaconda3/envs/testagent-experiment/lib/python3.10/site-packages/tensorflow/core/framework/attr_value_pb2.py:61: DeprecationWarning: Call to deprecated create function FieldDescriptor(). Note: Create unlinked descriptors is going to go away. Please use get/find descriptors from generated code or query the descriptor_pool.
    _descriptor.FieldDescriptor(

../../../../../../../../opt/anaconda3/envs/testagent-experiment/lib/python3.10/site-packages/tensorflow/core/framework/attr_value_pb2.py:68
  /opt/anaconda3/envs/testagent-experiment/lib/python3.10/site-packages/tensorflow/core/framework/attr_value_pb2.py:68: DeprecationWarning: Call to deprecated create function FieldDescriptor(). Note: Create unlinked descriptors is going to go away. Please use get/find descriptors from generated code or query the descriptor_pool.
    _descriptor.FieldDescriptor(

../../../../../../../../opt/anaconda3/envs/testagent-experiment/lib/python3.10/site-packages/tensorflow/core/framework/attr_value_pb2.py:75
  /opt/anaconda3/envs/testagent-experiment/lib/python3.10/site-packages/tensorflow/core/framework/attr_value_pb2.py:75: DeprecationWarning: Call to deprecated create function FieldDescriptor(). Note: Create unlinked descriptors is going to go away. Please use get/find descriptors from generated code or query the descriptor_pool.
    _descriptor.FieldDescriptor(

../../../../../../../../opt/anaconda3/envs/testagent-experiment/lib/python3.10/site-packages/tensorflow/core/framework/attr_value_pb2.py:82
  /opt/anaconda3/envs/testagent-experiment/lib/python3.10/site-packages/tensorflow/core/framework/attr_value_pb2.py:82: DeprecationWarning: Call to deprecated create function FieldDescriptor(). Note: Create unlinked descriptors is going to go away. Please use get/find descriptors from generated code or query the descriptor_pool.
    _descriptor.FieldDescriptor(

../../../../../../../../opt/anaconda3/envs/testagent-experiment/lib/python3.10/site-packages/tensorflow/core/framework/attr_value_pb2.py:89
  /opt/anaconda3/envs/testagent-experiment/lib/python3.10/site-packages/tensorflow/core/framework/attr_value_pb2.py:89: DeprecationWarning: Call to deprecated create function FieldDescriptor(). Note: Create unlinked descriptors is going to go away. Please use get/find descriptors from generated code or query the descriptor_pool.
    _descriptor.FieldDescriptor(

../../../../../../../../opt/anaconda3/envs/testagent-experiment/lib/python3.10/site-packages/tensorflow/core/framework/attr_value_pb2.py:33
  /opt/anaconda3/envs/testagent-experiment/lib/python3.10/site-packages/tensorflow/core/framework/attr_value_pb2.py:33: DeprecationWarning: Call to deprecated create function Descriptor(). Note: Create unlinked descriptors is going to go away. Please use get/find descriptors from generated code or query the descriptor_pool.
    _ATTRVALUE_LISTVALUE = _descriptor.Descriptor(

../../../../../../../../opt/anaconda3/envs/testagent-experiment/lib/python3.10/site-packages/tensorflow/python/framework/dtypes.py:205
  /opt/anaconda3/envs/testagent-experiment/lib/python3.10/site-packages/tensorflow/python/framework/dtypes.py:205: DeprecationWarning: `np.bool8` is a deprecated alias for `np.bool_`.  (Deprecated NumPy 1.24)
    np.bool8: (False, True),

../../../../../../../../opt/anaconda3/envs/testagent-experiment/lib/python3.10/site-packages/flatbuffers/compat.py:19
  /opt/anaconda3/envs/testagent-experiment/lib/python3.10/site-packages/flatbuffers/compat.py:19: DeprecationWarning: the imp module is deprecated in favour of importlib and slated for removal in Python 3.12; see the module's documentation for alternative uses
    import imp

../../../../../../../../opt/anaconda3/envs/testagent-experiment/lib/python3.10/site-packages/tensorboard/compat/tensorflow_stub/dtypes.py:326
  /opt/anaconda3/envs/testagent-experiment/lib/python3.10/site-packages/tensorboard/compat/tensorflow_stub/dtypes.py:326: DeprecationWarning: `np.bool8` is a deprecated alias for `np.bool_`.  (Deprecated NumPy 1.24)
    np.bool8: (False, True),

-- Docs: https://docs.pytest.org/en/stable/how-to/capture-warnings.html
================================ tests coverage ================================
______________ coverage: platform darwin, python 3.10.19-final-0 _______________

Name                                                           Stmts   Miss Branch BrPart  Cover   Missing
----------------------------------------------------------------------------------------------------------
tests/test_tensorflow_python_ops_ragged_ragged_string_ops.py     303     81    168     38    66%   49, 84-97, 105, 106->116, 123-127, 161->166, 187-190, 200->205, 206->211, 212->232, 216-228, 247-249, 258-261, 304-309, 319-320, 332->348, 339, 355-357, 366->371, 373-376, 388-391, 448->435, 461->459, 482-485, 531, 542-560, 572, 575->567, 585, 589->605, 597->596, 605->623, 613, 615->609, 632, 635->exit, 644, 649-650, 679-695, 736
----------------------------------------------------------------------------------------------------------
TOTAL                                                            303     81    168     38    66%
Coverage XML written to file coverage.xml
=========================== short test summary info ============================
FAILED tests/test_tensorflow_python_ops_ragged_ragged_string_ops.py::TestRaggedStringOps::test_string_bytes_split_basic[Tensor-content0-expected_shape0]
FAILED tests/test_tensorflow_python_ops_ragged_ragged_string_ops.py::TestRaggedStringOps::test_string_bytes_split_basic[RaggedTensor-content1-ragged]
FAILED tests/test_tensorflow_python_ops_ragged_ragged_string_ops.py::TestRaggedStringOps::test_unicode_encode_basic[input_shape1-content1-UTF-16-BE-ignore-65533]
FAILED tests/test_tensorflow_python_ops_ragged_ragged_string_ops.py::TestRaggedStringOps::test_string_split_v2_basic[Tensor-content0-,--1-expected_shape0]
FAILED tests/test_tensorflow_python_ops_ragged_ragged_string_ops.py::TestRaggedStringOps::test_string_split_v2_basic[RaggedTensor-content1-None-1-ragged]
FAILED tests/test_tensorflow_python_ops_ragged_ragged_string_ops.py::TestRaggedStringOps::test_ngrams_basic[Tensor-content0-2- -None-None-False-expected_shape0]
FAILED tests/test_tensorflow_python_ops_ragged_ragged_string_ops.py::TestRaggedStringOps::test_string_bytes_split_invalid_rank
7 failed, 7 passed, 103 warnings in 2.49s

Error: exit 1