<?xml version="1.0" ?>
<coverage version="7.13.1" timestamp="1768637235749" lines-valid="101" lines-covered="97" line-rate="0.9604" branches-valid="10" branches-covered="5" branch-rate="0.5" complexity="0">
	<!-- Generated by coverage.py: https://coverage.readthedocs.io/en/7.13.1 -->
	<!-- Based on https://raw.githubusercontent.com/cobertura/web/master/htdocs/xml/coverage-04.dtd -->
	<sources>
		<source>/Users/zzf1sh/Documents/Project/ATTest-CLI-main/exam/torch_group/autograd.gradcheck</source>
	</sources>
	<packages>
		<package name="tests" line-rate="0.9604" branch-rate="0.5" complexity="0">
			<classes>
				<class name="test_torch_autograd_gradcheck_advanced.py" filename="tests/test_torch_autograd_gradcheck_advanced.py" complexity="0" line-rate="0.9661" branch-rate="0.5">
					<methods/>
					<lines>
						<line number="1" hits="1"/>
						<line number="2" hits="1"/>
						<line number="3" hits="1"/>
						<line number="4" hits="1"/>
						<line number="5" hits="1"/>
						<line number="6" hits="1"/>
						<line number="15" hits="1"/>
						<line number="17" hits="1"/>
						<line number="19" hits="1"/>
						<line number="24" hits="1"/>
						<line number="27" hits="1"/>
						<line number="31" hits="1"/>
						<line number="35" hits="1"/>
						<line number="46" hits="1"/>
						<line number="49" hits="1"/>
						<line number="51" hits="1"/>
						<line number="52" hits="1"/>
						<line number="53" hits="1"/>
						<line number="54" hits="1"/>
						<line number="59" hits="1"/>
						<line number="63" hits="1"/>
						<line number="65" hits="1" branch="true" condition-coverage="50% (1/2)" missing-branches="67"/>
						<line number="66" hits="1"/>
						<line number="67" hits="1"/>
						<line number="70" hits="1"/>
						<line number="82" hits="1"/>
						<line number="86" hits="1"/>
						<line number="90" hits="1" branch="true" condition-coverage="50% (1/2)" missing-branches="exit"/>
						<line number="91" hits="1"/>
						<line number="92" hits="1"/>
						<line number="93" hits="1"/>
						<line number="94" hits="1"/>
						<line number="96" hits="1"/>
						<line number="107" hits="1"/>
						<line number="111" hits="1"/>
						<line number="114" hits="1"/>
						<line number="125" hits="1"/>
						<line number="128" hits="1"/>
						<line number="129" hits="1"/>
						<line number="132" hits="1"/>
						<line number="143" hits="1"/>
						<line number="144" hits="1"/>
						<line number="152" hits="1"/>
						<line number="153" hits="1"/>
						<line number="164" hits="1"/>
						<line number="169" hits="1"/>
						<line number="172" hits="1"/>
						<line number="183" hits="1"/>
						<line number="186" hits="1"/>
						<line number="187" hits="1"/>
						<line number="190" hits="1"/>
						<line number="202" hits="1"/>
						<line number="206" hits="1"/>
						<line number="210" hits="1" branch="true" condition-coverage="50% (1/2)" missing-branches="213"/>
						<line number="213" hits="0"/>
						<line number="217" hits="1"/>
						<line number="227" hits="1"/>
						<line number="231" hits="1" branch="true" condition-coverage="50% (1/2)" missing-branches="232"/>
						<line number="232" hits="0"/>
					</lines>
				</class>
				<class name="test_torch_autograd_gradcheck_basic.py" filename="tests/test_torch_autograd_gradcheck_basic.py" complexity="0" line-rate="0.9524" branch-rate="0.5">
					<methods/>
					<lines>
						<line number="1" hits="1"/>
						<line number="2" hits="1"/>
						<line number="3" hits="1"/>
						<line number="4" hits="1"/>
						<line number="5" hits="1"/>
						<line number="14" hits="1"/>
						<line number="16" hits="1"/>
						<line number="18" hits="1"/>
						<line number="20" hits="1"/>
						<line number="22" hits="1"/>
						<line number="27" hits="0"/>
						<line number="30" hits="1"/>
						<line number="34" hits="1"/>
						<line number="38" hits="1"/>
						<line number="49" hits="1"/>
						<line number="52" hits="1"/>
						<line number="55" hits="1"/>
						<line number="66" hits="1"/>
						<line number="70" hits="1"/>
						<line number="74" hits="1"/>
						<line number="78" hits="1"/>
						<line number="89" hits="1"/>
						<line number="92" hits="1"/>
						<line number="93" hits="1"/>
						<line number="94" hits="1"/>
						<line number="95" hits="1"/>
						<line number="98" hits="1"/>
						<line number="109" hits="1"/>
						<line number="113" hits="1"/>
						<line number="117" hits="1"/>
						<line number="120" hits="1"/>
						<line number="131" hits="1"/>
						<line number="134" hits="1"/>
						<line number="137" hits="1"/>
						<line number="149" hits="1"/>
						<line number="153" hits="1"/>
						<line number="157" hits="1"/>
						<line number="168" hits="1"/>
						<line number="171" hits="1"/>
						<line number="182" hits="1"/>
						<line number="186" hits="1" branch="true" condition-coverage="50% (1/2)" missing-branches="187"/>
						<line number="187" hits="0"/>
					</lines>
				</class>
			</classes>
		</package>
	</packages>
</coverage>
