<?xml version="1.0" ?>
<coverage version="7.10.7" timestamp="1768968269160" lines-valid="117" lines-covered="81" line-rate="0.6923" branches-valid="18" branches-covered="5" branch-rate="0.2778" complexity="0">
	<!-- Generated by coverage.py: https://coverage.readthedocs.io/en/7.10.7 -->
	<!-- Based on https://raw.githubusercontent.com/cobertura/web/master/htdocs/xml/coverage-04.dtd -->
	<sources>
		<source>D:\Project\ATTest-CLI-main\exam\tensorflow\python.lib.io.file_io</source>
	</sources>
	<packages>
		<package name="tests" line-rate="0.6923" branch-rate="0.2778" complexity="0">
			<classes>
				<class name="test_tensorflow_python_lib_io_file_io.py" filename="tests/test_tensorflow_python_lib_io_file_io.py" complexity="0" line-rate="0.6923" branch-rate="0.2778">
					<methods/>
					<lines>
						<line number="5" hits="1"/>
						<line number="6" hits="1"/>
						<line number="7" hits="1"/>
						<line number="8" hits="1"/>
						<line number="9" hits="1"/>
						<line number="12" hits="1"/>
						<line number="13" hits="1"/>
						<line number="16" hits="1"/>
						<line number="17" hits="1"/>
						<line number="18" hits="0"/>
						<line number="19" hits="0"/>
						<line number="23" hits="1"/>
						<line number="24" hits="1"/>
						<line number="27" hits="1"/>
						<line number="30" hits="1"/>
						<line number="38" hits="1"/>
						<line number="47" hits="1"/>
						<line number="48" hits="1"/>
						<line number="50" hits="1"/>
						<line number="53" hits="1"/>
						<line number="54" hits="1"/>
						<line number="55" hits="1"/>
						<line number="59" hits="1"/>
						<line number="64" hits="1"/>
						<line number="70" hits="1"/>
						<line number="73" hits="1"/>
						<line number="76" hits="1" branch="true" condition-coverage="100% (2/2)"/>
						<line number="77" hits="1"/>
						<line number="80" hits="1"/>
						<line number="84" hits="0"/>
						<line number="87" hits="0" branch="true" condition-coverage="0% (0/2)" missing-branches="88,90"/>
						<line number="88" hits="0"/>
						<line number="90" hits="0"/>
						<line number="95" hits="0" branch="true" condition-coverage="0% (0/2)" missing-branches="exit,96"/>
						<line number="96" hits="0"/>
						<line number="100" hits="1"/>
						<line number="103" hits="1"/>
						<line number="109" hits="1"/>
						<line number="112" hits="1"/>
						<line number="113" hits="1"/>
						<line number="114" hits="1"/>
						<line number="115" hits="1"/>
						<line number="116" hits="1"/>
						<line number="119" hits="1"/>
						<line number="122" hits="1"/>
						<line number="126" hits="1"/>
						<line number="127" hits="1"/>
						<line number="128" hits="1"/>
						<line number="131" hits="1" branch="true" condition-coverage="100% (2/2)"/>
						<line number="132" hits="1"/>
						<line number="137" hits="1"/>
						<line number="138" hits="1"/>
						<line number="142" hits="1"/>
						<line number="147" hits="1"/>
						<line number="153" hits="1"/>
						<line number="154" hits="1"/>
						<line number="157" hits="1"/>
						<line number="160" hits="1"/>
						<line number="163" hits="0"/>
						<line number="166" hits="0"/>
						<line number="172" hits="0"/>
						<line number="175" hits="0"/>
						<line number="179" hits="1"/>
						<line number="182" hits="1"/>
						<line number="188" hits="1"/>
						<line number="189" hits="1"/>
						<line number="190" hits="1"/>
						<line number="191" hits="1"/>
						<line number="194" hits="1"/>
						<line number="201" hits="0"/>
						<line number="202" hits="0"/>
						<line number="203" hits="0"/>
						<line number="207" hits="0"/>
						<line number="210" hits="0"/>
						<line number="211" hits="0"/>
						<line number="214" hits="0" branch="true" condition-coverage="0% (0/2)" missing-branches="215,220"/>
						<line number="215" hits="0"/>
						<line number="217" hits="0"/>
						<line number="220" hits="0" branch="true" condition-coverage="0% (0/2)" missing-branches="221,227"/>
						<line number="221" hits="0"/>
						<line number="223" hits="0"/>
						<line number="224" hits="0"/>
						<line number="227" hits="0"/>
						<line number="228" hits="0"/>
						<line number="237" hits="0" branch="true" condition-coverage="0% (0/2)" missing-branches="exit,238"/>
						<line number="238" hits="0"/>
						<line number="242" hits="1"/>
						<line number="246" hits="1"/>
						<line number="252" hits="1"/>
						<line number="255" hits="1"/>
						<line number="258" hits="1"/>
						<line number="262" hits="0"/>
						<line number="265" hits="0"/>
						<line number="275" hits="0" branch="true" condition-coverage="0% (0/2)" missing-branches="276,278"/>
						<line number="276" hits="0"/>
						<line number="278" hits="0"/>
						<line number="282" hits="1"/>
						<line number="286" hits="1"/>
						<line number="292" hits="1"/>
						<line number="293" hits="1"/>
						<line number="296" hits="1"/>
						<line number="299" hits="1"/>
						<line number="311" hits="0"/>
						<line number="316" hits="1"/>
						<line number="318" hits="1"/>
						<line number="323" hits="1"/>
						<line number="325" hits="1"/>
						<line number="330" hits="1"/>
						<line number="332" hits="1"/>
						<line number="337" hits="1"/>
						<line number="339" hits="1"/>
						<line number="344" hits="1"/>
						<line number="346" hits="1"/>
						<line number="351" hits="1"/>
						<line number="353" hits="1"/>
						<line number="358" hits="1" branch="true" condition-coverage="50% (1/2)" missing-branches="359"/>
						<line number="359" hits="0"/>
					</lines>
				</class>
			</classes>
		</package>
	</packages>
</coverage>
