{
  "workflow_id": "98c0dbd3",
  "created_at": "2026-01-25T01:05:44.299151",
  "op": "tensorflow_python_ops_numerics",
  "arch": "python",
  "soc": "python",
  "vendor": "python",
  "project_root": "/Users/zzf1sh/Documents/Project/TestAgent-CLI-main/exam/tensorflow/python.ops.numerics",
  "target": "tensorflow.python.ops.numerics",
  "target_slug": "tensorflow_python_ops_numerics",
  "current_stage": "complete",
  "stage_index": 6,
  "mode": "full-auto",
  "epoch_total": 5,
  "epoch_current": 5,
  "last_failure_signature": "",
  "last_error_signature": "",
  "last_block_errors": {},
  "auto_stop_reason": "",
  "artifacts": {
    "function_doc.md": "# tensorflow.python.ops.numerics - 函数说明\n\n## 1. 基本信息\n- **FQN**: tensorflow.python.ops.numerics\n- **模块文件**: `/opt/anaconda3/envs/testagent-experiment/lib/python3.10/site-packages/tensorflow/python/ops/numerics.py`\n- **签名**: verify_tensor_all_finite_v2(x, message, name=None)\n- **对象类型**: 模块（包含多个函数）\n\n## 2. 功能概述\n检查张量是否包含 NaN 或 Inf 值。如果张量包含无效数值，则记录错误消息。返回原始张量，但添加了数值检查依赖。\n\n## 3. 参数说明\n- x (Tensor): 要检查的张量，自动转换为 Tensor 类型\n- message (str): 检查失败时记录的消息\n- name (str/None, 可选): 操作名称，默认为 None\n\n## 4. 返回值\n- 类型: Tensor\n- 结构: 与输入张量 x 相同的张量\n- 特性: 添加了数值检查依赖，确保检查在张量使用前执行\n\n## 5. 文档要点\n- 检查张量是否包含 NaN 或 Inf 值\n- 使用 `array_ops.check_numerics` 进行实际检查\n- 通过 `control_flow_ops.with_dependencies` 确保检查依赖\n- 操作与输入张量在同一设备上执行（colocate_with）\n\n## 6. 源码摘要\n- 使用 `ops.name_scope` 创建操作作用域\n- 通过 `ops.convert_to_tensor` 确保输入为张量\n- 使用 `ops.colocate_with` 确保设备一致性\n- 调用 `array_ops.check_numerics` 进行数值检查\n- 使用 `control_flow_ops.with_dependencies` 添加检查依赖\n\n## 7. 示例与用法（如有）\n- 无显式示例，但函数行为类似断言\n- 典型用法：`verify_tensor_all_finite_v2(tensor, \"Tensor contains invalid values\")`\n\n## 8. 风险与空白\n- 模块包含多个函数：`verify_tensor_all_finite`（v1 版本）、`verify_tensor_all_finite_v2`（v2 版本）、`add_check_numerics_ops`\n- v1 版本有多个别名参数（t/x, msg/message），增加了复杂性\n- `add_check_numerics_ops` 函数不兼容 eager execution 和控制流操作\n- 未明确指定支持的张量数据类型（应支持浮点类型）\n- 缺少具体的错误处理示例\n- 边界情况：空张量、零维张量、不同形状张量的行为未明确说明",
    "requirements.md": "# tensorflow.python.ops.numerics 测试需求\n\n## 1. 目标与范围\n- 主要功能与期望行为：验证张量不包含 NaN 或 Inf 值，检查失败时记录错误消息，返回带数值检查依赖的原始张量\n- 不在范围内的内容：不修改张量数值，不处理非浮点数据类型，不兼容 eager execution 的 `add_check_numerics_ops` 函数\n\n## 2. 输入与约束\n- 参数列表：\n  - x (Tensor)：任意形状的浮点张量，自动转换为 Tensor 类型\n  - message (str)：检查失败时的错误消息字符串\n  - name (str/None)：操作名称，可选，默认 None\n- 有效取值范围/维度/设备要求：浮点数据类型（float16, float32, float64），任意形状，与输入张量同设备执行\n- 必需与可选组合：x 和 message 必需，name 可选\n- 随机性/全局状态要求：无随机性，依赖 TensorFlow 计算图执行\n\n## 3. 输出与判定\n- 期望返回结构及关键字段：与输入张量 x 相同的 Tensor 对象，添加数值检查依赖\n- 容差/误差界（如浮点）：严格检查 NaN/Inf，无容差\n- 状态变化或副作用检查点：检查失败时记录错误消息，确保检查依赖在张量使用前执行\n\n## 4. 错误与异常场景\n- 非法输入/维度/类型触发的异常或警告：非张量输入、非字符串 message、不支持的数据类型\n- 边界值（空、None、0 长度、极端形状/数值）：空张量、零维张量、包含 NaN/Inf 的张量、极大/极小浮点值\n\n## 5. 依赖与环境\n- 外部资源/设备/网络/文件依赖：TensorFlow 运行时，GPU/CPU 设备支持\n- 需要 mock/monkeypatch 的部分：\n  - `tensorflow.python.ops.array_ops.check_numerics`\n  - `tensorflow.python.ops.control_flow_ops.with_dependencies`\n  - `tensorflow.python.framework.ops.convert_to_tensor`\n  - `tensorflow.python.framework.ops.colocate_with`\n\n## 6. 覆盖与优先级\n- 必测路径（高优先级，最多 5 条，短句）：\n  1. 正常浮点张量无 NaN/Inf 通过检查\n  2. 包含 NaN 的张量触发错误记录\n  3. 包含 Inf 的张量触发错误记录\n  4. 不同浮点数据类型（float16/32/64）的兼容性\n  5. 不同形状张量（标量、向量、矩阵、高维）的检查\n- 可选路径（中/低优先级合并为一组列表）：\n  - v1 版本函数 `verify_tensor_all_finite` 的别名参数兼容性\n  - 空张量和零维张量的边界情况\n  - 与非浮点数据类型（int, bool）的交互\n  - `add_check_numerics_ops` 函数的控制流限制\n  - 操作名称参数 name 的功能验证\n- 已知风险/缺失信息（仅列条目，不展开）：\n  - v1 版本参数别名复杂性\n  - `add_check_numerics_ops` 不兼容 eager execution\n  - 未明确指定所有支持的数据类型\n  - 错误消息记录的具体格式未定义",
    "test_plan.json": "{\n  \"plan_version\": 2,\n  \"target\": \"tensorflow.python.ops.numerics\",\n  \"block_rules\": {\n    \"header_block\": \"HEADER\",\n    \"footer_block\": \"FOOTER\",\n    \"case_prefix\": \"CASE_\",\n    \"case_format\": \"CASE_01\"\n  },\n  \"iteration_strategy\": {\n    \"round1\": {\"include\": \"SMOKE_SET\", \"assert_level\": \"weak\", \"max_blocks\": 5},\n    \"roundN\": {\"only_fix_failed_blocks\": true, \"block_limit\": 3, \"promote_deferred\": true},\n    \"final\": {\"enable_strong_asserts\": true, \"coverage_optional\": true}\n  },\n  \"test_files\": {\n    \"default\": \"tests/test_tensorflow_python_ops_numerics.py\",\n    \"all_pattern\": \"tests/test_tensorflow_python_ops_numerics.py\"\n  },\n  \"cases\": [\n    {\n      \"tc_id\": \"TC-01\",\n      \"block_id\": \"CASE_01\",\n      \"name\": \"正常浮点张量无NaNInf通过检查\",\n      \"priority\": \"High\",\n      \"param_matrix\": [\n        {\"dtype\": \"float32\", \"shape\": [2, 3], \"message\": \"Test valid tensor\", \"name\": null}\n      ],\n      \"asserts\": {\n        \"weak\": [\"returns_tensor\", \"same_shape\", \"same_dtype\", \"no_exception\"],\n        \"strong\": [\"check_numerics_called\", \"with_dependencies_called\", \"colocate_with_called\"]\n      },\n      \"oracle\": \"tensorflow.python.ops.numerics.verify_tensor_all_finite_v2\",\n      \"assertion_level\": \"weak\",\n      \"size\": \"S\",\n      \"max_lines\": 70,\n      \"max_params\": 5,\n      \"is_parametrized\": true,\n      \"requires_mock\": true,\n      \"mock_targets\": [\n        \"tensorflow.python.ops.array_ops.check_numerics\",\n        \"tensorflow.python.ops.control_flow_ops.with_dependencies\",\n        \"tensorflow.python.framework.ops.convert_to_tensor\",\n        \"tensorflow.python.framework.ops.colocate_with\"\n      ]\n    },\n    {\n      \"tc_id\": \"TC-02\",\n      \"block_id\": \"CASE_02\",\n      \"name\": \"包含NaN的张量触发错误记录\",\n      \"priority\": \"High\",\n      \"param_matrix\": [\n        {\"dtype\": \"float32\", \"shape\": [3], \"has_nan\": true, \"message\": \"NaN detected\", \"name\": \"check_nan\"}\n      ],\n      \"asserts\": {\n        \"weak\": [\"returns_tensor\", \"same_shape\", \"same_dtype\", \"no_exception\"],\n        \"strong\": [\"check_numerics_called_with_nan\", \"error_logged\", \"message_passed\"]\n      },\n      \"oracle\": \"tensorflow.python.ops.numerics.verify_tensor_all_finite_v2\",\n      \"assertion_level\": \"weak\",\n      \"size\": \"S\",\n      \"max_lines\": 75,\n      \"max_params\": 6,\n      \"is_parametrized\": true,\n      \"requires_mock\": true,\n      \"mock_targets\": [\n        \"tensorflow.python.ops.array_ops.check_numerics\",\n        \"tensorflow.python.ops.control_flow_ops.with_dependencies\",\n        \"tensorflow.python.framework.ops.convert_to_tensor\",\n        \"tensorflow.python.framework.ops.colocate_with\"\n      ]\n    },\n    {\n      \"tc_id\": \"TC-03\",\n      \"block_id\": \"CASE_03\",\n      \"name\": \"包含Inf的张量触发错误记录\",\n      \"priority\": \"High\",\n      \"param_matrix\": [\n        {\"dtype\": \"float64\", \"shape\": [2, 2], \"has_inf\": true, \"message\": \"Inf detected\", \"name\": \"check_inf\"}\n      ],\n      \"asserts\": {\n        \"weak\": [\"returns_tensor\", \"same_shape\", \"same_dtype\", \"no_exception\"],\n        \"strong\": [\"check_numerics_called_with_inf\", \"error_logged\", \"message_passed\"]\n      },\n      \"oracle\": \"tensorflow.python.ops.numerics.verify_tensor_all_finite_v2\",\n      \"assertion_level\": \"weak\",\n      \"size\": \"S\",\n      \"max_lines\": 75,\n      \"max_params\": 6,\n      \"is_parametrized\": true,\n      \"requires_mock\": true,\n      \"mock_targets\": [\n        \"tensorflow.python.ops.array_ops.check_numerics\",\n        \"tensorflow.python.ops.control_flow_ops.with_dependencies\",\n        \"tensorflow.python.framework.ops.convert_to_tensor\",\n        \"tensorflow.python.framework.ops.colocate_with\"\n      ]\n    },\n    {\n      \"tc_id\": \"TC-04\",\n      \"block_id\": \"CASE_04\",\n      \"name\": \"不同浮点数据类型兼容性\",\n      \"priority\": \"High\",\n      \"param_matrix\": [\n        {\"dtype\": \"float16\", \"shape\": [4], \"message\": \"float16 test\", \"name\": null}\n      ],\n      \"asserts\": {\n        \"weak\": [\"returns_tensor\", \"same_shape\", \"same_dtype\", \"no_exception\"],\n        \"strong\": [\"check_numerics_called\", \"dtype_conversion\", \"device_colocation\"]\n      },\n      \"oracle\": \"tensorflow.python.ops.numerics.verify_tensor_all_finite_v2\",\n      \"assertion_level\": \"weak\",\n      \"size\": \"S\",\n      \"max_lines\": 70,\n      \"max_params\": 5,\n      \"is_parametrized\": true,\n      \"requires_mock\": true,\n      \"mock_targets\": [\n        \"tensorflow.python.ops.array_ops.check_numerics\",\n        \"tensorflow.python.ops.control_flow_ops.with_dependencies\",\n        \"tensorflow.python.framework.ops.convert_to_tensor\",\n        \"tensorflow.python.framework.ops.colocate_with\"\n      ]\n    },\n    {\n      \"tc_id\": \"TC-05\",\n      \"block_id\": \"CASE_05\",\n      \"name\": \"不同形状张量检查\",\n      \"priority\": \"High\",\n      \"param_matrix\": [\n        {\"dtype\": \"float32\", \"shape\": [], \"message\": \"scalar test\", \"name\": \"scalar_check\"}\n      ],\n      \"asserts\": {\n        \"weak\": [\"returns_tensor\", \"same_shape\", \"same_dtype\", \"no_exception\"],\n        \"strong\": [\"check_numerics_called\", \"shape_handling\", \"zero_dim_support\"]\n      },\n      \"oracle\": \"tensorflow.python.ops.numerics.verify_tensor_all_finite_v2\",\n      \"assertion_level\": \"weak\",\n      \"size\": \"S\",\n      \"max_lines\": 70,\n      \"max_params\": 5,\n      \"is_parametrized\": true,\n      \"requires_mock\": true,\n      \"mock_targets\": [\n        \"tensorflow.python.ops.array_ops.check_numerics\",\n        \"tensorflow.python.ops.control_flow_ops.with_dependencies\",\n        \"tensorflow.python.framework.ops.convert_to_tensor\",\n        \"tensorflow.python.framework.ops.colocate_with\"\n      ]\n    }\n  ],\n  \"param_extensions\": [\n    {\n      \"base_block_id\": \"CASE_01\",\n      \"priority\": \"Medium\",\n      \"params\": {\"dtype\": \"float64\", \"shape\": [5, 5], \"message\": \"Large matrix test\", \"name\": \"large_check\"},\n      \"note\": \"作为参数扩展：更大矩阵\"\n    },\n    {\n      \"base_block_id\": \"CASE_01\",\n      \"priority\": \"Medium\",\n      \"params\": {\"dtype\": \"float32\", \"shape\": [1, 10, 10], \"message\": \"3D tensor test\", \"name\": \"3d_check\"},\n      \"note\": \"作为参数扩展：三维张量\"\n    },\n    {\n      \"base_block_id\": \"CASE_02\",\n      \"priority\": \"Medium\",\n      \"params\": {\"dtype\": \"float64\", \"shape\": [2, 3, 4], \"has_nan\": true, \"message\": \"3D NaN test\", \"name\": \"3d_nan\"},\n      \"note\": \"作为参数扩展：三维张量含NaN\"\n    },\n    {\n      \"base_block_id\": \"CASE_03\",\n      \"priority\": \"Medium\",\n      \"params\": {\"dtype\": \"float32\", \"shape\": [10], \"has_inf\": true, \"message\": \"Vector Inf test\", \"name\": \"vector_inf\"},\n      \"note\": \"作为参数扩展：向量含Inf\"\n    },\n    {\n      \"base_block_id\": \"CASE_04\",\n      \"priority\": \"Medium\",\n      \"params\": {\"dtype\": \"bfloat16\", \"shape\": [2, 2], \"message\": \"bfloat16 test\", \"name\": \"bfloat_check\"},\n      \"note\": \"作为参数扩展：bfloat16数据类型\"\n    },\n    {\n      \"base_block_id\": \"CASE_05\",\n      \"priority\": \"Medium\",\n      \"params\": {\"dtype\": \"float32\", \"shape\": [100], \"message\": \"long vector test\", \"name\": \"long_vector\"},\n      \"note\": \"作为参数扩展：长向量\"\n    }\n  ],\n  \"smoke_set\": [\"CASE_01\", \"CASE_02\", \"CASE_03\"],\n  \"deferred_set\": [\"CASE_04\", \"CASE_05\"]\n}",
    "test_plan.md": "# tensorflow.python.ops.numerics 测试计划\n\n## 1. 测试策略\n- 单元测试框架：pytest\n- 隔离策略：mock/monkeypatch/fixtures\n- 随机性处理：固定随机种子/控制 RNG\n\n## 2. 生成规格摘要（来自 test_plan.json）\n- SMOKE_SET: CASE_01, CASE_02, CASE_03\n- DEFERRED_SET: CASE_04, CASE_05\n- 测试文件路径：tests/test_tensorflow_python_ops_numerics.py（单文件）\n- 断言分级策略：首轮使用weak断言，最终轮启用strong断言\n- 预算策略：size=S, max_lines=70-75, max_params=5-6\n\n## 3. 数据与边界\n- 正常数据集：浮点张量（float16/32/64），形状多样（标量到三维）\n- 边界值：空张量、零维张量、极大/极小浮点值\n- 极端形状：高维张量、大尺寸矩阵、长向量\n- 空输入：None输入、空字符串消息\n- 负例与异常场景：\n  - 非张量输入类型\n  - 非字符串message参数\n  - 不支持的数据类型（int, bool）\n  - v1版本参数别名复杂性\n  - add_check_numerics_ops控制流限制\n\n## 4. 覆盖映射\n| TC ID | 需求覆盖 | 约束覆盖 |\n|-------|----------|----------|\n| TC-01 | 正常浮点张量检查 | 浮点数据类型，任意形状 |\n| TC-02 | NaN检测与错误记录 | 错误消息记录，检查失败处理 |\n| TC-03 | Inf检测与错误记录 | 错误消息记录，检查失败处理 |\n| TC-04 | 数据类型兼容性 | float16/32/64支持 |\n| TC-05 | 形状兼容性 | 标量、向量、矩阵支持 |\n\n### 尚未覆盖的风险点\n- v1版本函数`verify_tensor_all_finite`的别名参数兼容性\n- `add_check_numerics_ops`函数不兼容eager execution\n- 未明确指定的所有支持数据类型边界\n- 错误消息记录的具体格式和日志级别\n- 与非浮点数据类型的交互行为",
    "tests/test_tensorflow_python_ops_numerics.py": "\"\"\"\nUnit tests for tensorflow.python.ops.numerics module.\n\"\"\"\nimport math\nimport numpy as np\nimport pytest\nimport tensorflow as tf\nfrom unittest import mock\n\n# ==== BLOCK:HEADER START ====\n# Test class and fixtures will be defined here\n# ==== BLOCK:HEADER END ====\n\n# ==== BLOCK:CASE_01 START ====\n# TC-01: 正常浮点张量无NaNInf通过检查\n# ==== BLOCK:CASE_01 END ====\n\n# ==== BLOCK:CASE_02 START ====\n# TC-02: 包含NaN的张量触发错误记录\n# ==== BLOCK:CASE_02 END ====\n\n# ==== BLOCK:CASE_03 START ====\n# TC-03: 包含Inf的张量触发错误记录\n# ==== BLOCK:CASE_03 END ====\n\n# ==== BLOCK:CASE_04 START ====\n# TC-04: 不同浮点数据类型兼容性 (DEFERRED - placeholder)\n# ==== BLOCK:CASE_04 END ====\n\n# ==== BLOCK:CASE_05 START ====\n# TC-05: 不同形状张量检查 (DEFERRED - placeholder)\n# ==== BLOCK:CASE_05 END ====\n\n# ==== BLOCK:FOOTER START ====\n# Additional helper functions and cleanup\n# ==== BLOCK:FOOTER END ====",
    "execution_log.txt": "=== Run Tests ===\n............F.                                                           [100%]\n=================================== FAILURES ===================================\n_________________ TestVerifyTensorAllFiniteV1.test_v1_calls_v2 _________________\n\nthing = <module 'tensorflow' from '/opt/anaconda3/envs/testagent-experiment/lib/python3.10/site-packages/tensorflow/__init__.py'>\ncomp = 'python', import_path = 'tensorflow.python'\n\n    def _dot_lookup(thing, comp, import_path):\n        try:\n>           return getattr(thing, comp)\nE           AttributeError: module 'tensorflow' has no attribute 'python'\n\n/opt/anaconda3/envs/testagent-experiment/lib/python3.10/unittest/mock.py:1248: AttributeError\n\nDuring handling of the above exception, another exception occurred:\n\nself = <test_tensorflow_python_ops_numerics.TestVerifyTensorAllFiniteV1 object at 0x1458f27d0>\n\n    def test_v1_calls_v2(self):\n        \"\"\"Test that v1 function calls v2 function with proper argument mapping.\"\"\"\n        from tensorflow.python.ops.numerics import verify_tensor_all_finite\n    \n        # Mock the v2 function using unittest.mock directly\n        # Patch the actual module where v2 is defined\n>       with mock.patch('tensorflow.python.ops.numerics.verify_tensor_all_finite_v2') as mock_v2:\n\ntests/test_tensorflow_python_ops_numerics.py:572: \n_ _ _ _ _ _ _ _ _ _ _ _ _ _ _ _ _ _ _ _ _ _ _ _ _ _ _ _ _ _ _ _ _ _ _ _ _ _ _ _ \n/opt/anaconda3/envs/testagent-experiment/lib/python3.10/unittest/mock.py:1431: in __enter__\n    self.target = self.getter()\n/opt/anaconda3/envs/testagent-experiment/lib/python3.10/unittest/mock.py:1618: in <lambda>\n    getter = lambda: _importer(target)\n/opt/anaconda3/envs/testagent-experiment/lib/python3.10/unittest/mock.py:1261: in _importer\n    thing = _dot_lookup(thing, comp, import_path)\n_ _ _ _ _ _ _ _ _ _ _ _ _ _ _ _ _ _ _ _ _ _ _ _ _ _ _ _ _ _ _ _ _ _ _ _ _ _ _ _ \n\nthing = <module 'tensorflow' from '/opt/anaconda3/envs/testagent-experiment/lib/python3.10/site-packages/tensorflow/__init__.py'>\ncomp = 'python', import_path = 'tensorflow.python'\n\n    def _dot_lookup(thing, comp, import_path):\n        try:\n            return getattr(thing, comp)\n        except AttributeError:\n            __import__(import_path)\n>           return getattr(thing, comp)\nE           AttributeError: module 'tensorflow' has no attribute 'python'\n\n/opt/anaconda3/envs/testagent-experiment/lib/python3.10/unittest/mock.py:1251: AttributeError\n=============================== warnings summary ===============================\n../../../../../../../../opt/anaconda3/envs/testagent-experiment/lib/python3.10/site-packages/tensorflow/core/framework/tensor_shape_pb2.py:18\n  /opt/anaconda3/envs/testagent-experiment/lib/python3.10/site-packages/tensorflow/core/framework/tensor_shape_pb2.py:18: DeprecationWarning: Call to deprecated create function FileDescriptor(). Note: Create unlinked descriptors is going to go away. Please use get/find descriptors from generated code or query the descriptor_pool.\n    DESCRIPTOR = _descriptor.FileDescriptor(\n\n../../../../../../../../opt/anaconda3/envs/testagent-experiment/lib/python3.10/site-packages/tensorflow/core/framework/tensor_shape_pb2.py:36\n  /opt/anaconda3/envs/testagent-experiment/lib/python3.10/site-packages/tensorflow/core/framework/tensor_shape_pb2.py:36: DeprecationWarning: Call to deprecated create function FieldDescriptor(). Note: Create unlinked descriptors is going to go away. Please use get/find descriptors from generated code or query the descriptor_pool.\n    _descriptor.FieldDescriptor(\n\n../../../../../../../../opt/anaconda3/envs/testagent-experiment/lib/python3.10/site-packages/tensorflow/core/framework/tensor_shape_pb2.py:43\n  /opt/anaconda3/envs/testagent-experiment/lib/python3.10/site-packages/tensorflow/core/framework/tensor_shape_pb2.py:43: DeprecationWarning: Call to deprecated create function FieldDescriptor(). Note: Create unlinked descriptors is going to go away. Please use get/find descriptors from generated code or query the descriptor_pool.\n    _descriptor.FieldDescriptor(\n\n../../../../../../../../opt/anaconda3/envs/testagent-experiment/lib/python3.10/site-packages/tensorflow/core/framework/tensor_shape_pb2.py:29\n  /opt/anaconda3/envs/testagent-experiment/lib/python3.10/site-packages/tensorflow/core/framework/tensor_shape_pb2.py:29: DeprecationWarning: Call to deprecated create function Descriptor(). Note: Create unlinked descriptors is going to go away. Please use get/find descriptors from generated code or query the descriptor_pool.\n    _TENSORSHAPEPROTO_DIM = _descriptor.Descriptor(\n\n../../../../../../../../opt/anaconda3/envs/testagent-experiment/lib/python3.10/site-packages/tensorflow/core/framework/tensor_shape_pb2.py:73\n  /opt/anaconda3/envs/testagent-experiment/lib/python3.10/site-packages/tensorflow/core/framework/tensor_shape_pb2.py:73: DeprecationWarning: Call to deprecated create function FieldDescriptor(). Note: Create unlinked descriptors is going to go away. Please use get/find descriptors from generated code or query the descriptor_pool.\n    _descriptor.FieldDescriptor(\n\n../../../../../../../../opt/anaconda3/envs/testagent-experiment/lib/python3.10/site-packages/tensorflow/core/framework/tensor_shape_pb2.py:80\n  /opt/anaconda3/envs/testagent-experiment/lib/python3.10/site-packages/tensorflow/core/framework/tensor_shape_pb2.py:80: DeprecationWarning: Call to deprecated create function FieldDescriptor(). Note: Create unlinked descriptors is going to go away. Please use get/find descriptors from generated code or query the descriptor_pool.\n    _descriptor.FieldDescriptor(\n\n../../../../../../../../opt/anaconda3/envs/testagent-experiment/lib/python3.10/site-packages/tensorflow/core/framework/tensor_shape_pb2.py:66\n  /opt/anaconda3/envs/testagent-experiment/lib/python3.10/site-packages/tensorflow/core/framework/tensor_shape_pb2.py:66: DeprecationWarning: Call to deprecated create function Descriptor(). Note: Create unlinked descriptors is going to go away. Please use get/find descriptors from generated code or query the descriptor_pool.\n    _TENSORSHAPEPROTO = _descriptor.Descriptor(\n\n../../../../../../../../opt/anaconda3/envs/testagent-experiment/lib/python3.10/site-packages/tensorflow/core/framework/types_pb2.py:19\n  /opt/anaconda3/envs/testagent-experiment/lib/python3.10/site-packages/tensorflow/core/framework/types_pb2.py:19: DeprecationWarning: Call to deprecated create function FileDescriptor(). Note: Create unlinked descriptors is going to go away. Please use get/find descriptors from generated code or query the descriptor_pool.\n    DESCRIPTOR = _descriptor.FileDescriptor(\n\n../../../../../../../../opt/anaconda3/envs/testagent-experiment/lib/python3.10/site-packages/tensorflow/core/framework/types_pb2.py:33\n  /opt/anaconda3/envs/testagent-experiment/lib/python3.10/site-packages/tensorflow/core/framework/types_pb2.py:33: DeprecationWarning: Call to deprecated create function EnumValueDescriptor(). Note: Create unlinked descriptors is going to go away. Please use get/find descriptors from generated code or query the descriptor_pool.\n    _descriptor.EnumValueDescriptor(\n\n../../../../../../../../opt/anaconda3/envs/testagent-experiment/lib/python3.10/site-packages/tensorflow/core/framework/types_pb2.py:37\n  /opt/anaconda3/envs/testagent-experiment/lib/python3.10/site-packages/tensorflow/core/framework/types_pb2.py:37: DeprecationWarning: Call to deprecated create function EnumValueDescriptor(). Note: Create unlinked descriptors is going to go away. Please use get/find descriptors from generated code or query the descriptor_pool.\n    _descriptor.EnumValueDescriptor(\n\n../../../../../../../../opt/anaconda3/envs/testagent-experiment/lib/python3.10/site-packages/tensorflow/core/framework/types_pb2.py:41\n  /opt/anaconda3/envs/testagent-experiment/lib/python3.10/site-packages/tensorflow/core/framework/types_pb2.py:41: DeprecationWarning: Call to deprecated create function EnumValueDescriptor(). Note: Create unlinked descriptors is going to go away. Please use get/find descriptors from generated code or query the descriptor_pool.\n    _descriptor.EnumValueDescriptor(\n\n../../../../../../../../opt/anaconda3/envs/testagent-experiment/lib/python3.10/site-packages/tensorflow/core/framework/types_pb2.py:45\n  /opt/anaconda3/envs/testagent-experiment/lib/python3.10/site-packages/tensorflow/core/framework/types_pb2.py:45: DeprecationWarning: Call to deprecated create function EnumValueDescriptor(). Note: Create unlinked descriptors is going to go away. Please use get/find descriptors from generated code or query the descriptor_pool.\n    _descriptor.EnumValueDescriptor(\n\n../../../../../../../../opt/anaconda3/envs/testagent-experiment/lib/python3.10/site-packages/tensorflow/core/framework/types_pb2.py:49\n  /opt/anaconda3/envs/testagent-experiment/lib/python3.10/site-packages/tensorflow/core/framework/types_pb2.py:49: DeprecationWarning: Call to deprecated create function EnumValueDescriptor(). Note: Create unlinked descriptors is going to go away. Please use get/find descriptors from generated code or query the descriptor_pool.\n    _descriptor.EnumValueDescriptor(\n\n../../../../../../../../opt/anaconda3/envs/testagent-experiment/lib/python3.10/site-packages/tensorflow/core/framework/types_pb2.py:53\n  /opt/anaconda3/envs/testagent-experiment/lib/python3.10/site-packages/tensorflow/core/framework/types_pb2.py:53: DeprecationWarning: Call to deprecated create function EnumValueDescriptor(). Note: Create unlinked descriptors is going to go away. Please use get/find descriptors from generated code or query the descriptor_pool.\n    _descriptor.EnumValueDescriptor(\n\n../../../../../../../../opt/anaconda3/envs/testagent-experiment/lib/python3.10/site-packages/tensorflow/core/framework/types_pb2.py:57\n  /opt/anaconda3/envs/testagent-experiment/lib/python3.10/site-packages/tensorflow/core/framework/types_pb2.py:57: DeprecationWarning: Call to deprecated create function EnumValueDescriptor(). Note: Create unlinked descriptors is going to go away. Please use get/find descriptors from generated code or query the descriptor_pool.\n    _descriptor.EnumValueDescriptor(\n\n../../../../../../../../opt/anaconda3/envs/testagent-experiment/lib/python3.10/site-packages/tensorflow/core/framework/types_pb2.py:61\n  /opt/anaconda3/envs/testagent-experiment/lib/python3.10/site-packages/tensorflow/core/framework/types_pb2.py:61: DeprecationWarning: Call to deprecated create function EnumValueDescriptor(). Note: Create unlinked descriptors is going to go away. Please use get/find descriptors from generated code or query the descriptor_pool.\n    _descriptor.EnumValueDescriptor(\n\n../../../../../../../../opt/anaconda3/envs/testagent-experiment/lib/python3.10/site-packages/tensorflow/core/framework/types_pb2.py:65\n  /opt/anaconda3/envs/testagent-experiment/lib/python3.10/site-packages/tensorflow/core/framework/types_pb2.py:65: DeprecationWarning: Call to deprecated create function EnumValueDescriptor(). Note: Create unlinked descriptors is going to go away. Please use get/find descriptors from generated code or query the descriptor_pool.\n    _descriptor.EnumValueDescriptor(\n\n../../../../../../../../opt/anaconda3/envs/testagent-experiment/lib/python3.10/site-packages/tensorflow/core/framework/types_pb2.py:69\n  /opt/anaconda3/envs/testagent-experiment/lib/python3.10/site-packages/tensorflow/core/framework/types_pb2.py:69: DeprecationWarning: Call to deprecated create function EnumValueDescriptor(). Note: Create unlinked descriptors is going to go away. Please use get/find descriptors from generated code or query the descriptor_pool.\n    _descriptor.EnumValueDescriptor(\n\n../../../../../../../../opt/anaconda3/envs/testagent-experiment/lib/python3.10/site-packages/tensorflow/core/framework/types_pb2.py:73\n  /opt/anaconda3/envs/testagent-experiment/lib/python3.10/site-packages/tensorflow/core/framework/types_pb2.py:73: DeprecationWarning: Call to deprecated create function EnumValueDescriptor(). Note: Create unlinked descriptors is going to go away. Please use get/find descriptors from generated code or query the descriptor_pool.\n    _descriptor.EnumValueDescriptor(\n\n../../../../../../../../opt/anaconda3/envs/testagent-experiment/lib/python3.10/site-packages/tensorflow/core/framework/types_pb2.py:77\n  /opt/anaconda3/envs/testagent-experiment/lib/python3.10/site-packages/tensorflow/core/framework/types_pb2.py:77: DeprecationWarning: Call to deprecated create function EnumValueDescriptor(). Note: Create unlinked descriptors is going to go away. Please use get/find descriptors from generated code or query the descriptor_pool.\n    _descriptor.EnumValueDescriptor(\n\n../../../../../../../../opt/anaconda3/envs/testagent-experiment/lib/python3.10/site-packages/tensorflow/core/framework/types_pb2.py:81\n  /opt/anaconda3/envs/testagent-experiment/lib/python3.10/site-packages/tensorflow/core/framework/types_pb2.py:81: DeprecationWarning: Call to deprecated create function EnumValueDescriptor(). Note: Create unlinked descriptors is going to go away. Please use get/find descriptors from generated code or query the descriptor_pool.\n    _descriptor.EnumValueDescriptor(\n\n../../../../../../../../opt/anaconda3/envs/testagent-experiment/lib/python3.10/site-packages/tensorflow/core/framework/types_pb2.py:85\n  /opt/anaconda3/envs/testagent-experiment/lib/python3.10/site-packages/tensorflow/core/framework/types_pb2.py:85: DeprecationWarning: Call to deprecated create function EnumValueDescriptor(). Note: Create unlinked descriptors is going to go away. Please use get/find descriptors from generated code or query the descriptor_pool.\n    _descriptor.EnumValueDescriptor(\n\n../../../../../../../../opt/anaconda3/envs/testagent-experiment/lib/python3.10/site-packages/tensorflow/core/framework/types_pb2.py:89\n  /opt/anaconda3/envs/testagent-experiment/lib/python3.10/site-packages/tensorflow/core/framework/types_pb2.py:89: DeprecationWarning: Call to deprecated create function EnumValueDescriptor(). Note: Create unlinked descriptors is going to go away. Please use get/find descriptors from generated code or query the descriptor_pool.\n    _descriptor.EnumValueDescriptor(\n\n../../../../../../../../opt/anaconda3/envs/testagent-experiment/lib/python3.10/site-packages/tensorflow/core/framework/types_pb2.py:93\n  /opt/anaconda3/envs/testagent-experiment/lib/python3.10/site-packages/tensorflow/core/framework/types_pb2.py:93: DeprecationWarning: Call to deprecated create function EnumValueDescriptor(). Note: Create unlinked descriptors is going to go away. Please use get/find descriptors from generated code or query the descriptor_pool.\n    _descriptor.EnumValueDescriptor(\n\n../../../../../../../../opt/anaconda3/envs/testagent-experiment/lib/python3.10/site-packages/tensorflow/core/framework/types_pb2.py:97\n  /opt/anaconda3/envs/testagent-experiment/lib/python3.10/site-packages/tensorflow/core/framework/types_pb2.py:97: DeprecationWarning: Call to deprecated create function EnumValueDescriptor(). Note: Create unlinked descriptors is going to go away. Please use get/find descriptors from generated code or query the descriptor_pool.\n    _descriptor.EnumValueDescriptor(\n\n../../../../../../../../opt/anaconda3/envs/testagent-experiment/lib/python3.10/site-packages/tensorflow/core/framework/types_pb2.py:101\n  /opt/anaconda3/envs/testagent-experiment/lib/python3.10/site-packages/tensorflow/core/framework/types_pb2.py:101: DeprecationWarning: Call to deprecated create function EnumValueDescriptor(). Note: Create unlinked descriptors is going to go away. Please use get/find descriptors from generated code or query the descriptor_pool.\n    _descriptor.EnumValueDescriptor(\n\n../../../../../../../../opt/anaconda3/envs/testagent-experiment/lib/python3.10/site-packages/tensorflow/core/framework/types_pb2.py:105\n  /opt/anaconda3/envs/testagent-experiment/lib/python3.10/site-packages/tensorflow/core/framework/types_pb2.py:105: DeprecationWarning: Call to deprecated create function EnumValueDescriptor(). Note: Create unlinked descriptors is going to go away. Please use get/find descriptors from generated code or query the descriptor_pool.\n    _descriptor.EnumValueDescriptor(\n\n../../../../../../../../opt/anaconda3/envs/testagent-experiment/lib/python3.10/site-packages/tensorflow/core/framework/types_pb2.py:109\n  /opt/anaconda3/envs/testagent-experiment/lib/python3.10/site-packages/tensorflow/core/framework/types_pb2.py:109: DeprecationWarning: Call to deprecated create function EnumValueDescriptor(). Note: Create unlinked descriptors is going to go away. Please use get/find descriptors from generated code or query the descriptor_pool.\n    _descriptor.EnumValueDescriptor(\n\n../../../../../../../../opt/anaconda3/envs/testagent-experiment/lib/python3.10/site-packages/tensorflow/core/framework/types_pb2.py:113\n  /opt/anaconda3/envs/testagent-experiment/lib/python3.10/site-packages/tensorflow/core/framework/types_pb2.py:113: DeprecationWarning: Call to deprecated create function EnumValueDescriptor(). Note: Create unlinked descriptors is going to go away. Please use get/find descriptors from generated code or query the descriptor_pool.\n    _descriptor.EnumValueDescriptor(\n\n../../../../../../../../opt/anaconda3/envs/testagent-experiment/lib/python3.10/site-packages/tensorflow/core/framework/types_pb2.py:117\n  /opt/anaconda3/envs/testagent-experiment/lib/python3.10/site-packages/tensorflow/core/framework/types_pb2.py:117: DeprecationWarning: Call to deprecated create function EnumValueDescriptor(). Note: Create unlinked descriptors is going to go away. Please use get/find descriptors from generated code or query the descriptor_pool.\n    _descriptor.EnumValueDescriptor(\n\n../../../../../../../../opt/anaconda3/envs/testagent-experiment/lib/python3.10/site-packages/tensorflow/core/framework/types_pb2.py:121\n  /opt/anaconda3/envs/testagent-experiment/lib/python3.10/site-packages/tensorflow/core/framework/types_pb2.py:121: DeprecationWarning: Call to deprecated create function EnumValueDescriptor(). Note: Create unlinked descriptors is going to go away. Please use get/find descriptors from generated code or query the descriptor_pool.\n    _descriptor.EnumValueDescriptor(\n\n../../../../../../../../opt/anaconda3/envs/testagent-experiment/lib/python3.10/site-packages/tensorflow/core/framework/types_pb2.py:125\n  /opt/anaconda3/envs/testagent-experiment/lib/python3.10/site-packages/tensorflow/core/framework/types_pb2.py:125: DeprecationWarning: Call to deprecated create function EnumValueDescriptor(). Note: Create unlinked descriptors is going to go away. Please use get/find descriptors from generated code or query the descriptor_pool.\n    _descriptor.EnumValueDescriptor(\n\n../../../../../../../../opt/anaconda3/envs/testagent-experiment/lib/python3.10/site-packages/tensorflow/core/framework/types_pb2.py:129\n  /opt/anaconda3/envs/testagent-experiment/lib/python3.10/site-packages/tensorflow/core/framework/types_pb2.py:129: DeprecationWarning: Call to deprecated create function EnumValueDescriptor(). Note: Create unlinked descriptors is going to go away. Please use get/find descriptors from generated code or query the descriptor_pool.\n    _descriptor.EnumValueDescriptor(\n\n../../../../../../../../opt/anaconda3/envs/testagent-experiment/lib/python3.10/site-packages/tensorflow/core/framework/types_pb2.py:133\n  /opt/anaconda3/envs/testagent-experiment/lib/python3.10/site-packages/tensorflow/core/framework/types_pb2.py:133: DeprecationWarning: Call to deprecated create function EnumValueDescriptor(). Note: Create unlinked descriptors is going to go away. Please use get/find descriptors from generated code or query the descriptor_pool.\n    _descriptor.EnumValueDescriptor(\n\n../../../../../../../../opt/anaconda3/envs/testagent-experiment/lib/python3.10/site-packages/tensorflow/core/framework/types_pb2.py:137\n  /opt/anaconda3/envs/testagent-experiment/lib/python3.10/site-packages/tensorflow/core/framework/types_pb2.py:137: DeprecationWarning: Call to deprecated create function EnumValueDescriptor(). Note: Create unlinked descriptors is going to go away. Please use get/find descriptors from generated code or query the descriptor_pool.\n    _descriptor.EnumValueDescriptor(\n\n../../../../../../../../opt/anaconda3/envs/testagent-experiment/lib/python3.10/site-packages/tensorflow/core/framework/types_pb2.py:141\n  /opt/anaconda3/envs/testagent-experiment/lib/python3.10/site-packages/tensorflow/core/framework/types_pb2.py:141: DeprecationWarning: Call to deprecated create function EnumValueDescriptor(). Note: Create unlinked descriptors is going to go away. Please use get/find descriptors from generated code or query the descriptor_pool.\n    _descriptor.EnumValueDescriptor(\n\n../../../../../../../../opt/anaconda3/envs/testagent-experiment/lib/python3.10/site-packages/tensorflow/core/framework/types_pb2.py:145\n  /opt/anaconda3/envs/testagent-experiment/lib/python3.10/site-packages/tensorflow/core/framework/types_pb2.py:145: DeprecationWarning: Call to deprecated create function EnumValueDescriptor(). Note: Create unlinked descriptors is going to go away. Please use get/find descriptors from generated code or query the descriptor_pool.\n    _descriptor.EnumValueDescriptor(\n\n../../../../../../../../opt/anaconda3/envs/testagent-experiment/lib/python3.10/site-packages/tensorflow/core/framework/types_pb2.py:149\n  /opt/anaconda3/envs/testagent-experiment/lib/python3.10/site-packages/tensorflow/core/framework/types_pb2.py:149: DeprecationWarning: Call to deprecated create function EnumValueDescriptor(). Note: Create unlinked descriptors is going to go away. Please use get/find descriptors from generated code or query the descriptor_pool.\n    _descriptor.EnumValueDescriptor(\n\n../../../../../../../../opt/anaconda3/envs/testagent-experiment/lib/python3.10/site-packages/tensorflow/core/framework/types_pb2.py:153\n  /opt/anaconda3/envs/testagent-experiment/lib/python3.10/site-packages/tensorflow/core/framework/types_pb2.py:153: DeprecationWarning: Call to deprecated create function EnumValueDescriptor(). Note: Create unlinked descriptors is going to go away. Please use get/find descriptors from generated code or query the descriptor_pool.\n    _descriptor.EnumValueDescriptor(\n\n../../../../../../../../opt/anaconda3/envs/testagent-experiment/lib/python3.10/site-packages/tensorflow/core/framework/types_pb2.py:157\n  /opt/anaconda3/envs/testagent-experiment/lib/python3.10/site-packages/tensorflow/core/framework/types_pb2.py:157: DeprecationWarning: Call to deprecated create function EnumValueDescriptor(). Note: Create unlinked descriptors is going to go away. Please use get/find descriptors from generated code or query the descriptor_pool.\n    _descriptor.EnumValueDescriptor(\n\n../../../../../../../../opt/anaconda3/envs/testagent-experiment/lib/python3.10/site-packages/tensorflow/core/framework/types_pb2.py:161\n  /opt/anaconda3/envs/testagent-experiment/lib/python3.10/site-packages/tensorflow/core/framework/types_pb2.py:161: DeprecationWarning: Call to deprecated create function EnumValueDescriptor(). Note: Create unlinked descriptors is going to go away. Please use get/find descriptors from generated code or query the descriptor_pool.\n    _descriptor.EnumValueDescriptor(\n\n../../../../../../../../opt/anaconda3/envs/testagent-experiment/lib/python3.10/site-packages/tensorflow/core/framework/types_pb2.py:165\n  /opt/anaconda3/envs/testagent-experiment/lib/python3.10/site-packages/tensorflow/core/framework/types_pb2.py:165: DeprecationWarning: Call to deprecated create function EnumValueDescriptor(). Note: Create unlinked descriptors is going to go away. Please use get/find descriptors from generated code or query the descriptor_pool.\n    _descriptor.EnumValueDescriptor(\n\n../../../../../../../../opt/anaconda3/envs/testagent-experiment/lib/python3.10/site-packages/tensorflow/core/framework/types_pb2.py:169\n  /opt/anaconda3/envs/testagent-experiment/lib/python3.10/site-packages/tensorflow/core/framework/types_pb2.py:169: DeprecationWarning: Call to deprecated create function EnumValueDescriptor(). Note: Create unlinked descriptors is going to go away. Please use get/find descriptors from generated code or query the descriptor_pool.\n    _descriptor.EnumValueDescriptor(\n\n../../../../../../../../opt/anaconda3/envs/testagent-experiment/lib/python3.10/site-packages/tensorflow/core/framework/types_pb2.py:173\n  /opt/anaconda3/envs/testagent-experiment/lib/python3.10/site-packages/tensorflow/core/framework/types_pb2.py:173: DeprecationWarning: Call to deprecated create function EnumValueDescriptor(). Note: Create unlinked descriptors is going to go away. Please use get/find descriptors from generated code or query the descriptor_pool.\n    _descriptor.EnumValueDescriptor(\n\n../../../../../../../../opt/anaconda3/envs/testagent-experiment/lib/python3.10/site-packages/tensorflow/core/framework/types_pb2.py:177\n  /opt/anaconda3/envs/testagent-experiment/lib/python3.10/site-packages/tensorflow/core/framework/types_pb2.py:177: DeprecationWarning: Call to deprecated create function EnumValueDescriptor(). Note: Create unlinked descriptors is going to go away. Please use get/find descriptors from generated code or query the descriptor_pool.\n    _descriptor.EnumValueDescriptor(\n\n../../../../../../../../opt/anaconda3/envs/testagent-experiment/lib/python3.10/site-packages/tensorflow/core/framework/types_pb2.py:181\n  /opt/anaconda3/envs/testagent-experiment/lib/python3.10/site-packages/tensorflow/core/framework/types_pb2.py:181: DeprecationWarning: Call to deprecated create function EnumValueDescriptor(). Note: Create unlinked descriptors is going to go away. Please use get/find descriptors from generated code or query the descriptor_pool.\n    _descriptor.EnumValueDescriptor(\n\n../../../../../../../../opt/anaconda3/envs/testagent-experiment/lib/python3.10/site-packages/tensorflow/core/framework/types_pb2.py:185\n  /opt/anaconda3/envs/testagent-experiment/lib/python3.10/site-packages/tensorflow/core/framework/types_pb2.py:185: DeprecationWarning: Call to deprecated create function EnumValueDescriptor(). Note: Create unlinked descriptors is going to go away. Please use get/find descriptors from generated code or query the descriptor_pool.\n    _descriptor.EnumValueDescriptor(\n\n../../../../../../../../opt/anaconda3/envs/testagent-experiment/lib/python3.10/site-packages/tensorflow/core/framework/types_pb2.py:189\n  /opt/anaconda3/envs/testagent-experiment/lib/python3.10/site-packages/tensorflow/core/framework/types_pb2.py:189: DeprecationWarning: Call to deprecated create function EnumValueDescriptor(). Note: Create unlinked descriptors is going to go away. Please use get/find descriptors from generated code or query the descriptor_pool.\n    _descriptor.EnumValueDescriptor(\n\n../../../../../../../../opt/anaconda3/envs/testagent-experiment/lib/python3.10/site-packages/tensorflow/core/framework/types_pb2.py:193\n  /opt/anaconda3/envs/testagent-experiment/lib/python3.10/site-packages/tensorflow/core/framework/types_pb2.py:193: DeprecationWarning: Call to deprecated create function EnumValueDescriptor(). Note: Create unlinked descriptors is going to go away. Please use get/find descriptors from generated code or query the descriptor_pool.\n    _descriptor.EnumValueDescriptor(\n\n../../../../../../../../opt/anaconda3/envs/testagent-experiment/lib/python3.10/site-packages/tensorflow/core/framework/types_pb2.py:197\n  /opt/anaconda3/envs/testagent-experiment/lib/python3.10/site-packages/tensorflow/core/framework/types_pb2.py:197: DeprecationWarning: Call to deprecated create function EnumValueDescriptor(). Note: Create unlinked descriptors is going to go away. Please use get/find descriptors from generated code or query the descriptor_pool.\n    _descriptor.EnumValueDescriptor(\n\n../../../../../../../../opt/anaconda3/envs/testagent-experiment/lib/python3.10/site-packages/tensorflow/core/framework/types_pb2.py:201\n  /opt/anaconda3/envs/testagent-experiment/lib/python3.10/site-packages/tensorflow/core/framework/types_pb2.py:201: DeprecationWarning: Call to deprecated create function EnumValueDescriptor(). Note: Create unlinked descriptors is going to go away. Please use get/find descriptors from generated code or query the descriptor_pool.\n    _descriptor.EnumValueDescriptor(\n\n../../../../../../../../opt/anaconda3/envs/testagent-experiment/lib/python3.10/site-packages/tensorflow/core/framework/types_pb2.py:205\n  /opt/anaconda3/envs/testagent-experiment/lib/python3.10/site-packages/tensorflow/core/framework/types_pb2.py:205: DeprecationWarning: Call to deprecated create function EnumValueDescriptor(). Note: Create unlinked descriptors is going to go away. Please use get/find descriptors from generated code or query the descriptor_pool.\n    _descriptor.EnumValueDescriptor(\n\n../../../../../../../../opt/anaconda3/envs/testagent-experiment/lib/python3.10/site-packages/tensorflow/core/framework/types_pb2.py:209\n  /opt/anaconda3/envs/testagent-experiment/lib/python3.10/site-packages/tensorflow/core/framework/types_pb2.py:209: DeprecationWarning: Call to deprecated create function EnumValueDescriptor(). Note: Create unlinked descriptors is going to go away. Please use get/find descriptors from generated code or query the descriptor_pool.\n    _descriptor.EnumValueDescriptor(\n\n../../../../../../../../opt/anaconda3/envs/testagent-experiment/lib/python3.10/site-packages/tensorflow/core/framework/types_pb2.py:213\n  /opt/anaconda3/envs/testagent-experiment/lib/python3.10/site-packages/tensorflow/core/framework/types_pb2.py:213: DeprecationWarning: Call to deprecated create function EnumValueDescriptor(). Note: Create unlinked descriptors is going to go away. Please use get/find descriptors from generated code or query the descriptor_pool.\n    _descriptor.EnumValueDescriptor(\n\n../../../../../../../../opt/anaconda3/envs/testagent-experiment/lib/python3.10/site-packages/tensorflow/core/framework/types_pb2.py:217\n  /opt/anaconda3/envs/testagent-experiment/lib/python3.10/site-packages/tensorflow/core/framework/types_pb2.py:217: DeprecationWarning: Call to deprecated create function EnumValueDescriptor(). Note: Create unlinked descriptors is going to go away. Please use get/find descriptors from generated code or query the descriptor_pool.\n    _descriptor.EnumValueDescriptor(\n\n../../../../../../../../opt/anaconda3/envs/testagent-experiment/lib/python3.10/site-packages/tensorflow/core/framework/types_pb2.py:27\n  /opt/anaconda3/envs/testagent-experiment/lib/python3.10/site-packages/tensorflow/core/framework/types_pb2.py:27: DeprecationWarning: Call to deprecated create function EnumDescriptor(). Note: Create unlinked descriptors is going to go away. Please use get/find descriptors from generated code or query the descriptor_pool.\n    _DATATYPE = _descriptor.EnumDescriptor(\n\n../../../../../../../../opt/anaconda3/envs/testagent-experiment/lib/python3.10/site-packages/tensorflow/core/framework/resource_handle_pb2.py:20\n  /opt/anaconda3/envs/testagent-experiment/lib/python3.10/site-packages/tensorflow/core/framework/resource_handle_pb2.py:20: DeprecationWarning: Call to deprecated create function FileDescriptor(). Note: Create unlinked descriptors is going to go away. Please use get/find descriptors from generated code or query the descriptor_pool.\n    DESCRIPTOR = _descriptor.FileDescriptor(\n\n../../../../../../../../opt/anaconda3/envs/testagent-experiment/lib/python3.10/site-packages/tensorflow/core/framework/resource_handle_pb2.py:39\n  /opt/anaconda3/envs/testagent-experiment/lib/python3.10/site-packages/tensorflow/core/framework/resource_handle_pb2.py:39: DeprecationWarning: Call to deprecated create function FieldDescriptor(). Note: Create unlinked descriptors is going to go away. Please use get/find descriptors from generated code or query the descriptor_pool.\n    _descriptor.FieldDescriptor(\n\n../../../../../../../../opt/anaconda3/envs/testagent-experiment/lib/python3.10/site-packages/tensorflow/core/framework/resource_handle_pb2.py:46\n  /opt/anaconda3/envs/testagent-experiment/lib/python3.10/site-packages/tensorflow/core/framework/resource_handle_pb2.py:46: DeprecationWarning: Call to deprecated create function FieldDescriptor(). Note: Create unlinked descriptors is going to go away. Please use get/find descriptors from generated code or query the descriptor_pool.\n    _descriptor.FieldDescriptor(\n\n../../../../../../../../opt/anaconda3/envs/testagent-experiment/lib/python3.10/site-packages/tensorflow/core/framework/resource_handle_pb2.py:32\n  /opt/anaconda3/envs/testagent-experiment/lib/python3.10/site-packages/tensorflow/core/framework/resource_handle_pb2.py:32: DeprecationWarning: Call to deprecated create function Descriptor(). Note: Create unlinked descriptors is going to go away. Please use get/find descriptors from generated code or query the descriptor_pool.\n    _RESOURCEHANDLEPROTO_DTYPEANDSHAPE = _descriptor.Descriptor(\n\n../../../../../../../../opt/anaconda3/envs/testagent-experiment/lib/python3.10/site-packages/tensorflow/core/framework/resource_handle_pb2.py:76\n  /opt/anaconda3/envs/testagent-experiment/lib/python3.10/site-packages/tensorflow/core/framework/resource_handle_pb2.py:76: DeprecationWarning: Call to deprecated create function FieldDescriptor(). Note: Create unlinked descriptors is going to go away. Please use get/find descriptors from generated code or query the descriptor_pool.\n    _descriptor.FieldDescriptor(\n\n../../../../../../../../opt/anaconda3/envs/testagent-experiment/lib/python3.10/site-packages/tensorflow/core/framework/resource_handle_pb2.py:83\n  /opt/anaconda3/envs/testagent-experiment/lib/python3.10/site-packages/tensorflow/core/framework/resource_handle_pb2.py:83: DeprecationWarning: Call to deprecated create function FieldDescriptor(). Note: Create unlinked descriptors is going to go away. Please use get/find descriptors from generated code or query the descriptor_pool.\n    _descriptor.FieldDescriptor(\n\n../../../../../../../../opt/anaconda3/envs/testagent-experiment/lib/python3.10/site-packages/tensorflow/core/framework/resource_handle_pb2.py:90\n  /opt/anaconda3/envs/testagent-experiment/lib/python3.10/site-packages/tensorflow/core/framework/resource_handle_pb2.py:90: DeprecationWarning: Call to deprecated create function FieldDescriptor(). Note: Create unlinked descriptors is going to go away. Please use get/find descriptors from generated code or query the descriptor_pool.\n    _descriptor.FieldDescriptor(\n\n../../../../../../../../opt/anaconda3/envs/testagent-experiment/lib/python3.10/site-packages/tensorflow/core/framework/resource_handle_pb2.py:97\n  /opt/anaconda3/envs/testagent-experiment/lib/python3.10/site-packages/tensorflow/core/framework/resource_handle_pb2.py:97: DeprecationWarning: Call to deprecated create function FieldDescriptor(). Note: Create unlinked descriptors is going to go away. Please use get/find descriptors from generated code or query the descriptor_pool.\n    _descriptor.FieldDescriptor(\n\n../../../../../../../../opt/anaconda3/envs/testagent-experiment/lib/python3.10/site-packages/tensorflow/core/framework/resource_handle_pb2.py:104\n  /opt/anaconda3/envs/testagent-experiment/lib/python3.10/site-packages/tensorflow/core/framework/resource_handle_pb2.py:104: DeprecationWarning: Call to deprecated create function FieldDescriptor(). Note: Create unlinked descriptors is going to go away. Please use get/find descriptors from generated code or query the descriptor_pool.\n    _descriptor.FieldDescriptor(\n\n../../../../../../../../opt/anaconda3/envs/testagent-experiment/lib/python3.10/site-packages/tensorflow/core/framework/resource_handle_pb2.py:111\n  /opt/anaconda3/envs/testagent-experiment/lib/python3.10/site-packages/tensorflow/core/framework/resource_handle_pb2.py:111: DeprecationWarning: Call to deprecated create function FieldDescriptor(). Note: Create unlinked descriptors is going to go away. Please use get/find descriptors from generated code or query the descriptor_pool.\n    _descriptor.FieldDescriptor(\n\n../../../../../../../../opt/anaconda3/envs/testagent-experiment/lib/python3.10/site-packages/tensorflow/core/framework/resource_handle_pb2.py:69\n  /opt/anaconda3/envs/testagent-experiment/lib/python3.10/site-packages/tensorflow/core/framework/resource_handle_pb2.py:69: DeprecationWarning: Call to deprecated create function Descriptor(). Note: Create unlinked descriptors is going to go away. Please use get/find descriptors from generated code or query the descriptor_pool.\n    _RESOURCEHANDLEPROTO = _descriptor.Descriptor(\n\n../../../../../../../../opt/anaconda3/envs/testagent-experiment/lib/python3.10/site-packages/tensorflow/core/framework/tensor_pb2.py:21\n  /opt/anaconda3/envs/testagent-experiment/lib/python3.10/site-packages/tensorflow/core/framework/tensor_pb2.py:21: DeprecationWarning: Call to deprecated create function FileDescriptor(). Note: Create unlinked descriptors is going to go away. Please use get/find descriptors from generated code or query the descriptor_pool.\n    DESCRIPTOR = _descriptor.FileDescriptor(\n\n../../../../../../../../opt/anaconda3/envs/testagent-experiment/lib/python3.10/site-packages/tensorflow/core/framework/tensor_pb2.py:40\n  /opt/anaconda3/envs/testagent-experiment/lib/python3.10/site-packages/tensorflow/core/framework/tensor_pb2.py:40: DeprecationWarning: Call to deprecated create function FieldDescriptor(). Note: Create unlinked descriptors is going to go away. Please use get/find descriptors from generated code or query the descriptor_pool.\n    _descriptor.FieldDescriptor(\n\n../../../../../../../../opt/anaconda3/envs/testagent-experiment/lib/python3.10/site-packages/tensorflow/core/framework/tensor_pb2.py:47\n  /opt/anaconda3/envs/testagent-experiment/lib/python3.10/site-packages/tensorflow/core/framework/tensor_pb2.py:47: DeprecationWarning: Call to deprecated create function FieldDescriptor(). Note: Create unlinked descriptors is going to go away. Please use get/find descriptors from generated code or query the descriptor_pool.\n    _descriptor.FieldDescriptor(\n\n../../../../../../../../opt/anaconda3/envs/testagent-experiment/lib/python3.10/site-packages/tensorflow/core/framework/tensor_pb2.py:54\n  /opt/anaconda3/envs/testagent-experiment/lib/python3.10/site-packages/tensorflow/core/framework/tensor_pb2.py:54: DeprecationWarning: Call to deprecated create function FieldDescriptor(). Note: Create unlinked descriptors is going to go away. Please use get/find descriptors from generated code or query the descriptor_pool.\n    _descriptor.FieldDescriptor(\n\n../../../../../../../../opt/anaconda3/envs/testagent-experiment/lib/python3.10/site-packages/tensorflow/core/framework/tensor_pb2.py:61\n  /opt/anaconda3/envs/testagent-experiment/lib/python3.10/site-packages/tensorflow/core/framework/tensor_pb2.py:61: DeprecationWarning: Call to deprecated create function FieldDescriptor(). Note: Create unlinked descriptors is going to go away. Please use get/find descriptors from generated code or query the descriptor_pool.\n    _descriptor.FieldDescriptor(\n\n../../../../../../../../opt/anaconda3/envs/testagent-experiment/lib/python3.10/site-packages/tensorflow/core/framework/tensor_pb2.py:68\n  /opt/anaconda3/envs/testagent-experiment/lib/python3.10/site-packages/tensorflow/core/framework/tensor_pb2.py:68: DeprecationWarning: Call to deprecated create function FieldDescriptor(). Note: Create unlinked descriptors is going to go away. Please use get/find descriptors from generated code or query the descriptor_pool.\n    _descriptor.FieldDescriptor(\n\n../../../../../../../../opt/anaconda3/envs/testagent-experiment/lib/python3.10/site-packages/tensorflow/core/framework/tensor_pb2.py:75\n  /opt/anaconda3/envs/testagent-experiment/lib/python3.10/site-packages/tensorflow/core/framework/tensor_pb2.py:75: DeprecationWarning: Call to deprecated create function FieldDescriptor(). Note: Create unlinked descriptors is going to go away. Please use get/find descriptors from generated code or query the descriptor_pool.\n    _descriptor.FieldDescriptor(\n\n../../../../../../../../opt/anaconda3/envs/testagent-experiment/lib/python3.10/site-packages/tensorflow/core/framework/tensor_pb2.py:82\n  /opt/anaconda3/envs/testagent-experiment/lib/python3.10/site-packages/tensorflow/core/framework/tensor_pb2.py:82: DeprecationWarning: Call to deprecated create function FieldDescriptor(). Note: Create unlinked descriptors is going to go away. Please use get/find descriptors from generated code or query the descriptor_pool.\n    _descriptor.FieldDescriptor(\n\n../../../../../../../../opt/anaconda3/envs/testagent-experiment/lib/python3.10/site-packages/tensorflow/core/framework/tensor_pb2.py:89\n  /opt/anaconda3/envs/testagent-experiment/lib/python3.10/site-packages/tensorflow/core/framework/tensor_pb2.py:89: DeprecationWarning: Call to deprecated create function FieldDescriptor(). Note: Create unlinked descriptors is going to go away. Please use get/find descriptors from generated code or query the descriptor_pool.\n    _descriptor.FieldDescriptor(\n\n../../../../../../../../opt/anaconda3/envs/testagent-experiment/lib/python3.10/site-packages/tensorflow/core/framework/tensor_pb2.py:96\n  /opt/anaconda3/envs/testagent-experiment/lib/python3.10/site-packages/tensorflow/core/framework/tensor_pb2.py:96: DeprecationWarning: Call to deprecated create function FieldDescriptor(). Note: Create unlinked descriptors is going to go away. Please use get/find descriptors from generated code or query the descriptor_pool.\n    _descriptor.FieldDescriptor(\n\n../../../../../../../../opt/anaconda3/envs/testagent-experiment/lib/python3.10/site-packages/tensorflow/core/framework/tensor_pb2.py:103\n  /opt/anaconda3/envs/testagent-experiment/lib/python3.10/site-packages/tensorflow/core/framework/tensor_pb2.py:103: DeprecationWarning: Call to deprecated create function FieldDescriptor(). Note: Create unlinked descriptors is going to go away. Please use get/find descriptors from generated code or query the descriptor_pool.\n    _descriptor.FieldDescriptor(\n\n../../../../../../../../opt/anaconda3/envs/testagent-experiment/lib/python3.10/site-packages/tensorflow/core/framework/tensor_pb2.py:110\n  /opt/anaconda3/envs/testagent-experiment/lib/python3.10/site-packages/tensorflow/core/framework/tensor_pb2.py:110: DeprecationWarning: Call to deprecated create function FieldDescriptor(). Note: Create unlinked descriptors is going to go away. Please use get/find descriptors from generated code or query the descriptor_pool.\n    _descriptor.FieldDescriptor(\n\n../../../../../../../../opt/anaconda3/envs/testagent-experiment/lib/python3.10/site-packages/tensorflow/core/framework/tensor_pb2.py:117\n  /opt/anaconda3/envs/testagent-experiment/lib/python3.10/site-packages/tensorflow/core/framework/tensor_pb2.py:117: DeprecationWarning: Call to deprecated create function FieldDescriptor(). Note: Create unlinked descriptors is going to go away. Please use get/find descriptors from generated code or query the descriptor_pool.\n    _descriptor.FieldDescriptor(\n\n../../../../../../../../opt/anaconda3/envs/testagent-experiment/lib/python3.10/site-packages/tensorflow/core/framework/tensor_pb2.py:124\n  /opt/anaconda3/envs/testagent-experiment/lib/python3.10/site-packages/tensorflow/core/framework/tensor_pb2.py:124: DeprecationWarning: Call to deprecated create function FieldDescriptor(). Note: Create unlinked descriptors is going to go away. Please use get/find descriptors from generated code or query the descriptor_pool.\n    _descriptor.FieldDescriptor(\n\n../../../../../../../../opt/anaconda3/envs/testagent-experiment/lib/python3.10/site-packages/tensorflow/core/framework/tensor_pb2.py:131\n  /opt/anaconda3/envs/testagent-experiment/lib/python3.10/site-packages/tensorflow/core/framework/tensor_pb2.py:131: DeprecationWarning: Call to deprecated create function FieldDescriptor(). Note: Create unlinked descriptors is going to go away. Please use get/find descriptors from generated code or query the descriptor_pool.\n    _descriptor.FieldDescriptor(\n\n../../../../../../../../opt/anaconda3/envs/testagent-experiment/lib/python3.10/site-packages/tensorflow/core/framework/tensor_pb2.py:138\n  /opt/anaconda3/envs/testagent-experiment/lib/python3.10/site-packages/tensorflow/core/framework/tensor_pb2.py:138: DeprecationWarning: Call to deprecated create function FieldDescriptor(). Note: Create unlinked descriptors is going to go away. Please use get/find descriptors from generated code or query the descriptor_pool.\n    _descriptor.FieldDescriptor(\n\n../../../../../../../../opt/anaconda3/envs/testagent-experiment/lib/python3.10/site-packages/tensorflow/core/framework/tensor_pb2.py:145\n  /opt/anaconda3/envs/testagent-experiment/lib/python3.10/site-packages/tensorflow/core/framework/tensor_pb2.py:145: DeprecationWarning: Call to deprecated create function FieldDescriptor(). Note: Create unlinked descriptors is going to go away. Please use get/find descriptors from generated code or query the descriptor_pool.\n    _descriptor.FieldDescriptor(\n\n../../../../../../../../opt/anaconda3/envs/testagent-experiment/lib/python3.10/site-packages/tensorflow/core/framework/tensor_pb2.py:152\n  /opt/anaconda3/envs/testagent-experiment/lib/python3.10/site-packages/tensorflow/core/framework/tensor_pb2.py:152: DeprecationWarning: Call to deprecated create function FieldDescriptor(). Note: Create unlinked descriptors is going to go away. Please use get/find descriptors from generated code or query the descriptor_pool.\n    _descriptor.FieldDescriptor(\n\n../../../../../../../../opt/anaconda3/envs/testagent-experiment/lib/python3.10/site-packages/tensorflow/core/framework/tensor_pb2.py:33\n  /opt/anaconda3/envs/testagent-experiment/lib/python3.10/site-packages/tensorflow/core/framework/tensor_pb2.py:33: DeprecationWarning: Call to deprecated create function Descriptor(). Note: Create unlinked descriptors is going to go away. Please use get/find descriptors from generated code or query the descriptor_pool.\n    _TENSORPROTO = _descriptor.Descriptor(\n\n../../../../../../../../opt/anaconda3/envs/testagent-experiment/lib/python3.10/site-packages/tensorflow/core/framework/tensor_pb2.py:183\n  /opt/anaconda3/envs/testagent-experiment/lib/python3.10/site-packages/tensorflow/core/framework/tensor_pb2.py:183: DeprecationWarning: Call to deprecated create function FieldDescriptor(). Note: Create unlinked descriptors is going to go away. Please use get/find descriptors from generated code or query the descriptor_pool.\n    _descriptor.FieldDescriptor(\n\n../../../../../../../../opt/anaconda3/envs/testagent-experiment/lib/python3.10/site-packages/tensorflow/core/framework/tensor_pb2.py:190\n  /opt/anaconda3/envs/testagent-experiment/lib/python3.10/site-packages/tensorflow/core/framework/tensor_pb2.py:190: DeprecationWarning: Call to deprecated create function FieldDescriptor(). Note: Create unlinked descriptors is going to go away. Please use get/find descriptors from generated code or query the descriptor_pool.\n    _descriptor.FieldDescriptor(\n\n../../../../../../../../opt/anaconda3/envs/testagent-experiment/lib/python3.10/site-packages/tensorflow/core/framework/tensor_pb2.py:197\n  /opt/anaconda3/envs/testagent-experiment/lib/python3.10/site-packages/tensorflow/core/framework/tensor_pb2.py:197: DeprecationWarning: Call to deprecated create function FieldDescriptor(). Note: Create unlinked descriptors is going to go away. Please use get/find descriptors from generated code or query the descriptor_pool.\n    _descriptor.FieldDescriptor(\n\n../../../../../../../../opt/anaconda3/envs/testagent-experiment/lib/python3.10/site-packages/tensorflow/core/framework/tensor_pb2.py:176\n  /opt/anaconda3/envs/testagent-experiment/lib/python3.10/site-packages/tensorflow/core/framework/tensor_pb2.py:176: DeprecationWarning: Call to deprecated create function Descriptor(). Note: Create unlinked descriptors is going to go away. Please use get/find descriptors from generated code or query the descriptor_pool.\n    _VARIANTTENSORDATAPROTO = _descriptor.Descriptor(\n\n../../../../../../../../opt/anaconda3/envs/testagent-experiment/lib/python3.10/site-packages/tensorflow/core/framework/attr_value_pb2.py:21\n  /opt/anaconda3/envs/testagent-experiment/lib/python3.10/site-packages/tensorflow/core/framework/attr_value_pb2.py:21: DeprecationWarning: Call to deprecated create function FileDescriptor(). Note: Create unlinked descriptors is going to go away. Please use get/find descriptors from generated code or query the descriptor_pool.\n    DESCRIPTOR = _descriptor.FileDescriptor(\n\n../../../../../../../../opt/anaconda3/envs/testagent-experiment/lib/python3.10/site-packages/tensorflow/core/framework/attr_value_pb2.py:40\n  /opt/anaconda3/envs/testagent-experiment/lib/python3.10/site-packages/tensorflow/core/framework/attr_value_pb2.py:40: DeprecationWarning: Call to deprecated create function FieldDescriptor(). Note: Create unlinked descriptors is going to go away. Please use get/find descriptors from generated code or query the descriptor_pool.\n    _descriptor.FieldDescriptor(\n\n../../../../../../../../opt/anaconda3/envs/testagent-experiment/lib/python3.10/site-packages/tensorflow/core/framework/attr_value_pb2.py:47\n  /opt/anaconda3/envs/testagent-experiment/lib/python3.10/site-packages/tensorflow/core/framework/attr_value_pb2.py:47: DeprecationWarning: Call to deprecated create function FieldDescriptor(). Note: Create unlinked descriptors is going to go away. Please use get/find descriptors from generated code or query the descriptor_pool.\n    _descriptor.FieldDescriptor(\n\n../../../../../../../../opt/anaconda3/envs/testagent-experiment/lib/python3.10/site-packages/tensorflow/core/framework/attr_value_pb2.py:54\n  /opt/anaconda3/envs/testagent-experiment/lib/python3.10/site-packages/tensorflow/core/framework/attr_value_pb2.py:54: DeprecationWarning: Call to deprecated create function FieldDescriptor(). Note: Create unlinked descriptors is going to go away. Please use get/find descriptors from generated code or query the descriptor_pool.\n    _descriptor.FieldDescriptor(\n\n../../../../../../../../opt/anaconda3/envs/testagent-experiment/lib/python3.10/site-packages/tensorflow/core/framework/attr_value_pb2.py:61\n  /opt/anaconda3/envs/testagent-experiment/lib/python3.10/site-packages/tensorflow/core/framework/attr_value_pb2.py:61: DeprecationWarning: Call to deprecated create function FieldDescriptor(). Note: Create unlinked descriptors is going to go away. Please use get/find descriptors from generated code or query the descriptor_pool.\n    _descriptor.FieldDescriptor(\n\n../../../../../../../../opt/anaconda3/envs/testagent-experiment/lib/python3.10/site-packages/tensorflow/core/framework/attr_value_pb2.py:68\n  /opt/anaconda3/envs/testagent-experiment/lib/python3.10/site-packages/tensorflow/core/framework/attr_value_pb2.py:68: DeprecationWarning: Call to deprecated create function FieldDescriptor(). Note: Create unlinked descriptors is going to go away. Please use get/find descriptors from generated code or query the descriptor_pool.\n    _descriptor.FieldDescriptor(\n\n../../../../../../../../opt/anaconda3/envs/testagent-experiment/lib/python3.10/site-packages/tensorflow/core/framework/attr_value_pb2.py:75\n  /opt/anaconda3/envs/testagent-experiment/lib/python3.10/site-packages/tensorflow/core/framework/attr_value_pb2.py:75: DeprecationWarning: Call to deprecated create function FieldDescriptor(). Note: Create unlinked descriptors is going to go away. Please use get/find descriptors from generated code or query the descriptor_pool.\n    _descriptor.FieldDescriptor(\n\n../../../../../../../../opt/anaconda3/envs/testagent-experiment/lib/python3.10/site-packages/tensorflow/core/framework/attr_value_pb2.py:82\n  /opt/anaconda3/envs/testagent-experiment/lib/python3.10/site-packages/tensorflow/core/framework/attr_value_pb2.py:82: DeprecationWarning: Call to deprecated create function FieldDescriptor(). Note: Create unlinked descriptors is going to go away. Please use get/find descriptors from generated code or query the descriptor_pool.\n    _descriptor.FieldDescriptor(\n\n../../../../../../../../opt/anaconda3/envs/testagent-experiment/lib/python3.10/site-packages/tensorflow/core/framework/attr_value_pb2.py:89\n  /opt/anaconda3/envs/testagent-experiment/lib/python3.10/site-packages/tensorflow/core/framework/attr_value_pb2.py:89: DeprecationWarning: Call to deprecated create function FieldDescriptor(). Note: Create unlinked descriptors is going to go away. Please use get/find descriptors from generated code or query the descriptor_pool.\n    _descriptor.FieldDescriptor(\n\n../../../../../../../../opt/anaconda3/envs/testagent-experiment/lib/python3.10/site-packages/tensorflow/core/framework/attr_value_pb2.py:33\n  /opt/anaconda3/envs/testagent-experiment/lib/python3.10/site-packages/tensorflow/core/framework/attr_value_pb2.py:33: DeprecationWarning: Call to deprecated create function Descriptor(). Note: Create unlinked descriptors is going to go away. Please use get/find descriptors from generated code or query the descriptor_pool.\n    _ATTRVALUE_LISTVALUE = _descriptor.Descriptor(\n\n../../../../../../../../opt/anaconda3/envs/testagent-experiment/lib/python3.10/site-packages/tensorflow/python/framework/dtypes.py:205\n  /opt/anaconda3/envs/testagent-experiment/lib/python3.10/site-packages/tensorflow/python/framework/dtypes.py:205: DeprecationWarning: `np.bool8` is a deprecated alias for `np.bool_`.  (Deprecated NumPy 1.24)\n    np.bool8: (False, True),\n\n../../../../../../../../opt/anaconda3/envs/testagent-experiment/lib/python3.10/site-packages/flatbuffers/compat.py:19\n  /opt/anaconda3/envs/testagent-experiment/lib/python3.10/site-packages/flatbuffers/compat.py:19: DeprecationWarning: the imp module is deprecated in favour of importlib and slated for removal in Python 3.12; see the module's documentation for alternative uses\n    import imp\n\n../../../../../../../../opt/anaconda3/envs/testagent-experiment/lib/python3.10/site-packages/tensorboard/compat/tensorflow_stub/dtypes.py:326\n  /opt/anaconda3/envs/testagent-experiment/lib/python3.10/site-packages/tensorboard/compat/tensorflow_stub/dtypes.py:326: DeprecationWarning: `np.bool8` is a deprecated alias for `np.bool_`.  (Deprecated NumPy 1.24)\n    np.bool8: (False, True),\n\n-- Docs: https://docs.pytest.org/en/stable/how-to/capture-warnings.html\n================================ tests coverage ================================\n______________ coverage: platform darwin, python 3.10.19-final-0 _______________\n\nName                                           Stmts   Miss Branch BrPart  Cover   Missing\n------------------------------------------------------------------------------------------\ntest_import.py                                     0      0      0      0   100%\ntests/test_tensorflow_python_ops_numerics.py     223     44     44     10    75%   114, 190, 200, 205->210, 279, 289, 294->299, 346->350, 400, 467, 517-534, 538-544, 548-554, 573-593\n------------------------------------------------------------------------------------------\nTOTAL                                            223     44     44     10    75%\nCoverage XML written to file coverage.xml\n=========================== short test summary info ============================\nFAILED tests/test_tensorflow_python_ops_numerics.py::TestVerifyTensorAllFiniteV1::test_v1_calls_v2\n1 failed, 13 passed, 103 warnings in 2.35s\n\nError: exit 1",
    "exit_code.txt": "1",
    "analysis_plan.json": "{\n  \"status\": \"未完全通过\",\n  \"passed\": 13,\n  \"failed\": 1,\n  \"errors\": 0,\n  \"collection_errors\": false,\n  \"block_limit\": 3,\n  \"failures\": [\n    {\n      \"test\": \"tests/test_tensorflow_python_ops_numerics.py::TestVerifyTensorAllFiniteV1::test_v1_calls_v2\",\n      \"block_id\": \"HEADER\",\n      \"error_type\": \"AttributeError\",\n      \"action\": \"rewrite_block\",\n      \"note\": \"mock路径错误：tensorflow.python在mock时不可访问，需要修复mock路径\"\n    }\n  ],\n  \"deferred\": [],\n  \"stop_recommended\": false,\n  \"stop_reason\": \"\"\n}",
    "analysis.md": "# 测试分析报告\n\n## 状态与统计\n- **状态**: 未完全通过\n- **通过**: 13\n- **失败**: 1\n- **错误**: 0\n- **收集错误**: 否\n\n## 待修复 BLOCK 列表 (1个)\n\n### 1. HEADER\n- **测试**: `TestVerifyTensorAllFiniteV1.test_v1_calls_v2`\n- **错误类型**: `AttributeError`\n- **修复动作**: `rewrite_block`\n- **原因**: mock路径错误：tensorflow.python在mock时不可访问，需要修复mock路径\n\n## 停止建议\n- **stop_recommended**: false\n- **stop_reason**: 无",
    "test_import.py": "#!/usr/bin/env python3\n\"\"\"Test import of TensorFlow modules.\"\"\"\n\nimport tensorflow as tf\n\n# Test if we can access the modules\nprint(\"Testing TensorFlow imports...\")\n\ntry:\n    # Test tensorflow.debugging.check_numerics\n    print(\"1. Testing tensorflow.debugging.check_numerics...\")\n    import tensorflow.debugging\n    print(\"   ✓ tensorflow.debugging imported successfully\")\n    \n    # Test tensorflow.python.ops.control_flow_ops\n    print(\"2. Testing tensorflow.python.ops.control_flow_ops...\")\n    import tensorflow.python.ops.control_flow_ops\n    print(\"   ✓ tensorflow.python.ops.control_flow_ops imported successfully\")\n    \n    # Test tensorflow.convert_to_tensor\n    print(\"3. Testing tensorflow.convert_to_tensor...\")\n    # This is a function, not a module\n    print(\"   ✓ tensorflow.convert_to_tensor is a function\")\n    \n    # Test tensorflow.python.framework.ops\n    print(\"4. Testing tensorflow.python.framework.ops...\")\n    import tensorflow.python.framework.ops\n    print(\"   ✓ tensorflow.python.framework.ops imported successfully\")\n    \n    print(\"\\nAll imports successful!\")\n    \nexcept ImportError as e:\n    print(f\"   ✗ Import failed: {e}\")\nexcept AttributeError as e:\n    print(f\"   ✗ Attribute error: {e}\")\nexcept Exception as e:\n    print(f\"   ✗ Unexpected error: {e}\")",
    "final_report.md": "# tensorflow.python.ops.numerics 测试报告\n\n## 1. 执行摘要\n**结论**: 测试基本通过，核心功能验证完成，但存在一个v1版本兼容性测试失败需要修复。\n\n**关键发现**:\n- 核心函数 `verify_tensor_all_finite_v2` 的5个主要测试场景全部通过（13/14通过）\n- v1版本函数 `verify_tensor_all_finite` 的别名参数兼容性测试失败，需要修复mock路径问题\n- 测试覆盖了主要需求：正常张量检查、NaN/Inf检测、数据类型兼容性、形状兼容性\n\n**阻塞项**: v1版本函数测试中的mock路径错误（AttributeError），需要修复测试代码。\n\n## 2. 测试范围\n**目标FQN**: `tensorflow.python.ops.numerics`\n\n**测试环境**:\n- 框架: pytest\n- 依赖: TensorFlow, numpy\n- 隔离策略: mock/monkeypatch/fixtures\n- 随机性控制: 固定随机种子（42）\n\n**覆盖场景**:\n1. ✅ 正常浮点张量无NaN/Inf通过检查（TC-01）\n2. ✅ 包含NaN的张量触发错误记录（TC-02）\n3. ✅ 包含Inf的张量触发错误记录（TC-03）\n4. ✅ 不同浮点数据类型兼容性（float16/32/64/bfloat16）（TC-04）\n5. ✅ 不同形状张量检查（标量、向量、矩阵、高维）（TC-05）\n6. ✅ v1版本函数存在性验证\n7. ❌ v1版本函数别名参数兼容性（测试失败）\n8. ✅ `add_check_numerics_ops` 函数存在性验证\n\n**未覆盖项**:\n- v1版本函数 `verify_tensor_all_finite` 的完整参数别名测试\n- `add_check_numerics_ops` 函数的控制流限制测试\n- 非浮点数据类型（int, bool）的异常处理\n- 空张量和零维张量的边界情况\n- 错误消息记录的具体格式和日志级别验证\n\n## 3. 结果概览\n**测试统计**:\n- 用例总数: 14个\n- 通过: 13个（92.9%）\n- 失败: 1个（7.1%）\n- 错误: 0个\n- 收集错误: 无\n\n**主要失败点**:\n- `TestVerifyTensorAllFiniteV1.test_v1_calls_v2`: AttributeError - mock路径错误\n\n**通过的关键测试**:\n1. 正常浮点张量检查（多种形状和数据类型）\n2. NaN检测与错误记录机制\n3. Inf检测与错误记录机制（包括正负无穷）\n4. 不同浮点数据类型兼容性（float16/32/64/bfloat16）\n5. 不同形状兼容性（标量、向量、矩阵）\n\n## 4. 详细发现\n\n### 高优先级问题（1个）\n**问题ID**: V1-MOCK-001\n- **严重级别**: 高（阻塞v1版本兼容性验证）\n- **测试**: `TestVerifyTensorAllFiniteV1.test_v1_calls_v2`\n- **错误类型**: `AttributeError`\n- **根因**: mock路径错误，`tensorflow.python`在mock时不可访问\n- **影响**: 无法验证v1版本函数是否正确调用v2版本\n- **建议修复动作**: \n  1. 修改mock路径为正确的导入路径\n  2. 使用`unittest.mock.patch.object`直接mock导入的函数\n  3. 或者使用`sys.modules`级别的mock\n\n### 中优先级问题（测试覆盖缺口）\n**问题ID**: COVERAGE-001\n- **严重级别**: 中\n- **描述**: 未测试v1版本函数的完整参数别名兼容性\n- **根因**: 测试计划中列为可选路径，未在首轮测试中实现\n- **影响**: 无法确保向后兼容性\n- **建议修复动作**: 补充测试v1函数的`t/x`和`msg/message`参数别名组合\n\n**问题ID**: COVERAGE-002\n- **严重级别**: 中\n- **描述**: 未测试`add_check_numerics_ops`的控制流限制\n- **根因**: 文档指出该函数不兼容eager execution，但未在测试中验证\n- **影响**: 可能在生产环境中遇到运行时错误\n- **建议修复动作**: 添加测试验证该函数在eager模式下的行为\n\n### 低优先级问题（边界情况）\n**问题ID**: BOUNDARY-001\n- **严重级别**: 低\n- **描述**: 未测试空张量和零维张量的边界情况\n- **根因**: 测试计划中列为可选路径\n- **影响**: 边界行为未经验证\n- **建议修复动作**: 补充空张量和零维张量的测试用例\n\n## 5. 覆盖与风险\n\n### 需求覆盖情况\n**已覆盖需求**:\n- ✅ 正常浮点张量无NaN/Inf通过检查\n- ✅ 包含NaN的张量触发错误记录\n- ✅ 包含Inf的张量触发错误记录\n- ✅ 不同浮点数据类型兼容性\n- ✅ 不同形状张量检查\n- ✅ 函数返回带检查依赖的原始张量\n\n**部分覆盖需求**:\n- ⚠️ v1版本函数兼容性（存在性已验证，但别名参数测试失败）\n\n**未覆盖需求**:\n- ❌ `add_check_numerics_ops` 函数的控制流限制\n- ❌ 错误消息记录的具体格式验证\n- ❌ 与非浮点数据类型的交互行为\n\n### 风险分析\n**已知风险**:\n1. **v1版本参数别名复杂性**: 测试失败表明可能存在兼容性问题\n2. **`add_check_numerics_ops`不兼容eager execution**: 未经验证，可能在生产中导致错误\n3. **未明确指定的数据类型边界**: 测试覆盖了常见浮点类型，但未验证所有可能类型\n4. **错误消息记录格式未定义**: 未测试错误消息的具体内容和格式\n\n**潜在风险**:\n- 多设备（GPU/CPU）环境下的行为一致性未测试\n- 大规模张量的性能影响未评估\n- 并发调用时的线程安全性未验证\n\n## 6. 后续动作\n\n### 优先级排序的TODO列表\n\n**P0 - 立即修复（阻塞性问题）**:\n1. **修复v1版本函数测试的mock路径错误**\n   - 责任人: 测试开发\n   - 预计工时: 1小时\n   - 验收标准: `test_v1_calls_v2`测试通过\n   - 具体操作: 修改mock路径为`tensorflow.python.ops.numerics.verify_tensor_all_finite_v2`\n\n**P1 - 高优先级（核心功能补充）**:\n2. **补充v1版本函数的完整参数别名测试**\n   - 责任人: 测试开发\n   - 预计工时: 2小时\n   - 验收标准: 覆盖所有参数别名组合（t/x, msg/message）\n   - 具体操作: 添加参数组合测试用例\n\n3. **验证`add_check_numerics_ops`的控制流限制**\n   - 责任人: 测试开发\n   - 预计工时: 3小时\n   - 验收标准: 验证函数在eager模式下的行为\n   - 具体操作: 添加eager execution环境下的测试\n\n**P2 - 中优先级（边界情况覆盖）**:\n4. **补充空张量和零维张量测试**\n   - 责任人: 测试开发\n   - 预计工时: 2小时\n   - 验收标准: 验证边界张量的正确处理\n   - 具体操作: 添加空张量和零维张量测试用例\n\n5. **测试非浮点数据类型的异常处理**\n   - 责任人: 测试开发\n   - 预计工时: 2小时\n   - 验收标准: 验证int/bool类型输入的正确异常\n   - 具体操作: 添加非浮点数据类型测试\n\n**P3 - 低优先级（增强测试）**:\n6. **验证错误消息记录格式**\n   - 责任人: 测试开发\n   - 预计工时: 3小时\n   - 验收标准: 验证错误消息内容和格式\n   - 具体操作: 添加错误消息内容断言\n\n7. **补充性能基准测试**\n   - 责任人: 性能测试\n   - 预计工时: 4小时\n   - 验收标准: 建立性能基准\n   - 具体操作: 添加大规模张量性能测试\n\n### 环境调整建议\n1. **测试环境**: 建议在CI/CD流水线中添加GPU环境测试\n2. **依赖管理**: 确保测试环境与生产环境的TensorFlow版本一致\n3. **监控**: 添加测试覆盖率监控，确保关键路径覆盖率达到95%以上\n\n### 交付物\n- ✅ 测试代码: `tests/test_tensorflow_python_ops_numerics.py`\n- ✅ 测试报告: 本文件\n- ⏳ 待修复: v1版本测试mock路径问题\n- 📋 待补充: 边界情况和增强测试\n\n---\n**报告生成时间**: 2024年\n**测试状态**: 基本通过，需修复1个阻塞性问题\n**建议行动**: 立即修复P0问题，按优先级推进后续测试补充"
  },
  "stage_history": [
    {
      "stage": "understand_function",
      "status": "completed",
      "timestamp": "2026-01-25T01:06:23.602063",
      "attempts": 1,
      "error": null
    },
    {
      "stage": "generate_requirements",
      "status": "completed",
      "timestamp": "2026-01-25T01:06:56.371261",
      "attempts": 1,
      "error": null
    },
    {
      "stage": "design_test_plan",
      "status": "completed",
      "timestamp": "2026-01-25T01:08:30.251165",
      "attempts": 1,
      "error": null
    },
    {
      "stage": "generate_code",
      "status": "completed",
      "timestamp": "2026-01-25T01:12:15.040351",
      "attempts": 1,
      "error": null
    },
    {
      "stage": "execute_tests",
      "status": "completed",
      "timestamp": "2026-01-25T01:12:18.351550",
      "attempts": 1,
      "error": null
    },
    {
      "stage": "analyze_results",
      "status": "completed",
      "timestamp": "2026-01-25T01:13:24.098001",
      "attempts": 1,
      "error": null
    },
    {
      "stage": "generate_code",
      "status": "completed",
      "timestamp": "2026-01-25T01:18:36.131142",
      "attempts": 2,
      "error": null
    },
    {
      "stage": "execute_tests",
      "status": "completed",
      "timestamp": "2026-01-25T01:18:38.983502",
      "attempts": 2,
      "error": null
    },
    {
      "stage": "analyze_results",
      "status": "completed",
      "timestamp": "2026-01-25T01:20:03.858554",
      "attempts": 2,
      "error": null
    },
    {
      "stage": "generate_code",
      "status": "completed",
      "timestamp": "2026-01-25T03:43:38.228467",
      "attempts": 3,
      "error": null
    },
    {
      "stage": "execute_tests",
      "status": "completed",
      "timestamp": "2026-01-25T03:43:42.060473",
      "attempts": 3,
      "error": null
    },
    {
      "stage": "analyze_results",
      "status": "completed",
      "timestamp": "2026-01-25T03:45:07.547203",
      "attempts": 3,
      "error": null
    },
    {
      "stage": "generate_code",
      "status": "completed",
      "timestamp": "2026-01-25T03:51:34.381515",
      "attempts": 4,
      "error": null
    },
    {
      "stage": "execute_tests",
      "status": "completed",
      "timestamp": "2026-01-25T03:51:37.112683",
      "attempts": 4,
      "error": null
    },
    {
      "stage": "analyze_results",
      "status": "completed",
      "timestamp": "2026-01-25T03:53:04.504459",
      "attempts": 4,
      "error": null
    },
    {
      "stage": "generate_code",
      "status": "completed",
      "timestamp": "2026-01-25T03:57:40.301984",
      "attempts": 5,
      "error": null
    },
    {
      "stage": "execute_tests",
      "status": "completed",
      "timestamp": "2026-01-25T03:57:43.258683",
      "attempts": 5,
      "error": null
    },
    {
      "stage": "analyze_results",
      "status": "completed",
      "timestamp": "2026-01-25T03:59:17.947021",
      "attempts": 5,
      "error": null
    },
    {
      "stage": "generate_report",
      "status": "completed",
      "timestamp": "2026-01-25T04:00:40.184669",
      "attempts": 1,
      "error": null
    }
  ],
  "user_feedback": []
}