<?xml version="1.0" ?>
<coverage version="7.13.1" timestamp="1769176616257" lines-valid="348" lines-covered="301" line-rate="0.8649" branches-valid="132" branches-covered="97" branch-rate="0.7348" complexity="0">
	<!-- Generated by coverage.py: https://coverage.readthedocs.io/en/7.13.1 -->
	<!-- Based on https://raw.githubusercontent.com/cobertura/web/master/htdocs/xml/coverage-04.dtd -->
	<sources>
		<source>/Users/zzf1sh/Documents/Project/TestAgent-CLI-main/exam/tensorflow/python.ops.gen_bitwise_ops</source>
	</sources>
	<packages>
		<package name="tests" line-rate="0.8649" branch-rate="0.7348" complexity="0">
			<classes>
				<class name="test_tensorflow_python_ops_gen_bitwise_ops.py" filename="tests/test_tensorflow_python_ops_gen_bitwise_ops.py" complexity="0" line-rate="0.8649" branch-rate="0.7348">
					<methods/>
					<lines>
						<line number="7" hits="1"/>
						<line number="8" hits="1"/>
						<line number="9" hits="1"/>
						<line number="12" hits="1"/>
						<line number="15" hits="1"/>
						<line number="16" hits="1"/>
						<line number="19" hits="1"/>
						<line number="31" hits="1" branch="true" condition-coverage="50% (1/2)" missing-branches="34"/>
						<line number="32" hits="1"/>
						<line number="34" hits="1"/>
						<line number="36" hits="1" branch="true" condition-coverage="100% (2/2)"/>
						<line number="39" hits="1"/>
						<line number="42" hits="1"/>
						<line number="44" hits="1"/>
						<line number="55" hits="1" branch="true" condition-coverage="100% (2/2)"/>
						<line number="56" hits="1"/>
						<line number="59" hits="1" branch="true" condition-coverage="50% (1/2)" missing-branches="60"/>
						<line number="60" hits="0"/>
						<line number="61" hits="1"/>
						<line number="63" hits="1"/>
						<line number="78" hits="0"/>
						<line number="79" hits="0" branch="true" condition-coverage="0% (0/2)" missing-branches="80,85"/>
						<line number="80" hits="0" branch="true" condition-coverage="0% (0/2)" missing-branches="81,83"/>
						<line number="81" hits="0"/>
						<line number="83" hits="0"/>
						<line number="85" hits="0"/>
						<line number="86" hits="0" branch="true" condition-coverage="0% (0/2)" missing-branches="87,93"/>
						<line number="87" hits="0" branch="true" condition-coverage="0% (0/2)" missing-branches="88,90"/>
						<line number="88" hits="0"/>
						<line number="90" hits="0"/>
						<line number="93" hits="0"/>
						<line number="96" hits="0"/>
						<line number="99" hits="0"/>
						<line number="102" hits="1"/>
						<line number="103" hits="1"/>
						<line number="106" hits="0" branch="true" condition-coverage="0% (0/2)" missing-branches="107,109"/>
						<line number="107" hits="0"/>
						<line number="109" hits="0"/>
						<line number="110" hits="0"/>
						<line number="114" hits="1"/>
						<line number="139" hits="1"/>
						<line number="147" hits="1" branch="true" condition-coverage="50% (1/2)" missing-branches="148"/>
						<line number="148" hits="0"/>
						<line number="151" hits="1" branch="true" condition-coverage="100% (2/2)"/>
						<line number="152" hits="1"/>
						<line number="155" hits="1"/>
						<line number="156" hits="1" branch="true" condition-coverage="100% (2/2)"/>
						<line number="157" hits="1"/>
						<line number="159" hits="1"/>
						<line number="160" hits="1"/>
						<line number="163" hits="1"/>
						<line number="164" hits="1"/>
						<line number="167" hits="1"/>
						<line number="168" hits="1"/>
						<line number="171" hits="1"/>
						<line number="174" hits="1"/>
						<line number="175" hits="1"/>
						<line number="178" hits="1"/>
						<line number="179" hits="1"/>
						<line number="182" hits="1"/>
						<line number="183" hits="1"/>
						<line number="184" hits="1"/>
						<line number="188" hits="1"/>
						<line number="192" hits="1" branch="true" condition-coverage="100% (2/2)"/>
						<line number="193" hits="1"/>
						<line number="194" hits="1"/>
						<line number="195" hits="1"/>
						<line number="196" hits="1"/>
						<line number="197" hits="1"/>
						<line number="199" hits="1"/>
						<line number="200" hits="1"/>
						<line number="201" hits="1"/>
						<line number="203" hits="1"/>
						<line number="206" hits="1"/>
						<line number="207" hits="1"/>
						<line number="211" hits="1"/>
						<line number="214" hits="1" branch="true" condition-coverage="50% (1/2)" missing-branches="218"/>
						<line number="215" hits="1"/>
						<line number="218" hits="1" branch="true" condition-coverage="100% (2/2)"/>
						<line number="219" hits="1"/>
						<line number="220" hits="1"/>
						<line number="221" hits="1"/>
						<line number="228" hits="1"/>
						<line number="253" hits="1"/>
						<line number="261" hits="1" branch="true" condition-coverage="50% (1/2)" missing-branches="262"/>
						<line number="262" hits="0"/>
						<line number="265" hits="1" branch="true" condition-coverage="100% (2/2)"/>
						<line number="266" hits="1"/>
						<line number="269" hits="1"/>
						<line number="270" hits="1" branch="true" condition-coverage="100% (2/2)"/>
						<line number="271" hits="1"/>
						<line number="273" hits="1"/>
						<line number="274" hits="1"/>
						<line number="277" hits="1"/>
						<line number="278" hits="1"/>
						<line number="281" hits="1"/>
						<line number="282" hits="1"/>
						<line number="285" hits="1"/>
						<line number="288" hits="1"/>
						<line number="289" hits="1"/>
						<line number="292" hits="1"/>
						<line number="293" hits="1"/>
						<line number="296" hits="1"/>
						<line number="297" hits="1"/>
						<line number="298" hits="1"/>
						<line number="302" hits="1"/>
						<line number="305" hits="1"/>
						<line number="306" hits="1"/>
						<line number="310" hits="1" branch="true" condition-coverage="100% (2/2)"/>
						<line number="311" hits="1"/>
						<line number="312" hits="1"/>
						<line number="313" hits="1"/>
						<line number="314" hits="1"/>
						<line number="316" hits="1"/>
						<line number="317" hits="0"/>
						<line number="319" hits="0"/>
						<line number="320" hits="0"/>
						<line number="321" hits="0"/>
						<line number="322" hits="0"/>
						<line number="324" hits="1"/>
						<line number="325" hits="1"/>
						<line number="326" hits="1"/>
						<line number="328" hits="1"/>
						<line number="329" hits="0"/>
						<line number="331" hits="0"/>
						<line number="332" hits="0"/>
						<line number="333" hits="0"/>
						<line number="334" hits="0"/>
						<line number="336" hits="1"/>
						<line number="341" hits="1"/>
						<line number="349" hits="1" branch="true" condition-coverage="100% (2/2)"/>
						<line number="351" hits="1" branch="true" condition-coverage="100% (2/2)"/>
						<line number="352" hits="1"/>
						<line number="353" hits="1"/>
						<line number="357" hits="1" branch="true" condition-coverage="50% (1/2)" missing-branches="exit"/>
						<line number="358" hits="1"/>
						<line number="365" hits="1"/>
						<line number="386" hits="1"/>
						<line number="394" hits="1" branch="true" condition-coverage="50% (1/2)" missing-branches="395"/>
						<line number="395" hits="0"/>
						<line number="398" hits="1" branch="true" condition-coverage="100% (2/2)"/>
						<line number="399" hits="1"/>
						<line number="402" hits="1"/>
						<line number="403" hits="1" branch="true" condition-coverage="100% (2/2)"/>
						<line number="404" hits="1"/>
						<line number="406" hits="1"/>
						<line number="409" hits="1"/>
						<line number="410" hits="1"/>
						<line number="413" hits="1"/>
						<line number="416" hits="1"/>
						<line number="419" hits="1"/>
						<line number="422" hits="1"/>
						<line number="423" hits="1"/>
						<line number="426" hits="1"/>
						<line number="427" hits="1"/>
						<line number="431" hits="1"/>
						<line number="434" hits="1"/>
						<line number="437" hits="1"/>
						<line number="438" hits="1"/>
						<line number="442" hits="1"/>
						<line number="445" hits="1" branch="true" condition-coverage="100% (2/2)"/>
						<line number="447" hits="1"/>
						<line number="448" hits="1" branch="true" condition-coverage="50% (1/2)" missing-branches="453"/>
						<line number="449" hits="1" branch="true" condition-coverage="100% (2/2)"/>
						<line number="450" hits="1"/>
						<line number="453" hits="1"/>
						<line number="454" hits="1" branch="true" condition-coverage="50% (1/2)" missing-branches="459"/>
						<line number="455" hits="1" branch="true" condition-coverage="100% (2/2)"/>
						<line number="456" hits="1"/>
						<line number="459" hits="1"/>
						<line number="460" hits="1"/>
						<line number="461" hits="1" branch="true" condition-coverage="50% (1/2)" missing-branches="486"/>
						<line number="462" hits="1" branch="true" condition-coverage="100% (2/2)"/>
						<line number="463" hits="1"/>
						<line number="467" hits="1" branch="true" condition-coverage="50% (1/2)" missing-branches="486"/>
						<line number="469" hits="1"/>
						<line number="470" hits="1" branch="true" condition-coverage="50% (1/2)" missing-branches="477"/>
						<line number="471" hits="1"/>
						<line number="472" hits="1" branch="true" condition-coverage="100% (2/2)"/>
						<line number="473" hits="1"/>
						<line number="477" hits="1"/>
						<line number="478" hits="1"/>
						<line number="479" hits="1" branch="true" condition-coverage="50% (1/2)" missing-branches="486"/>
						<line number="480" hits="1" branch="true" condition-coverage="100% (2/2)"/>
						<line number="481" hits="1"/>
						<line number="486" hits="1" branch="true" condition-coverage="100% (2/2)"/>
						<line number="487" hits="1"/>
						<line number="488" hits="1"/>
						<line number="489" hits="1"/>
						<line number="498" hits="1"/>
						<line number="521" hits="1"/>
						<line number="529" hits="1" branch="true" condition-coverage="50% (1/2)" missing-branches="530"/>
						<line number="530" hits="0"/>
						<line number="533" hits="1" branch="true" condition-coverage="100% (2/2)"/>
						<line number="534" hits="1"/>
						<line number="537" hits="1"/>
						<line number="538" hits="1" branch="true" condition-coverage="100% (2/2)"/>
						<line number="539" hits="1"/>
						<line number="541" hits="1"/>
						<line number="542" hits="1"/>
						<line number="545" hits="1"/>
						<line number="546" hits="1"/>
						<line number="549" hits="1"/>
						<line number="550" hits="1"/>
						<line number="553" hits="1"/>
						<line number="556" hits="1"/>
						<line number="557" hits="1"/>
						<line number="560" hits="1"/>
						<line number="561" hits="1"/>
						<line number="564" hits="1"/>
						<line number="565" hits="1"/>
						<line number="566" hits="1"/>
						<line number="570" hits="1"/>
						<line number="573" hits="1"/>
						<line number="576" hits="1"/>
						<line number="577" hits="1"/>
						<line number="581" hits="1"/>
						<line number="584" hits="1" branch="true" condition-coverage="100% (2/2)"/>
						<line number="585" hits="1"/>
						<line number="586" hits="1"/>
						<line number="589" hits="1" branch="true" condition-coverage="100% (2/2)"/>
						<line number="590" hits="1"/>
						<line number="593" hits="1" branch="true" condition-coverage="100% (2/2)"/>
						<line number="596" hits="1" branch="true" condition-coverage="100% (2/2)"/>
						<line number="597" hits="1"/>
						<line number="600" hits="1"/>
						<line number="601" hits="1"/>
						<line number="606" hits="1" branch="true" condition-coverage="100% (2/2)"/>
						<line number="609" hits="1"/>
						<line number="610" hits="1"/>
						<line number="613" hits="1"/>
						<line number="614" hits="1"/>
						<line number="617" hits="1" branch="true" condition-coverage="100% (2/2)"/>
						<line number="619" hits="1"/>
						<line number="620" hits="1" branch="true" condition-coverage="50% (1/2)" missing-branches="628"/>
						<line number="621" hits="1" branch="true" condition-coverage="100% (2/2)"/>
						<line number="625" hits="1"/>
						<line number="628" hits="1" branch="true" condition-coverage="50% (1/2)" missing-branches="639"/>
						<line number="629" hits="1"/>
						<line number="630" hits="1" branch="true" condition-coverage="50% (1/2)" missing-branches="639"/>
						<line number="631" hits="1" branch="true" condition-coverage="100% (2/2)"/>
						<line number="636" hits="1"/>
						<line number="639" hits="1"/>
						<line number="640" hits="1"/>
						<line number="641" hits="1"/>
						<line number="650" hits="1"/>
						<line number="671" hits="1"/>
						<line number="679" hits="1" branch="true" condition-coverage="50% (1/2)" missing-branches="680"/>
						<line number="680" hits="0"/>
						<line number="683" hits="1" branch="true" condition-coverage="100% (2/2)"/>
						<line number="684" hits="1"/>
						<line number="687" hits="1"/>
						<line number="688" hits="1" branch="true" condition-coverage="100% (2/2)"/>
						<line number="689" hits="1"/>
						<line number="691" hits="1"/>
						<line number="694" hits="1"/>
						<line number="695" hits="1"/>
						<line number="698" hits="1"/>
						<line number="701" hits="1"/>
						<line number="704" hits="1"/>
						<line number="707" hits="1"/>
						<line number="708" hits="1"/>
						<line number="711" hits="1"/>
						<line number="712" hits="1"/>
						<line number="716" hits="1"/>
						<line number="719" hits="1"/>
						<line number="722" hits="1"/>
						<line number="728" hits="1"/>
						<line number="731" hits="1"/>
						<line number="732" hits="1"/>
						<line number="734" hits="1" branch="true" condition-coverage="100% (2/2)"/>
						<line number="736" hits="1"/>
						<line number="739" hits="1" branch="true" condition-coverage="50% (1/2)" missing-branches="743"/>
						<line number="743" hits="0"/>
						<line number="744" hits="0"/>
						<line number="747" hits="0" branch="true" condition-coverage="0% (0/2)" missing-branches="749,752"/>
						<line number="749" hits="0"/>
						<line number="752" hits="1"/>
						<line number="753" hits="1"/>
						<line number="756" hits="1"/>
						<line number="759" hits="1"/>
						<line number="760" hits="1"/>
						<line number="763" hits="1" branch="true" condition-coverage="100% (2/2)"/>
						<line number="764" hits="1"/>
						<line number="765" hits="1"/>
						<line number="766" hits="1"/>
						<line number="769" hits="1"/>
						<line number="774" hits="1" branch="true" condition-coverage="100% (2/2)"/>
						<line number="775" hits="1"/>
						<line number="779" hits="1" branch="true" condition-coverage="100% (2/2)"/>
						<line number="780" hits="1"/>
						<line number="784" hits="1" branch="true" condition-coverage="50% (1/2)" missing-branches="785"/>
						<line number="785" hits="0"/>
						<line number="790" hits="1" branch="true" condition-coverage="100% (2/2)"/>
						<line number="791" hits="1"/>
						<line number="792" hits="1"/>
						<line number="797" hits="1" branch="true" condition-coverage="50% (1/2)" missing-branches="798"/>
						<line number="798" hits="0"/>
						<line number="799" hits="0"/>
						<line number="800" hits="0"/>
						<line number="801" hits="0"/>
						<line number="802" hits="0"/>
						<line number="808" hits="1"/>
						<line number="809" hits="1"/>
						<line number="819" hits="1"/>
						<line number="821" hits="1"/>
						<line number="822" hits="1"/>
						<line number="824" hits="1"/>
						<line number="825" hits="1"/>
						<line number="827" hits="1"/>
						<line number="829" hits="1"/>
						<line number="830" hits="1"/>
						<line number="832" hits="1"/>
						<line number="833" hits="1"/>
						<line number="835" hits="1"/>
						<line number="837" hits="1"/>
						<line number="838" hits="1"/>
						<line number="840" hits="1"/>
						<line number="841" hits="1"/>
						<line number="842" hits="1"/>
						<line number="844" hits="1"/>
						<line number="847" hits="1"/>
						<line number="848" hits="1"/>
						<line number="850" hits="1"/>
						<line number="851" hits="1"/>
						<line number="852" hits="1"/>
						<line number="855" hits="1"/>
						<line number="858" hits="1" branch="true" condition-coverage="50% (1/2)" missing-branches="862"/>
						<line number="859" hits="1"/>
						<line number="862" hits="0"/>
						<line number="863" hits="0"/>
						<line number="864" hits="0"/>
						<line number="867" hits="1"/>
						<line number="869" hits="1"/>
						<line number="870" hits="1"/>
						<line number="872" hits="1"/>
						<line number="873" hits="1"/>
						<line number="876" hits="1" branch="true" condition-coverage="50% (1/2)" missing-branches="877"/>
						<line number="877" hits="0"/>
						<line number="880" hits="1"/>
						<line number="884" hits="1"/>
						<line number="886" hits="1"/>
						<line number="888" hits="1"/>
						<line number="889" hits="1"/>
						<line number="891" hits="1"/>
						<line number="892" hits="1"/>
						<line number="893" hits="1"/>
						<line number="894" hits="1"/>
					</lines>
				</class>
			</classes>
		</package>
	</packages>
</coverage>
