{
  "workflow_id": "731b2095",
  "created_at": "2026-01-25T09:23:15.554101",
  "op": "tensorflow_python_ops_ragged_ragged_string_ops",
  "arch": "python",
  "soc": "python",
  "vendor": "python",
  "project_root": "/Users/zzf1sh/Documents/Project/TestAgent-CLI-main/exam/tensorflow/python.ops.ragged.ragged_string_ops",
  "target": "tensorflow.python.ops.ragged.ragged_string_ops",
  "target_slug": "tensorflow_python_ops_ragged_ragged_string_ops",
  "current_stage": "complete",
  "stage_index": 6,
  "mode": "full-auto",
  "epoch_total": 5,
  "epoch_current": 5,
  "last_failure_signature": "",
  "last_error_signature": "",
  "last_block_errors": {},
  "auto_stop_reason": "",
  "artifacts": {
    "function_doc.md": "# tensorflow.python.ops.ragged.ragged_string_ops - 函数说明\n\n## 1. 基本信息\n- **FQN**: tensorflow.python.ops.ragged.ragged_string_ops\n- **模块文件**: `/opt/anaconda3/envs/testagent-experiment/lib/python3.10/site-packages/tensorflow/python/ops/ragged/ragged_string_ops.py`\n- **签名**: 模块（包含多个函数）\n- **对象类型**: module\n\n## 2. 功能概述\nTensorFlow RaggedTensor 字符串操作模块。提供处理不规则形状字符串张量的操作，包括字符串分割、Unicode编解码、n-gram生成等。支持 RaggedTensor 和普通 Tensor 的互操作。\n\n## 3. 参数说明\n模块包含多个函数，主要函数参数：\n- `string_bytes_split(input, name=None)`: 输入必须是字符串 Tensor/RaggedTensor，需有静态已知的秩\n- `unicode_encode(input, output_encoding, errors=\"replace\", replacement_char=65533, name=None)`: 输入为整数张量，编码支持 UTF-8/UTF-16-BE/UTF-32-BE\n- `unicode_decode(input, input_encoding, errors=\"replace\", replacement_char=0xFFFD, replace_control_characters=False, name=None)`: 输入为字符串张量\n- `string_split_v2(input, sep=None, maxsplit=-1, name=None)`: 基于分隔符分割字符串\n- `ngrams(data, ngram_width, separator=\" \", pad_values=None, padding_width=None, preserve_short_sequences=False, name=None)`: 生成 n-gram\n\n## 4. 返回值\n各函数返回类型：\n- `string_bytes_split`: 返回 RaggedTensor，秩为输入秩+1\n- `unicode_encode`: 返回字符串 Tensor，形状为输入形状去掉最后一维\n- `unicode_decode`: 返回整数 RaggedTensor/Tensor，秩为输入秩+1\n- `string_split_v2`: 返回 RaggedTensor，秩为输入秩+1\n- `ngrams`: 返回 RaggedTensor，形状为 [D1...DN, NUM_NGRAMS]\n\n## 5. 文档要点\n- 所有输入必须具有静态已知的秩（rank）\n- 支持 RaggedTensor 和普通 Tensor 的自动转换\n- Unicode 操作支持三种错误处理模式：'replace'、'ignore'、'strict'\n- 字符串分割支持空标记忽略和最大分割数限制\n- n-gram 支持填充和短序列保留选项\n\n## 6. 源码摘要\n- 关键路径：使用 `ragged_tensor.convert_to_tensor_or_ragged_tensor` 进行输入转换\n- 依赖：`gen_string_ops` 底层操作、`ragged_tensor` 核心模块\n- 递归处理：对多层 RaggedTensor 使用递归或 `with_flat_values` 处理\n- 形状处理：通过 reshape 和 stack 操作处理不同秩的输入\n- 错误处理：对无效输入抛出 `ValueError`\n\n## 7. 示例与用法\n- `string_bytes_split`: 将字符串分割为字节数组\n- `unicode_encode`: 将 Unicode 码点编码为字符串\n- `unicode_decode`: 将字符串解码为 Unicode 码点\n- `string_split_v2`: 基于分隔符分割字符串\n- `ngrams`: 从序列生成 n-gram\n\n## 8. 风险与空白\n- **多实体模块**：目标为模块而非单个函数，包含 10+ 个公共函数\n- **类型注解不完整**：部分函数缺少详细的类型注解\n- **边界条件**：需要测试空字符串、空张量、无效编码等边界情况\n- **性能考虑**：递归处理可能影响大尺寸 RaggedTensor 的性能\n- **编码支持**：仅支持有限的 Unicode 编码格式（UTF-8/16/32-BE）\n- **分隔符处理**：空分隔符与 None 分隔符的行为差异需要明确测试",
    "requirements.md": "# tensorflow.python.ops.ragged.ragged_string_ops 测试需求\n\n## 1. 目标与范围\n- 主要功能与期望行为：测试 RaggedTensor 字符串操作模块，包括字符串分割、Unicode编解码、n-gram生成等函数，验证不规则形状字符串张量的正确处理\n- 不在范围内的内容：非字符串张量操作、其他模块的字符串函数、动态秩张量处理\n\n## 2. 输入与约束\n- 参数列表（名称、类型/shape、默认值）：\n  - `string_bytes_split`: input (Tensor/RaggedTensor[string], 静态已知秩), name=None\n  - `unicode_encode`: input (Tensor[int]), output_encoding (str), errors=\"replace\", replacement_char=65533, name=None\n  - `unicode_decode`: input (Tensor[string]), input_encoding (str), errors=\"replace\", replacement_char=0xFFFD, replace_control_characters=False, name=None\n  - `string_split_v2`: input (Tensor/RaggedTensor[string]), sep=None, maxsplit=-1, name=None\n  - `ngrams`: data (Tensor/RaggedTensor), ngram_width (int/list[int]), separator=\" \", pad_values=None, padding_width=None, preserve_short_sequences=False, name=None\n\n- 有效取值范围/维度/设备要求：\n  - 所有输入必须具有静态已知的秩\n  - Unicode编码支持：UTF-8, UTF-16-BE, UTF-32-BE\n  - errors参数：'replace', 'ignore', 'strict'\n  - ngram_width必须为正整数\n\n- 必需与可选组合：\n  - `unicode_encode`: input和output_encoding必需\n  - `unicode_decode`: input和input_encoding必需\n  - `string_split_v2`: input必需，sep可选\n\n- 随机性/全局状态要求：无随机性，无全局状态依赖\n\n## 3. 输出与判定\n- 期望返回结构及关键字段：\n  - `string_bytes_split`: RaggedTensor，秩为输入秩+1\n  - `unicode_encode`: 字符串Tensor，形状为输入形状去掉最后一维\n  - `unicode_decode`: 整数RaggedTensor/Tensor，秩为输入秩+1\n  - `string_split_v2`: RaggedTensor，秩为输入秩+1\n  - `ngrams`: RaggedTensor，形状为 [D1...DN, NUM_NGRAMS]\n\n- 容差/误差界（如浮点）：字符串操作无浮点误差，Unicode编解码需验证字符映射正确性\n\n- 状态变化或副作用检查点：无副作用，纯函数\n\n## 4. 错误与异常场景\n- 非法输入/维度/类型触发的异常或警告：\n  - 动态秩张量输入抛出ValueError\n  - 无效编码格式抛出ValueError\n  - 非字符串输入到字符串函数抛出TypeError\n  - 非整数输入到unicode_encode抛出TypeError\n  - 无效ngram_width抛出ValueError\n\n- 边界值（空、None、0长度、极端形状/数值）：\n  - 空字符串输入\n  - 空张量（shape=[0]）\n  - None分隔符与空字符串分隔符\n  - maxsplit=0和maxsplit=-1\n  - 单字符字符串\n  - 超大Unicode码点（>0x10FFFF）\n  - 控制字符处理（replace_control_characters=True/False）\n\n## 5. 依赖与环境\n- 外部资源/设备/网络/文件依赖：无外部依赖，纯TensorFlow操作\n\n- 需要mock/monkeypatch的部分：\n  - `tensorflow.python.ops.gen_string_ops`（底层C++操作）\n  - `tensorflow.python.ops.ragged.ragged_tensor.convert_to_tensor_or_ragged_tensor`\n  - `tensorflow.python.ops.ragged.ragged_tensor.RaggedTensor.with_flat_values`\n  - `tensorflow.python.framework.ops.convert_to_tensor`\n\n## 6. 覆盖与优先级\n- 必测路径（高优先级，最多5条，短句）：\n  1. 验证RaggedTensor与普通Tensor的自动转换\n  2. 测试Unicode三种错误处理模式（replace/ignore/strict）\n  3. 验证字符串分割的空标记忽略和最大分割限制\n  4. 测试n-gram的填充和短序列保留选项\n  5. 验证多层RaggedTensor的递归处理\n\n- 可选路径（中/低优先级合并为一组列表）：\n  - 不同形状组合的输入测试\n  - 性能基准测试（大尺寸RaggedTensor）\n  - 边缘编码格式测试（非标准UTF变体）\n  - 内存使用监控\n  - 多线程并发调用\n\n- 已知风险/缺失信息（仅列条目，不展开）：\n  - 类型注解不完整\n  - 递归处理性能风险\n  - 有限Unicode编码支持\n  - 空分隔符与None分隔符行为差异\n  - 控制字符替换的边界情况",
    "test_plan.json": "{\n  \"plan_version\": 2,\n  \"target\": \"tensorflow.python.ops.ragged.ragged_string_ops\",\n  \"block_rules\": {\n    \"header_block\": \"HEADER\",\n    \"footer_block\": \"FOOTER\",\n    \"case_prefix\": \"CASE_\",\n    \"case_format\": \"CASE_01\"\n  },\n  \"iteration_strategy\": {\n    \"round1\": {\"include\": \"SMOKE_SET\", \"assert_level\": \"weak\", \"max_blocks\": 5},\n    \"roundN\": {\"only_fix_failed_blocks\": true, \"block_limit\": 3, \"promote_deferred\": true},\n    \"final\": {\"enable_strong_asserts\": true, \"coverage_optional\": true}\n  },\n  \"test_files\": {\n    \"default\": \"tests/test_tensorflow_python_ops_ragged_ragged_string_ops.py\",\n    \"all_pattern\": \"tests/test_tensorflow_python_ops_ragged_ragged_string_ops.py\"\n  },\n  \"cases\": [\n    {\n      \"tc_id\": \"TC-01\",\n      \"block_id\": \"CASE_01\",\n      \"name\": \"string_bytes_split基础功能\",\n      \"priority\": \"High\",\n      \"param_matrix\": [\n        {\n          \"function\": \"string_bytes_split\",\n          \"input_type\": \"Tensor\",\n          \"input_shape\": [2, 3],\n          \"content\": [\"hello\", \"world\", \"test\", \"data\", \"split\", \"bytes\"],\n          \"name\": null\n        }\n      ],\n      \"asserts\": {\n        \"weak\": [\"output_type\", \"output_rank\", \"basic_shape\", \"content_preserved\"],\n        \"strong\": [\"exact_bytes\", \"edge_cases\", \"performance\"]\n      },\n      \"oracle\": \"手动验证字节分割逻辑\",\n      \"assertion_level\": \"weak\",\n      \"size\": \"S\",\n      \"max_lines\": 80,\n      \"max_params\": 6,\n      \"is_parametrized\": true,\n      \"requires_mock\": false,\n      \"mock_targets\": []\n    },\n    {\n      \"tc_id\": \"TC-02\",\n      \"block_id\": \"CASE_02\",\n      \"name\": \"unicode_encode基础编码\",\n      \"priority\": \"High\",\n      \"param_matrix\": [\n        {\n          \"function\": \"unicode_encode\",\n          \"input_type\": \"Tensor\",\n          \"input_shape\": [2, 3],\n          \"content\": [[72, 101, 108], [108, 111, 32], [87, 111, 114], [108, 100, 33]],\n          \"output_encoding\": \"UTF-8\",\n          \"errors\": \"replace\",\n          \"replacement_char\": 65533,\n          \"name\": null\n        }\n      ],\n      \"asserts\": {\n        \"weak\": [\"output_type\", \"output_shape\", \"encoding_correct\", \"basic_content\"],\n        \"strong\": [\"all_encodings\", \"error_modes\", \"replacement_char\"]\n      },\n      \"oracle\": \"Python标准库unicode编码\",\n      \"assertion_level\": \"weak\",\n      \"size\": \"S\",\n      \"max_lines\": 85,\n      \"max_params\": 7,\n      \"is_parametrized\": true,\n      \"requires_mock\": false,\n      \"mock_targets\": []\n    },\n    {\n      \"tc_id\": \"TC-03\",\n      \"block_id\": \"CASE_03\",\n      \"name\": \"unicode_decode基础解码\",\n      \"priority\": \"High\",\n      \"param_matrix\": [\n        {\n          \"function\": \"unicode_decode\",\n          \"input_type\": \"Tensor\",\n          \"input_shape\": [2],\n          \"content\": [\"Hello\", \"World\"],\n          \"input_encoding\": \"UTF-8\",\n          \"errors\": \"replace\",\n          \"replacement_char\": 65533,\n          \"replace_control_characters\": false,\n          \"name\": null\n        }\n      ],\n      \"asserts\": {\n        \"weak\": [\"output_type\", \"output_rank\", \"decoding_correct\", \"basic_unicode\"],\n        \"strong\": [\"all_encodings\", \"control_characters\", \"error_handling\"]\n      },\n      \"oracle\": \"Python标准库unicode解码\",\n      \"assertion_level\": \"weak\",\n      \"size\": \"S\",\n      \"max_lines\": 85,\n      \"max_params\": 8,\n      \"is_parametrized\": true,\n      \"requires_mock\": false,\n      \"mock_targets\": []\n    },\n    {\n      \"tc_id\": \"TC-04\",\n      \"block_id\": \"CASE_04\",\n      \"name\": \"string_split_v2基础分割\",\n      \"priority\": \"High\",\n      \"param_matrix\": [\n        {\n          \"function\": \"string_split_v2\",\n          \"input_type\": \"Tensor\",\n          \"input_shape\": [3],\n          \"content\": [\"a,b,c\", \"d,e,f\", \"g,h,i\"],\n          \"sep\": \",\",\n          \"maxsplit\": -1,\n          \"name\": null\n        }\n      ],\n      \"asserts\": {\n        \"weak\": [\"output_type\", \"output_rank\", \"split_count\", \"basic_separator\"],\n        \"strong\": [\"empty_sep\", \"maxsplit_limits\", \"edge_cases\"]\n      },\n      \"oracle\": \"Python字符串split方法\",\n      \"assertion_level\": \"weak\",\n      \"size\": \"S\",\n      \"max_lines\": 80,\n      \"max_params\": 6,\n      \"is_parametrized\": true,\n      \"requires_mock\": false,\n      \"mock_targets\": []\n    },\n    {\n      \"tc_id\": \"TC-05\",\n      \"block_id\": \"CASE_05\",\n      \"name\": \"ngrams基础生成\",\n      \"priority\": \"High\",\n      \"param_matrix\": [\n        {\n          \"function\": \"ngrams\",\n          \"data_type\": \"Tensor\",\n          \"data_shape\": [3, 4],\n          \"content\": [\"a\", \"b\", \"c\", \"d\", \"e\", \"f\", \"g\", \"h\", \"i\", \"j\", \"k\", \"l\"],\n          \"ngram_width\": 2,\n          \"separator\": \" \",\n          \"pad_values\": null,\n          \"padding_width\": null,\n          \"preserve_short_sequences\": false,\n          \"name\": null\n        }\n      ],\n      \"asserts\": {\n        \"weak\": [\"output_type\", \"output_shape\", \"ngram_count\", \"basic_generation\"],\n        \"strong\": [\"padding_options\", \"short_sequences\", \"multiple_widths\"]\n      },\n      \"oracle\": \"手动n-gram生成逻辑\",\n      \"assertion_level\": \"weak\",\n      \"size\": \"S\",\n      \"max_lines\": 85,\n      \"max_params\": 9,\n      \"is_parametrized\": true,\n      \"requires_mock\": false,\n      \"mock_targets\": []\n    }\n  ],\n  \"param_extensions\": [\n    {\n      \"base_block_id\": \"CASE_01\",\n      \"priority\": \"Medium\",\n      \"params\": {\n        \"function\": \"string_bytes_split\",\n        \"input_type\": \"RaggedTensor\",\n        \"input_shape\": \"ragged\",\n        \"content\": [[\"hello\", \"world\"], [\"test\"], [\"data\", \"split\", \"bytes\"]],\n        \"name\": null\n      },\n      \"note\": \"RaggedTensor输入扩展\"\n    },\n    {\n      \"base_block_id\": \"CASE_02\",\n      \"priority\": \"Medium\",\n      \"params\": {\n        \"function\": \"unicode_encode\",\n        \"input_type\": \"Tensor\",\n        \"input_shape\": [1, 5],\n        \"content\": [[72, 101, 108, 108, 111]],\n        \"output_encoding\": \"UTF-16-BE\",\n        \"errors\": \"ignore\",\n        \"replacement_char\": 65533,\n        \"name\": null\n      },\n      \"note\": \"UTF-16编码和ignore错误模式\"\n    },\n    {\n      \"base_block_id\": \"CASE_03\",\n      \"priority\": \"Medium\",\n      \"params\": {\n        \"function\": \"unicode_decode\",\n        \"input_type\": \"Tensor\",\n        \"input_shape\": [1],\n        \"content\": [\"测试\"],\n        \"input_encoding\": \"UTF-8\",\n        \"errors\": \"strict\",\n        \"replacement_char\": 65533,\n        \"replace_control_characters\": true,\n        \"name\": null\n      },\n      \"note\": \"strict错误模式和控制字符替换\"\n    },\n    {\n      \"base_block_id\": \"CASE_04\",\n      \"priority\": \"Medium\",\n      \"params\": {\n        \"function\": \"string_split_v2\",\n        \"input_type\": \"RaggedTensor\",\n        \"input_shape\": \"ragged\",\n        \"content\": [[\"a,b,c\", \"d,e\"], [\"f,g,h,i\"]],\n        \"sep\": null,\n        \"maxsplit\": 1,\n        \"name\": null\n      },\n      \"note\": \"RaggedTensor输入和maxsplit限制\"\n    },\n    {\n      \"base_block_id\": \"CASE_05\",\n      \"priority\": \"Medium\",\n      \"params\": {\n        \"function\": \"ngrams\",\n        \"data_type\": \"RaggedTensor\",\n        \"data_shape\": \"ragged\",\n        \"content\": [[\"a\", \"b\", \"c\"], [\"d\", \"e\"], [\"f\"]],\n        \"ngram_width\": 3,\n        \"separator\": \"-\",\n        \"pad_values\": \"PAD\",\n        \"padding_width\": 2,\n        \"preserve_short_sequences\": true,\n        \"name\": null\n      },\n      \"note\": \"RaggedTensor输入和完整填充选项\"\n    }\n  ],\n  \"smoke_set\": [\"CASE_01\", \"CASE_02\", \"CASE_03\", \"CASE_04\", \"CASE_05\"],\n  \"deferred_set\": []\n}",
    "test_plan.md": "# tensorflow.python.ops.ragged.ragged_string_ops 测试计划\n\n## 1. 测试策略\n- 单元测试框架：pytest\n- 隔离策略：mock/monkeypatch/fixtures\n- 随机性处理：固定随机种子/控制 RNG\n- 测试重点：验证RaggedTensor字符串操作模块的5个核心函数\n\n## 2. 生成规格摘要（来自 test_plan.json）\n- SMOKE_SET: CASE_01, CASE_02, CASE_03, CASE_04, CASE_05\n- DEFERRED_SET: 无（首轮全覆盖核心功能）\n- 测试文件路径：tests/test_tensorflow_python_ops_ragged_ragged_string_ops.py\n- 断言分级策略：首轮使用weak断言，最终轮启用strong断言\n- 预算策略：每个用例size=S，max_lines=80-85，max_params=6-9\n\n## 3. 数据与边界\n- 正常数据集：ASCII字符串、Unicode字符、简单分隔数据\n- 随机生成策略：固定种子生成可重复测试数据\n- 边界值：空字符串、空张量、单字符输入\n- 极端形状：多层RaggedTensor、不规则形状\n- 空输入：shape=[0]的空张量测试\n- 无效编码：测试UTF-8/16/32-BE外的编码格式\n- 分隔符边界：None分隔符与空字符串分隔符\n- Unicode边界：超大码点(>0x10FFFF)、控制字符\n\n## 4. 覆盖映射\n- TC-01 (CASE_01): string_bytes_split基础功能 - 验证字节分割和RaggedTensor转换\n- TC-02 (CASE_02): unicode_encode基础编码 - 测试UTF-8编码和replace错误模式\n- TC-03 (CASE_03): unicode_decode基础解码 - 测试UTF-8解码和基本错误处理\n- TC-04 (CASE_04): string_split_v2基础分割 - 验证逗号分隔和基本分割功能\n- TC-05 (CASE_05): ngrams基础生成 - 测试2-gram生成和基本选项\n\n## 5. 参数扩展（Medium优先级）\n1. CASE_01扩展：RaggedTensor输入测试\n2. CASE_02扩展：UTF-16编码和ignore错误模式\n3. CASE_03扩展：strict错误模式和控制字符替换\n4. CASE_04扩展：RaggedTensor输入和maxsplit限制\n5. CASE_05扩展：RaggedTensor输入和完整填充选项\n\n## 6. 尚未覆盖的风险点\n- 递归处理多层RaggedTensor的性能风险\n- 有限Unicode编码支持（仅UTF-8/16/32-BE）\n- 空分隔符与None分隔符的行为差异\n- 类型注解不完整导致的类型推断问题\n- 大尺寸RaggedTensor的内存使用监控",
    "tests/test_tensorflow_python_ops_ragged_ragged_string_ops.py": "import pytest\nimport tensorflow as tf\nimport numpy as np\nfrom tensorflow.python.ops.ragged import ragged_string_ops\n\n# ==== BLOCK:HEADER START ====\n# ==== BLOCK:HEADER END ====\n\n# ==== BLOCK:CASE_01 START ====\n# ==== BLOCK:CASE_01 END ====\n\n# ==== BLOCK:CASE_02 START ====\n# ==== BLOCK:CASE_02 END ====\n\n# ==== BLOCK:CASE_03 START ====\n# ==== BLOCK:CASE_03 END ====\n\n# ==== BLOCK:CASE_04 START ====\n# ==== BLOCK:CASE_04 END ====\n\n# ==== BLOCK:CASE_05 START ====\n# ==== BLOCK:CASE_05 END ====\n\n# ==== BLOCK:FOOTER START ====\n# ==== BLOCK:FOOTER END ====",
    "execution_log.txt": "=== Run Tests ===\n...F..........                                                           [100%]\n=================================== FAILURES ===================================\n_ TestRaggedStringOps.test_unicode_encode_basic[input_shape1-content1-UTF-16-BE-ignore-65533] _\n\nself = <test_tensorflow_python_ops_ragged_ragged_string_ops.TestRaggedStringOps object at 0x15ecf9180>\ninput_shape = [1, 5], content = [[72, 101, 108, 108, 111]]\noutput_encoding = 'UTF-16-BE', errors = 'ignore', replacement_char = 65533\n\n    @pytest.mark.parametrize(\"input_shape,content,output_encoding,errors,replacement_char\", [\n        # 基础UTF-8编码，replace错误模式\n        ([2, 3], [[72, 101, 108], [108, 111, 32], [87, 111, 114], [108, 100, 33]],\n         \"UTF-8\", \"replace\", 65533),\n        # UTF-16编码，ignore错误模式（Medium优先级）\n        ([1, 5], [[72, 101, 108, 108, 111]], \"UTF-16-BE\", \"ignore\", 65533),\n    ])\n    def test_unicode_encode_basic(self, input_shape, content, output_encoding, errors, replacement_char):\n        \"\"\"测试 unicode_encode 基础编码功能\"\"\"\n        # 准备输入（整数Tensor）\n        # 注意：unicode_encode期望输入形状为[D1...DN, num_chars]\n        # 所以对于[2,3]形状，我们期望有2x3=6个序列，每个序列长度3\n        # 但测试计划中的content只有4个序列。让我们修正这个问题\n    \n        # 修正：根据input_shape创建正确的内容\n        if input_shape == [2, 3]:\n            # 我们需要6个序列，每个长度3\n            # 使用测试计划中的内容，但确保形状正确\n            # 实际上，测试计划中的content是4x3，不是2x3\n            # 让我们创建正确的内容：[72,101,108]=Hel, [108,111,32]=lo_, [87,111,114]=Wor, [108,100,33]=ld!\n            # 再加两个序列：[65,66,67]=ABC, [68,69,70]=DEF\n            correct_content = [\n                [72, 101, 108],    # Hel\n                [108, 111, 32],    # lo_ (空格)\n                [87, 111, 114],    # Wor\n                [108, 100, 33],    # ld!\n                [65, 66, 67],      # ABC\n                [68, 69, 70]       # DEF\n            ]\n            input_data = tf.constant(correct_content, dtype=tf.int32, shape=[2, 3, 3])\n        elif input_shape == [1, 5]:\n            # [1,5]形状：1个序列，长度5\n>           input_data = tf.constant(content, dtype=tf.int32, shape=[1, 5, 5])\n\ntests/test_tensorflow_python_ops_ragged_ragged_string_ops.py:168: \n_ _ _ _ _ _ _ _ _ _ _ _ _ _ _ _ _ _ _ _ _ _ _ _ _ _ _ _ _ _ _ _ _ _ _ _ _ _ _ _ \n/opt/anaconda3/envs/testagent-experiment/lib/python3.10/site-packages/tensorflow/python/framework/constant_op.py:267: in constant\n    return _constant_impl(value, dtype, shape, name, verify_shape=False,\n/opt/anaconda3/envs/testagent-experiment/lib/python3.10/site-packages/tensorflow/python/framework/constant_op.py:279: in _constant_impl\n    return _constant_eager_impl(ctx, value, dtype, shape, verify_shape)\n_ _ _ _ _ _ _ _ _ _ _ _ _ _ _ _ _ _ _ _ _ _ _ _ _ _ _ _ _ _ _ _ _ _ _ _ _ _ _ _ \n\nctx = <tensorflow.python.eager.context.Context object at 0x104cd5660>\nvalue = [[72, 101, 108, 108, 111]], dtype = tf.int32\nshape = TensorShape([1, 5, 5]), verify_shape = False\n\n    def _constant_eager_impl(ctx, value, dtype, shape, verify_shape):\n      \"\"\"Creates a constant on the current device.\"\"\"\n      t = convert_to_eager_tensor(value, ctx, dtype)\n      if shape is None:\n        return t\n      shape = tensor_shape.as_shape(shape)\n      if shape == t.shape:\n        return t\n      if verify_shape:\n        raise TypeError(f\"Expected Tensor {t} (converted from {value}) with shape \"\n                        f\"{tuple(shape)}, but got shape {tuple(t.shape)}.\")\n      num_t = t.shape.num_elements()\n      # TODO(josh11b): Implement shape -> eager tensor conversion.\n      if num_t == shape.num_elements():\n        return _eager_reshape(t, shape.as_list(), ctx)\n      if num_t == 1:\n        if t.dtype == dtypes.bool:\n          # We don't have a Fill kernel for bool dtype on GPU. So we first run\n          # Fill on CPU and then copy to GPU if needed.\n          with ops.device(\"/device:CPU:0\"):\n            x = _eager_fill(shape.as_list(), _eager_identity(t, ctx), ctx)\n          return _eager_identity(x, ctx)\n        else:\n          return _eager_fill(shape.as_list(), t, ctx)\n>     raise TypeError(\"Eager execution of tf.constant with unsupported shape. \"\n                      f\"Tensor {t} (converted from {value}) has {num_t:d} \"\n                      f\"elements, but got `shape` {shape} with \"\n                      f\"{shape.num_elements()} elements).\")\nE     TypeError: Eager execution of tf.constant with unsupported shape. Tensor [[ 72 101 108 108 111]] (converted from [[72, 101, 108, 108, 111]]) has 5 elements, but got `shape` (1, 5, 5) with 25 elements).\n\n/opt/anaconda3/envs/testagent-experiment/lib/python3.10/site-packages/tensorflow/python/framework/constant_op.py:326: TypeError\n=============================== warnings summary ===============================\n../../../../../../../../opt/anaconda3/envs/testagent-experiment/lib/python3.10/site-packages/tensorflow/core/framework/tensor_shape_pb2.py:18\n  /opt/anaconda3/envs/testagent-experiment/lib/python3.10/site-packages/tensorflow/core/framework/tensor_shape_pb2.py:18: DeprecationWarning: Call to deprecated create function FileDescriptor(). Note: Create unlinked descriptors is going to go away. Please use get/find descriptors from generated code or query the descriptor_pool.\n    DESCRIPTOR = _descriptor.FileDescriptor(\n\n../../../../../../../../opt/anaconda3/envs/testagent-experiment/lib/python3.10/site-packages/tensorflow/core/framework/tensor_shape_pb2.py:36\n  /opt/anaconda3/envs/testagent-experiment/lib/python3.10/site-packages/tensorflow/core/framework/tensor_shape_pb2.py:36: DeprecationWarning: Call to deprecated create function FieldDescriptor(). Note: Create unlinked descriptors is going to go away. Please use get/find descriptors from generated code or query the descriptor_pool.\n    _descriptor.FieldDescriptor(\n\n../../../../../../../../opt/anaconda3/envs/testagent-experiment/lib/python3.10/site-packages/tensorflow/core/framework/tensor_shape_pb2.py:43\n  /opt/anaconda3/envs/testagent-experiment/lib/python3.10/site-packages/tensorflow/core/framework/tensor_shape_pb2.py:43: DeprecationWarning: Call to deprecated create function FieldDescriptor(). Note: Create unlinked descriptors is going to go away. Please use get/find descriptors from generated code or query the descriptor_pool.\n    _descriptor.FieldDescriptor(\n\n../../../../../../../../opt/anaconda3/envs/testagent-experiment/lib/python3.10/site-packages/tensorflow/core/framework/tensor_shape_pb2.py:29\n  /opt/anaconda3/envs/testagent-experiment/lib/python3.10/site-packages/tensorflow/core/framework/tensor_shape_pb2.py:29: DeprecationWarning: Call to deprecated create function Descriptor(). Note: Create unlinked descriptors is going to go away. Please use get/find descriptors from generated code or query the descriptor_pool.\n    _TENSORSHAPEPROTO_DIM = _descriptor.Descriptor(\n\n../../../../../../../../opt/anaconda3/envs/testagent-experiment/lib/python3.10/site-packages/tensorflow/core/framework/tensor_shape_pb2.py:73\n  /opt/anaconda3/envs/testagent-experiment/lib/python3.10/site-packages/tensorflow/core/framework/tensor_shape_pb2.py:73: DeprecationWarning: Call to deprecated create function FieldDescriptor(). Note: Create unlinked descriptors is going to go away. Please use get/find descriptors from generated code or query the descriptor_pool.\n    _descriptor.FieldDescriptor(\n\n../../../../../../../../opt/anaconda3/envs/testagent-experiment/lib/python3.10/site-packages/tensorflow/core/framework/tensor_shape_pb2.py:80\n  /opt/anaconda3/envs/testagent-experiment/lib/python3.10/site-packages/tensorflow/core/framework/tensor_shape_pb2.py:80: DeprecationWarning: Call to deprecated create function FieldDescriptor(). Note: Create unlinked descriptors is going to go away. Please use get/find descriptors from generated code or query the descriptor_pool.\n    _descriptor.FieldDescriptor(\n\n../../../../../../../../opt/anaconda3/envs/testagent-experiment/lib/python3.10/site-packages/tensorflow/core/framework/tensor_shape_pb2.py:66\n  /opt/anaconda3/envs/testagent-experiment/lib/python3.10/site-packages/tensorflow/core/framework/tensor_shape_pb2.py:66: DeprecationWarning: Call to deprecated create function Descriptor(). Note: Create unlinked descriptors is going to go away. Please use get/find descriptors from generated code or query the descriptor_pool.\n    _TENSORSHAPEPROTO = _descriptor.Descriptor(\n\n../../../../../../../../opt/anaconda3/envs/testagent-experiment/lib/python3.10/site-packages/tensorflow/core/framework/types_pb2.py:19\n  /opt/anaconda3/envs/testagent-experiment/lib/python3.10/site-packages/tensorflow/core/framework/types_pb2.py:19: DeprecationWarning: Call to deprecated create function FileDescriptor(). Note: Create unlinked descriptors is going to go away. Please use get/find descriptors from generated code or query the descriptor_pool.\n    DESCRIPTOR = _descriptor.FileDescriptor(\n\n../../../../../../../../opt/anaconda3/envs/testagent-experiment/lib/python3.10/site-packages/tensorflow/core/framework/types_pb2.py:33\n  /opt/anaconda3/envs/testagent-experiment/lib/python3.10/site-packages/tensorflow/core/framework/types_pb2.py:33: DeprecationWarning: Call to deprecated create function EnumValueDescriptor(). Note: Create unlinked descriptors is going to go away. Please use get/find descriptors from generated code or query the descriptor_pool.\n    _descriptor.EnumValueDescriptor(\n\n../../../../../../../../opt/anaconda3/envs/testagent-experiment/lib/python3.10/site-packages/tensorflow/core/framework/types_pb2.py:37\n  /opt/anaconda3/envs/testagent-experiment/lib/python3.10/site-packages/tensorflow/core/framework/types_pb2.py:37: DeprecationWarning: Call to deprecated create function EnumValueDescriptor(). Note: Create unlinked descriptors is going to go away. Please use get/find descriptors from generated code or query the descriptor_pool.\n    _descriptor.EnumValueDescriptor(\n\n../../../../../../../../opt/anaconda3/envs/testagent-experiment/lib/python3.10/site-packages/tensorflow/core/framework/types_pb2.py:41\n  /opt/anaconda3/envs/testagent-experiment/lib/python3.10/site-packages/tensorflow/core/framework/types_pb2.py:41: DeprecationWarning: Call to deprecated create function EnumValueDescriptor(). Note: Create unlinked descriptors is going to go away. Please use get/find descriptors from generated code or query the descriptor_pool.\n    _descriptor.EnumValueDescriptor(\n\n../../../../../../../../opt/anaconda3/envs/testagent-experiment/lib/python3.10/site-packages/tensorflow/core/framework/types_pb2.py:45\n  /opt/anaconda3/envs/testagent-experiment/lib/python3.10/site-packages/tensorflow/core/framework/types_pb2.py:45: DeprecationWarning: Call to deprecated create function EnumValueDescriptor(). Note: Create unlinked descriptors is going to go away. Please use get/find descriptors from generated code or query the descriptor_pool.\n    _descriptor.EnumValueDescriptor(\n\n../../../../../../../../opt/anaconda3/envs/testagent-experiment/lib/python3.10/site-packages/tensorflow/core/framework/types_pb2.py:49\n  /opt/anaconda3/envs/testagent-experiment/lib/python3.10/site-packages/tensorflow/core/framework/types_pb2.py:49: DeprecationWarning: Call to deprecated create function EnumValueDescriptor(). Note: Create unlinked descriptors is going to go away. Please use get/find descriptors from generated code or query the descriptor_pool.\n    _descriptor.EnumValueDescriptor(\n\n../../../../../../../../opt/anaconda3/envs/testagent-experiment/lib/python3.10/site-packages/tensorflow/core/framework/types_pb2.py:53\n  /opt/anaconda3/envs/testagent-experiment/lib/python3.10/site-packages/tensorflow/core/framework/types_pb2.py:53: DeprecationWarning: Call to deprecated create function EnumValueDescriptor(). Note: Create unlinked descriptors is going to go away. Please use get/find descriptors from generated code or query the descriptor_pool.\n    _descriptor.EnumValueDescriptor(\n\n../../../../../../../../opt/anaconda3/envs/testagent-experiment/lib/python3.10/site-packages/tensorflow/core/framework/types_pb2.py:57\n  /opt/anaconda3/envs/testagent-experiment/lib/python3.10/site-packages/tensorflow/core/framework/types_pb2.py:57: DeprecationWarning: Call to deprecated create function EnumValueDescriptor(). Note: Create unlinked descriptors is going to go away. Please use get/find descriptors from generated code or query the descriptor_pool.\n    _descriptor.EnumValueDescriptor(\n\n../../../../../../../../opt/anaconda3/envs/testagent-experiment/lib/python3.10/site-packages/tensorflow/core/framework/types_pb2.py:61\n  /opt/anaconda3/envs/testagent-experiment/lib/python3.10/site-packages/tensorflow/core/framework/types_pb2.py:61: DeprecationWarning: Call to deprecated create function EnumValueDescriptor(). Note: Create unlinked descriptors is going to go away. Please use get/find descriptors from generated code or query the descriptor_pool.\n    _descriptor.EnumValueDescriptor(\n\n../../../../../../../../opt/anaconda3/envs/testagent-experiment/lib/python3.10/site-packages/tensorflow/core/framework/types_pb2.py:65\n  /opt/anaconda3/envs/testagent-experiment/lib/python3.10/site-packages/tensorflow/core/framework/types_pb2.py:65: DeprecationWarning: Call to deprecated create function EnumValueDescriptor(). Note: Create unlinked descriptors is going to go away. Please use get/find descriptors from generated code or query the descriptor_pool.\n    _descriptor.EnumValueDescriptor(\n\n../../../../../../../../opt/anaconda3/envs/testagent-experiment/lib/python3.10/site-packages/tensorflow/core/framework/types_pb2.py:69\n  /opt/anaconda3/envs/testagent-experiment/lib/python3.10/site-packages/tensorflow/core/framework/types_pb2.py:69: DeprecationWarning: Call to deprecated create function EnumValueDescriptor(). Note: Create unlinked descriptors is going to go away. Please use get/find descriptors from generated code or query the descriptor_pool.\n    _descriptor.EnumValueDescriptor(\n\n../../../../../../../../opt/anaconda3/envs/testagent-experiment/lib/python3.10/site-packages/tensorflow/core/framework/types_pb2.py:73\n  /opt/anaconda3/envs/testagent-experiment/lib/python3.10/site-packages/tensorflow/core/framework/types_pb2.py:73: DeprecationWarning: Call to deprecated create function EnumValueDescriptor(). Note: Create unlinked descriptors is going to go away. Please use get/find descriptors from generated code or query the descriptor_pool.\n    _descriptor.EnumValueDescriptor(\n\n../../../../../../../../opt/anaconda3/envs/testagent-experiment/lib/python3.10/site-packages/tensorflow/core/framework/types_pb2.py:77\n  /opt/anaconda3/envs/testagent-experiment/lib/python3.10/site-packages/tensorflow/core/framework/types_pb2.py:77: DeprecationWarning: Call to deprecated create function EnumValueDescriptor(). Note: Create unlinked descriptors is going to go away. Please use get/find descriptors from generated code or query the descriptor_pool.\n    _descriptor.EnumValueDescriptor(\n\n../../../../../../../../opt/anaconda3/envs/testagent-experiment/lib/python3.10/site-packages/tensorflow/core/framework/types_pb2.py:81\n  /opt/anaconda3/envs/testagent-experiment/lib/python3.10/site-packages/tensorflow/core/framework/types_pb2.py:81: DeprecationWarning: Call to deprecated create function EnumValueDescriptor(). Note: Create unlinked descriptors is going to go away. Please use get/find descriptors from generated code or query the descriptor_pool.\n    _descriptor.EnumValueDescriptor(\n\n../../../../../../../../opt/anaconda3/envs/testagent-experiment/lib/python3.10/site-packages/tensorflow/core/framework/types_pb2.py:85\n  /opt/anaconda3/envs/testagent-experiment/lib/python3.10/site-packages/tensorflow/core/framework/types_pb2.py:85: DeprecationWarning: Call to deprecated create function EnumValueDescriptor(). Note: Create unlinked descriptors is going to go away. Please use get/find descriptors from generated code or query the descriptor_pool.\n    _descriptor.EnumValueDescriptor(\n\n../../../../../../../../opt/anaconda3/envs/testagent-experiment/lib/python3.10/site-packages/tensorflow/core/framework/types_pb2.py:89\n  /opt/anaconda3/envs/testagent-experiment/lib/python3.10/site-packages/tensorflow/core/framework/types_pb2.py:89: DeprecationWarning: Call to deprecated create function EnumValueDescriptor(). Note: Create unlinked descriptors is going to go away. Please use get/find descriptors from generated code or query the descriptor_pool.\n    _descriptor.EnumValueDescriptor(\n\n../../../../../../../../opt/anaconda3/envs/testagent-experiment/lib/python3.10/site-packages/tensorflow/core/framework/types_pb2.py:93\n  /opt/anaconda3/envs/testagent-experiment/lib/python3.10/site-packages/tensorflow/core/framework/types_pb2.py:93: DeprecationWarning: Call to deprecated create function EnumValueDescriptor(). Note: Create unlinked descriptors is going to go away. Please use get/find descriptors from generated code or query the descriptor_pool.\n    _descriptor.EnumValueDescriptor(\n\n../../../../../../../../opt/anaconda3/envs/testagent-experiment/lib/python3.10/site-packages/tensorflow/core/framework/types_pb2.py:97\n  /opt/anaconda3/envs/testagent-experiment/lib/python3.10/site-packages/tensorflow/core/framework/types_pb2.py:97: DeprecationWarning: Call to deprecated create function EnumValueDescriptor(). Note: Create unlinked descriptors is going to go away. Please use get/find descriptors from generated code or query the descriptor_pool.\n    _descriptor.EnumValueDescriptor(\n\n../../../../../../../../opt/anaconda3/envs/testagent-experiment/lib/python3.10/site-packages/tensorflow/core/framework/types_pb2.py:101\n  /opt/anaconda3/envs/testagent-experiment/lib/python3.10/site-packages/tensorflow/core/framework/types_pb2.py:101: DeprecationWarning: Call to deprecated create function EnumValueDescriptor(). Note: Create unlinked descriptors is going to go away. Please use get/find descriptors from generated code or query the descriptor_pool.\n    _descriptor.EnumValueDescriptor(\n\n../../../../../../../../opt/anaconda3/envs/testagent-experiment/lib/python3.10/site-packages/tensorflow/core/framework/types_pb2.py:105\n  /opt/anaconda3/envs/testagent-experiment/lib/python3.10/site-packages/tensorflow/core/framework/types_pb2.py:105: DeprecationWarning: Call to deprecated create function EnumValueDescriptor(). Note: Create unlinked descriptors is going to go away. Please use get/find descriptors from generated code or query the descriptor_pool.\n    _descriptor.EnumValueDescriptor(\n\n../../../../../../../../opt/anaconda3/envs/testagent-experiment/lib/python3.10/site-packages/tensorflow/core/framework/types_pb2.py:109\n  /opt/anaconda3/envs/testagent-experiment/lib/python3.10/site-packages/tensorflow/core/framework/types_pb2.py:109: DeprecationWarning: Call to deprecated create function EnumValueDescriptor(). Note: Create unlinked descriptors is going to go away. Please use get/find descriptors from generated code or query the descriptor_pool.\n    _descriptor.EnumValueDescriptor(\n\n../../../../../../../../opt/anaconda3/envs/testagent-experiment/lib/python3.10/site-packages/tensorflow/core/framework/types_pb2.py:113\n  /opt/anaconda3/envs/testagent-experiment/lib/python3.10/site-packages/tensorflow/core/framework/types_pb2.py:113: DeprecationWarning: Call to deprecated create function EnumValueDescriptor(). Note: Create unlinked descriptors is going to go away. Please use get/find descriptors from generated code or query the descriptor_pool.\n    _descriptor.EnumValueDescriptor(\n\n../../../../../../../../opt/anaconda3/envs/testagent-experiment/lib/python3.10/site-packages/tensorflow/core/framework/types_pb2.py:117\n  /opt/anaconda3/envs/testagent-experiment/lib/python3.10/site-packages/tensorflow/core/framework/types_pb2.py:117: DeprecationWarning: Call to deprecated create function EnumValueDescriptor(). Note: Create unlinked descriptors is going to go away. Please use get/find descriptors from generated code or query the descriptor_pool.\n    _descriptor.EnumValueDescriptor(\n\n../../../../../../../../opt/anaconda3/envs/testagent-experiment/lib/python3.10/site-packages/tensorflow/core/framework/types_pb2.py:121\n  /opt/anaconda3/envs/testagent-experiment/lib/python3.10/site-packages/tensorflow/core/framework/types_pb2.py:121: DeprecationWarning: Call to deprecated create function EnumValueDescriptor(). Note: Create unlinked descriptors is going to go away. Please use get/find descriptors from generated code or query the descriptor_pool.\n    _descriptor.EnumValueDescriptor(\n\n../../../../../../../../opt/anaconda3/envs/testagent-experiment/lib/python3.10/site-packages/tensorflow/core/framework/types_pb2.py:125\n  /opt/anaconda3/envs/testagent-experiment/lib/python3.10/site-packages/tensorflow/core/framework/types_pb2.py:125: DeprecationWarning: Call to deprecated create function EnumValueDescriptor(). Note: Create unlinked descriptors is going to go away. Please use get/find descriptors from generated code or query the descriptor_pool.\n    _descriptor.EnumValueDescriptor(\n\n../../../../../../../../opt/anaconda3/envs/testagent-experiment/lib/python3.10/site-packages/tensorflow/core/framework/types_pb2.py:129\n  /opt/anaconda3/envs/testagent-experiment/lib/python3.10/site-packages/tensorflow/core/framework/types_pb2.py:129: DeprecationWarning: Call to deprecated create function EnumValueDescriptor(). Note: Create unlinked descriptors is going to go away. Please use get/find descriptors from generated code or query the descriptor_pool.\n    _descriptor.EnumValueDescriptor(\n\n../../../../../../../../opt/anaconda3/envs/testagent-experiment/lib/python3.10/site-packages/tensorflow/core/framework/types_pb2.py:133\n  /opt/anaconda3/envs/testagent-experiment/lib/python3.10/site-packages/tensorflow/core/framework/types_pb2.py:133: DeprecationWarning: Call to deprecated create function EnumValueDescriptor(). Note: Create unlinked descriptors is going to go away. Please use get/find descriptors from generated code or query the descriptor_pool.\n    _descriptor.EnumValueDescriptor(\n\n../../../../../../../../opt/anaconda3/envs/testagent-experiment/lib/python3.10/site-packages/tensorflow/core/framework/types_pb2.py:137\n  /opt/anaconda3/envs/testagent-experiment/lib/python3.10/site-packages/tensorflow/core/framework/types_pb2.py:137: DeprecationWarning: Call to deprecated create function EnumValueDescriptor(). Note: Create unlinked descriptors is going to go away. Please use get/find descriptors from generated code or query the descriptor_pool.\n    _descriptor.EnumValueDescriptor(\n\n../../../../../../../../opt/anaconda3/envs/testagent-experiment/lib/python3.10/site-packages/tensorflow/core/framework/types_pb2.py:141\n  /opt/anaconda3/envs/testagent-experiment/lib/python3.10/site-packages/tensorflow/core/framework/types_pb2.py:141: DeprecationWarning: Call to deprecated create function EnumValueDescriptor(). Note: Create unlinked descriptors is going to go away. Please use get/find descriptors from generated code or query the descriptor_pool.\n    _descriptor.EnumValueDescriptor(\n\n../../../../../../../../opt/anaconda3/envs/testagent-experiment/lib/python3.10/site-packages/tensorflow/core/framework/types_pb2.py:145\n  /opt/anaconda3/envs/testagent-experiment/lib/python3.10/site-packages/tensorflow/core/framework/types_pb2.py:145: DeprecationWarning: Call to deprecated create function EnumValueDescriptor(). Note: Create unlinked descriptors is going to go away. Please use get/find descriptors from generated code or query the descriptor_pool.\n    _descriptor.EnumValueDescriptor(\n\n../../../../../../../../opt/anaconda3/envs/testagent-experiment/lib/python3.10/site-packages/tensorflow/core/framework/types_pb2.py:149\n  /opt/anaconda3/envs/testagent-experiment/lib/python3.10/site-packages/tensorflow/core/framework/types_pb2.py:149: DeprecationWarning: Call to deprecated create function EnumValueDescriptor(). Note: Create unlinked descriptors is going to go away. Please use get/find descriptors from generated code or query the descriptor_pool.\n    _descriptor.EnumValueDescriptor(\n\n../../../../../../../../opt/anaconda3/envs/testagent-experiment/lib/python3.10/site-packages/tensorflow/core/framework/types_pb2.py:153\n  /opt/anaconda3/envs/testagent-experiment/lib/python3.10/site-packages/tensorflow/core/framework/types_pb2.py:153: DeprecationWarning: Call to deprecated create function EnumValueDescriptor(). Note: Create unlinked descriptors is going to go away. Please use get/find descriptors from generated code or query the descriptor_pool.\n    _descriptor.EnumValueDescriptor(\n\n../../../../../../../../opt/anaconda3/envs/testagent-experiment/lib/python3.10/site-packages/tensorflow/core/framework/types_pb2.py:157\n  /opt/anaconda3/envs/testagent-experiment/lib/python3.10/site-packages/tensorflow/core/framework/types_pb2.py:157: DeprecationWarning: Call to deprecated create function EnumValueDescriptor(). Note: Create unlinked descriptors is going to go away. Please use get/find descriptors from generated code or query the descriptor_pool.\n    _descriptor.EnumValueDescriptor(\n\n../../../../../../../../opt/anaconda3/envs/testagent-experiment/lib/python3.10/site-packages/tensorflow/core/framework/types_pb2.py:161\n  /opt/anaconda3/envs/testagent-experiment/lib/python3.10/site-packages/tensorflow/core/framework/types_pb2.py:161: DeprecationWarning: Call to deprecated create function EnumValueDescriptor(). Note: Create unlinked descriptors is going to go away. Please use get/find descriptors from generated code or query the descriptor_pool.\n    _descriptor.EnumValueDescriptor(\n\n../../../../../../../../opt/anaconda3/envs/testagent-experiment/lib/python3.10/site-packages/tensorflow/core/framework/types_pb2.py:165\n  /opt/anaconda3/envs/testagent-experiment/lib/python3.10/site-packages/tensorflow/core/framework/types_pb2.py:165: DeprecationWarning: Call to deprecated create function EnumValueDescriptor(). Note: Create unlinked descriptors is going to go away. Please use get/find descriptors from generated code or query the descriptor_pool.\n    _descriptor.EnumValueDescriptor(\n\n../../../../../../../../opt/anaconda3/envs/testagent-experiment/lib/python3.10/site-packages/tensorflow/core/framework/types_pb2.py:169\n  /opt/anaconda3/envs/testagent-experiment/lib/python3.10/site-packages/tensorflow/core/framework/types_pb2.py:169: DeprecationWarning: Call to deprecated create function EnumValueDescriptor(). Note: Create unlinked descriptors is going to go away. Please use get/find descriptors from generated code or query the descriptor_pool.\n    _descriptor.EnumValueDescriptor(\n\n../../../../../../../../opt/anaconda3/envs/testagent-experiment/lib/python3.10/site-packages/tensorflow/core/framework/types_pb2.py:173\n  /opt/anaconda3/envs/testagent-experiment/lib/python3.10/site-packages/tensorflow/core/framework/types_pb2.py:173: DeprecationWarning: Call to deprecated create function EnumValueDescriptor(). Note: Create unlinked descriptors is going to go away. Please use get/find descriptors from generated code or query the descriptor_pool.\n    _descriptor.EnumValueDescriptor(\n\n../../../../../../../../opt/anaconda3/envs/testagent-experiment/lib/python3.10/site-packages/tensorflow/core/framework/types_pb2.py:177\n  /opt/anaconda3/envs/testagent-experiment/lib/python3.10/site-packages/tensorflow/core/framework/types_pb2.py:177: DeprecationWarning: Call to deprecated create function EnumValueDescriptor(). Note: Create unlinked descriptors is going to go away. Please use get/find descriptors from generated code or query the descriptor_pool.\n    _descriptor.EnumValueDescriptor(\n\n../../../../../../../../opt/anaconda3/envs/testagent-experiment/lib/python3.10/site-packages/tensorflow/core/framework/types_pb2.py:181\n  /opt/anaconda3/envs/testagent-experiment/lib/python3.10/site-packages/tensorflow/core/framework/types_pb2.py:181: DeprecationWarning: Call to deprecated create function EnumValueDescriptor(). Note: Create unlinked descriptors is going to go away. Please use get/find descriptors from generated code or query the descriptor_pool.\n    _descriptor.EnumValueDescriptor(\n\n../../../../../../../../opt/anaconda3/envs/testagent-experiment/lib/python3.10/site-packages/tensorflow/core/framework/types_pb2.py:185\n  /opt/anaconda3/envs/testagent-experiment/lib/python3.10/site-packages/tensorflow/core/framework/types_pb2.py:185: DeprecationWarning: Call to deprecated create function EnumValueDescriptor(). Note: Create unlinked descriptors is going to go away. Please use get/find descriptors from generated code or query the descriptor_pool.\n    _descriptor.EnumValueDescriptor(\n\n../../../../../../../../opt/anaconda3/envs/testagent-experiment/lib/python3.10/site-packages/tensorflow/core/framework/types_pb2.py:189\n  /opt/anaconda3/envs/testagent-experiment/lib/python3.10/site-packages/tensorflow/core/framework/types_pb2.py:189: DeprecationWarning: Call to deprecated create function EnumValueDescriptor(). Note: Create unlinked descriptors is going to go away. Please use get/find descriptors from generated code or query the descriptor_pool.\n    _descriptor.EnumValueDescriptor(\n\n../../../../../../../../opt/anaconda3/envs/testagent-experiment/lib/python3.10/site-packages/tensorflow/core/framework/types_pb2.py:193\n  /opt/anaconda3/envs/testagent-experiment/lib/python3.10/site-packages/tensorflow/core/framework/types_pb2.py:193: DeprecationWarning: Call to deprecated create function EnumValueDescriptor(). Note: Create unlinked descriptors is going to go away. Please use get/find descriptors from generated code or query the descriptor_pool.\n    _descriptor.EnumValueDescriptor(\n\n../../../../../../../../opt/anaconda3/envs/testagent-experiment/lib/python3.10/site-packages/tensorflow/core/framework/types_pb2.py:197\n  /opt/anaconda3/envs/testagent-experiment/lib/python3.10/site-packages/tensorflow/core/framework/types_pb2.py:197: DeprecationWarning: Call to deprecated create function EnumValueDescriptor(). Note: Create unlinked descriptors is going to go away. Please use get/find descriptors from generated code or query the descriptor_pool.\n    _descriptor.EnumValueDescriptor(\n\n../../../../../../../../opt/anaconda3/envs/testagent-experiment/lib/python3.10/site-packages/tensorflow/core/framework/types_pb2.py:201\n  /opt/anaconda3/envs/testagent-experiment/lib/python3.10/site-packages/tensorflow/core/framework/types_pb2.py:201: DeprecationWarning: Call to deprecated create function EnumValueDescriptor(). Note: Create unlinked descriptors is going to go away. Please use get/find descriptors from generated code or query the descriptor_pool.\n    _descriptor.EnumValueDescriptor(\n\n../../../../../../../../opt/anaconda3/envs/testagent-experiment/lib/python3.10/site-packages/tensorflow/core/framework/types_pb2.py:205\n  /opt/anaconda3/envs/testagent-experiment/lib/python3.10/site-packages/tensorflow/core/framework/types_pb2.py:205: DeprecationWarning: Call to deprecated create function EnumValueDescriptor(). Note: Create unlinked descriptors is going to go away. Please use get/find descriptors from generated code or query the descriptor_pool.\n    _descriptor.EnumValueDescriptor(\n\n../../../../../../../../opt/anaconda3/envs/testagent-experiment/lib/python3.10/site-packages/tensorflow/core/framework/types_pb2.py:209\n  /opt/anaconda3/envs/testagent-experiment/lib/python3.10/site-packages/tensorflow/core/framework/types_pb2.py:209: DeprecationWarning: Call to deprecated create function EnumValueDescriptor(). Note: Create unlinked descriptors is going to go away. Please use get/find descriptors from generated code or query the descriptor_pool.\n    _descriptor.EnumValueDescriptor(\n\n../../../../../../../../opt/anaconda3/envs/testagent-experiment/lib/python3.10/site-packages/tensorflow/core/framework/types_pb2.py:213\n  /opt/anaconda3/envs/testagent-experiment/lib/python3.10/site-packages/tensorflow/core/framework/types_pb2.py:213: DeprecationWarning: Call to deprecated create function EnumValueDescriptor(). Note: Create unlinked descriptors is going to go away. Please use get/find descriptors from generated code or query the descriptor_pool.\n    _descriptor.EnumValueDescriptor(\n\n../../../../../../../../opt/anaconda3/envs/testagent-experiment/lib/python3.10/site-packages/tensorflow/core/framework/types_pb2.py:217\n  /opt/anaconda3/envs/testagent-experiment/lib/python3.10/site-packages/tensorflow/core/framework/types_pb2.py:217: DeprecationWarning: Call to deprecated create function EnumValueDescriptor(). Note: Create unlinked descriptors is going to go away. Please use get/find descriptors from generated code or query the descriptor_pool.\n    _descriptor.EnumValueDescriptor(\n\n../../../../../../../../opt/anaconda3/envs/testagent-experiment/lib/python3.10/site-packages/tensorflow/core/framework/types_pb2.py:27\n  /opt/anaconda3/envs/testagent-experiment/lib/python3.10/site-packages/tensorflow/core/framework/types_pb2.py:27: DeprecationWarning: Call to deprecated create function EnumDescriptor(). Note: Create unlinked descriptors is going to go away. Please use get/find descriptors from generated code or query the descriptor_pool.\n    _DATATYPE = _descriptor.EnumDescriptor(\n\n../../../../../../../../opt/anaconda3/envs/testagent-experiment/lib/python3.10/site-packages/tensorflow/core/framework/resource_handle_pb2.py:20\n  /opt/anaconda3/envs/testagent-experiment/lib/python3.10/site-packages/tensorflow/core/framework/resource_handle_pb2.py:20: DeprecationWarning: Call to deprecated create function FileDescriptor(). Note: Create unlinked descriptors is going to go away. Please use get/find descriptors from generated code or query the descriptor_pool.\n    DESCRIPTOR = _descriptor.FileDescriptor(\n\n../../../../../../../../opt/anaconda3/envs/testagent-experiment/lib/python3.10/site-packages/tensorflow/core/framework/resource_handle_pb2.py:39\n  /opt/anaconda3/envs/testagent-experiment/lib/python3.10/site-packages/tensorflow/core/framework/resource_handle_pb2.py:39: DeprecationWarning: Call to deprecated create function FieldDescriptor(). Note: Create unlinked descriptors is going to go away. Please use get/find descriptors from generated code or query the descriptor_pool.\n    _descriptor.FieldDescriptor(\n\n../../../../../../../../opt/anaconda3/envs/testagent-experiment/lib/python3.10/site-packages/tensorflow/core/framework/resource_handle_pb2.py:46\n  /opt/anaconda3/envs/testagent-experiment/lib/python3.10/site-packages/tensorflow/core/framework/resource_handle_pb2.py:46: DeprecationWarning: Call to deprecated create function FieldDescriptor(). Note: Create unlinked descriptors is going to go away. Please use get/find descriptors from generated code or query the descriptor_pool.\n    _descriptor.FieldDescriptor(\n\n../../../../../../../../opt/anaconda3/envs/testagent-experiment/lib/python3.10/site-packages/tensorflow/core/framework/resource_handle_pb2.py:32\n  /opt/anaconda3/envs/testagent-experiment/lib/python3.10/site-packages/tensorflow/core/framework/resource_handle_pb2.py:32: DeprecationWarning: Call to deprecated create function Descriptor(). Note: Create unlinked descriptors is going to go away. Please use get/find descriptors from generated code or query the descriptor_pool.\n    _RESOURCEHANDLEPROTO_DTYPEANDSHAPE = _descriptor.Descriptor(\n\n../../../../../../../../opt/anaconda3/envs/testagent-experiment/lib/python3.10/site-packages/tensorflow/core/framework/resource_handle_pb2.py:76\n  /opt/anaconda3/envs/testagent-experiment/lib/python3.10/site-packages/tensorflow/core/framework/resource_handle_pb2.py:76: DeprecationWarning: Call to deprecated create function FieldDescriptor(). Note: Create unlinked descriptors is going to go away. Please use get/find descriptors from generated code or query the descriptor_pool.\n    _descriptor.FieldDescriptor(\n\n../../../../../../../../opt/anaconda3/envs/testagent-experiment/lib/python3.10/site-packages/tensorflow/core/framework/resource_handle_pb2.py:83\n  /opt/anaconda3/envs/testagent-experiment/lib/python3.10/site-packages/tensorflow/core/framework/resource_handle_pb2.py:83: DeprecationWarning: Call to deprecated create function FieldDescriptor(). Note: Create unlinked descriptors is going to go away. Please use get/find descriptors from generated code or query the descriptor_pool.\n    _descriptor.FieldDescriptor(\n\n../../../../../../../../opt/anaconda3/envs/testagent-experiment/lib/python3.10/site-packages/tensorflow/core/framework/resource_handle_pb2.py:90\n  /opt/anaconda3/envs/testagent-experiment/lib/python3.10/site-packages/tensorflow/core/framework/resource_handle_pb2.py:90: DeprecationWarning: Call to deprecated create function FieldDescriptor(). Note: Create unlinked descriptors is going to go away. Please use get/find descriptors from generated code or query the descriptor_pool.\n    _descriptor.FieldDescriptor(\n\n../../../../../../../../opt/anaconda3/envs/testagent-experiment/lib/python3.10/site-packages/tensorflow/core/framework/resource_handle_pb2.py:97\n  /opt/anaconda3/envs/testagent-experiment/lib/python3.10/site-packages/tensorflow/core/framework/resource_handle_pb2.py:97: DeprecationWarning: Call to deprecated create function FieldDescriptor(). Note: Create unlinked descriptors is going to go away. Please use get/find descriptors from generated code or query the descriptor_pool.\n    _descriptor.FieldDescriptor(\n\n../../../../../../../../opt/anaconda3/envs/testagent-experiment/lib/python3.10/site-packages/tensorflow/core/framework/resource_handle_pb2.py:104\n  /opt/anaconda3/envs/testagent-experiment/lib/python3.10/site-packages/tensorflow/core/framework/resource_handle_pb2.py:104: DeprecationWarning: Call to deprecated create function FieldDescriptor(). Note: Create unlinked descriptors is going to go away. Please use get/find descriptors from generated code or query the descriptor_pool.\n    _descriptor.FieldDescriptor(\n\n../../../../../../../../opt/anaconda3/envs/testagent-experiment/lib/python3.10/site-packages/tensorflow/core/framework/resource_handle_pb2.py:111\n  /opt/anaconda3/envs/testagent-experiment/lib/python3.10/site-packages/tensorflow/core/framework/resource_handle_pb2.py:111: DeprecationWarning: Call to deprecated create function FieldDescriptor(). Note: Create unlinked descriptors is going to go away. Please use get/find descriptors from generated code or query the descriptor_pool.\n    _descriptor.FieldDescriptor(\n\n../../../../../../../../opt/anaconda3/envs/testagent-experiment/lib/python3.10/site-packages/tensorflow/core/framework/resource_handle_pb2.py:69\n  /opt/anaconda3/envs/testagent-experiment/lib/python3.10/site-packages/tensorflow/core/framework/resource_handle_pb2.py:69: DeprecationWarning: Call to deprecated create function Descriptor(). Note: Create unlinked descriptors is going to go away. Please use get/find descriptors from generated code or query the descriptor_pool.\n    _RESOURCEHANDLEPROTO = _descriptor.Descriptor(\n\n../../../../../../../../opt/anaconda3/envs/testagent-experiment/lib/python3.10/site-packages/tensorflow/core/framework/tensor_pb2.py:21\n  /opt/anaconda3/envs/testagent-experiment/lib/python3.10/site-packages/tensorflow/core/framework/tensor_pb2.py:21: DeprecationWarning: Call to deprecated create function FileDescriptor(). Note: Create unlinked descriptors is going to go away. Please use get/find descriptors from generated code or query the descriptor_pool.\n    DESCRIPTOR = _descriptor.FileDescriptor(\n\n../../../../../../../../opt/anaconda3/envs/testagent-experiment/lib/python3.10/site-packages/tensorflow/core/framework/tensor_pb2.py:40\n  /opt/anaconda3/envs/testagent-experiment/lib/python3.10/site-packages/tensorflow/core/framework/tensor_pb2.py:40: DeprecationWarning: Call to deprecated create function FieldDescriptor(). Note: Create unlinked descriptors is going to go away. Please use get/find descriptors from generated code or query the descriptor_pool.\n    _descriptor.FieldDescriptor(\n\n../../../../../../../../opt/anaconda3/envs/testagent-experiment/lib/python3.10/site-packages/tensorflow/core/framework/tensor_pb2.py:47\n  /opt/anaconda3/envs/testagent-experiment/lib/python3.10/site-packages/tensorflow/core/framework/tensor_pb2.py:47: DeprecationWarning: Call to deprecated create function FieldDescriptor(). Note: Create unlinked descriptors is going to go away. Please use get/find descriptors from generated code or query the descriptor_pool.\n    _descriptor.FieldDescriptor(\n\n../../../../../../../../opt/anaconda3/envs/testagent-experiment/lib/python3.10/site-packages/tensorflow/core/framework/tensor_pb2.py:54\n  /opt/anaconda3/envs/testagent-experiment/lib/python3.10/site-packages/tensorflow/core/framework/tensor_pb2.py:54: DeprecationWarning: Call to deprecated create function FieldDescriptor(). Note: Create unlinked descriptors is going to go away. Please use get/find descriptors from generated code or query the descriptor_pool.\n    _descriptor.FieldDescriptor(\n\n../../../../../../../../opt/anaconda3/envs/testagent-experiment/lib/python3.10/site-packages/tensorflow/core/framework/tensor_pb2.py:61\n  /opt/anaconda3/envs/testagent-experiment/lib/python3.10/site-packages/tensorflow/core/framework/tensor_pb2.py:61: DeprecationWarning: Call to deprecated create function FieldDescriptor(). Note: Create unlinked descriptors is going to go away. Please use get/find descriptors from generated code or query the descriptor_pool.\n    _descriptor.FieldDescriptor(\n\n../../../../../../../../opt/anaconda3/envs/testagent-experiment/lib/python3.10/site-packages/tensorflow/core/framework/tensor_pb2.py:68\n  /opt/anaconda3/envs/testagent-experiment/lib/python3.10/site-packages/tensorflow/core/framework/tensor_pb2.py:68: DeprecationWarning: Call to deprecated create function FieldDescriptor(). Note: Create unlinked descriptors is going to go away. Please use get/find descriptors from generated code or query the descriptor_pool.\n    _descriptor.FieldDescriptor(\n\n../../../../../../../../opt/anaconda3/envs/testagent-experiment/lib/python3.10/site-packages/tensorflow/core/framework/tensor_pb2.py:75\n  /opt/anaconda3/envs/testagent-experiment/lib/python3.10/site-packages/tensorflow/core/framework/tensor_pb2.py:75: DeprecationWarning: Call to deprecated create function FieldDescriptor(). Note: Create unlinked descriptors is going to go away. Please use get/find descriptors from generated code or query the descriptor_pool.\n    _descriptor.FieldDescriptor(\n\n../../../../../../../../opt/anaconda3/envs/testagent-experiment/lib/python3.10/site-packages/tensorflow/core/framework/tensor_pb2.py:82\n  /opt/anaconda3/envs/testagent-experiment/lib/python3.10/site-packages/tensorflow/core/framework/tensor_pb2.py:82: DeprecationWarning: Call to deprecated create function FieldDescriptor(). Note: Create unlinked descriptors is going to go away. Please use get/find descriptors from generated code or query the descriptor_pool.\n    _descriptor.FieldDescriptor(\n\n../../../../../../../../opt/anaconda3/envs/testagent-experiment/lib/python3.10/site-packages/tensorflow/core/framework/tensor_pb2.py:89\n  /opt/anaconda3/envs/testagent-experiment/lib/python3.10/site-packages/tensorflow/core/framework/tensor_pb2.py:89: DeprecationWarning: Call to deprecated create function FieldDescriptor(). Note: Create unlinked descriptors is going to go away. Please use get/find descriptors from generated code or query the descriptor_pool.\n    _descriptor.FieldDescriptor(\n\n../../../../../../../../opt/anaconda3/envs/testagent-experiment/lib/python3.10/site-packages/tensorflow/core/framework/tensor_pb2.py:96\n  /opt/anaconda3/envs/testagent-experiment/lib/python3.10/site-packages/tensorflow/core/framework/tensor_pb2.py:96: DeprecationWarning: Call to deprecated create function FieldDescriptor(). Note: Create unlinked descriptors is going to go away. Please use get/find descriptors from generated code or query the descriptor_pool.\n    _descriptor.FieldDescriptor(\n\n../../../../../../../../opt/anaconda3/envs/testagent-experiment/lib/python3.10/site-packages/tensorflow/core/framework/tensor_pb2.py:103\n  /opt/anaconda3/envs/testagent-experiment/lib/python3.10/site-packages/tensorflow/core/framework/tensor_pb2.py:103: DeprecationWarning: Call to deprecated create function FieldDescriptor(). Note: Create unlinked descriptors is going to go away. Please use get/find descriptors from generated code or query the descriptor_pool.\n    _descriptor.FieldDescriptor(\n\n../../../../../../../../opt/anaconda3/envs/testagent-experiment/lib/python3.10/site-packages/tensorflow/core/framework/tensor_pb2.py:110\n  /opt/anaconda3/envs/testagent-experiment/lib/python3.10/site-packages/tensorflow/core/framework/tensor_pb2.py:110: DeprecationWarning: Call to deprecated create function FieldDescriptor(). Note: Create unlinked descriptors is going to go away. Please use get/find descriptors from generated code or query the descriptor_pool.\n    _descriptor.FieldDescriptor(\n\n../../../../../../../../opt/anaconda3/envs/testagent-experiment/lib/python3.10/site-packages/tensorflow/core/framework/tensor_pb2.py:117\n  /opt/anaconda3/envs/testagent-experiment/lib/python3.10/site-packages/tensorflow/core/framework/tensor_pb2.py:117: DeprecationWarning: Call to deprecated create function FieldDescriptor(). Note: Create unlinked descriptors is going to go away. Please use get/find descriptors from generated code or query the descriptor_pool.\n    _descriptor.FieldDescriptor(\n\n../../../../../../../../opt/anaconda3/envs/testagent-experiment/lib/python3.10/site-packages/tensorflow/core/framework/tensor_pb2.py:124\n  /opt/anaconda3/envs/testagent-experiment/lib/python3.10/site-packages/tensorflow/core/framework/tensor_pb2.py:124: DeprecationWarning: Call to deprecated create function FieldDescriptor(). Note: Create unlinked descriptors is going to go away. Please use get/find descriptors from generated code or query the descriptor_pool.\n    _descriptor.FieldDescriptor(\n\n../../../../../../../../opt/anaconda3/envs/testagent-experiment/lib/python3.10/site-packages/tensorflow/core/framework/tensor_pb2.py:131\n  /opt/anaconda3/envs/testagent-experiment/lib/python3.10/site-packages/tensorflow/core/framework/tensor_pb2.py:131: DeprecationWarning: Call to deprecated create function FieldDescriptor(). Note: Create unlinked descriptors is going to go away. Please use get/find descriptors from generated code or query the descriptor_pool.\n    _descriptor.FieldDescriptor(\n\n../../../../../../../../opt/anaconda3/envs/testagent-experiment/lib/python3.10/site-packages/tensorflow/core/framework/tensor_pb2.py:138\n  /opt/anaconda3/envs/testagent-experiment/lib/python3.10/site-packages/tensorflow/core/framework/tensor_pb2.py:138: DeprecationWarning: Call to deprecated create function FieldDescriptor(). Note: Create unlinked descriptors is going to go away. Please use get/find descriptors from generated code or query the descriptor_pool.\n    _descriptor.FieldDescriptor(\n\n../../../../../../../../opt/anaconda3/envs/testagent-experiment/lib/python3.10/site-packages/tensorflow/core/framework/tensor_pb2.py:145\n  /opt/anaconda3/envs/testagent-experiment/lib/python3.10/site-packages/tensorflow/core/framework/tensor_pb2.py:145: DeprecationWarning: Call to deprecated create function FieldDescriptor(). Note: Create unlinked descriptors is going to go away. Please use get/find descriptors from generated code or query the descriptor_pool.\n    _descriptor.FieldDescriptor(\n\n../../../../../../../../opt/anaconda3/envs/testagent-experiment/lib/python3.10/site-packages/tensorflow/core/framework/tensor_pb2.py:152\n  /opt/anaconda3/envs/testagent-experiment/lib/python3.10/site-packages/tensorflow/core/framework/tensor_pb2.py:152: DeprecationWarning: Call to deprecated create function FieldDescriptor(). Note: Create unlinked descriptors is going to go away. Please use get/find descriptors from generated code or query the descriptor_pool.\n    _descriptor.FieldDescriptor(\n\n../../../../../../../../opt/anaconda3/envs/testagent-experiment/lib/python3.10/site-packages/tensorflow/core/framework/tensor_pb2.py:33\n  /opt/anaconda3/envs/testagent-experiment/lib/python3.10/site-packages/tensorflow/core/framework/tensor_pb2.py:33: DeprecationWarning: Call to deprecated create function Descriptor(). Note: Create unlinked descriptors is going to go away. Please use get/find descriptors from generated code or query the descriptor_pool.\n    _TENSORPROTO = _descriptor.Descriptor(\n\n../../../../../../../../opt/anaconda3/envs/testagent-experiment/lib/python3.10/site-packages/tensorflow/core/framework/tensor_pb2.py:183\n  /opt/anaconda3/envs/testagent-experiment/lib/python3.10/site-packages/tensorflow/core/framework/tensor_pb2.py:183: DeprecationWarning: Call to deprecated create function FieldDescriptor(). Note: Create unlinked descriptors is going to go away. Please use get/find descriptors from generated code or query the descriptor_pool.\n    _descriptor.FieldDescriptor(\n\n../../../../../../../../opt/anaconda3/envs/testagent-experiment/lib/python3.10/site-packages/tensorflow/core/framework/tensor_pb2.py:190\n  /opt/anaconda3/envs/testagent-experiment/lib/python3.10/site-packages/tensorflow/core/framework/tensor_pb2.py:190: DeprecationWarning: Call to deprecated create function FieldDescriptor(). Note: Create unlinked descriptors is going to go away. Please use get/find descriptors from generated code or query the descriptor_pool.\n    _descriptor.FieldDescriptor(\n\n../../../../../../../../opt/anaconda3/envs/testagent-experiment/lib/python3.10/site-packages/tensorflow/core/framework/tensor_pb2.py:197\n  /opt/anaconda3/envs/testagent-experiment/lib/python3.10/site-packages/tensorflow/core/framework/tensor_pb2.py:197: DeprecationWarning: Call to deprecated create function FieldDescriptor(). Note: Create unlinked descriptors is going to go away. Please use get/find descriptors from generated code or query the descriptor_pool.\n    _descriptor.FieldDescriptor(\n\n../../../../../../../../opt/anaconda3/envs/testagent-experiment/lib/python3.10/site-packages/tensorflow/core/framework/tensor_pb2.py:176\n  /opt/anaconda3/envs/testagent-experiment/lib/python3.10/site-packages/tensorflow/core/framework/tensor_pb2.py:176: DeprecationWarning: Call to deprecated create function Descriptor(). Note: Create unlinked descriptors is going to go away. Please use get/find descriptors from generated code or query the descriptor_pool.\n    _VARIANTTENSORDATAPROTO = _descriptor.Descriptor(\n\n../../../../../../../../opt/anaconda3/envs/testagent-experiment/lib/python3.10/site-packages/tensorflow/core/framework/attr_value_pb2.py:21\n  /opt/anaconda3/envs/testagent-experiment/lib/python3.10/site-packages/tensorflow/core/framework/attr_value_pb2.py:21: DeprecationWarning: Call to deprecated create function FileDescriptor(). Note: Create unlinked descriptors is going to go away. Please use get/find descriptors from generated code or query the descriptor_pool.\n    DESCRIPTOR = _descriptor.FileDescriptor(\n\n../../../../../../../../opt/anaconda3/envs/testagent-experiment/lib/python3.10/site-packages/tensorflow/core/framework/attr_value_pb2.py:40\n  /opt/anaconda3/envs/testagent-experiment/lib/python3.10/site-packages/tensorflow/core/framework/attr_value_pb2.py:40: DeprecationWarning: Call to deprecated create function FieldDescriptor(). Note: Create unlinked descriptors is going to go away. Please use get/find descriptors from generated code or query the descriptor_pool.\n    _descriptor.FieldDescriptor(\n\n../../../../../../../../opt/anaconda3/envs/testagent-experiment/lib/python3.10/site-packages/tensorflow/core/framework/attr_value_pb2.py:47\n  /opt/anaconda3/envs/testagent-experiment/lib/python3.10/site-packages/tensorflow/core/framework/attr_value_pb2.py:47: DeprecationWarning: Call to deprecated create function FieldDescriptor(). Note: Create unlinked descriptors is going to go away. Please use get/find descriptors from generated code or query the descriptor_pool.\n    _descriptor.FieldDescriptor(\n\n../../../../../../../../opt/anaconda3/envs/testagent-experiment/lib/python3.10/site-packages/tensorflow/core/framework/attr_value_pb2.py:54\n  /opt/anaconda3/envs/testagent-experiment/lib/python3.10/site-packages/tensorflow/core/framework/attr_value_pb2.py:54: DeprecationWarning: Call to deprecated create function FieldDescriptor(). Note: Create unlinked descriptors is going to go away. Please use get/find descriptors from generated code or query the descriptor_pool.\n    _descriptor.FieldDescriptor(\n\n../../../../../../../../opt/anaconda3/envs/testagent-experiment/lib/python3.10/site-packages/tensorflow/core/framework/attr_value_pb2.py:61\n  /opt/anaconda3/envs/testagent-experiment/lib/python3.10/site-packages/tensorflow/core/framework/attr_value_pb2.py:61: DeprecationWarning: Call to deprecated create function FieldDescriptor(). Note: Create unlinked descriptors is going to go away. Please use get/find descriptors from generated code or query the descriptor_pool.\n    _descriptor.FieldDescriptor(\n\n../../../../../../../../opt/anaconda3/envs/testagent-experiment/lib/python3.10/site-packages/tensorflow/core/framework/attr_value_pb2.py:68\n  /opt/anaconda3/envs/testagent-experiment/lib/python3.10/site-packages/tensorflow/core/framework/attr_value_pb2.py:68: DeprecationWarning: Call to deprecated create function FieldDescriptor(). Note: Create unlinked descriptors is going to go away. Please use get/find descriptors from generated code or query the descriptor_pool.\n    _descriptor.FieldDescriptor(\n\n../../../../../../../../opt/anaconda3/envs/testagent-experiment/lib/python3.10/site-packages/tensorflow/core/framework/attr_value_pb2.py:75\n  /opt/anaconda3/envs/testagent-experiment/lib/python3.10/site-packages/tensorflow/core/framework/attr_value_pb2.py:75: DeprecationWarning: Call to deprecated create function FieldDescriptor(). Note: Create unlinked descriptors is going to go away. Please use get/find descriptors from generated code or query the descriptor_pool.\n    _descriptor.FieldDescriptor(\n\n../../../../../../../../opt/anaconda3/envs/testagent-experiment/lib/python3.10/site-packages/tensorflow/core/framework/attr_value_pb2.py:82\n  /opt/anaconda3/envs/testagent-experiment/lib/python3.10/site-packages/tensorflow/core/framework/attr_value_pb2.py:82: DeprecationWarning: Call to deprecated create function FieldDescriptor(). Note: Create unlinked descriptors is going to go away. Please use get/find descriptors from generated code or query the descriptor_pool.\n    _descriptor.FieldDescriptor(\n\n../../../../../../../../opt/anaconda3/envs/testagent-experiment/lib/python3.10/site-packages/tensorflow/core/framework/attr_value_pb2.py:89\n  /opt/anaconda3/envs/testagent-experiment/lib/python3.10/site-packages/tensorflow/core/framework/attr_value_pb2.py:89: DeprecationWarning: Call to deprecated create function FieldDescriptor(). Note: Create unlinked descriptors is going to go away. Please use get/find descriptors from generated code or query the descriptor_pool.\n    _descriptor.FieldDescriptor(\n\n../../../../../../../../opt/anaconda3/envs/testagent-experiment/lib/python3.10/site-packages/tensorflow/core/framework/attr_value_pb2.py:33\n  /opt/anaconda3/envs/testagent-experiment/lib/python3.10/site-packages/tensorflow/core/framework/attr_value_pb2.py:33: DeprecationWarning: Call to deprecated create function Descriptor(). Note: Create unlinked descriptors is going to go away. Please use get/find descriptors from generated code or query the descriptor_pool.\n    _ATTRVALUE_LISTVALUE = _descriptor.Descriptor(\n\n../../../../../../../../opt/anaconda3/envs/testagent-experiment/lib/python3.10/site-packages/tensorflow/python/framework/dtypes.py:205\n  /opt/anaconda3/envs/testagent-experiment/lib/python3.10/site-packages/tensorflow/python/framework/dtypes.py:205: DeprecationWarning: `np.bool8` is a deprecated alias for `np.bool_`.  (Deprecated NumPy 1.24)\n    np.bool8: (False, True),\n\n../../../../../../../../opt/anaconda3/envs/testagent-experiment/lib/python3.10/site-packages/flatbuffers/compat.py:19\n  /opt/anaconda3/envs/testagent-experiment/lib/python3.10/site-packages/flatbuffers/compat.py:19: DeprecationWarning: the imp module is deprecated in favour of importlib and slated for removal in Python 3.12; see the module's documentation for alternative uses\n    import imp\n\n../../../../../../../../opt/anaconda3/envs/testagent-experiment/lib/python3.10/site-packages/tensorboard/compat/tensorflow_stub/dtypes.py:326\n  /opt/anaconda3/envs/testagent-experiment/lib/python3.10/site-packages/tensorboard/compat/tensorflow_stub/dtypes.py:326: DeprecationWarning: `np.bool8` is a deprecated alias for `np.bool_`.  (Deprecated NumPy 1.24)\n    np.bool8: (False, True),\n\n-- Docs: https://docs.pytest.org/en/stable/how-to/capture-warnings.html\n================================ tests coverage ================================\n______________ coverage: platform darwin, python 3.10.19-final-0 _______________\n\nName                                                           Stmts   Miss Branch BrPart  Cover   Missing\n----------------------------------------------------------------------------------------------------------\ntests/test_tensorflow_python_ops_ragged_ragged_string_ops.py     336     54    194     39    77%   49, 105->115, 122, 166->171, 192-195, 205->210, 211->216, 217->237, 221-233, 252-254, 263-266, 309-314, 324-325, 337->353, 344, 360-362, 371->376, 378-381, 393-396, 453->440, 466->464, 566->563, 571, 585, 595, 598->590, 619-623, 629->628, 640-644, 653, 655->649, 676, 681->exit, 693, 698->688, 735, 750, 800\n----------------------------------------------------------------------------------------------------------\nTOTAL                                                            336     54    194     39    77%\nCoverage XML written to file coverage.xml\n=========================== short test summary info ============================\nFAILED tests/test_tensorflow_python_ops_ragged_ragged_string_ops.py::TestRaggedStringOps::test_unicode_encode_basic[input_shape1-content1-UTF-16-BE-ignore-65533]\n1 failed, 13 passed, 103 warnings in 2.42s\n\nError: exit 1",
    "exit_code.txt": "1",
    "analysis_plan.json": "{\n  \"status\": \"未完全通过\",\n  \"passed\": 13,\n  \"failed\": 1,\n  \"errors\": 0,\n  \"collection_errors\": false,\n  \"block_limit\": 3,\n  \"failures\": [\n    {\n      \"test\": \"TestRaggedStringOps.test_unicode_encode_basic[input_shape1-content1-UTF-16-BE-ignore-65533]\",\n      \"block_id\": \"CASE_02\",\n      \"error_type\": \"TypeError\",\n      \"action\": \"rewrite_block\",\n      \"note\": \"形状不匹配：输入内容为[1,5]形状但代码错误地创建了[1,5,5]形状的张量\"\n    }\n  ],\n  \"deferred\": [],\n  \"stop_recommended\": false,\n  \"stop_reason\": \"\"\n}",
    "analysis.md": "## 测试执行结果分析\n\n### 状态与统计\n- **状态**: 未完全通过\n- **通过**: 13个测试用例\n- **失败**: 1个测试用例\n- **错误**: 0个\n- **集合错误**: 无\n- **覆盖率**: 77%\n\n### 待修复 BLOCK 列表 (1个)\n\n1. **BLOCK_ID**: CASE_02\n   - **测试**: TestRaggedStringOps.test_unicode_encode_basic[input_shape1-content1-UTF-16-BE-ignore-65533]\n   - **错误类型**: TypeError\n   - **修复动作**: rewrite_block\n   - **原因**: 形状不匹配：输入内容为[1,5]形状但代码错误地创建了[1,5,5]形状的张量\n\n### 停止建议\n- **stop_recommended**: false\n- **stop_reason**: 无",
    "final_report.md": "# tensorflow.python.ops.ragged.ragged_string_ops 测试报告\n\n## 1. 执行摘要\n测试基本通过，14个用例中13个成功，1个失败（unicode_encode UTF-16编码测试），主要阻塞项为形状不匹配导致的TypeError。\n\n**关键发现**：\n- 5个核心函数的基础功能验证基本完成\n- Unicode编码测试存在形状处理问题\n- 覆盖率77%，满足基本功能验证需求\n\n## 2. 测试范围\n**目标FQN**: `tensorflow.python.ops.ragged.ragged_string_ops`\n\n**测试环境**：\n- 框架：pytest\n- 依赖：TensorFlow RaggedTensor模块\n- 隔离策略：mock/monkeypatch/fixtures\n\n**覆盖场景**：\n- ✅ `string_bytes_split`：字节分割和RaggedTensor转换\n- ⚠️ `unicode_encode`：UTF-8编码通过，UTF-16编码失败\n- ✅ `unicode_decode`：UTF-8解码和基本错误处理\n- ✅ `string_split_v2`：逗号分隔和基本分割功能\n- ✅ `ngrams`：2-gram生成和基本选项\n\n**未覆盖项**：\n- 多层RaggedTensor递归处理\n- 完整错误处理模式（strict模式）\n- 控制字符替换选项\n- maxsplit限制测试\n- 完整填充选项测试\n\n## 3. 结果概览\n- **用例总数**: 14个\n- **通过**: 13个（93%）\n- **失败**: 1个（7%）\n- **错误**: 0个\n- **覆盖率**: 77%\n\n**主要失败点**：\n- `TestRaggedStringOps.test_unicode_encode_basic[input_shape1-content1-UTF-16-BE-ignore-65533]`\n- 失败原因：形状不匹配（期望[1,5]，实际创建[1,5,5]）\n\n## 4. 详细发现\n\n### 高优先级问题\n1. **CASE_02失败 - 形状处理错误**\n   - **严重级别**: 高\n   - **根因**: 测试代码错误创建了三维张量[1,5,5]，而输入内容期望二维形状[1,5]\n   - **影响**: UTF-16编码测试无法执行\n   - **建议修复**: 修正测试代码中的张量创建逻辑，确保形状匹配\n\n### 中优先级问题\n1. **类型注解不完整**\n   - **影响**: 可能导致类型推断问题\n   - **建议**: 补充函数类型注解，提高代码可读性和IDE支持\n\n2. **边界条件覆盖不足**\n   - **影响**: 空分隔符与None分隔符行为差异未验证\n   - **建议**: 增加边界条件测试用例\n\n### 低优先级问题\n1. **性能风险未评估**\n   - **影响**: 递归处理多层RaggedTensor的性能未测试\n   - **建议**: 增加大尺寸RaggedTensor性能基准测试\n\n## 5. 覆盖与风险\n\n### 需求覆盖情况\n- ✅ RaggedTensor与普通Tensor自动转换：基本覆盖\n- ⚠️ Unicode三种错误处理模式：replace/ignore覆盖，strict未测\n- ✅ 字符串分割空标记忽略：基本覆盖\n- ⚠️ n-gram填充和短序列保留：基本选项覆盖，完整选项未测\n- ❌ 多层RaggedTensor递归处理：未覆盖\n\n### 尚未覆盖的边界/缺失信息\n1. **编码边界**：\n   - 超大Unicode码点（>0x10FFFF）处理\n   - 控制字符替换边界情况\n   - 非标准UTF变体编码\n\n2. **形状边界**：\n   - 空张量（shape=[0]）处理\n   - 极端不规则形状\n   - 动态秩张量异常处理\n\n3. **功能边界**：\n   - maxsplit=0和maxsplit=-1的差异\n   - 空分隔符与None分隔符行为\n   - 多层RaggedTensor嵌套处理\n\n## 6. 后续动作\n\n### 优先级排序的TODO\n\n**P0 - 立即修复**：\n1. 修复CASE_02测试代码的形状处理错误\n   - 修正张量创建逻辑，确保输入形状匹配\n   - 重新运行UTF-16编码测试\n\n**P1 - 本周内完成**：\n2. 补充缺失的核心功能测试\n   - 增加unicode_encode的strict错误模式测试\n   - 增加unicode_decode的控制字符替换测试\n   - 增加string_split_v2的maxsplit限制测试\n\n3. 扩展边界条件覆盖\n   - 增加空张量（shape=[0]）测试用例\n   - 测试空分隔符与None分隔符行为差异\n   - 验证超大Unicode码点处理\n\n**P2 - 下阶段计划**：\n4. 性能与内存测试\n   - 增加大尺寸RaggedTensor性能基准\n   - 监控递归处理的内存使用\n   - 测试多层RaggedTensor嵌套性能\n\n5. 完整功能验证\n   - 测试ngrams的完整填充选项\n   - 验证所有函数的RaggedTensor输入支持\n   - 补充类型注解完整性检查\n\n**P3 - 长期优化**：\n6. 代码质量提升\n   - 补充缺失的类型注解\n   - 优化测试代码结构\n   - 增加文档示例验证\n\n### 风险评估\n- **当前风险**: 低 - 核心功能基本验证通过\n- **修复后风险**: 极低 - 所有核心功能验证完成\n- **建议**: 优先修复P0问题，确保UTF-16编码功能正常\n\n---\n\n**报告生成时间**: 2024年\n**测试状态**: 基本通过（93%成功率）\n**建议行动**: 立即修复CASE_02形状问题，补充核心边界测试"
  },
  "stage_history": [
    {
      "stage": "understand_function",
      "status": "completed",
      "timestamp": "2026-01-25T09:24:10.326960",
      "attempts": 1,
      "error": null
    },
    {
      "stage": "generate_requirements",
      "status": "completed",
      "timestamp": "2026-01-25T09:24:52.967928",
      "attempts": 1,
      "error": null
    },
    {
      "stage": "design_test_plan",
      "status": "completed",
      "timestamp": "2026-01-25T09:26:34.868616",
      "attempts": 1,
      "error": null
    },
    {
      "stage": "generate_code",
      "status": "completed",
      "timestamp": "2026-01-25T09:30:47.376391",
      "attempts": 1,
      "error": null
    },
    {
      "stage": "execute_tests",
      "status": "completed",
      "timestamp": "2026-01-25T09:30:49.959900",
      "attempts": 1,
      "error": null
    },
    {
      "stage": "analyze_results",
      "status": "completed",
      "timestamp": "2026-01-25T09:32:23.418997",
      "attempts": 1,
      "error": null
    },
    {
      "stage": "generate_code",
      "status": "completed",
      "timestamp": "2026-01-25T09:34:45.556569",
      "attempts": 2,
      "error": null
    },
    {
      "stage": "execute_tests",
      "status": "completed",
      "timestamp": "2026-01-25T09:34:48.490554",
      "attempts": 2,
      "error": null
    },
    {
      "stage": "analyze_results",
      "status": "completed",
      "timestamp": "2026-01-25T09:35:59.433581",
      "attempts": 2,
      "error": null
    },
    {
      "stage": "generate_code",
      "status": "completed",
      "timestamp": "2026-01-25T09:38:03.816642",
      "attempts": 3,
      "error": null
    },
    {
      "stage": "execute_tests",
      "status": "completed",
      "timestamp": "2026-01-25T09:38:06.767976",
      "attempts": 3,
      "error": null
    },
    {
      "stage": "analyze_results",
      "status": "completed",
      "timestamp": "2026-01-25T09:39:44.171177",
      "attempts": 3,
      "error": null
    },
    {
      "stage": "generate_code",
      "status": "completed",
      "timestamp": "2026-01-25T09:44:23.728325",
      "attempts": 4,
      "error": null
    },
    {
      "stage": "execute_tests",
      "status": "completed",
      "timestamp": "2026-01-25T09:44:26.882055",
      "attempts": 4,
      "error": null
    },
    {
      "stage": "analyze_results",
      "status": "completed",
      "timestamp": "2026-01-25T09:45:37.559220",
      "attempts": 4,
      "error": null
    },
    {
      "stage": "generate_code",
      "status": "completed",
      "timestamp": "2026-01-25T09:50:03.819745",
      "attempts": 5,
      "error": null
    },
    {
      "stage": "execute_tests",
      "status": "completed",
      "timestamp": "2026-01-25T09:50:06.888169",
      "attempts": 5,
      "error": null
    },
    {
      "stage": "analyze_results",
      "status": "completed",
      "timestamp": "2026-01-25T09:51:12.922291",
      "attempts": 5,
      "error": null
    },
    {
      "stage": "generate_report",
      "status": "completed",
      "timestamp": "2026-01-25T09:52:09.247419",
      "attempts": 1,
      "error": null
    }
  ],
  "user_feedback": []
}