=== Run Tests ===
FFF...                                                                   [100%]
================================== FAILURES ===================================
_________________________ test_basic_graphdef_import __________________________

thing = <module 'tensorflow' from 'D:\\Coding\\Anaconda\\envs\\testagent-experiment\\lib\\site-packages\\tensorflow\\__init__.py'>
comp = 'python', import_path = 'tensorflow.python'

    def _dot_lookup(thing, comp, import_path):
        try:
>           return getattr(thing, comp)
E           AttributeError: module 'tensorflow' has no attribute 'python'

D:\Coding\Anaconda\envs\testagent-experiment\lib\unittest\mock.py:1226: AttributeError

During handling of the above exception, another exception occurred:

    def test_basic_graphdef_import():
        """Test basic GraphDef import without input_map or return_elements."""
        # Create a simple constant graph
        graph_def = create_simple_constant_graph()
    
        # Mock the C API call to isolate the test
>       with patch('tensorflow.python.framework.importer.c_api.TF_GraphImportGraphDefWithResults') as mock_import:

tests\test_tensorflow_python_framework_importer.py:95: 
_ _ _ _ _ _ _ _ _ _ _ _ _ _ _ _ _ _ _ _ _ _ _ _ _ _ _ _ _ _ _ _ _ _ _ _ _ _ _ _
D:\Coding\Anaconda\envs\testagent-experiment\lib\unittest\mock.py:1388: in __enter__
    self.target = self.getter()
D:\Coding\Anaconda\envs\testagent-experiment\lib\unittest\mock.py:1563: in <lambda>
    getter = lambda: _importer(target)
D:\Coding\Anaconda\envs\testagent-experiment\lib\unittest\mock.py:1239: in _importer
    thing = _dot_lookup(thing, comp, import_path)
_ _ _ _ _ _ _ _ _ _ _ _ _ _ _ _ _ _ _ _ _ _ _ _ _ _ _ _ _ _ _ _ _ _ _ _ _ _ _ _

thing = <module 'tensorflow' from 'D:\\Coding\\Anaconda\\envs\\testagent-experiment\\lib\\site-packages\\tensorflow\\__init__.py'>
comp = 'python', import_path = 'tensorflow.python'

    def _dot_lookup(thing, comp, import_path):
        try:
            return getattr(thing, comp)
        except AttributeError:
            __import__(import_path)
>           return getattr(thing, comp)
E           AttributeError: module 'tensorflow' has no attribute 'python'

D:\Coding\Anaconda\envs\testagent-experiment\lib\unittest\mock.py:1229: AttributeError
_________________________ test_import_with_input_map __________________________

thing = <module 'tensorflow' from 'D:\\Coding\\Anaconda\\envs\\testagent-experiment\\lib\\site-packages\\tensorflow\\__init__.py'>
comp = 'python', import_path = 'tensorflow.python'

    def _dot_lookup(thing, comp, import_path):
        try:
>           return getattr(thing, comp)
E           AttributeError: module 'tensorflow' has no attribute 'python'

D:\Coding\Anaconda\envs\testagent-experiment\lib\unittest\mock.py:1226: AttributeError

During handling of the above exception, another exception occurred:

    def test_import_with_input_map():
        """Test GraphDef import with input_map for input remapping."""
        # Create a placeholder graph
        graph_def = create_placeholder_graph()
    
        # Create a tensor to map to the placeholder
        with ops.Graph().as_default() as g:
            mapped_tensor = tf.constant(3.14, dtype=tf.float32, name="mapped_input")
    
        # Mock the C API call
>       with patch('tensorflow.python.framework.importer.c_api.TF_GraphImportGraphDefWithResults') as mock_import:

tests\test_tensorflow_python_framework_importer.py:143: 
_ _ _ _ _ _ _ _ _ _ _ _ _ _ _ _ _ _ _ _ _ _ _ _ _ _ _ _ _ _ _ _ _ _ _ _ _ _ _ _
D:\Coding\Anaconda\envs\testagent-experiment\lib\unittest\mock.py:1388: in __enter__
    self.target = self.getter()
D:\Coding\Anaconda\envs\testagent-experiment\lib\unittest\mock.py:1563: in <lambda>
    getter = lambda: _importer(target)
D:\Coding\Anaconda\envs\testagent-experiment\lib\unittest\mock.py:1239: in _importer
    thing = _dot_lookup(thing, comp, import_path)
_ _ _ _ _ _ _ _ _ _ _ _ _ _ _ _ _ _ _ _ _ _ _ _ _ _ _ _ _ _ _ _ _ _ _ _ _ _ _ _

thing = <module 'tensorflow' from 'D:\\Coding\\Anaconda\\envs\\testagent-experiment\\lib\\site-packages\\tensorflow\\__init__.py'>
comp = 'python', import_path = 'tensorflow.python'

    def _dot_lookup(thing, comp, import_path):
        try:
            return getattr(thing, comp)
        except AttributeError:
            __import__(import_path)
>           return getattr(thing, comp)
E           AttributeError: module 'tensorflow' has no attribute 'python'

D:\Coding\Anaconda\envs\testagent-experiment\lib\unittest\mock.py:1229: AttributeError
______________________ test_import_with_return_elements _______________________

thing = <module 'tensorflow' from 'D:\\Coding\\Anaconda\\envs\\testagent-experiment\\lib\\site-packages\\tensorflow\\__init__.py'>
comp = 'python', import_path = 'tensorflow.python'

    def _dot_lookup(thing, comp, import_path):
        try:
>           return getattr(thing, comp)
E           AttributeError: module 'tensorflow' has no attribute 'python'

D:\Coding\Anaconda\envs\testagent-experiment\lib\unittest\mock.py:1226: AttributeError

During handling of the above exception, another exception occurred:

    def test_import_with_return_elements():
        """Test GraphDef import with return_elements to get specific operations/tensors."""
        # Create a multi-operation graph
        graph_def = create_multi_operation_graph()
    
        # Mock the C API call and its return value handling
>       with patch('tensorflow.python.framework.importer.c_api.TF_GraphImportGraphDefWithResults') as mock_import:

tests\test_tensorflow_python_framework_importer.py:187: 
_ _ _ _ _ _ _ _ _ _ _ _ _ _ _ _ _ _ _ _ _ _ _ _ _ _ _ _ _ _ _ _ _ _ _ _ _ _ _ _
D:\Coding\Anaconda\envs\testagent-experiment\lib\unittest\mock.py:1388: in __enter__
    self.target = self.getter()
D:\Coding\Anaconda\envs\testagent-experiment\lib\unittest\mock.py:1563: in <lambda>
    getter = lambda: _importer(target)
D:\Coding\Anaconda\envs\testagent-experiment\lib\unittest\mock.py:1239: in _importer
    thing = _dot_lookup(thing, comp, import_path)
_ _ _ _ _ _ _ _ _ _ _ _ _ _ _ _ _ _ _ _ _ _ _ _ _ _ _ _ _ _ _ _ _ _ _ _ _ _ _ _

thing = <module 'tensorflow' from 'D:\\Coding\\Anaconda\\envs\\testagent-experiment\\lib\\site-packages\\tensorflow\\__init__.py'>
comp = 'python', import_path = 'tensorflow.python'

    def _dot_lookup(thing, comp, import_path):
        try:
            return getattr(thing, comp)
        except AttributeError:
            __import__(import_path)
>           return getattr(thing, comp)
E           AttributeError: module 'tensorflow' has no attribute 'python'

D:\Coding\Anaconda\envs\testagent-experiment\lib\unittest\mock.py:1229: AttributeError

---------- coverage: platform win32, python 3.9.25-final-0 -----------
Name                                                 Stmts   Miss Branch BrPart  Cover   Missing
------------------------------------------------------------------------------------------------
tests\test_tensorflow_python_framework_importer.py     143     56      0      0    61%   97-123, 144-169, 189-229, 314-346
------------------------------------------------------------------------------------------------
TOTAL                                                  143     56      0      0    61%
Coverage XML written to file coverage.xml

=========================== short test summary info ===========================
FAILED tests\test_tensorflow_python_framework_importer.py::test_basic_graphdef_import
FAILED tests\test_tensorflow_python_framework_importer.py::test_import_with_input_map
FAILED tests\test_tensorflow_python_framework_importer.py::test_import_with_return_elements
3 failed, 3 passed in 1.81s

Error: exit 1