=== Run Tests ===
....F..                                                                  [100%]
=================================== FAILURES ===================================
_____________________________ test_invalid_inputs ______________________________

    def test_invalid_inputs() -> None:
        """测试非法输入场景"""
    
        # 测试 xavier_uniform_ 的非法输入
        with pytest.raises(RuntimeError):
            # 非张量输入
>           init.xavier_uniform_(None)

tests/test_torch_nn_init_g2.py:264: 
_ _ _ _ _ _ _ _ _ _ _ _ _ _ _ _ _ _ _ _ _ _ _ _ _ _ _ _ _ _ _ _ _ _ _ _ _ _ _ _ 
/opt/anaconda3/envs/testagent-experiment/lib/python3.10/site-packages/torch/nn/init.py:323: in xavier_uniform_
    fan_in, fan_out = _calculate_fan_in_and_fan_out(tensor)
_ _ _ _ _ _ _ _ _ _ _ _ _ _ _ _ _ _ _ _ _ _ _ _ _ _ _ _ _ _ _ _ _ _ _ _ _ _ _ _ 

tensor = None

    def _calculate_fan_in_and_fan_out(tensor):
>       dimensions = tensor.dim()
E       AttributeError: 'NoneType' object has no attribute 'dim'

/opt/anaconda3/envs/testagent-experiment/lib/python3.10/site-packages/torch/nn/init.py:285: AttributeError
================================ tests coverage ================================
______________ coverage: platform darwin, python 3.10.19-final-0 _______________

Name                             Stmts   Miss Branch BrPart  Cover   Missing
----------------------------------------------------------------------------
tests/test_torch_nn_init_g2.py     132     25     24      7    78%   20, 58, 67, 158-159, 223->229, 235->240, 241, 267-273, 325-347
----------------------------------------------------------------------------
TOTAL                              132     25     24      7    78%
Coverage XML written to file coverage.xml
=========================== short test summary info ============================
FAILED tests/test_torch_nn_init_g2.py::test_invalid_inputs - AttributeError: ...
1 failed, 6 passed in 0.75s

Error: exit 1