{
  "workflow_id": "7720be03",
  "created_at": "2026-01-26T16:07:56.506967",
  "op": "tensorflow_python_ops_image_ops_impl",
  "arch": "python",
  "soc": "python",
  "vendor": "python",
  "project_root": "/Users/zzf1sh/Documents/Project/TestAgent-CLI-main/exam/tensorflow/python.ops.image_ops_impl",
  "target": "tensorflow.python.ops.image_ops_impl",
  "target_slug": "tensorflow_python_ops_image_ops_impl",
  "current_stage": "complete",
  "stage_index": 6,
  "mode": "full-auto",
  "epoch_total": 5,
  "epoch_current": 5,
  "last_failure_signature": "",
  "last_error_signature": "",
  "last_block_errors": {},
  "auto_stop_reason": "",
  "artifacts": {
    "function_doc.md": "# tensorflow.python.ops.image_ops_impl - 函数说明\n\n## 1. 基本信息\n- **FQN**: tensorflow.python.ops.image_ops_image_ops_impl\n- **模块文件**: `/opt/anaconda3/envs/testagent-experiment/lib/python3.10/site-packages/tensorflow/python/ops/image_ops_impl.py`\n- **签名**: 模块（包含多个函数）\n- **对象类型**: module\n\n## 2. 功能概述\nTensorFlow 图像操作实现模块，提供图像处理的核心功能。包含图像变换、颜色空间转换、边界框处理、图像编码/解码等操作。支持批量图像处理，兼容多种数据格式。\n\n## 3. 参数说明\n- 模块包含多个函数，每个函数有独立参数\n- 主要函数类别：\n  - 图像变换：调整亮度、对比度、饱和度、色调\n  - 几何变换：裁剪、缩放、翻转、旋转、转置\n  - 颜色空间：RGB/YIQ/YUV转换、灰度转换\n  - 边界框：非极大值抑制、边界框绘制、采样\n  - 编解码：JPEG/PNG/BMP/GIF 编解码\n\n## 4. 返回值\n- 各函数返回处理后的图像张量\n- 返回类型与输入类型相同或转换为指定类型\n- 形状通常与输入形状相同或按变换规则调整\n\n## 5. 文档要点\n- 图像张量要求：至少3维 [height, width, channels] 或4维 [batch, height, width, channels]\n- 颜色通道：RGB图像要求最后一维大小为3\n- 坐标归一化：边界框坐标通常在 [0, 1] 范围内\n- 数据类型：支持 uint8, uint16, float32 等\n- 设备兼容：支持CPU和GPU\n\n## 6. 源码摘要\n- 关键路径：图像验证 → 数据类型转换 → 核心操作 → 结果后处理\n- 依赖API：gen_image_ops（底层C++操作）、array_ops、math_ops、nn_ops\n- 辅助函数：_AssertAtLeast3DImage、_Check3DImage、_ImageDimensions\n- 副作用：无I/O操作，纯张量计算\n- 随机性：部分函数支持随机种子控制\n\n## 7. 示例与用法（如有）\n- 亮度调整：`adjust_brightness(image, delta)`\n- 随机翻转：`random_flip_left_right(image, seed)`\n- 中心裁剪：`central_crop(image, central_fraction)`\n- 非极大值抑制：`non_max_suppression(boxes, scores, max_output_size)`\n- 图像解码：`decode_image(contents, channels=None)`\n\n## 8. 风险与空白\n- 多实体情况：模块包含100+函数，需选择核心函数测试\n- 类型信息：部分函数参数类型注解不完整\n- 边界条件：需要测试图像尺寸为0、通道数异常等情况\n- 设备限制：某些操作可能不支持特定设备\n- 性能考虑：大尺寸图像处理可能内存消耗较大\n- 缺少信息：部分函数的异常情况文档不详细",
    "requirements.md": "# tensorflow.python.ops.image_ops_impl 测试需求\n\n## 1. 目标与范围\n- 主要功能与期望行为：验证图像变换、颜色空间转换、边界框处理、图像编解码等核心操作的正确性\n- 不在范围内的内容：图像I/O、可视化、第三方图像库集成、训练模型相关操作\n\n## 2. 输入与约束\n- 参数列表（名称、类型/shape、默认值）：\n  - 图像张量：至少3维 [height, width, channels] 或4维 [batch, height, width, channels]\n  - 边界框：形状为 [num_boxes, 4]，坐标在 [0, 1] 范围内\n  - 调整参数：delta（亮度）、contrast_factor（对比度）等为浮点数\n  - 随机种子：整数或None\n- 有效取值范围/维度/设备要求：\n  - 图像高度/宽度 > 0\n  - RGB图像 channels=3，灰度图像 channels=1\n  - 支持 uint8, uint16, float32 数据类型\n  - 兼容CPU和GPU设备\n- 必需与可选组合：\n  - 必需：图像张量参数\n  - 可选：channels（解码函数）、seed（随机函数）、max_output_size（NMS）\n- 随机性/全局状态要求：\n  - 随机函数需支持种子控制\n  - 无全局状态依赖\n\n## 3. 输出与判定\n- 期望返回结构及关键字段：\n  - 返回张量与输入形状相同或按变换规则调整\n  - 数据类型与输入一致或转换为指定类型\n  - 边界框操作返回筛选后的索引或边界框\n- 容差/误差界（如浮点）：\n  - 浮点运算误差在 1e-6 范围内\n  - 颜色转换误差在可接受视觉范围内\n  - 几何变换保持图像内容完整性\n- 状态变化或副作用检查点：\n  - 无文件系统操作\n  - 无网络请求\n  - 无全局变量修改\n\n## 4. 错误与异常场景\n- 非法输入/维度/类型触发的异常或警告：\n  - 图像维度 < 3 触发 ValueError\n  - 无效数据类型触发 TypeError\n  - 通道数不符合要求触发 ValueError\n  - 边界框坐标超出 [0, 1] 范围触发异常\n- 边界值（空、None、0 长度、极端形状/数值）：\n  - 空图像张量（高度或宽度为0）\n  - None 输入参数\n  - 极端亮度/对比度调整值\n  - 裁剪比例超出 [0, 1] 范围\n  - 批量大小为0的图像\n\n## 5. 依赖与环境\n- 外部资源/设备/网络/文件依赖：\n  - TensorFlow 运行时环境\n  - 图像编解码依赖系统库（libjpeg, libpng等）\n  - GPU支持（可选）\n- 需要 mock/monkeypatch 的部分：\n  - `tensorflow.python.ops.gen_image_ops`（底层C++操作）\n  - `tensorflow.python.framework.ops.convert_to_tensor`\n  - `tensorflow.python.ops.array_ops` 中的形状验证函数\n  - `tensorflow.python.ops.math_ops` 中的数学运算\n  - `tensorflow.python.ops.nn_ops` 中的神经网络操作\n\n## 6. 覆盖与优先级\n- 必测路径（高优先级，最多 5 条，短句）：\n  1. 基本图像变换（亮度、对比度、饱和度调整）\n  2. 几何变换（裁剪、缩放、翻转）的形状保持\n  3. 颜色空间转换（RGB/YUV）的数值正确性\n  4. 边界框非极大值抑制（NMS）的筛选逻辑\n  5. 图像编解码（JPEG/PNG）的往返一致性\n- 可选路径（中/低优先级合并为一组列表）：\n  - 批量图像处理性能\n  - 随机操作的种子控制\n  - 极端参数值的鲁棒性\n  - 不同数据类型的兼容性\n  - 设备间（CPU/GPU）一致性\n- 已知风险/缺失信息（仅列条目，不展开）：\n  - 部分函数参数类型注解不完整\n  - 某些操作的设备限制未明确\n  - 大尺寸图像内存消耗\n  - 异常情况文档不详细\n  - 多函数间的交互测试",
    "test_plan.json": "{\n  \"plan_version\": 2,\n  \"target\": \"tensorflow.python.ops.image_ops_impl\",\n  \"block_rules\": {\n    \"header_block\": \"HEADER\",\n    \"footer_block\": \"FOOTER\",\n    \"case_prefix\": \"CASE_\",\n    \"case_format\": \"CASE_01\"\n  },\n  \"iteration_strategy\": {\n    \"round1\": {\n      \"include\": \"SMOKE_SET\",\n      \"assert_level\": \"weak\",\n      \"max_blocks\": 5\n    },\n    \"roundN\": {\n      \"only_fix_failed_blocks\": true,\n      \"block_limit\": 3,\n      \"promote_deferred\": true\n    },\n    \"final\": {\n      \"enable_strong_asserts\": true,\n      \"coverage_optional\": true\n    }\n  },\n  \"test_files\": {\n    \"default\": \"tests/test_tensorflow_python_ops_image_ops_impl.py\",\n    \"all_pattern\": \"tests/test_tensorflow_python_ops_image_ops_impl.py\"\n  },\n  \"cases\": [\n    {\n      \"tc_id\": \"TC-01\",\n      \"block_id\": \"CASE_01\",\n      \"name\": \"adjust_brightness 基本亮度调整\",\n      \"priority\": \"High\",\n      \"param_matrix\": [\n        {\n          \"function\": \"adjust_brightness\",\n          \"dtype\": \"float32\",\n          \"shape\": [32, 32, 3],\n          \"delta\": 0.2,\n          \"device\": \"cpu\"\n        }\n      ],\n      \"asserts\": {\n        \"weak\": [\"shape\", \"dtype\", \"finite\", \"basic_property\"],\n        \"strong\": [\"approx_equal\", \"brightness_correctness\", \"range_check\"]\n      },\n      \"oracle\": \"手动计算亮度调整\",\n      \"assertion_level\": \"weak\",\n      \"size\": \"S\",\n      \"max_lines\": 80,\n      \"max_params\": 6,\n      \"is_parametrized\": true,\n      \"requires_mock\": false,\n      \"mock_targets\": []\n    },\n    {\n      \"tc_id\": \"TC-02\",\n      \"block_id\": \"CASE_02\",\n      \"name\": \"random_flip_left_right 随机水平翻转\",\n      \"priority\": \"High\",\n      \"param_matrix\": [\n        {\n          \"function\": \"random_flip_left_right\",\n          \"dtype\": \"uint8\",\n          \"shape\": [4, 64, 64, 3],\n          \"seed\": 42,\n          \"device\": \"cpu\"\n        }\n      ],\n      \"asserts\": {\n        \"weak\": [\"shape\", \"dtype\", \"finite\", \"basic_property\"],\n        \"strong\": [\"flip_correctness\", \"seed_consistency\", \"randomness_check\"]\n      },\n      \"oracle\": \"手动翻转验证\",\n      \"assertion_level\": \"weak\",\n      \"size\": \"S\",\n      \"max_lines\": 80,\n      \"max_params\": 6,\n      \"is_parametrized\": true,\n      \"requires_mock\": false,\n      \"mock_targets\": []\n    },\n    {\n      \"tc_id\": \"TC-03\",\n      \"block_id\": \"CASE_03\",\n      \"name\": \"central_crop 中心裁剪\",\n      \"priority\": \"High\",\n      \"param_matrix\": [\n        {\n          \"function\": \"central_crop\",\n          \"dtype\": \"float32\",\n          \"shape\": [128, 128, 3],\n          \"central_fraction\": 0.5,\n          \"device\": \"cpu\"\n        }\n      ],\n      \"asserts\": {\n        \"weak\": [\"shape\", \"dtype\", \"finite\", \"basic_property\"],\n        \"strong\": [\"crop_correctness\", \"center_alignment\", \"content_preservation\"]\n      },\n      \"oracle\": \"手动计算裁剪区域\",\n      \"assertion_level\": \"weak\",\n      \"size\": \"S\",\n      \"max_lines\": 80,\n      \"max_params\": 6,\n      \"is_parametrized\": true,\n      \"requires_mock\": false,\n      \"mock_targets\": []\n    },\n    {\n      \"tc_id\": \"TC-04\",\n      \"block_id\": \"CASE_04\",\n      \"name\": \"rgb_to_yuv 颜色空间转换\",\n      \"priority\": \"High\",\n      \"param_matrix\": [\n        {\n          \"function\": \"rgb_to_yuv\",\n          \"dtype\": \"float32\",\n          \"shape\": [16, 16, 3],\n          \"device\": \"cpu\"\n        }\n      ],\n      \"asserts\": {\n        \"weak\": [\"shape\", \"dtype\", \"finite\", \"basic_property\"],\n        \"strong\": [\"color_conversion_accuracy\", \"roundtrip_consistency\", \"range_check\"]\n      },\n      \"oracle\": \"标准YUV转换公式\",\n      \"assertion_level\": \"weak\",\n      \"size\": \"S\",\n      \"max_lines\": 80,\n      \"max_params\": 6,\n      \"is_parametrized\": true,\n      \"requires_mock\": false,\n      \"mock_targets\": []\n    },\n    {\n      \"tc_id\": \"TC-05\",\n      \"block_id\": \"CASE_05\",\n      \"name\": \"non_max_suppression 边界框筛选\",\n      \"priority\": \"High\",\n      \"param_matrix\": [\n        {\n          \"function\": \"non_max_suppression\",\n          \"boxes_shape\": [10, 4],\n          \"scores_shape\": [10],\n          \"max_output_size\": 5,\n          \"dtype\": \"float32\",\n          \"device\": \"cpu\"\n        }\n      ],\n      \"asserts\": {\n        \"weak\": [\"output_shape\", \"dtype\", \"finite\", \"basic_property\"],\n        \"strong\": [\"nms_correctness\", \"iou_threshold\", \"score_ordering\"]\n      },\n      \"oracle\": \"手动NMS算法\",\n      \"assertion_level\": \"weak\",\n      \"size\": \"S\",\n      \"max_lines\": 80,\n      \"max_params\": 6,\n      \"is_parametrized\": true,\n      \"requires_mock\": false,\n      \"mock_targets\": []\n    }\n  ],\n  \"param_extensions\": [\n    {\n      \"base_block_id\": \"CASE_01\",\n      \"priority\": \"Medium\",\n      \"params\": {\n        \"function\": \"adjust_brightness\",\n        \"dtype\": \"uint8\",\n        \"shape\": [64, 64, 3],\n        \"delta\": -0.1,\n        \"device\": \"cpu\"\n      },\n      \"note\": \"作为参数扩展：不同数据类型和负delta值\"\n    },\n    {\n      \"base_block_id\": \"CASE_01\",\n      \"priority\": \"Medium\",\n      \"params\": {\n        \"function\": \"adjust_brightness\",\n        \"dtype\": \"float32\",\n        \"shape\": [1, 32, 32, 3],\n        \"delta\": 0.5,\n        \"device\": \"cpu\"\n      },\n      \"note\": \"作为参数扩展：批量图像处理\"\n    },\n    {\n      \"base_block_id\": \"CASE_02\",\n      \"priority\": \"Medium\",\n      \"params\": {\n        \"function\": \"random_flip_left_right\",\n        \"dtype\": \"float32\",\n        \"shape\": [32, 32, 1],\n        \"seed\": null,\n        \"device\": \"cpu\"\n      },\n      \"note\": \"作为参数扩展：灰度图像和None种子\"\n    },\n    {\n      \"base_block_id\": \"CASE_03\",\n      \"priority\": \"Medium\",\n      \"params\": {\n        \"function\": \"central_crop\",\n        \"dtype\": \"float32\",\n        \"shape\": [100, 150, 3],\n        \"central_fraction\": 0.8,\n        \"device\": \"cpu\"\n      },\n      \"note\": \"作为参数扩展：非正方形图像和大裁剪比例\"\n    },\n    {\n      \"base_block_id\": \"CASE_04\",\n      \"priority\": \"Medium\",\n      \"params\": {\n        \"function\": \"rgb_to_yuv\",\n        \"dtype\": \"uint8\",\n        \"shape\": [4, 48, 48, 3],\n        \"device\": \"cpu\"\n      },\n      \"note\": \"作为参数扩展：批量uint8图像\"\n    }\n  ],\n  \"smoke_set\": [\"CASE_01\", \"CASE_02\", \"CASE_03\"],\n  \"deferred_set\": [\"CASE_04\", \"CASE_05\"]\n}",
    "test_plan.md": "# tensorflow.python.ops.image_ops_impl 测试计划\n\n## 1. 测试策略\n- 单元测试框架：pytest\n- 隔离策略：mock/monkeypatch/fixtures\n- 随机性处理：固定随机种子/控制 RNG\n\n## 2. 生成规格摘要（来自 test_plan.json）\n- SMOKE_SET: CASE_01, CASE_02, CASE_03\n- DEFERRED_SET: CASE_04, CASE_05\n- 测试文件路径：tests/test_tensorflow_python_ops_image_ops_impl.py\n- 断言分级策略：首轮使用weak断言，最终启用strong断言\n- 预算策略：每个用例size=S，max_lines=80，max_params=6\n\n## 3. 数据与边界\n- 正常数据集：标准图像形状[32,32,3]、[64,64,3]、批量图像\n- 随机生成策略：固定种子控制随机操作\n- 边界值：空图像、极端裁剪比例、负亮度调整\n- 极端形状：非正方形图像、单通道图像、零尺寸\n- 空输入：None参数、空张量\n- 负例场景：维度不足、无效数据类型、坐标越界\n\n## 4. 覆盖映射\n- TC-01 (CASE_01): 基本图像变换 - 亮度调整\n- TC-02 (CASE_02): 几何变换 - 随机水平翻转\n- TC-03 (CASE_03): 几何变换 - 中心裁剪\n- TC-04 (CASE_04): 颜色空间转换 - RGB到YUV\n- TC-05 (CASE_05): 边界框处理 - 非极大值抑制\n\n## 5. 尚未覆盖的风险点\n- 大尺寸图像内存消耗\n- GPU设备兼容性\n- 图像编解码的往返一致性\n- 极端参数值的鲁棒性\n- 多函数间交互测试",
    "tests/test_tensorflow_python_ops_image_ops_impl.py": "\"\"\"\nTest cases for tensorflow.python.ops.image_ops_impl module.\nGenerated by TestAgent-CLI.\n\"\"\"\n\nimport math\nimport numpy as np\nimport pytest\nimport tensorflow as tf\nfrom tensorflow.python.ops import image_ops_impl\n\n# ==== BLOCK:HEADER START ====\n# Test fixtures and helper functions\n@pytest.fixture\ndef set_random_seed():\n    \"\"\"Set random seeds for reproducibility.\"\"\"\n    np.random.seed(42)\n    tf.random.set_seed(42)\n    return 42\n\ndef assert_tensor_shape(tensor, expected_shape):\n    \"\"\"Assert tensor shape matches expected shape.\"\"\"\n    assert tensor.shape == expected_shape, f\"Expected shape {expected_shape}, got {tensor.shape}\"\n\ndef assert_tensor_dtype(tensor, expected_dtype):\n    \"\"\"Assert tensor dtype matches expected dtype.\"\"\"\n    assert tensor.dtype == expected_dtype, f\"Expected dtype {expected_dtype}, got {tensor.dtype}\"\n\ndef assert_tensor_finite(tensor):\n    \"\"\"Assert tensor contains only finite values.\"\"\"\n    assert tf.reduce_all(tf.math.is_finite(tensor)), \"Tensor contains non-finite values\"\n\ndef assert_basic_property(tensor, original_tensor=None):\n    \"\"\"Basic property assertions for image operations.\"\"\"\n    # Check tensor is not None\n    assert tensor is not None\n    # Check shape is valid\n    assert len(tensor.shape) >= 3, f\"Tensor should have at least 3 dimensions, got {len(tensor.shape)}\"\n    # If original tensor provided, check shape compatibility\n    if original_tensor is not None:\n        assert len(tensor.shape) == len(original_tensor.shape), \\\n            f\"Rank mismatch: {len(tensor.shape)} vs {len(original_tensor.shape)}\"\n# ==== BLOCK:HEADER END ====\n\n# ==== BLOCK:CASE_01 START ====\n# TC-01: adjust_brightness 基本亮度调整\n# Priority: High\n# Assertion level: weak (shape, dtype, finite, basic_property)\n# ==== BLOCK:CASE_01 END ====\n\n# ==== BLOCK:CASE_02 START ====\n# TC-02: random_flip_left_right 随机水平翻转\n# Priority: High\n# Assertion level: weak (shape, dtype, finite, basic_property)\n# ==== BLOCK:CASE_02 END ====\n\n# ==== BLOCK:CASE_03 START ====\n# TC-03: central_crop 中心裁剪\n# Priority: High\n# Assertion level: weak (shape, dtype, finite, basic_property)\n# ==== BLOCK:CASE_03 END ====\n\n# ==== BLOCK:CASE_04 START ====\n# TC-04: rgb_to_yuv 颜色空间转换\n# Priority: High (deferred)\n# Assertion level: weak (shape, dtype, finite, basic_property)\n# ==== BLOCK:CASE_04 END ====\n\n# ==== BLOCK:CASE_05 START ====\n# TC-05: non_max_suppression 边界框筛选\n# Priority: High (deferred)\n# Assertion level: weak (shape, dtype, finite, basic_property)\n# ==== BLOCK:CASE_05 END ====\n\n# ==== BLOCK:FOOTER START ====\n# Additional test cases and edge cases\n# ==== BLOCK:FOOTER END ====",
    "execution_log.txt": "=== Run Tests ===\nF.FFF....F....                                                           [100%]\n=================================== FAILURES ===================================\n_______________ test_adjust_brightness_basic[dtype0-shape0-0.2] ________________\n\nset_random_seed = 42, dtype = tf.float32, shape = (32, 32, 3), delta = 0.2\n\n    @pytest.mark.parametrize(\"dtype,shape,delta\", [\n        (tf.float32, (32, 32, 3), 0.2),  # Base case from test plan\n        (tf.uint8, (64, 64, 3), -0.1),   # Parameter extension: uint8 with negative delta\n        (tf.float32, (1, 32, 32, 3), 0.5),  # Parameter extension: batch image\n    ])\n    def test_adjust_brightness_basic(set_random_seed, dtype, shape, delta):\n        \"\"\"Test basic brightness adjustment functionality.\"\"\"\n        # Create test image\n        if dtype == tf.uint8:\n            # For uint8, create values in [0, 255] range\n            image = tf.constant(np.random.randint(0, 256, size=shape, dtype=np.uint8), dtype=dtype)\n        else:\n            # For float32, create values in [0, 1] range\n            image = tf.constant(np.random.uniform(0, 1, size=shape).astype(np.float32), dtype=dtype)\n    \n        # Apply brightness adjustment\n        result = image_ops_impl.adjust_brightness(image, delta)\n    \n        # Weak assertions (still needed)\n        assert_tensor_shape(result, shape)\n        assert_tensor_dtype(result, dtype)\n        assert_tensor_finite(result)\n        assert_basic_property(result, image)\n    \n        # Additional basic property: result should have same rank as input\n        assert len(result.shape) == len(image.shape), \\\n            f\"Rank mismatch: {len(result.shape)} vs {len(image.shape)}\"\n    \n        # STRONG ASSERTIONS\n    \n        # 1. approx_equal: For float32, check that result ≈ image + delta\n        if dtype == tf.float32:\n            # For float images, brightness adjustment should be: result = image + delta\n            # But note: adjust_brightness clips values to [0, 1] range\n            expected = image + delta\n            # Clip to [0, 1] range as per TensorFlow implementation\n            expected = tf.clip_by_value(expected, 0.0, 1.0)\n    \n            # Check approximate equality with tolerance\n            diff = tf.abs(result - expected)\n            max_diff = tf.reduce_max(diff).numpy()\n>           assert max_diff < 1e-6, f\"Result not approximately equal to expected: max_diff={max_diff}\"\nE           AssertionError: Result not approximately equal to expected: max_diff=0.19971764087677002\nE           assert 0.19971764 < 1e-06\n\ntests/test_tensorflow_python_ops_image_ops_impl.py:97: AssertionError\n_______________ test_adjust_brightness_basic[dtype2-shape2-0.5] ________________\n\nset_random_seed = 42, dtype = tf.float32, shape = (1, 32, 32, 3), delta = 0.5\n\n    @pytest.mark.parametrize(\"dtype,shape,delta\", [\n        (tf.float32, (32, 32, 3), 0.2),  # Base case from test plan\n        (tf.uint8, (64, 64, 3), -0.1),   # Parameter extension: uint8 with negative delta\n        (tf.float32, (1, 32, 32, 3), 0.5),  # Parameter extension: batch image\n    ])\n    def test_adjust_brightness_basic(set_random_seed, dtype, shape, delta):\n        \"\"\"Test basic brightness adjustment functionality.\"\"\"\n        # Create test image\n        if dtype == tf.uint8:\n            # For uint8, create values in [0, 255] range\n            image = tf.constant(np.random.randint(0, 256, size=shape, dtype=np.uint8), dtype=dtype)\n        else:\n            # For float32, create values in [0, 1] range\n            image = tf.constant(np.random.uniform(0, 1, size=shape).astype(np.float32), dtype=dtype)\n    \n        # Apply brightness adjustment\n        result = image_ops_impl.adjust_brightness(image, delta)\n    \n        # Weak assertions (still needed)\n        assert_tensor_shape(result, shape)\n        assert_tensor_dtype(result, dtype)\n        assert_tensor_finite(result)\n        assert_basic_property(result, image)\n    \n        # Additional basic property: result should have same rank as input\n        assert len(result.shape) == len(image.shape), \\\n            f\"Rank mismatch: {len(result.shape)} vs {len(image.shape)}\"\n    \n        # STRONG ASSERTIONS\n    \n        # 1. approx_equal: For float32, check that result ≈ image + delta\n        if dtype == tf.float32:\n            # For float images, brightness adjustment should be: result = image + delta\n            # But note: adjust_brightness clips values to [0, 1] range\n            expected = image + delta\n            # Clip to [0, 1] range as per TensorFlow implementation\n            expected = tf.clip_by_value(expected, 0.0, 1.0)\n    \n            # Check approximate equality with tolerance\n            diff = tf.abs(result - expected)\n            max_diff = tf.reduce_max(diff).numpy()\n>           assert max_diff < 1e-6, f\"Result not approximately equal to expected: max_diff={max_diff}\"\nE           AssertionError: Result not approximately equal to expected: max_diff=0.49971771240234375\nE           assert 0.4997177 < 1e-06\n\ntests/test_tensorflow_python_ops_image_ops_impl.py:97: AssertionError\n_____________ test_random_flip_left_right_basic[dtype0-shape0-42] ______________\n\nset_random_seed = 42, dtype = tf.uint8, shape = (4, 64, 64, 3), seed = 42\n\n    @pytest.mark.parametrize(\"dtype,shape,seed\", [\n        (tf.uint8, (4, 64, 64, 3), 42),  # Base case from test plan\n        (tf.float32, (32, 32, 1), None),  # Parameter extension: grayscale with None seed\n    ])\n    def test_random_flip_left_right_basic(set_random_seed, dtype, shape, seed):\n        \"\"\"Test random horizontal flip functionality.\"\"\"\n        # Create test image\n        if dtype == tf.uint8:\n            image = tf.constant(np.random.randint(0, 256, size=shape, dtype=np.uint8), dtype=dtype)\n        else:\n            image = tf.constant(np.random.uniform(0, 1, size=shape).astype(np.float32), dtype=dtype)\n    \n        # Apply random flip\n        result = image_ops_impl.random_flip_left_right(image, seed=seed)\n    \n        # Weak assertions (still needed)\n        assert_tensor_shape(result, shape)\n        assert_tensor_dtype(result, dtype)\n        assert_tensor_finite(result)\n        assert_basic_property(result, image)\n    \n        # Additional basic property: result should have same dimensions as input\n        for i in range(len(shape)):\n            assert result.shape[i] == image.shape[i], \\\n                f\"Dimension {i} mismatch: {result.shape[i]} vs {image.shape[i]}\"\n    \n        # Basic property: check value ranges based on dtype\n        if dtype == tf.uint8:\n            # For uint8 images, values should be in [0, 255] range\n            min_val = tf.reduce_min(result).numpy()\n            max_val = tf.reduce_max(result).numpy()\n            assert min_val >= 0 and max_val <= 255, \\\n                f\"uint8 values out of range: min={min_val}, max={max_val}\"\n    \n        # STRONG ASSERTIONS\n    \n        # 1. flip_correctness: Check that flip operation is correct when it happens\n        # To test flip correctness, we need to know if the image was actually flipped\n        # We can test by comparing with manual flip operation\n    \n        # Create a simple test pattern to detect flipping\n        if shape == (4, 64, 64, 3) or shape == (32, 32, 1):\n            # Create an asymmetric test image\n            test_shape = (1, 5, 5, 3) if len(shape) == 4 else (5, 5, 1)\n            test_image = tf.zeros(test_shape, dtype=dtype)\n    \n            # Put a distinctive pattern on the left side\n            if len(test_shape) == 4:\n                test_image = tf.tensor_scatter_nd_update(\n                    test_image,\n                    [[0, 0, 0, 0], [0, 0, 1, 0], [0, 0, 2, 0]],\n                    [1.0, 1.0, 1.0] if dtype == tf.float32 else [255, 255, 255]\n                )\n            else:\n                test_image = tf.tensor_scatter_nd_update(\n                    test_image,\n                    [[0, 0, 0], [0, 1, 0], [0, 2, 0]],\n                    [1.0] if dtype == tf.float32 else [255]\n                )\n    \n            # Apply flip with fixed seed to get deterministic result\n            test_result = image_ops_impl.random_flip_left_right(test_image, seed=123)\n    \n            # Manually flip the image for comparison\n            manual_flip = tf.image.flip_left_right(test_image)\n    \n            # Check if result matches either original or flipped version\n            # This tests that the flip operation is correct when applied\n>           diff_original = tf.reduce_sum(tf.abs(test_result - test_image)).numpy()\n\ntests/test_tensorflow_python_ops_image_ops_impl.py:228: \n_ _ _ _ _ _ _ _ _ _ _ _ _ _ _ _ _ _ _ _ _ _ _ _ _ _ _ _ _ _ _ _ _ _ _ _ _ _ _ _ \n/opt/anaconda3/envs/testagent-experiment/lib/python3.10/site-packages/tensorflow/python/util/traceback_utils.py:153: in error_handler\n    raise e.with_traceback(filtered_tb) from None\n_ _ _ _ _ _ _ _ _ _ _ _ _ _ _ _ _ _ _ _ _ _ _ _ _ _ _ _ _ _ _ _ _ _ _ _ _ _ _ _ \n\ne = _NotOkStatusException(), name = None\n\n    def raise_from_not_ok_status(e, name):\n      e.message += (\" name: \" + name if name is not None else \"\")\n>     raise core._status_to_exception(e) from None  # pylint: disable=protected-access\nE     tensorflow.python.framework.errors_impl.InvalidArgumentError: Value for attr 'T' of uint8 is not in the list of allowed values: bfloat16, half, float, double, int8, int16, int32, int64\nE     \t; NodeDef: {{node Abs}}; Op<name=Abs; signature=x:T -> y:T; attr=T:type,allowed=[DT_BFLOAT16, DT_HALF, DT_FLOAT, DT_DOUBLE, DT_INT8, DT_INT16, DT_INT32, DT_INT64]> [Op:Abs]\n\n/opt/anaconda3/envs/testagent-experiment/lib/python3.10/site-packages/tensorflow/python/framework/ops.py:7164: InvalidArgumentError\n____________ test_random_flip_left_right_basic[dtype1-shape1-None] _____________\n\nset_random_seed = 42, dtype = tf.float32, shape = (32, 32, 1), seed = None\n\n    @pytest.mark.parametrize(\"dtype,shape,seed\", [\n        (tf.uint8, (4, 64, 64, 3), 42),  # Base case from test plan\n        (tf.float32, (32, 32, 1), None),  # Parameter extension: grayscale with None seed\n    ])\n    def test_random_flip_left_right_basic(set_random_seed, dtype, shape, seed):\n        \"\"\"Test random horizontal flip functionality.\"\"\"\n        # Create test image\n        if dtype == tf.uint8:\n            image = tf.constant(np.random.randint(0, 256, size=shape, dtype=np.uint8), dtype=dtype)\n        else:\n            image = tf.constant(np.random.uniform(0, 1, size=shape).astype(np.float32), dtype=dtype)\n    \n        # Apply random flip\n        result = image_ops_impl.random_flip_left_right(image, seed=seed)\n    \n        # Weak assertions (still needed)\n        assert_tensor_shape(result, shape)\n        assert_tensor_dtype(result, dtype)\n        assert_tensor_finite(result)\n        assert_basic_property(result, image)\n    \n        # Additional basic property: result should have same dimensions as input\n        for i in range(len(shape)):\n            assert result.shape[i] == image.shape[i], \\\n                f\"Dimension {i} mismatch: {result.shape[i]} vs {image.shape[i]}\"\n    \n        # Basic property: check value ranges based on dtype\n        if dtype == tf.uint8:\n            # For uint8 images, values should be in [0, 255] range\n            min_val = tf.reduce_min(result).numpy()\n            max_val = tf.reduce_max(result).numpy()\n            assert min_val >= 0 and max_val <= 255, \\\n                f\"uint8 values out of range: min={min_val}, max={max_val}\"\n    \n        # STRONG ASSERTIONS\n    \n        # 1. flip_correctness: Check that flip operation is correct when it happens\n        # To test flip correctness, we need to know if the image was actually flipped\n        # We can test by comparing with manual flip operation\n    \n        # Create a simple test pattern to detect flipping\n        if shape == (4, 64, 64, 3) or shape == (32, 32, 1):\n            # Create an asymmetric test image\n            test_shape = (1, 5, 5, 3) if len(shape) == 4 else (5, 5, 1)\n            test_image = tf.zeros(test_shape, dtype=dtype)\n    \n            # Put a distinctive pattern on the left side\n            if len(test_shape) == 4:\n                test_image = tf.tensor_scatter_nd_update(\n                    test_image,\n                    [[0, 0, 0, 0], [0, 0, 1, 0], [0, 0, 2, 0]],\n                    [1.0, 1.0, 1.0] if dtype == tf.float32 else [255, 255, 255]\n                )\n            else:\n>               test_image = tf.tensor_scatter_nd_update(\n                    test_image,\n                    [[0, 0, 0], [0, 1, 0], [0, 2, 0]],\n                    [1.0] if dtype == tf.float32 else [255]\n                )\n\ntests/test_tensorflow_python_ops_image_ops_impl.py:214: \n_ _ _ _ _ _ _ _ _ _ _ _ _ _ _ _ _ _ _ _ _ _ _ _ _ _ _ _ _ _ _ _ _ _ _ _ _ _ _ _ \n/opt/anaconda3/envs/testagent-experiment/lib/python3.10/site-packages/tensorflow/python/util/traceback_utils.py:153: in error_handler\n    raise e.with_traceback(filtered_tb) from None\n_ _ _ _ _ _ _ _ _ _ _ _ _ _ _ _ _ _ _ _ _ _ _ _ _ _ _ _ _ _ _ _ _ _ _ _ _ _ _ _ \n\nop_name = b'TensorScatterUpdate', num_outputs = 1\ninputs = [<tf.Tensor: shape=(5, 5, 1), dtype=float32, numpy=\narray([[[0.],\n        [0.],\n        [0.],\n        [0.],\n        [0... [0, 1, 0],\n       [0, 2, 0]], dtype=int32)>, <tf.Tensor: shape=(1,), dtype=float32, numpy=array([1.], dtype=float32)>]\nattrs = ('T', 1, 'Tindices', 3)\nctx = <tensorflow.python.eager.context.Context object at 0x15b0532b0>\nname = None\n\n    def quick_execute(op_name, num_outputs, inputs, attrs, ctx, name=None):\n      \"\"\"Execute a TensorFlow operation.\n    \n      Args:\n        op_name: Name of the TensorFlow operation (see REGISTER_OP in C++ code) to\n          execute.\n        num_outputs: The number of outputs of the operation to fetch. (Explicitly\n          provided instead of being inferred for performance reasons).\n        inputs: A list of inputs to the operation. Each entry should be a Tensor, or\n          a value which can be passed to the Tensor constructor to create one.\n        attrs: A tuple with alternating string attr names and attr values for this\n          operation.\n        ctx: The value of context.context().\n        name: Customized name for the operation.\n    \n      Returns:\n        List of output Tensor objects. The list is empty if there are no outputs\n    \n      Raises:\n        An exception on error.\n      \"\"\"\n      device_name = ctx.device_name\n      # pylint: disable=protected-access\n      try:\n        ctx.ensure_initialized()\n>       tensors = pywrap_tfe.TFE_Py_Execute(ctx._handle, device_name, op_name,\n                                            inputs, attrs, num_outputs)\nE                                           tensorflow.python.framework.errors_impl.InvalidArgumentError: Outer dimensions of indices and update must match. Indices shape: [3,3], updates shape:[1] [Op:TensorScatterUpdate]\n\n/opt/anaconda3/envs/testagent-experiment/lib/python3.10/site-packages/tensorflow/python/eager/execute.py:54: InvalidArgumentError\n________________________ test_non_max_suppression_basic ________________________\n\nset_random_seed = 42\n\n    def test_non_max_suppression_basic(set_random_seed):\n        \"\"\"Test non-max suppression functionality.\"\"\"\n        # Create test boxes and scores\n        # 10 boxes with format [y1, x1, y2, x2]\n        boxes = tf.constant([\n            [0.0, 0.0, 1.0, 1.0],    # Box 0 - score 0.9\n            [0.1, 0.1, 0.9, 0.9],    # Box 1 - score 0.8 (overlaps with box 0, IoU ~0.64)\n            [0.5, 0.5, 1.5, 1.5],    # Box 2 - score 0.7\n            [0.6, 0.6, 1.4, 1.4],    # Box 3 - score 0.6 (overlaps with box 2, IoU ~0.64)\n            [2.0, 2.0, 3.0, 3.0],    # Box 4 - score 0.5\n            [2.1, 2.1, 2.9, 2.9],    # Box 5 - score 0.4 (overlaps with box 4, IoU ~0.64)\n            [4.0, 4.0, 5.0, 5.0],    # Box 6 - score 0.3\n            [4.1, 4.1, 4.9, 4.9],    # Box 7 - score 0.2 (overlaps with box 6, IoU ~0.64)\n            [6.0, 6.0, 7.0, 7.0],    # Box 8 - score 0.1\n            [6.1, 6.1, 6.9, 6.9],    # Box 9 - score 0.05 (overlaps with box 8, IoU ~0.64)\n        ], dtype=tf.float32)\n    \n        # Create scores (higher scores should be selected first)\n        scores = tf.constant([0.9, 0.8, 0.7, 0.6, 0.5, 0.4, 0.3, 0.2, 0.1, 0.05], dtype=tf.float32)\n    \n        # Apply non-max suppression with max_output_size = 5\n        max_output_size = 5\n        selected_indices = image_ops_impl.non_max_suppression(\n            boxes, scores, max_output_size, iou_threshold=0.5\n        )\n    \n        # Weak assertions (still needed)\n        # Check output is a tensor\n        assert isinstance(selected_indices, tf.Tensor), \\\n            f\"Expected tf.Tensor, got {type(selected_indices)}\"\n    \n        # Check dtype is int32\n        assert selected_indices.dtype == tf.int32, \\\n            f\"Expected dtype int32, got {selected_indices.dtype}\"\n    \n        # Check shape is 1D\n        assert len(selected_indices.shape) == 1, \\\n            f\"Expected 1D tensor, got shape {selected_indices.shape}\"\n    \n        # Check output size <= max_output_size\n        output_size = selected_indices.shape[0]\n        assert output_size <= max_output_size, \\\n            f\"Output size {output_size} exceeds max_output_size {max_output_size}\"\n    \n        # Check indices are within valid range\n        indices_np = selected_indices.numpy()\n        for idx in indices_np:\n            assert 0 <= idx < boxes.shape[0], \\\n                f\"Index {idx} out of range [0, {boxes.shape[0]})\"\n    \n        # Check indices are unique\n        unique_indices = set(indices_np)\n        assert len(unique_indices) == len(indices_np), \\\n            f\"Duplicate indices found: {indices_np}\"\n    \n        # STRONG ASSERTIONS\n    \n        # 1. nms_correctness: Verify NMS algorithm correctness\n        # With IoU threshold 0.5, overlapping boxes with IoU > 0.5 should be suppressed\n        # Each pair (0,1), (2,3), (4,5), (6,7), (8,9) has IoU ~0.64 > 0.5\n        # So only the highest scoring box from each pair should be selected\n    \n        # Expected: boxes 0, 2, 4, 6, 8 (highest score from each overlapping pair)\n        # But limited to max_output_size = 5, so all 5 should be selected\n        expected_indices = {0, 2, 4, 6, 8}\n        selected_set = set(indices_np)\n    \n        # Check that selected indices match expected (order may vary)\n        assert selected_set == expected_indices, \\\n            f\"NMS correctness failed: selected {selected_set}, expected {expected_indices}\"\n    \n        # 2. iou_threshold: Test with different IoU thresholds\n        # With iou_threshold = 0.0, no boxes should overlap (all boxes have IoU > 0 with themselves)\n        # But NMS compares boxes with higher scores, so only box 0 should be selected\n        selected_indices_strict = image_ops_impl.non_max_suppression(\n            boxes, scores, max_output_size, iou_threshold=0.0\n        )\n    \n        # Check output is valid\n        assert isinstance(selected_indices_strict, tf.Tensor)\n        assert selected_indices_strict.dtype == tf.int32\n        assert len(selected_indices_strict.shape) == 1\n    \n        # With iou_threshold = 0.0, only the highest scoring box should be selected\n        # (or possibly more if max_output_size allows, but overlapping boxes have IoU > 0)\n        strict_indices = selected_indices_strict.numpy()\n        assert len(strict_indices) >= 1, \"At least one box should be selected with iou_threshold=0.0\"\n        assert 0 in strict_indices, \"Box 0 (highest score) should be selected with iou_threshold=0.0\"\n    \n        # With iou_threshold = 1.0, all boxes should be allowed (but limited by max_output_size)\n        selected_indices_lenient = image_ops_impl.non_max_suppression(\n            boxes, scores, max_output_size, iou_threshold=1.0\n        )\n    \n        # Check output is valid\n        assert isinstance(selected_indices_lenient, tf.Tensor)\n        assert selected_indices_lenient.dtype == tf.int32\n        assert len(selected_indices_lenient.shape) == 1\n    \n        lenient_indices = selected_indices_lenient.numpy()\n        # With iou_threshold=1.0, all boxes can be selected (up to max_output_size)\n        # Should select boxes 0, 1, 2, 3, 4 (top 5 scores)\n        expected_lenient = {0, 1, 2, 3, 4}\n        lenient_set = set(lenient_indices)\n    \n        # Check that we got the top 5 scores\n        assert lenient_set == expected_lenient, \\\n            f\"With iou_threshold=1.0, expected top 5 scores: {expected_lenient}, got {lenient_set}\"\n    \n        # Test with intermediate iou_threshold = 0.6\n        # Box pairs have IoU ~0.64, so with threshold 0.6 they should still be suppressed\n        selected_indices_06 = image_ops_impl.non_max_suppression(\n            boxes, scores, max_output_size, iou_threshold=0.6\n        )\n    \n        indices_06 = selected_indices_06.numpy()\n        set_06 = set(indices_06)\n        # Should still get boxes 0, 2, 4, 6, 8 (IoU ~0.64 > 0.6)\n        assert set_06 == expected_indices, \\\n            f\"With iou_threshold=0.6, expected {expected_indices}, got {set_06}\"\n    \n        # Test with iou_threshold = 0.7\n        # Box pairs have IoU ~0.64 < 0.7, so all boxes can be selected (up to max_output_size)\n        selected_indices_07 = image_ops_impl.non_max_suppression(\n            boxes, scores, max_output_size, iou_threshold=0.7\n        )\n    \n        indices_07 = selected_indices_07.numpy()\n        set_07 = set(indices_07)\n        # Should get top 5 scores: 0, 1, 2, 3, 4\n        assert set_07 == expected_lenient, \\\n            f\"With iou_threshold=0.7, expected {expected_lenient}, got {set_07}\"\n    \n        # 3. score_ordering: Verify selected indices are sorted by score (descending)\n        # Get the scores of selected boxes\n        selected_scores = tf.gather(scores, selected_indices).numpy()\n    \n        # Check scores are in strictly non-increasing order\n        for i in range(len(selected_scores) - 1):\n            assert selected_scores[i] >= selected_scores[i + 1], \\\n                f\"Scores not in descending order: {selected_scores[i]} < {selected_scores[i + 1]}\"\n    \n        # Verify the actual order matches score order\n        # With our test data and iou_threshold=0.5, we should get boxes in order: 0, 2, 4, 6, 8\n        expected_order = [0, 2, 4, 6, 8]\n    \n        # Check order matches (NMS should return indices in score-descending order)\n        for i, idx in enumerate(indices_np):\n            expected_idx = expected_order[i]\n            assert idx == expected_idx, \\\n                f\"Score ordering failed at position {i}: got {idx}, expected {expected_idx}\"\n    \n        # Additional strong assertion: test with score_threshold\n        selected_indices_threshold = image_ops_impl.non_max_suppression(\n            boxes, scores, max_output_size, iou_threshold=0.5, score_threshold=0.5\n        )\n    \n        # Check output is valid\n        assert isinstance(selected_indices_threshold, tf.Tensor)\n        assert selected_indices_threshold.dtype == tf.int32\n        assert len(selected_indices_threshold.shape) == 1\n    \n        # All selected scores should be >= score_threshold\n        if selected_indices_threshold.shape[0] > 0:\n            threshold_scores = tf.gather(scores, selected_indices_threshold).numpy()\n            for score in threshold_scores:\n                assert score >= 0.5, f\"Score {score} below threshold 0.5\"\n    \n        # With score_threshold=0.5, boxes 0, 2, 4 should be selected (scores 0.9, 0.7, 0.5)\n        # Boxes 6 and 8 have scores 0.3 and 0.1 < 0.5\n        threshold_indices = selected_indices_threshold.numpy()\n        threshold_set = set(threshold_indices)\n        expected_threshold = {0, 2, 4}\n    \n>       assert threshold_set == expected_threshold, \\\n            f\"With score_threshold=0.5, expected {expected_threshold}, got {threshold_set}\"\nE       AssertionError: With score_threshold=0.5, expected {0, 2, 4}, got {0, 2}\nE       assert {0, 2} == {0, 2, 4}\nE         \nE         Extra items in the right set:\nE         4\nE         Use -v to get more diff\n\ntests/test_tensorflow_python_ops_image_ops_impl.py:987: AssertionError\n=============================== warnings summary ===============================\n../../../../../../../../opt/anaconda3/envs/testagent-experiment/lib/python3.10/site-packages/tensorflow/core/framework/tensor_shape_pb2.py:18\n  /opt/anaconda3/envs/testagent-experiment/lib/python3.10/site-packages/tensorflow/core/framework/tensor_shape_pb2.py:18: DeprecationWarning: Call to deprecated create function FileDescriptor(). Note: Create unlinked descriptors is going to go away. Please use get/find descriptors from generated code or query the descriptor_pool.\n    DESCRIPTOR = _descriptor.FileDescriptor(\n\n../../../../../../../../opt/anaconda3/envs/testagent-experiment/lib/python3.10/site-packages/tensorflow/core/framework/tensor_shape_pb2.py:36\n  /opt/anaconda3/envs/testagent-experiment/lib/python3.10/site-packages/tensorflow/core/framework/tensor_shape_pb2.py:36: DeprecationWarning: Call to deprecated create function FieldDescriptor(). Note: Create unlinked descriptors is going to go away. Please use get/find descriptors from generated code or query the descriptor_pool.\n    _descriptor.FieldDescriptor(\n\n../../../../../../../../opt/anaconda3/envs/testagent-experiment/lib/python3.10/site-packages/tensorflow/core/framework/tensor_shape_pb2.py:43\n  /opt/anaconda3/envs/testagent-experiment/lib/python3.10/site-packages/tensorflow/core/framework/tensor_shape_pb2.py:43: DeprecationWarning: Call to deprecated create function FieldDescriptor(). Note: Create unlinked descriptors is going to go away. Please use get/find descriptors from generated code or query the descriptor_pool.\n    _descriptor.FieldDescriptor(\n\n../../../../../../../../opt/anaconda3/envs/testagent-experiment/lib/python3.10/site-packages/tensorflow/core/framework/tensor_shape_pb2.py:29\n  /opt/anaconda3/envs/testagent-experiment/lib/python3.10/site-packages/tensorflow/core/framework/tensor_shape_pb2.py:29: DeprecationWarning: Call to deprecated create function Descriptor(). Note: Create unlinked descriptors is going to go away. Please use get/find descriptors from generated code or query the descriptor_pool.\n    _TENSORSHAPEPROTO_DIM = _descriptor.Descriptor(\n\n../../../../../../../../opt/anaconda3/envs/testagent-experiment/lib/python3.10/site-packages/tensorflow/core/framework/tensor_shape_pb2.py:73\n  /opt/anaconda3/envs/testagent-experiment/lib/python3.10/site-packages/tensorflow/core/framework/tensor_shape_pb2.py:73: DeprecationWarning: Call to deprecated create function FieldDescriptor(). Note: Create unlinked descriptors is going to go away. Please use get/find descriptors from generated code or query the descriptor_pool.\n    _descriptor.FieldDescriptor(\n\n../../../../../../../../opt/anaconda3/envs/testagent-experiment/lib/python3.10/site-packages/tensorflow/core/framework/tensor_shape_pb2.py:80\n  /opt/anaconda3/envs/testagent-experiment/lib/python3.10/site-packages/tensorflow/core/framework/tensor_shape_pb2.py:80: DeprecationWarning: Call to deprecated create function FieldDescriptor(). Note: Create unlinked descriptors is going to go away. Please use get/find descriptors from generated code or query the descriptor_pool.\n    _descriptor.FieldDescriptor(\n\n../../../../../../../../opt/anaconda3/envs/testagent-experiment/lib/python3.10/site-packages/tensorflow/core/framework/tensor_shape_pb2.py:66\n  /opt/anaconda3/envs/testagent-experiment/lib/python3.10/site-packages/tensorflow/core/framework/tensor_shape_pb2.py:66: DeprecationWarning: Call to deprecated create function Descriptor(). Note: Create unlinked descriptors is going to go away. Please use get/find descriptors from generated code or query the descriptor_pool.\n    _TENSORSHAPEPROTO = _descriptor.Descriptor(\n\n../../../../../../../../opt/anaconda3/envs/testagent-experiment/lib/python3.10/site-packages/tensorflow/core/framework/types_pb2.py:19\n  /opt/anaconda3/envs/testagent-experiment/lib/python3.10/site-packages/tensorflow/core/framework/types_pb2.py:19: DeprecationWarning: Call to deprecated create function FileDescriptor(). Note: Create unlinked descriptors is going to go away. Please use get/find descriptors from generated code or query the descriptor_pool.\n    DESCRIPTOR = _descriptor.FileDescriptor(\n\n../../../../../../../../opt/anaconda3/envs/testagent-experiment/lib/python3.10/site-packages/tensorflow/core/framework/types_pb2.py:33\n  /opt/anaconda3/envs/testagent-experiment/lib/python3.10/site-packages/tensorflow/core/framework/types_pb2.py:33: DeprecationWarning: Call to deprecated create function EnumValueDescriptor(). Note: Create unlinked descriptors is going to go away. Please use get/find descriptors from generated code or query the descriptor_pool.\n    _descriptor.EnumValueDescriptor(\n\n../../../../../../../../opt/anaconda3/envs/testagent-experiment/lib/python3.10/site-packages/tensorflow/core/framework/types_pb2.py:37\n  /opt/anaconda3/envs/testagent-experiment/lib/python3.10/site-packages/tensorflow/core/framework/types_pb2.py:37: DeprecationWarning: Call to deprecated create function EnumValueDescriptor(). Note: Create unlinked descriptors is going to go away. Please use get/find descriptors from generated code or query the descriptor_pool.\n    _descriptor.EnumValueDescriptor(\n\n../../../../../../../../opt/anaconda3/envs/testagent-experiment/lib/python3.10/site-packages/tensorflow/core/framework/types_pb2.py:41\n  /opt/anaconda3/envs/testagent-experiment/lib/python3.10/site-packages/tensorflow/core/framework/types_pb2.py:41: DeprecationWarning: Call to deprecated create function EnumValueDescriptor(). Note: Create unlinked descriptors is going to go away. Please use get/find descriptors from generated code or query the descriptor_pool.\n    _descriptor.EnumValueDescriptor(\n\n../../../../../../../../opt/anaconda3/envs/testagent-experiment/lib/python3.10/site-packages/tensorflow/core/framework/types_pb2.py:45\n  /opt/anaconda3/envs/testagent-experiment/lib/python3.10/site-packages/tensorflow/core/framework/types_pb2.py:45: DeprecationWarning: Call to deprecated create function EnumValueDescriptor(). Note: Create unlinked descriptors is going to go away. Please use get/find descriptors from generated code or query the descriptor_pool.\n    _descriptor.EnumValueDescriptor(\n\n../../../../../../../../opt/anaconda3/envs/testagent-experiment/lib/python3.10/site-packages/tensorflow/core/framework/types_pb2.py:49\n  /opt/anaconda3/envs/testagent-experiment/lib/python3.10/site-packages/tensorflow/core/framework/types_pb2.py:49: DeprecationWarning: Call to deprecated create function EnumValueDescriptor(). Note: Create unlinked descriptors is going to go away. Please use get/find descriptors from generated code or query the descriptor_pool.\n    _descriptor.EnumValueDescriptor(\n\n../../../../../../../../opt/anaconda3/envs/testagent-experiment/lib/python3.10/site-packages/tensorflow/core/framework/types_pb2.py:53\n  /opt/anaconda3/envs/testagent-experiment/lib/python3.10/site-packages/tensorflow/core/framework/types_pb2.py:53: DeprecationWarning: Call to deprecated create function EnumValueDescriptor(). Note: Create unlinked descriptors is going to go away. Please use get/find descriptors from generated code or query the descriptor_pool.\n    _descriptor.EnumValueDescriptor(\n\n../../../../../../../../opt/anaconda3/envs/testagent-experiment/lib/python3.10/site-packages/tensorflow/core/framework/types_pb2.py:57\n  /opt/anaconda3/envs/testagent-experiment/lib/python3.10/site-packages/tensorflow/core/framework/types_pb2.py:57: DeprecationWarning: Call to deprecated create function EnumValueDescriptor(). Note: Create unlinked descriptors is going to go away. Please use get/find descriptors from generated code or query the descriptor_pool.\n    _descriptor.EnumValueDescriptor(\n\n../../../../../../../../opt/anaconda3/envs/testagent-experiment/lib/python3.10/site-packages/tensorflow/core/framework/types_pb2.py:61\n  /opt/anaconda3/envs/testagent-experiment/lib/python3.10/site-packages/tensorflow/core/framework/types_pb2.py:61: DeprecationWarning: Call to deprecated create function EnumValueDescriptor(). Note: Create unlinked descriptors is going to go away. Please use get/find descriptors from generated code or query the descriptor_pool.\n    _descriptor.EnumValueDescriptor(\n\n../../../../../../../../opt/anaconda3/envs/testagent-experiment/lib/python3.10/site-packages/tensorflow/core/framework/types_pb2.py:65\n  /opt/anaconda3/envs/testagent-experiment/lib/python3.10/site-packages/tensorflow/core/framework/types_pb2.py:65: DeprecationWarning: Call to deprecated create function EnumValueDescriptor(). Note: Create unlinked descriptors is going to go away. Please use get/find descriptors from generated code or query the descriptor_pool.\n    _descriptor.EnumValueDescriptor(\n\n../../../../../../../../opt/anaconda3/envs/testagent-experiment/lib/python3.10/site-packages/tensorflow/core/framework/types_pb2.py:69\n  /opt/anaconda3/envs/testagent-experiment/lib/python3.10/site-packages/tensorflow/core/framework/types_pb2.py:69: DeprecationWarning: Call to deprecated create function EnumValueDescriptor(). Note: Create unlinked descriptors is going to go away. Please use get/find descriptors from generated code or query the descriptor_pool.\n    _descriptor.EnumValueDescriptor(\n\n../../../../../../../../opt/anaconda3/envs/testagent-experiment/lib/python3.10/site-packages/tensorflow/core/framework/types_pb2.py:73\n  /opt/anaconda3/envs/testagent-experiment/lib/python3.10/site-packages/tensorflow/core/framework/types_pb2.py:73: DeprecationWarning: Call to deprecated create function EnumValueDescriptor(). Note: Create unlinked descriptors is going to go away. Please use get/find descriptors from generated code or query the descriptor_pool.\n    _descriptor.EnumValueDescriptor(\n\n../../../../../../../../opt/anaconda3/envs/testagent-experiment/lib/python3.10/site-packages/tensorflow/core/framework/types_pb2.py:77\n  /opt/anaconda3/envs/testagent-experiment/lib/python3.10/site-packages/tensorflow/core/framework/types_pb2.py:77: DeprecationWarning: Call to deprecated create function EnumValueDescriptor(). Note: Create unlinked descriptors is going to go away. Please use get/find descriptors from generated code or query the descriptor_pool.\n    _descriptor.EnumValueDescriptor(\n\n../../../../../../../../opt/anaconda3/envs/testagent-experiment/lib/python3.10/site-packages/tensorflow/core/framework/types_pb2.py:81\n  /opt/anaconda3/envs/testagent-experiment/lib/python3.10/site-packages/tensorflow/core/framework/types_pb2.py:81: DeprecationWarning: Call to deprecated create function EnumValueDescriptor(). Note: Create unlinked descriptors is going to go away. Please use get/find descriptors from generated code or query the descriptor_pool.\n    _descriptor.EnumValueDescriptor(\n\n../../../../../../../../opt/anaconda3/envs/testagent-experiment/lib/python3.10/site-packages/tensorflow/core/framework/types_pb2.py:85\n  /opt/anaconda3/envs/testagent-experiment/lib/python3.10/site-packages/tensorflow/core/framework/types_pb2.py:85: DeprecationWarning: Call to deprecated create function EnumValueDescriptor(). Note: Create unlinked descriptors is going to go away. Please use get/find descriptors from generated code or query the descriptor_pool.\n    _descriptor.EnumValueDescriptor(\n\n../../../../../../../../opt/anaconda3/envs/testagent-experiment/lib/python3.10/site-packages/tensorflow/core/framework/types_pb2.py:89\n  /opt/anaconda3/envs/testagent-experiment/lib/python3.10/site-packages/tensorflow/core/framework/types_pb2.py:89: DeprecationWarning: Call to deprecated create function EnumValueDescriptor(). Note: Create unlinked descriptors is going to go away. Please use get/find descriptors from generated code or query the descriptor_pool.\n    _descriptor.EnumValueDescriptor(\n\n../../../../../../../../opt/anaconda3/envs/testagent-experiment/lib/python3.10/site-packages/tensorflow/core/framework/types_pb2.py:93\n  /opt/anaconda3/envs/testagent-experiment/lib/python3.10/site-packages/tensorflow/core/framework/types_pb2.py:93: DeprecationWarning: Call to deprecated create function EnumValueDescriptor(). Note: Create unlinked descriptors is going to go away. Please use get/find descriptors from generated code or query the descriptor_pool.\n    _descriptor.EnumValueDescriptor(\n\n../../../../../../../../opt/anaconda3/envs/testagent-experiment/lib/python3.10/site-packages/tensorflow/core/framework/types_pb2.py:97\n  /opt/anaconda3/envs/testagent-experiment/lib/python3.10/site-packages/tensorflow/core/framework/types_pb2.py:97: DeprecationWarning: Call to deprecated create function EnumValueDescriptor(). Note: Create unlinked descriptors is going to go away. Please use get/find descriptors from generated code or query the descriptor_pool.\n    _descriptor.EnumValueDescriptor(\n\n../../../../../../../../opt/anaconda3/envs/testagent-experiment/lib/python3.10/site-packages/tensorflow/core/framework/types_pb2.py:101\n  /opt/anaconda3/envs/testagent-experiment/lib/python3.10/site-packages/tensorflow/core/framework/types_pb2.py:101: DeprecationWarning: Call to deprecated create function EnumValueDescriptor(). Note: Create unlinked descriptors is going to go away. Please use get/find descriptors from generated code or query the descriptor_pool.\n    _descriptor.EnumValueDescriptor(\n\n../../../../../../../../opt/anaconda3/envs/testagent-experiment/lib/python3.10/site-packages/tensorflow/core/framework/types_pb2.py:105\n  /opt/anaconda3/envs/testagent-experiment/lib/python3.10/site-packages/tensorflow/core/framework/types_pb2.py:105: DeprecationWarning: Call to deprecated create function EnumValueDescriptor(). Note: Create unlinked descriptors is going to go away. Please use get/find descriptors from generated code or query the descriptor_pool.\n    _descriptor.EnumValueDescriptor(\n\n../../../../../../../../opt/anaconda3/envs/testagent-experiment/lib/python3.10/site-packages/tensorflow/core/framework/types_pb2.py:109\n  /opt/anaconda3/envs/testagent-experiment/lib/python3.10/site-packages/tensorflow/core/framework/types_pb2.py:109: DeprecationWarning: Call to deprecated create function EnumValueDescriptor(). Note: Create unlinked descriptors is going to go away. Please use get/find descriptors from generated code or query the descriptor_pool.\n    _descriptor.EnumValueDescriptor(\n\n../../../../../../../../opt/anaconda3/envs/testagent-experiment/lib/python3.10/site-packages/tensorflow/core/framework/types_pb2.py:113\n  /opt/anaconda3/envs/testagent-experiment/lib/python3.10/site-packages/tensorflow/core/framework/types_pb2.py:113: DeprecationWarning: Call to deprecated create function EnumValueDescriptor(). Note: Create unlinked descriptors is going to go away. Please use get/find descriptors from generated code or query the descriptor_pool.\n    _descriptor.EnumValueDescriptor(\n\n../../../../../../../../opt/anaconda3/envs/testagent-experiment/lib/python3.10/site-packages/tensorflow/core/framework/types_pb2.py:117\n  /opt/anaconda3/envs/testagent-experiment/lib/python3.10/site-packages/tensorflow/core/framework/types_pb2.py:117: DeprecationWarning: Call to deprecated create function EnumValueDescriptor(). Note: Create unlinked descriptors is going to go away. Please use get/find descriptors from generated code or query the descriptor_pool.\n    _descriptor.EnumValueDescriptor(\n\n../../../../../../../../opt/anaconda3/envs/testagent-experiment/lib/python3.10/site-packages/tensorflow/core/framework/types_pb2.py:121\n  /opt/anaconda3/envs/testagent-experiment/lib/python3.10/site-packages/tensorflow/core/framework/types_pb2.py:121: DeprecationWarning: Call to deprecated create function EnumValueDescriptor(). Note: Create unlinked descriptors is going to go away. Please use get/find descriptors from generated code or query the descriptor_pool.\n    _descriptor.EnumValueDescriptor(\n\n../../../../../../../../opt/anaconda3/envs/testagent-experiment/lib/python3.10/site-packages/tensorflow/core/framework/types_pb2.py:125\n  /opt/anaconda3/envs/testagent-experiment/lib/python3.10/site-packages/tensorflow/core/framework/types_pb2.py:125: DeprecationWarning: Call to deprecated create function EnumValueDescriptor(). Note: Create unlinked descriptors is going to go away. Please use get/find descriptors from generated code or query the descriptor_pool.\n    _descriptor.EnumValueDescriptor(\n\n../../../../../../../../opt/anaconda3/envs/testagent-experiment/lib/python3.10/site-packages/tensorflow/core/framework/types_pb2.py:129\n  /opt/anaconda3/envs/testagent-experiment/lib/python3.10/site-packages/tensorflow/core/framework/types_pb2.py:129: DeprecationWarning: Call to deprecated create function EnumValueDescriptor(). Note: Create unlinked descriptors is going to go away. Please use get/find descriptors from generated code or query the descriptor_pool.\n    _descriptor.EnumValueDescriptor(\n\n../../../../../../../../opt/anaconda3/envs/testagent-experiment/lib/python3.10/site-packages/tensorflow/core/framework/types_pb2.py:133\n  /opt/anaconda3/envs/testagent-experiment/lib/python3.10/site-packages/tensorflow/core/framework/types_pb2.py:133: DeprecationWarning: Call to deprecated create function EnumValueDescriptor(). Note: Create unlinked descriptors is going to go away. Please use get/find descriptors from generated code or query the descriptor_pool.\n    _descriptor.EnumValueDescriptor(\n\n../../../../../../../../opt/anaconda3/envs/testagent-experiment/lib/python3.10/site-packages/tensorflow/core/framework/types_pb2.py:137\n  /opt/anaconda3/envs/testagent-experiment/lib/python3.10/site-packages/tensorflow/core/framework/types_pb2.py:137: DeprecationWarning: Call to deprecated create function EnumValueDescriptor(). Note: Create unlinked descriptors is going to go away. Please use get/find descriptors from generated code or query the descriptor_pool.\n    _descriptor.EnumValueDescriptor(\n\n../../../../../../../../opt/anaconda3/envs/testagent-experiment/lib/python3.10/site-packages/tensorflow/core/framework/types_pb2.py:141\n  /opt/anaconda3/envs/testagent-experiment/lib/python3.10/site-packages/tensorflow/core/framework/types_pb2.py:141: DeprecationWarning: Call to deprecated create function EnumValueDescriptor(). Note: Create unlinked descriptors is going to go away. Please use get/find descriptors from generated code or query the descriptor_pool.\n    _descriptor.EnumValueDescriptor(\n\n../../../../../../../../opt/anaconda3/envs/testagent-experiment/lib/python3.10/site-packages/tensorflow/core/framework/types_pb2.py:145\n  /opt/anaconda3/envs/testagent-experiment/lib/python3.10/site-packages/tensorflow/core/framework/types_pb2.py:145: DeprecationWarning: Call to deprecated create function EnumValueDescriptor(). Note: Create unlinked descriptors is going to go away. Please use get/find descriptors from generated code or query the descriptor_pool.\n    _descriptor.EnumValueDescriptor(\n\n../../../../../../../../opt/anaconda3/envs/testagent-experiment/lib/python3.10/site-packages/tensorflow/core/framework/types_pb2.py:149\n  /opt/anaconda3/envs/testagent-experiment/lib/python3.10/site-packages/tensorflow/core/framework/types_pb2.py:149: DeprecationWarning: Call to deprecated create function EnumValueDescriptor(). Note: Create unlinked descriptors is going to go away. Please use get/find descriptors from generated code or query the descriptor_pool.\n    _descriptor.EnumValueDescriptor(\n\n../../../../../../../../opt/anaconda3/envs/testagent-experiment/lib/python3.10/site-packages/tensorflow/core/framework/types_pb2.py:153\n  /opt/anaconda3/envs/testagent-experiment/lib/python3.10/site-packages/tensorflow/core/framework/types_pb2.py:153: DeprecationWarning: Call to deprecated create function EnumValueDescriptor(). Note: Create unlinked descriptors is going to go away. Please use get/find descriptors from generated code or query the descriptor_pool.\n    _descriptor.EnumValueDescriptor(\n\n../../../../../../../../opt/anaconda3/envs/testagent-experiment/lib/python3.10/site-packages/tensorflow/core/framework/types_pb2.py:157\n  /opt/anaconda3/envs/testagent-experiment/lib/python3.10/site-packages/tensorflow/core/framework/types_pb2.py:157: DeprecationWarning: Call to deprecated create function EnumValueDescriptor(). Note: Create unlinked descriptors is going to go away. Please use get/find descriptors from generated code or query the descriptor_pool.\n    _descriptor.EnumValueDescriptor(\n\n../../../../../../../../opt/anaconda3/envs/testagent-experiment/lib/python3.10/site-packages/tensorflow/core/framework/types_pb2.py:161\n  /opt/anaconda3/envs/testagent-experiment/lib/python3.10/site-packages/tensorflow/core/framework/types_pb2.py:161: DeprecationWarning: Call to deprecated create function EnumValueDescriptor(). Note: Create unlinked descriptors is going to go away. Please use get/find descriptors from generated code or query the descriptor_pool.\n    _descriptor.EnumValueDescriptor(\n\n../../../../../../../../opt/anaconda3/envs/testagent-experiment/lib/python3.10/site-packages/tensorflow/core/framework/types_pb2.py:165\n  /opt/anaconda3/envs/testagent-experiment/lib/python3.10/site-packages/tensorflow/core/framework/types_pb2.py:165: DeprecationWarning: Call to deprecated create function EnumValueDescriptor(). Note: Create unlinked descriptors is going to go away. Please use get/find descriptors from generated code or query the descriptor_pool.\n    _descriptor.EnumValueDescriptor(\n\n../../../../../../../../opt/anaconda3/envs/testagent-experiment/lib/python3.10/site-packages/tensorflow/core/framework/types_pb2.py:169\n  /opt/anaconda3/envs/testagent-experiment/lib/python3.10/site-packages/tensorflow/core/framework/types_pb2.py:169: DeprecationWarning: Call to deprecated create function EnumValueDescriptor(). Note: Create unlinked descriptors is going to go away. Please use get/find descriptors from generated code or query the descriptor_pool.\n    _descriptor.EnumValueDescriptor(\n\n../../../../../../../../opt/anaconda3/envs/testagent-experiment/lib/python3.10/site-packages/tensorflow/core/framework/types_pb2.py:173\n  /opt/anaconda3/envs/testagent-experiment/lib/python3.10/site-packages/tensorflow/core/framework/types_pb2.py:173: DeprecationWarning: Call to deprecated create function EnumValueDescriptor(). Note: Create unlinked descriptors is going to go away. Please use get/find descriptors from generated code or query the descriptor_pool.\n    _descriptor.EnumValueDescriptor(\n\n../../../../../../../../opt/anaconda3/envs/testagent-experiment/lib/python3.10/site-packages/tensorflow/core/framework/types_pb2.py:177\n  /opt/anaconda3/envs/testagent-experiment/lib/python3.10/site-packages/tensorflow/core/framework/types_pb2.py:177: DeprecationWarning: Call to deprecated create function EnumValueDescriptor(). Note: Create unlinked descriptors is going to go away. Please use get/find descriptors from generated code or query the descriptor_pool.\n    _descriptor.EnumValueDescriptor(\n\n../../../../../../../../opt/anaconda3/envs/testagent-experiment/lib/python3.10/site-packages/tensorflow/core/framework/types_pb2.py:181\n  /opt/anaconda3/envs/testagent-experiment/lib/python3.10/site-packages/tensorflow/core/framework/types_pb2.py:181: DeprecationWarning: Call to deprecated create function EnumValueDescriptor(). Note: Create unlinked descriptors is going to go away. Please use get/find descriptors from generated code or query the descriptor_pool.\n    _descriptor.EnumValueDescriptor(\n\n../../../../../../../../opt/anaconda3/envs/testagent-experiment/lib/python3.10/site-packages/tensorflow/core/framework/types_pb2.py:185\n  /opt/anaconda3/envs/testagent-experiment/lib/python3.10/site-packages/tensorflow/core/framework/types_pb2.py:185: DeprecationWarning: Call to deprecated create function EnumValueDescriptor(). Note: Create unlinked descriptors is going to go away. Please use get/find descriptors from generated code or query the descriptor_pool.\n    _descriptor.EnumValueDescriptor(\n\n../../../../../../../../opt/anaconda3/envs/testagent-experiment/lib/python3.10/site-packages/tensorflow/core/framework/types_pb2.py:189\n  /opt/anaconda3/envs/testagent-experiment/lib/python3.10/site-packages/tensorflow/core/framework/types_pb2.py:189: DeprecationWarning: Call to deprecated create function EnumValueDescriptor(). Note: Create unlinked descriptors is going to go away. Please use get/find descriptors from generated code or query the descriptor_pool.\n    _descriptor.EnumValueDescriptor(\n\n../../../../../../../../opt/anaconda3/envs/testagent-experiment/lib/python3.10/site-packages/tensorflow/core/framework/types_pb2.py:193\n  /opt/anaconda3/envs/testagent-experiment/lib/python3.10/site-packages/tensorflow/core/framework/types_pb2.py:193: DeprecationWarning: Call to deprecated create function EnumValueDescriptor(). Note: Create unlinked descriptors is going to go away. Please use get/find descriptors from generated code or query the descriptor_pool.\n    _descriptor.EnumValueDescriptor(\n\n../../../../../../../../opt/anaconda3/envs/testagent-experiment/lib/python3.10/site-packages/tensorflow/core/framework/types_pb2.py:197\n  /opt/anaconda3/envs/testagent-experiment/lib/python3.10/site-packages/tensorflow/core/framework/types_pb2.py:197: DeprecationWarning: Call to deprecated create function EnumValueDescriptor(). Note: Create unlinked descriptors is going to go away. Please use get/find descriptors from generated code or query the descriptor_pool.\n    _descriptor.EnumValueDescriptor(\n\n../../../../../../../../opt/anaconda3/envs/testagent-experiment/lib/python3.10/site-packages/tensorflow/core/framework/types_pb2.py:201\n  /opt/anaconda3/envs/testagent-experiment/lib/python3.10/site-packages/tensorflow/core/framework/types_pb2.py:201: DeprecationWarning: Call to deprecated create function EnumValueDescriptor(). Note: Create unlinked descriptors is going to go away. Please use get/find descriptors from generated code or query the descriptor_pool.\n    _descriptor.EnumValueDescriptor(\n\n../../../../../../../../opt/anaconda3/envs/testagent-experiment/lib/python3.10/site-packages/tensorflow/core/framework/types_pb2.py:205\n  /opt/anaconda3/envs/testagent-experiment/lib/python3.10/site-packages/tensorflow/core/framework/types_pb2.py:205: DeprecationWarning: Call to deprecated create function EnumValueDescriptor(). Note: Create unlinked descriptors is going to go away. Please use get/find descriptors from generated code or query the descriptor_pool.\n    _descriptor.EnumValueDescriptor(\n\n../../../../../../../../opt/anaconda3/envs/testagent-experiment/lib/python3.10/site-packages/tensorflow/core/framework/types_pb2.py:209\n  /opt/anaconda3/envs/testagent-experiment/lib/python3.10/site-packages/tensorflow/core/framework/types_pb2.py:209: DeprecationWarning: Call to deprecated create function EnumValueDescriptor(). Note: Create unlinked descriptors is going to go away. Please use get/find descriptors from generated code or query the descriptor_pool.\n    _descriptor.EnumValueDescriptor(\n\n../../../../../../../../opt/anaconda3/envs/testagent-experiment/lib/python3.10/site-packages/tensorflow/core/framework/types_pb2.py:213\n  /opt/anaconda3/envs/testagent-experiment/lib/python3.10/site-packages/tensorflow/core/framework/types_pb2.py:213: DeprecationWarning: Call to deprecated create function EnumValueDescriptor(). Note: Create unlinked descriptors is going to go away. Please use get/find descriptors from generated code or query the descriptor_pool.\n    _descriptor.EnumValueDescriptor(\n\n../../../../../../../../opt/anaconda3/envs/testagent-experiment/lib/python3.10/site-packages/tensorflow/core/framework/types_pb2.py:217\n  /opt/anaconda3/envs/testagent-experiment/lib/python3.10/site-packages/tensorflow/core/framework/types_pb2.py:217: DeprecationWarning: Call to deprecated create function EnumValueDescriptor(). Note: Create unlinked descriptors is going to go away. Please use get/find descriptors from generated code or query the descriptor_pool.\n    _descriptor.EnumValueDescriptor(\n\n../../../../../../../../opt/anaconda3/envs/testagent-experiment/lib/python3.10/site-packages/tensorflow/core/framework/types_pb2.py:27\n  /opt/anaconda3/envs/testagent-experiment/lib/python3.10/site-packages/tensorflow/core/framework/types_pb2.py:27: DeprecationWarning: Call to deprecated create function EnumDescriptor(). Note: Create unlinked descriptors is going to go away. Please use get/find descriptors from generated code or query the descriptor_pool.\n    _DATATYPE = _descriptor.EnumDescriptor(\n\n../../../../../../../../opt/anaconda3/envs/testagent-experiment/lib/python3.10/site-packages/tensorflow/core/framework/resource_handle_pb2.py:20\n  /opt/anaconda3/envs/testagent-experiment/lib/python3.10/site-packages/tensorflow/core/framework/resource_handle_pb2.py:20: DeprecationWarning: Call to deprecated create function FileDescriptor(). Note: Create unlinked descriptors is going to go away. Please use get/find descriptors from generated code or query the descriptor_pool.\n    DESCRIPTOR = _descriptor.FileDescriptor(\n\n../../../../../../../../opt/anaconda3/envs/testagent-experiment/lib/python3.10/site-packages/tensorflow/core/framework/resource_handle_pb2.py:39\n  /opt/anaconda3/envs/testagent-experiment/lib/python3.10/site-packages/tensorflow/core/framework/resource_handle_pb2.py:39: DeprecationWarning: Call to deprecated create function FieldDescriptor(). Note: Create unlinked descriptors is going to go away. Please use get/find descriptors from generated code or query the descriptor_pool.\n    _descriptor.FieldDescriptor(\n\n../../../../../../../../opt/anaconda3/envs/testagent-experiment/lib/python3.10/site-packages/tensorflow/core/framework/resource_handle_pb2.py:46\n  /opt/anaconda3/envs/testagent-experiment/lib/python3.10/site-packages/tensorflow/core/framework/resource_handle_pb2.py:46: DeprecationWarning: Call to deprecated create function FieldDescriptor(). Note: Create unlinked descriptors is going to go away. Please use get/find descriptors from generated code or query the descriptor_pool.\n    _descriptor.FieldDescriptor(\n\n../../../../../../../../opt/anaconda3/envs/testagent-experiment/lib/python3.10/site-packages/tensorflow/core/framework/resource_handle_pb2.py:32\n  /opt/anaconda3/envs/testagent-experiment/lib/python3.10/site-packages/tensorflow/core/framework/resource_handle_pb2.py:32: DeprecationWarning: Call to deprecated create function Descriptor(). Note: Create unlinked descriptors is going to go away. Please use get/find descriptors from generated code or query the descriptor_pool.\n    _RESOURCEHANDLEPROTO_DTYPEANDSHAPE = _descriptor.Descriptor(\n\n../../../../../../../../opt/anaconda3/envs/testagent-experiment/lib/python3.10/site-packages/tensorflow/core/framework/resource_handle_pb2.py:76\n  /opt/anaconda3/envs/testagent-experiment/lib/python3.10/site-packages/tensorflow/core/framework/resource_handle_pb2.py:76: DeprecationWarning: Call to deprecated create function FieldDescriptor(). Note: Create unlinked descriptors is going to go away. Please use get/find descriptors from generated code or query the descriptor_pool.\n    _descriptor.FieldDescriptor(\n\n../../../../../../../../opt/anaconda3/envs/testagent-experiment/lib/python3.10/site-packages/tensorflow/core/framework/resource_handle_pb2.py:83\n  /opt/anaconda3/envs/testagent-experiment/lib/python3.10/site-packages/tensorflow/core/framework/resource_handle_pb2.py:83: DeprecationWarning: Call to deprecated create function FieldDescriptor(). Note: Create unlinked descriptors is going to go away. Please use get/find descriptors from generated code or query the descriptor_pool.\n    _descriptor.FieldDescriptor(\n\n../../../../../../../../opt/anaconda3/envs/testagent-experiment/lib/python3.10/site-packages/tensorflow/core/framework/resource_handle_pb2.py:90\n  /opt/anaconda3/envs/testagent-experiment/lib/python3.10/site-packages/tensorflow/core/framework/resource_handle_pb2.py:90: DeprecationWarning: Call to deprecated create function FieldDescriptor(). Note: Create unlinked descriptors is going to go away. Please use get/find descriptors from generated code or query the descriptor_pool.\n    _descriptor.FieldDescriptor(\n\n../../../../../../../../opt/anaconda3/envs/testagent-experiment/lib/python3.10/site-packages/tensorflow/core/framework/resource_handle_pb2.py:97\n  /opt/anaconda3/envs/testagent-experiment/lib/python3.10/site-packages/tensorflow/core/framework/resource_handle_pb2.py:97: DeprecationWarning: Call to deprecated create function FieldDescriptor(). Note: Create unlinked descriptors is going to go away. Please use get/find descriptors from generated code or query the descriptor_pool.\n    _descriptor.FieldDescriptor(\n\n../../../../../../../../opt/anaconda3/envs/testagent-experiment/lib/python3.10/site-packages/tensorflow/core/framework/resource_handle_pb2.py:104\n  /opt/anaconda3/envs/testagent-experiment/lib/python3.10/site-packages/tensorflow/core/framework/resource_handle_pb2.py:104: DeprecationWarning: Call to deprecated create function FieldDescriptor(). Note: Create unlinked descriptors is going to go away. Please use get/find descriptors from generated code or query the descriptor_pool.\n    _descriptor.FieldDescriptor(\n\n../../../../../../../../opt/anaconda3/envs/testagent-experiment/lib/python3.10/site-packages/tensorflow/core/framework/resource_handle_pb2.py:111\n  /opt/anaconda3/envs/testagent-experiment/lib/python3.10/site-packages/tensorflow/core/framework/resource_handle_pb2.py:111: DeprecationWarning: Call to deprecated create function FieldDescriptor(). Note: Create unlinked descriptors is going to go away. Please use get/find descriptors from generated code or query the descriptor_pool.\n    _descriptor.FieldDescriptor(\n\n../../../../../../../../opt/anaconda3/envs/testagent-experiment/lib/python3.10/site-packages/tensorflow/core/framework/resource_handle_pb2.py:69\n  /opt/anaconda3/envs/testagent-experiment/lib/python3.10/site-packages/tensorflow/core/framework/resource_handle_pb2.py:69: DeprecationWarning: Call to deprecated create function Descriptor(). Note: Create unlinked descriptors is going to go away. Please use get/find descriptors from generated code or query the descriptor_pool.\n    _RESOURCEHANDLEPROTO = _descriptor.Descriptor(\n\n../../../../../../../../opt/anaconda3/envs/testagent-experiment/lib/python3.10/site-packages/tensorflow/core/framework/tensor_pb2.py:21\n  /opt/anaconda3/envs/testagent-experiment/lib/python3.10/site-packages/tensorflow/core/framework/tensor_pb2.py:21: DeprecationWarning: Call to deprecated create function FileDescriptor(). Note: Create unlinked descriptors is going to go away. Please use get/find descriptors from generated code or query the descriptor_pool.\n    DESCRIPTOR = _descriptor.FileDescriptor(\n\n../../../../../../../../opt/anaconda3/envs/testagent-experiment/lib/python3.10/site-packages/tensorflow/core/framework/tensor_pb2.py:40\n  /opt/anaconda3/envs/testagent-experiment/lib/python3.10/site-packages/tensorflow/core/framework/tensor_pb2.py:40: DeprecationWarning: Call to deprecated create function FieldDescriptor(). Note: Create unlinked descriptors is going to go away. Please use get/find descriptors from generated code or query the descriptor_pool.\n    _descriptor.FieldDescriptor(\n\n../../../../../../../../opt/anaconda3/envs/testagent-experiment/lib/python3.10/site-packages/tensorflow/core/framework/tensor_pb2.py:47\n  /opt/anaconda3/envs/testagent-experiment/lib/python3.10/site-packages/tensorflow/core/framework/tensor_pb2.py:47: DeprecationWarning: Call to deprecated create function FieldDescriptor(). Note: Create unlinked descriptors is going to go away. Please use get/find descriptors from generated code or query the descriptor_pool.\n    _descriptor.FieldDescriptor(\n\n../../../../../../../../opt/anaconda3/envs/testagent-experiment/lib/python3.10/site-packages/tensorflow/core/framework/tensor_pb2.py:54\n  /opt/anaconda3/envs/testagent-experiment/lib/python3.10/site-packages/tensorflow/core/framework/tensor_pb2.py:54: DeprecationWarning: Call to deprecated create function FieldDescriptor(). Note: Create unlinked descriptors is going to go away. Please use get/find descriptors from generated code or query the descriptor_pool.\n    _descriptor.FieldDescriptor(\n\n../../../../../../../../opt/anaconda3/envs/testagent-experiment/lib/python3.10/site-packages/tensorflow/core/framework/tensor_pb2.py:61\n  /opt/anaconda3/envs/testagent-experiment/lib/python3.10/site-packages/tensorflow/core/framework/tensor_pb2.py:61: DeprecationWarning: Call to deprecated create function FieldDescriptor(). Note: Create unlinked descriptors is going to go away. Please use get/find descriptors from generated code or query the descriptor_pool.\n    _descriptor.FieldDescriptor(\n\n../../../../../../../../opt/anaconda3/envs/testagent-experiment/lib/python3.10/site-packages/tensorflow/core/framework/tensor_pb2.py:68\n  /opt/anaconda3/envs/testagent-experiment/lib/python3.10/site-packages/tensorflow/core/framework/tensor_pb2.py:68: DeprecationWarning: Call to deprecated create function FieldDescriptor(). Note: Create unlinked descriptors is going to go away. Please use get/find descriptors from generated code or query the descriptor_pool.\n    _descriptor.FieldDescriptor(\n\n../../../../../../../../opt/anaconda3/envs/testagent-experiment/lib/python3.10/site-packages/tensorflow/core/framework/tensor_pb2.py:75\n  /opt/anaconda3/envs/testagent-experiment/lib/python3.10/site-packages/tensorflow/core/framework/tensor_pb2.py:75: DeprecationWarning: Call to deprecated create function FieldDescriptor(). Note: Create unlinked descriptors is going to go away. Please use get/find descriptors from generated code or query the descriptor_pool.\n    _descriptor.FieldDescriptor(\n\n../../../../../../../../opt/anaconda3/envs/testagent-experiment/lib/python3.10/site-packages/tensorflow/core/framework/tensor_pb2.py:82\n  /opt/anaconda3/envs/testagent-experiment/lib/python3.10/site-packages/tensorflow/core/framework/tensor_pb2.py:82: DeprecationWarning: Call to deprecated create function FieldDescriptor(). Note: Create unlinked descriptors is going to go away. Please use get/find descriptors from generated code or query the descriptor_pool.\n    _descriptor.FieldDescriptor(\n\n../../../../../../../../opt/anaconda3/envs/testagent-experiment/lib/python3.10/site-packages/tensorflow/core/framework/tensor_pb2.py:89\n  /opt/anaconda3/envs/testagent-experiment/lib/python3.10/site-packages/tensorflow/core/framework/tensor_pb2.py:89: DeprecationWarning: Call to deprecated create function FieldDescriptor(). Note: Create unlinked descriptors is going to go away. Please use get/find descriptors from generated code or query the descriptor_pool.\n    _descriptor.FieldDescriptor(\n\n../../../../../../../../opt/anaconda3/envs/testagent-experiment/lib/python3.10/site-packages/tensorflow/core/framework/tensor_pb2.py:96\n  /opt/anaconda3/envs/testagent-experiment/lib/python3.10/site-packages/tensorflow/core/framework/tensor_pb2.py:96: DeprecationWarning: Call to deprecated create function FieldDescriptor(). Note: Create unlinked descriptors is going to go away. Please use get/find descriptors from generated code or query the descriptor_pool.\n    _descriptor.FieldDescriptor(\n\n../../../../../../../../opt/anaconda3/envs/testagent-experiment/lib/python3.10/site-packages/tensorflow/core/framework/tensor_pb2.py:103\n  /opt/anaconda3/envs/testagent-experiment/lib/python3.10/site-packages/tensorflow/core/framework/tensor_pb2.py:103: DeprecationWarning: Call to deprecated create function FieldDescriptor(). Note: Create unlinked descriptors is going to go away. Please use get/find descriptors from generated code or query the descriptor_pool.\n    _descriptor.FieldDescriptor(\n\n../../../../../../../../opt/anaconda3/envs/testagent-experiment/lib/python3.10/site-packages/tensorflow/core/framework/tensor_pb2.py:110\n  /opt/anaconda3/envs/testagent-experiment/lib/python3.10/site-packages/tensorflow/core/framework/tensor_pb2.py:110: DeprecationWarning: Call to deprecated create function FieldDescriptor(). Note: Create unlinked descriptors is going to go away. Please use get/find descriptors from generated code or query the descriptor_pool.\n    _descriptor.FieldDescriptor(\n\n../../../../../../../../opt/anaconda3/envs/testagent-experiment/lib/python3.10/site-packages/tensorflow/core/framework/tensor_pb2.py:117\n  /opt/anaconda3/envs/testagent-experiment/lib/python3.10/site-packages/tensorflow/core/framework/tensor_pb2.py:117: DeprecationWarning: Call to deprecated create function FieldDescriptor(). Note: Create unlinked descriptors is going to go away. Please use get/find descriptors from generated code or query the descriptor_pool.\n    _descriptor.FieldDescriptor(\n\n../../../../../../../../opt/anaconda3/envs/testagent-experiment/lib/python3.10/site-packages/tensorflow/core/framework/tensor_pb2.py:124\n  /opt/anaconda3/envs/testagent-experiment/lib/python3.10/site-packages/tensorflow/core/framework/tensor_pb2.py:124: DeprecationWarning: Call to deprecated create function FieldDescriptor(). Note: Create unlinked descriptors is going to go away. Please use get/find descriptors from generated code or query the descriptor_pool.\n    _descriptor.FieldDescriptor(\n\n../../../../../../../../opt/anaconda3/envs/testagent-experiment/lib/python3.10/site-packages/tensorflow/core/framework/tensor_pb2.py:131\n  /opt/anaconda3/envs/testagent-experiment/lib/python3.10/site-packages/tensorflow/core/framework/tensor_pb2.py:131: DeprecationWarning: Call to deprecated create function FieldDescriptor(). Note: Create unlinked descriptors is going to go away. Please use get/find descriptors from generated code or query the descriptor_pool.\n    _descriptor.FieldDescriptor(\n\n../../../../../../../../opt/anaconda3/envs/testagent-experiment/lib/python3.10/site-packages/tensorflow/core/framework/tensor_pb2.py:138\n  /opt/anaconda3/envs/testagent-experiment/lib/python3.10/site-packages/tensorflow/core/framework/tensor_pb2.py:138: DeprecationWarning: Call to deprecated create function FieldDescriptor(). Note: Create unlinked descriptors is going to go away. Please use get/find descriptors from generated code or query the descriptor_pool.\n    _descriptor.FieldDescriptor(\n\n../../../../../../../../opt/anaconda3/envs/testagent-experiment/lib/python3.10/site-packages/tensorflow/core/framework/tensor_pb2.py:145\n  /opt/anaconda3/envs/testagent-experiment/lib/python3.10/site-packages/tensorflow/core/framework/tensor_pb2.py:145: DeprecationWarning: Call to deprecated create function FieldDescriptor(). Note: Create unlinked descriptors is going to go away. Please use get/find descriptors from generated code or query the descriptor_pool.\n    _descriptor.FieldDescriptor(\n\n../../../../../../../../opt/anaconda3/envs/testagent-experiment/lib/python3.10/site-packages/tensorflow/core/framework/tensor_pb2.py:152\n  /opt/anaconda3/envs/testagent-experiment/lib/python3.10/site-packages/tensorflow/core/framework/tensor_pb2.py:152: DeprecationWarning: Call to deprecated create function FieldDescriptor(). Note: Create unlinked descriptors is going to go away. Please use get/find descriptors from generated code or query the descriptor_pool.\n    _descriptor.FieldDescriptor(\n\n../../../../../../../../opt/anaconda3/envs/testagent-experiment/lib/python3.10/site-packages/tensorflow/core/framework/tensor_pb2.py:33\n  /opt/anaconda3/envs/testagent-experiment/lib/python3.10/site-packages/tensorflow/core/framework/tensor_pb2.py:33: DeprecationWarning: Call to deprecated create function Descriptor(). Note: Create unlinked descriptors is going to go away. Please use get/find descriptors from generated code or query the descriptor_pool.\n    _TENSORPROTO = _descriptor.Descriptor(\n\n../../../../../../../../opt/anaconda3/envs/testagent-experiment/lib/python3.10/site-packages/tensorflow/core/framework/tensor_pb2.py:183\n  /opt/anaconda3/envs/testagent-experiment/lib/python3.10/site-packages/tensorflow/core/framework/tensor_pb2.py:183: DeprecationWarning: Call to deprecated create function FieldDescriptor(). Note: Create unlinked descriptors is going to go away. Please use get/find descriptors from generated code or query the descriptor_pool.\n    _descriptor.FieldDescriptor(\n\n../../../../../../../../opt/anaconda3/envs/testagent-experiment/lib/python3.10/site-packages/tensorflow/core/framework/tensor_pb2.py:190\n  /opt/anaconda3/envs/testagent-experiment/lib/python3.10/site-packages/tensorflow/core/framework/tensor_pb2.py:190: DeprecationWarning: Call to deprecated create function FieldDescriptor(). Note: Create unlinked descriptors is going to go away. Please use get/find descriptors from generated code or query the descriptor_pool.\n    _descriptor.FieldDescriptor(\n\n../../../../../../../../opt/anaconda3/envs/testagent-experiment/lib/python3.10/site-packages/tensorflow/core/framework/tensor_pb2.py:197\n  /opt/anaconda3/envs/testagent-experiment/lib/python3.10/site-packages/tensorflow/core/framework/tensor_pb2.py:197: DeprecationWarning: Call to deprecated create function FieldDescriptor(). Note: Create unlinked descriptors is going to go away. Please use get/find descriptors from generated code or query the descriptor_pool.\n    _descriptor.FieldDescriptor(\n\n../../../../../../../../opt/anaconda3/envs/testagent-experiment/lib/python3.10/site-packages/tensorflow/core/framework/tensor_pb2.py:176\n  /opt/anaconda3/envs/testagent-experiment/lib/python3.10/site-packages/tensorflow/core/framework/tensor_pb2.py:176: DeprecationWarning: Call to deprecated create function Descriptor(). Note: Create unlinked descriptors is going to go away. Please use get/find descriptors from generated code or query the descriptor_pool.\n    _VARIANTTENSORDATAPROTO = _descriptor.Descriptor(\n\n../../../../../../../../opt/anaconda3/envs/testagent-experiment/lib/python3.10/site-packages/tensorflow/core/framework/attr_value_pb2.py:21\n  /opt/anaconda3/envs/testagent-experiment/lib/python3.10/site-packages/tensorflow/core/framework/attr_value_pb2.py:21: DeprecationWarning: Call to deprecated create function FileDescriptor(). Note: Create unlinked descriptors is going to go away. Please use get/find descriptors from generated code or query the descriptor_pool.\n    DESCRIPTOR = _descriptor.FileDescriptor(\n\n../../../../../../../../opt/anaconda3/envs/testagent-experiment/lib/python3.10/site-packages/tensorflow/core/framework/attr_value_pb2.py:40\n  /opt/anaconda3/envs/testagent-experiment/lib/python3.10/site-packages/tensorflow/core/framework/attr_value_pb2.py:40: DeprecationWarning: Call to deprecated create function FieldDescriptor(). Note: Create unlinked descriptors is going to go away. Please use get/find descriptors from generated code or query the descriptor_pool.\n    _descriptor.FieldDescriptor(\n\n../../../../../../../../opt/anaconda3/envs/testagent-experiment/lib/python3.10/site-packages/tensorflow/core/framework/attr_value_pb2.py:47\n  /opt/anaconda3/envs/testagent-experiment/lib/python3.10/site-packages/tensorflow/core/framework/attr_value_pb2.py:47: DeprecationWarning: Call to deprecated create function FieldDescriptor(). Note: Create unlinked descriptors is going to go away. Please use get/find descriptors from generated code or query the descriptor_pool.\n    _descriptor.FieldDescriptor(\n\n../../../../../../../../opt/anaconda3/envs/testagent-experiment/lib/python3.10/site-packages/tensorflow/core/framework/attr_value_pb2.py:54\n  /opt/anaconda3/envs/testagent-experiment/lib/python3.10/site-packages/tensorflow/core/framework/attr_value_pb2.py:54: DeprecationWarning: Call to deprecated create function FieldDescriptor(). Note: Create unlinked descriptors is going to go away. Please use get/find descriptors from generated code or query the descriptor_pool.\n    _descriptor.FieldDescriptor(\n\n../../../../../../../../opt/anaconda3/envs/testagent-experiment/lib/python3.10/site-packages/tensorflow/core/framework/attr_value_pb2.py:61\n  /opt/anaconda3/envs/testagent-experiment/lib/python3.10/site-packages/tensorflow/core/framework/attr_value_pb2.py:61: DeprecationWarning: Call to deprecated create function FieldDescriptor(). Note: Create unlinked descriptors is going to go away. Please use get/find descriptors from generated code or query the descriptor_pool.\n    _descriptor.FieldDescriptor(\n\n../../../../../../../../opt/anaconda3/envs/testagent-experiment/lib/python3.10/site-packages/tensorflow/core/framework/attr_value_pb2.py:68\n  /opt/anaconda3/envs/testagent-experiment/lib/python3.10/site-packages/tensorflow/core/framework/attr_value_pb2.py:68: DeprecationWarning: Call to deprecated create function FieldDescriptor(). Note: Create unlinked descriptors is going to go away. Please use get/find descriptors from generated code or query the descriptor_pool.\n    _descriptor.FieldDescriptor(\n\n../../../../../../../../opt/anaconda3/envs/testagent-experiment/lib/python3.10/site-packages/tensorflow/core/framework/attr_value_pb2.py:75\n  /opt/anaconda3/envs/testagent-experiment/lib/python3.10/site-packages/tensorflow/core/framework/attr_value_pb2.py:75: DeprecationWarning: Call to deprecated create function FieldDescriptor(). Note: Create unlinked descriptors is going to go away. Please use get/find descriptors from generated code or query the descriptor_pool.\n    _descriptor.FieldDescriptor(\n\n../../../../../../../../opt/anaconda3/envs/testagent-experiment/lib/python3.10/site-packages/tensorflow/core/framework/attr_value_pb2.py:82\n  /opt/anaconda3/envs/testagent-experiment/lib/python3.10/site-packages/tensorflow/core/framework/attr_value_pb2.py:82: DeprecationWarning: Call to deprecated create function FieldDescriptor(). Note: Create unlinked descriptors is going to go away. Please use get/find descriptors from generated code or query the descriptor_pool.\n    _descriptor.FieldDescriptor(\n\n../../../../../../../../opt/anaconda3/envs/testagent-experiment/lib/python3.10/site-packages/tensorflow/core/framework/attr_value_pb2.py:89\n  /opt/anaconda3/envs/testagent-experiment/lib/python3.10/site-packages/tensorflow/core/framework/attr_value_pb2.py:89: DeprecationWarning: Call to deprecated create function FieldDescriptor(). Note: Create unlinked descriptors is going to go away. Please use get/find descriptors from generated code or query the descriptor_pool.\n    _descriptor.FieldDescriptor(\n\n../../../../../../../../opt/anaconda3/envs/testagent-experiment/lib/python3.10/site-packages/tensorflow/core/framework/attr_value_pb2.py:33\n  /opt/anaconda3/envs/testagent-experiment/lib/python3.10/site-packages/tensorflow/core/framework/attr_value_pb2.py:33: DeprecationWarning: Call to deprecated create function Descriptor(). Note: Create unlinked descriptors is going to go away. Please use get/find descriptors from generated code or query the descriptor_pool.\n    _ATTRVALUE_LISTVALUE = _descriptor.Descriptor(\n\n../../../../../../../../opt/anaconda3/envs/testagent-experiment/lib/python3.10/site-packages/tensorflow/python/framework/dtypes.py:205\n  /opt/anaconda3/envs/testagent-experiment/lib/python3.10/site-packages/tensorflow/python/framework/dtypes.py:205: DeprecationWarning: `np.bool8` is a deprecated alias for `np.bool_`.  (Deprecated NumPy 1.24)\n    np.bool8: (False, True),\n\n../../../../../../../../opt/anaconda3/envs/testagent-experiment/lib/python3.10/site-packages/flatbuffers/compat.py:19\n  /opt/anaconda3/envs/testagent-experiment/lib/python3.10/site-packages/flatbuffers/compat.py:19: DeprecationWarning: the imp module is deprecated in favour of importlib and slated for removal in Python 3.12; see the module's documentation for alternative uses\n    import imp\n\n../../../../../../../../opt/anaconda3/envs/testagent-experiment/lib/python3.10/site-packages/tensorboard/compat/tensorflow_stub/dtypes.py:326\n  /opt/anaconda3/envs/testagent-experiment/lib/python3.10/site-packages/tensorboard/compat/tensorflow_stub/dtypes.py:326: DeprecationWarning: `np.bool8` is a deprecated alias for `np.bool_`.  (Deprecated NumPy 1.24)\n    np.bool8: (False, True),\n\n-- Docs: https://docs.pytest.org/en/stable/how-to/capture-warnings.html\n================================ tests coverage ================================\n______________ coverage: platform darwin, python 3.10.19-final-0 _______________\n\nName                                                 Stmts   Miss Branch BrPart  Cover   Missing\n------------------------------------------------------------------------------------------------\ntests/test_tensorflow_python_ops_image_ops_impl.py     487    128    116     13    71%   101->118, 120-122, 124->132, 134-151, 229-375, 417-420, 438, 480->543, 512, 521->543, 721-740, 976->983, 991-1050, 1124->1128, 1146->1117\n------------------------------------------------------------------------------------------------\nTOTAL                                                  487    128    116     13    71%\nCoverage XML written to file coverage.xml\n=========================== short test summary info ============================\nFAILED tests/test_tensorflow_python_ops_image_ops_impl.py::test_adjust_brightness_basic[dtype0-shape0-0.2]\nFAILED tests/test_tensorflow_python_ops_image_ops_impl.py::test_adjust_brightness_basic[dtype2-shape2-0.5]\nFAILED tests/test_tensorflow_python_ops_image_ops_impl.py::test_random_flip_left_right_basic[dtype0-shape0-42]\nFAILED tests/test_tensorflow_python_ops_image_ops_impl.py::test_random_flip_left_right_basic[dtype1-shape1-None]\nFAILED tests/test_tensorflow_python_ops_image_ops_impl.py::test_non_max_suppression_basic\n5 failed, 9 passed, 103 warnings in 2.44s\n\nError: exit 1",
    "exit_code.txt": "1",
    "analysis_plan.json": "{\n  \"status\": \"未完全通过\",\n  \"passed\": 9,\n  \"failed\": 5,\n  \"errors\": 0,\n  \"collection_errors\": false,\n  \"block_limit\": 3,\n  \"failures\": [\n    {\n      \"test\": \"test_adjust_brightness_basic[dtype0-shape0-0.2]\",\n      \"block_id\": \"CASE_01\",\n      \"error_type\": \"AssertionError\",\n      \"action\": \"rewrite_block\",\n      \"note\": \"adjust_brightness函数实现错误，结果与预期差异大（max_diff=0.1997）\"\n    },\n    {\n      \"test\": \"test_random_flip_left_right_basic[dtype0-shape0-42]\",\n      \"block_id\": \"CASE_02\",\n      \"error_type\": \"InvalidArgumentError\",\n      \"action\": \"rewrite_block\",\n      \"note\": \"uint8不支持Abs操作，需要修复测试逻辑或实现\"\n    },\n    {\n      \"test\": \"test_non_max_suppression_basic\",\n      \"block_id\": \"CASE_05\",\n      \"error_type\": \"AssertionError\",\n      \"action\": \"rewrite_block\",\n      \"note\": \"score_threshold=0.5时，预期选择boxes 0,2,4，但只选择了0,2\"\n    }\n  ],\n  \"deferred\": [\n    {\n      \"test\": \"test_adjust_brightness_basic[dtype2-shape2-0.5]\",\n      \"reason\": \"错误类型重复，跳过该块\"\n    },\n    {\n      \"test\": \"test_random_flip_left_right_basic[dtype1-shape1-None]\",\n      \"reason\": \"错误类型重复，跳过该块\"\n    }\n  ],\n  \"stop_recommended\": false,\n  \"stop_reason\": \"\"\n}",
    "analysis.md": "## 测试执行结果分析\n\n### 状态与统计\n- **状态**: 未完全通过\n- **通过**: 9个测试\n- **失败**: 5个测试\n- **错误**: 0个\n- **集合错误**: 无\n\n### 待修复 BLOCK 列表（本轮修复 ≤3 个）\n\n1. **BLOCK_ID**: CASE_01\n   - **Action**: rewrite_block\n   - **Error Type**: AssertionError\n   - **问题**: adjust_brightness函数实现错误，结果与预期差异大（max_diff=0.1997）\n\n2. **BLOCK_ID**: CASE_02\n   - **Action**: rewrite_block\n   - **Error Type**: InvalidArgumentError\n   - **问题**: uint8不支持Abs操作，需要修复测试逻辑或实现\n\n3. **BLOCK_ID**: CASE_05\n   - **Action**: rewrite_block\n   - **Error Type**: AssertionError\n   - **问题**: score_threshold=0.5时，预期选择boxes 0,2,4，但只选择了0,2\n\n### 延迟处理\n- test_adjust_brightness_basic[dtype2-shape2-0.5]: 错误类型重复，跳过该块\n- test_random_flip_left_right_basic[dtype1-shape1-None]: 错误类型重复，跳过该块\n\n### 停止建议\n- **stop_recommended**: false\n- **stop_reason**: 无",
    "final_report.md": "# tensorflow.python.ops.image_ops_impl 测试报告\n\n## 1. 执行摘要\n测试未完全通过，14个测试用例中9个通过、5个失败，主要阻塞项为亮度调整函数实现错误、uint8数据类型兼容性问题以及非极大值抑制逻辑缺陷。\n\n## 2. 测试范围\n- **目标FQN**: tensorflow.python.ops.image_ops_impl\n- **测试环境**: pytest + TensorFlow运行时环境\n- **覆盖场景**: \n  - 基本图像变换（亮度调整）\n  - 几何变换（随机水平翻转、中心裁剪）\n  - 颜色空间转换（RGB到YUV）\n  - 边界框处理（非极大值抑制）\n- **未覆盖项**:\n  - 图像编解码（JPEG/PNG）往返一致性\n  - 批量图像处理性能\n  - GPU设备兼容性\n  - 极端参数值鲁棒性\n  - 多函数间交互测试\n\n## 3. 结果概览\n- **用例总数**: 14个\n- **通过**: 9个（64.3%）\n- **失败**: 5个（35.7%）\n- **错误**: 0个\n- **主要失败点**:\n  1. adjust_brightness函数实现错误（最大差异0.1997）\n  2. uint8数据类型不支持Abs操作\n  3. non_max_suppression筛选逻辑不完整\n\n## 4. 详细发现\n\n### 高优先级问题\n1. **CASE_01 - 亮度调整函数缺陷**\n   - **严重级别**: 高\n   - **根因**: adjust_brightness函数实现错误，结果与预期差异显著（max_diff=0.1997）\n   - **建议修复**: 检查亮度调整算法实现，验证数值计算逻辑\n\n2. **CASE_02 - 数据类型兼容性问题**\n   - **严重级别**: 高\n   - **根因**: uint8数据类型不支持Abs操作，随机翻转测试失败\n   - **建议修复**: 修改测试逻辑或实现，支持uint8数据类型处理\n\n3. **CASE_05 - 非极大值抑制逻辑缺陷**\n   - **严重级别**: 高\n   - **根因**: score_threshold=0.5时，预期选择boxes 0,2,4，但只选择了0,2\n   - **建议修复**: 检查NMS算法实现，验证筛选逻辑和阈值处理\n\n### 中优先级问题\n1. **测试覆盖不完整**\n   - **严重级别**: 中\n   - **根因**: 仅测试了5个核心函数，模块包含100+函数\n   - **建议修复**: 扩展测试范围，覆盖更多关键函数\n\n## 5. 覆盖与风险\n- **需求覆盖**: 基本覆盖了高优先级测试路径（亮度调整、几何变换、颜色转换、边界框处理）\n- **尚未覆盖的边界**:\n  - 图像尺寸为0的边界条件\n  - 通道数异常情况\n  - 极端裁剪比例（超出[0,1]范围）\n  - 批量大小为0的图像处理\n- **缺失信息风险**:\n  - 部分函数参数类型注解不完整\n  - 某些操作的设备限制未明确\n  - 大尺寸图像内存消耗未评估\n  - 异常情况文档不详细\n\n## 6. 后续动作\n\n### 高优先级（立即修复）\n1. **修复亮度调整函数** - 检查adjust_brightness算法实现，确保数值计算正确性\n2. **解决uint8兼容性问题** - 修改随机翻转测试逻辑，支持uint8数据类型\n3. **修正NMS筛选逻辑** - 验证non_max_suppression算法，修复阈值处理缺陷\n\n### 中优先级（下一阶段）\n4. **扩展测试覆盖** - 增加图像编解码、饱和度调整、对比度调整等函数测试\n5. **边界条件测试** - 添加空图像、极端参数、异常输入等边界场景测试\n6. **数据类型兼容性** - 全面测试uint8, uint16, float32等数据类型的兼容性\n\n### 低优先级（后续规划）\n7. **性能测试** - 评估大尺寸图像处理的内存消耗和性能\n8. **设备兼容性** - 验证CPU/GPU设备间的一致性\n9. **集成测试** - 测试多函数组合使用的场景\n\n---\n\n**报告生成时间**: 测试执行完成后  \n**测试状态**: 部分通过，需要修复关键缺陷  \n**建议**: 优先修复3个高优先级问题，确保核心功能正确性"
  },
  "stage_history": [
    {
      "stage": "understand_function",
      "status": "completed",
      "timestamp": "2026-01-26T16:09:09.777290",
      "attempts": 1,
      "error": null
    },
    {
      "stage": "generate_requirements",
      "status": "completed",
      "timestamp": "2026-01-26T16:10:00.898088",
      "attempts": 1,
      "error": null
    },
    {
      "stage": "design_test_plan",
      "status": "completed",
      "timestamp": "2026-01-26T16:11:42.589519",
      "attempts": 1,
      "error": null
    },
    {
      "stage": "generate_code",
      "status": "completed",
      "timestamp": "2026-01-26T16:15:19.469162",
      "attempts": 1,
      "error": null
    },
    {
      "stage": "execute_tests",
      "status": "completed",
      "timestamp": "2026-01-26T16:15:22.924749",
      "attempts": 1,
      "error": null
    },
    {
      "stage": "analyze_results",
      "status": "completed",
      "timestamp": "2026-01-26T16:16:40.099145",
      "attempts": 1,
      "error": null
    },
    {
      "stage": "generate_code",
      "status": "completed",
      "timestamp": "2026-01-26T16:20:08.475036",
      "attempts": 2,
      "error": null
    },
    {
      "stage": "execute_tests",
      "status": "completed",
      "timestamp": "2026-01-26T16:20:11.274673",
      "attempts": 2,
      "error": null
    },
    {
      "stage": "analyze_results",
      "status": "completed",
      "timestamp": "2026-01-26T16:21:35.924044",
      "attempts": 2,
      "error": null
    },
    {
      "stage": "generate_code",
      "status": "completed",
      "timestamp": "2026-01-26T16:23:18.600501",
      "attempts": 3,
      "error": null
    },
    {
      "stage": "execute_tests",
      "status": "completed",
      "timestamp": "2026-01-26T16:23:20.931391",
      "attempts": 3,
      "error": null
    },
    {
      "stage": "analyze_results",
      "status": "completed",
      "timestamp": "2026-01-26T16:25:07.870178",
      "attempts": 3,
      "error": null
    },
    {
      "stage": "generate_code",
      "status": "completed",
      "timestamp": "2026-01-26T16:28:00.217546",
      "attempts": 4,
      "error": null
    },
    {
      "stage": "execute_tests",
      "status": "completed",
      "timestamp": "2026-01-26T16:28:02.246426",
      "attempts": 4,
      "error": null
    },
    {
      "stage": "analyze_results",
      "status": "completed",
      "timestamp": "2026-01-26T16:29:03.179957",
      "attempts": 4,
      "error": null
    },
    {
      "stage": "generate_code",
      "status": "completed",
      "timestamp": "2026-01-26T16:39:31.821712",
      "attempts": 5,
      "error": null
    },
    {
      "stage": "execute_tests",
      "status": "completed",
      "timestamp": "2026-01-26T16:39:34.945207",
      "attempts": 5,
      "error": null
    },
    {
      "stage": "analyze_results",
      "status": "completed",
      "timestamp": "2026-01-26T16:40:37.554097",
      "attempts": 5,
      "error": null
    },
    {
      "stage": "generate_report",
      "status": "completed",
      "timestamp": "2026-01-26T16:41:33.256512",
      "attempts": 1,
      "error": null
    }
  ],
  "user_feedback": []
}