=== Run Tests ===
FFFF.                                                                    [100%]
================================== FAILURES ===================================
_ TestSequenceFeatureColumnG1.test_sequence_categorical_column_creation[sequence_categorical_column_with_identity-params0-SequenceCategoricalColumn] _

self = <test_tensorflow_python_feature_column_sequence_feature_column_g1.TestSequenceFeatureColumnG1 object at 0x00000153CDF78220>
func_name = 'sequence_categorical_column_with_identity'
params = {'default_value': 0, 'key': 'test_feature', 'num_buckets': 10}
expected_type = 'SequenceCategoricalColumn'

    @pytest.mark.parametrize("func_name,params,expected_type", [
        ("sequence_categorical_column_with_identity",
         {"key": "test_feature", "num_buckets": 10, "default_value": 0},
         "SequenceCategoricalColumn"),
        ("sequence_categorical_column_with_hash_bucket",
         {"key": "test_feature", "hash_bucket_size": 100, "dtype": tf.int64},
         "SequenceCategoricalColumn"),
        # Parameter extensions from test_plan.json
        ("sequence_categorical_column_with_identity",
         {"key": "extended_feature", "num_buckets": 1000, "default_value": -1},
         "SequenceCategoricalColumn"),
        ("sequence_categorical_column_with_hash_bucket",
         {"key": "large_hash", "hash_bucket_size": 10000, "dtype": tf.string},
         "SequenceCategoricalColumn"),
    ])
    def test_sequence_categorical_column_creation(self, func_name, params, expected_type):
        """Test basic creation of sequence categorical columns (CASE_01)."""
        # Get the function
        func = globals()[func_name]
    
        # Create the feature column
        column = func(**params)
    
        # Weak assertions
        # 1. Check instance type
        assert column is not None
        assert hasattr(column, '__class__')
        assert expected_type in column.__class__.__name__
    
        # 2. Check has key property
>       assert hasattr(column, 'key')
E       AssertionError: assert False
E        +  where False = hasattr(SequenceCategoricalColumn(categorical_column=IdentityCategoricalColumn(key='test_feature', number_buckets=10, default_value=0)), 'key')

tests\test_tensorflow_python_feature_column_sequence_feature_column_g1.py:78: AssertionError
_ TestSequenceFeatureColumnG1.test_sequence_categorical_column_creation[sequence_categorical_column_with_hash_bucket-params1-SequenceCategoricalColumn] _

self = <test_tensorflow_python_feature_column_sequence_feature_column_g1.TestSequenceFeatureColumnG1 object at 0x00000153CDF78280>
func_name = 'sequence_categorical_column_with_hash_bucket'
params = {'dtype': tf.int64, 'hash_bucket_size': 100, 'key': 'test_feature'}
expected_type = 'SequenceCategoricalColumn'

    @pytest.mark.parametrize("func_name,params,expected_type", [
        ("sequence_categorical_column_with_identity",
         {"key": "test_feature", "num_buckets": 10, "default_value": 0},
         "SequenceCategoricalColumn"),
        ("sequence_categorical_column_with_hash_bucket",
         {"key": "test_feature", "hash_bucket_size": 100, "dtype": tf.int64},
         "SequenceCategoricalColumn"),
        # Parameter extensions from test_plan.json
        ("sequence_categorical_column_with_identity",
         {"key": "extended_feature", "num_buckets": 1000, "default_value": -1},
         "SequenceCategoricalColumn"),
        ("sequence_categorical_column_with_hash_bucket",
         {"key": "large_hash", "hash_bucket_size": 10000, "dtype": tf.string},
         "SequenceCategoricalColumn"),
    ])
    def test_sequence_categorical_column_creation(self, func_name, params, expected_type):
        """Test basic creation of sequence categorical columns (CASE_01)."""
        # Get the function
        func = globals()[func_name]
    
        # Create the feature column
        column = func(**params)
    
        # Weak assertions
        # 1. Check instance type
        assert column is not None
        assert hasattr(column, '__class__')
        assert expected_type in column.__class__.__name__
    
        # 2. Check has key property
>       assert hasattr(column, 'key')
E       AssertionError: assert False
E        +  where False = hasattr(SequenceCategoricalColumn(categorical_column=HashedCategoricalColumn(key='test_feature', hash_bucket_size=100, dtype=tf.int64)), 'key')

tests\test_tensorflow_python_feature_column_sequence_feature_column_g1.py:78: AssertionError
_ TestSequenceFeatureColumnG1.test_sequence_categorical_column_creation[sequence_categorical_column_with_identity-params2-SequenceCategoricalColumn] _

self = <test_tensorflow_python_feature_column_sequence_feature_column_g1.TestSequenceFeatureColumnG1 object at 0x00000153CDF784C0>
func_name = 'sequence_categorical_column_with_identity'
params = {'default_value': -1, 'key': 'extended_feature', 'num_buckets': 1000}
expected_type = 'SequenceCategoricalColumn'

    @pytest.mark.parametrize("func_name,params,expected_type", [
        ("sequence_categorical_column_with_identity",
         {"key": "test_feature", "num_buckets": 10, "default_value": 0},
         "SequenceCategoricalColumn"),
        ("sequence_categorical_column_with_hash_bucket",
         {"key": "test_feature", "hash_bucket_size": 100, "dtype": tf.int64},
         "SequenceCategoricalColumn"),
        # Parameter extensions from test_plan.json
        ("sequence_categorical_column_with_identity",
         {"key": "extended_feature", "num_buckets": 1000, "default_value": -1},
         "SequenceCategoricalColumn"),
        ("sequence_categorical_column_with_hash_bucket",
         {"key": "large_hash", "hash_bucket_size": 10000, "dtype": tf.string},
         "SequenceCategoricalColumn"),
    ])
    def test_sequence_categorical_column_creation(self, func_name, params, expected_type):
        """Test basic creation of sequence categorical columns (CASE_01)."""
        # Get the function
        func = globals()[func_name]
    
        # Create the feature column
>       column = func(**params)

tests\test_tensorflow_python_feature_column_sequence_feature_column_g1.py:69: 
_ _ _ _ _ _ _ _ _ _ _ _ _ _ _ _ _ _ _ _ _ _ _ _ _ _ _ _ _ _ _ _ _ _ _ _ _ _ _ _
D:\Coding\Anaconda\envs\testagent-experiment\lib\site-packages\tensorflow\python\feature_column\sequence_feature_column.py:129: in sequence_categorical_column_with_identity
    fc.categorical_column_with_identity(
_ _ _ _ _ _ _ _ _ _ _ _ _ _ _ _ _ _ _ _ _ _ _ _ _ _ _ _ _ _ _ _ _ _ _ _ _ _ _ _

key = 'extended_feature', num_buckets = 1000, default_value = -1

    @tf_export('feature_column.categorical_column_with_identity')
    def categorical_column_with_identity(key, num_buckets, default_value=None):
      """A `CategoricalColumn` that returns identity values.
    
      Use this when your inputs are integers in the range `[0, num_buckets)`, and
      you want to use the input value itself as the categorical ID. Values outside
      this range will result in `default_value` if specified, otherwise it will
      fail.
    
      Typically, this is used for contiguous ranges of integer indexes, but
      it doesn't have to be. This might be inefficient, however, if many of IDs
      are unused. Consider `categorical_column_with_hash_bucket` in that case.
    
      For input dictionary `features`, `features[key]` is either `Tensor` or
      `SparseTensor`. If `Tensor`, missing values can be represented by `-1` for int
      and `''` for string, which will be dropped by this feature column.
    
      In the following examples, each input in the range `[0, 1000000)` is assigned
      the same value. All other inputs are assigned `default_value` 0. Note that a
      literal 0 in inputs will result in the same default ID.
    
      Linear model:
    
      ```python
      import tensorflow as tf
      video_id = tf.feature_column.categorical_column_with_identity(
          key='video_id', num_buckets=1000000, default_value=0)
      columns = [video_id]
      features = {'video_id': tf.sparse.from_dense([[2, 85, 0, 0, 0],
      [33,78, 2, 73, 1]])}
      linear_prediction = tf.compat.v1.feature_column.linear_model(features,
      columns)
      ```
    
      Embedding for a DNN model:
    
      ```python
      import tensorflow as tf
      video_id = tf.feature_column.categorical_column_with_identity(
          key='video_id', num_buckets=1000000, default_value=0)
      columns = [tf.feature_column.embedding_column(video_id, 9)]
      features = {'video_id': tf.sparse.from_dense([[2, 85, 0, 0, 0],
      [33,78, 2, 73, 1]])}
      input_layer = tf.keras.layers.DenseFeatures(columns)
      dense_tensor = input_layer(features)
      ```
    
      Args:
        key: A unique string identifying the input feature. It is used as the
          column name and the dictionary key for feature parsing configs, feature
          `Tensor` objects, and feature columns.
        num_buckets: Range of inputs and outputs is `[0, num_buckets)`.
        default_value: If set, values outside of range `[0, num_buckets)` will
          be replaced with this value. If not set, values >= num_buckets will
          cause a failure while values < 0 will be dropped.
    
      Returns:
        A `CategoricalColumn` that returns identity values.
    
      Raises:
        ValueError: if `num_buckets` is less than one.
        ValueError: if `default_value` is not in range `[0, num_buckets)`.
      """
      if num_buckets < 1:
        raise ValueError(
            'num_buckets {} < 1, column_name {}'.format(num_buckets, key))
      if (default_value is not None) and (
          (default_value < 0) or (default_value >= num_buckets)):
>       raise ValueError(
            'default_value {} not in range [0, {}), column_name {}'.format(
                default_value, num_buckets, key))
E       ValueError: default_value -1 not in range [0, 1000), column_name extended_feature

D:\Coding\Anaconda\envs\testagent-experiment\lib\site-packages\tensorflow\python\feature_column\feature_column_v2.py:1667: ValueError
_ TestSequenceFeatureColumnG1.test_sequence_categorical_column_creation[sequence_categorical_column_with_hash_bucket-params3-SequenceCategoricalColumn] _

self = <test_tensorflow_python_feature_column_sequence_feature_column_g1.TestSequenceFeatureColumnG1 object at 0x00000153CDF78580>
func_name = 'sequence_categorical_column_with_hash_bucket'
params = {'dtype': tf.string, 'hash_bucket_size': 10000, 'key': 'large_hash'}
expected_type = 'SequenceCategoricalColumn'

    @pytest.mark.parametrize("func_name,params,expected_type", [
        ("sequence_categorical_column_with_identity",
         {"key": "test_feature", "num_buckets": 10, "default_value": 0},
         "SequenceCategoricalColumn"),
        ("sequence_categorical_column_with_hash_bucket",
         {"key": "test_feature", "hash_bucket_size": 100, "dtype": tf.int64},
         "SequenceCategoricalColumn"),
        # Parameter extensions from test_plan.json
        ("sequence_categorical_column_with_identity",
         {"key": "extended_feature", "num_buckets": 1000, "default_value": -1},
         "SequenceCategoricalColumn"),
        ("sequence_categorical_column_with_hash_bucket",
         {"key": "large_hash", "hash_bucket_size": 10000, "dtype": tf.string},
         "SequenceCategoricalColumn"),
    ])
    def test_sequence_categorical_column_creation(self, func_name, params, expected_type):
        """Test basic creation of sequence categorical columns (CASE_01)."""
        # Get the function
        func = globals()[func_name]
    
        # Create the feature column
        column = func(**params)
    
        # Weak assertions
        # 1. Check instance type
        assert column is not None
        assert hasattr(column, '__class__')
        assert expected_type in column.__class__.__name__
    
        # 2. Check has key property
>       assert hasattr(column, 'key')
E       AssertionError: assert False
E        +  where False = hasattr(SequenceCategoricalColumn(categorical_column=HashedCategoricalColumn(key='large_hash', hash_bucket_size=10000, dtype=tf.string)), 'key')

tests\test_tensorflow_python_feature_column_sequence_feature_column_g1.py:78: AssertionError

---------- coverage: platform win32, python 3.9.25-final-0 -----------
Name                                                                        Stmts   Miss Branch BrPart  Cover   Missing
-----------------------------------------------------------------------------------------------------------------------
tests\test_tensorflow_python_feature_column_sequence_feature_column_g1.py      77     29     16      2    54%   35-44, 79-108, 141, 192
-----------------------------------------------------------------------------------------------------------------------
TOTAL                                                                          77     29     16      2    54%
Coverage XML written to file coverage.xml

=========================== short test summary info ===========================
FAILED tests\test_tensorflow_python_feature_column_sequence_feature_column_g1.py::TestSequenceFeatureColumnG1::test_sequence_categorical_column_creation[sequence_categorical_column_with_identity-params0-SequenceCategoricalColumn]
FAILED tests\test_tensorflow_python_feature_column_sequence_feature_column_g1.py::TestSequenceFeatureColumnG1::test_sequence_categorical_column_creation[sequence_categorical_column_with_hash_bucket-params1-SequenceCategoricalColumn]
FAILED tests\test_tensorflow_python_feature_column_sequence_feature_column_g1.py::TestSequenceFeatureColumnG1::test_sequence_categorical_column_creation[sequence_categorical_column_with_identity-params2-SequenceCategoricalColumn]
FAILED tests\test_tensorflow_python_feature_column_sequence_feature_column_g1.py::TestSequenceFeatureColumnG1::test_sequence_categorical_column_creation[sequence_categorical_column_with_hash_bucket-params3-SequenceCategoricalColumn]
4 failed, 1 passed in 1.63s

Error: exit 1