=== Run Tests ===
...FFFFFFFF.FFF                                                          [100%]
================================== FAILURES ===================================
_ TestSequenceFeatureColumnG3.test_parameter_type_validation[sequence_categorical_column_with_identity-invalid_params0-TypeError] _

self = <test_tensorflow_python_feature_column_sequence_feature_column_g3.TestSequenceFeatureColumnG3 object at 0x00000225EF63F640>
func_name = 'sequence_categorical_column_with_identity'
invalid_params = {'key': 123, 'num_buckets': 10}
expected_error = <class 'TypeError'>

    @pytest.mark.parametrize("func_name,invalid_params,expected_error", [
        # Test invalid key parameter (non-string)
        ("sequence_categorical_column_with_identity",
         {"key": 123, "num_buckets": 10},
         TypeError),
        ("sequence_categorical_column_with_hash_bucket",
         {"key": None, "hash_bucket_size": 100},
         TypeError),
    
        # Test invalid dtype parameter
        ("sequence_categorical_column_with_hash_bucket",
         {"key": "test_feature", "hash_bucket_size": 100, "dtype": "invalid_type"},
         TypeError),
        ("sequence_numeric_column",
         {"key": "test_feature", "shape": (10,), "dtype": "invalid_dtype"},
         TypeError),
    
        # Test invalid shape parameter (non-tuple/list)
        ("sequence_numeric_column",
         {"key": "test_feature", "shape": "not_a_shape", "dtype": tf.float32},
         TypeError),
    
        # Test invalid vocabulary_list parameter
        ("sequence_categorical_column_with_vocabulary_list",
         {"key": "test_feature", "vocabulary_list": "not_an_iterable"},
         TypeError),
    ])
    def test_parameter_type_validation(self, func_name, invalid_params, expected_error):
        """Test parameter type validation (CASE_08)."""
        # Get the function
        func = globals()[func_name]
    
        # Weak assertions: Check that exception is raised
        with pytest.raises(expected_error) as exc_info:
>           func(**invalid_params)

tests\test_tensorflow_python_feature_column_sequence_feature_column_g3.py:136: 
_ _ _ _ _ _ _ _ _ _ _ _ _ _ _ _ _ _ _ _ _ _ _ _ _ _ _ _ _ _ _ _ _ _ _ _ _ _ _ _
D:\Coding\Anaconda\envs\testagent-experiment\lib\site-packages\tensorflow\python\feature_column\sequence_feature_column.py:129: in sequence_categorical_column_with_identity
    fc.categorical_column_with_identity(
D:\Coding\Anaconda\envs\testagent-experiment\lib\site-packages\tensorflow\python\feature_column\feature_column_v2.py:1670: in categorical_column_with_identity
    fc_utils.assert_key_is_string(key)
_ _ _ _ _ _ _ _ _ _ _ _ _ _ _ _ _ _ _ _ _ _ _ _ _ _ _ _ _ _ _ _ _ _ _ _ _ _ _ _

key = 123

    def assert_key_is_string(key):
      if not isinstance(key, six.string_types):
>       raise ValueError(
            'key must be a string. Got: type {}. Given key: {}.'.format(
                type(key), key))
E       ValueError: key must be a string. Got: type <class 'int'>. Given key: 123.

D:\Coding\Anaconda\envs\testagent-experiment\lib\site-packages\tensorflow\python\feature_column\utils.py:59: ValueError
_ TestSequenceFeatureColumnG3.test_parameter_type_validation[sequence_categorical_column_with_hash_bucket-invalid_params1-TypeError] _

self = <test_tensorflow_python_feature_column_sequence_feature_column_g3.TestSequenceFeatureColumnG3 object at 0x00000225EF63F7C0>
func_name = 'sequence_categorical_column_with_hash_bucket'
invalid_params = {'hash_bucket_size': 100, 'key': None}
expected_error = <class 'TypeError'>

    @pytest.mark.parametrize("func_name,invalid_params,expected_error", [
        # Test invalid key parameter (non-string)
        ("sequence_categorical_column_with_identity",
         {"key": 123, "num_buckets": 10},
         TypeError),
        ("sequence_categorical_column_with_hash_bucket",
         {"key": None, "hash_bucket_size": 100},
         TypeError),
    
        # Test invalid dtype parameter
        ("sequence_categorical_column_with_hash_bucket",
         {"key": "test_feature", "hash_bucket_size": 100, "dtype": "invalid_type"},
         TypeError),
        ("sequence_numeric_column",
         {"key": "test_feature", "shape": (10,), "dtype": "invalid_dtype"},
         TypeError),
    
        # Test invalid shape parameter (non-tuple/list)
        ("sequence_numeric_column",
         {"key": "test_feature", "shape": "not_a_shape", "dtype": tf.float32},
         TypeError),
    
        # Test invalid vocabulary_list parameter
        ("sequence_categorical_column_with_vocabulary_list",
         {"key": "test_feature", "vocabulary_list": "not_an_iterable"},
         TypeError),
    ])
    def test_parameter_type_validation(self, func_name, invalid_params, expected_error):
        """Test parameter type validation (CASE_08)."""
        # Get the function
        func = globals()[func_name]
    
        # Weak assertions: Check that exception is raised
        with pytest.raises(expected_error) as exc_info:
>           func(**invalid_params)

tests\test_tensorflow_python_feature_column_sequence_feature_column_g3.py:136: 
_ _ _ _ _ _ _ _ _ _ _ _ _ _ _ _ _ _ _ _ _ _ _ _ _ _ _ _ _ _ _ _ _ _ _ _ _ _ _ _
D:\Coding\Anaconda\envs\testagent-experiment\lib\site-packages\tensorflow\python\feature_column\sequence_feature_column.py:175: in sequence_categorical_column_with_hash_bucket
    fc.categorical_column_with_hash_bucket(
D:\Coding\Anaconda\envs\testagent-experiment\lib\site-packages\tensorflow\python\feature_column\feature_column_v2.py:1236: in categorical_column_with_hash_bucket
    fc_utils.assert_key_is_string(key)
_ _ _ _ _ _ _ _ _ _ _ _ _ _ _ _ _ _ _ _ _ _ _ _ _ _ _ _ _ _ _ _ _ _ _ _ _ _ _ _

key = None

    def assert_key_is_string(key):
      if not isinstance(key, six.string_types):
>       raise ValueError(
            'key must be a string. Got: type {}. Given key: {}.'.format(
                type(key), key))
E       ValueError: key must be a string. Got: type <class 'NoneType'>. Given key: None.

D:\Coding\Anaconda\envs\testagent-experiment\lib\site-packages\tensorflow\python\feature_column\utils.py:59: ValueError
_ TestSequenceFeatureColumnG3.test_parameter_type_validation[sequence_categorical_column_with_hash_bucket-invalid_params2-TypeError] _

self = <test_tensorflow_python_feature_column_sequence_feature_column_g3.TestSequenceFeatureColumnG3 object at 0x00000225EF63FAC0>
func_name = 'sequence_categorical_column_with_hash_bucket'
invalid_params = {'dtype': 'invalid_type', 'hash_bucket_size': 100, 'key': 'test_feature'}
expected_error = <class 'TypeError'>

    @pytest.mark.parametrize("func_name,invalid_params,expected_error", [
        # Test invalid key parameter (non-string)
        ("sequence_categorical_column_with_identity",
         {"key": 123, "num_buckets": 10},
         TypeError),
        ("sequence_categorical_column_with_hash_bucket",
         {"key": None, "hash_bucket_size": 100},
         TypeError),
    
        # Test invalid dtype parameter
        ("sequence_categorical_column_with_hash_bucket",
         {"key": "test_feature", "hash_bucket_size": 100, "dtype": "invalid_type"},
         TypeError),
        ("sequence_numeric_column",
         {"key": "test_feature", "shape": (10,), "dtype": "invalid_dtype"},
         TypeError),
    
        # Test invalid shape parameter (non-tuple/list)
        ("sequence_numeric_column",
         {"key": "test_feature", "shape": "not_a_shape", "dtype": tf.float32},
         TypeError),
    
        # Test invalid vocabulary_list parameter
        ("sequence_categorical_column_with_vocabulary_list",
         {"key": "test_feature", "vocabulary_list": "not_an_iterable"},
         TypeError),
    ])
    def test_parameter_type_validation(self, func_name, invalid_params, expected_error):
        """Test parameter type validation (CASE_08)."""
        # Get the function
        func = globals()[func_name]
    
        # Weak assertions: Check that exception is raised
        with pytest.raises(expected_error) as exc_info:
>           func(**invalid_params)

tests\test_tensorflow_python_feature_column_sequence_feature_column_g3.py:136: 
_ _ _ _ _ _ _ _ _ _ _ _ _ _ _ _ _ _ _ _ _ _ _ _ _ _ _ _ _ _ _ _ _ _ _ _ _ _ _ _
D:\Coding\Anaconda\envs\testagent-experiment\lib\site-packages\tensorflow\python\feature_column\sequence_feature_column.py:175: in sequence_categorical_column_with_hash_bucket
    fc.categorical_column_with_hash_bucket(
D:\Coding\Anaconda\envs\testagent-experiment\lib\site-packages\tensorflow\python\feature_column\feature_column_v2.py:1237: in categorical_column_with_hash_bucket
    fc_utils.assert_string_or_int(dtype, prefix='column_name: {}'.format(key))
_ _ _ _ _ _ _ _ _ _ _ _ _ _ _ _ _ _ _ _ _ _ _ _ _ _ _ _ _ _ _ _ _ _ _ _ _ _ _ _

dtype = 'invalid_type', prefix = 'column_name: test_feature'

    def assert_string_or_int(dtype, prefix):
>     if (dtype != dtypes.string) and (not dtype.is_integer):
E     AttributeError: 'str' object has no attribute 'is_integer'

D:\Coding\Anaconda\envs\testagent-experiment\lib\site-packages\tensorflow\python\feature_column\utils.py:52: AttributeError
_ TestSequenceFeatureColumnG3.test_parameter_type_validation[sequence_numeric_column-invalid_params3-TypeError] _

self = <test_tensorflow_python_feature_column_sequence_feature_column_g3.TestSequenceFeatureColumnG3 object at 0x00000225EF63FB80>
func_name = 'sequence_numeric_column'
invalid_params = {'dtype': 'invalid_dtype', 'key': 'test_feature', 'shape': (10,)}
expected_error = <class 'TypeError'>

    @pytest.mark.parametrize("func_name,invalid_params,expected_error", [
        # Test invalid key parameter (non-string)
        ("sequence_categorical_column_with_identity",
         {"key": 123, "num_buckets": 10},
         TypeError),
        ("sequence_categorical_column_with_hash_bucket",
         {"key": None, "hash_bucket_size": 100},
         TypeError),
    
        # Test invalid dtype parameter
        ("sequence_categorical_column_with_hash_bucket",
         {"key": "test_feature", "hash_bucket_size": 100, "dtype": "invalid_type"},
         TypeError),
        ("sequence_numeric_column",
         {"key": "test_feature", "shape": (10,), "dtype": "invalid_dtype"},
         TypeError),
    
        # Test invalid shape parameter (non-tuple/list)
        ("sequence_numeric_column",
         {"key": "test_feature", "shape": "not_a_shape", "dtype": tf.float32},
         TypeError),
    
        # Test invalid vocabulary_list parameter
        ("sequence_categorical_column_with_vocabulary_list",
         {"key": "test_feature", "vocabulary_list": "not_an_iterable"},
         TypeError),
    ])
    def test_parameter_type_validation(self, func_name, invalid_params, expected_error):
        """Test parameter type validation (CASE_08)."""
        # Get the function
        func = globals()[func_name]
    
        # Weak assertions: Check that exception is raised
        with pytest.raises(expected_error) as exc_info:
>           func(**invalid_params)

tests\test_tensorflow_python_feature_column_sequence_feature_column_g3.py:136: 
_ _ _ _ _ _ _ _ _ _ _ _ _ _ _ _ _ _ _ _ _ _ _ _ _ _ _ _ _ _ _ _ _ _ _ _ _ _ _ _

key = 'test_feature', shape = (10,), default_value = 0.0
dtype = 'invalid_dtype', normalizer_fn = None

    @tf_export('feature_column.sequence_numeric_column')
    def sequence_numeric_column(
        key,
        shape=(1,),
        default_value=0.,
        dtype=dtypes.float32,
        normalizer_fn=None):
      """Returns a feature column that represents sequences of numeric data.
    
      Example:
    
      ```python
      temperature = sequence_numeric_column('temperature')
      columns = [temperature]
    
      features = tf.io.parse_example(..., features=make_parse_example_spec(columns))
      sequence_feature_layer = SequenceFeatures(columns)
      sequence_input, sequence_length = sequence_feature_layer(features)
      sequence_length_mask = tf.sequence_mask(sequence_length)
    
      rnn_cell = tf.keras.layers.SimpleRNNCell(hidden_size)
      rnn_layer = tf.keras.layers.RNN(rnn_cell)
      outputs, state = rnn_layer(sequence_input, mask=sequence_length_mask)
      ```
    
      Args:
        key: A unique string identifying the input features.
        shape: The shape of the input data per sequence id. E.g. if `shape=(2,)`,
          each example must contain `2 * sequence_length` values.
        default_value: A single value compatible with `dtype` that is used for
          padding the sparse data into a dense `Tensor`.
        dtype: The type of values.
        normalizer_fn: If not `None`, a function that can be used to normalize the
          value of the tensor after `default_value` is applied for parsing.
          Normalizer function takes the input `Tensor` as its argument, and returns
          the output `Tensor`. (e.g. lambda x: (x - 3.0) / 4.2). Please note that
          even though the most common use case of this function is normalization, it
          can be used for any kind of Tensorflow transformations.
    
      Returns:
        A `SequenceNumericColumn`.
    
      Raises:
        TypeError: if any dimension in shape is not an int.
        ValueError: if any dimension in shape is not a positive integer.
        ValueError: if `dtype` is not convertible to `tf.float32`.
      """
      shape = fc._check_shape(shape=shape, key=key)
>     if not (dtype.is_integer or dtype.is_floating):
E     AttributeError: 'str' object has no attribute 'is_integer'

D:\Coding\Anaconda\envs\testagent-experiment\lib\site-packages\tensorflow\python\feature_column\sequence_feature_column.py:356: AttributeError
_ TestSequenceFeatureColumnG3.test_parameter_type_validation[sequence_numeric_column-invalid_params4-TypeError] _

self = <test_tensorflow_python_feature_column_sequence_feature_column_g3.TestSequenceFeatureColumnG3 object at 0x00000225EF63FC40>
func_name = 'sequence_numeric_column'
invalid_params = {'dtype': tf.float32, 'key': 'test_feature', 'shape': 'not_a_shape'}
expected_error = <class 'TypeError'>

    @pytest.mark.parametrize("func_name,invalid_params,expected_error", [
        # Test invalid key parameter (non-string)
        ("sequence_categorical_column_with_identity",
         {"key": 123, "num_buckets": 10},
         TypeError),
        ("sequence_categorical_column_with_hash_bucket",
         {"key": None, "hash_bucket_size": 100},
         TypeError),
    
        # Test invalid dtype parameter
        ("sequence_categorical_column_with_hash_bucket",
         {"key": "test_feature", "hash_bucket_size": 100, "dtype": "invalid_type"},
         TypeError),
        ("sequence_numeric_column",
         {"key": "test_feature", "shape": (10,), "dtype": "invalid_dtype"},
         TypeError),
    
        # Test invalid shape parameter (non-tuple/list)
        ("sequence_numeric_column",
         {"key": "test_feature", "shape": "not_a_shape", "dtype": tf.float32},
         TypeError),
    
        # Test invalid vocabulary_list parameter
        ("sequence_categorical_column_with_vocabulary_list",
         {"key": "test_feature", "vocabulary_list": "not_an_iterable"},
         TypeError),
    ])
    def test_parameter_type_validation(self, func_name, invalid_params, expected_error):
        """Test parameter type validation (CASE_08)."""
        # Get the function
        func = globals()[func_name]
    
        # Weak assertions: Check that exception is raised
        with pytest.raises(expected_error) as exc_info:
            func(**invalid_params)
    
        # Check exception type
        assert exc_info.type == expected_error
    
        # Check error message contains relevant information
        error_msg = str(exc_info.value).lower()
    
        # Check for parameter name in error message based on invalid parameter
        if 'key' in invalid_params and not isinstance(invalid_params['key'], str):
            assert 'key' in error_msg or 'name' in error_msg or 'string' in error_msg
        elif 'dtype' in invalid_params:
>           assert 'dtype' in error_msg or 'type' in error_msg
E           assert ('dtype' in "shape dimensions must be integer. shape: ('not_a_shape',), key: test_feature" or 'type' in "shape dimensions must be integer. shape: ('not_a_shape',), key: test_feature")

tests\test_tensorflow_python_feature_column_sequence_feature_column_g3.py:148: AssertionError
_ TestSequenceFeatureColumnG3.test_parameter_type_validation[sequence_categorical_column_with_vocabulary_list-invalid_params5-TypeError] _

self = <test_tensorflow_python_feature_column_sequence_feature_column_g3.TestSequenceFeatureColumnG3 object at 0x00000225EF63FD00>
func_name = 'sequence_categorical_column_with_vocabulary_list'
invalid_params = {'key': 'test_feature', 'vocabulary_list': 'not_an_iterable'}
expected_error = <class 'TypeError'>

    @pytest.mark.parametrize("func_name,invalid_params,expected_error", [
        # Test invalid key parameter (non-string)
        ("sequence_categorical_column_with_identity",
         {"key": 123, "num_buckets": 10},
         TypeError),
        ("sequence_categorical_column_with_hash_bucket",
         {"key": None, "hash_bucket_size": 100},
         TypeError),
    
        # Test invalid dtype parameter
        ("sequence_categorical_column_with_hash_bucket",
         {"key": "test_feature", "hash_bucket_size": 100, "dtype": "invalid_type"},
         TypeError),
        ("sequence_numeric_column",
         {"key": "test_feature", "shape": (10,), "dtype": "invalid_dtype"},
         TypeError),
    
        # Test invalid shape parameter (non-tuple/list)
        ("sequence_numeric_column",
         {"key": "test_feature", "shape": "not_a_shape", "dtype": tf.float32},
         TypeError),
    
        # Test invalid vocabulary_list parameter
        ("sequence_categorical_column_with_vocabulary_list",
         {"key": "test_feature", "vocabulary_list": "not_an_iterable"},
         TypeError),
    ])
    def test_parameter_type_validation(self, func_name, invalid_params, expected_error):
        """Test parameter type validation (CASE_08)."""
        # Get the function
        func = globals()[func_name]
    
        # Weak assertions: Check that exception is raised
        with pytest.raises(expected_error) as exc_info:
>           func(**invalid_params)

tests\test_tensorflow_python_feature_column_sequence_feature_column_g3.py:136: 
_ _ _ _ _ _ _ _ _ _ _ _ _ _ _ _ _ _ _ _ _ _ _ _ _ _ _ _ _ _ _ _ _ _ _ _ _ _ _ _
D:\Coding\Anaconda\envs\testagent-experiment\lib\site-packages\tensorflow\python\feature_column\sequence_feature_column.py:300: in sequence_categorical_column_with_vocabulary_list
    fc.categorical_column_with_vocabulary_list(
_ _ _ _ _ _ _ _ _ _ _ _ _ _ _ _ _ _ _ _ _ _ _ _ _ _ _ _ _ _ _ _ _ _ _ _ _ _ _ _

key = 'test_feature', vocabulary_list = 'not_an_iterable', dtype = None
default_value = -1, num_oov_buckets = 0

    @tf_export('feature_column.categorical_column_with_vocabulary_list')
    def categorical_column_with_vocabulary_list(key,
                                                vocabulary_list,
                                                dtype=None,
                                                default_value=-1,
                                                num_oov_buckets=0):
      """A `CategoricalColumn` with in-memory vocabulary.
    
      Use this when your inputs are in string or integer format, and you have an
      in-memory vocabulary mapping each value to an integer ID. By default,
      out-of-vocabulary values are ignored. Use either (but not both) of
      `num_oov_buckets` and `default_value` to specify how to include
      out-of-vocabulary values.
    
      For input dictionary `features`, `features[key]` is either `Tensor` or
      `SparseTensor`. If `Tensor`, missing values can be represented by `-1` for int
      and `''` for string, which will be dropped by this feature column.
    
      Example with `num_oov_buckets`:
      In the following example, each input in `vocabulary_list` is assigned an ID
      0-3 corresponding to its index (e.g., input 'B' produces output 2). All other
      inputs are hashed and assigned an ID 4-5.
    
      ```python
      colors = categorical_column_with_vocabulary_list(
          key='colors', vocabulary_list=('R', 'G', 'B', 'Y'),
          num_oov_buckets=2)
      columns = [colors, ...]
      features = tf.io.parse_example(..., features=make_parse_example_spec(columns))
      linear_prediction, _, _ = linear_model(features, columns)
      ```
    
      Example with `default_value`:
      In the following example, each input in `vocabulary_list` is assigned an ID
      0-4 corresponding to its index (e.g., input 'B' produces output 3). All other
      inputs are assigned `default_value` 0.
    
    
      ```python
      colors = categorical_column_with_vocabulary_list(
          key='colors', vocabulary_list=('X', 'R', 'G', 'B', 'Y'), default_value=0)
      columns = [colors, ...]
      features = tf.io.parse_example(..., features=make_parse_example_spec(columns))
      linear_prediction, _, _ = linear_model(features, columns)
      ```
    
      And to make an embedding with either:
    
      ```python
      columns = [embedding_column(colors, 3),...]
      features = tf.io.parse_example(..., features=make_parse_example_spec(columns))
      dense_tensor = input_layer(features, columns)
      ```
    
      Args:
        key: A unique string identifying the input feature. It is used as the column
          name and the dictionary key for feature parsing configs, feature `Tensor`
          objects, and feature columns.
        vocabulary_list: An ordered iterable defining the vocabulary. Each feature
          is mapped to the index of its value (if present) in `vocabulary_list`.
          Must be castable to `dtype`.
        dtype: The type of features. Only string and integer types are supported. If
          `None`, it will be inferred from `vocabulary_list`.
        default_value: The integer ID value to return for out-of-vocabulary feature
          values, defaults to `-1`. This can not be specified with a positive
          `num_oov_buckets`.
        num_oov_buckets: Non-negative integer, the number of out-of-vocabulary
          buckets. All out-of-vocabulary inputs will be assigned IDs in the range
          `[len(vocabulary_list), len(vocabulary_list)+num_oov_buckets)` based on a
          hash of the input value. A positive `num_oov_buckets` can not be specified
          with `default_value`.
    
      Returns:
        A `CategoricalColumn` with in-memory vocabulary.
    
      Raises:
        ValueError: if `vocabulary_list` is empty, or contains duplicate keys.
        ValueError: `num_oov_buckets` is a negative integer.
        ValueError: `num_oov_buckets` and `default_value` are both specified.
        ValueError: if `dtype` is not integer or string.
      """
      if (vocabulary_list is None) or (len(vocabulary_list) < 1):
        raise ValueError(
            'vocabulary_list {} must be non-empty, column_name: {}'.format(
                vocabulary_list, key))
      if len(set(vocabulary_list)) != len(vocabulary_list):
>       raise ValueError(
            'Duplicate keys in vocabulary_list {}, column_name: {}'.format(
                vocabulary_list, key))
E       ValueError: Duplicate keys in vocabulary_list not_an_iterable, column_name: test_feature

D:\Coding\Anaconda\envs\testagent-experiment\lib\site-packages\tensorflow\python\feature_column\feature_column_v2.py:1568: ValueError
_ TestSequenceFeatureColumnG3.test_parameter_combination_validation[sequence_categorical_column_with_vocabulary_list-invalid_params0-ValueError-error_keywords0] _

self = <test_tensorflow_python_feature_column_sequence_feature_column_g3.TestSequenceFeatureColumnG3 object at 0x00000225EF63FE20>
func_name = 'sequence_categorical_column_with_vocabulary_list'
invalid_params = {'default_value': 0, 'key': 'test_feature', 'num_oov_buckets': 1, 'vocabulary_list': ['cat', 'dog']}
expected_error = <class 'ValueError'>
error_keywords = ['default_value', 'num_oov_buckets', 'mutual', 'exclusive']
mock_vocab_file = 'C:\\Users\\Administrator\\AppData\\Local\\Temp\\pytest-of-Administrator\\pytest-0\\test_parameter_combination_val0\\vocab.txt'

    @pytest.mark.parametrize("func_name,invalid_params,expected_error,error_keywords", [
        # Test default_value and num_oov_buckets mutual exclusion
        ("sequence_categorical_column_with_vocabulary_list",
         {"key": "test_feature", "vocabulary_list": ["cat", "dog"], "default_value": 0, "num_oov_buckets": 1},
         ValueError,
         ["default_value", "num_oov_buckets", "mutual", "exclusive"]),
    
        # Test vocabulary_file requires vocabulary_size
        ("sequence_categorical_column_with_vocabulary_file",
         {"key": "test_feature", "vocabulary_file": "/tmp/vocab.txt"},
         ValueError,
         ["vocabulary_size", "required"]),
    
        # Test empty vocabulary_list
        ("sequence_categorical_column_with_vocabulary_list",
         {"key": "test_feature", "vocabulary_list": []},
         ValueError,
         ["vocabulary", "empty"]),
    
        # Test empty key string
        ("sequence_categorical_column_with_identity",
         {"key": "", "num_buckets": 10},
         ValueError,
         ["key", "empty"]),
    
        # Test negative default_value for categorical column
        ("sequence_categorical_column_with_identity",
         {"key": "test_feature", "num_buckets": 10, "default_value": -1},
         ValueError,
         ["default_value", "range", "0", "num_buckets"]),
    
        # Test default_value out of range for categorical column
        ("sequence_categorical_column_with_identity",
         {"key": "test_feature", "num_buckets": 10, "default_value": 15},
         ValueError,
         ["default_value", "range", "0", "num_buckets"]),
    ])
    def test_parameter_combination_validation(self, func_name, invalid_params, expected_error, error_keywords, mock_vocab_file):
        """Test parameter combination validation (CASE_09)."""
        # Get the function
        func = globals()[func_name]
    
        # Replace placeholder paths with actual mock file
        params = invalid_params.copy()
        if 'vocabulary_file' in params and params['vocabulary_file'] == "/tmp/vocab.txt":
            params['vocabulary_file'] = mock_vocab_file
            # Add vocabulary_size if needed
            if 'vocabulary_size' not in params:
                params['vocabulary_size'] = 100
    
        # Weak assertions: Check that exception is raised
        with pytest.raises(expected_error) as exc_info:
            func(**params)
    
        # Check exception type
        assert exc_info.type == expected_error
    
        # Check error message contains relevant keywords
        error_msg = str(exc_info.value).lower()
        for keyword in error_keywords:
>           assert keyword.lower() in error_msg, f"Expected keyword '{keyword}' not found in error message: {error_msg}"
E           AssertionError: Expected keyword 'mutual' not found in error message: can't specify both num_oov_buckets and default_value in test_feature.
E           assert 'mutual' in "can't specify both num_oov_buckets and default_value in test_feature."
E            +  where 'mutual' = <built-in method lower of str object at 0x00000225C948C7F0>()
E            +    where <built-in method lower of str object at 0x00000225C948C7F0> = 'mutual'.lower

tests\test_tensorflow_python_feature_column_sequence_feature_column_g3.py:248: AssertionError
_ TestSequenceFeatureColumnG3.test_parameter_combination_validation[sequence_categorical_column_with_vocabulary_file-invalid_params1-ValueError-error_keywords1] _

self = <test_tensorflow_python_feature_column_sequence_feature_column_g3.TestSequenceFeatureColumnG3 object at 0x00000225EF655040>
func_name = 'sequence_categorical_column_with_vocabulary_file'
invalid_params = {'key': 'test_feature', 'vocabulary_file': '/tmp/vocab.txt'}
expected_error = <class 'ValueError'>
error_keywords = ['vocabulary_size', 'required']
mock_vocab_file = 'C:\\Users\\Administrator\\AppData\\Local\\Temp\\pytest-of-Administrator\\pytest-0\\test_parameter_combination_val1\\vocab.txt'

    @pytest.mark.parametrize("func_name,invalid_params,expected_error,error_keywords", [
        # Test default_value and num_oov_buckets mutual exclusion
        ("sequence_categorical_column_with_vocabulary_list",
         {"key": "test_feature", "vocabulary_list": ["cat", "dog"], "default_value": 0, "num_oov_buckets": 1},
         ValueError,
         ["default_value", "num_oov_buckets", "mutual", "exclusive"]),
    
        # Test vocabulary_file requires vocabulary_size
        ("sequence_categorical_column_with_vocabulary_file",
         {"key": "test_feature", "vocabulary_file": "/tmp/vocab.txt"},
         ValueError,
         ["vocabulary_size", "required"]),
    
        # Test empty vocabulary_list
        ("sequence_categorical_column_with_vocabulary_list",
         {"key": "test_feature", "vocabulary_list": []},
         ValueError,
         ["vocabulary", "empty"]),
    
        # Test empty key string
        ("sequence_categorical_column_with_identity",
         {"key": "", "num_buckets": 10},
         ValueError,
         ["key", "empty"]),
    
        # Test negative default_value for categorical column
        ("sequence_categorical_column_with_identity",
         {"key": "test_feature", "num_buckets": 10, "default_value": -1},
         ValueError,
         ["default_value", "range", "0", "num_buckets"]),
    
        # Test default_value out of range for categorical column
        ("sequence_categorical_column_with_identity",
         {"key": "test_feature", "num_buckets": 10, "default_value": 15},
         ValueError,
         ["default_value", "range", "0", "num_buckets"]),
    ])
    def test_parameter_combination_validation(self, func_name, invalid_params, expected_error, error_keywords, mock_vocab_file):
        """Test parameter combination validation (CASE_09)."""
        # Get the function
        func = globals()[func_name]
    
        # Replace placeholder paths with actual mock file
        params = invalid_params.copy()
        if 'vocabulary_file' in params and params['vocabulary_file'] == "/tmp/vocab.txt":
            params['vocabulary_file'] = mock_vocab_file
            # Add vocabulary_size if needed
            if 'vocabulary_size' not in params:
                params['vocabulary_size'] = 100
    
        # Weak assertions: Check that exception is raised
        with pytest.raises(expected_error) as exc_info:
>           func(**params)
E           Failed: DID NOT RAISE <class 'ValueError'>

tests\test_tensorflow_python_feature_column_sequence_feature_column_g3.py:240: Failed
_ TestSequenceFeatureColumnG3.test_parameter_combination_validation[sequence_categorical_column_with_identity-invalid_params3-ValueError-error_keywords3] _

self = <test_tensorflow_python_feature_column_sequence_feature_column_g3.TestSequenceFeatureColumnG3 object at 0x00000225EF655400>
func_name = 'sequence_categorical_column_with_identity'
invalid_params = {'key': '', 'num_buckets': 10}
expected_error = <class 'ValueError'>, error_keywords = ['key', 'empty']
mock_vocab_file = 'C:\\Users\\Administrator\\AppData\\Local\\Temp\\pytest-of-Administrator\\pytest-0\\test_parameter_combination_val3\\vocab.txt'

    @pytest.mark.parametrize("func_name,invalid_params,expected_error,error_keywords", [
        # Test default_value and num_oov_buckets mutual exclusion
        ("sequence_categorical_column_with_vocabulary_list",
         {"key": "test_feature", "vocabulary_list": ["cat", "dog"], "default_value": 0, "num_oov_buckets": 1},
         ValueError,
         ["default_value", "num_oov_buckets", "mutual", "exclusive"]),
    
        # Test vocabulary_file requires vocabulary_size
        ("sequence_categorical_column_with_vocabulary_file",
         {"key": "test_feature", "vocabulary_file": "/tmp/vocab.txt"},
         ValueError,
         ["vocabulary_size", "required"]),
    
        # Test empty vocabulary_list
        ("sequence_categorical_column_with_vocabulary_list",
         {"key": "test_feature", "vocabulary_list": []},
         ValueError,
         ["vocabulary", "empty"]),
    
        # Test empty key string
        ("sequence_categorical_column_with_identity",
         {"key": "", "num_buckets": 10},
         ValueError,
         ["key", "empty"]),
    
        # Test negative default_value for categorical column
        ("sequence_categorical_column_with_identity",
         {"key": "test_feature", "num_buckets": 10, "default_value": -1},
         ValueError,
         ["default_value", "range", "0", "num_buckets"]),
    
        # Test default_value out of range for categorical column
        ("sequence_categorical_column_with_identity",
         {"key": "test_feature", "num_buckets": 10, "default_value": 15},
         ValueError,
         ["default_value", "range", "0", "num_buckets"]),
    ])
    def test_parameter_combination_validation(self, func_name, invalid_params, expected_error, error_keywords, mock_vocab_file):
        """Test parameter combination validation (CASE_09)."""
        # Get the function
        func = globals()[func_name]
    
        # Replace placeholder paths with actual mock file
        params = invalid_params.copy()
        if 'vocabulary_file' in params and params['vocabulary_file'] == "/tmp/vocab.txt":
            params['vocabulary_file'] = mock_vocab_file
            # Add vocabulary_size if needed
            if 'vocabulary_size' not in params:
                params['vocabulary_size'] = 100
    
        # Weak assertions: Check that exception is raised
        with pytest.raises(expected_error) as exc_info:
>           func(**params)
E           Failed: DID NOT RAISE <class 'ValueError'>

tests\test_tensorflow_python_feature_column_sequence_feature_column_g3.py:240: Failed
_ TestSequenceFeatureColumnG3.test_parameter_combination_validation[sequence_categorical_column_with_identity-invalid_params4-ValueError-error_keywords4] _

self = <test_tensorflow_python_feature_column_sequence_feature_column_g3.TestSequenceFeatureColumnG3 object at 0x00000225EF6554C0>
func_name = 'sequence_categorical_column_with_identity'
invalid_params = {'default_value': -1, 'key': 'test_feature', 'num_buckets': 10}
expected_error = <class 'ValueError'>
error_keywords = ['default_value', 'range', '0', 'num_buckets']
mock_vocab_file = 'C:\\Users\\Administrator\\AppData\\Local\\Temp\\pytest-of-Administrator\\pytest-0\\test_parameter_combination_val4\\vocab.txt'

    @pytest.mark.parametrize("func_name,invalid_params,expected_error,error_keywords", [
        # Test default_value and num_oov_buckets mutual exclusion
        ("sequence_categorical_column_with_vocabulary_list",
         {"key": "test_feature", "vocabulary_list": ["cat", "dog"], "default_value": 0, "num_oov_buckets": 1},
         ValueError,
         ["default_value", "num_oov_buckets", "mutual", "exclusive"]),
    
        # Test vocabulary_file requires vocabulary_size
        ("sequence_categorical_column_with_vocabulary_file",
         {"key": "test_feature", "vocabulary_file": "/tmp/vocab.txt"},
         ValueError,
         ["vocabulary_size", "required"]),
    
        # Test empty vocabulary_list
        ("sequence_categorical_column_with_vocabulary_list",
         {"key": "test_feature", "vocabulary_list": []},
         ValueError,
         ["vocabulary", "empty"]),
    
        # Test empty key string
        ("sequence_categorical_column_with_identity",
         {"key": "", "num_buckets": 10},
         ValueError,
         ["key", "empty"]),
    
        # Test negative default_value for categorical column
        ("sequence_categorical_column_with_identity",
         {"key": "test_feature", "num_buckets": 10, "default_value": -1},
         ValueError,
         ["default_value", "range", "0", "num_buckets"]),
    
        # Test default_value out of range for categorical column
        ("sequence_categorical_column_with_identity",
         {"key": "test_feature", "num_buckets": 10, "default_value": 15},
         ValueError,
         ["default_value", "range", "0", "num_buckets"]),
    ])
    def test_parameter_combination_validation(self, func_name, invalid_params, expected_error, error_keywords, mock_vocab_file):
        """Test parameter combination validation (CASE_09)."""
        # Get the function
        func = globals()[func_name]
    
        # Replace placeholder paths with actual mock file
        params = invalid_params.copy()
        if 'vocabulary_file' in params and params['vocabulary_file'] == "/tmp/vocab.txt":
            params['vocabulary_file'] = mock_vocab_file
            # Add vocabulary_size if needed
            if 'vocabulary_size' not in params:
                params['vocabulary_size'] = 100
    
        # Weak assertions: Check that exception is raised
        with pytest.raises(expected_error) as exc_info:
            func(**params)
    
        # Check exception type
        assert exc_info.type == expected_error
    
        # Check error message contains relevant keywords
        error_msg = str(exc_info.value).lower()
        for keyword in error_keywords:
>           assert keyword.lower() in error_msg, f"Expected keyword '{keyword}' not found in error message: {error_msg}"
E           AssertionError: Expected keyword 'num_buckets' not found in error message: default_value -1 not in range [0, 10), column_name test_feature
E           assert 'num_buckets' in 'default_value -1 not in range [0, 10), column_name test_feature'
E            +  where 'num_buckets' = <built-in method lower of str object at 0x00000225C9474B30>()
E            +    where <built-in method lower of str object at 0x00000225C9474B30> = 'num_buckets'.lower

tests\test_tensorflow_python_feature_column_sequence_feature_column_g3.py:248: AssertionError
_ TestSequenceFeatureColumnG3.test_parameter_combination_validation[sequence_categorical_column_with_identity-invalid_params5-ValueError-error_keywords5] _

self = <test_tensorflow_python_feature_column_sequence_feature_column_g3.TestSequenceFeatureColumnG3 object at 0x00000225EF655580>
func_name = 'sequence_categorical_column_with_identity'
invalid_params = {'default_value': 15, 'key': 'test_feature', 'num_buckets': 10}
expected_error = <class 'ValueError'>
error_keywords = ['default_value', 'range', '0', 'num_buckets']
mock_vocab_file = 'C:\\Users\\Administrator\\AppData\\Local\\Temp\\pytest-of-Administrator\\pytest-0\\test_parameter_combination_val5\\vocab.txt'

    @pytest.mark.parametrize("func_name,invalid_params,expected_error,error_keywords", [
        # Test default_value and num_oov_buckets mutual exclusion
        ("sequence_categorical_column_with_vocabulary_list",
         {"key": "test_feature", "vocabulary_list": ["cat", "dog"], "default_value": 0, "num_oov_buckets": 1},
         ValueError,
         ["default_value", "num_oov_buckets", "mutual", "exclusive"]),
    
        # Test vocabulary_file requires vocabulary_size
        ("sequence_categorical_column_with_vocabulary_file",
         {"key": "test_feature", "vocabulary_file": "/tmp/vocab.txt"},
         ValueError,
         ["vocabulary_size", "required"]),
    
        # Test empty vocabulary_list
        ("sequence_categorical_column_with_vocabulary_list",
         {"key": "test_feature", "vocabulary_list": []},
         ValueError,
         ["vocabulary", "empty"]),
    
        # Test empty key string
        ("sequence_categorical_column_with_identity",
         {"key": "", "num_buckets": 10},
         ValueError,
         ["key", "empty"]),
    
        # Test negative default_value for categorical column
        ("sequence_categorical_column_with_identity",
         {"key": "test_feature", "num_buckets": 10, "default_value": -1},
         ValueError,
         ["default_value", "range", "0", "num_buckets"]),
    
        # Test default_value out of range for categorical column
        ("sequence_categorical_column_with_identity",
         {"key": "test_feature", "num_buckets": 10, "default_value": 15},
         ValueError,
         ["default_value", "range", "0", "num_buckets"]),
    ])
    def test_parameter_combination_validation(self, func_name, invalid_params, expected_error, error_keywords, mock_vocab_file):
        """Test parameter combination validation (CASE_09)."""
        # Get the function
        func = globals()[func_name]
    
        # Replace placeholder paths with actual mock file
        params = invalid_params.copy()
        if 'vocabulary_file' in params and params['vocabulary_file'] == "/tmp/vocab.txt":
            params['vocabulary_file'] = mock_vocab_file
            # Add vocabulary_size if needed
            if 'vocabulary_size' not in params:
                params['vocabulary_size'] = 100
    
        # Weak assertions: Check that exception is raised
        with pytest.raises(expected_error) as exc_info:
            func(**params)
    
        # Check exception type
        assert exc_info.type == expected_error
    
        # Check error message contains relevant keywords
        error_msg = str(exc_info.value).lower()
        for keyword in error_keywords:
>           assert keyword.lower() in error_msg, f"Expected keyword '{keyword}' not found in error message: {error_msg}"
E           AssertionError: Expected keyword 'num_buckets' not found in error message: default_value 15 not in range [0, 10), column_name test_feature
E           assert 'num_buckets' in 'default_value 15 not in range [0, 10), column_name test_feature'
E            +  where 'num_buckets' = <built-in method lower of str object at 0x00000225C9474B30>()
E            +    where <built-in method lower of str object at 0x00000225C9474B30> = 'num_buckets'.lower

tests\test_tensorflow_python_feature_column_sequence_feature_column_g3.py:248: AssertionError

---------- coverage: platform win32, python 3.9.25-final-0 -----------
Name                                                                        Stmts   Miss Branch BrPart  Cover   Missing
-----------------------------------------------------------------------------------------------------------------------
tests\test_tensorflow_python_feature_column_sequence_feature_column_g3.py     118     44     70     10    53%   72->78, 83->90, 86->90, 97-98, 146, 149-184, 235->239, 256, 257->273, 260-270, 276-277, 283
-----------------------------------------------------------------------------------------------------------------------
TOTAL                                                                         118     44     70     10    53%
Coverage XML written to file coverage.xml

=========================== short test summary info ===========================
FAILED tests\test_tensorflow_python_feature_column_sequence_feature_column_g3.py::TestSequenceFeatureColumnG3::test_parameter_type_validation[sequence_categorical_column_with_identity-invalid_params0-TypeError]
FAILED tests\test_tensorflow_python_feature_column_sequence_feature_column_g3.py::TestSequenceFeatureColumnG3::test_parameter_type_validation[sequence_categorical_column_with_hash_bucket-invalid_params1-TypeError]
FAILED tests\test_tensorflow_python_feature_column_sequence_feature_column_g3.py::TestSequenceFeatureColumnG3::test_parameter_type_validation[sequence_categorical_column_with_hash_bucket-invalid_params2-TypeError]
FAILED tests\test_tensorflow_python_feature_column_sequence_feature_column_g3.py::TestSequenceFeatureColumnG3::test_parameter_type_validation[sequence_numeric_column-invalid_params3-TypeError]
FAILED tests\test_tensorflow_python_feature_column_sequence_feature_column_g3.py::TestSequenceFeatureColumnG3::test_parameter_type_validation[sequence_numeric_column-invalid_params4-TypeError]
FAILED tests\test_tensorflow_python_feature_column_sequence_feature_column_g3.py::TestSequenceFeatureColumnG3::test_parameter_type_validation[sequence_categorical_column_with_vocabulary_list-invalid_params5-TypeError]
FAILED tests\test_tensorflow_python_feature_column_sequence_feature_column_g3.py::TestSequenceFeatureColumnG3::test_parameter_combination_validation[sequence_categorical_column_with_vocabulary_list-invalid_params0-ValueError-error_keywords0]
FAILED tests\test_tensorflow_python_feature_column_sequence_feature_column_g3.py::TestSequenceFeatureColumnG3::test_parameter_combination_validation[sequence_categorical_column_with_vocabulary_file-invalid_params1-ValueError-error_keywords1]
FAILED tests\test_tensorflow_python_feature_column_sequence_feature_column_g3.py::TestSequenceFeatureColumnG3::test_parameter_combination_validation[sequence_categorical_column_with_identity-invalid_params3-ValueError-error_keywords3]
FAILED tests\test_tensorflow_python_feature_column_sequence_feature_column_g3.py::TestSequenceFeatureColumnG3::test_parameter_combination_validation[sequence_categorical_column_with_identity-invalid_params4-ValueError-error_keywords4]
FAILED tests\test_tensorflow_python_feature_column_sequence_feature_column_g3.py::TestSequenceFeatureColumnG3::test_parameter_combination_validation[sequence_categorical_column_with_identity-invalid_params5-ValueError-error_keywords5]
11 failed, 4 passed in 1.76s

Error: exit 1