{
  "workflow_id": "9fd45718",
  "created_at": "2026-01-23T22:17:46.964902",
  "op": "tensorflow_python_ops_gen_control_flow_ops",
  "arch": "python",
  "soc": "python",
  "vendor": "python",
  "project_root": "/Users/zzf1sh/Documents/Project/TestAgent-CLI-main/exam/tensorflow/python.ops.gen_control_flow_ops",
  "target": "tensorflow.python.ops.gen_control_flow_ops",
  "target_slug": "tensorflow_python_ops_gen_control_flow_ops",
  "current_stage": "complete",
  "stage_index": 6,
  "mode": "full-auto",
  "epoch_total": 5,
  "epoch_current": 5,
  "last_failure_signature": "",
  "last_error_signature": "",
  "last_block_errors": {},
  "auto_stop_reason": "",
  "artifacts": {
    "function_doc.md": "# tensorflow.python.ops.gen_control_flow_ops - 函数说明\n\n## 1. 基本信息\n- **FQN**: tensorflow.python.ops.gen_control_flow_ops\n- **模块文件**: `/opt/anaconda3/envs/testagent-experiment/lib/python3.10/site-packages/tensorflow/python/ops/gen_control_flow_ops.py`\n- **签名**: 模块（包含多个控制流操作函数）\n- **对象类型**: module\n\n## 2. 功能概述\nTensorFlow 控制流操作的 Python 包装器。提供循环、条件分支、帧管理等控制流原语。用于构建动态计算图。包含标准版本和引用版本（Ref）的操作。\n\n## 3. 参数说明\n模块包含多个函数，主要分为两类：\n\n**标准操作（非引用类型）**：\n- abort(error_msg=\"\", exit_without_error=False, name=None): 终止进程\n- control_trigger(name=None): 控制触发器占位符\n- enter(data, frame_name, is_constant=False, parallel_iterations=10, name=None): 进入子帧\n- exit(data, name=None): 退出到父帧\n- loop_cond(input, name=None): 循环条件\n- merge(inputs, name=None): 合并多个输入\n- next_iteration(data, name=None): 下一迭代\n- no_op(name=None): 空操作占位符\n- switch(data, pred, name=None): 条件分支\n\n**引用操作（Ref 版本）**：\n- ref_enter/ref_exit/ref_merge/ref_next_iteration/ref_select/ref_switch: 对应标准操作的引用版本\n\n## 4. 返回值\n- 操作函数返回 TensorFlow Operation 或 Tensor\n- 部分函数返回命名元组（如 Merge、Switch）\n- 引用操作不支持 eager 执行模式\n\n## 5. 文档要点\n- 文件为机器生成，不应手动编辑\n- 原始 C++ 源文件：control_flow_ops.cc\n- Enter/Exit 用于创建循环结构\n- Merge 等待至少一个输入可用\n- Switch 根据谓词选择输出分支\n- 引用操作仅支持图模式执行\n\n## 6. 源码摘要\n- 所有函数遵循相同模式：检查 eager 模式 → 快速路径执行 → 回退到图模式\n- 依赖 TensorFlow 内部 API：pywrap_tfe、_context、_execute、_ops\n- 使用 _op_def_library._apply_op_helper 应用操作定义\n- 包含 eager_fallback 函数处理图模式执行\n- 无 I/O、随机性或全局状态副作用\n\n## 7. 示例与用法（如有）\n- 无内置示例代码\n- 函数 docstring 提供基本使用说明\n- 典型用法：构建循环和条件分支控制流\n\n## 8. 风险与空白\n- **多实体模块**：包含 20+ 个函数，需分别测试\n- **类型信息缺失**：部分参数类型注解不完整\n- **边界条件**：parallel_iterations 默认值 10，无范围约束\n- **错误处理**：abort 函数的异常行为需验证\n- **执行模式差异**：引用操作不支持 eager 模式\n- **测试覆盖**：需覆盖标准操作和引用操作的差异\n- **交互测试**：控制流操作间的组合使用场景\n- **性能考虑**：parallel_iterations 对并行迭代的影响",
    "requirements.md": "# tensorflow.python.ops.gen_control_flow_ops 测试需求\n\n## 1. 目标与范围\n- 主要功能与期望行为：验证控制流操作（循环、条件分支、帧管理）在 eager 和图模式下的正确性，确保标准操作和引用操作的行为一致性\n- 不在范围内的内容：TensorFlow 运行时内部实现细节、C++ 后端优化、分布式执行环境\n\n## 2. 输入与约束\n- 参数列表（名称、类型/shape、默认值）：\n  - abort: error_msg(str, \"\"), exit_without_error(bool, False)\n  - enter: data(Tensor), frame_name(str), is_constant(bool, False), parallel_iterations(int, 10)\n  - switch: data(Tensor), pred(Tensor)\n  - merge: inputs(list[Tensor])\n  - 所有函数：name(str, None)\n- 有效取值范围/维度/设备要求：\n  - parallel_iterations: 正整数，默认10\n  - 引用操作仅支持图模式执行\n  - 输入 Tensor 需兼容数据类型和形状\n- 必需与可选组合：\n  - data, frame_name, pred 为必需参数\n  - name 参数在所有函数中可选\n- 随机性/全局状态要求：无随机性，无全局状态依赖\n\n## 3. 输出与判定\n- 期望返回结构及关键字段：\n  - 操作函数返回 TensorFlow Operation 或 Tensor\n  - Merge/Switch 返回命名元组（output, value_index）\n  - 引用操作返回 Ref 类型 Tensor\n- 容差/误差界（如浮点）：无浮点计算，布尔/整数精确匹配\n- 状态变化或副作用检查点：\n  - abort 应终止进程或抛出异常\n  - enter/exit 应正确管理帧栈\n  - no_op 应无副作用\n\n## 4. 错误与异常场景\n- 非法输入/维度/类型触发的异常或警告：\n  - 引用操作在 eager 模式下应抛出异常\n  - 无效 frame_name 应抛出 ValueError\n  - 类型不匹配应抛出 TypeError\n- 边界值（空、None、0 长度、极端形状/数值）：\n  - merge 输入空列表\n  - parallel_iterations=0 或负值\n  - 极端 Tensor 形状（0维、超大维度）\n  - abort 的 error_msg 为空字符串\n\n## 5. 依赖与环境\n- 外部资源/设备/网络/文件依赖：无\n- 需要 mock/monkeypatch 的部分：\n  - `tensorflow.python.eager.context.context`（控制执行模式）\n  - `tensorflow.python.framework.ops.get_default_graph`（图模式测试）\n  - `tensorflow.python.ops.gen_control_flow_ops._op_def_library._apply_op_helper`（操作应用）\n  - `tensorflow.python.framework.ops.EagerTensor`（类型检查）\n\n## 6. 覆盖与优先级\n- 必测路径（高优先级，最多 5 条，短句）：\n  1. enter/exit 帧管理在循环中的正确嵌套\n  2. switch 根据布尔谓词选择正确分支\n  3. merge 等待多个输入并选择可用值\n  4. abort 在 exit_without_error 为 True/False 时的行为\n  5. 引用操作在图模式下的功能等价性验证\n- 可选路径（中/低优先级合并为一组列表）：\n  - parallel_iterations 不同值的性能影响\n  - 控制流操作组合的复杂场景\n  - 跨设备（CPU/GPU）执行一致性\n  - 梯度计算在控制流中的正确性\n  - 内存泄漏和资源管理\n- 已知风险/缺失信息（仅列条目，不展开）：\n  - parallel_iterations 参数的有效范围未定义\n  - 引用操作的 eager 模式错误信息不明确\n  - 多线程环境下的帧竞争条件\n  - 异常恢复机制的覆盖不足",
    "test_plan.json": "{\n  \"plan_version\": 2,\n  \"target\": \"tensorflow.python.ops.gen_control_flow_ops\",\n  \"block_rules\": {\n    \"header_block\": \"HEADER\",\n    \"footer_block\": \"FOOTER\",\n    \"case_prefix\": \"CASE_\",\n    \"case_format\": \"CASE_01\"\n  },\n  \"iteration_strategy\": {\n    \"round1\": {\n      \"include\": \"SMOKE_SET\",\n      \"assert_level\": \"weak\",\n      \"max_blocks\": 5\n    },\n    \"roundN\": {\n      \"only_fix_failed_blocks\": true,\n      \"block_limit\": 3,\n      \"promote_deferred\": true\n    },\n    \"final\": {\n      \"enable_strong_asserts\": true,\n      \"coverage_optional\": true\n    }\n  },\n  \"test_files\": {\n    \"default\": \"tests/test_tensorflow_python_ops_gen_control_flow_ops.py\",\n    \"all_pattern\": \"tests/test_tensorflow_python_ops_gen_control_flow_ops.py\"\n  },\n  \"cases\": [\n    {\n      \"tc_id\": \"TC-01\",\n      \"block_id\": \"CASE_01\",\n      \"name\": \"enter_exit_frame_management\",\n      \"priority\": \"High\",\n      \"param_matrix\": [\n        {\n          \"operation\": \"enter_exit\",\n          \"data_type\": \"float32\",\n          \"frame_name\": \"test_frame\",\n          \"is_constant\": false,\n          \"parallel_iterations\": 10,\n          \"execution_mode\": \"eager\"\n        }\n      ],\n      \"asserts\": {\n        \"weak\": [\"operation_created\", \"tensor_returned\", \"frame_name_preserved\", \"no_exception\"],\n        \"strong\": [\"frame_stack_correct\", \"memory_cleanup\", \"gradient_computation\"]\n      },\n      \"oracle\": \"manual_verification\",\n      \"assertion_level\": \"weak\",\n      \"size\": \"S\",\n      \"max_lines\": 80,\n      \"max_params\": 6,\n      \"is_parametrized\": true,\n      \"requires_mock\": true,\n      \"mock_targets\": [\n        \"tensorflow.python.eager.context.context\",\n        \"tensorflow.python.framework.ops.get_default_graph\"\n      ]\n    },\n    {\n      \"tc_id\": \"TC-02\",\n      \"block_id\": \"CASE_02\",\n      \"name\": \"switch_branch_selection\",\n      \"priority\": \"High\",\n      \"param_matrix\": [\n        {\n          \"operation\": \"switch\",\n          \"data_type\": \"float32\",\n          \"pred_value\": true,\n          \"shape\": [2, 2],\n          \"execution_mode\": \"eager\"\n        }\n      ],\n      \"asserts\": {\n        \"weak\": [\"operation_created\", \"named_tuple_returned\", \"correct_branch_selected\", \"no_exception\"],\n        \"strong\": [\"both_branches_accessible\", \"gradient_flow\", \"complex_predicate\"]\n      },\n      \"oracle\": \"manual_verification\",\n      \"assertion_level\": \"weak\",\n      \"size\": \"S\",\n      \"max_lines\": 80,\n      \"max_params\": 6,\n      \"is_parametrized\": true,\n      \"requires_mock\": true,\n      \"mock_targets\": [\n        \"tensorflow.python.eager.context.context\",\n        \"tensorflow.python.framework.ops.EagerTensor\"\n      ]\n    },\n    {\n      \"tc_id\": \"TC-03\",\n      \"block_id\": \"CASE_03\",\n      \"name\": \"merge_multiple_inputs\",\n      \"priority\": \"High\",\n      \"param_matrix\": [\n        {\n          \"operation\": \"merge\",\n          \"data_type\": \"float32\",\n          \"num_inputs\": 3,\n          \"shape\": [2, 2],\n          \"execution_mode\": \"eager\"\n        }\n      ],\n      \"asserts\": {\n        \"weak\": [\"operation_created\", \"named_tuple_returned\", \"input_count_correct\", \"no_exception\"],\n        \"strong\": [\"async_input_handling\", \"value_index_correct\", \"empty_input_list\"]\n      },\n      \"oracle\": \"manual_verification\",\n      \"assertion_level\": \"weak\",\n      \"size\": \"S\",\n      \"max_lines\": 80,\n      \"max_params\": 6,\n      \"is_parametrized\": true,\n      \"requires_mock\": true,\n      \"mock_targets\": [\n        \"tensorflow.python.eager.context.context\",\n        \"tensorflow.python.ops.gen_control_flow_ops._op_def_library._apply_op_helper\"\n      ]\n    },\n    {\n      \"tc_id\": \"TC-04\",\n      \"block_id\": \"CASE_04\",\n      \"name\": \"abort_behavior\",\n      \"priority\": \"High\",\n      \"param_matrix\": [\n        {\n          \"operation\": \"abort\",\n          \"error_msg\": \"test error\",\n          \"exit_without_error\": false,\n          \"execution_mode\": \"eager\"\n        }\n      ],\n      \"asserts\": {\n        \"weak\": [\"operation_created\", \"exception_raised\", \"error_message_preserved\", \"no_side_effects\"],\n        \"strong\": [\"exit_without_error_true\", \"empty_error_message\", \"graph_mode_behavior\"]\n      },\n      \"oracle\": \"manual_verification\",\n      \"assertion_level\": \"weak\",\n      \"size\": \"S\",\n      \"max_lines\": 80,\n      \"max_params\": 6,\n      \"is_parametrized\": true,\n      \"requires_mock\": true,\n      \"mock_targets\": [\n        \"tensorflow.python.eager.context.context\",\n        \"tensorflow.python.framework.errors_impl.AbortedError\"\n      ]\n    },\n    {\n      \"tc_id\": \"TC-05\",\n      \"block_id\": \"CASE_05\",\n      \"name\": \"ref_operations_graph_mode\",\n      \"priority\": \"High\",\n      \"param_matrix\": [\n        {\n          \"operation\": \"ref_enter\",\n          \"data_type\": \"float32\",\n          \"frame_name\": \"ref_frame\",\n          \"execution_mode\": \"graph\"\n        }\n      ],\n      \"asserts\": {\n        \"weak\": [\"operation_created\", \"ref_tensor_returned\", \"graph_mode_only\", \"no_exception\"],\n        \"strong\": [\"ref_exit_consistency\", \"ref_switch_functionality\", \"eager_mode_exception\"]\n      },\n      \"oracle\": \"manual_verification\",\n      \"assertion_level\": \"weak\",\n      \"size\": \"S\",\n      \"max_lines\": 80,\n      \"max_params\": 6,\n      \"is_parametrized\": true,\n      \"requires_mock\": true,\n      \"mock_targets\": [\n        \"tensorflow.python.eager.context.context\",\n        \"tensorflow.python.framework.ops.get_default_graph\"\n      ]\n    }\n  ],\n  \"param_extensions\": [\n    {\n      \"base_block_id\": \"CASE_01\",\n      \"priority\": \"Medium\",\n      \"params\": {\n        \"operation\": \"enter_exit\",\n        \"data_type\": \"float64\",\n        \"frame_name\": \"different_frame\",\n        \"is_constant\": true,\n        \"parallel_iterations\": 5,\n        \"execution_mode\": \"graph\"\n      },\n      \"note\": \"作为参数扩展：不同数据类型、常量标志、并行迭代次数、执行模式\"\n    },\n    {\n      \"base_block_id\": \"CASE_02\",\n      \"priority\": \"Medium\",\n      \"params\": {\n        \"operation\": \"switch\",\n        \"data_type\": \"int32\",\n        \"pred_value\": false,\n        \"shape\": [1, 10],\n        \"execution_mode\": \"graph\"\n      },\n      \"note\": \"作为参数扩展：整数类型、false谓词、不同形状、图模式\"\n    },\n    {\n      \"base_block_id\": \"CASE_03\",\n      \"priority\": \"Medium\",\n      \"params\": {\n        \"operation\": \"merge\",\n        \"data_type\": \"bool\",\n        \"num_inputs\": 1,\n        \"shape\": [5],\n        \"execution_mode\": \"graph\"\n      },\n      \"note\": \"作为参数扩展：布尔类型、单输入、一维形状、图模式\"\n    },\n    {\n      \"base_block_id\": \"CASE_04\",\n      \"priority\": \"Medium\",\n      \"params\": {\n        \"operation\": \"abort\",\n        \"error_msg\": \"\",\n        \"exit_without_error\": true,\n        \"execution_mode\": \"graph\"\n      },\n      \"note\": \"作为参数扩展：空错误消息、无错误退出、图模式\"\n    },\n    {\n      \"base_block_id\": \"CASE_05\",\n      \"priority\": \"Medium\",\n      \"params\": {\n        \"operation\": \"ref_switch\",\n        \"data_type\": \"float64\",\n        \"frame_name\": \"ref_switch_frame\",\n        \"execution_mode\": \"graph\"\n      },\n      \"note\": \"作为参数扩展：不同引用操作、双精度类型、图模式\"\n    }\n  ],\n  \"smoke_set\": [\"CASE_01\", \"CASE_02\", \"CASE_03\", \"CASE_04\", \"CASE_05\"],\n  \"deferred_set\": []\n}",
    "test_plan.md": "# tensorflow.python.ops.gen_control_flow_ops 测试计划\n\n## 1. 测试策略\n- 单元测试框架：pytest\n- 隔离策略：mock/monkeypatch/fixtures 控制执行模式（eager/graph）\n- 随机性处理：固定随机种子，确定性Tensor生成\n\n## 2. 生成规格摘要（来自 test_plan.json）\n- SMOKE_SET: CASE_01, CASE_02, CASE_03, CASE_04, CASE_05\n- DEFERRED_SET: 无（首轮全覆盖）\n- 测试文件路径：tests/test_tensorflow_python_ops_gen_control_flow_ops.py\n- 断言分级策略：首轮仅使用weak断言，最终轮启用strong断言\n- 预算策略：每个用例size=S，max_lines=80，max_params=6\n\n## 3. 数据与边界\n- 正常数据集：float32/int32/bool类型Tensor，形状[2,2]/[1,10]/[5]\n- 边界值：parallel_iterations=0/负值，空error_msg，单输入merge\n- 极端形状：0维标量，超大维度Tensor\n- 负例场景：引用操作eager模式，无效frame_name，类型不匹配\n\n## 4. 覆盖映射\n| TC ID | 覆盖需求 | 优先级 | 关键验证点 |\n|-------|---------|--------|-----------|\n| TC-01 | enter/exit帧管理 | High | 帧嵌套正确性，无内存泄漏 |\n| TC-02 | switch分支选择 | High | 谓词判断准确，分支可访问 |\n| TC-03 | merge多输入处理 | High | 输入计数正确，异步处理 |\n| TC-04 | abort异常行为 | High | 错误消息保留，退出行为 |\n| TC-05 | 引用操作图模式 | High | 仅图模式支持，功能等价性 |\n\n**尚未覆盖的风险点**：\n- parallel_iterations参数有效范围未定义\n- 多线程环境帧竞争条件\n- 异常恢复机制覆盖不足\n- 梯度计算在控制流中的正确性",
    "tests/test_tensorflow_python_ops_gen_control_flow_ops.py": "\"\"\"\nTest cases for tensorflow.python.ops.gen_control_flow_ops module.\nGenerated by TestAgent-CLI.\n\"\"\"\n\nimport pytest\nimport tensorflow as tf\nfrom unittest import mock\nimport numpy as np\n\n# Import the target module\nfrom tensorflow.python.ops import gen_control_flow_ops\n\n# Set random seed for reproducibility\nnp.random.seed(42)\ntf.random.set_seed(42)\n\n# ==== BLOCK:HEADER START ====\n# Header block - imports and fixtures\n# ==== BLOCK:HEADER END ====\n\n# ==== BLOCK:CASE_01 START ====\n# Test case for enter_exit_frame_management\n# ==== BLOCK:CASE_01 END ====\n\n# ==== BLOCK:CASE_02 START ====\n# Test case for switch_branch_selection\n# ==== BLOCK:CASE_02 END ====\n\n# ==== BLOCK:CASE_03 START ====\n# Test case for merge_multiple_inputs\n# ==== BLOCK:CASE_03 END ====\n\n# ==== BLOCK:CASE_04 START ====\n# Test case for abort_behavior\n# ==== BLOCK:CASE_04 END ====\n\n# ==== BLOCK:CASE_05 START ====\n# Test case for ref_operations_graph_mode\n# ==== BLOCK:CASE_05 END ====\n\n# ==== BLOCK:FOOTER START ====\n# Footer block - cleanup and additional tests\n# ==== BLOCK:FOOTER END ====",
    "execution_log.txt": "=== Run Tests ===\nEEEEEEEEEE.FF.                                                           [100%]\n==================================== ERRORS ====================================\n_ ERROR at setup of test_enter_exit_frame_management[float32-test_frame-False-10-eager] _\n\nthing = <module 'tensorflow' from '/opt/anaconda3/envs/testagent-experiment/lib/python3.10/site-packages/tensorflow/__init__.py'>\ncomp = 'python', import_path = 'tensorflow.python'\n\n    def _dot_lookup(thing, comp, import_path):\n        try:\n>           return getattr(thing, comp)\nE           AttributeError: module 'tensorflow' has no attribute 'python'\n\n/opt/anaconda3/envs/testagent-experiment/lib/python3.10/unittest/mock.py:1248: AttributeError\n\nDuring handling of the above exception, another exception occurred:\n\n    @pytest.fixture\n    def mock_eager_context():\n        \"\"\"Mock eager context for testing.\"\"\"\n        # 使用正确的mock路径 - mock executing_eagerly函数\n>       with mock.patch('tensorflow.python.eager.context.executing_eagerly') as mock_executing:\n\ntests/test_tensorflow_python_ops_gen_control_flow_ops.py:23: \n_ _ _ _ _ _ _ _ _ _ _ _ _ _ _ _ _ _ _ _ _ _ _ _ _ _ _ _ _ _ _ _ _ _ _ _ _ _ _ _ \n/opt/anaconda3/envs/testagent-experiment/lib/python3.10/unittest/mock.py:1431: in __enter__\n    self.target = self.getter()\n/opt/anaconda3/envs/testagent-experiment/lib/python3.10/unittest/mock.py:1618: in <lambda>\n    getter = lambda: _importer(target)\n/opt/anaconda3/envs/testagent-experiment/lib/python3.10/unittest/mock.py:1261: in _importer\n    thing = _dot_lookup(thing, comp, import_path)\n_ _ _ _ _ _ _ _ _ _ _ _ _ _ _ _ _ _ _ _ _ _ _ _ _ _ _ _ _ _ _ _ _ _ _ _ _ _ _ _ \n\nthing = <module 'tensorflow' from '/opt/anaconda3/envs/testagent-experiment/lib/python3.10/site-packages/tensorflow/__init__.py'>\ncomp = 'python', import_path = 'tensorflow.python'\n\n    def _dot_lookup(thing, comp, import_path):\n        try:\n            return getattr(thing, comp)\n        except AttributeError:\n            __import__(import_path)\n>           return getattr(thing, comp)\nE           AttributeError: module 'tensorflow' has no attribute 'python'\n\n/opt/anaconda3/envs/testagent-experiment/lib/python3.10/unittest/mock.py:1251: AttributeError\n_ ERROR at setup of test_enter_exit_frame_management[float64-different_frame-True-5-graph] _\n\nthing = <module 'tensorflow' from '/opt/anaconda3/envs/testagent-experiment/lib/python3.10/site-packages/tensorflow/__init__.py'>\ncomp = 'python', import_path = 'tensorflow.python'\n\n    def _dot_lookup(thing, comp, import_path):\n        try:\n>           return getattr(thing, comp)\nE           AttributeError: module 'tensorflow' has no attribute 'python'\n\n/opt/anaconda3/envs/testagent-experiment/lib/python3.10/unittest/mock.py:1248: AttributeError\n\nDuring handling of the above exception, another exception occurred:\n\n    @pytest.fixture\n    def mock_eager_context():\n        \"\"\"Mock eager context for testing.\"\"\"\n        # 使用正确的mock路径 - mock executing_eagerly函数\n>       with mock.patch('tensorflow.python.eager.context.executing_eagerly') as mock_executing:\n\ntests/test_tensorflow_python_ops_gen_control_flow_ops.py:23: \n_ _ _ _ _ _ _ _ _ _ _ _ _ _ _ _ _ _ _ _ _ _ _ _ _ _ _ _ _ _ _ _ _ _ _ _ _ _ _ _ \n/opt/anaconda3/envs/testagent-experiment/lib/python3.10/unittest/mock.py:1431: in __enter__\n    self.target = self.getter()\n/opt/anaconda3/envs/testagent-experiment/lib/python3.10/unittest/mock.py:1618: in <lambda>\n    getter = lambda: _importer(target)\n/opt/anaconda3/envs/testagent-experiment/lib/python3.10/unittest/mock.py:1261: in _importer\n    thing = _dot_lookup(thing, comp, import_path)\n_ _ _ _ _ _ _ _ _ _ _ _ _ _ _ _ _ _ _ _ _ _ _ _ _ _ _ _ _ _ _ _ _ _ _ _ _ _ _ _ \n\nthing = <module 'tensorflow' from '/opt/anaconda3/envs/testagent-experiment/lib/python3.10/site-packages/tensorflow/__init__.py'>\ncomp = 'python', import_path = 'tensorflow.python'\n\n    def _dot_lookup(thing, comp, import_path):\n        try:\n            return getattr(thing, comp)\n        except AttributeError:\n            __import__(import_path)\n>           return getattr(thing, comp)\nE           AttributeError: module 'tensorflow' has no attribute 'python'\n\n/opt/anaconda3/envs/testagent-experiment/lib/python3.10/unittest/mock.py:1251: AttributeError\n__ ERROR at setup of test_switch_branch_selection[float32-True-shape0-eager] ___\n\nthing = <module 'tensorflow' from '/opt/anaconda3/envs/testagent-experiment/lib/python3.10/site-packages/tensorflow/__init__.py'>\ncomp = 'python', import_path = 'tensorflow.python'\n\n    def _dot_lookup(thing, comp, import_path):\n        try:\n>           return getattr(thing, comp)\nE           AttributeError: module 'tensorflow' has no attribute 'python'\n\n/opt/anaconda3/envs/testagent-experiment/lib/python3.10/unittest/mock.py:1248: AttributeError\n\nDuring handling of the above exception, another exception occurred:\n\n    @pytest.fixture\n    def mock_eager_context():\n        \"\"\"Mock eager context for testing.\"\"\"\n        # 使用正确的mock路径 - mock executing_eagerly函数\n>       with mock.patch('tensorflow.python.eager.context.executing_eagerly') as mock_executing:\n\ntests/test_tensorflow_python_ops_gen_control_flow_ops.py:23: \n_ _ _ _ _ _ _ _ _ _ _ _ _ _ _ _ _ _ _ _ _ _ _ _ _ _ _ _ _ _ _ _ _ _ _ _ _ _ _ _ \n/opt/anaconda3/envs/testagent-experiment/lib/python3.10/unittest/mock.py:1431: in __enter__\n    self.target = self.getter()\n/opt/anaconda3/envs/testagent-experiment/lib/python3.10/unittest/mock.py:1618: in <lambda>\n    getter = lambda: _importer(target)\n/opt/anaconda3/envs/testagent-experiment/lib/python3.10/unittest/mock.py:1261: in _importer\n    thing = _dot_lookup(thing, comp, import_path)\n_ _ _ _ _ _ _ _ _ _ _ _ _ _ _ _ _ _ _ _ _ _ _ _ _ _ _ _ _ _ _ _ _ _ _ _ _ _ _ _ \n\nthing = <module 'tensorflow' from '/opt/anaconda3/envs/testagent-experiment/lib/python3.10/site-packages/tensorflow/__init__.py'>\ncomp = 'python', import_path = 'tensorflow.python'\n\n    def _dot_lookup(thing, comp, import_path):\n        try:\n            return getattr(thing, comp)\n        except AttributeError:\n            __import__(import_path)\n>           return getattr(thing, comp)\nE           AttributeError: module 'tensorflow' has no attribute 'python'\n\n/opt/anaconda3/envs/testagent-experiment/lib/python3.10/unittest/mock.py:1251: AttributeError\n___ ERROR at setup of test_switch_branch_selection[int32-False-shape1-graph] ___\n\nthing = <module 'tensorflow' from '/opt/anaconda3/envs/testagent-experiment/lib/python3.10/site-packages/tensorflow/__init__.py'>\ncomp = 'python', import_path = 'tensorflow.python'\n\n    def _dot_lookup(thing, comp, import_path):\n        try:\n>           return getattr(thing, comp)\nE           AttributeError: module 'tensorflow' has no attribute 'python'\n\n/opt/anaconda3/envs/testagent-experiment/lib/python3.10/unittest/mock.py:1248: AttributeError\n\nDuring handling of the above exception, another exception occurred:\n\n    @pytest.fixture\n    def mock_eager_context():\n        \"\"\"Mock eager context for testing.\"\"\"\n        # 使用正确的mock路径 - mock executing_eagerly函数\n>       with mock.patch('tensorflow.python.eager.context.executing_eagerly') as mock_executing:\n\ntests/test_tensorflow_python_ops_gen_control_flow_ops.py:23: \n_ _ _ _ _ _ _ _ _ _ _ _ _ _ _ _ _ _ _ _ _ _ _ _ _ _ _ _ _ _ _ _ _ _ _ _ _ _ _ _ \n/opt/anaconda3/envs/testagent-experiment/lib/python3.10/unittest/mock.py:1431: in __enter__\n    self.target = self.getter()\n/opt/anaconda3/envs/testagent-experiment/lib/python3.10/unittest/mock.py:1618: in <lambda>\n    getter = lambda: _importer(target)\n/opt/anaconda3/envs/testagent-experiment/lib/python3.10/unittest/mock.py:1261: in _importer\n    thing = _dot_lookup(thing, comp, import_path)\n_ _ _ _ _ _ _ _ _ _ _ _ _ _ _ _ _ _ _ _ _ _ _ _ _ _ _ _ _ _ _ _ _ _ _ _ _ _ _ _ \n\nthing = <module 'tensorflow' from '/opt/anaconda3/envs/testagent-experiment/lib/python3.10/site-packages/tensorflow/__init__.py'>\ncomp = 'python', import_path = 'tensorflow.python'\n\n    def _dot_lookup(thing, comp, import_path):\n        try:\n            return getattr(thing, comp)\n        except AttributeError:\n            __import__(import_path)\n>           return getattr(thing, comp)\nE           AttributeError: module 'tensorflow' has no attribute 'python'\n\n/opt/anaconda3/envs/testagent-experiment/lib/python3.10/unittest/mock.py:1251: AttributeError\n_____ ERROR at setup of test_merge_multiple_inputs[float32-3-shape0-eager] _____\n\nthing = <module 'tensorflow' from '/opt/anaconda3/envs/testagent-experiment/lib/python3.10/site-packages/tensorflow/__init__.py'>\ncomp = 'python', import_path = 'tensorflow.python'\n\n    def _dot_lookup(thing, comp, import_path):\n        try:\n>           return getattr(thing, comp)\nE           AttributeError: module 'tensorflow' has no attribute 'python'\n\n/opt/anaconda3/envs/testagent-experiment/lib/python3.10/unittest/mock.py:1248: AttributeError\n\nDuring handling of the above exception, another exception occurred:\n\n    @pytest.fixture\n    def mock_eager_context():\n        \"\"\"Mock eager context for testing.\"\"\"\n        # 使用正确的mock路径 - mock executing_eagerly函数\n>       with mock.patch('tensorflow.python.eager.context.executing_eagerly') as mock_executing:\n\ntests/test_tensorflow_python_ops_gen_control_flow_ops.py:23: \n_ _ _ _ _ _ _ _ _ _ _ _ _ _ _ _ _ _ _ _ _ _ _ _ _ _ _ _ _ _ _ _ _ _ _ _ _ _ _ _ \n/opt/anaconda3/envs/testagent-experiment/lib/python3.10/unittest/mock.py:1431: in __enter__\n    self.target = self.getter()\n/opt/anaconda3/envs/testagent-experiment/lib/python3.10/unittest/mock.py:1618: in <lambda>\n    getter = lambda: _importer(target)\n/opt/anaconda3/envs/testagent-experiment/lib/python3.10/unittest/mock.py:1261: in _importer\n    thing = _dot_lookup(thing, comp, import_path)\n_ _ _ _ _ _ _ _ _ _ _ _ _ _ _ _ _ _ _ _ _ _ _ _ _ _ _ _ _ _ _ _ _ _ _ _ _ _ _ _ \n\nthing = <module 'tensorflow' from '/opt/anaconda3/envs/testagent-experiment/lib/python3.10/site-packages/tensorflow/__init__.py'>\ncomp = 'python', import_path = 'tensorflow.python'\n\n    def _dot_lookup(thing, comp, import_path):\n        try:\n            return getattr(thing, comp)\n        except AttributeError:\n            __import__(import_path)\n>           return getattr(thing, comp)\nE           AttributeError: module 'tensorflow' has no attribute 'python'\n\n/opt/anaconda3/envs/testagent-experiment/lib/python3.10/unittest/mock.py:1251: AttributeError\n______ ERROR at setup of test_merge_multiple_inputs[bool-1-shape1-graph] _______\n\nthing = <module 'tensorflow' from '/opt/anaconda3/envs/testagent-experiment/lib/python3.10/site-packages/tensorflow/__init__.py'>\ncomp = 'python', import_path = 'tensorflow.python'\n\n    def _dot_lookup(thing, comp, import_path):\n        try:\n>           return getattr(thing, comp)\nE           AttributeError: module 'tensorflow' has no attribute 'python'\n\n/opt/anaconda3/envs/testagent-experiment/lib/python3.10/unittest/mock.py:1248: AttributeError\n\nDuring handling of the above exception, another exception occurred:\n\n    @pytest.fixture\n    def mock_eager_context():\n        \"\"\"Mock eager context for testing.\"\"\"\n        # 使用正确的mock路径 - mock executing_eagerly函数\n>       with mock.patch('tensorflow.python.eager.context.executing_eagerly') as mock_executing:\n\ntests/test_tensorflow_python_ops_gen_control_flow_ops.py:23: \n_ _ _ _ _ _ _ _ _ _ _ _ _ _ _ _ _ _ _ _ _ _ _ _ _ _ _ _ _ _ _ _ _ _ _ _ _ _ _ _ \n/opt/anaconda3/envs/testagent-experiment/lib/python3.10/unittest/mock.py:1431: in __enter__\n    self.target = self.getter()\n/opt/anaconda3/envs/testagent-experiment/lib/python3.10/unittest/mock.py:1618: in <lambda>\n    getter = lambda: _importer(target)\n/opt/anaconda3/envs/testagent-experiment/lib/python3.10/unittest/mock.py:1261: in _importer\n    thing = _dot_lookup(thing, comp, import_path)\n_ _ _ _ _ _ _ _ _ _ _ _ _ _ _ _ _ _ _ _ _ _ _ _ _ _ _ _ _ _ _ _ _ _ _ _ _ _ _ _ \n\nthing = <module 'tensorflow' from '/opt/anaconda3/envs/testagent-experiment/lib/python3.10/site-packages/tensorflow/__init__.py'>\ncomp = 'python', import_path = 'tensorflow.python'\n\n    def _dot_lookup(thing, comp, import_path):\n        try:\n            return getattr(thing, comp)\n        except AttributeError:\n            __import__(import_path)\n>           return getattr(thing, comp)\nE           AttributeError: module 'tensorflow' has no attribute 'python'\n\n/opt/anaconda3/envs/testagent-experiment/lib/python3.10/unittest/mock.py:1251: AttributeError\n________ ERROR at setup of test_abort_behavior[test error-False-eager] _________\n\nthing = <module 'tensorflow' from '/opt/anaconda3/envs/testagent-experiment/lib/python3.10/site-packages/tensorflow/__init__.py'>\ncomp = 'python', import_path = 'tensorflow.python'\n\n    def _dot_lookup(thing, comp, import_path):\n        try:\n>           return getattr(thing, comp)\nE           AttributeError: module 'tensorflow' has no attribute 'python'\n\n/opt/anaconda3/envs/testagent-experiment/lib/python3.10/unittest/mock.py:1248: AttributeError\n\nDuring handling of the above exception, another exception occurred:\n\n    @pytest.fixture\n    def mock_eager_context():\n        \"\"\"Mock eager context for testing.\"\"\"\n        # 使用正确的mock路径 - mock executing_eagerly函数\n>       with mock.patch('tensorflow.python.eager.context.executing_eagerly') as mock_executing:\n\ntests/test_tensorflow_python_ops_gen_control_flow_ops.py:23: \n_ _ _ _ _ _ _ _ _ _ _ _ _ _ _ _ _ _ _ _ _ _ _ _ _ _ _ _ _ _ _ _ _ _ _ _ _ _ _ _ \n/opt/anaconda3/envs/testagent-experiment/lib/python3.10/unittest/mock.py:1431: in __enter__\n    self.target = self.getter()\n/opt/anaconda3/envs/testagent-experiment/lib/python3.10/unittest/mock.py:1618: in <lambda>\n    getter = lambda: _importer(target)\n/opt/anaconda3/envs/testagent-experiment/lib/python3.10/unittest/mock.py:1261: in _importer\n    thing = _dot_lookup(thing, comp, import_path)\n_ _ _ _ _ _ _ _ _ _ _ _ _ _ _ _ _ _ _ _ _ _ _ _ _ _ _ _ _ _ _ _ _ _ _ _ _ _ _ _ \n\nthing = <module 'tensorflow' from '/opt/anaconda3/envs/testagent-experiment/lib/python3.10/site-packages/tensorflow/__init__.py'>\ncomp = 'python', import_path = 'tensorflow.python'\n\n    def _dot_lookup(thing, comp, import_path):\n        try:\n            return getattr(thing, comp)\n        except AttributeError:\n            __import__(import_path)\n>           return getattr(thing, comp)\nE           AttributeError: module 'tensorflow' has no attribute 'python'\n\n/opt/anaconda3/envs/testagent-experiment/lib/python3.10/unittest/mock.py:1251: AttributeError\n______________ ERROR at setup of test_abort_behavior[-True-graph] ______________\n\nthing = <module 'tensorflow' from '/opt/anaconda3/envs/testagent-experiment/lib/python3.10/site-packages/tensorflow/__init__.py'>\ncomp = 'python', import_path = 'tensorflow.python'\n\n    def _dot_lookup(thing, comp, import_path):\n        try:\n>           return getattr(thing, comp)\nE           AttributeError: module 'tensorflow' has no attribute 'python'\n\n/opt/anaconda3/envs/testagent-experiment/lib/python3.10/unittest/mock.py:1248: AttributeError\n\nDuring handling of the above exception, another exception occurred:\n\n    @pytest.fixture\n    def mock_eager_context():\n        \"\"\"Mock eager context for testing.\"\"\"\n        # 使用正确的mock路径 - mock executing_eagerly函数\n>       with mock.patch('tensorflow.python.eager.context.executing_eagerly') as mock_executing:\n\ntests/test_tensorflow_python_ops_gen_control_flow_ops.py:23: \n_ _ _ _ _ _ _ _ _ _ _ _ _ _ _ _ _ _ _ _ _ _ _ _ _ _ _ _ _ _ _ _ _ _ _ _ _ _ _ _ \n/opt/anaconda3/envs/testagent-experiment/lib/python3.10/unittest/mock.py:1431: in __enter__\n    self.target = self.getter()\n/opt/anaconda3/envs/testagent-experiment/lib/python3.10/unittest/mock.py:1618: in <lambda>\n    getter = lambda: _importer(target)\n/opt/anaconda3/envs/testagent-experiment/lib/python3.10/unittest/mock.py:1261: in _importer\n    thing = _dot_lookup(thing, comp, import_path)\n_ _ _ _ _ _ _ _ _ _ _ _ _ _ _ _ _ _ _ _ _ _ _ _ _ _ _ _ _ _ _ _ _ _ _ _ _ _ _ _ \n\nthing = <module 'tensorflow' from '/opt/anaconda3/envs/testagent-experiment/lib/python3.10/site-packages/tensorflow/__init__.py'>\ncomp = 'python', import_path = 'tensorflow.python'\n\n    def _dot_lookup(thing, comp, import_path):\n        try:\n            return getattr(thing, comp)\n        except AttributeError:\n            __import__(import_path)\n>           return getattr(thing, comp)\nE           AttributeError: module 'tensorflow' has no attribute 'python'\n\n/opt/anaconda3/envs/testagent-experiment/lib/python3.10/unittest/mock.py:1251: AttributeError\n_ ERROR at setup of test_ref_operations_graph_mode[ref_enter-float32-ref_frame-graph] _\n\nthing = <module 'tensorflow' from '/opt/anaconda3/envs/testagent-experiment/lib/python3.10/site-packages/tensorflow/__init__.py'>\ncomp = 'python', import_path = 'tensorflow.python'\n\n    def _dot_lookup(thing, comp, import_path):\n        try:\n>           return getattr(thing, comp)\nE           AttributeError: module 'tensorflow' has no attribute 'python'\n\n/opt/anaconda3/envs/testagent-experiment/lib/python3.10/unittest/mock.py:1248: AttributeError\n\nDuring handling of the above exception, another exception occurred:\n\n    @pytest.fixture\n    def mock_graph_context():\n        \"\"\"Mock graph context for testing.\"\"\"\n        # 使用正确的mock路径 - mock executing_eagerly函数\n>       with mock.patch('tensorflow.python.eager.context.executing_eagerly') as mock_executing:\n\ntests/test_tensorflow_python_ops_gen_control_flow_ops.py:32: \n_ _ _ _ _ _ _ _ _ _ _ _ _ _ _ _ _ _ _ _ _ _ _ _ _ _ _ _ _ _ _ _ _ _ _ _ _ _ _ _ \n/opt/anaconda3/envs/testagent-experiment/lib/python3.10/unittest/mock.py:1431: in __enter__\n    self.target = self.getter()\n/opt/anaconda3/envs/testagent-experiment/lib/python3.10/unittest/mock.py:1618: in <lambda>\n    getter = lambda: _importer(target)\n/opt/anaconda3/envs/testagent-experiment/lib/python3.10/unittest/mock.py:1261: in _importer\n    thing = _dot_lookup(thing, comp, import_path)\n_ _ _ _ _ _ _ _ _ _ _ _ _ _ _ _ _ _ _ _ _ _ _ _ _ _ _ _ _ _ _ _ _ _ _ _ _ _ _ _ \n\nthing = <module 'tensorflow' from '/opt/anaconda3/envs/testagent-experiment/lib/python3.10/site-packages/tensorflow/__init__.py'>\ncomp = 'python', import_path = 'tensorflow.python'\n\n    def _dot_lookup(thing, comp, import_path):\n        try:\n            return getattr(thing, comp)\n        except AttributeError:\n            __import__(import_path)\n>           return getattr(thing, comp)\nE           AttributeError: module 'tensorflow' has no attribute 'python'\n\n/opt/anaconda3/envs/testagent-experiment/lib/python3.10/unittest/mock.py:1251: AttributeError\n_ ERROR at setup of test_ref_operations_graph_mode[ref_switch-float64-ref_switch_frame-graph] _\n\nthing = <module 'tensorflow' from '/opt/anaconda3/envs/testagent-experiment/lib/python3.10/site-packages/tensorflow/__init__.py'>\ncomp = 'python', import_path = 'tensorflow.python'\n\n    def _dot_lookup(thing, comp, import_path):\n        try:\n>           return getattr(thing, comp)\nE           AttributeError: module 'tensorflow' has no attribute 'python'\n\n/opt/anaconda3/envs/testagent-experiment/lib/python3.10/unittest/mock.py:1248: AttributeError\n\nDuring handling of the above exception, another exception occurred:\n\n    @pytest.fixture\n    def mock_graph_context():\n        \"\"\"Mock graph context for testing.\"\"\"\n        # 使用正确的mock路径 - mock executing_eagerly函数\n>       with mock.patch('tensorflow.python.eager.context.executing_eagerly') as mock_executing:\n\ntests/test_tensorflow_python_ops_gen_control_flow_ops.py:32: \n_ _ _ _ _ _ _ _ _ _ _ _ _ _ _ _ _ _ _ _ _ _ _ _ _ _ _ _ _ _ _ _ _ _ _ _ _ _ _ _ \n/opt/anaconda3/envs/testagent-experiment/lib/python3.10/unittest/mock.py:1431: in __enter__\n    self.target = self.getter()\n/opt/anaconda3/envs/testagent-experiment/lib/python3.10/unittest/mock.py:1618: in <lambda>\n    getter = lambda: _importer(target)\n/opt/anaconda3/envs/testagent-experiment/lib/python3.10/unittest/mock.py:1261: in _importer\n    thing = _dot_lookup(thing, comp, import_path)\n_ _ _ _ _ _ _ _ _ _ _ _ _ _ _ _ _ _ _ _ _ _ _ _ _ _ _ _ _ _ _ _ _ _ _ _ _ _ _ _ \n\nthing = <module 'tensorflow' from '/opt/anaconda3/envs/testagent-experiment/lib/python3.10/site-packages/tensorflow/__init__.py'>\ncomp = 'python', import_path = 'tensorflow.python'\n\n    def _dot_lookup(thing, comp, import_path):\n        try:\n            return getattr(thing, comp)\n        except AttributeError:\n            __import__(import_path)\n>           return getattr(thing, comp)\nE           AttributeError: module 'tensorflow' has no attribute 'python'\n\n/opt/anaconda3/envs/testagent-experiment/lib/python3.10/unittest/mock.py:1251: AttributeError\n=================================== FAILURES ===================================\n________________________ test_enter_invalid_frame_name _________________________\n\nthing = <module 'tensorflow' from '/opt/anaconda3/envs/testagent-experiment/lib/python3.10/site-packages/tensorflow/__init__.py'>\ncomp = 'python', import_path = 'tensorflow.python'\n\n    def _dot_lookup(thing, comp, import_path):\n        try:\n>           return getattr(thing, comp)\nE           AttributeError: module 'tensorflow' has no attribute 'python'\n\n/opt/anaconda3/envs/testagent-experiment/lib/python3.10/unittest/mock.py:1248: AttributeError\n\nDuring handling of the above exception, another exception occurred:\n\n    def test_enter_invalid_frame_name():\n        \"\"\"Test enter operation with invalid frame name.\"\"\"\n        test_tensor = create_test_tensor(\"float32\", [2, 2])\n    \n        # 使用正确的mock路径 - 直接mock _apply_op_helper函数\n>       with mock.patch('tensorflow.python.framework.op_def_library._apply_op_helper') as mock_helper:\n\ntests/test_tensorflow_python_ops_gen_control_flow_ops.py:717: \n_ _ _ _ _ _ _ _ _ _ _ _ _ _ _ _ _ _ _ _ _ _ _ _ _ _ _ _ _ _ _ _ _ _ _ _ _ _ _ _ \n/opt/anaconda3/envs/testagent-experiment/lib/python3.10/unittest/mock.py:1431: in __enter__\n    self.target = self.getter()\n/opt/anaconda3/envs/testagent-experiment/lib/python3.10/unittest/mock.py:1618: in <lambda>\n    getter = lambda: _importer(target)\n/opt/anaconda3/envs/testagent-experiment/lib/python3.10/unittest/mock.py:1261: in _importer\n    thing = _dot_lookup(thing, comp, import_path)\n_ _ _ _ _ _ _ _ _ _ _ _ _ _ _ _ _ _ _ _ _ _ _ _ _ _ _ _ _ _ _ _ _ _ _ _ _ _ _ _ \n\nthing = <module 'tensorflow' from '/opt/anaconda3/envs/testagent-experiment/lib/python3.10/site-packages/tensorflow/__init__.py'>\ncomp = 'python', import_path = 'tensorflow.python'\n\n    def _dot_lookup(thing, comp, import_path):\n        try:\n            return getattr(thing, comp)\n        except AttributeError:\n            __import__(import_path)\n>           return getattr(thing, comp)\nE           AttributeError: module 'tensorflow' has no attribute 'python'\n\n/opt/anaconda3/envs/testagent-experiment/lib/python3.10/unittest/mock.py:1251: AttributeError\n______________________ test_switch_with_different_dtypes _______________________\n\nthing = <module 'tensorflow' from '/opt/anaconda3/envs/testagent-experiment/lib/python3.10/site-packages/tensorflow/__init__.py'>\ncomp = 'python', import_path = 'tensorflow.python'\n\n    def _dot_lookup(thing, comp, import_path):\n        try:\n>           return getattr(thing, comp)\nE           AttributeError: module 'tensorflow' has no attribute 'python'\n\n/opt/anaconda3/envs/testagent-experiment/lib/python3.10/unittest/mock.py:1248: AttributeError\n\nDuring handling of the above exception, another exception occurred:\n\n    def test_switch_with_different_dtypes():\n        \"\"\"Test switch operation with mismatched dtypes (edge case).\"\"\"\n        # Create tensors with different dtypes\n        data_tensor = create_test_tensor(\"float32\", [2, 2])\n        pred_tensor = create_pred_tensor(True)  # bool tensor\n    \n        # 使用正确的mock路径 - 直接mock _apply_op_helper函数\n>       with mock.patch('tensorflow.python.framework.op_def_library._apply_op_helper') as mock_helper:\n\ntests/test_tensorflow_python_ops_gen_control_flow_ops.py:753: \n_ _ _ _ _ _ _ _ _ _ _ _ _ _ _ _ _ _ _ _ _ _ _ _ _ _ _ _ _ _ _ _ _ _ _ _ _ _ _ _ \n/opt/anaconda3/envs/testagent-experiment/lib/python3.10/unittest/mock.py:1431: in __enter__\n    self.target = self.getter()\n/opt/anaconda3/envs/testagent-experiment/lib/python3.10/unittest/mock.py:1618: in <lambda>\n    getter = lambda: _importer(target)\n/opt/anaconda3/envs/testagent-experiment/lib/python3.10/unittest/mock.py:1261: in _importer\n    thing = _dot_lookup(thing, comp, import_path)\n_ _ _ _ _ _ _ _ _ _ _ _ _ _ _ _ _ _ _ _ _ _ _ _ _ _ _ _ _ _ _ _ _ _ _ _ _ _ _ _ \n\nthing = <module 'tensorflow' from '/opt/anaconda3/envs/testagent-experiment/lib/python3.10/site-packages/tensorflow/__init__.py'>\ncomp = 'python', import_path = 'tensorflow.python'\n\n    def _dot_lookup(thing, comp, import_path):\n        try:\n            return getattr(thing, comp)\n        except AttributeError:\n            __import__(import_path)\n>           return getattr(thing, comp)\nE           AttributeError: module 'tensorflow' has no attribute 'python'\n\n/opt/anaconda3/envs/testagent-experiment/lib/python3.10/unittest/mock.py:1251: AttributeError\n=============================== warnings summary ===============================\n../../../../../../../../opt/anaconda3/envs/testagent-experiment/lib/python3.10/site-packages/tensorflow/core/framework/tensor_shape_pb2.py:18\n  /opt/anaconda3/envs/testagent-experiment/lib/python3.10/site-packages/tensorflow/core/framework/tensor_shape_pb2.py:18: DeprecationWarning: Call to deprecated create function FileDescriptor(). Note: Create unlinked descriptors is going to go away. Please use get/find descriptors from generated code or query the descriptor_pool.\n    DESCRIPTOR = _descriptor.FileDescriptor(\n\n../../../../../../../../opt/anaconda3/envs/testagent-experiment/lib/python3.10/site-packages/tensorflow/core/framework/tensor_shape_pb2.py:36\n  /opt/anaconda3/envs/testagent-experiment/lib/python3.10/site-packages/tensorflow/core/framework/tensor_shape_pb2.py:36: DeprecationWarning: Call to deprecated create function FieldDescriptor(). Note: Create unlinked descriptors is going to go away. Please use get/find descriptors from generated code or query the descriptor_pool.\n    _descriptor.FieldDescriptor(\n\n../../../../../../../../opt/anaconda3/envs/testagent-experiment/lib/python3.10/site-packages/tensorflow/core/framework/tensor_shape_pb2.py:43\n  /opt/anaconda3/envs/testagent-experiment/lib/python3.10/site-packages/tensorflow/core/framework/tensor_shape_pb2.py:43: DeprecationWarning: Call to deprecated create function FieldDescriptor(). Note: Create unlinked descriptors is going to go away. Please use get/find descriptors from generated code or query the descriptor_pool.\n    _descriptor.FieldDescriptor(\n\n../../../../../../../../opt/anaconda3/envs/testagent-experiment/lib/python3.10/site-packages/tensorflow/core/framework/tensor_shape_pb2.py:29\n  /opt/anaconda3/envs/testagent-experiment/lib/python3.10/site-packages/tensorflow/core/framework/tensor_shape_pb2.py:29: DeprecationWarning: Call to deprecated create function Descriptor(). Note: Create unlinked descriptors is going to go away. Please use get/find descriptors from generated code or query the descriptor_pool.\n    _TENSORSHAPEPROTO_DIM = _descriptor.Descriptor(\n\n../../../../../../../../opt/anaconda3/envs/testagent-experiment/lib/python3.10/site-packages/tensorflow/core/framework/tensor_shape_pb2.py:73\n  /opt/anaconda3/envs/testagent-experiment/lib/python3.10/site-packages/tensorflow/core/framework/tensor_shape_pb2.py:73: DeprecationWarning: Call to deprecated create function FieldDescriptor(). Note: Create unlinked descriptors is going to go away. Please use get/find descriptors from generated code or query the descriptor_pool.\n    _descriptor.FieldDescriptor(\n\n../../../../../../../../opt/anaconda3/envs/testagent-experiment/lib/python3.10/site-packages/tensorflow/core/framework/tensor_shape_pb2.py:80\n  /opt/anaconda3/envs/testagent-experiment/lib/python3.10/site-packages/tensorflow/core/framework/tensor_shape_pb2.py:80: DeprecationWarning: Call to deprecated create function FieldDescriptor(). Note: Create unlinked descriptors is going to go away. Please use get/find descriptors from generated code or query the descriptor_pool.\n    _descriptor.FieldDescriptor(\n\n../../../../../../../../opt/anaconda3/envs/testagent-experiment/lib/python3.10/site-packages/tensorflow/core/framework/tensor_shape_pb2.py:66\n  /opt/anaconda3/envs/testagent-experiment/lib/python3.10/site-packages/tensorflow/core/framework/tensor_shape_pb2.py:66: DeprecationWarning: Call to deprecated create function Descriptor(). Note: Create unlinked descriptors is going to go away. Please use get/find descriptors from generated code or query the descriptor_pool.\n    _TENSORSHAPEPROTO = _descriptor.Descriptor(\n\n../../../../../../../../opt/anaconda3/envs/testagent-experiment/lib/python3.10/site-packages/tensorflow/core/framework/types_pb2.py:19\n  /opt/anaconda3/envs/testagent-experiment/lib/python3.10/site-packages/tensorflow/core/framework/types_pb2.py:19: DeprecationWarning: Call to deprecated create function FileDescriptor(). Note: Create unlinked descriptors is going to go away. Please use get/find descriptors from generated code or query the descriptor_pool.\n    DESCRIPTOR = _descriptor.FileDescriptor(\n\n../../../../../../../../opt/anaconda3/envs/testagent-experiment/lib/python3.10/site-packages/tensorflow/core/framework/types_pb2.py:33\n  /opt/anaconda3/envs/testagent-experiment/lib/python3.10/site-packages/tensorflow/core/framework/types_pb2.py:33: DeprecationWarning: Call to deprecated create function EnumValueDescriptor(). Note: Create unlinked descriptors is going to go away. Please use get/find descriptors from generated code or query the descriptor_pool.\n    _descriptor.EnumValueDescriptor(\n\n../../../../../../../../opt/anaconda3/envs/testagent-experiment/lib/python3.10/site-packages/tensorflow/core/framework/types_pb2.py:37\n  /opt/anaconda3/envs/testagent-experiment/lib/python3.10/site-packages/tensorflow/core/framework/types_pb2.py:37: DeprecationWarning: Call to deprecated create function EnumValueDescriptor(). Note: Create unlinked descriptors is going to go away. Please use get/find descriptors from generated code or query the descriptor_pool.\n    _descriptor.EnumValueDescriptor(\n\n../../../../../../../../opt/anaconda3/envs/testagent-experiment/lib/python3.10/site-packages/tensorflow/core/framework/types_pb2.py:41\n  /opt/anaconda3/envs/testagent-experiment/lib/python3.10/site-packages/tensorflow/core/framework/types_pb2.py:41: DeprecationWarning: Call to deprecated create function EnumValueDescriptor(). Note: Create unlinked descriptors is going to go away. Please use get/find descriptors from generated code or query the descriptor_pool.\n    _descriptor.EnumValueDescriptor(\n\n../../../../../../../../opt/anaconda3/envs/testagent-experiment/lib/python3.10/site-packages/tensorflow/core/framework/types_pb2.py:45\n  /opt/anaconda3/envs/testagent-experiment/lib/python3.10/site-packages/tensorflow/core/framework/types_pb2.py:45: DeprecationWarning: Call to deprecated create function EnumValueDescriptor(). Note: Create unlinked descriptors is going to go away. Please use get/find descriptors from generated code or query the descriptor_pool.\n    _descriptor.EnumValueDescriptor(\n\n../../../../../../../../opt/anaconda3/envs/testagent-experiment/lib/python3.10/site-packages/tensorflow/core/framework/types_pb2.py:49\n  /opt/anaconda3/envs/testagent-experiment/lib/python3.10/site-packages/tensorflow/core/framework/types_pb2.py:49: DeprecationWarning: Call to deprecated create function EnumValueDescriptor(). Note: Create unlinked descriptors is going to go away. Please use get/find descriptors from generated code or query the descriptor_pool.\n    _descriptor.EnumValueDescriptor(\n\n../../../../../../../../opt/anaconda3/envs/testagent-experiment/lib/python3.10/site-packages/tensorflow/core/framework/types_pb2.py:53\n  /opt/anaconda3/envs/testagent-experiment/lib/python3.10/site-packages/tensorflow/core/framework/types_pb2.py:53: DeprecationWarning: Call to deprecated create function EnumValueDescriptor(). Note: Create unlinked descriptors is going to go away. Please use get/find descriptors from generated code or query the descriptor_pool.\n    _descriptor.EnumValueDescriptor(\n\n../../../../../../../../opt/anaconda3/envs/testagent-experiment/lib/python3.10/site-packages/tensorflow/core/framework/types_pb2.py:57\n  /opt/anaconda3/envs/testagent-experiment/lib/python3.10/site-packages/tensorflow/core/framework/types_pb2.py:57: DeprecationWarning: Call to deprecated create function EnumValueDescriptor(). Note: Create unlinked descriptors is going to go away. Please use get/find descriptors from generated code or query the descriptor_pool.\n    _descriptor.EnumValueDescriptor(\n\n../../../../../../../../opt/anaconda3/envs/testagent-experiment/lib/python3.10/site-packages/tensorflow/core/framework/types_pb2.py:61\n  /opt/anaconda3/envs/testagent-experiment/lib/python3.10/site-packages/tensorflow/core/framework/types_pb2.py:61: DeprecationWarning: Call to deprecated create function EnumValueDescriptor(). Note: Create unlinked descriptors is going to go away. Please use get/find descriptors from generated code or query the descriptor_pool.\n    _descriptor.EnumValueDescriptor(\n\n../../../../../../../../opt/anaconda3/envs/testagent-experiment/lib/python3.10/site-packages/tensorflow/core/framework/types_pb2.py:65\n  /opt/anaconda3/envs/testagent-experiment/lib/python3.10/site-packages/tensorflow/core/framework/types_pb2.py:65: DeprecationWarning: Call to deprecated create function EnumValueDescriptor(). Note: Create unlinked descriptors is going to go away. Please use get/find descriptors from generated code or query the descriptor_pool.\n    _descriptor.EnumValueDescriptor(\n\n../../../../../../../../opt/anaconda3/envs/testagent-experiment/lib/python3.10/site-packages/tensorflow/core/framework/types_pb2.py:69\n  /opt/anaconda3/envs/testagent-experiment/lib/python3.10/site-packages/tensorflow/core/framework/types_pb2.py:69: DeprecationWarning: Call to deprecated create function EnumValueDescriptor(). Note: Create unlinked descriptors is going to go away. Please use get/find descriptors from generated code or query the descriptor_pool.\n    _descriptor.EnumValueDescriptor(\n\n../../../../../../../../opt/anaconda3/envs/testagent-experiment/lib/python3.10/site-packages/tensorflow/core/framework/types_pb2.py:73\n  /opt/anaconda3/envs/testagent-experiment/lib/python3.10/site-packages/tensorflow/core/framework/types_pb2.py:73: DeprecationWarning: Call to deprecated create function EnumValueDescriptor(). Note: Create unlinked descriptors is going to go away. Please use get/find descriptors from generated code or query the descriptor_pool.\n    _descriptor.EnumValueDescriptor(\n\n../../../../../../../../opt/anaconda3/envs/testagent-experiment/lib/python3.10/site-packages/tensorflow/core/framework/types_pb2.py:77\n  /opt/anaconda3/envs/testagent-experiment/lib/python3.10/site-packages/tensorflow/core/framework/types_pb2.py:77: DeprecationWarning: Call to deprecated create function EnumValueDescriptor(). Note: Create unlinked descriptors is going to go away. Please use get/find descriptors from generated code or query the descriptor_pool.\n    _descriptor.EnumValueDescriptor(\n\n../../../../../../../../opt/anaconda3/envs/testagent-experiment/lib/python3.10/site-packages/tensorflow/core/framework/types_pb2.py:81\n  /opt/anaconda3/envs/testagent-experiment/lib/python3.10/site-packages/tensorflow/core/framework/types_pb2.py:81: DeprecationWarning: Call to deprecated create function EnumValueDescriptor(). Note: Create unlinked descriptors is going to go away. Please use get/find descriptors from generated code or query the descriptor_pool.\n    _descriptor.EnumValueDescriptor(\n\n../../../../../../../../opt/anaconda3/envs/testagent-experiment/lib/python3.10/site-packages/tensorflow/core/framework/types_pb2.py:85\n  /opt/anaconda3/envs/testagent-experiment/lib/python3.10/site-packages/tensorflow/core/framework/types_pb2.py:85: DeprecationWarning: Call to deprecated create function EnumValueDescriptor(). Note: Create unlinked descriptors is going to go away. Please use get/find descriptors from generated code or query the descriptor_pool.\n    _descriptor.EnumValueDescriptor(\n\n../../../../../../../../opt/anaconda3/envs/testagent-experiment/lib/python3.10/site-packages/tensorflow/core/framework/types_pb2.py:89\n  /opt/anaconda3/envs/testagent-experiment/lib/python3.10/site-packages/tensorflow/core/framework/types_pb2.py:89: DeprecationWarning: Call to deprecated create function EnumValueDescriptor(). Note: Create unlinked descriptors is going to go away. Please use get/find descriptors from generated code or query the descriptor_pool.\n    _descriptor.EnumValueDescriptor(\n\n../../../../../../../../opt/anaconda3/envs/testagent-experiment/lib/python3.10/site-packages/tensorflow/core/framework/types_pb2.py:93\n  /opt/anaconda3/envs/testagent-experiment/lib/python3.10/site-packages/tensorflow/core/framework/types_pb2.py:93: DeprecationWarning: Call to deprecated create function EnumValueDescriptor(). Note: Create unlinked descriptors is going to go away. Please use get/find descriptors from generated code or query the descriptor_pool.\n    _descriptor.EnumValueDescriptor(\n\n../../../../../../../../opt/anaconda3/envs/testagent-experiment/lib/python3.10/site-packages/tensorflow/core/framework/types_pb2.py:97\n  /opt/anaconda3/envs/testagent-experiment/lib/python3.10/site-packages/tensorflow/core/framework/types_pb2.py:97: DeprecationWarning: Call to deprecated create function EnumValueDescriptor(). Note: Create unlinked descriptors is going to go away. Please use get/find descriptors from generated code or query the descriptor_pool.\n    _descriptor.EnumValueDescriptor(\n\n../../../../../../../../opt/anaconda3/envs/testagent-experiment/lib/python3.10/site-packages/tensorflow/core/framework/types_pb2.py:101\n  /opt/anaconda3/envs/testagent-experiment/lib/python3.10/site-packages/tensorflow/core/framework/types_pb2.py:101: DeprecationWarning: Call to deprecated create function EnumValueDescriptor(). Note: Create unlinked descriptors is going to go away. Please use get/find descriptors from generated code or query the descriptor_pool.\n    _descriptor.EnumValueDescriptor(\n\n../../../../../../../../opt/anaconda3/envs/testagent-experiment/lib/python3.10/site-packages/tensorflow/core/framework/types_pb2.py:105\n  /opt/anaconda3/envs/testagent-experiment/lib/python3.10/site-packages/tensorflow/core/framework/types_pb2.py:105: DeprecationWarning: Call to deprecated create function EnumValueDescriptor(). Note: Create unlinked descriptors is going to go away. Please use get/find descriptors from generated code or query the descriptor_pool.\n    _descriptor.EnumValueDescriptor(\n\n../../../../../../../../opt/anaconda3/envs/testagent-experiment/lib/python3.10/site-packages/tensorflow/core/framework/types_pb2.py:109\n  /opt/anaconda3/envs/testagent-experiment/lib/python3.10/site-packages/tensorflow/core/framework/types_pb2.py:109: DeprecationWarning: Call to deprecated create function EnumValueDescriptor(). Note: Create unlinked descriptors is going to go away. Please use get/find descriptors from generated code or query the descriptor_pool.\n    _descriptor.EnumValueDescriptor(\n\n../../../../../../../../opt/anaconda3/envs/testagent-experiment/lib/python3.10/site-packages/tensorflow/core/framework/types_pb2.py:113\n  /opt/anaconda3/envs/testagent-experiment/lib/python3.10/site-packages/tensorflow/core/framework/types_pb2.py:113: DeprecationWarning: Call to deprecated create function EnumValueDescriptor(). Note: Create unlinked descriptors is going to go away. Please use get/find descriptors from generated code or query the descriptor_pool.\n    _descriptor.EnumValueDescriptor(\n\n../../../../../../../../opt/anaconda3/envs/testagent-experiment/lib/python3.10/site-packages/tensorflow/core/framework/types_pb2.py:117\n  /opt/anaconda3/envs/testagent-experiment/lib/python3.10/site-packages/tensorflow/core/framework/types_pb2.py:117: DeprecationWarning: Call to deprecated create function EnumValueDescriptor(). Note: Create unlinked descriptors is going to go away. Please use get/find descriptors from generated code or query the descriptor_pool.\n    _descriptor.EnumValueDescriptor(\n\n../../../../../../../../opt/anaconda3/envs/testagent-experiment/lib/python3.10/site-packages/tensorflow/core/framework/types_pb2.py:121\n  /opt/anaconda3/envs/testagent-experiment/lib/python3.10/site-packages/tensorflow/core/framework/types_pb2.py:121: DeprecationWarning: Call to deprecated create function EnumValueDescriptor(). Note: Create unlinked descriptors is going to go away. Please use get/find descriptors from generated code or query the descriptor_pool.\n    _descriptor.EnumValueDescriptor(\n\n../../../../../../../../opt/anaconda3/envs/testagent-experiment/lib/python3.10/site-packages/tensorflow/core/framework/types_pb2.py:125\n  /opt/anaconda3/envs/testagent-experiment/lib/python3.10/site-packages/tensorflow/core/framework/types_pb2.py:125: DeprecationWarning: Call to deprecated create function EnumValueDescriptor(). Note: Create unlinked descriptors is going to go away. Please use get/find descriptors from generated code or query the descriptor_pool.\n    _descriptor.EnumValueDescriptor(\n\n../../../../../../../../opt/anaconda3/envs/testagent-experiment/lib/python3.10/site-packages/tensorflow/core/framework/types_pb2.py:129\n  /opt/anaconda3/envs/testagent-experiment/lib/python3.10/site-packages/tensorflow/core/framework/types_pb2.py:129: DeprecationWarning: Call to deprecated create function EnumValueDescriptor(). Note: Create unlinked descriptors is going to go away. Please use get/find descriptors from generated code or query the descriptor_pool.\n    _descriptor.EnumValueDescriptor(\n\n../../../../../../../../opt/anaconda3/envs/testagent-experiment/lib/python3.10/site-packages/tensorflow/core/framework/types_pb2.py:133\n  /opt/anaconda3/envs/testagent-experiment/lib/python3.10/site-packages/tensorflow/core/framework/types_pb2.py:133: DeprecationWarning: Call to deprecated create function EnumValueDescriptor(). Note: Create unlinked descriptors is going to go away. Please use get/find descriptors from generated code or query the descriptor_pool.\n    _descriptor.EnumValueDescriptor(\n\n../../../../../../../../opt/anaconda3/envs/testagent-experiment/lib/python3.10/site-packages/tensorflow/core/framework/types_pb2.py:137\n  /opt/anaconda3/envs/testagent-experiment/lib/python3.10/site-packages/tensorflow/core/framework/types_pb2.py:137: DeprecationWarning: Call to deprecated create function EnumValueDescriptor(). Note: Create unlinked descriptors is going to go away. Please use get/find descriptors from generated code or query the descriptor_pool.\n    _descriptor.EnumValueDescriptor(\n\n../../../../../../../../opt/anaconda3/envs/testagent-experiment/lib/python3.10/site-packages/tensorflow/core/framework/types_pb2.py:141\n  /opt/anaconda3/envs/testagent-experiment/lib/python3.10/site-packages/tensorflow/core/framework/types_pb2.py:141: DeprecationWarning: Call to deprecated create function EnumValueDescriptor(). Note: Create unlinked descriptors is going to go away. Please use get/find descriptors from generated code or query the descriptor_pool.\n    _descriptor.EnumValueDescriptor(\n\n../../../../../../../../opt/anaconda3/envs/testagent-experiment/lib/python3.10/site-packages/tensorflow/core/framework/types_pb2.py:145\n  /opt/anaconda3/envs/testagent-experiment/lib/python3.10/site-packages/tensorflow/core/framework/types_pb2.py:145: DeprecationWarning: Call to deprecated create function EnumValueDescriptor(). Note: Create unlinked descriptors is going to go away. Please use get/find descriptors from generated code or query the descriptor_pool.\n    _descriptor.EnumValueDescriptor(\n\n../../../../../../../../opt/anaconda3/envs/testagent-experiment/lib/python3.10/site-packages/tensorflow/core/framework/types_pb2.py:149\n  /opt/anaconda3/envs/testagent-experiment/lib/python3.10/site-packages/tensorflow/core/framework/types_pb2.py:149: DeprecationWarning: Call to deprecated create function EnumValueDescriptor(). Note: Create unlinked descriptors is going to go away. Please use get/find descriptors from generated code or query the descriptor_pool.\n    _descriptor.EnumValueDescriptor(\n\n../../../../../../../../opt/anaconda3/envs/testagent-experiment/lib/python3.10/site-packages/tensorflow/core/framework/types_pb2.py:153\n  /opt/anaconda3/envs/testagent-experiment/lib/python3.10/site-packages/tensorflow/core/framework/types_pb2.py:153: DeprecationWarning: Call to deprecated create function EnumValueDescriptor(). Note: Create unlinked descriptors is going to go away. Please use get/find descriptors from generated code or query the descriptor_pool.\n    _descriptor.EnumValueDescriptor(\n\n../../../../../../../../opt/anaconda3/envs/testagent-experiment/lib/python3.10/site-packages/tensorflow/core/framework/types_pb2.py:157\n  /opt/anaconda3/envs/testagent-experiment/lib/python3.10/site-packages/tensorflow/core/framework/types_pb2.py:157: DeprecationWarning: Call to deprecated create function EnumValueDescriptor(). Note: Create unlinked descriptors is going to go away. Please use get/find descriptors from generated code or query the descriptor_pool.\n    _descriptor.EnumValueDescriptor(\n\n../../../../../../../../opt/anaconda3/envs/testagent-experiment/lib/python3.10/site-packages/tensorflow/core/framework/types_pb2.py:161\n  /opt/anaconda3/envs/testagent-experiment/lib/python3.10/site-packages/tensorflow/core/framework/types_pb2.py:161: DeprecationWarning: Call to deprecated create function EnumValueDescriptor(). Note: Create unlinked descriptors is going to go away. Please use get/find descriptors from generated code or query the descriptor_pool.\n    _descriptor.EnumValueDescriptor(\n\n../../../../../../../../opt/anaconda3/envs/testagent-experiment/lib/python3.10/site-packages/tensorflow/core/framework/types_pb2.py:165\n  /opt/anaconda3/envs/testagent-experiment/lib/python3.10/site-packages/tensorflow/core/framework/types_pb2.py:165: DeprecationWarning: Call to deprecated create function EnumValueDescriptor(). Note: Create unlinked descriptors is going to go away. Please use get/find descriptors from generated code or query the descriptor_pool.\n    _descriptor.EnumValueDescriptor(\n\n../../../../../../../../opt/anaconda3/envs/testagent-experiment/lib/python3.10/site-packages/tensorflow/core/framework/types_pb2.py:169\n  /opt/anaconda3/envs/testagent-experiment/lib/python3.10/site-packages/tensorflow/core/framework/types_pb2.py:169: DeprecationWarning: Call to deprecated create function EnumValueDescriptor(). Note: Create unlinked descriptors is going to go away. Please use get/find descriptors from generated code or query the descriptor_pool.\n    _descriptor.EnumValueDescriptor(\n\n../../../../../../../../opt/anaconda3/envs/testagent-experiment/lib/python3.10/site-packages/tensorflow/core/framework/types_pb2.py:173\n  /opt/anaconda3/envs/testagent-experiment/lib/python3.10/site-packages/tensorflow/core/framework/types_pb2.py:173: DeprecationWarning: Call to deprecated create function EnumValueDescriptor(). Note: Create unlinked descriptors is going to go away. Please use get/find descriptors from generated code or query the descriptor_pool.\n    _descriptor.EnumValueDescriptor(\n\n../../../../../../../../opt/anaconda3/envs/testagent-experiment/lib/python3.10/site-packages/tensorflow/core/framework/types_pb2.py:177\n  /opt/anaconda3/envs/testagent-experiment/lib/python3.10/site-packages/tensorflow/core/framework/types_pb2.py:177: DeprecationWarning: Call to deprecated create function EnumValueDescriptor(). Note: Create unlinked descriptors is going to go away. Please use get/find descriptors from generated code or query the descriptor_pool.\n    _descriptor.EnumValueDescriptor(\n\n../../../../../../../../opt/anaconda3/envs/testagent-experiment/lib/python3.10/site-packages/tensorflow/core/framework/types_pb2.py:181\n  /opt/anaconda3/envs/testagent-experiment/lib/python3.10/site-packages/tensorflow/core/framework/types_pb2.py:181: DeprecationWarning: Call to deprecated create function EnumValueDescriptor(). Note: Create unlinked descriptors is going to go away. Please use get/find descriptors from generated code or query the descriptor_pool.\n    _descriptor.EnumValueDescriptor(\n\n../../../../../../../../opt/anaconda3/envs/testagent-experiment/lib/python3.10/site-packages/tensorflow/core/framework/types_pb2.py:185\n  /opt/anaconda3/envs/testagent-experiment/lib/python3.10/site-packages/tensorflow/core/framework/types_pb2.py:185: DeprecationWarning: Call to deprecated create function EnumValueDescriptor(). Note: Create unlinked descriptors is going to go away. Please use get/find descriptors from generated code or query the descriptor_pool.\n    _descriptor.EnumValueDescriptor(\n\n../../../../../../../../opt/anaconda3/envs/testagent-experiment/lib/python3.10/site-packages/tensorflow/core/framework/types_pb2.py:189\n  /opt/anaconda3/envs/testagent-experiment/lib/python3.10/site-packages/tensorflow/core/framework/types_pb2.py:189: DeprecationWarning: Call to deprecated create function EnumValueDescriptor(). Note: Create unlinked descriptors is going to go away. Please use get/find descriptors from generated code or query the descriptor_pool.\n    _descriptor.EnumValueDescriptor(\n\n../../../../../../../../opt/anaconda3/envs/testagent-experiment/lib/python3.10/site-packages/tensorflow/core/framework/types_pb2.py:193\n  /opt/anaconda3/envs/testagent-experiment/lib/python3.10/site-packages/tensorflow/core/framework/types_pb2.py:193: DeprecationWarning: Call to deprecated create function EnumValueDescriptor(). Note: Create unlinked descriptors is going to go away. Please use get/find descriptors from generated code or query the descriptor_pool.\n    _descriptor.EnumValueDescriptor(\n\n../../../../../../../../opt/anaconda3/envs/testagent-experiment/lib/python3.10/site-packages/tensorflow/core/framework/types_pb2.py:197\n  /opt/anaconda3/envs/testagent-experiment/lib/python3.10/site-packages/tensorflow/core/framework/types_pb2.py:197: DeprecationWarning: Call to deprecated create function EnumValueDescriptor(). Note: Create unlinked descriptors is going to go away. Please use get/find descriptors from generated code or query the descriptor_pool.\n    _descriptor.EnumValueDescriptor(\n\n../../../../../../../../opt/anaconda3/envs/testagent-experiment/lib/python3.10/site-packages/tensorflow/core/framework/types_pb2.py:201\n  /opt/anaconda3/envs/testagent-experiment/lib/python3.10/site-packages/tensorflow/core/framework/types_pb2.py:201: DeprecationWarning: Call to deprecated create function EnumValueDescriptor(). Note: Create unlinked descriptors is going to go away. Please use get/find descriptors from generated code or query the descriptor_pool.\n    _descriptor.EnumValueDescriptor(\n\n../../../../../../../../opt/anaconda3/envs/testagent-experiment/lib/python3.10/site-packages/tensorflow/core/framework/types_pb2.py:205\n  /opt/anaconda3/envs/testagent-experiment/lib/python3.10/site-packages/tensorflow/core/framework/types_pb2.py:205: DeprecationWarning: Call to deprecated create function EnumValueDescriptor(). Note: Create unlinked descriptors is going to go away. Please use get/find descriptors from generated code or query the descriptor_pool.\n    _descriptor.EnumValueDescriptor(\n\n../../../../../../../../opt/anaconda3/envs/testagent-experiment/lib/python3.10/site-packages/tensorflow/core/framework/types_pb2.py:209\n  /opt/anaconda3/envs/testagent-experiment/lib/python3.10/site-packages/tensorflow/core/framework/types_pb2.py:209: DeprecationWarning: Call to deprecated create function EnumValueDescriptor(). Note: Create unlinked descriptors is going to go away. Please use get/find descriptors from generated code or query the descriptor_pool.\n    _descriptor.EnumValueDescriptor(\n\n../../../../../../../../opt/anaconda3/envs/testagent-experiment/lib/python3.10/site-packages/tensorflow/core/framework/types_pb2.py:213\n  /opt/anaconda3/envs/testagent-experiment/lib/python3.10/site-packages/tensorflow/core/framework/types_pb2.py:213: DeprecationWarning: Call to deprecated create function EnumValueDescriptor(). Note: Create unlinked descriptors is going to go away. Please use get/find descriptors from generated code or query the descriptor_pool.\n    _descriptor.EnumValueDescriptor(\n\n../../../../../../../../opt/anaconda3/envs/testagent-experiment/lib/python3.10/site-packages/tensorflow/core/framework/types_pb2.py:217\n  /opt/anaconda3/envs/testagent-experiment/lib/python3.10/site-packages/tensorflow/core/framework/types_pb2.py:217: DeprecationWarning: Call to deprecated create function EnumValueDescriptor(). Note: Create unlinked descriptors is going to go away. Please use get/find descriptors from generated code or query the descriptor_pool.\n    _descriptor.EnumValueDescriptor(\n\n../../../../../../../../opt/anaconda3/envs/testagent-experiment/lib/python3.10/site-packages/tensorflow/core/framework/types_pb2.py:27\n  /opt/anaconda3/envs/testagent-experiment/lib/python3.10/site-packages/tensorflow/core/framework/types_pb2.py:27: DeprecationWarning: Call to deprecated create function EnumDescriptor(). Note: Create unlinked descriptors is going to go away. Please use get/find descriptors from generated code or query the descriptor_pool.\n    _DATATYPE = _descriptor.EnumDescriptor(\n\n../../../../../../../../opt/anaconda3/envs/testagent-experiment/lib/python3.10/site-packages/tensorflow/core/framework/resource_handle_pb2.py:20\n  /opt/anaconda3/envs/testagent-experiment/lib/python3.10/site-packages/tensorflow/core/framework/resource_handle_pb2.py:20: DeprecationWarning: Call to deprecated create function FileDescriptor(). Note: Create unlinked descriptors is going to go away. Please use get/find descriptors from generated code or query the descriptor_pool.\n    DESCRIPTOR = _descriptor.FileDescriptor(\n\n../../../../../../../../opt/anaconda3/envs/testagent-experiment/lib/python3.10/site-packages/tensorflow/core/framework/resource_handle_pb2.py:39\n  /opt/anaconda3/envs/testagent-experiment/lib/python3.10/site-packages/tensorflow/core/framework/resource_handle_pb2.py:39: DeprecationWarning: Call to deprecated create function FieldDescriptor(). Note: Create unlinked descriptors is going to go away. Please use get/find descriptors from generated code or query the descriptor_pool.\n    _descriptor.FieldDescriptor(\n\n../../../../../../../../opt/anaconda3/envs/testagent-experiment/lib/python3.10/site-packages/tensorflow/core/framework/resource_handle_pb2.py:46\n  /opt/anaconda3/envs/testagent-experiment/lib/python3.10/site-packages/tensorflow/core/framework/resource_handle_pb2.py:46: DeprecationWarning: Call to deprecated create function FieldDescriptor(). Note: Create unlinked descriptors is going to go away. Please use get/find descriptors from generated code or query the descriptor_pool.\n    _descriptor.FieldDescriptor(\n\n../../../../../../../../opt/anaconda3/envs/testagent-experiment/lib/python3.10/site-packages/tensorflow/core/framework/resource_handle_pb2.py:32\n  /opt/anaconda3/envs/testagent-experiment/lib/python3.10/site-packages/tensorflow/core/framework/resource_handle_pb2.py:32: DeprecationWarning: Call to deprecated create function Descriptor(). Note: Create unlinked descriptors is going to go away. Please use get/find descriptors from generated code or query the descriptor_pool.\n    _RESOURCEHANDLEPROTO_DTYPEANDSHAPE = _descriptor.Descriptor(\n\n../../../../../../../../opt/anaconda3/envs/testagent-experiment/lib/python3.10/site-packages/tensorflow/core/framework/resource_handle_pb2.py:76\n  /opt/anaconda3/envs/testagent-experiment/lib/python3.10/site-packages/tensorflow/core/framework/resource_handle_pb2.py:76: DeprecationWarning: Call to deprecated create function FieldDescriptor(). Note: Create unlinked descriptors is going to go away. Please use get/find descriptors from generated code or query the descriptor_pool.\n    _descriptor.FieldDescriptor(\n\n../../../../../../../../opt/anaconda3/envs/testagent-experiment/lib/python3.10/site-packages/tensorflow/core/framework/resource_handle_pb2.py:83\n  /opt/anaconda3/envs/testagent-experiment/lib/python3.10/site-packages/tensorflow/core/framework/resource_handle_pb2.py:83: DeprecationWarning: Call to deprecated create function FieldDescriptor(). Note: Create unlinked descriptors is going to go away. Please use get/find descriptors from generated code or query the descriptor_pool.\n    _descriptor.FieldDescriptor(\n\n../../../../../../../../opt/anaconda3/envs/testagent-experiment/lib/python3.10/site-packages/tensorflow/core/framework/resource_handle_pb2.py:90\n  /opt/anaconda3/envs/testagent-experiment/lib/python3.10/site-packages/tensorflow/core/framework/resource_handle_pb2.py:90: DeprecationWarning: Call to deprecated create function FieldDescriptor(). Note: Create unlinked descriptors is going to go away. Please use get/find descriptors from generated code or query the descriptor_pool.\n    _descriptor.FieldDescriptor(\n\n../../../../../../../../opt/anaconda3/envs/testagent-experiment/lib/python3.10/site-packages/tensorflow/core/framework/resource_handle_pb2.py:97\n  /opt/anaconda3/envs/testagent-experiment/lib/python3.10/site-packages/tensorflow/core/framework/resource_handle_pb2.py:97: DeprecationWarning: Call to deprecated create function FieldDescriptor(). Note: Create unlinked descriptors is going to go away. Please use get/find descriptors from generated code or query the descriptor_pool.\n    _descriptor.FieldDescriptor(\n\n../../../../../../../../opt/anaconda3/envs/testagent-experiment/lib/python3.10/site-packages/tensorflow/core/framework/resource_handle_pb2.py:104\n  /opt/anaconda3/envs/testagent-experiment/lib/python3.10/site-packages/tensorflow/core/framework/resource_handle_pb2.py:104: DeprecationWarning: Call to deprecated create function FieldDescriptor(). Note: Create unlinked descriptors is going to go away. Please use get/find descriptors from generated code or query the descriptor_pool.\n    _descriptor.FieldDescriptor(\n\n../../../../../../../../opt/anaconda3/envs/testagent-experiment/lib/python3.10/site-packages/tensorflow/core/framework/resource_handle_pb2.py:111\n  /opt/anaconda3/envs/testagent-experiment/lib/python3.10/site-packages/tensorflow/core/framework/resource_handle_pb2.py:111: DeprecationWarning: Call to deprecated create function FieldDescriptor(). Note: Create unlinked descriptors is going to go away. Please use get/find descriptors from generated code or query the descriptor_pool.\n    _descriptor.FieldDescriptor(\n\n../../../../../../../../opt/anaconda3/envs/testagent-experiment/lib/python3.10/site-packages/tensorflow/core/framework/resource_handle_pb2.py:69\n  /opt/anaconda3/envs/testagent-experiment/lib/python3.10/site-packages/tensorflow/core/framework/resource_handle_pb2.py:69: DeprecationWarning: Call to deprecated create function Descriptor(). Note: Create unlinked descriptors is going to go away. Please use get/find descriptors from generated code or query the descriptor_pool.\n    _RESOURCEHANDLEPROTO = _descriptor.Descriptor(\n\n../../../../../../../../opt/anaconda3/envs/testagent-experiment/lib/python3.10/site-packages/tensorflow/core/framework/tensor_pb2.py:21\n  /opt/anaconda3/envs/testagent-experiment/lib/python3.10/site-packages/tensorflow/core/framework/tensor_pb2.py:21: DeprecationWarning: Call to deprecated create function FileDescriptor(). Note: Create unlinked descriptors is going to go away. Please use get/find descriptors from generated code or query the descriptor_pool.\n    DESCRIPTOR = _descriptor.FileDescriptor(\n\n../../../../../../../../opt/anaconda3/envs/testagent-experiment/lib/python3.10/site-packages/tensorflow/core/framework/tensor_pb2.py:40\n  /opt/anaconda3/envs/testagent-experiment/lib/python3.10/site-packages/tensorflow/core/framework/tensor_pb2.py:40: DeprecationWarning: Call to deprecated create function FieldDescriptor(). Note: Create unlinked descriptors is going to go away. Please use get/find descriptors from generated code or query the descriptor_pool.\n    _descriptor.FieldDescriptor(\n\n../../../../../../../../opt/anaconda3/envs/testagent-experiment/lib/python3.10/site-packages/tensorflow/core/framework/tensor_pb2.py:47\n  /opt/anaconda3/envs/testagent-experiment/lib/python3.10/site-packages/tensorflow/core/framework/tensor_pb2.py:47: DeprecationWarning: Call to deprecated create function FieldDescriptor(). Note: Create unlinked descriptors is going to go away. Please use get/find descriptors from generated code or query the descriptor_pool.\n    _descriptor.FieldDescriptor(\n\n../../../../../../../../opt/anaconda3/envs/testagent-experiment/lib/python3.10/site-packages/tensorflow/core/framework/tensor_pb2.py:54\n  /opt/anaconda3/envs/testagent-experiment/lib/python3.10/site-packages/tensorflow/core/framework/tensor_pb2.py:54: DeprecationWarning: Call to deprecated create function FieldDescriptor(). Note: Create unlinked descriptors is going to go away. Please use get/find descriptors from generated code or query the descriptor_pool.\n    _descriptor.FieldDescriptor(\n\n../../../../../../../../opt/anaconda3/envs/testagent-experiment/lib/python3.10/site-packages/tensorflow/core/framework/tensor_pb2.py:61\n  /opt/anaconda3/envs/testagent-experiment/lib/python3.10/site-packages/tensorflow/core/framework/tensor_pb2.py:61: DeprecationWarning: Call to deprecated create function FieldDescriptor(). Note: Create unlinked descriptors is going to go away. Please use get/find descriptors from generated code or query the descriptor_pool.\n    _descriptor.FieldDescriptor(\n\n../../../../../../../../opt/anaconda3/envs/testagent-experiment/lib/python3.10/site-packages/tensorflow/core/framework/tensor_pb2.py:68\n  /opt/anaconda3/envs/testagent-experiment/lib/python3.10/site-packages/tensorflow/core/framework/tensor_pb2.py:68: DeprecationWarning: Call to deprecated create function FieldDescriptor(). Note: Create unlinked descriptors is going to go away. Please use get/find descriptors from generated code or query the descriptor_pool.\n    _descriptor.FieldDescriptor(\n\n../../../../../../../../opt/anaconda3/envs/testagent-experiment/lib/python3.10/site-packages/tensorflow/core/framework/tensor_pb2.py:75\n  /opt/anaconda3/envs/testagent-experiment/lib/python3.10/site-packages/tensorflow/core/framework/tensor_pb2.py:75: DeprecationWarning: Call to deprecated create function FieldDescriptor(). Note: Create unlinked descriptors is going to go away. Please use get/find descriptors from generated code or query the descriptor_pool.\n    _descriptor.FieldDescriptor(\n\n../../../../../../../../opt/anaconda3/envs/testagent-experiment/lib/python3.10/site-packages/tensorflow/core/framework/tensor_pb2.py:82\n  /opt/anaconda3/envs/testagent-experiment/lib/python3.10/site-packages/tensorflow/core/framework/tensor_pb2.py:82: DeprecationWarning: Call to deprecated create function FieldDescriptor(). Note: Create unlinked descriptors is going to go away. Please use get/find descriptors from generated code or query the descriptor_pool.\n    _descriptor.FieldDescriptor(\n\n../../../../../../../../opt/anaconda3/envs/testagent-experiment/lib/python3.10/site-packages/tensorflow/core/framework/tensor_pb2.py:89\n  /opt/anaconda3/envs/testagent-experiment/lib/python3.10/site-packages/tensorflow/core/framework/tensor_pb2.py:89: DeprecationWarning: Call to deprecated create function FieldDescriptor(). Note: Create unlinked descriptors is going to go away. Please use get/find descriptors from generated code or query the descriptor_pool.\n    _descriptor.FieldDescriptor(\n\n../../../../../../../../opt/anaconda3/envs/testagent-experiment/lib/python3.10/site-packages/tensorflow/core/framework/tensor_pb2.py:96\n  /opt/anaconda3/envs/testagent-experiment/lib/python3.10/site-packages/tensorflow/core/framework/tensor_pb2.py:96: DeprecationWarning: Call to deprecated create function FieldDescriptor(). Note: Create unlinked descriptors is going to go away. Please use get/find descriptors from generated code or query the descriptor_pool.\n    _descriptor.FieldDescriptor(\n\n../../../../../../../../opt/anaconda3/envs/testagent-experiment/lib/python3.10/site-packages/tensorflow/core/framework/tensor_pb2.py:103\n  /opt/anaconda3/envs/testagent-experiment/lib/python3.10/site-packages/tensorflow/core/framework/tensor_pb2.py:103: DeprecationWarning: Call to deprecated create function FieldDescriptor(). Note: Create unlinked descriptors is going to go away. Please use get/find descriptors from generated code or query the descriptor_pool.\n    _descriptor.FieldDescriptor(\n\n../../../../../../../../opt/anaconda3/envs/testagent-experiment/lib/python3.10/site-packages/tensorflow/core/framework/tensor_pb2.py:110\n  /opt/anaconda3/envs/testagent-experiment/lib/python3.10/site-packages/tensorflow/core/framework/tensor_pb2.py:110: DeprecationWarning: Call to deprecated create function FieldDescriptor(). Note: Create unlinked descriptors is going to go away. Please use get/find descriptors from generated code or query the descriptor_pool.\n    _descriptor.FieldDescriptor(\n\n../../../../../../../../opt/anaconda3/envs/testagent-experiment/lib/python3.10/site-packages/tensorflow/core/framework/tensor_pb2.py:117\n  /opt/anaconda3/envs/testagent-experiment/lib/python3.10/site-packages/tensorflow/core/framework/tensor_pb2.py:117: DeprecationWarning: Call to deprecated create function FieldDescriptor(). Note: Create unlinked descriptors is going to go away. Please use get/find descriptors from generated code or query the descriptor_pool.\n    _descriptor.FieldDescriptor(\n\n../../../../../../../../opt/anaconda3/envs/testagent-experiment/lib/python3.10/site-packages/tensorflow/core/framework/tensor_pb2.py:124\n  /opt/anaconda3/envs/testagent-experiment/lib/python3.10/site-packages/tensorflow/core/framework/tensor_pb2.py:124: DeprecationWarning: Call to deprecated create function FieldDescriptor(). Note: Create unlinked descriptors is going to go away. Please use get/find descriptors from generated code or query the descriptor_pool.\n    _descriptor.FieldDescriptor(\n\n../../../../../../../../opt/anaconda3/envs/testagent-experiment/lib/python3.10/site-packages/tensorflow/core/framework/tensor_pb2.py:131\n  /opt/anaconda3/envs/testagent-experiment/lib/python3.10/site-packages/tensorflow/core/framework/tensor_pb2.py:131: DeprecationWarning: Call to deprecated create function FieldDescriptor(). Note: Create unlinked descriptors is going to go away. Please use get/find descriptors from generated code or query the descriptor_pool.\n    _descriptor.FieldDescriptor(\n\n../../../../../../../../opt/anaconda3/envs/testagent-experiment/lib/python3.10/site-packages/tensorflow/core/framework/tensor_pb2.py:138\n  /opt/anaconda3/envs/testagent-experiment/lib/python3.10/site-packages/tensorflow/core/framework/tensor_pb2.py:138: DeprecationWarning: Call to deprecated create function FieldDescriptor(). Note: Create unlinked descriptors is going to go away. Please use get/find descriptors from generated code or query the descriptor_pool.\n    _descriptor.FieldDescriptor(\n\n../../../../../../../../opt/anaconda3/envs/testagent-experiment/lib/python3.10/site-packages/tensorflow/core/framework/tensor_pb2.py:145\n  /opt/anaconda3/envs/testagent-experiment/lib/python3.10/site-packages/tensorflow/core/framework/tensor_pb2.py:145: DeprecationWarning: Call to deprecated create function FieldDescriptor(). Note: Create unlinked descriptors is going to go away. Please use get/find descriptors from generated code or query the descriptor_pool.\n    _descriptor.FieldDescriptor(\n\n../../../../../../../../opt/anaconda3/envs/testagent-experiment/lib/python3.10/site-packages/tensorflow/core/framework/tensor_pb2.py:152\n  /opt/anaconda3/envs/testagent-experiment/lib/python3.10/site-packages/tensorflow/core/framework/tensor_pb2.py:152: DeprecationWarning: Call to deprecated create function FieldDescriptor(). Note: Create unlinked descriptors is going to go away. Please use get/find descriptors from generated code or query the descriptor_pool.\n    _descriptor.FieldDescriptor(\n\n../../../../../../../../opt/anaconda3/envs/testagent-experiment/lib/python3.10/site-packages/tensorflow/core/framework/tensor_pb2.py:33\n  /opt/anaconda3/envs/testagent-experiment/lib/python3.10/site-packages/tensorflow/core/framework/tensor_pb2.py:33: DeprecationWarning: Call to deprecated create function Descriptor(). Note: Create unlinked descriptors is going to go away. Please use get/find descriptors from generated code or query the descriptor_pool.\n    _TENSORPROTO = _descriptor.Descriptor(\n\n../../../../../../../../opt/anaconda3/envs/testagent-experiment/lib/python3.10/site-packages/tensorflow/core/framework/tensor_pb2.py:183\n  /opt/anaconda3/envs/testagent-experiment/lib/python3.10/site-packages/tensorflow/core/framework/tensor_pb2.py:183: DeprecationWarning: Call to deprecated create function FieldDescriptor(). Note: Create unlinked descriptors is going to go away. Please use get/find descriptors from generated code or query the descriptor_pool.\n    _descriptor.FieldDescriptor(\n\n../../../../../../../../opt/anaconda3/envs/testagent-experiment/lib/python3.10/site-packages/tensorflow/core/framework/tensor_pb2.py:190\n  /opt/anaconda3/envs/testagent-experiment/lib/python3.10/site-packages/tensorflow/core/framework/tensor_pb2.py:190: DeprecationWarning: Call to deprecated create function FieldDescriptor(). Note: Create unlinked descriptors is going to go away. Please use get/find descriptors from generated code or query the descriptor_pool.\n    _descriptor.FieldDescriptor(\n\n../../../../../../../../opt/anaconda3/envs/testagent-experiment/lib/python3.10/site-packages/tensorflow/core/framework/tensor_pb2.py:197\n  /opt/anaconda3/envs/testagent-experiment/lib/python3.10/site-packages/tensorflow/core/framework/tensor_pb2.py:197: DeprecationWarning: Call to deprecated create function FieldDescriptor(). Note: Create unlinked descriptors is going to go away. Please use get/find descriptors from generated code or query the descriptor_pool.\n    _descriptor.FieldDescriptor(\n\n../../../../../../../../opt/anaconda3/envs/testagent-experiment/lib/python3.10/site-packages/tensorflow/core/framework/tensor_pb2.py:176\n  /opt/anaconda3/envs/testagent-experiment/lib/python3.10/site-packages/tensorflow/core/framework/tensor_pb2.py:176: DeprecationWarning: Call to deprecated create function Descriptor(). Note: Create unlinked descriptors is going to go away. Please use get/find descriptors from generated code or query the descriptor_pool.\n    _VARIANTTENSORDATAPROTO = _descriptor.Descriptor(\n\n../../../../../../../../opt/anaconda3/envs/testagent-experiment/lib/python3.10/site-packages/tensorflow/core/framework/attr_value_pb2.py:21\n  /opt/anaconda3/envs/testagent-experiment/lib/python3.10/site-packages/tensorflow/core/framework/attr_value_pb2.py:21: DeprecationWarning: Call to deprecated create function FileDescriptor(). Note: Create unlinked descriptors is going to go away. Please use get/find descriptors from generated code or query the descriptor_pool.\n    DESCRIPTOR = _descriptor.FileDescriptor(\n\n../../../../../../../../opt/anaconda3/envs/testagent-experiment/lib/python3.10/site-packages/tensorflow/core/framework/attr_value_pb2.py:40\n  /opt/anaconda3/envs/testagent-experiment/lib/python3.10/site-packages/tensorflow/core/framework/attr_value_pb2.py:40: DeprecationWarning: Call to deprecated create function FieldDescriptor(). Note: Create unlinked descriptors is going to go away. Please use get/find descriptors from generated code or query the descriptor_pool.\n    _descriptor.FieldDescriptor(\n\n../../../../../../../../opt/anaconda3/envs/testagent-experiment/lib/python3.10/site-packages/tensorflow/core/framework/attr_value_pb2.py:47\n  /opt/anaconda3/envs/testagent-experiment/lib/python3.10/site-packages/tensorflow/core/framework/attr_value_pb2.py:47: DeprecationWarning: Call to deprecated create function FieldDescriptor(). Note: Create unlinked descriptors is going to go away. Please use get/find descriptors from generated code or query the descriptor_pool.\n    _descriptor.FieldDescriptor(\n\n../../../../../../../../opt/anaconda3/envs/testagent-experiment/lib/python3.10/site-packages/tensorflow/core/framework/attr_value_pb2.py:54\n  /opt/anaconda3/envs/testagent-experiment/lib/python3.10/site-packages/tensorflow/core/framework/attr_value_pb2.py:54: DeprecationWarning: Call to deprecated create function FieldDescriptor(). Note: Create unlinked descriptors is going to go away. Please use get/find descriptors from generated code or query the descriptor_pool.\n    _descriptor.FieldDescriptor(\n\n../../../../../../../../opt/anaconda3/envs/testagent-experiment/lib/python3.10/site-packages/tensorflow/core/framework/attr_value_pb2.py:61\n  /opt/anaconda3/envs/testagent-experiment/lib/python3.10/site-packages/tensorflow/core/framework/attr_value_pb2.py:61: DeprecationWarning: Call to deprecated create function FieldDescriptor(). Note: Create unlinked descriptors is going to go away. Please use get/find descriptors from generated code or query the descriptor_pool.\n    _descriptor.FieldDescriptor(\n\n../../../../../../../../opt/anaconda3/envs/testagent-experiment/lib/python3.10/site-packages/tensorflow/core/framework/attr_value_pb2.py:68\n  /opt/anaconda3/envs/testagent-experiment/lib/python3.10/site-packages/tensorflow/core/framework/attr_value_pb2.py:68: DeprecationWarning: Call to deprecated create function FieldDescriptor(). Note: Create unlinked descriptors is going to go away. Please use get/find descriptors from generated code or query the descriptor_pool.\n    _descriptor.FieldDescriptor(\n\n../../../../../../../../opt/anaconda3/envs/testagent-experiment/lib/python3.10/site-packages/tensorflow/core/framework/attr_value_pb2.py:75\n  /opt/anaconda3/envs/testagent-experiment/lib/python3.10/site-packages/tensorflow/core/framework/attr_value_pb2.py:75: DeprecationWarning: Call to deprecated create function FieldDescriptor(). Note: Create unlinked descriptors is going to go away. Please use get/find descriptors from generated code or query the descriptor_pool.\n    _descriptor.FieldDescriptor(\n\n../../../../../../../../opt/anaconda3/envs/testagent-experiment/lib/python3.10/site-packages/tensorflow/core/framework/attr_value_pb2.py:82\n  /opt/anaconda3/envs/testagent-experiment/lib/python3.10/site-packages/tensorflow/core/framework/attr_value_pb2.py:82: DeprecationWarning: Call to deprecated create function FieldDescriptor(). Note: Create unlinked descriptors is going to go away. Please use get/find descriptors from generated code or query the descriptor_pool.\n    _descriptor.FieldDescriptor(\n\n../../../../../../../../opt/anaconda3/envs/testagent-experiment/lib/python3.10/site-packages/tensorflow/core/framework/attr_value_pb2.py:89\n  /opt/anaconda3/envs/testagent-experiment/lib/python3.10/site-packages/tensorflow/core/framework/attr_value_pb2.py:89: DeprecationWarning: Call to deprecated create function FieldDescriptor(). Note: Create unlinked descriptors is going to go away. Please use get/find descriptors from generated code or query the descriptor_pool.\n    _descriptor.FieldDescriptor(\n\n../../../../../../../../opt/anaconda3/envs/testagent-experiment/lib/python3.10/site-packages/tensorflow/core/framework/attr_value_pb2.py:33\n  /opt/anaconda3/envs/testagent-experiment/lib/python3.10/site-packages/tensorflow/core/framework/attr_value_pb2.py:33: DeprecationWarning: Call to deprecated create function Descriptor(). Note: Create unlinked descriptors is going to go away. Please use get/find descriptors from generated code or query the descriptor_pool.\n    _ATTRVALUE_LISTVALUE = _descriptor.Descriptor(\n\n../../../../../../../../opt/anaconda3/envs/testagent-experiment/lib/python3.10/site-packages/tensorflow/python/framework/dtypes.py:205\n  /opt/anaconda3/envs/testagent-experiment/lib/python3.10/site-packages/tensorflow/python/framework/dtypes.py:205: DeprecationWarning: `np.bool8` is a deprecated alias for `np.bool_`.  (Deprecated NumPy 1.24)\n    np.bool8: (False, True),\n\n../../../../../../../../opt/anaconda3/envs/testagent-experiment/lib/python3.10/site-packages/flatbuffers/compat.py:19\n  /opt/anaconda3/envs/testagent-experiment/lib/python3.10/site-packages/flatbuffers/compat.py:19: DeprecationWarning: the imp module is deprecated in favour of importlib and slated for removal in Python 3.12; see the module's documentation for alternative uses\n    import imp\n\n../../../../../../../../opt/anaconda3/envs/testagent-experiment/lib/python3.10/site-packages/tensorboard/compat/tensorflow_stub/dtypes.py:326\n  /opt/anaconda3/envs/testagent-experiment/lib/python3.10/site-packages/tensorboard/compat/tensorflow_stub/dtypes.py:326: DeprecationWarning: `np.bool8` is a deprecated alias for `np.bool_`.  (Deprecated NumPy 1.24)\n    np.bool8: (False, True),\n\n-- Docs: https://docs.pytest.org/en/stable/how-to/capture-warnings.html\n================================ tests coverage ================================\n______________ coverage: platform darwin, python 3.10.19-final-0 _______________\n\nName                                                       Stmts   Miss Branch BrPart  Cover   Missing\n------------------------------------------------------------------------------------------------------\ntests/test_tensorflow_python_ops_gen_control_flow_ops.py     302    239     60      3    18%   24-25, 33-34, 41-44, 52-53, 60-61, 68-69, 79-99, 134-215, 243-321, 349-419, 452-549, 578-681, 718-743, 754-776, 795\n------------------------------------------------------------------------------------------------------\nTOTAL                                                        302    239     60      3    18%\nCoverage XML written to file coverage.xml\n=========================== short test summary info ============================\nFAILED tests/test_tensorflow_python_ops_gen_control_flow_ops.py::test_enter_invalid_frame_name\nFAILED tests/test_tensorflow_python_ops_gen_control_flow_ops.py::test_switch_with_different_dtypes\nERROR tests/test_tensorflow_python_ops_gen_control_flow_ops.py::test_enter_exit_frame_management[float32-test_frame-False-10-eager]\nERROR tests/test_tensorflow_python_ops_gen_control_flow_ops.py::test_enter_exit_frame_management[float64-different_frame-True-5-graph]\nERROR tests/test_tensorflow_python_ops_gen_control_flow_ops.py::test_switch_branch_selection[float32-True-shape0-eager]\nERROR tests/test_tensorflow_python_ops_gen_control_flow_ops.py::test_switch_branch_selection[int32-False-shape1-graph]\nERROR tests/test_tensorflow_python_ops_gen_control_flow_ops.py::test_merge_multiple_inputs[float32-3-shape0-eager]\nERROR tests/test_tensorflow_python_ops_gen_control_flow_ops.py::test_merge_multiple_inputs[bool-1-shape1-graph]\nERROR tests/test_tensorflow_python_ops_gen_control_flow_ops.py::test_abort_behavior[test error-False-eager]\nERROR tests/test_tensorflow_python_ops_gen_control_flow_ops.py::test_abort_behavior[-True-graph]\nERROR tests/test_tensorflow_python_ops_gen_control_flow_ops.py::test_ref_operations_graph_mode[ref_enter-float32-ref_frame-graph]\nERROR tests/test_tensorflow_python_ops_gen_control_flow_ops.py::test_ref_operations_graph_mode[ref_switch-float64-ref_switch_frame-graph]\n2 failed, 2 passed, 103 warnings, 10 errors in 2.80s\n\nError: exit 1",
    "exit_code.txt": "1",
    "analysis_plan.json": "{\n  \"status\": \"未完全通过\",\n  \"passed\": 2,\n  \"failed\": 2,\n  \"errors\": 10,\n  \"collection_errors\": false,\n  \"block_limit\": 3,\n  \"failures\": [\n    {\n      \"test\": \"test_enter_invalid_frame_name\",\n      \"block_id\": \"HEADER\",\n      \"error_type\": \"AttributeError\",\n      \"action\": \"fix_dependency\",\n      \"note\": \"mock路径错误：tensorflow.python不存在，应使用正确导入路径\"\n    },\n    {\n      \"test\": \"test_switch_with_different_dtypes\",\n      \"block_id\": \"HEADER\",\n      \"error_type\": \"AttributeError\",\n      \"action\": \"fix_dependency\",\n      \"note\": \"mock路径错误：tensorflow.python不存在，应使用正确导入路径\"\n    },\n    {\n      \"test\": \"test_enter_exit_frame_management[float32-test_frame-False-10-eager]\",\n      \"block_id\": \"CASE_01\",\n      \"error_type\": \"AttributeError\",\n      \"action\": \"fix_dependency\",\n      \"note\": \"fixture mock路径错误：tensorflow.python.eager.context不存在\"\n    }\n  ],\n  \"deferred\": [\n    {\n      \"test\": \"test_enter_exit_frame_management[float64-different_frame-True-5-graph]\",\n      \"reason\": \"错误类型重复，跳过该块\"\n    },\n    {\n      \"test\": \"test_switch_branch_selection[float32-True-shape0-eager]\",\n      \"reason\": \"错误类型重复，跳过该块\"\n    },\n    {\n      \"test\": \"test_switch_branch_selection[int32-False-shape1-graph]\",\n      \"reason\": \"错误类型重复，跳过该块\"\n    },\n    {\n      \"test\": \"test_merge_multiple_inputs[float32-3-shape0-eager]\",\n      \"reason\": \"错误类型重复，跳过该块\"\n    },\n    {\n      \"test\": \"test_merge_multiple_inputs[bool-1-shape1-graph]\",\n      \"reason\": \"错误类型重复，跳过该块\"\n    },\n    {\n      \"test\": \"test_abort_behavior[test error-False-eager]\",\n      \"reason\": \"错误类型重复，跳过该块\"\n    },\n    {\n      \"test\": \"test_abort_behavior[-True-graph]\",\n      \"reason\": \"错误类型重复，跳过该块\"\n    },\n    {\n      \"test\": \"test_ref_operations_graph_mode[ref_enter-float32-ref_frame-graph]\",\n      \"reason\": \"错误类型重复，跳过该块\"\n    },\n    {\n      \"test\": \"test_ref_operations_graph_mode[ref_switch-float64-ref_switch_frame-graph]\",\n      \"reason\": \"错误类型重复，跳过该块\"\n    }\n  ],\n  \"stop_recommended\": false,\n  \"stop_reason\": \"\"\n}",
    "analysis.md": "# 测试结果分析\n\n## 状态与统计\n- **状态**: 未完全通过\n- **通过**: 2 个测试\n- **失败**: 2 个测试\n- **错误**: 10 个测试\n- **收集错误**: 无\n\n## 待修复 BLOCK 列表 (≤3)\n\n### 1. HEADER (公共依赖修复)\n- **Action**: fix_dependency\n- **Error Type**: AttributeError\n- **影响测试**: test_enter_invalid_frame_name, test_switch_with_different_dtypes\n- **问题**: mock路径`tensorflow.python`不存在，需要修正为正确的TensorFlow导入路径\n\n### 2. HEADER (fixture修复)\n- **Action**: fix_dependency\n- **Error Type**: AttributeError\n- **影响测试**: 所有使用mock_eager_context/mock_graph_context的测试\n- **问题**: fixture中的mock路径`tensorflow.python.eager.context`不存在\n\n### 3. CASE_01 (测试块修复)\n- **Action**: fix_dependency\n- **Error Type**: AttributeError\n- **影响测试**: test_enter_exit_frame_management[float32-test_frame-False-10-eager]\n- **问题**: 测试依赖的mock路径错误，需要统一修正\n\n## 停止建议\n- **stop_recommended**: false\n- **stop_reason**: 所有错误都是相同的AttributeError类型，可以通过修正mock路径解决",
    "final_report.md": "# tensorflow.python.ops.gen_control_flow_ops 测试报告\n\n## 1. 执行摘要\n测试执行因mock路径配置错误而受阻，14个测试用例中仅2个通过，关键阻塞项为TensorFlow内部模块导入路径错误，需修正测试环境配置。\n\n## 2. 测试范围\n- **目标FQN**: tensorflow.python.ops.gen_control_flow_ops\n- **测试环境**: pytest + TensorFlow控制流操作模块\n- **覆盖场景**: \n  - enter/exit帧管理（标准操作）\n  - switch条件分支选择\n  - merge多输入处理\n  - abort异常行为\n  - 引用操作图模式验证\n- **未覆盖项**: \n  - 引用操作eager模式错误处理\n  - parallel_iterations边界值测试\n  - 控制流操作组合场景\n  - 梯度计算正确性验证\n\n## 3. 结果概览\n- **用例总数**: 14个\n- **通过**: 2个（14%）\n- **失败**: 2个（14%）\n- **错误**: 10个（72%）\n- **主要失败点**: 所有错误均为AttributeError，源于mock路径配置错误\n\n## 4. 详细发现\n\n### 严重级别：阻塞（BLOCKER）\n**问题1**: mock路径配置错误\n- **根因**: 测试代码中使用了错误的TensorFlow内部模块路径`tensorflow.python.eager.context`，实际应为`tensorflow.python.eager.context`\n- **影响范围**: 所有依赖执行模式控制的测试用例\n- **建议修复**: 修正fixture中的mock路径为正确的TensorFlow导入路径\n\n**问题2**: 公共依赖修复缺失\n- **根因**: 测试文件头部导入路径错误，`tensorflow.python`模块不存在\n- **影响范围**: 基础测试用例如`test_enter_invalid_frame_name`、`test_switch_with_different_dtypes`\n- **建议修复**: 统一修正所有测试文件中的TensorFlow导入路径\n\n### 严重级别：高（HIGH）\n**问题3**: 测试块依赖错误\n- **根因**: CASE_01测试块中的mock依赖路径错误\n- **影响范围**: enter/exit帧管理测试用例\n- **建议修复**: 修正测试块中的mock配置，确保正确的模块路径\n\n## 5. 覆盖与风险\n- **需求覆盖**: 5个高优先级需求点已设计测试用例，但因环境配置问题未执行\n- **尚未覆盖的边界**:\n  - parallel_iterations参数有效范围（0、负值、极大值）\n  - merge输入空列表的异常处理\n  - 极端Tensor形状（0维、超大维度）\n  - abort函数的error_msg边界值\n- **缺失信息风险**:\n  - 引用操作在eager模式下的具体错误信息不明确\n  - parallel_iterations参数的有效范围未在文档中定义\n  - 多线程环境下的帧竞争条件未验证\n\n## 6. 后续动作\n\n### 优先级1：立即修复（本周内）\n1. **修正mock路径配置**\n   - 修复fixture中的`mock_eager_context`和`mock_graph_context`\n   - 统一所有测试文件中的TensorFlow导入路径\n   - 验证修正后的测试环境能正常执行\n\n2. **重新执行测试套件**\n   - 运行完整的测试集验证修复效果\n   - 收集修正后的测试结果数据\n   - 分析实际的功能性问题\n\n### 优先级2：补充测试（下周）\n3. **添加边界值测试**\n   - parallel_iterations=0和负值的异常处理\n   - merge输入空列表的测试用例\n   - abort函数error_msg边界值测试\n\n4. **扩展引用操作测试**\n   - 引用操作在eager模式下的错误信息验证\n   - 引用操作与标准操作的功能等价性对比\n\n### 优先级3：完善覆盖（下阶段）\n5. **组合场景测试**\n   - 控制流操作间的组合使用场景\n   - 复杂循环结构的正确性验证\n\n6. **性能与资源测试**\n   - parallel_iterations不同值的性能影响\n   - 内存泄漏和资源管理验证\n   - 梯度计算在控制流中的正确性\n\n### 风险缓解建议\n- 建立正确的TensorFlow模块导入映射表\n- 添加测试环境验证步骤，确保mock配置正确\n- 考虑使用TensorFlow的测试工具类替代直接mock内部模块\n- 增加测试日志记录，便于问题定位"
  },
  "stage_history": [
    {
      "stage": "understand_function",
      "status": "completed",
      "timestamp": "2026-01-23T22:18:37.189567",
      "attempts": 1,
      "error": null
    },
    {
      "stage": "generate_requirements",
      "status": "completed",
      "timestamp": "2026-01-23T22:19:16.565633",
      "attempts": 1,
      "error": null
    },
    {
      "stage": "design_test_plan",
      "status": "completed",
      "timestamp": "2026-01-23T22:20:57.056010",
      "attempts": 1,
      "error": null
    },
    {
      "stage": "generate_code",
      "status": "completed",
      "timestamp": "2026-01-23T22:26:16.904581",
      "attempts": 1,
      "error": null
    },
    {
      "stage": "execute_tests",
      "status": "completed",
      "timestamp": "2026-01-23T22:26:20.484432",
      "attempts": 1,
      "error": null
    },
    {
      "stage": "analyze_results",
      "status": "completed",
      "timestamp": "2026-01-23T22:28:08.216530",
      "attempts": 1,
      "error": null
    },
    {
      "stage": "generate_code",
      "status": "completed",
      "timestamp": "2026-01-23T22:31:26.206004",
      "attempts": 2,
      "error": null
    },
    {
      "stage": "execute_tests",
      "status": "completed",
      "timestamp": "2026-01-23T22:31:30.447688",
      "attempts": 2,
      "error": null
    },
    {
      "stage": "analyze_results",
      "status": "completed",
      "timestamp": "2026-01-23T22:33:11.139982",
      "attempts": 2,
      "error": null
    },
    {
      "stage": "generate_code",
      "status": "completed",
      "timestamp": "2026-01-23T22:37:58.100548",
      "attempts": 3,
      "error": null
    },
    {
      "stage": "execute_tests",
      "status": "completed",
      "timestamp": "2026-01-23T22:38:02.871605",
      "attempts": 3,
      "error": null
    },
    {
      "stage": "analyze_results",
      "status": "completed",
      "timestamp": "2026-01-23T22:53:08.399375",
      "attempts": 3,
      "error": null
    },
    {
      "stage": "generate_code",
      "status": "completed",
      "timestamp": "2026-01-23T22:58:09.008795",
      "attempts": 4,
      "error": null
    },
    {
      "stage": "execute_tests",
      "status": "completed",
      "timestamp": "2026-01-23T22:58:12.394122",
      "attempts": 4,
      "error": null
    },
    {
      "stage": "analyze_results",
      "status": "completed",
      "timestamp": "2026-01-23T23:00:01.894467",
      "attempts": 4,
      "error": null
    },
    {
      "stage": "generate_code",
      "status": "completed",
      "timestamp": "2026-01-23T23:03:57.640270",
      "attempts": 5,
      "error": null
    },
    {
      "stage": "execute_tests",
      "status": "completed",
      "timestamp": "2026-01-23T23:04:01.024492",
      "attempts": 5,
      "error": null
    },
    {
      "stage": "analyze_results",
      "status": "completed",
      "timestamp": "2026-01-23T23:05:21.855782",
      "attempts": 5,
      "error": null
    },
    {
      "stage": "generate_report",
      "status": "completed",
      "timestamp": "2026-01-23T23:06:09.597411",
      "attempts": 1,
      "error": null
    }
  ],
  "user_feedback": []
}