<?xml version="1.0" ?>
<coverage version="7.13.1" timestamp="1769239615919" lines-valid="177" lines-covered="132" line-rate="0.7458" branches-valid="22" branches-covered="13" branch-rate="0.5909" complexity="0">
	<!-- Generated by coverage.py: https://coverage.readthedocs.io/en/7.13.1 -->
	<!-- Based on https://raw.githubusercontent.com/cobertura/web/master/htdocs/xml/coverage-04.dtd -->
	<sources>
		<source>/Users/zzf1sh/Documents/Project/ATTest-CLI-main/exam/tensorflow/python.ops.gen_logging_ops</source>
	</sources>
	<packages>
		<package name="tests" line-rate="0.7458" branch-rate="0.5909" complexity="0">
			<classes>
				<class name="test_tensorflow_python_ops_gen_logging_ops.py" filename="tests/test_tensorflow_python_ops_gen_logging_ops.py" complexity="0" line-rate="0.7458" branch-rate="0.5909">
					<methods/>
					<lines>
						<line number="6" hits="1"/>
						<line number="7" hits="1"/>
						<line number="8" hits="1"/>
						<line number="9" hits="1"/>
						<line number="10" hits="1"/>
						<line number="12" hits="1"/>
						<line number="13" hits="1"/>
						<line number="14" hits="1"/>
						<line number="15" hits="1"/>
						<line number="18" hits="1"/>
						<line number="19" hits="1"/>
						<line number="22" hits="1"/>
						<line number="27" hits="1"/>
						<line number="28" hits="1"/>
						<line number="29" hits="1"/>
						<line number="30" hits="1"/>
						<line number="31" hits="1"/>
						<line number="33" hits="1"/>
						<line number="34" hits="1"/>
						<line number="35" hits="1"/>
						<line number="36" hits="1"/>
						<line number="39" hits="1"/>
						<line number="40" hits="1"/>
						<line number="43" hits="1"/>
						<line number="45" hits="1" branch="true" condition-coverage="50% (1/2)" missing-branches="47"/>
						<line number="46" hits="1"/>
						<line number="47" hits="0" branch="true" condition-coverage="0% (0/2)" missing-branches="48,49"/>
						<line number="48" hits="0"/>
						<line number="49" hits="0" branch="true" condition-coverage="0% (0/2)" missing-branches="50,51"/>
						<line number="50" hits="0"/>
						<line number="51" hits="0" branch="true" condition-coverage="0% (0/2)" missing-branches="52,54"/>
						<line number="52" hits="0"/>
						<line number="54" hits="0"/>
						<line number="56" hits="1"/>
						<line number="58" hits="1"/>
						<line number="60" hits="1"/>
						<line number="62" hits="1"/>
						<line number="64" hits="1"/>
						<line number="66" hits="0"/>
						<line number="67" hits="0"/>
						<line number="68" hits="0"/>
						<line number="69" hits="0"/>
						<line number="70" hits="0"/>
						<line number="74" hits="1"/>
						<line number="80" hits="1"/>
						<line number="97" hits="1"/>
						<line number="98" hits="1" branch="true" condition-coverage="100% (2/2)"/>
						<line number="99" hits="1"/>
						<line number="100" hits="1"/>
						<line number="103" hits="1"/>
						<line number="105" hits="1" branch="true" condition-coverage="100% (2/2)"/>
						<line number="108" hits="1"/>
						<line number="110" hits="1"/>
						<line number="117" hits="1"/>
						<line number="121" hits="0"/>
						<line number="124" hits="0"/>
						<line number="126" hits="1"/>
						<line number="127" hits="1"/>
						<line number="131" hits="1"/>
						<line number="133" hits="1"/>
						<line number="140" hits="1"/>
						<line number="142" hits="1"/>
						<line number="147" hits="1"/>
						<line number="153" hits="1"/>
						<line number="171" hits="1" branch="true" condition-coverage="100% (2/2)"/>
						<line number="173" hits="1"/>
						<line number="174" hits="1" branch="true" condition-coverage="50% (1/2)" missing-branches="178"/>
						<line number="176" hits="1"/>
						<line number="178" hits="0"/>
						<line number="181" hits="1"/>
						<line number="182" hits="1"/>
						<line number="184" hits="1"/>
						<line number="186" hits="1"/>
						<line number="194" hits="1"/>
						<line number="197" hits="1"/>
						<line number="200" hits="1"/>
						<line number="203" hits="1"/>
						<line number="206" hits="1"/>
						<line number="209" hits="1"/>
						<line number="214" hits="0"/>
						<line number="216" hits="0"/>
						<line number="218" hits="0"/>
						<line number="226" hits="0"/>
						<line number="229" hits="0"/>
						<line number="232" hits="0"/>
						<line number="235" hits="0"/>
						<line number="238" hits="0"/>
						<line number="240" hits="0"/>
						<line number="241" hits="0"/>
						<line number="245" hits="1"/>
						<line number="251" hits="1"/>
						<line number="268" hits="1"/>
						<line number="271" hits="1" branch="true" condition-coverage="100% (2/2)"/>
						<line number="273" hits="1"/>
						<line number="274" hits="1"/>
						<line number="277" hits="1"/>
						<line number="279" hits="1"/>
						<line number="280" hits="1"/>
						<line number="283" hits="1"/>
						<line number="284" hits="1"/>
						<line number="287" hits="1"/>
						<line number="291" hits="1"/>
						<line number="293" hits="1"/>
						<line number="295" hits="1"/>
						<line number="302" hits="0"/>
						<line number="305" hits="0"/>
						<line number="308" hits="0"/>
						<line number="311" hits="0"/>
						<line number="314" hits="0"/>
						<line number="316" hits="1"/>
						<line number="317" hits="1"/>
						<line number="321" hits="1"/>
						<line number="325" hits="1"/>
						<line number="344" hits="1"/>
						<line number="347" hits="1"/>
						<line number="348" hits="1" branch="true" condition-coverage="100% (2/2)"/>
						<line number="349" hits="1"/>
						<line number="350" hits="1"/>
						<line number="353" hits="1"/>
						<line number="355" hits="1"/>
						<line number="356" hits="1"/>
						<line number="359" hits="1"/>
						<line number="368" hits="1"/>
						<line number="371" hits="1"/>
						<line number="372" hits="1"/>
						<line number="375" hits="1"/>
						<line number="379" hits="1"/>
						<line number="380" hits="1"/>
						<line number="383" hits="1"/>
						<line number="386" hits="1"/>
						<line number="390" hits="1"/>
						<line number="393" hits="0"/>
						<line number="395" hits="1"/>
						<line number="397" hits="1"/>
						<line number="399" hits="1"/>
						<line number="401" hits="1"/>
						<line number="410" hits="0"/>
						<line number="413" hits="0"/>
						<line number="414" hits="0"/>
						<line number="417" hits="0"/>
						<line number="418" hits="0"/>
						<line number="421" hits="0"/>
						<line number="424" hits="0"/>
						<line number="425" hits="0"/>
						<line number="427" hits="1"/>
						<line number="428" hits="1"/>
						<line number="432" hits="1"/>
						<line number="448" hits="1"/>
						<line number="450" hits="1"/>
						<line number="451" hits="1"/>
						<line number="453" hits="1"/>
						<line number="456" hits="1"/>
						<line number="459" hits="1"/>
						<line number="462" hits="1"/>
						<line number="465" hits="1"/>
						<line number="468" hits="1"/>
						<line number="472" hits="1"/>
						<line number="476" hits="1"/>
						<line number="479" hits="1"/>
						<line number="480" hits="1"/>
						<line number="484" hits="0"/>
						<line number="485" hits="0"/>
						<line number="489" hits="0"/>
						<line number="490" hits="0"/>
						<line number="530" hits="1"/>
						<line number="532" hits="1"/>
						<line number="534" hits="1"/>
						<line number="536" hits="1"/>
						<line number="538" hits="1"/>
						<line number="540" hits="1"/>
						<line number="542" hits="1"/>
						<line number="544" hits="1"/>
						<line number="546" hits="1"/>
						<line number="548" hits="1"/>
						<line number="550" hits="1" branch="true" condition-coverage="50% (1/2)" missing-branches="552"/>
						<line number="552" hits="0"/>
						<line number="553" hits="0"/>
					</lines>
				</class>
			</classes>
		</package>
	</packages>
</coverage>
