=== Run Tests ===
FF                                                                       [100%]
================================== FAILURES ===================================
____ test_memory_growth_configuration_basic_functionality[GPU:0-True-True] ____

thing = <module 'tensorflow' from 'D:\\Coding\\Anaconda\\envs\\testagent-experiment\\lib\\site-packages\\tensorflow\\__init__.py'>
comp = 'python', import_path = 'tensorflow.python'

    def _dot_lookup(thing, comp, import_path):
        try:
>           return getattr(thing, comp)
E           AttributeError: module 'tensorflow' has no attribute 'python'

D:\Coding\Anaconda\envs\testagent-experiment\lib\unittest\mock.py:1226: AttributeError

During handling of the above exception, another exception occurred:

device = 'GPU:0', enable_growth = True, mock_gpu = True
mock_gpu_device = <MagicMock id='2323866843456'>

    @pytest.mark.parametrize(
        "device,enable_growth,mock_gpu",
        [
            ("GPU:0", True, True),
        ]
    )
    def test_memory_growth_configuration_basic_functionality(device, enable_growth, mock_gpu, mock_gpu_device):
        """
        TC-03: Memory growth configuration basic functionality
        Weak assertions: set_succeeds, no_exception, config_applied
        """
        # Setup mock GPU device
        mock_gpu_device.name = device
        mock_gpu_device.device_type = "GPU"
    
        # Create mock context
        mock_context_instance = MagicMock()
    
        # Mock list_physical_devices to return our mock GPU device
        mock_context_instance.list_physical_devices.return_value = [mock_gpu_device]
    
        # Mock set_memory_growth to track calls
        mock_context_instance.set_memory_growth = MagicMock()
    
        # Patch context.context() to return our mock
>       with patch('tensorflow.python.framework.config.context.context') as mock_context_func:

tests\test_tensorflow_python_framework_config_g2.py:67: 
_ _ _ _ _ _ _ _ _ _ _ _ _ _ _ _ _ _ _ _ _ _ _ _ _ _ _ _ _ _ _ _ _ _ _ _ _ _ _ _
D:\Coding\Anaconda\envs\testagent-experiment\lib\unittest\mock.py:1388: in __enter__
    self.target = self.getter()
D:\Coding\Anaconda\envs\testagent-experiment\lib\unittest\mock.py:1563: in <lambda>
    getter = lambda: _importer(target)
D:\Coding\Anaconda\envs\testagent-experiment\lib\unittest\mock.py:1239: in _importer
    thing = _dot_lookup(thing, comp, import_path)
_ _ _ _ _ _ _ _ _ _ _ _ _ _ _ _ _ _ _ _ _ _ _ _ _ _ _ _ _ _ _ _ _ _ _ _ _ _ _ _

thing = <module 'tensorflow' from 'D:\\Coding\\Anaconda\\envs\\testagent-experiment\\lib\\site-packages\\tensorflow\\__init__.py'>
comp = 'python', import_path = 'tensorflow.python'

    def _dot_lookup(thing, comp, import_path):
        try:
            return getattr(thing, comp)
        except AttributeError:
            __import__(import_path)
>           return getattr(thing, comp)
E           AttributeError: module 'tensorflow' has no attribute 'python'

D:\Coding\Anaconda\envs\testagent-experiment\lib\unittest\mock.py:1229: AttributeError
____________ test_tensorfloat_32_switch_state_control[False-True] _____________

thing = <module 'tensorflow' from 'D:\\Coding\\Anaconda\\envs\\testagent-experiment\\lib\\site-packages\\tensorflow\\__init__.py'>
comp = 'python', import_path = 'tensorflow.python'

    def _dot_lookup(thing, comp, import_path):
        try:
>           return getattr(thing, comp)
E           AttributeError: module 'tensorflow' has no attribute 'python'

D:\Coding\Anaconda\envs\testagent-experiment\lib\unittest\mock.py:1226: AttributeError

During handling of the above exception, another exception occurred:

enable_tf32 = False, mock_gpu = True

    @pytest.mark.parametrize(
        "enable_tf32,mock_gpu",
        [
            (False, True),
        ]
    )
    def test_tensorfloat_32_switch_state_control(enable_tf32, mock_gpu):
        """
        TC-04: TensorFloat-32 switch state control
        Weak assertions: disable_succeeds, get_returns_false, no_exception
        """
        # Create mocks for TensorFloat-32 wrapper functions
        is_enabled_mock = MagicMock(return_value=not enable_tf32)
    
        # Patch the wrapper functions directly
>       with patch('tensorflow.python.framework.config._pywrap_tensor_float_32_execution.is_enabled', is_enabled_mock), \
             patch('tensorflow.python.framework.config._pywrap_tensor_float_32_execution.enable') as enable_mock:

tests\test_tensorflow_python_framework_config_g2.py:121: 
_ _ _ _ _ _ _ _ _ _ _ _ _ _ _ _ _ _ _ _ _ _ _ _ _ _ _ _ _ _ _ _ _ _ _ _ _ _ _ _
D:\Coding\Anaconda\envs\testagent-experiment\lib\unittest\mock.py:1388: in __enter__
    self.target = self.getter()
D:\Coding\Anaconda\envs\testagent-experiment\lib\unittest\mock.py:1563: in <lambda>
    getter = lambda: _importer(target)
D:\Coding\Anaconda\envs\testagent-experiment\lib\unittest\mock.py:1239: in _importer
    thing = _dot_lookup(thing, comp, import_path)
_ _ _ _ _ _ _ _ _ _ _ _ _ _ _ _ _ _ _ _ _ _ _ _ _ _ _ _ _ _ _ _ _ _ _ _ _ _ _ _

thing = <module 'tensorflow' from 'D:\\Coding\\Anaconda\\envs\\testagent-experiment\\lib\\site-packages\\tensorflow\\__init__.py'>
comp = 'python', import_path = 'tensorflow.python'

    def _dot_lookup(thing, comp, import_path):
        try:
            return getattr(thing, comp)
        except AttributeError:
            __import__(import_path)
>           return getattr(thing, comp)
E           AttributeError: module 'tensorflow' has no attribute 'python'

D:\Coding\Anaconda\envs\testagent-experiment\lib\unittest\mock.py:1229: AttributeError

---------- coverage: platform win32, python 3.9.25-final-0 -----------
Name                                                  Stmts   Miss Branch BrPart  Cover   Missing
-------------------------------------------------------------------------------------------------
tests\test_tensorflow_python_framework_config_g2.py      74     39      2      1    47%   16-19, 32-33, 68-102, 125-156, 173
-------------------------------------------------------------------------------------------------
TOTAL                                                    74     39      2      1    47%
Coverage XML written to file coverage.xml

=========================== short test summary info ===========================
FAILED tests\test_tensorflow_python_framework_config_g2.py::test_memory_growth_configuration_basic_functionality[GPU:0-True-True]
FAILED tests\test_tensorflow_python_framework_config_g2.py::test_tensorfloat_32_switch_state_control[False-True]
2 failed in 1.74s

Error: exit 1