{
  "workflow_id": "bc8f95b1",
  "created_at": "2026-01-25T04:00:40.699674",
  "op": "tensorflow_python_ops_parallel_for_control_flow_ops",
  "arch": "python",
  "soc": "python",
  "vendor": "python",
  "project_root": "/Users/zzf1sh/Documents/Project/TestAgent-CLI-main/exam/tensorflow/python.ops.parallel_for.control_flow_ops",
  "target": "tensorflow.python.ops.parallel_for.control_flow_ops",
  "target_slug": "tensorflow_python_ops_parallel_for_control_flow_ops",
  "current_stage": "generate_code",
  "stage_index": 3,
  "mode": "full-auto",
  "epoch_total": 5,
  "epoch_current": 3,
  "last_failure_signature": "",
  "last_error_signature": "",
  "last_block_errors": {},
  "auto_stop_reason": "",
  "artifacts": {
    "function_doc.md": "# tensorflow.python.ops.parallel_for.control_flow_ops - 函数说明\n\n## 1. 基本信息\n- **FQN**: tensorflow.python.ops.parallel_for.control_flow_ops\n- **模块文件**: `/opt/anaconda3/envs/testagent-experiment/lib/python3.10/site-packages/tensorflow/python/ops/parallel_for/control_flow_ops.py`\n- **签名**: 模块（包含多个函数）\n- **对象类型**: module\n\n## 2. 功能概述\nTensorFlow 并行循环控制流操作模块。提供向量化循环操作，用于并行执行迭代计算。核心功能包括 `for_loop`、`pfor` 和 `vectorized_map`，支持批量并行处理张量操作。\n\n## 3. 参数说明\n模块包含三个主要函数：\n\n**for_loop**\n- loop_fn (函数): 接受 int32 标量张量（迭代号），返回张量嵌套结构\n- loop_fn_dtypes (dtypes): loop_fn 输出的数据类型\n- iters (int): 迭代次数\n- parallel_iterations (可选 int): 并行迭代数，控制内存使用\n\n**pfor**\n- loop_fn (函数): 接受迭代号，可选 pfor_config 参数\n- iters (int): 迭代次数\n- fallback_to_while_loop (bool): 向量化失败时回退到 while_loop\n- parallel_iterations (可选 int): 并行迭代数，必须 >1\n\n**vectorized_map**\n- fn (函数): 处理单个元素的函数\n- elems (张量/嵌套结构): 沿第一维展开的输入\n- fallback_to_while_loop (bool): 失败时回退到 while_loop\n\n## 4. 返回值\n- **for_loop**: 与 loop_fn 输出相同结构的堆叠张量\n- **pfor**: 与 loop_fn 输出相同结构的堆叠张量\n- **vectorized_map**: 与 fn 输出相同结构的堆叠张量\n\n## 5. 文档要点\n- loop_fn 输出形状不应依赖输入\n- 不支持迭代间的数据依赖\n- 状态操作支持有限（RandomFoo、Variable 读取等）\n- 控制流操作支持有限（不支持 tf.cond）\n- 支持返回零输出的 Operation 对象\n- 支持 CompositeTensor（SparseTensor、IndexedSlices）\n\n## 6. 源码摘要\n- 使用 TensorArray 和 while_loop 实现 for_loop\n- pfor 使用 PFor 转换器进行向量化\n- vectorized_map 基于 pfor 实现，支持广播\n- 处理 CompositeTensor 的展开和重组\n- 支持分块并行（parallel_iterations）\n\n## 7. 示例与用法\n```python\n# vectorized_map 示例\ndef outer_product(a):\n    return tf.tensordot(a, a, 0)\n\nbatch_size = 100\na = tf.ones((batch_size, 32, 32))\nc = tf.vectorized_map(outer_product, a)\n```\n\n## 8. 风险与空白\n- 模块包含多个函数，测试需覆盖所有三个主要函数\n- 实验性功能，存在许多限制\n- 未提供完整的类型注解\n- 需要测试边界情况：iters=0、parallel_iterations 边界\n- 需要测试 CompositeTensor 的特殊处理\n- 需要验证 fallback_to_while_loop 行为\n- 需要测试 XLA 上下文下的行为\n- 缺少详细的错误处理示例",
    "requirements.md": "# tensorflow.python.ops.parallel_for.control_flow_ops 测试需求\n\n## 1. 目标与范围\n- 主要功能与期望行为\n  - 验证 for_loop、pfor、vectorized_map 三个函数的并行循环控制流\n  - 确保向量化循环正确执行迭代计算\n  - 验证张量嵌套结构的正确展开和重组\n  - 测试 CompositeTensor（SparseTensor、IndexedSlices）支持\n  - 验证并行迭代控制（parallel_iterations）的内存管理\n- 不在范围内的内容\n  - 不支持迭代间数据依赖的复杂场景\n  - 不支持 tf.cond 等复杂控制流\n  - 不测试 XLA 编译器的内部优化细节\n  - 不验证底层 PFor 转换器的实现细节\n\n## 2. 输入与约束\n- 参数列表（名称、类型/shape、默认值）\n  - for_loop: loop_fn(函数), loop_fn_dtypes(dtypes), iters(int), parallel_iterations(可选int)\n  - pfor: loop_fn(函数), iters(int), fallback_to_while_loop(bool), parallel_iterations(可选int, >1)\n  - vectorized_map: fn(函数), elems(张量/嵌套结构), fallback_to_while_loop(bool)\n- 有效取值范围/维度/设备要求\n  - iters: 非负整数，支持 0 和正整数\n  - parallel_iterations: 正整数，pfor 必须 >1\n  - loop_fn 输出形状不应依赖输入\n  - elems 必须沿第一维展开\n- 必需与可选组合\n  - for_loop: loop_fn、loop_fn_dtypes、iters 必需，parallel_iterations 可选\n  - pfor: loop_fn、iters 必需，fallback_to_while_loop 可选，parallel_iterations 可选\n  - vectorized_map: fn、elems 必需，fallback_to_while_loop 可选\n- 随机性/全局状态要求\n  - 支持 RandomFoo 操作的状态读取\n  - 支持 Variable 读取操作\n  - 不支持跨迭代的状态修改\n\n## 3. 输出与判定\n- 期望返回结构及关键字段\n  - for_loop/pfor: 与 loop_fn 输出相同结构的堆叠张量\n  - vectorized_map: 与 fn 输出相同结构的堆叠张量\n  - 输出维度：第一维为迭代次数，后续维度与 loop_fn/fn 输出一致\n- 容差/误差界（如浮点）\n  - 浮点计算误差在 1e-6 范围内\n  - 并行与顺序执行结果应一致（误差范围内）\n- 状态变化或副作用检查点\n  - 验证无意外变量修改\n  - 检查 RandomFoo 操作的正确状态管理\n  - 验证 Variable 读取的正确性\n\n## 4. 错误与异常场景\n- 非法输入/维度/类型触发的异常或警告\n  - iters 为负数触发 ValueError\n  - parallel_iterations <= 0 触发 ValueError\n  - pfor 中 parallel_iterations=1 触发 ValueError\n  - loop_fn 输出形状依赖输入触发错误\n  - 不支持的控制流操作触发 NotImplementedError\n- 边界值（空、None、0 长度、极端形状/数值）\n  - iters=0 返回空结构\n  - 空张量输入处理\n  - 极大迭代次数（内存边界）\n  - 极端形状张量（高维、大尺寸）\n  - parallel_iterations 超过 iters 的处理\n\n## 5. 依赖与环境\n- 外部资源/设备/网络/文件依赖\n  - TensorFlow 运行时环境\n  - GPU 设备可用性（可选测试）\n  - 足够内存处理大张量\n- 需要 mock/monkeypatch 的部分\n  - `tensorflow.python.ops.parallel_for.pfor.PFor` 转换器\n  - `tensorflow.python.ops.control_flow_ops.while_loop` 回退机制\n  - `tensorflow.python.ops.tensor_array_ops.TensorArray` 实现\n  - `tensorflow.python.framework.composite_tensor.CompositeTensor` 处理\n\n## 6. 覆盖与优先级\n- 必测路径（高优先级，最多 5 条，短句）\n  1. for_loop 基础功能：标量、向量、矩阵迭代\n  2. pfor 向量化转换：简单算术运算的并行化\n  3. vectorized_map 广播功能：不同形状输入处理\n  4. CompositeTensor 支持：SparseTensor、IndexedSlices\n  5. fallback_to_while_loop 机制：向量化失败回退\n- 可选路径（中/低优先级合并为一组列表）\n  - 嵌套结构输入输出处理\n  - 并行迭代数优化测试\n  - 内存使用边界测试\n  - 随机操作状态管理\n  - 变量读取操作验证\n  - 零输出 Operation 对象支持\n  - 不同设备（CPU/GPU）行为一致性\n- 已知风险/缺失信息（仅列条目，不展开）\n  - 实验性功能，API 可能变更\n  - 不支持迭代间数据依赖\n  - 复杂控制流支持有限\n  - 缺少完整类型注解\n  - XLA 上下文行为未充分测试",
    "test_plan.json": "{\n  \"plan_version\": 2,\n  \"target\": \"tensorflow.python.ops.parallel_for.control_flow_ops\",\n  \"block_rules\": {\n    \"header_block\": \"HEADER\",\n    \"footer_block\": \"FOOTER\",\n    \"case_prefix\": \"CASE_\",\n    \"case_format\": \"CASE_01\"\n  },\n  \"iteration_strategy\": {\n    \"round1\": {\"include\": \"SMOKE_SET\", \"assert_level\": \"weak\", \"max_blocks\": 5},\n    \"roundN\": {\"only_fix_failed_blocks\": true, \"block_limit\": 3, \"promote_deferred\": true},\n    \"final\": {\"enable_strong_asserts\": true, \"coverage_optional\": true}\n  },\n  \"test_files\": {\n    \"default\": \"tests/test_tensorflow_python_ops_parallel_for_control_flow_ops.py\",\n    \"all_pattern\": \"tests/test_tensorflow_python_ops_parallel_for_control_flow_ops.py\"\n  },\n  \"cases\": [\n    {\n      \"tc_id\": \"TC-01\",\n      \"block_id\": \"CASE_01\",\n      \"name\": \"for_loop基础功能\",\n      \"priority\": \"High\",\n      \"param_matrix\": [\n        {\n          \"function\": \"for_loop\",\n          \"iters\": 5,\n          \"dtype\": \"float32\",\n          \"shape\": [2, 3],\n          \"parallel_iterations\": null,\n          \"test_type\": \"basic_scalar\"\n        }\n      ],\n      \"asserts\": {\n        \"weak\": [\"shape_match\", \"dtype_match\", \"finite_values\", \"basic_structure\"],\n        \"strong\": [\"exact_equal\", \"sequential_consistency\", \"memory_usage\"]\n      },\n      \"oracle\": \"sequential_for_loop\",\n      \"assertion_level\": \"weak\",\n      \"size\": \"S\",\n      \"max_lines\": 70,\n      \"max_params\": 5,\n      \"is_parametrized\": true,\n      \"requires_mock\": false,\n      \"mock_targets\": []\n    },\n    {\n      \"tc_id\": \"TC-02\",\n      \"block_id\": \"CASE_02\",\n      \"name\": \"pfor向量化转换\",\n      \"priority\": \"High\",\n      \"param_matrix\": [\n        {\n          \"function\": \"pfor\",\n          \"iters\": 10,\n          \"dtype\": \"float64\",\n          \"shape\": [3, 4],\n          \"parallel_iterations\": 4,\n          \"test_type\": \"arithmetic_ops\"\n        }\n      ],\n      \"asserts\": {\n        \"weak\": [\"shape_match\", \"dtype_match\", \"finite_values\", \"parallel_execution\"],\n        \"strong\": [\"vectorization_correctness\", \"performance_improvement\", \"fallback_behavior\"]\n      },\n      \"oracle\": \"sequential_arithmetic\",\n      \"assertion_level\": \"weak\",\n      \"size\": \"S\",\n      \"max_lines\": 75,\n      \"max_params\": 6,\n      \"is_parametrized\": true,\n      \"requires_mock\": true,\n      \"mock_targets\": [\n        \"tensorflow.python.ops.parallel_for.pfor.PFor\",\n        \"tensorflow.python.ops.control_flow_ops.while_loop\"\n      ]\n    },\n    {\n      \"tc_id\": \"TC-03\",\n      \"block_id\": \"CASE_03\",\n      \"name\": \"vectorized_map广播功能\",\n      \"priority\": \"High\",\n      \"param_matrix\": [\n        {\n          \"function\": \"vectorized_map\",\n          \"iters\": 8,\n          \"dtype\": \"int32\",\n          \"shape\": [5, 2],\n          \"fallback_to_while_loop\": false,\n          \"test_type\": \"broadcast_operations\"\n        }\n      ],\n      \"asserts\": {\n        \"weak\": [\"shape_match\", \"dtype_match\", \"broadcast_correctness\", \"elementwise_consistency\"],\n        \"strong\": [\"gradient_correctness\", \"composite_tensor_support\", \"xla_compatibility\"]\n      },\n      \"oracle\": \"elementwise_operations\",\n      \"assertion_level\": \"weak\",\n      \"size\": \"S\",\n      \"max_lines\": 80,\n      \"max_params\": 5,\n      \"is_parametrized\": true,\n      \"requires_mock\": false,\n      \"mock_targets\": []\n    },\n    {\n      \"tc_id\": \"TC-04\",\n      \"block_id\": \"CASE_04\",\n      \"name\": \"CompositeTensor支持\",\n      \"priority\": \"High\",\n      \"param_matrix\": [\n        {\n          \"function\": \"vectorized_map\",\n          \"iters\": 3,\n          \"dtype\": \"float32\",\n          \"shape\": [4, 6],\n          \"tensor_type\": \"SparseTensor\",\n          \"test_type\": \"composite_tensor\"\n        }\n      ],\n      \"asserts\": {\n        \"weak\": [\"structure_preserved\", \"sparse_indices_correct\", \"values_match\", \"shape_consistency\"],\n        \"strong\": [\"gradient_sparse\", \"memory_efficiency\", \"performance_comparison\"]\n      },\n      \"oracle\": \"dense_equivalent\",\n      \"assertion_level\": \"weak\",\n      \"size\": \"M\",\n      \"max_lines\": 90,\n      \"max_params\": 6,\n      \"is_parametrized\": true,\n      \"requires_mock\": true,\n      \"mock_targets\": [\n        \"tensorflow.python.framework.composite_tensor.CompositeTensor\",\n        \"tensorflow.python.ops.sparse_ops.SparseTensor\"\n      ]\n    },\n    {\n      \"tc_id\": \"TC-05\",\n      \"block_id\": \"CASE_05\",\n      \"name\": \"fallback_to_while_loop机制\",\n      \"priority\": \"High\",\n      \"param_matrix\": [\n        {\n          \"function\": \"pfor\",\n          \"iters\": 6,\n          \"dtype\": \"float32\",\n          \"shape\": [2, 2],\n          \"fallback_to_while_loop\": true,\n          \"parallel_iterations\": 2,\n          \"test_type\": \"fallback_mechanism\"\n        }\n      ],\n      \"asserts\": {\n        \"weak\": [\"fallback_triggered\", \"result_consistent\", \"no_crash\", \"basic_functionality\"],\n        \"strong\": [\"performance_degradation\", \"memory_usage_comparison\", \"error_handling\"]\n      },\n      \"oracle\": \"while_loop_equivalent\",\n      \"assertion_level\": \"weak\",\n      \"size\": \"S\",\n      \"max_lines\": 85,\n      \"max_params\": 6,\n      \"is_parametrized\": true,\n      \"requires_mock\": true,\n      \"mock_targets\": [\n        \"tensorflow.python.ops.control_flow_ops.while_loop\",\n        \"tensorflow.python.ops.parallel_for.pfor.PFor\"\n      ]\n    }\n  ],\n  \"param_extensions\": [\n    {\n      \"base_block_id\": \"CASE_01\",\n      \"priority\": \"Medium\",\n      \"params\": {\n        \"function\": \"for_loop\",\n        \"iters\": 0,\n        \"dtype\": \"float32\",\n        \"shape\": [0, 0],\n        \"parallel_iterations\": null,\n        \"test_type\": \"zero_iterations\"\n      },\n      \"note\": \"零迭代边界测试\"\n    },\n    {\n      \"base_block_id\": \"CASE_01\",\n      \"priority\": \"Medium\",\n      \"params\": {\n        \"function\": \"for_loop\",\n        \"iters\": 100,\n        \"dtype\": \"float64\",\n        \"shape\": [10, 10],\n        \"parallel_iterations\": 10,\n        \"test_type\": \"large_iterations\"\n      },\n      \"note\": \"大迭代次数测试\"\n    },\n    {\n      \"base_block_id\": \"CASE_02\",\n      \"priority\": \"Medium\",\n      \"params\": {\n        \"function\": \"pfor\",\n        \"iters\": 3,\n        \"dtype\": \"int64\",\n        \"shape\": [1, 100],\n        \"parallel_iterations\": 2,\n        \"test_type\": \"extreme_shape\"\n      },\n      \"note\": \"极端形状测试\"\n    },\n    {\n      \"base_block_id\": \"CASE_03\",\n      \"priority\": \"Medium\",\n      \"params\": {\n        \"function\": \"vectorized_map\",\n        \"iters\": 1,\n        \"dtype\": \"float32\",\n        \"shape\": [100, 1],\n        \"fallback_to_while_loop\": true,\n        \"test_type\": \"single_iteration\"\n      },\n      \"note\": \"单次迭代边界\"\n    },\n    {\n      \"base_block_id\": \"CASE_04\",\n      \"priority\": \"Medium\",\n      \"params\": {\n        \"function\": \"vectorized_map\",\n        \"iters\": 2,\n        \"dtype\": \"float32\",\n        \"shape\": [3, 3],\n        \"tensor_type\": \"IndexedSlices\",\n        \"test_type\": \"indexed_slices\"\n      },\n      \"note\": \"IndexedSlices类型测试\"\n    }\n  ],\n  \"smoke_set\": [\"CASE_01\", \"CASE_02\", \"CASE_03\"],\n  \"deferred_set\": [\"CASE_04\", \"CASE_05\"]\n}",
    "test_plan.md": "# tensorflow.python.ops.parallel_for.control_flow_ops 测试计划\n\n## 1. 测试策略\n- 单元测试框架：pytest\n- 隔离策略：mock/monkeypatch/fixtures 控制依赖\n- 随机性处理：固定随机种子，控制 RNG 状态\n- 设备隔离：CPU-only 优先，GPU 可选扩展\n\n## 2. 生成规格摘要（来自 test_plan.json）\n- **SMOKE_SET**: CASE_01 (for_loop基础功能), CASE_02 (pfor向量化转换), CASE_03 (vectorized_map广播功能)\n- **DEFERRED_SET**: CASE_04 (CompositeTensor支持), CASE_05 (fallback_to_while_loop机制)\n- **测试文件路径**: tests/test_tensorflow_python_ops_parallel_for_control_flow_ops.py (单文件)\n- **断言分级策略**: 首轮使用 weak 断言，最终轮启用 strong 断言\n- **预算策略**: \n  - Size: S (小型测试，70-90行)\n  - max_lines: 70-90行\n  - max_params: 5-6个参数\n  - is_parametrized: true (支持参数化扩展)\n\n## 3. 数据与边界\n- **正常数据集**: 随机生成浮点/整数张量，形状 [2-10, 2-10]\n- **边界值**: \n  - iters=0 (零迭代返回空结构)\n  - iters=1 (单次迭代边界)\n  - parallel_iterations=null (默认并行)\n  - 空形状 [0,0] 张量\n- **极端形状**:\n  - 高瘦形状 [1, 100]\n  - 宽扁形状 [100, 1]\n  - 大尺寸 [10, 10] 迭代\n- **负例与异常场景**:\n  - iters 负数触发 ValueError\n  - parallel_iterations <= 0 错误\n  - pfor 中 parallel_iterations=1 错误\n  - 不支持的控制流操作\n  - 形状依赖输入的 loop_fn\n\n## 4. 覆盖映射\n| TC ID | 对应需求 | 关键约束 | 风险点 |\n|-------|----------|----------|--------|\n| TC-01 | for_loop基础功能 | iters非负，形状独立 | 内存管理，并行控制 |\n| TC-02 | pfor向量化转换 | parallel_iterations>1 | 向量化失败，回退机制 |\n| TC-03 | vectorized_map广播 | 沿第一维展开 | 广播语义，梯度计算 |\n| TC-04 | CompositeTensor支持 | SparseTensor/IndexedSlices | 稀疏性保持，重组正确性 |\n| TC-05 | fallback机制 | fallback_to_while_loop | 性能退化，错误传播 |\n\n**尚未覆盖的关键风险点**:\n- XLA 编译上下文行为差异\n- 跨设备 (CPU/GPU) 一致性\n- 内存使用边界和泄漏\n- 复杂嵌套结构处理\n- 实验性 API 变更兼容性",
    "tests/test_tensorflow_python_ops_parallel_for_control_flow_ops.py": "\"\"\"\nTest cases for tensorflow.python.ops.parallel_for.control_flow_ops\nGenerated by TestAgent-CLI\n\"\"\"\nimport math\nimport numpy as np\nimport pytest\nimport tensorflow as tf\nfrom tensorflow.python.ops.parallel_for import control_flow_ops\n\n# Set random seed for reproducibility\nnp.random.seed(42)\ntf.random.set_seed(42)\n\n# ==== BLOCK:HEADER START ====\n# Helper functions and fixtures\ndef _sequential_for_loop(loop_fn, iters):\n    \"\"\"Sequential implementation for oracle comparison.\"\"\"\n    results = []\n    for i in range(iters):\n        result = loop_fn(tf.constant(i, dtype=tf.int32))\n        results.append(result)\n    if not results:\n        return None\n    # Stack results along first dimension\n    return tf.nest.map_structure(lambda *x: tf.stack(x, axis=0), *results)\n\ndef _sequential_arithmetic(loop_fn, iters):\n    \"\"\"Sequential arithmetic operations for oracle comparison.\"\"\"\n    return _sequential_for_loop(loop_fn, iters)\n\ndef _elementwise_operations(fn, elems):\n    \"\"\"Elementwise operations for oracle comparison.\"\"\"\n    # Unpack first dimension\n    batch_size = tf.shape(elems)[0] if tf.is_tensor(elems) else tf.shape(elems[0])[0]\n    results = []\n    for i in range(batch_size):\n        if tf.is_tensor(elems):\n            elem = elems[i]\n        else:\n            elem = tf.nest.map_structure(lambda x: x[i], elems)\n        result = fn(elem)\n        results.append(result)\n    return tf.nest.map_structure(lambda *x: tf.stack(x, axis=0), *results)\n\ndef _create_test_tensor(shape, dtype):\n    \"\"\"Create test tensor with given shape and dtype.\"\"\"\n    if dtype == tf.float32:\n        return tf.constant(np.random.randn(*shape).astype(np.float32), dtype=dtype)\n    elif dtype == tf.float64:\n        return tf.constant(np.random.randn(*shape).astype(np.float64), dtype=dtype)\n    elif dtype == tf.int32:\n        return tf.constant(np.random.randint(0, 10, size=shape).astype(np.int32), dtype=dtype)\n    elif dtype == tf.int64:\n        return tf.constant(np.random.randint(0, 10, size=shape).astype(np.int64), dtype=dtype)\n    else:\n        raise ValueError(f\"Unsupported dtype: {dtype}\")\n\n# ==== BLOCK:HEADER END ====\n\n# ==== BLOCK:CASE_01 START ====\n# Placeholder for CASE_01: for_loop基础功能\n# This block will be replaced with actual test code\n# ==== BLOCK:CASE_01 END ====\n\n# ==== BLOCK:CASE_02 START ====\n# Placeholder for CASE_02: pfor向量化转换\n# This block will be replaced with actual test code\n# ==== BLOCK:CASE_02 END ====\n\n# ==== BLOCK:CASE_03 START ====\n# Placeholder for CASE_03: vectorized_map广播功能\n# This block will be replaced with actual test code\n# ==== BLOCK:CASE_03 END ====\n\n# ==== BLOCK:CASE_04 START ====\n# Placeholder for CASE_04: CompositeTensor支持 (deferred)\n# This block will be replaced in later iterations\n# ==== BLOCK:CASE_04 END ====\n\n# ==== BLOCK:CASE_05 START ====\n# Placeholder for CASE_05: fallback_to_while_loop机制 (deferred)\n# This block will be replaced in later iterations\n# ==== BLOCK:CASE_05 END ====\n\n# ==== BLOCK:FOOTER START ====\n# Additional test cases and cleanup\nif __name__ == \"__main__\":\n    pytest.main([__file__, \"-v\"])\n# ==== BLOCK:FOOTER END ====",
    "execution_log.txt": "=== Run Tests ===\n.......FFF                                                               [100%]\n=================================== FAILURES ===================================\n_ test_composite_tensor_support[3-dtype0-shape0-SparseTensor-composite_tensor] _\n\niters = 3, dtype = tf.float32, shape = (4, 6), tensor_type = 'SparseTensor'\ntest_type = 'composite_tensor'\n\n    @pytest.mark.parametrize(\n        \"iters,dtype,shape,tensor_type,test_type\",\n        [\n            # Base case from test plan\n            (3, tf.float32, (4, 6), \"SparseTensor\", \"composite_tensor\"),\n            # Parameter extension\n            (2, tf.float32, (3, 3), \"IndexedSlices\", \"indexed_slices\"),\n        ]\n    )\n    def test_composite_tensor_support(iters, dtype, shape, tensor_type, test_type):\n        \"\"\"Test CompositeTensor support in vectorized_map.\n    \n        TC-04: CompositeTensor支持\n        Priority: High\n        Assertion level: weak\n        Requires mock: True (but using weak assertions only in round 2)\n        \"\"\"\n        import unittest.mock as mock\n    \n        # Helper function to create sparse tensor\n        def create_sparse_tensor(batch_idx, shape, dtype):\n            \"\"\"Create a sparse tensor with a few non-zero elements.\"\"\"\n            # Create indices for a few non-zero elements\n            n_elements = min(3, shape[0] * shape[1])  # At most 3 non-zero elements\n            indices = []\n            values = []\n    \n            # Create unique indices for each batch element\n            for i in range(n_elements):\n                row = i % shape[0]\n                col = (i + batch_idx) % shape[1]\n                indices.append([row, col])\n                # Create values based on batch index and position\n                if dtype in (tf.float32, tf.float64):\n                    values.append(float(batch_idx * 10 + i + 1))\n                else:\n                    values.append(batch_idx * 10 + i + 1)\n    \n            indices_tensor = tf.constant(indices, dtype=tf.int64)\n            values_tensor = tf.constant(values, dtype=dtype)\n            dense_shape_tensor = tf.constant(shape, dtype=tf.int64)\n    \n            return tf.SparseTensor(\n                indices=indices_tensor,\n                values=values_tensor,\n                dense_shape=dense_shape_tensor\n            )\n    \n        # Helper function to create IndexedSlices\n        def create_indexed_slices(batch_idx, shape, dtype):\n            \"\"\"Create IndexedSlices tensor.\"\"\"\n            # Create indices\n            n_indices = min(2, shape[0])\n            indices = tf.constant([(batch_idx + i) % shape[0] for i in range(n_indices)], dtype=tf.int32)\n    \n            # Create values\n            if dtype in (tf.float32, tf.float64):\n                values_data = [[float(batch_idx * 10 + i + j + 1) for j in range(shape[1])]\n                              for i in range(n_indices)]\n            else:\n                values_data = [[batch_idx * 10 + i + j + 1 for j in range(shape[1])]\n                              for i in range(n_indices)]\n    \n            values = tf.constant(values_data, dtype=dtype)\n            dense_shape = tf.constant(shape, dtype=tf.int32)\n    \n            return tf.IndexedSlices(values=values, indices=indices, dense_shape=dense_shape)\n    \n        # Define function for vectorized_map\n        def fn(x):\n            if tensor_type == \"SparseTensor\":\n                # For sparse tensor, convert to dense, apply operation, and convert back\n                dense_x = tf.sparse.to_dense(x)\n                if dtype in (tf.float32, tf.float64):\n                    result_dense = dense_x * 2.0 + 1.5\n                else:\n                    result_dense = dense_x * 2 + 1\n                # Convert back to sparse (keeping only non-zero elements)\n                return tf.sparse.from_dense(result_dense)\n            else:  # IndexedSlices\n                # For IndexedSlices, apply operation to values\n                if dtype in (tf.float32, tf.float64):\n                    new_values = x.values * 2.0 + 1.5\n                else:\n                    new_values = x.values * 2 + 1\n                return tf.IndexedSlices(\n                    values=new_values,\n                    indices=x.indices,\n                    dense_shape=x.dense_shape\n                )\n    \n        # Create batch of composite tensors\n        elems = []\n        for i in range(iters):\n            if tensor_type == \"SparseTensor\":\n                elem = create_sparse_tensor(i, shape, dtype)\n            else:  # IndexedSlices\n                elem = create_indexed_slices(i, shape, dtype)\n            elems.append(elem)\n    \n        # Mock CompositeTensor and specific tensor type imports if needed\n        # For weak assertions, we'll test if the function works without mocking\n        # since vectorized_map should support CompositeTensor\n    \n        # Call vectorized_map\n>       result = control_flow_ops.vectorized_map(\n            fn=fn,\n            elems=elems,\n            fallback_to_while_loop=True  # Allow fallback for composite tensors\n        )\n\ntests/test_tensorflow_python_ops_parallel_for_control_flow_ops.py:527: \n_ _ _ _ _ _ _ _ _ _ _ _ _ _ _ _ _ _ _ _ _ _ _ _ _ _ _ _ _ _ _ _ _ _ _ _ _ _ _ _ \n/opt/anaconda3/envs/testagent-experiment/lib/python3.10/site-packages/tensorflow/python/ops/parallel_for/control_flow_ops.py:549: in vectorized_map\n    return pfor(loop_fn, batch_size,\n/opt/anaconda3/envs/testagent-experiment/lib/python3.10/site-packages/tensorflow/python/ops/parallel_for/control_flow_ops.py:206: in pfor\n    outputs = f()\n/opt/anaconda3/envs/testagent-experiment/lib/python3.10/site-packages/tensorflow/python/util/traceback_utils.py:153: in error_handler\n    raise e.with_traceback(filtered_tb) from None\n_ _ _ _ _ _ _ _ _ _ _ _ _ _ _ _ _ _ _ _ _ _ _ _ _ _ _ _ _ _ _ _ _ _ _ _ _ _ _ _ \n\n    def tf__f():\n        with ag__.FunctionScope('f', 'fscope', ag__.ConversionOptions(recursive=True, user_requested=True, optional_features=(), internal_convert_user_code=True)) as fscope:\n            do_return = False\n            retval_ = ag__.UndefinedReturnValue()\n            try:\n                do_return = True\n>               retval_ = ag__.converted_call(ag__.ld(_pfor_impl), (ag__.ld(loop_fn), ag__.ld(iters)), dict(fallback_to_while_loop=ag__.ld(fallback_to_while_loop), parallel_iterations=ag__.ld(parallel_iterations)), fscope)\nE               TypeError: in user code:\nE               \nE               \nE                   TypeError: Failed to convert elements of SparseTensor(indices=tf.Tensor(\nE                   [[0 0]\nE                    [1 1]\nE                    [2 2]], shape=(3, 2), dtype=int64), values=tf.Tensor([1. 2. 3.], shape=(3,), dtype=float32), dense_shape=tf.Tensor([4 6], shape=(2,), dtype=int64)) to Tensor. Consider casting elements to a supported type. See https://www.tensorflow.org/api_docs/python/tf/dtypes for supported TF dtypes.\n\n/var/folders/fc/ny_p_wjs10xfzq7xns_lfdc40000gn/T/__autograph_generated_fileiimihb_a.py:16: TypeError\n_ test_composite_tensor_support[2-dtype1-shape1-IndexedSlices-indexed_slices] __\n\niters = 2, dtype = tf.float32, shape = (3, 3), tensor_type = 'IndexedSlices'\ntest_type = 'indexed_slices'\n\n    @pytest.mark.parametrize(\n        \"iters,dtype,shape,tensor_type,test_type\",\n        [\n            # Base case from test plan\n            (3, tf.float32, (4, 6), \"SparseTensor\", \"composite_tensor\"),\n            # Parameter extension\n            (2, tf.float32, (3, 3), \"IndexedSlices\", \"indexed_slices\"),\n        ]\n    )\n    def test_composite_tensor_support(iters, dtype, shape, tensor_type, test_type):\n        \"\"\"Test CompositeTensor support in vectorized_map.\n    \n        TC-04: CompositeTensor支持\n        Priority: High\n        Assertion level: weak\n        Requires mock: True (but using weak assertions only in round 2)\n        \"\"\"\n        import unittest.mock as mock\n    \n        # Helper function to create sparse tensor\n        def create_sparse_tensor(batch_idx, shape, dtype):\n            \"\"\"Create a sparse tensor with a few non-zero elements.\"\"\"\n            # Create indices for a few non-zero elements\n            n_elements = min(3, shape[0] * shape[1])  # At most 3 non-zero elements\n            indices = []\n            values = []\n    \n            # Create unique indices for each batch element\n            for i in range(n_elements):\n                row = i % shape[0]\n                col = (i + batch_idx) % shape[1]\n                indices.append([row, col])\n                # Create values based on batch index and position\n                if dtype in (tf.float32, tf.float64):\n                    values.append(float(batch_idx * 10 + i + 1))\n                else:\n                    values.append(batch_idx * 10 + i + 1)\n    \n            indices_tensor = tf.constant(indices, dtype=tf.int64)\n            values_tensor = tf.constant(values, dtype=dtype)\n            dense_shape_tensor = tf.constant(shape, dtype=tf.int64)\n    \n            return tf.SparseTensor(\n                indices=indices_tensor,\n                values=values_tensor,\n                dense_shape=dense_shape_tensor\n            )\n    \n        # Helper function to create IndexedSlices\n        def create_indexed_slices(batch_idx, shape, dtype):\n            \"\"\"Create IndexedSlices tensor.\"\"\"\n            # Create indices\n            n_indices = min(2, shape[0])\n            indices = tf.constant([(batch_idx + i) % shape[0] for i in range(n_indices)], dtype=tf.int32)\n    \n            # Create values\n            if dtype in (tf.float32, tf.float64):\n                values_data = [[float(batch_idx * 10 + i + j + 1) for j in range(shape[1])]\n                              for i in range(n_indices)]\n            else:\n                values_data = [[batch_idx * 10 + i + j + 1 for j in range(shape[1])]\n                              for i in range(n_indices)]\n    \n            values = tf.constant(values_data, dtype=dtype)\n            dense_shape = tf.constant(shape, dtype=tf.int32)\n    \n            return tf.IndexedSlices(values=values, indices=indices, dense_shape=dense_shape)\n    \n        # Define function for vectorized_map\n        def fn(x):\n            if tensor_type == \"SparseTensor\":\n                # For sparse tensor, convert to dense, apply operation, and convert back\n                dense_x = tf.sparse.to_dense(x)\n                if dtype in (tf.float32, tf.float64):\n                    result_dense = dense_x * 2.0 + 1.5\n                else:\n                    result_dense = dense_x * 2 + 1\n                # Convert back to sparse (keeping only non-zero elements)\n                return tf.sparse.from_dense(result_dense)\n            else:  # IndexedSlices\n                # For IndexedSlices, apply operation to values\n                if dtype in (tf.float32, tf.float64):\n                    new_values = x.values * 2.0 + 1.5\n                else:\n                    new_values = x.values * 2 + 1\n                return tf.IndexedSlices(\n                    values=new_values,\n                    indices=x.indices,\n                    dense_shape=x.dense_shape\n                )\n    \n        # Create batch of composite tensors\n        elems = []\n        for i in range(iters):\n            if tensor_type == \"SparseTensor\":\n                elem = create_sparse_tensor(i, shape, dtype)\n            else:  # IndexedSlices\n                elem = create_indexed_slices(i, shape, dtype)\n            elems.append(elem)\n    \n        # Mock CompositeTensor and specific tensor type imports if needed\n        # For weak assertions, we'll test if the function works without mocking\n        # since vectorized_map should support CompositeTensor\n    \n        # Call vectorized_map\n>       result = control_flow_ops.vectorized_map(\n            fn=fn,\n            elems=elems,\n            fallback_to_while_loop=True  # Allow fallback for composite tensors\n        )\n\ntests/test_tensorflow_python_ops_parallel_for_control_flow_ops.py:527: \n_ _ _ _ _ _ _ _ _ _ _ _ _ _ _ _ _ _ _ _ _ _ _ _ _ _ _ _ _ _ _ _ _ _ _ _ _ _ _ _ \n/opt/anaconda3/envs/testagent-experiment/lib/python3.10/site-packages/tensorflow/python/ops/parallel_for/control_flow_ops.py:549: in vectorized_map\n    return pfor(loop_fn, batch_size,\n/opt/anaconda3/envs/testagent-experiment/lib/python3.10/site-packages/tensorflow/python/ops/parallel_for/control_flow_ops.py:206: in pfor\n    outputs = f()\n/opt/anaconda3/envs/testagent-experiment/lib/python3.10/site-packages/tensorflow/python/util/traceback_utils.py:153: in error_handler\n    raise e.with_traceback(filtered_tb) from None\n/var/folders/fc/ny_p_wjs10xfzq7xns_lfdc40000gn/T/__autograph_generated_fileiimihb_a.py:16: in tf__f\n    retval_ = ag__.converted_call(ag__.ld(_pfor_impl), (ag__.ld(loop_fn), ag__.ld(iters)), dict(fallback_to_while_loop=ag__.ld(fallback_to_while_loop), parallel_iterations=ag__.ld(parallel_iterations)), fscope)\n_ _ _ _ _ _ _ _ _ _ _ _ _ _ _ _ _ _ _ _ _ _ _ _ _ _ _ _ _ _ _ _ _ _ _ _ _ _ _ _ \n\nx = [<tf.Tensor 'loop_body/GatherV2:0' shape=(3,) dtype=float32>, <tf.Tensor 'loop_body/GatherV2_1:0' shape=(3,) dtype=float32>]\n\n    def fn(x):\n        if tensor_type == \"SparseTensor\":\n            # For sparse tensor, convert to dense, apply operation, and convert back\n            dense_x = tf.sparse.to_dense(x)\n            if dtype in (tf.float32, tf.float64):\n                result_dense = dense_x * 2.0 + 1.5\n            else:\n                result_dense = dense_x * 2 + 1\n            # Convert back to sparse (keeping only non-zero elements)\n            return tf.sparse.from_dense(result_dense)\n        else:  # IndexedSlices\n            # For IndexedSlices, apply operation to values\n            if dtype in (tf.float32, tf.float64):\n>               new_values = x.values * 2.0 + 1.5\nE               AttributeError: in user code:\nE               \nE                   File \"/Users/zzf1sh/Documents/Project/TestAgent-CLI-main/exam/tensorflow/python.ops.parallel_for.control_flow_ops/tests/test_tensorflow_python_ops_parallel_for_control_flow_ops.py\", line 504, in fn\nE                       new_values = x.values * 2.0 + 1.5\nE               \nE                   AttributeError: 'list' object has no attribute 'values'\n\ntests/test_tensorflow_python_ops_parallel_for_control_flow_ops.py:504: AttributeError\n_ test_fallback_to_while_loop_mechanism[6-dtype0-shape0-True-2-fallback_mechanism] _\n\nthing = <module 'tensorflow' from '/opt/anaconda3/envs/testagent-experiment/lib/python3.10/site-packages/tensorflow/__init__.py'>\ncomp = 'python', import_path = 'tensorflow.python'\n\n    def _dot_lookup(thing, comp, import_path):\n        try:\n>           return getattr(thing, comp)\nE           AttributeError: module 'tensorflow' has no attribute 'python'\n\n/opt/anaconda3/envs/testagent-experiment/lib/python3.10/unittest/mock.py:1248: AttributeError\n\nDuring handling of the above exception, another exception occurred:\n\niters = 6, dtype = tf.float32, shape = (2, 2), fallback_to_while_loop = True\nparallel_iterations = 2, test_type = 'fallback_mechanism'\n\n    @pytest.mark.parametrize(\n        \"iters,dtype,shape,fallback_to_while_loop,parallel_iterations,test_type\",\n        [\n            # Base case from test plan\n            (6, tf.float32, (2, 2), True, 2, \"fallback_mechanism\"),\n        ]\n    )\n    def test_fallback_to_while_loop_mechanism(iters, dtype, shape, fallback_to_while_loop, parallel_iterations, test_type):\n        \"\"\"Test fallback_to_while_loop mechanism in pfor.\n    \n        TC-05: fallback_to_while_loop机制\n        Priority: High\n        Assertion level: weak\n        Requires mock: True (but using weak assertions only in round 2)\n        \"\"\"\n        import unittest.mock as mock\n    \n        # Create a fixed base tensor\n        base_tensor = _create_test_tensor(shape, dtype)\n    \n        # Define a simple loop function\n        def loop_fn(i):\n            if dtype in (tf.float32, tf.float64):\n                scale = tf.cast(i, dtype) + 1.0\n            else:\n                scale = tf.cast(i, dtype) + 1\n            return scale * base_tensor\n    \n        # For testing fallback mechanism, we need to trigger a fallback\n        # One way is to use an operation that's not supported by pfor\n        # However, for weak assertions, we'll just test that the function\n        # works with fallback_to_while_loop=True\n    \n        # Mock PFor to simulate fallback behavior\n>       with mock.patch('tensorflow.python.ops.parallel_for.control_flow_ops.PFor') as mock_pfor_class:\n\ntests/test_tensorflow_python_ops_parallel_for_control_flow_ops.py:656: \n_ _ _ _ _ _ _ _ _ _ _ _ _ _ _ _ _ _ _ _ _ _ _ _ _ _ _ _ _ _ _ _ _ _ _ _ _ _ _ _ \n/opt/anaconda3/envs/testagent-experiment/lib/python3.10/unittest/mock.py:1431: in __enter__\n    self.target = self.getter()\n/opt/anaconda3/envs/testagent-experiment/lib/python3.10/unittest/mock.py:1618: in <lambda>\n    getter = lambda: _importer(target)\n/opt/anaconda3/envs/testagent-experiment/lib/python3.10/unittest/mock.py:1261: in _importer\n    thing = _dot_lookup(thing, comp, import_path)\n_ _ _ _ _ _ _ _ _ _ _ _ _ _ _ _ _ _ _ _ _ _ _ _ _ _ _ _ _ _ _ _ _ _ _ _ _ _ _ _ \n\nthing = <module 'tensorflow' from '/opt/anaconda3/envs/testagent-experiment/lib/python3.10/site-packages/tensorflow/__init__.py'>\ncomp = 'python', import_path = 'tensorflow.python'\n\n    def _dot_lookup(thing, comp, import_path):\n        try:\n            return getattr(thing, comp)\n        except AttributeError:\n            __import__(import_path)\n>           return getattr(thing, comp)\nE           AttributeError: module 'tensorflow' has no attribute 'python'\n\n/opt/anaconda3/envs/testagent-experiment/lib/python3.10/unittest/mock.py:1251: AttributeError\n=============================== warnings summary ===============================\n../../../../../../../../opt/anaconda3/envs/testagent-experiment/lib/python3.10/site-packages/tensorflow/core/framework/tensor_shape_pb2.py:18\n  /opt/anaconda3/envs/testagent-experiment/lib/python3.10/site-packages/tensorflow/core/framework/tensor_shape_pb2.py:18: DeprecationWarning: Call to deprecated create function FileDescriptor(). Note: Create unlinked descriptors is going to go away. Please use get/find descriptors from generated code or query the descriptor_pool.\n    DESCRIPTOR = _descriptor.FileDescriptor(\n\n../../../../../../../../opt/anaconda3/envs/testagent-experiment/lib/python3.10/site-packages/tensorflow/core/framework/tensor_shape_pb2.py:36\n  /opt/anaconda3/envs/testagent-experiment/lib/python3.10/site-packages/tensorflow/core/framework/tensor_shape_pb2.py:36: DeprecationWarning: Call to deprecated create function FieldDescriptor(). Note: Create unlinked descriptors is going to go away. Please use get/find descriptors from generated code or query the descriptor_pool.\n    _descriptor.FieldDescriptor(\n\n../../../../../../../../opt/anaconda3/envs/testagent-experiment/lib/python3.10/site-packages/tensorflow/core/framework/tensor_shape_pb2.py:43\n  /opt/anaconda3/envs/testagent-experiment/lib/python3.10/site-packages/tensorflow/core/framework/tensor_shape_pb2.py:43: DeprecationWarning: Call to deprecated create function FieldDescriptor(). Note: Create unlinked descriptors is going to go away. Please use get/find descriptors from generated code or query the descriptor_pool.\n    _descriptor.FieldDescriptor(\n\n../../../../../../../../opt/anaconda3/envs/testagent-experiment/lib/python3.10/site-packages/tensorflow/core/framework/tensor_shape_pb2.py:29\n  /opt/anaconda3/envs/testagent-experiment/lib/python3.10/site-packages/tensorflow/core/framework/tensor_shape_pb2.py:29: DeprecationWarning: Call to deprecated create function Descriptor(). Note: Create unlinked descriptors is going to go away. Please use get/find descriptors from generated code or query the descriptor_pool.\n    _TENSORSHAPEPROTO_DIM = _descriptor.Descriptor(\n\n../../../../../../../../opt/anaconda3/envs/testagent-experiment/lib/python3.10/site-packages/tensorflow/core/framework/tensor_shape_pb2.py:73\n  /opt/anaconda3/envs/testagent-experiment/lib/python3.10/site-packages/tensorflow/core/framework/tensor_shape_pb2.py:73: DeprecationWarning: Call to deprecated create function FieldDescriptor(). Note: Create unlinked descriptors is going to go away. Please use get/find descriptors from generated code or query the descriptor_pool.\n    _descriptor.FieldDescriptor(\n\n../../../../../../../../opt/anaconda3/envs/testagent-experiment/lib/python3.10/site-packages/tensorflow/core/framework/tensor_shape_pb2.py:80\n  /opt/anaconda3/envs/testagent-experiment/lib/python3.10/site-packages/tensorflow/core/framework/tensor_shape_pb2.py:80: DeprecationWarning: Call to deprecated create function FieldDescriptor(). Note: Create unlinked descriptors is going to go away. Please use get/find descriptors from generated code or query the descriptor_pool.\n    _descriptor.FieldDescriptor(\n\n../../../../../../../../opt/anaconda3/envs/testagent-experiment/lib/python3.10/site-packages/tensorflow/core/framework/tensor_shape_pb2.py:66\n  /opt/anaconda3/envs/testagent-experiment/lib/python3.10/site-packages/tensorflow/core/framework/tensor_shape_pb2.py:66: DeprecationWarning: Call to deprecated create function Descriptor(). Note: Create unlinked descriptors is going to go away. Please use get/find descriptors from generated code or query the descriptor_pool.\n    _TENSORSHAPEPROTO = _descriptor.Descriptor(\n\n../../../../../../../../opt/anaconda3/envs/testagent-experiment/lib/python3.10/site-packages/tensorflow/core/framework/types_pb2.py:19\n  /opt/anaconda3/envs/testagent-experiment/lib/python3.10/site-packages/tensorflow/core/framework/types_pb2.py:19: DeprecationWarning: Call to deprecated create function FileDescriptor(). Note: Create unlinked descriptors is going to go away. Please use get/find descriptors from generated code or query the descriptor_pool.\n    DESCRIPTOR = _descriptor.FileDescriptor(\n\n../../../../../../../../opt/anaconda3/envs/testagent-experiment/lib/python3.10/site-packages/tensorflow/core/framework/types_pb2.py:33\n  /opt/anaconda3/envs/testagent-experiment/lib/python3.10/site-packages/tensorflow/core/framework/types_pb2.py:33: DeprecationWarning: Call to deprecated create function EnumValueDescriptor(). Note: Create unlinked descriptors is going to go away. Please use get/find descriptors from generated code or query the descriptor_pool.\n    _descriptor.EnumValueDescriptor(\n\n../../../../../../../../opt/anaconda3/envs/testagent-experiment/lib/python3.10/site-packages/tensorflow/core/framework/types_pb2.py:37\n  /opt/anaconda3/envs/testagent-experiment/lib/python3.10/site-packages/tensorflow/core/framework/types_pb2.py:37: DeprecationWarning: Call to deprecated create function EnumValueDescriptor(). Note: Create unlinked descriptors is going to go away. Please use get/find descriptors from generated code or query the descriptor_pool.\n    _descriptor.EnumValueDescriptor(\n\n../../../../../../../../opt/anaconda3/envs/testagent-experiment/lib/python3.10/site-packages/tensorflow/core/framework/types_pb2.py:41\n  /opt/anaconda3/envs/testagent-experiment/lib/python3.10/site-packages/tensorflow/core/framework/types_pb2.py:41: DeprecationWarning: Call to deprecated create function EnumValueDescriptor(). Note: Create unlinked descriptors is going to go away. Please use get/find descriptors from generated code or query the descriptor_pool.\n    _descriptor.EnumValueDescriptor(\n\n../../../../../../../../opt/anaconda3/envs/testagent-experiment/lib/python3.10/site-packages/tensorflow/core/framework/types_pb2.py:45\n  /opt/anaconda3/envs/testagent-experiment/lib/python3.10/site-packages/tensorflow/core/framework/types_pb2.py:45: DeprecationWarning: Call to deprecated create function EnumValueDescriptor(). Note: Create unlinked descriptors is going to go away. Please use get/find descriptors from generated code or query the descriptor_pool.\n    _descriptor.EnumValueDescriptor(\n\n../../../../../../../../opt/anaconda3/envs/testagent-experiment/lib/python3.10/site-packages/tensorflow/core/framework/types_pb2.py:49\n  /opt/anaconda3/envs/testagent-experiment/lib/python3.10/site-packages/tensorflow/core/framework/types_pb2.py:49: DeprecationWarning: Call to deprecated create function EnumValueDescriptor(). Note: Create unlinked descriptors is going to go away. Please use get/find descriptors from generated code or query the descriptor_pool.\n    _descriptor.EnumValueDescriptor(\n\n../../../../../../../../opt/anaconda3/envs/testagent-experiment/lib/python3.10/site-packages/tensorflow/core/framework/types_pb2.py:53\n  /opt/anaconda3/envs/testagent-experiment/lib/python3.10/site-packages/tensorflow/core/framework/types_pb2.py:53: DeprecationWarning: Call to deprecated create function EnumValueDescriptor(). Note: Create unlinked descriptors is going to go away. Please use get/find descriptors from generated code or query the descriptor_pool.\n    _descriptor.EnumValueDescriptor(\n\n../../../../../../../../opt/anaconda3/envs/testagent-experiment/lib/python3.10/site-packages/tensorflow/core/framework/types_pb2.py:57\n  /opt/anaconda3/envs/testagent-experiment/lib/python3.10/site-packages/tensorflow/core/framework/types_pb2.py:57: DeprecationWarning: Call to deprecated create function EnumValueDescriptor(). Note: Create unlinked descriptors is going to go away. Please use get/find descriptors from generated code or query the descriptor_pool.\n    _descriptor.EnumValueDescriptor(\n\n../../../../../../../../opt/anaconda3/envs/testagent-experiment/lib/python3.10/site-packages/tensorflow/core/framework/types_pb2.py:61\n  /opt/anaconda3/envs/testagent-experiment/lib/python3.10/site-packages/tensorflow/core/framework/types_pb2.py:61: DeprecationWarning: Call to deprecated create function EnumValueDescriptor(). Note: Create unlinked descriptors is going to go away. Please use get/find descriptors from generated code or query the descriptor_pool.\n    _descriptor.EnumValueDescriptor(\n\n../../../../../../../../opt/anaconda3/envs/testagent-experiment/lib/python3.10/site-packages/tensorflow/core/framework/types_pb2.py:65\n  /opt/anaconda3/envs/testagent-experiment/lib/python3.10/site-packages/tensorflow/core/framework/types_pb2.py:65: DeprecationWarning: Call to deprecated create function EnumValueDescriptor(). Note: Create unlinked descriptors is going to go away. Please use get/find descriptors from generated code or query the descriptor_pool.\n    _descriptor.EnumValueDescriptor(\n\n../../../../../../../../opt/anaconda3/envs/testagent-experiment/lib/python3.10/site-packages/tensorflow/core/framework/types_pb2.py:69\n  /opt/anaconda3/envs/testagent-experiment/lib/python3.10/site-packages/tensorflow/core/framework/types_pb2.py:69: DeprecationWarning: Call to deprecated create function EnumValueDescriptor(). Note: Create unlinked descriptors is going to go away. Please use get/find descriptors from generated code or query the descriptor_pool.\n    _descriptor.EnumValueDescriptor(\n\n../../../../../../../../opt/anaconda3/envs/testagent-experiment/lib/python3.10/site-packages/tensorflow/core/framework/types_pb2.py:73\n  /opt/anaconda3/envs/testagent-experiment/lib/python3.10/site-packages/tensorflow/core/framework/types_pb2.py:73: DeprecationWarning: Call to deprecated create function EnumValueDescriptor(). Note: Create unlinked descriptors is going to go away. Please use get/find descriptors from generated code or query the descriptor_pool.\n    _descriptor.EnumValueDescriptor(\n\n../../../../../../../../opt/anaconda3/envs/testagent-experiment/lib/python3.10/site-packages/tensorflow/core/framework/types_pb2.py:77\n  /opt/anaconda3/envs/testagent-experiment/lib/python3.10/site-packages/tensorflow/core/framework/types_pb2.py:77: DeprecationWarning: Call to deprecated create function EnumValueDescriptor(). Note: Create unlinked descriptors is going to go away. Please use get/find descriptors from generated code or query the descriptor_pool.\n    _descriptor.EnumValueDescriptor(\n\n../../../../../../../../opt/anaconda3/envs/testagent-experiment/lib/python3.10/site-packages/tensorflow/core/framework/types_pb2.py:81\n  /opt/anaconda3/envs/testagent-experiment/lib/python3.10/site-packages/tensorflow/core/framework/types_pb2.py:81: DeprecationWarning: Call to deprecated create function EnumValueDescriptor(). Note: Create unlinked descriptors is going to go away. Please use get/find descriptors from generated code or query the descriptor_pool.\n    _descriptor.EnumValueDescriptor(\n\n../../../../../../../../opt/anaconda3/envs/testagent-experiment/lib/python3.10/site-packages/tensorflow/core/framework/types_pb2.py:85\n  /opt/anaconda3/envs/testagent-experiment/lib/python3.10/site-packages/tensorflow/core/framework/types_pb2.py:85: DeprecationWarning: Call to deprecated create function EnumValueDescriptor(). Note: Create unlinked descriptors is going to go away. Please use get/find descriptors from generated code or query the descriptor_pool.\n    _descriptor.EnumValueDescriptor(\n\n../../../../../../../../opt/anaconda3/envs/testagent-experiment/lib/python3.10/site-packages/tensorflow/core/framework/types_pb2.py:89\n  /opt/anaconda3/envs/testagent-experiment/lib/python3.10/site-packages/tensorflow/core/framework/types_pb2.py:89: DeprecationWarning: Call to deprecated create function EnumValueDescriptor(). Note: Create unlinked descriptors is going to go away. Please use get/find descriptors from generated code or query the descriptor_pool.\n    _descriptor.EnumValueDescriptor(\n\n../../../../../../../../opt/anaconda3/envs/testagent-experiment/lib/python3.10/site-packages/tensorflow/core/framework/types_pb2.py:93\n  /opt/anaconda3/envs/testagent-experiment/lib/python3.10/site-packages/tensorflow/core/framework/types_pb2.py:93: DeprecationWarning: Call to deprecated create function EnumValueDescriptor(). Note: Create unlinked descriptors is going to go away. Please use get/find descriptors from generated code or query the descriptor_pool.\n    _descriptor.EnumValueDescriptor(\n\n../../../../../../../../opt/anaconda3/envs/testagent-experiment/lib/python3.10/site-packages/tensorflow/core/framework/types_pb2.py:97\n  /opt/anaconda3/envs/testagent-experiment/lib/python3.10/site-packages/tensorflow/core/framework/types_pb2.py:97: DeprecationWarning: Call to deprecated create function EnumValueDescriptor(). Note: Create unlinked descriptors is going to go away. Please use get/find descriptors from generated code or query the descriptor_pool.\n    _descriptor.EnumValueDescriptor(\n\n../../../../../../../../opt/anaconda3/envs/testagent-experiment/lib/python3.10/site-packages/tensorflow/core/framework/types_pb2.py:101\n  /opt/anaconda3/envs/testagent-experiment/lib/python3.10/site-packages/tensorflow/core/framework/types_pb2.py:101: DeprecationWarning: Call to deprecated create function EnumValueDescriptor(). Note: Create unlinked descriptors is going to go away. Please use get/find descriptors from generated code or query the descriptor_pool.\n    _descriptor.EnumValueDescriptor(\n\n../../../../../../../../opt/anaconda3/envs/testagent-experiment/lib/python3.10/site-packages/tensorflow/core/framework/types_pb2.py:105\n  /opt/anaconda3/envs/testagent-experiment/lib/python3.10/site-packages/tensorflow/core/framework/types_pb2.py:105: DeprecationWarning: Call to deprecated create function EnumValueDescriptor(). Note: Create unlinked descriptors is going to go away. Please use get/find descriptors from generated code or query the descriptor_pool.\n    _descriptor.EnumValueDescriptor(\n\n../../../../../../../../opt/anaconda3/envs/testagent-experiment/lib/python3.10/site-packages/tensorflow/core/framework/types_pb2.py:109\n  /opt/anaconda3/envs/testagent-experiment/lib/python3.10/site-packages/tensorflow/core/framework/types_pb2.py:109: DeprecationWarning: Call to deprecated create function EnumValueDescriptor(). Note: Create unlinked descriptors is going to go away. Please use get/find descriptors from generated code or query the descriptor_pool.\n    _descriptor.EnumValueDescriptor(\n\n../../../../../../../../opt/anaconda3/envs/testagent-experiment/lib/python3.10/site-packages/tensorflow/core/framework/types_pb2.py:113\n  /opt/anaconda3/envs/testagent-experiment/lib/python3.10/site-packages/tensorflow/core/framework/types_pb2.py:113: DeprecationWarning: Call to deprecated create function EnumValueDescriptor(). Note: Create unlinked descriptors is going to go away. Please use get/find descriptors from generated code or query the descriptor_pool.\n    _descriptor.EnumValueDescriptor(\n\n../../../../../../../../opt/anaconda3/envs/testagent-experiment/lib/python3.10/site-packages/tensorflow/core/framework/types_pb2.py:117\n  /opt/anaconda3/envs/testagent-experiment/lib/python3.10/site-packages/tensorflow/core/framework/types_pb2.py:117: DeprecationWarning: Call to deprecated create function EnumValueDescriptor(). Note: Create unlinked descriptors is going to go away. Please use get/find descriptors from generated code or query the descriptor_pool.\n    _descriptor.EnumValueDescriptor(\n\n../../../../../../../../opt/anaconda3/envs/testagent-experiment/lib/python3.10/site-packages/tensorflow/core/framework/types_pb2.py:121\n  /opt/anaconda3/envs/testagent-experiment/lib/python3.10/site-packages/tensorflow/core/framework/types_pb2.py:121: DeprecationWarning: Call to deprecated create function EnumValueDescriptor(). Note: Create unlinked descriptors is going to go away. Please use get/find descriptors from generated code or query the descriptor_pool.\n    _descriptor.EnumValueDescriptor(\n\n../../../../../../../../opt/anaconda3/envs/testagent-experiment/lib/python3.10/site-packages/tensorflow/core/framework/types_pb2.py:125\n  /opt/anaconda3/envs/testagent-experiment/lib/python3.10/site-packages/tensorflow/core/framework/types_pb2.py:125: DeprecationWarning: Call to deprecated create function EnumValueDescriptor(). Note: Create unlinked descriptors is going to go away. Please use get/find descriptors from generated code or query the descriptor_pool.\n    _descriptor.EnumValueDescriptor(\n\n../../../../../../../../opt/anaconda3/envs/testagent-experiment/lib/python3.10/site-packages/tensorflow/core/framework/types_pb2.py:129\n  /opt/anaconda3/envs/testagent-experiment/lib/python3.10/site-packages/tensorflow/core/framework/types_pb2.py:129: DeprecationWarning: Call to deprecated create function EnumValueDescriptor(). Note: Create unlinked descriptors is going to go away. Please use get/find descriptors from generated code or query the descriptor_pool.\n    _descriptor.EnumValueDescriptor(\n\n../../../../../../../../opt/anaconda3/envs/testagent-experiment/lib/python3.10/site-packages/tensorflow/core/framework/types_pb2.py:133\n  /opt/anaconda3/envs/testagent-experiment/lib/python3.10/site-packages/tensorflow/core/framework/types_pb2.py:133: DeprecationWarning: Call to deprecated create function EnumValueDescriptor(). Note: Create unlinked descriptors is going to go away. Please use get/find descriptors from generated code or query the descriptor_pool.\n    _descriptor.EnumValueDescriptor(\n\n../../../../../../../../opt/anaconda3/envs/testagent-experiment/lib/python3.10/site-packages/tensorflow/core/framework/types_pb2.py:137\n  /opt/anaconda3/envs/testagent-experiment/lib/python3.10/site-packages/tensorflow/core/framework/types_pb2.py:137: DeprecationWarning: Call to deprecated create function EnumValueDescriptor(). Note: Create unlinked descriptors is going to go away. Please use get/find descriptors from generated code or query the descriptor_pool.\n    _descriptor.EnumValueDescriptor(\n\n../../../../../../../../opt/anaconda3/envs/testagent-experiment/lib/python3.10/site-packages/tensorflow/core/framework/types_pb2.py:141\n  /opt/anaconda3/envs/testagent-experiment/lib/python3.10/site-packages/tensorflow/core/framework/types_pb2.py:141: DeprecationWarning: Call to deprecated create function EnumValueDescriptor(). Note: Create unlinked descriptors is going to go away. Please use get/find descriptors from generated code or query the descriptor_pool.\n    _descriptor.EnumValueDescriptor(\n\n../../../../../../../../opt/anaconda3/envs/testagent-experiment/lib/python3.10/site-packages/tensorflow/core/framework/types_pb2.py:145\n  /opt/anaconda3/envs/testagent-experiment/lib/python3.10/site-packages/tensorflow/core/framework/types_pb2.py:145: DeprecationWarning: Call to deprecated create function EnumValueDescriptor(). Note: Create unlinked descriptors is going to go away. Please use get/find descriptors from generated code or query the descriptor_pool.\n    _descriptor.EnumValueDescriptor(\n\n../../../../../../../../opt/anaconda3/envs/testagent-experiment/lib/python3.10/site-packages/tensorflow/core/framework/types_pb2.py:149\n  /opt/anaconda3/envs/testagent-experiment/lib/python3.10/site-packages/tensorflow/core/framework/types_pb2.py:149: DeprecationWarning: Call to deprecated create function EnumValueDescriptor(). Note: Create unlinked descriptors is going to go away. Please use get/find descriptors from generated code or query the descriptor_pool.\n    _descriptor.EnumValueDescriptor(\n\n../../../../../../../../opt/anaconda3/envs/testagent-experiment/lib/python3.10/site-packages/tensorflow/core/framework/types_pb2.py:153\n  /opt/anaconda3/envs/testagent-experiment/lib/python3.10/site-packages/tensorflow/core/framework/types_pb2.py:153: DeprecationWarning: Call to deprecated create function EnumValueDescriptor(). Note: Create unlinked descriptors is going to go away. Please use get/find descriptors from generated code or query the descriptor_pool.\n    _descriptor.EnumValueDescriptor(\n\n../../../../../../../../opt/anaconda3/envs/testagent-experiment/lib/python3.10/site-packages/tensorflow/core/framework/types_pb2.py:157\n  /opt/anaconda3/envs/testagent-experiment/lib/python3.10/site-packages/tensorflow/core/framework/types_pb2.py:157: DeprecationWarning: Call to deprecated create function EnumValueDescriptor(). Note: Create unlinked descriptors is going to go away. Please use get/find descriptors from generated code or query the descriptor_pool.\n    _descriptor.EnumValueDescriptor(\n\n../../../../../../../../opt/anaconda3/envs/testagent-experiment/lib/python3.10/site-packages/tensorflow/core/framework/types_pb2.py:161\n  /opt/anaconda3/envs/testagent-experiment/lib/python3.10/site-packages/tensorflow/core/framework/types_pb2.py:161: DeprecationWarning: Call to deprecated create function EnumValueDescriptor(). Note: Create unlinked descriptors is going to go away. Please use get/find descriptors from generated code or query the descriptor_pool.\n    _descriptor.EnumValueDescriptor(\n\n../../../../../../../../opt/anaconda3/envs/testagent-experiment/lib/python3.10/site-packages/tensorflow/core/framework/types_pb2.py:165\n  /opt/anaconda3/envs/testagent-experiment/lib/python3.10/site-packages/tensorflow/core/framework/types_pb2.py:165: DeprecationWarning: Call to deprecated create function EnumValueDescriptor(). Note: Create unlinked descriptors is going to go away. Please use get/find descriptors from generated code or query the descriptor_pool.\n    _descriptor.EnumValueDescriptor(\n\n../../../../../../../../opt/anaconda3/envs/testagent-experiment/lib/python3.10/site-packages/tensorflow/core/framework/types_pb2.py:169\n  /opt/anaconda3/envs/testagent-experiment/lib/python3.10/site-packages/tensorflow/core/framework/types_pb2.py:169: DeprecationWarning: Call to deprecated create function EnumValueDescriptor(). Note: Create unlinked descriptors is going to go away. Please use get/find descriptors from generated code or query the descriptor_pool.\n    _descriptor.EnumValueDescriptor(\n\n../../../../../../../../opt/anaconda3/envs/testagent-experiment/lib/python3.10/site-packages/tensorflow/core/framework/types_pb2.py:173\n  /opt/anaconda3/envs/testagent-experiment/lib/python3.10/site-packages/tensorflow/core/framework/types_pb2.py:173: DeprecationWarning: Call to deprecated create function EnumValueDescriptor(). Note: Create unlinked descriptors is going to go away. Please use get/find descriptors from generated code or query the descriptor_pool.\n    _descriptor.EnumValueDescriptor(\n\n../../../../../../../../opt/anaconda3/envs/testagent-experiment/lib/python3.10/site-packages/tensorflow/core/framework/types_pb2.py:177\n  /opt/anaconda3/envs/testagent-experiment/lib/python3.10/site-packages/tensorflow/core/framework/types_pb2.py:177: DeprecationWarning: Call to deprecated create function EnumValueDescriptor(). Note: Create unlinked descriptors is going to go away. Please use get/find descriptors from generated code or query the descriptor_pool.\n    _descriptor.EnumValueDescriptor(\n\n../../../../../../../../opt/anaconda3/envs/testagent-experiment/lib/python3.10/site-packages/tensorflow/core/framework/types_pb2.py:181\n  /opt/anaconda3/envs/testagent-experiment/lib/python3.10/site-packages/tensorflow/core/framework/types_pb2.py:181: DeprecationWarning: Call to deprecated create function EnumValueDescriptor(). Note: Create unlinked descriptors is going to go away. Please use get/find descriptors from generated code or query the descriptor_pool.\n    _descriptor.EnumValueDescriptor(\n\n../../../../../../../../opt/anaconda3/envs/testagent-experiment/lib/python3.10/site-packages/tensorflow/core/framework/types_pb2.py:185\n  /opt/anaconda3/envs/testagent-experiment/lib/python3.10/site-packages/tensorflow/core/framework/types_pb2.py:185: DeprecationWarning: Call to deprecated create function EnumValueDescriptor(). Note: Create unlinked descriptors is going to go away. Please use get/find descriptors from generated code or query the descriptor_pool.\n    _descriptor.EnumValueDescriptor(\n\n../../../../../../../../opt/anaconda3/envs/testagent-experiment/lib/python3.10/site-packages/tensorflow/core/framework/types_pb2.py:189\n  /opt/anaconda3/envs/testagent-experiment/lib/python3.10/site-packages/tensorflow/core/framework/types_pb2.py:189: DeprecationWarning: Call to deprecated create function EnumValueDescriptor(). Note: Create unlinked descriptors is going to go away. Please use get/find descriptors from generated code or query the descriptor_pool.\n    _descriptor.EnumValueDescriptor(\n\n../../../../../../../../opt/anaconda3/envs/testagent-experiment/lib/python3.10/site-packages/tensorflow/core/framework/types_pb2.py:193\n  /opt/anaconda3/envs/testagent-experiment/lib/python3.10/site-packages/tensorflow/core/framework/types_pb2.py:193: DeprecationWarning: Call to deprecated create function EnumValueDescriptor(). Note: Create unlinked descriptors is going to go away. Please use get/find descriptors from generated code or query the descriptor_pool.\n    _descriptor.EnumValueDescriptor(\n\n../../../../../../../../opt/anaconda3/envs/testagent-experiment/lib/python3.10/site-packages/tensorflow/core/framework/types_pb2.py:197\n  /opt/anaconda3/envs/testagent-experiment/lib/python3.10/site-packages/tensorflow/core/framework/types_pb2.py:197: DeprecationWarning: Call to deprecated create function EnumValueDescriptor(). Note: Create unlinked descriptors is going to go away. Please use get/find descriptors from generated code or query the descriptor_pool.\n    _descriptor.EnumValueDescriptor(\n\n../../../../../../../../opt/anaconda3/envs/testagent-experiment/lib/python3.10/site-packages/tensorflow/core/framework/types_pb2.py:201\n  /opt/anaconda3/envs/testagent-experiment/lib/python3.10/site-packages/tensorflow/core/framework/types_pb2.py:201: DeprecationWarning: Call to deprecated create function EnumValueDescriptor(). Note: Create unlinked descriptors is going to go away. Please use get/find descriptors from generated code or query the descriptor_pool.\n    _descriptor.EnumValueDescriptor(\n\n../../../../../../../../opt/anaconda3/envs/testagent-experiment/lib/python3.10/site-packages/tensorflow/core/framework/types_pb2.py:205\n  /opt/anaconda3/envs/testagent-experiment/lib/python3.10/site-packages/tensorflow/core/framework/types_pb2.py:205: DeprecationWarning: Call to deprecated create function EnumValueDescriptor(). Note: Create unlinked descriptors is going to go away. Please use get/find descriptors from generated code or query the descriptor_pool.\n    _descriptor.EnumValueDescriptor(\n\n../../../../../../../../opt/anaconda3/envs/testagent-experiment/lib/python3.10/site-packages/tensorflow/core/framework/types_pb2.py:209\n  /opt/anaconda3/envs/testagent-experiment/lib/python3.10/site-packages/tensorflow/core/framework/types_pb2.py:209: DeprecationWarning: Call to deprecated create function EnumValueDescriptor(). Note: Create unlinked descriptors is going to go away. Please use get/find descriptors from generated code or query the descriptor_pool.\n    _descriptor.EnumValueDescriptor(\n\n../../../../../../../../opt/anaconda3/envs/testagent-experiment/lib/python3.10/site-packages/tensorflow/core/framework/types_pb2.py:213\n  /opt/anaconda3/envs/testagent-experiment/lib/python3.10/site-packages/tensorflow/core/framework/types_pb2.py:213: DeprecationWarning: Call to deprecated create function EnumValueDescriptor(). Note: Create unlinked descriptors is going to go away. Please use get/find descriptors from generated code or query the descriptor_pool.\n    _descriptor.EnumValueDescriptor(\n\n../../../../../../../../opt/anaconda3/envs/testagent-experiment/lib/python3.10/site-packages/tensorflow/core/framework/types_pb2.py:217\n  /opt/anaconda3/envs/testagent-experiment/lib/python3.10/site-packages/tensorflow/core/framework/types_pb2.py:217: DeprecationWarning: Call to deprecated create function EnumValueDescriptor(). Note: Create unlinked descriptors is going to go away. Please use get/find descriptors from generated code or query the descriptor_pool.\n    _descriptor.EnumValueDescriptor(\n\n../../../../../../../../opt/anaconda3/envs/testagent-experiment/lib/python3.10/site-packages/tensorflow/core/framework/types_pb2.py:27\n  /opt/anaconda3/envs/testagent-experiment/lib/python3.10/site-packages/tensorflow/core/framework/types_pb2.py:27: DeprecationWarning: Call to deprecated create function EnumDescriptor(). Note: Create unlinked descriptors is going to go away. Please use get/find descriptors from generated code or query the descriptor_pool.\n    _DATATYPE = _descriptor.EnumDescriptor(\n\n../../../../../../../../opt/anaconda3/envs/testagent-experiment/lib/python3.10/site-packages/tensorflow/core/framework/resource_handle_pb2.py:20\n  /opt/anaconda3/envs/testagent-experiment/lib/python3.10/site-packages/tensorflow/core/framework/resource_handle_pb2.py:20: DeprecationWarning: Call to deprecated create function FileDescriptor(). Note: Create unlinked descriptors is going to go away. Please use get/find descriptors from generated code or query the descriptor_pool.\n    DESCRIPTOR = _descriptor.FileDescriptor(\n\n../../../../../../../../opt/anaconda3/envs/testagent-experiment/lib/python3.10/site-packages/tensorflow/core/framework/resource_handle_pb2.py:39\n  /opt/anaconda3/envs/testagent-experiment/lib/python3.10/site-packages/tensorflow/core/framework/resource_handle_pb2.py:39: DeprecationWarning: Call to deprecated create function FieldDescriptor(). Note: Create unlinked descriptors is going to go away. Please use get/find descriptors from generated code or query the descriptor_pool.\n    _descriptor.FieldDescriptor(\n\n../../../../../../../../opt/anaconda3/envs/testagent-experiment/lib/python3.10/site-packages/tensorflow/core/framework/resource_handle_pb2.py:46\n  /opt/anaconda3/envs/testagent-experiment/lib/python3.10/site-packages/tensorflow/core/framework/resource_handle_pb2.py:46: DeprecationWarning: Call to deprecated create function FieldDescriptor(). Note: Create unlinked descriptors is going to go away. Please use get/find descriptors from generated code or query the descriptor_pool.\n    _descriptor.FieldDescriptor(\n\n../../../../../../../../opt/anaconda3/envs/testagent-experiment/lib/python3.10/site-packages/tensorflow/core/framework/resource_handle_pb2.py:32\n  /opt/anaconda3/envs/testagent-experiment/lib/python3.10/site-packages/tensorflow/core/framework/resource_handle_pb2.py:32: DeprecationWarning: Call to deprecated create function Descriptor(). Note: Create unlinked descriptors is going to go away. Please use get/find descriptors from generated code or query the descriptor_pool.\n    _RESOURCEHANDLEPROTO_DTYPEANDSHAPE = _descriptor.Descriptor(\n\n../../../../../../../../opt/anaconda3/envs/testagent-experiment/lib/python3.10/site-packages/tensorflow/core/framework/resource_handle_pb2.py:76\n  /opt/anaconda3/envs/testagent-experiment/lib/python3.10/site-packages/tensorflow/core/framework/resource_handle_pb2.py:76: DeprecationWarning: Call to deprecated create function FieldDescriptor(). Note: Create unlinked descriptors is going to go away. Please use get/find descriptors from generated code or query the descriptor_pool.\n    _descriptor.FieldDescriptor(\n\n../../../../../../../../opt/anaconda3/envs/testagent-experiment/lib/python3.10/site-packages/tensorflow/core/framework/resource_handle_pb2.py:83\n  /opt/anaconda3/envs/testagent-experiment/lib/python3.10/site-packages/tensorflow/core/framework/resource_handle_pb2.py:83: DeprecationWarning: Call to deprecated create function FieldDescriptor(). Note: Create unlinked descriptors is going to go away. Please use get/find descriptors from generated code or query the descriptor_pool.\n    _descriptor.FieldDescriptor(\n\n../../../../../../../../opt/anaconda3/envs/testagent-experiment/lib/python3.10/site-packages/tensorflow/core/framework/resource_handle_pb2.py:90\n  /opt/anaconda3/envs/testagent-experiment/lib/python3.10/site-packages/tensorflow/core/framework/resource_handle_pb2.py:90: DeprecationWarning: Call to deprecated create function FieldDescriptor(). Note: Create unlinked descriptors is going to go away. Please use get/find descriptors from generated code or query the descriptor_pool.\n    _descriptor.FieldDescriptor(\n\n../../../../../../../../opt/anaconda3/envs/testagent-experiment/lib/python3.10/site-packages/tensorflow/core/framework/resource_handle_pb2.py:97\n  /opt/anaconda3/envs/testagent-experiment/lib/python3.10/site-packages/tensorflow/core/framework/resource_handle_pb2.py:97: DeprecationWarning: Call to deprecated create function FieldDescriptor(). Note: Create unlinked descriptors is going to go away. Please use get/find descriptors from generated code or query the descriptor_pool.\n    _descriptor.FieldDescriptor(\n\n../../../../../../../../opt/anaconda3/envs/testagent-experiment/lib/python3.10/site-packages/tensorflow/core/framework/resource_handle_pb2.py:104\n  /opt/anaconda3/envs/testagent-experiment/lib/python3.10/site-packages/tensorflow/core/framework/resource_handle_pb2.py:104: DeprecationWarning: Call to deprecated create function FieldDescriptor(). Note: Create unlinked descriptors is going to go away. Please use get/find descriptors from generated code or query the descriptor_pool.\n    _descriptor.FieldDescriptor(\n\n../../../../../../../../opt/anaconda3/envs/testagent-experiment/lib/python3.10/site-packages/tensorflow/core/framework/resource_handle_pb2.py:111\n  /opt/anaconda3/envs/testagent-experiment/lib/python3.10/site-packages/tensorflow/core/framework/resource_handle_pb2.py:111: DeprecationWarning: Call to deprecated create function FieldDescriptor(). Note: Create unlinked descriptors is going to go away. Please use get/find descriptors from generated code or query the descriptor_pool.\n    _descriptor.FieldDescriptor(\n\n../../../../../../../../opt/anaconda3/envs/testagent-experiment/lib/python3.10/site-packages/tensorflow/core/framework/resource_handle_pb2.py:69\n  /opt/anaconda3/envs/testagent-experiment/lib/python3.10/site-packages/tensorflow/core/framework/resource_handle_pb2.py:69: DeprecationWarning: Call to deprecated create function Descriptor(). Note: Create unlinked descriptors is going to go away. Please use get/find descriptors from generated code or query the descriptor_pool.\n    _RESOURCEHANDLEPROTO = _descriptor.Descriptor(\n\n../../../../../../../../opt/anaconda3/envs/testagent-experiment/lib/python3.10/site-packages/tensorflow/core/framework/tensor_pb2.py:21\n  /opt/anaconda3/envs/testagent-experiment/lib/python3.10/site-packages/tensorflow/core/framework/tensor_pb2.py:21: DeprecationWarning: Call to deprecated create function FileDescriptor(). Note: Create unlinked descriptors is going to go away. Please use get/find descriptors from generated code or query the descriptor_pool.\n    DESCRIPTOR = _descriptor.FileDescriptor(\n\n../../../../../../../../opt/anaconda3/envs/testagent-experiment/lib/python3.10/site-packages/tensorflow/core/framework/tensor_pb2.py:40\n  /opt/anaconda3/envs/testagent-experiment/lib/python3.10/site-packages/tensorflow/core/framework/tensor_pb2.py:40: DeprecationWarning: Call to deprecated create function FieldDescriptor(). Note: Create unlinked descriptors is going to go away. Please use get/find descriptors from generated code or query the descriptor_pool.\n    _descriptor.FieldDescriptor(\n\n../../../../../../../../opt/anaconda3/envs/testagent-experiment/lib/python3.10/site-packages/tensorflow/core/framework/tensor_pb2.py:47\n  /opt/anaconda3/envs/testagent-experiment/lib/python3.10/site-packages/tensorflow/core/framework/tensor_pb2.py:47: DeprecationWarning: Call to deprecated create function FieldDescriptor(). Note: Create unlinked descriptors is going to go away. Please use get/find descriptors from generated code or query the descriptor_pool.\n    _descriptor.FieldDescriptor(\n\n../../../../../../../../opt/anaconda3/envs/testagent-experiment/lib/python3.10/site-packages/tensorflow/core/framework/tensor_pb2.py:54\n  /opt/anaconda3/envs/testagent-experiment/lib/python3.10/site-packages/tensorflow/core/framework/tensor_pb2.py:54: DeprecationWarning: Call to deprecated create function FieldDescriptor(). Note: Create unlinked descriptors is going to go away. Please use get/find descriptors from generated code or query the descriptor_pool.\n    _descriptor.FieldDescriptor(\n\n../../../../../../../../opt/anaconda3/envs/testagent-experiment/lib/python3.10/site-packages/tensorflow/core/framework/tensor_pb2.py:61\n  /opt/anaconda3/envs/testagent-experiment/lib/python3.10/site-packages/tensorflow/core/framework/tensor_pb2.py:61: DeprecationWarning: Call to deprecated create function FieldDescriptor(). Note: Create unlinked descriptors is going to go away. Please use get/find descriptors from generated code or query the descriptor_pool.\n    _descriptor.FieldDescriptor(\n\n../../../../../../../../opt/anaconda3/envs/testagent-experiment/lib/python3.10/site-packages/tensorflow/core/framework/tensor_pb2.py:68\n  /opt/anaconda3/envs/testagent-experiment/lib/python3.10/site-packages/tensorflow/core/framework/tensor_pb2.py:68: DeprecationWarning: Call to deprecated create function FieldDescriptor(). Note: Create unlinked descriptors is going to go away. Please use get/find descriptors from generated code or query the descriptor_pool.\n    _descriptor.FieldDescriptor(\n\n../../../../../../../../opt/anaconda3/envs/testagent-experiment/lib/python3.10/site-packages/tensorflow/core/framework/tensor_pb2.py:75\n  /opt/anaconda3/envs/testagent-experiment/lib/python3.10/site-packages/tensorflow/core/framework/tensor_pb2.py:75: DeprecationWarning: Call to deprecated create function FieldDescriptor(). Note: Create unlinked descriptors is going to go away. Please use get/find descriptors from generated code or query the descriptor_pool.\n    _descriptor.FieldDescriptor(\n\n../../../../../../../../opt/anaconda3/envs/testagent-experiment/lib/python3.10/site-packages/tensorflow/core/framework/tensor_pb2.py:82\n  /opt/anaconda3/envs/testagent-experiment/lib/python3.10/site-packages/tensorflow/core/framework/tensor_pb2.py:82: DeprecationWarning: Call to deprecated create function FieldDescriptor(). Note: Create unlinked descriptors is going to go away. Please use get/find descriptors from generated code or query the descriptor_pool.\n    _descriptor.FieldDescriptor(\n\n../../../../../../../../opt/anaconda3/envs/testagent-experiment/lib/python3.10/site-packages/tensorflow/core/framework/tensor_pb2.py:89\n  /opt/anaconda3/envs/testagent-experiment/lib/python3.10/site-packages/tensorflow/core/framework/tensor_pb2.py:89: DeprecationWarning: Call to deprecated create function FieldDescriptor(). Note: Create unlinked descriptors is going to go away. Please use get/find descriptors from generated code or query the descriptor_pool.\n    _descriptor.FieldDescriptor(\n\n../../../../../../../../opt/anaconda3/envs/testagent-experiment/lib/python3.10/site-packages/tensorflow/core/framework/tensor_pb2.py:96\n  /opt/anaconda3/envs/testagent-experiment/lib/python3.10/site-packages/tensorflow/core/framework/tensor_pb2.py:96: DeprecationWarning: Call to deprecated create function FieldDescriptor(). Note: Create unlinked descriptors is going to go away. Please use get/find descriptors from generated code or query the descriptor_pool.\n    _descriptor.FieldDescriptor(\n\n../../../../../../../../opt/anaconda3/envs/testagent-experiment/lib/python3.10/site-packages/tensorflow/core/framework/tensor_pb2.py:103\n  /opt/anaconda3/envs/testagent-experiment/lib/python3.10/site-packages/tensorflow/core/framework/tensor_pb2.py:103: DeprecationWarning: Call to deprecated create function FieldDescriptor(). Note: Create unlinked descriptors is going to go away. Please use get/find descriptors from generated code or query the descriptor_pool.\n    _descriptor.FieldDescriptor(\n\n../../../../../../../../opt/anaconda3/envs/testagent-experiment/lib/python3.10/site-packages/tensorflow/core/framework/tensor_pb2.py:110\n  /opt/anaconda3/envs/testagent-experiment/lib/python3.10/site-packages/tensorflow/core/framework/tensor_pb2.py:110: DeprecationWarning: Call to deprecated create function FieldDescriptor(). Note: Create unlinked descriptors is going to go away. Please use get/find descriptors from generated code or query the descriptor_pool.\n    _descriptor.FieldDescriptor(\n\n../../../../../../../../opt/anaconda3/envs/testagent-experiment/lib/python3.10/site-packages/tensorflow/core/framework/tensor_pb2.py:117\n  /opt/anaconda3/envs/testagent-experiment/lib/python3.10/site-packages/tensorflow/core/framework/tensor_pb2.py:117: DeprecationWarning: Call to deprecated create function FieldDescriptor(). Note: Create unlinked descriptors is going to go away. Please use get/find descriptors from generated code or query the descriptor_pool.\n    _descriptor.FieldDescriptor(\n\n../../../../../../../../opt/anaconda3/envs/testagent-experiment/lib/python3.10/site-packages/tensorflow/core/framework/tensor_pb2.py:124\n  /opt/anaconda3/envs/testagent-experiment/lib/python3.10/site-packages/tensorflow/core/framework/tensor_pb2.py:124: DeprecationWarning: Call to deprecated create function FieldDescriptor(). Note: Create unlinked descriptors is going to go away. Please use get/find descriptors from generated code or query the descriptor_pool.\n    _descriptor.FieldDescriptor(\n\n../../../../../../../../opt/anaconda3/envs/testagent-experiment/lib/python3.10/site-packages/tensorflow/core/framework/tensor_pb2.py:131\n  /opt/anaconda3/envs/testagent-experiment/lib/python3.10/site-packages/tensorflow/core/framework/tensor_pb2.py:131: DeprecationWarning: Call to deprecated create function FieldDescriptor(). Note: Create unlinked descriptors is going to go away. Please use get/find descriptors from generated code or query the descriptor_pool.\n    _descriptor.FieldDescriptor(\n\n../../../../../../../../opt/anaconda3/envs/testagent-experiment/lib/python3.10/site-packages/tensorflow/core/framework/tensor_pb2.py:138\n  /opt/anaconda3/envs/testagent-experiment/lib/python3.10/site-packages/tensorflow/core/framework/tensor_pb2.py:138: DeprecationWarning: Call to deprecated create function FieldDescriptor(). Note: Create unlinked descriptors is going to go away. Please use get/find descriptors from generated code or query the descriptor_pool.\n    _descriptor.FieldDescriptor(\n\n../../../../../../../../opt/anaconda3/envs/testagent-experiment/lib/python3.10/site-packages/tensorflow/core/framework/tensor_pb2.py:145\n  /opt/anaconda3/envs/testagent-experiment/lib/python3.10/site-packages/tensorflow/core/framework/tensor_pb2.py:145: DeprecationWarning: Call to deprecated create function FieldDescriptor(). Note: Create unlinked descriptors is going to go away. Please use get/find descriptors from generated code or query the descriptor_pool.\n    _descriptor.FieldDescriptor(\n\n../../../../../../../../opt/anaconda3/envs/testagent-experiment/lib/python3.10/site-packages/tensorflow/core/framework/tensor_pb2.py:152\n  /opt/anaconda3/envs/testagent-experiment/lib/python3.10/site-packages/tensorflow/core/framework/tensor_pb2.py:152: DeprecationWarning: Call to deprecated create function FieldDescriptor(). Note: Create unlinked descriptors is going to go away. Please use get/find descriptors from generated code or query the descriptor_pool.\n    _descriptor.FieldDescriptor(\n\n../../../../../../../../opt/anaconda3/envs/testagent-experiment/lib/python3.10/site-packages/tensorflow/core/framework/tensor_pb2.py:33\n  /opt/anaconda3/envs/testagent-experiment/lib/python3.10/site-packages/tensorflow/core/framework/tensor_pb2.py:33: DeprecationWarning: Call to deprecated create function Descriptor(). Note: Create unlinked descriptors is going to go away. Please use get/find descriptors from generated code or query the descriptor_pool.\n    _TENSORPROTO = _descriptor.Descriptor(\n\n../../../../../../../../opt/anaconda3/envs/testagent-experiment/lib/python3.10/site-packages/tensorflow/core/framework/tensor_pb2.py:183\n  /opt/anaconda3/envs/testagent-experiment/lib/python3.10/site-packages/tensorflow/core/framework/tensor_pb2.py:183: DeprecationWarning: Call to deprecated create function FieldDescriptor(). Note: Create unlinked descriptors is going to go away. Please use get/find descriptors from generated code or query the descriptor_pool.\n    _descriptor.FieldDescriptor(\n\n../../../../../../../../opt/anaconda3/envs/testagent-experiment/lib/python3.10/site-packages/tensorflow/core/framework/tensor_pb2.py:190\n  /opt/anaconda3/envs/testagent-experiment/lib/python3.10/site-packages/tensorflow/core/framework/tensor_pb2.py:190: DeprecationWarning: Call to deprecated create function FieldDescriptor(). Note: Create unlinked descriptors is going to go away. Please use get/find descriptors from generated code or query the descriptor_pool.\n    _descriptor.FieldDescriptor(\n\n../../../../../../../../opt/anaconda3/envs/testagent-experiment/lib/python3.10/site-packages/tensorflow/core/framework/tensor_pb2.py:197\n  /opt/anaconda3/envs/testagent-experiment/lib/python3.10/site-packages/tensorflow/core/framework/tensor_pb2.py:197: DeprecationWarning: Call to deprecated create function FieldDescriptor(). Note: Create unlinked descriptors is going to go away. Please use get/find descriptors from generated code or query the descriptor_pool.\n    _descriptor.FieldDescriptor(\n\n../../../../../../../../opt/anaconda3/envs/testagent-experiment/lib/python3.10/site-packages/tensorflow/core/framework/tensor_pb2.py:176\n  /opt/anaconda3/envs/testagent-experiment/lib/python3.10/site-packages/tensorflow/core/framework/tensor_pb2.py:176: DeprecationWarning: Call to deprecated create function Descriptor(). Note: Create unlinked descriptors is going to go away. Please use get/find descriptors from generated code or query the descriptor_pool.\n    _VARIANTTENSORDATAPROTO = _descriptor.Descriptor(\n\n../../../../../../../../opt/anaconda3/envs/testagent-experiment/lib/python3.10/site-packages/tensorflow/core/framework/attr_value_pb2.py:21\n  /opt/anaconda3/envs/testagent-experiment/lib/python3.10/site-packages/tensorflow/core/framework/attr_value_pb2.py:21: DeprecationWarning: Call to deprecated create function FileDescriptor(). Note: Create unlinked descriptors is going to go away. Please use get/find descriptors from generated code or query the descriptor_pool.\n    DESCRIPTOR = _descriptor.FileDescriptor(\n\n../../../../../../../../opt/anaconda3/envs/testagent-experiment/lib/python3.10/site-packages/tensorflow/core/framework/attr_value_pb2.py:40\n  /opt/anaconda3/envs/testagent-experiment/lib/python3.10/site-packages/tensorflow/core/framework/attr_value_pb2.py:40: DeprecationWarning: Call to deprecated create function FieldDescriptor(). Note: Create unlinked descriptors is going to go away. Please use get/find descriptors from generated code or query the descriptor_pool.\n    _descriptor.FieldDescriptor(\n\n../../../../../../../../opt/anaconda3/envs/testagent-experiment/lib/python3.10/site-packages/tensorflow/core/framework/attr_value_pb2.py:47\n  /opt/anaconda3/envs/testagent-experiment/lib/python3.10/site-packages/tensorflow/core/framework/attr_value_pb2.py:47: DeprecationWarning: Call to deprecated create function FieldDescriptor(). Note: Create unlinked descriptors is going to go away. Please use get/find descriptors from generated code or query the descriptor_pool.\n    _descriptor.FieldDescriptor(\n\n../../../../../../../../opt/anaconda3/envs/testagent-experiment/lib/python3.10/site-packages/tensorflow/core/framework/attr_value_pb2.py:54\n  /opt/anaconda3/envs/testagent-experiment/lib/python3.10/site-packages/tensorflow/core/framework/attr_value_pb2.py:54: DeprecationWarning: Call to deprecated create function FieldDescriptor(). Note: Create unlinked descriptors is going to go away. Please use get/find descriptors from generated code or query the descriptor_pool.\n    _descriptor.FieldDescriptor(\n\n../../../../../../../../opt/anaconda3/envs/testagent-experiment/lib/python3.10/site-packages/tensorflow/core/framework/attr_value_pb2.py:61\n  /opt/anaconda3/envs/testagent-experiment/lib/python3.10/site-packages/tensorflow/core/framework/attr_value_pb2.py:61: DeprecationWarning: Call to deprecated create function FieldDescriptor(). Note: Create unlinked descriptors is going to go away. Please use get/find descriptors from generated code or query the descriptor_pool.\n    _descriptor.FieldDescriptor(\n\n../../../../../../../../opt/anaconda3/envs/testagent-experiment/lib/python3.10/site-packages/tensorflow/core/framework/attr_value_pb2.py:68\n  /opt/anaconda3/envs/testagent-experiment/lib/python3.10/site-packages/tensorflow/core/framework/attr_value_pb2.py:68: DeprecationWarning: Call to deprecated create function FieldDescriptor(). Note: Create unlinked descriptors is going to go away. Please use get/find descriptors from generated code or query the descriptor_pool.\n    _descriptor.FieldDescriptor(\n\n../../../../../../../../opt/anaconda3/envs/testagent-experiment/lib/python3.10/site-packages/tensorflow/core/framework/attr_value_pb2.py:75\n  /opt/anaconda3/envs/testagent-experiment/lib/python3.10/site-packages/tensorflow/core/framework/attr_value_pb2.py:75: DeprecationWarning: Call to deprecated create function FieldDescriptor(). Note: Create unlinked descriptors is going to go away. Please use get/find descriptors from generated code or query the descriptor_pool.\n    _descriptor.FieldDescriptor(\n\n../../../../../../../../opt/anaconda3/envs/testagent-experiment/lib/python3.10/site-packages/tensorflow/core/framework/attr_value_pb2.py:82\n  /opt/anaconda3/envs/testagent-experiment/lib/python3.10/site-packages/tensorflow/core/framework/attr_value_pb2.py:82: DeprecationWarning: Call to deprecated create function FieldDescriptor(). Note: Create unlinked descriptors is going to go away. Please use get/find descriptors from generated code or query the descriptor_pool.\n    _descriptor.FieldDescriptor(\n\n../../../../../../../../opt/anaconda3/envs/testagent-experiment/lib/python3.10/site-packages/tensorflow/core/framework/attr_value_pb2.py:89\n  /opt/anaconda3/envs/testagent-experiment/lib/python3.10/site-packages/tensorflow/core/framework/attr_value_pb2.py:89: DeprecationWarning: Call to deprecated create function FieldDescriptor(). Note: Create unlinked descriptors is going to go away. Please use get/find descriptors from generated code or query the descriptor_pool.\n    _descriptor.FieldDescriptor(\n\n../../../../../../../../opt/anaconda3/envs/testagent-experiment/lib/python3.10/site-packages/tensorflow/core/framework/attr_value_pb2.py:33\n  /opt/anaconda3/envs/testagent-experiment/lib/python3.10/site-packages/tensorflow/core/framework/attr_value_pb2.py:33: DeprecationWarning: Call to deprecated create function Descriptor(). Note: Create unlinked descriptors is going to go away. Please use get/find descriptors from generated code or query the descriptor_pool.\n    _ATTRVALUE_LISTVALUE = _descriptor.Descriptor(\n\n../../../../../../../../opt/anaconda3/envs/testagent-experiment/lib/python3.10/site-packages/tensorflow/python/framework/dtypes.py:205\n  /opt/anaconda3/envs/testagent-experiment/lib/python3.10/site-packages/tensorflow/python/framework/dtypes.py:205: DeprecationWarning: `np.bool8` is a deprecated alias for `np.bool_`.  (Deprecated NumPy 1.24)\n    np.bool8: (False, True),\n\n../../../../../../../../opt/anaconda3/envs/testagent-experiment/lib/python3.10/site-packages/flatbuffers/compat.py:19\n  /opt/anaconda3/envs/testagent-experiment/lib/python3.10/site-packages/flatbuffers/compat.py:19: DeprecationWarning: the imp module is deprecated in favour of importlib and slated for removal in Python 3.12; see the module's documentation for alternative uses\n    import imp\n\n../../../../../../../../opt/anaconda3/envs/testagent-experiment/lib/python3.10/site-packages/tensorboard/compat/tensorflow_stub/dtypes.py:326\n  /opt/anaconda3/envs/testagent-experiment/lib/python3.10/site-packages/tensorboard/compat/tensorflow_stub/dtypes.py:326: DeprecationWarning: `np.bool8` is a deprecated alias for `np.bool_`.  (Deprecated NumPy 1.24)\n    np.bool8: (False, True),\n\n-- Docs: https://docs.pytest.org/en/stable/how-to/capture-warnings.html\n================================ tests coverage ================================\n______________ coverage: platform darwin, python 3.10.19-final-0 _______________\n\nName                                                                Stmts   Miss Branch BrPart  Cover   Missing\n---------------------------------------------------------------------------------------------------------------\ntests/test_tensorflow_python_ops_parallel_for_control_flow_ops.py     262     86    114     19    62%   25, 40, 47, 52, 61-66, 77, 82, 87, 118, 168, 175->exit, 181->exit, 241-242, 278->284, 397-398, 458, 482, 494-500, 506-507, 535-611, 644-648, 658-746, 756\n---------------------------------------------------------------------------------------------------------------\nTOTAL                                                                 262     86    114     19    62%\nCoverage XML written to file coverage.xml\n=========================== short test summary info ============================\nFAILED tests/test_tensorflow_python_ops_parallel_for_control_flow_ops.py::test_composite_tensor_support[3-dtype0-shape0-SparseTensor-composite_tensor]\nFAILED tests/test_tensorflow_python_ops_parallel_for_control_flow_ops.py::test_composite_tensor_support[2-dtype1-shape1-IndexedSlices-indexed_slices]\nFAILED tests/test_tensorflow_python_ops_parallel_for_control_flow_ops.py::test_fallback_to_while_loop_mechanism[6-dtype0-shape0-True-2-fallback_mechanism]\n3 failed, 7 passed, 103 warnings in 2.29s\n\nError: exit 1",
    "exit_code.txt": "1",
    "analysis_plan.json": "{\n  \"status\": \"未完全通过\",\n  \"passed\": 7,\n  \"failed\": 3,\n  \"errors\": 0,\n  \"collection_errors\": false,\n  \"block_limit\": 3,\n  \"failures\": [\n    {\n      \"test\": \"test_composite_tensor_support[3-dtype0-shape0-SparseTensor-composite_tensor]\",\n      \"block_id\": \"CASE_04\",\n      \"error_type\": \"TypeError\",\n      \"action\": \"rewrite_block\",\n      \"note\": \"SparseTensor无法转换为Tensor，需要调整CompositeTensor处理逻辑\"\n    },\n    {\n      \"test\": \"test_composite_tensor_support[2-dtype1-shape1-IndexedSlices-indexed_slices]\",\n      \"block_id\": \"CASE_04\",\n      \"error_type\": \"AttributeError\",\n      \"action\": \"rewrite_block\",\n      \"note\": \"IndexedSlices处理函数接收list而非tensor，需要修复参数传递\"\n    }\n  ],\n  \"deferred\": [\n    {\n      \"test\": \"test_fallback_to_while_loop_mechanism[6-dtype0-shape0-True-2-fallback_mechanism]\",\n      \"reason\": \"错误类型重复（mock路径问题），跳过该块\"\n    }\n  ],\n  \"stop_recommended\": false,\n  \"stop_reason\": \"\"\n}",
    "analysis.md": "# 测试结果分析\n\n## 状态与统计\n- **状态**: 未完全通过\n- **通过**: 7个测试\n- **失败**: 3个测试\n- **错误**: 0个\n- **集合错误**: 无\n\n## 待修复BLOCK列表（≤3）\n\n### 1. CASE_04 - CompositeTensor支持\n- **测试**: test_composite_tensor_support[3-dtype0-shape0-SparseTensor-composite_tensor]\n- **错误类型**: TypeError\n- **操作**: rewrite_block\n- **原因**: SparseTensor无法转换为Tensor，需要调整CompositeTensor处理逻辑\n\n### 2. CASE_04 - CompositeTensor支持\n- **测试**: test_composite_tensor_support[2-dtype1-shape1-IndexedSlices-indexed_slices]\n- **错误类型**: AttributeError\n- **操作**: rewrite_block\n- **原因**: IndexedSlices处理函数接收list而非tensor，需要修复参数传递\n\n## 延迟处理\n- test_fallback_to_while_loop_mechanism[6-dtype0-shape0-True-2-fallback_mechanism] - 错误类型重复（mock路径问题），跳过该块\n\n## 停止建议\n- **stop_recommended**: false\n- **stop_reason**: 无"
  },
  "stage_history": [
    {
      "stage": "understand_function",
      "status": "completed",
      "timestamp": "2026-01-25T04:01:25.032323",
      "attempts": 1,
      "error": null
    },
    {
      "stage": "generate_requirements",
      "status": "completed",
      "timestamp": "2026-01-25T04:02:07.655369",
      "attempts": 1,
      "error": null
    },
    {
      "stage": "design_test_plan",
      "status": "completed",
      "timestamp": "2026-01-25T04:03:39.781161",
      "attempts": 1,
      "error": null
    },
    {
      "stage": "generate_code",
      "status": "completed",
      "timestamp": "2026-01-25T04:07:47.077886",
      "attempts": 1,
      "error": null
    },
    {
      "stage": "execute_tests",
      "status": "completed",
      "timestamp": "2026-01-25T04:07:49.913046",
      "attempts": 1,
      "error": null
    },
    {
      "stage": "analyze_results",
      "status": "completed",
      "timestamp": "2026-01-25T04:09:06.460675",
      "attempts": 1,
      "error": null
    },
    {
      "stage": "generate_code",
      "status": "completed",
      "timestamp": "2026-01-25T04:13:18.344573",
      "attempts": 2,
      "error": null
    },
    {
      "stage": "execute_tests",
      "status": "completed",
      "timestamp": "2026-01-25T04:13:21.201171",
      "attempts": 2,
      "error": null
    },
    {
      "stage": "analyze_results",
      "status": "completed",
      "timestamp": "2026-01-25T04:14:22.544340",
      "attempts": 2,
      "error": null
    },
    {
      "stage": "generate_code",
      "status": "failed",
      "timestamp": "2026-01-25T06:02:59.403135",
      "attempts": 3,
      "error": "LLM call failed: LLM API error: Request timed out."
    }
  ],
  "user_feedback": []
}