=== Run Tests ===
F                                                                        [100%]
================================== FAILURES ===================================
___________________________ test_trace_basic_output ___________________________

mock_stdout = <MagicMock name='stdout' id='2605640013568'>

    def test_trace_basic_output(mock_stdout):
        """CASE_04: trace函数基本输出"""
        # Test basic trace output
        test_args = ["test_arg"]
    
        # Call trace function
        ag_logging.trace(*test_args)
    
        # Verify print was called with correct arguments
>       mock_stdout.write.assert_called()

tests\test_tensorflow_python_autograph_utils_ag_logging_g3.py:57: 
_ _ _ _ _ _ _ _ _ _ _ _ _ _ _ _ _ _ _ _ _ _ _ _ _ _ _ _ _ _ _ _ _ _ _ _ _ _ _ _

self = <MagicMock name='stdout.write' id='2605640012560'>

    def assert_called(self):
        """assert that the mock was called at least once
        """
        if self.call_count == 0:
            msg = ("Expected '%s' to have been called." %
                   (self._mock_name or 'mock'))
>           raise AssertionError(msg)
E           AssertionError: Expected 'write' to have been called.

D:\Coding\Anaconda\envs\testagent-experiment\lib\unittest\mock.py:876: AssertionError
---------------------------- Captured stdout call -----------------------------
test_arg

---------- coverage: platform win32, python 3.9.25-final-0 -----------
Name                                                            Stmts   Miss Branch BrPart  Cover   Missing
-----------------------------------------------------------------------------------------------------------
tests\test_tensorflow_python_autograph_utils_ag_logging_g3.py      41     16      0      0    61%   43-44, 60-79
-----------------------------------------------------------------------------------------------------------
TOTAL                                                              41     16      0      0    61%
Coverage XML written to file coverage.xml

=========================== short test summary info ===========================
FAILED tests\test_tensorflow_python_autograph_utils_ag_logging_g3.py::test_trace_basic_output
1 failed in 1.57s

Error: exit 1